1664818157.332995 -- INFO: Iteration 1 Starts ...
1664818157.334285 -- INFO: Changing concurrency to 11 ******
1664818157.338680 -- INFO: Start Process :: 0
1664818157.338831 -- INFO: Start Process :: 1
1664818157.339706 -- INFO: Start Process :: 2
1664818157.340630 -- INFO: Start Process :: 3
1664818157.341741 -- INFO: Start Process :: 4
1664818157.342600 -- INFO: Process Status Bits from change concurrency are: 1 1 1 1 1 1 1 1 1 1 1 0 0 0 0 0 0 0 0 0 0 0 0 0 0 0 0 0 0 0 0 0
1664818157.342496 -- INFO: Start Process :: 5
1664818157.343180 -- INFO: Start Process :: 8
1664818157.343189 -- INFO: Start Process :: 6
1664818157.343860 -- INFO: Start Process :: 7
1664818157.344105 -- INFO: Start Process :: 9
1664818157.344253 -- INFO: Start Process :: 10
1664818157.347662 -- INFO: Active CC: 11
1664818157.378546 -- INFO: Process 0 get item 0 from queue and executing
1664818157.378694 -- INFO: Process 1 get item 1 from queue and executing
1664818157.378934 -- INFO: starting 0, 0, /users/jamilm/files_to_Send/FILE2
1664818157.379086 -- INFO: starting 1, 1, /users/jamilm/files_to_Send/FILE1
1664818157.379770 -- INFO: Process 2 get item 2 from queue and executing
1664818157.380366 -- INFO: Process 3 get item 3 from queue and executing
1664818157.380537 -- INFO: starting 2, 2, /users/jamilm/files_to_Send/FILE0
1664818157.380748 -- INFO: starting 3, 3, /users/jamilm/files_to_Send/FILE3
1664818157.381391 -- INFO: Process 4 get item 4 from queue and executing
1664818157.381824 -- INFO: starting 4, 4, /users/jamilm/files_to_Send/FILE2
1664818157.381985 -- INFO: Process 5 get item 5 from queue and executing
1664818157.382349 -- INFO: starting 5, 5, /users/jamilm/files_to_Send/FILE1
1664818157.382915 -- INFO: Process 8 get item 6 from queue and executing
1664818157.383152 -- INFO: Process 6 get item 7 from queue and executing
1664818157.383342 -- INFO: starting 8, 6, /users/jamilm/files_to_Send/FILE0
1664818157.383562 -- INFO: starting 6, 7, /users/jamilm/files_to_Send/FILE3
1664818157.383959 -- INFO: Process 7 get item 8 from queue and executing
1664818157.384093 -- INFO: Process 9 get item 9 from queue and executing
1664818157.384312 -- INFO: Process 10 get item 10 from queue and executing
1664818157.384425 -- INFO: starting 7, 8, /users/jamilm/files_to_Send/FILE2
1664818157.384643 -- INFO: starting 9, 9, /users/jamilm/files_to_Send/FILE1
1664818157.384998 -- INFO: starting 10, 10, /users/jamilm/files_to_Send/FILE0
1664818157.392653 -- INFO: Throughput @0.1s:0.0Mbps, rtt :38.51ms cwnd: 10.0 lossRate: 0.0 CC:11 score:-0.0 
1664818158.389561 -- INFO: Throughput @1.1s:822.08Mbps, rtt :41.46ms cwnd: 373.6 lossRate: 0.0 CC:11 score:-661.0 
1664818159.390445 -- INFO: Throughput @2.1s:939.52Mbps, rtt :41.71ms cwnd: 391.7 lossRate: 0.0 CC:11 score:-756.0 
1664818160.392616 -- INFO: Throughput @3.1s:939.52Mbps, rtt :41.53ms cwnd: 391.7 lossRate: 0.0 CC:11 score:-756.0 
1664818160.550276 -- INFO: Iteration 1 Ends, Took 3.22 Seconds. Best Params: [11] and Score: -724.3333333333334.
1664818160.550742 -- INFO: Iteration 2 Starts ...
1664818160.551229 -- INFO: Changing concurrency to 29 ******
1664818160.553442 -- INFO: Process Status Bits from change concurrency are: 1 1 1 1 1 1 1 1 1 1 1 1 1 1 1 1 1 1 1 1 1 1 1 1 1 1 1 1 1 0 0 0
1664818160.553944 -- INFO: Active CC: 29
1664818160.555994 -- INFO: Start Process :: 11
1664818160.556844 -- INFO: Start Process :: 12
1664818160.557384 -- INFO: Start Process :: 15
1664818160.559676 -- INFO: Start Process :: 13
1664818160.560248 -- INFO: Start Process :: 16
1664818160.561980 -- INFO: Start Process :: 14
1664818160.562338 -- INFO: Start Process :: 19
1664818160.563892 -- INFO: Start Process :: 17
1664818160.565657 -- INFO: Start Process :: 20
1664818160.566054 -- INFO: Start Process :: 22
1664818160.566054 -- INFO: Start Process :: 18
1664818160.566750 -- INFO: Start Process :: 21
1664818160.568282 -- INFO: Start Process :: 24
1664818160.569153 -- INFO: Start Process :: 26
1664818160.570180 -- INFO: Start Process :: 25
1664818160.570542 -- INFO: Start Process :: 27
1664818160.570541 -- INFO: Start Process :: 23
1664818160.570678 -- INFO: Start Process :: 28
1664818160.597625 -- INFO: Process 11 get item 11 from queue and executing
1664818160.597995 -- INFO: starting 11, 11, /users/jamilm/files_to_Send/FILE3
1664818160.599061 -- INFO: Process 12 get item 12 from queue and executing
1664818160.599421 -- INFO: starting 12, 12, /users/jamilm/files_to_Send/FILE2
1664818160.599512 -- INFO: Process 15 get item 13 from queue and executing
1664818160.599794 -- INFO: starting 15, 13, /users/jamilm/files_to_Send/FILE1
1664818160.601650 -- INFO: Process 16 get item 14 from queue and executing
1664818160.602042 -- INFO: starting 16, 14, /users/jamilm/files_to_Send/FILE0
1664818160.602209 -- INFO: Process 13 get item 15 from queue and executing
1664818160.602689 -- INFO: starting 13, 15, /users/jamilm/files_to_Send/FILE3
1664818160.604348 -- INFO: Process 19 get item 16 from queue and executing
1664818160.604716 -- INFO: starting 19, 16, /users/jamilm/files_to_Send/FILE2
1664818160.604713 -- INFO: Process 14 get item 17 from queue and executing
1664818160.605066 -- INFO: starting 14, 17, /users/jamilm/files_to_Send/FILE1
1664818160.606950 -- INFO: Process 17 get item 18 from queue and executing
1664818160.607307 -- INFO: starting 17, 18, /users/jamilm/files_to_Send/FILE0
1664818160.609015 -- INFO: Process 18 get item 19 from queue and executing
1664818160.609171 -- INFO: Process 22 get item 20 from queue and executing
1664818160.609455 -- INFO: starting 22, 20, /users/jamilm/files_to_Send/FILE2
1664818160.609488 -- INFO: Process 21 get item 21 from queue and executing
1664818160.609530 -- INFO: starting 18, 19, /users/jamilm/files_to_Send/FILE3
1664818160.609576 -- INFO: Process 20 get item 22 from queue and executing
1664818160.609890 -- INFO: starting 21, 21, /users/jamilm/files_to_Send/FILE1
1664818160.610005 -- INFO: starting 20, 22, /users/jamilm/files_to_Send/FILE0
1664818160.611675 -- INFO: Process 26 get item 23 from queue and executing
1664818160.611901 -- INFO: Process 25 get item 24 from queue and executing
1664818160.611997 -- INFO: starting 26, 23, /users/jamilm/files_to_Send/FILE3
1664818160.612008 -- INFO: Process 24 get item 25 from queue and executing
1664818160.612264 -- INFO: starting 25, 24, /users/jamilm/files_to_Send/FILE2
1664818160.612419 -- INFO: starting 24, 25, /users/jamilm/files_to_Send/FILE1
1664818160.612674 -- INFO: Process 27 get item 26 from queue and executing
1664818160.613030 -- INFO: starting 27, 26, /users/jamilm/files_to_Send/FILE0
1664818160.613024 -- INFO: Process 28 get item 27 from queue and executing
1664818160.613375 -- INFO: starting 28, 27, /users/jamilm/files_to_Send/FILE3
1664818160.614536 -- INFO: Process 23 get item 28 from queue and executing
1664818160.614907 -- INFO: starting 23, 28, /users/jamilm/files_to_Send/FILE2
1664818161.391942 -- INFO: Throughput @4.1s:964.69Mbps, rtt :43.51ms cwnd: 232.6 lossRate: 0.0 CC:29 score:-543.0 
1664818162.392443 -- INFO: Throughput @5.1s:947.91Mbps, rtt :43.47ms cwnd: 232.6 lossRate: 0.0 CC:29 score:-534.0 
1664818163.394728 -- INFO: Throughput @6.1s:973.08Mbps, rtt :43.49ms cwnd: 232.6 lossRate: 0.0 CC:29 score:-548.0 
1664818163.755683 -- INFO: Iteration 2 Ends, Took 3.2 Seconds. Best Params: [11] and Score: -724.3333333333334.
1664818163.755907 -- INFO: Iteration 3 Starts ...
1664818163.756545 -- INFO: Changing concurrency to 24 ******
1664818163.756905 -- INFO: Process Status Bits from change concurrency are: 1 1 1 1 1 1 1 1 1 1 1 1 1 1 1 1 1 1 1 1 1 1 1 1 0 0 0 0 0 0 0 0
1664818163.757236 -- INFO: Active CC: 24
1664818164.394849 -- INFO: Throughput @7.1s:939.52Mbps, rtt :43.32ms cwnd: 245.9 lossRate: 0.0 CC:24 score:-584.0 
1664818165.394937 -- INFO: Throughput @8.1s:939.52Mbps, rtt :43.12ms cwnd: 260.8 lossRate: 0.0 CC:24 score:-584.0 
1664818166.396971 -- INFO: Throughput @9.1s:939.52Mbps, rtt :43.13ms cwnd: 260.8 lossRate: 0.0 CC:24 score:-584.0 
1664818167.344955 -- INFO: Iteration 3 Ends, Took 3.59 Seconds. Best Params: [11] and Score: -724.3333333333334.
1664818167.345076 -- INFO: Iteration 4 Starts ...
1664818167.345671 -- INFO: Changing concurrency to 11 ******
1664818167.346600 -- INFO: Process Status Bits from change concurrency are: 1 1 1 1 1 1 1 1 1 1 1 0 0 0 0 0 0 0 0 0 0 0 0 0 0 0 0 0 0 0 0 0
1664818167.347516 -- INFO: Active CC: 11
1664818167.396270 -- INFO: Throughput @10.1s:931.14Mbps, rtt :43.19ms cwnd: 260.8 lossRate: 0.0 CC:11 score:-749.0 
1664818168.402745 -- INFO: Throughput @11.1s:905.97Mbps, rtt :41.67ms cwnd: 391.7 lossRate: 0 CC:11 score:-729.0 
1664818169.405229 -- INFO: Throughput @12.1s:931.14Mbps, rtt :41.61ms cwnd: 391.7 lossRate: 0.0 CC:11 score:-749.0 
1664818170.404059 -- INFO: Throughput @13.1s:939.52Mbps, rtt :41.71ms cwnd: 391.7 lossRate: 0.0 CC:11 score:-756.0 
1664818170.780344 -- INFO: Iteration 4 Ends, Took 3.44 Seconds. Best Params: [11] and Score: -744.6666666666666.
1664818170.780653 -- INFO: Iteration 5 Starts ...
1664818170.780963 -- INFO: Changing concurrency to 7 ******
1664818170.786717 -- INFO: Process Status Bits from change concurrency are: 1 1 1 1 1 1 1 0 0 0 0 0 0 0 0 0 0 0 0 0 0 0 0 0 0 0 0 0 0 0 0 0
1664818170.792506 -- INFO: Active CC: 7
1664818171.406263 -- INFO: Throughput @14.1s:931.14Mbps, rtt :41.74ms cwnd: 590.1 lossRate: 0 CC:7 score:-811.0 
1664818172.407488 -- INFO: Throughput @15.1s:931.14Mbps, rtt :41.65ms cwnd: 590.1 lossRate: 0.0 CC:7 score:-811.0 
1664818173.408844 -- INFO: Throughput @16.1s:931.14Mbps, rtt :41.98ms cwnd: 590.1 lossRate: 0.0 CC:7 score:-811.0 
1664818174.118707 -- INFO: Iteration 5 Ends, Took 3.34 Seconds. Best Params: [7] and Score: -811.0.
1664818174.118954 -- INFO: Iteration 6 Starts ...
1664818174.119277 -- INFO: Changing concurrency to 1 ******
1664818174.125582 -- INFO: Process Status Bits from change concurrency are: 1 0 0 0 0 0 0 0 0 0 0 0 0 0 0 0 0 0 0 0 0 0 0 0 0 0 0 0 0 0 0 0
1664818174.133771 -- INFO: Active CC: 1
1664818174.413562 -- INFO: Throughput @17.1s:830.47Mbps, rtt :39.07ms cwnd: 2020.0 lossRate: 0 CC:1 score:-814.0 
1664818175.410733 -- INFO: Throughput @18.1s:578.81Mbps, rtt :39.99ms cwnd: 2173.0 lossRate: 0.0 CC:1 score:-567.0 
1664818176.427400 -- INFO: Throughput @19.1s:595.59Mbps, rtt :39.78ms cwnd: 2173.0 lossRate: 0.0 CC:1 score:-584.0 
1664818177.390464 -- INFO: episode expires
1664818177.390780 -- INFO: Process 8 shutdown itself from outest loop
1664818177.391018 -- INFO: Process 15 shutdown itself from outest loop
1664818177.391241 -- INFO: Process 17 shutdown itself from outest loop
1664818177.391266 -- INFO: Process Status Bits are: 1 0 0 0 0 0 0 0 0 0 0 0 0 0 0 0 0 0 0 0 0 0 0 0 0 0 0 0 0 0 0 0
1664818177.392098 -- INFO: Process 22 shutdown itself from outest loop
1664818177.392235 -- INFO: Process Status Bits are: 1 0 0 0 0 0 0 0 0 0 0 0 0 0 0 0 0 0 0 0 0 0 0 0 0 0 0 0 0 0 0 0
1664818177.391299 -- INFO: Process 11 shutdown itself from outest loop
1664818177.391364 -- INFO: Process 26 shutdown itself from outest loop
1664818177.391522 -- INFO: Process 21 shutdown itself from outest loop
1664818177.391673 -- INFO: Process 7 shutdown itself from outest loop
1664818177.391766 -- INFO: Process Status Bits are: 1 0 0 0 0 0 0 0 0 0 0 0 0 0 0 0 0 0 0 0 0 0 0 0 0 0 0 0 0 0 0 0
1664818177.391634 -- INFO: Process 20 shutdown itself from outest loop
1664818177.391724 -- INFO: Process 14 shutdown itself from outest loop
1664818177.392177 -- INFO: Process 16 shutdown itself from outest loop
1664818177.392493 -- INFO: Process Status Bits are: 1 0 0 0 0 0 0 0 0 0 0 0 0 0 0 0 0 0 0 0 0 0 0 0 0 0 0 0 0 0 0 0
1664818177.394120 -- INFO: Process 30 shutdown itself from outest loop
1664818177.392503 -- INFO: Process 1 shutdown itself from outest loop
1664818177.395374 -- INFO: Process Status Bits are: 1 0 0 0 0 0 0 0 0 0 0 0 0 0 0 0 0 0 0 0 0 0 0 0 0 0 0 0 0 0 0 0
1664818177.395418 -- INFO: Process Status Bits are: 1 0 0 0 0 0 0 0 0 0 0 0 0 0 0 0 0 0 0 0 0 0 0 0 0 0 0 0 0 0 0 0
1664818177.395457 -- INFO: Process Status Bits are: 1 0 0 0 0 0 0 0 0 0 0 0 0 0 0 0 0 0 0 0 0 0 0 0 0 0 0 0 0 0 0 0
1664818177.395438 -- INFO: Process Status Bits are: 1 0 0 0 0 0 0 0 0 0 0 0 0 0 0 0 0 0 0 0 0 0 0 0 0 0 0 0 0 0 0 0
1664818177.395541 -- INFO: Process Status Bits are: 1 0 0 0 0 0 0 0 0 0 0 0 0 0 0 0 0 0 0 0 0 0 0 0 0 0 0 0 0 0 0 0
1664818177.395524 -- INFO: Process Status Bits are: 1 0 0 0 0 0 0 0 0 0 0 0 0 0 0 0 0 0 0 0 0 0 0 0 0 0 0 0 0 0 0 0
1664818177.395581 -- INFO: Process Status Bits are: 1 0 0 0 0 0 0 0 0 0 0 0 0 0 0 0 0 0 0 0 0 0 0 0 0 0 0 0 0 0 0 0
1664818177.395607 -- INFO: Process Status Bits are: 1 0 0 0 0 0 0 0 0 0 0 0 0 0 0 0 0 0 0 0 0 0 0 0 0 0 0 0 0 0 0 0
1664818177.392534 -- INFO: Process 4 shutdown itself from outest loop
1664818177.391513 -- INFO: Process 24 shutdown itself from outest loop
1664818177.391617 -- INFO: Process 18 shutdown itself from outest loop
1664818177.391838 -- INFO: Process 13 shutdown itself from outest loop
1664818177.392856 -- INFO: Process 6 shutdown itself from outest loop
1664818177.395973 -- INFO: Process Status Bits are: 1 0 0 0 0 0 0 0 0 0 0 0 0 0 0 0 0 0 0 0 0 0 0 0 0 0 0 0 0 0 0 0
1664818177.392920 -- INFO: Process 10 shutdown itself from outest loop
1664818177.396371 -- INFO: Process Status Bits are: 1 0 0 0 0 0 0 0 0 0 0 0 0 0 0 0 0 0 0 0 0 0 0 0 0 0 0 0 0 0 0 0
1664818177.396454 -- INFO: Process Status Bits are: 1 0 0 0 0 0 0 0 0 0 0 0 0 0 0 0 0 0 0 0 0 0 0 0 0 0 0 0 0 0 0 0
1664818177.396441 -- INFO: Process Status Bits are: 1 0 0 0 0 0 0 0 0 0 0 0 0 0 0 0 0 0 0 0 0 0 0 0 0 0 0 0 0 0 0 0
1664818177.396596 -- INFO: Process Status Bits are: 1 0 0 0 0 0 0 0 0 0 0 0 0 0 0 0 0 0 0 0 0 0 0 0 0 0 0 0 0 0 0 0
1664818177.396626 -- INFO: Process Status Bits are: 1 0 0 0 0 0 0 0 0 0 0 0 0 0 0 0 0 0 0 0 0 0 0 0 0 0 0 0 0 0 0 0
1664818177.396772 -- INFO: Process Status Bits are: 1 0 0 0 0 0 0 0 0 0 0 0 0 0 0 0 0 0 0 0 0 0 0 0 0 0 0 0 0 0 0 0
1664818177.392973 -- INFO: Process 5 shutdown itself from outest loop
1664818177.391671 -- INFO: Process 12 shutdown itself from outest loop
1664818177.392059 -- INFO: Process 31 shutdown itself from outest loop
1664818177.392131 -- INFO: Process 28 shutdown itself from outest loop
1664818177.392323 -- INFO: Process 25 shutdown itself from outest loop
1664818177.392907 -- INFO: Process 27 shutdown itself from outest loop
1664818177.392929 -- INFO: Process 29 shutdown itself from outest loop
1664818177.393282 -- INFO: Process 23 shutdown itself from outest loop
1664818177.394566 -- INFO: Process 9 shutdown itself from outest loop
1664818177.394658 -- INFO: Process 2 shutdown itself from outest loop
1664818177.398694 -- INFO: Process Status Bits are: 1 0 0 0 0 0 0 0 0 0 0 0 0 0 0 0 0 0 0 0 0 0 0 0 0 0 0 0 0 0 0 0
1664818177.398824 -- INFO: Process Status Bits are: 1 0 0 0 0 0 0 0 0 0 0 0 0 0 0 0 0 0 0 0 0 0 0 0 0 0 0 0 0 0 0 0
1664818177.394684 -- INFO: Process 3 shutdown itself from outest loop
1664818177.393822 -- INFO: Process 19 shutdown itself from outest loop
1664818177.398896 -- INFO: Process Status Bits are: 1 0 0 0 0 0 0 0 0 0 0 0 0 0 0 0 0 0 0 0 0 0 0 0 0 0 0 0 0 0 0 0
1664818177.398865 -- INFO: Process Status Bits are: 1 0 0 0 0 0 0 0 0 0 0 0 0 0 0 0 0 0 0 0 0 0 0 0 0 0 0 0 0 0 0 0
1664818177.398971 -- INFO: Process Status Bits are: 1 0 0 0 0 0 0 0 0 0 0 0 0 0 0 0 0 0 0 0 0 0 0 0 0 0 0 0 0 0 0 0
1664818177.398911 -- INFO: Process Status Bits are: 1 0 0 0 0 0 0 0 0 0 0 0 0 0 0 0 0 0 0 0 0 0 0 0 0 0 0 0 0 0 0 0
1664818177.399175 -- INFO: Process Status Bits are: 1 0 0 0 0 0 0 0 0 0 0 0 0 0 0 0 0 0 0 0 0 0 0 0 0 0 0 0 0 0 0 0
1664818177.399123 -- INFO: Process Status Bits are: 1 0 0 0 0 0 0 0 0 0 0 0 0 0 0 0 0 0 0 0 0 0 0 0 0 0 0 0 0 0 0 0
1664818177.399141 -- INFO: Process Status Bits are: 1 0 0 0 0 0 0 0 0 0 0 0 0 0 0 0 0 0 0 0 0 0 0 0 0 0 0 0 0 0 0 0
1664818177.399200 -- INFO: Process Status Bits are: 1 0 0 0 0 0 0 0 0 0 0 0 0 0 0 0 0 0 0 0 0 0 0 0 0 0 0 0 0 0 0 0
1664818177.399325 -- INFO: Process Status Bits are: 1 0 0 0 0 0 0 0 0 0 0 0 0 0 0 0 0 0 0 0 0 0 0 0 0 0 0 0 0 0 0 0
1664818177.399481 -- INFO: Process Status Bits are: 1 0 0 0 0 0 0 0 0 0 0 0 0 0 0 0 0 0 0 0 0 0 0 0 0 0 0 0 0 0 0 0
1664818177.608924 -- INFO: Iteration 6 Ends, Took 3.49 Seconds. Best Params: [7] and Score: -811.0.
1664818177.609345 -- INFO: Iteration 7 Starts ...
1664818177.609762 -- INFO: episode expires
1664818177.969316 -- INFO: Iteration 7 Ends, Took 0.36 Seconds. Best Params: [7] and Score: -811.0.
1664818177.969720 -- INFO: Bayseian Optimizer Exits ...
1664818178.221069 -- INFO: Throughput @0.1s:0.0Mbps, rtt :0.0ms cwnd: 0.0 lossRate: 0 CC:0 score:-0.0 
