1664845356.570791 -- INFO: Changing concurrency to 1 ******
1664845356.573271 -- INFO: Start Process :: 0
1664845356.578787 -- INFO: Process Status Bits from change concurrency are: 1 0 0 0 0 0 0 0 0 0 0 0 0 0 0 0 0 0 0 0 0 0 0 0 0 0 0 0 0 0 0 0
1664845356.587120 -- INFO: Active CC: 1
1664845356.613487 -- INFO: Process 0 get item 0 from queue and executing
1664845356.614434 -- INFO: starting 0, 0, /users/jamilm/files_to_Send/FILE2
1664845356.642189 -- INFO: Throughput @0.1s:0.0Mbps, rtt :38.6ms cwnd: 10.0 lossRate: 0.0 CC:1 score:-0.0 
1664845357.642713 -- INFO: Throughput @1.1s:15.0Mbps, rtt :38.53ms cwnd: 48.0 lossRate: 0.003683241252302026 CC:1 score:-14.0 
1664845358.637852 -- INFO: Throughput @2.1s:8.75Mbps, rtt :39.98ms cwnd: 23.0 lossRate: 0.00894187779433681 CC:1 score:-8.0 
1664845359.644453 -- INFO: Throughput @3.1s:7.82Mbps, rtt :38.63ms cwnd: 26.0 lossRate: 0.0031201248049922 CC:1 score:-7.0 
1664845359.793223 -- INFO: Changing concurrency to 3 ******
1664845359.796569 -- INFO: Start Process :: 2
1664845359.796698 -- INFO: Start Process :: 1
1664845359.805534 -- INFO: Process Status Bits from change concurrency are: 1 1 1 0 0 0 0 0 0 0 0 0 0 0 0 0 0 0 0 0 0 0 0 0 0 0 0 0 0 0 0 0
1664845359.818790 -- INFO: Active CC: 3
1664845359.836418 -- INFO: Process 2 get item 1 from queue and executing
1664845359.836830 -- INFO: starting 2, 1, /users/jamilm/files_to_Send/FILE1
1664845359.837026 -- INFO: Process 1 get item 2 from queue and executing
1664845359.838486 -- INFO: starting 1, 2, /users/jamilm/files_to_Send/FILE0
1664845360.640330 -- INFO: Throughput @4.1s:24.89Mbps, rtt :38.83ms cwnd: 30.7 lossRate: 0.0038147138964577656 CC:3 score:-23.0 
1664845361.642665 -- INFO: Throughput @5.1s:20.0Mbps, rtt :38.85ms cwnd: 21.3 lossRate: 0.008722741433021807 CC:3 score:-17.0 
1664845362.642192 -- INFO: Throughput @6.1s:18.46Mbps, rtt :39.38ms cwnd: 16.3 lossRate: 0.009398496240601503 CC:3 score:-16.0 
1664845363.020196 -- INFO: Gradient: -4.500000000000001, Gredient Change: 0.46551724137931044, Theta: 1, Previous CC: 2, Choosen CC: 3
1664845363.020336 -- INFO: Changing concurrency to 2 ******
1664845363.032688 -- INFO: Process Status Bits from change concurrency are: 1 1 0 0 0 0 0 0 0 0 0 0 0 0 0 0 0 0 0 0 0 0 0 0 0 0 0 0 0 0 0 0
1664845363.045228 -- INFO: Active CC: 2
1664845363.653968 -- INFO: Throughput @7.1s:12.49Mbps, rtt :39.37ms cwnd: 20.7 lossRate: 0.004207573632538569 CC:2 score:-11.0 
1664845364.648358 -- INFO: Throughput @8.1s:18.58Mbps, rtt :38.61ms cwnd: 37.0 lossRate: 0 CC:2 score:-18.0 
1664845365.654515 -- INFO: Throughput @9.1s:21.44Mbps, rtt :40.56ms cwnd: 30.0 lossRate: 0.004219409282700422 CC:2 score:-20.0 
1664845366.246510 -- INFO: Changing concurrency to 4 ******
1664845366.248223 -- INFO: Start Process :: 2
1664845366.249696 -- INFO: Start Process :: 3
1664845366.261985 -- INFO: Process Status Bits from change concurrency are: 1 1 1 1 0 0 0 0 0 0 0 0 0 0 0 0 0 0 0 0 0 0 0 0 0 0 0 0 0 0 0 0
1664845366.271087 -- INFO: Active CC: 4
1664845366.287605 -- INFO: Process 2 get item 3 from queue and executing
1664845366.288117 -- INFO: starting 2, 3, /users/jamilm/files_to_Send/FILE3
1664845366.652402 -- INFO: Throughput @10.1s:18.93Mbps, rtt :39.95ms cwnd: 20.8 lossRate: 0.0037243947858473 CC:4 score:-17.0 
1664845367.309669 -- INFO: Process 3 get item 4 from queue and executing
1664845367.310682 -- INFO: starting 3, 4, /users/jamilm/files_to_Send/FILE2
1664845367.649246 -- INFO: Throughput @11.1s:25.3Mbps, rtt :40.01ms cwnd: 21.5 lossRate: 0.005575266092245312 CC:4 score:-22.0 
1664845368.647119 -- INFO: Throughput @12.1s:30.85Mbps, rtt :38.91ms cwnd: 28.5 lossRate: 0.0022404779686333084 CC:4 score:-28.0 
1664845369.472194 -- INFO: Gradient: -3.0, Gredient Change: 0.1836734693877551, Theta: 2, Previous CC: 3, Choosen CC: 5
1664845369.472300 -- INFO: Changing concurrency to 4 ******
1664845369.477932 -- INFO: Process Status Bits from change concurrency are: 1 1 1 1 0 0 0 0 0 0 0 0 0 0 0 0 0 0 0 0 0 0 0 0 0 0 0 0 0 0 0 0
1664845369.484250 -- INFO: Active CC: 4
1664845369.646022 -- INFO: Throughput @13.1s:31.43Mbps, rtt :38.8ms cwnd: 19.2 lossRate: 0.007233273056057866 CC:4 score:-27.0 
1664845370.644432 -- INFO: Throughput @14.1s:22.44Mbps, rtt :39.81ms cwnd: 19.8 lossRate: 0.007190265486725664 CC:4 score:-19.0 
1664845371.648427 -- INFO: Throughput @15.1s:24.57Mbps, rtt :39.4ms cwnd: 18.0 lossRate: 0.0073782587309394985 CC:4 score:-21.0 
1664845372.649288 -- INFO: Throughput @16.1s:22.64Mbps, rtt :40.77ms cwnd: 20.2 lossRate: 0.004952947003467063 CC:4 score:-20.0 
1664845372.685389 -- INFO: Changing concurrency to 6 ******
1664845372.688339 -- INFO: Start Process :: 4
1664845372.690252 -- INFO: Process Status Bits from change concurrency are: 1 1 1 1 1 1 0 0 0 0 0 0 0 0 0 0 0 0 0 0 0 0 0 0 0 0 0 0 0 0 0 0
1664845372.691040 -- INFO: Start Process :: 5
1664845372.695523 -- INFO: Active CC: 6
1664845372.728145 -- INFO: Process 4 get item 5 from queue and executing
1664845372.728694 -- INFO: starting 4, 5, /users/jamilm/files_to_Send/FILE1
1664845372.731092 -- INFO: Process 5 get item 6 from queue and executing
1664845372.731736 -- INFO: starting 5, 6, /users/jamilm/files_to_Send/FILE0
1664845373.653240 -- INFO: Throughput @17.1s:40.43Mbps, rtt :39.18ms cwnd: 29.2 lossRate: 0.0027223230490018148 CC:6 score:-35.0 
1664845374.650809 -- INFO: Throughput @18.1s:66.29Mbps, rtt :38.9ms cwnd: 28.2 lossRate: 0.004626060138781804 CC:6 score:-56.0 
1664845375.653834 -- INFO: Throughput @19.1s:46.92Mbps, rtt :38.86ms cwnd: 27.3 lossRate: 0.004154165705054235 CC:6 score:-40.0 
1664845375.896689 -- INFO: Gradient: -11.833333333333332, Gredient Change: 0.5916666666666666, Theta: 3, Previous CC: 5, Choosen CC: 14
1664845375.896832 -- INFO: Changing concurrency to 13 ******
1664845375.901131 -- INFO: Start Process :: 9
1664845375.901236 -- INFO: Start Process :: 6
1664845375.901802 -- INFO: Process Status Bits from change concurrency are: 1 1 1 1 1 1 1 1 1 1 1 1 1 0 0 0 0 0 0 0 0 0 0 0 0 0 0 0 0 0 0 0
1664845375.902328 -- INFO: Start Process :: 8
1664845375.904047 -- INFO: Start Process :: 11
1664845375.904162 -- INFO: Start Process :: 12
1664845375.904267 -- INFO: Start Process :: 7
1664845375.905951 -- INFO: Active CC: 13
1664845375.905745 -- INFO: Start Process :: 10
1664845375.941199 -- INFO: Process 6 get item 7 from queue and executing
1664845375.941347 -- INFO: Process 9 get item 8 from queue and executing
1664845375.941563 -- INFO: starting 6, 7, /users/jamilm/files_to_Send/FILE3
1664845375.941742 -- INFO: starting 9, 8, /users/jamilm/files_to_Send/FILE2
1664845375.942168 -- INFO: Process 8 get item 9 from queue and executing
1664845375.942570 -- INFO: starting 8, 9, /users/jamilm/files_to_Send/FILE1
1664845375.943812 -- INFO: Process 11 get item 10 from queue and executing
1664845375.943954 -- INFO: Process 12 get item 11 from queue and executing
1664845375.944327 -- INFO: Process 7 get item 12 from queue and executing
1664845375.944371 -- INFO: starting 12, 11, /users/jamilm/files_to_Send/FILE3
1664845375.944621 -- INFO: starting 11, 10, /users/jamilm/files_to_Send/FILE0
1664845375.944780 -- INFO: starting 7, 12, /users/jamilm/files_to_Send/FILE2
1664845375.945590 -- INFO: Process 10 get item 13 from queue and executing
1664845375.946187 -- INFO: starting 10, 13, /users/jamilm/files_to_Send/FILE1
1664845376.654093 -- INFO: Throughput @20.1s:79.38Mbps, rtt :39.35ms cwnd: 25.5 lossRate: 0.0035532210721458367 CC:13 score:-59.0 
1664845377.652517 -- INFO: Throughput @21.1s:102.21Mbps, rtt :39.49ms cwnd: 22.6 lossRate: 0.00602990834539315 CC:13 score:-73.0 
1664845378.657158 -- INFO: Throughput @22.1s:92.59Mbps, rtt :39.22ms cwnd: 24.5 lossRate: 0.004285714285714286 CC:13 score:-68.0 
1664845379.107242 -- INFO: Changing concurrency to 15 ******
1664845379.109875 -- INFO: Process Status Bits from change concurrency are: 1 1 1 1 1 1 1 1 1 1 1 1 1 1 1 0 0 0 0 0 0 0 0 0 0 0 0 0 0 0 0 0
1664845379.110315 -- INFO: Start Process :: 14
1664845379.112507 -- INFO: Active CC: 15
1664845379.114758 -- INFO: Start Process :: 13
1664845379.150341 -- INFO: Process 14 get item 14 from queue and executing
1664845379.150860 -- INFO: starting 14, 14, /users/jamilm/files_to_Send/FILE0
1664845379.155283 -- INFO: Process 13 get item 15 from queue and executing
1664845379.155820 -- INFO: starting 13, 15, /users/jamilm/files_to_Send/FILE3
1664845379.655565 -- INFO: Throughput @23.1s:101.65Mbps, rtt :39.33ms cwnd: 25.2 lossRate: 0.004660375160200396 CC:15 score:-71.0 
1664845380.656163 -- INFO: Throughput @24.1s:113.62Mbps, rtt :39.2ms cwnd: 23.7 lossRate: 0.005408845052497614 CC:15 score:-78.0 
1664845381.659249 -- INFO: Throughput @25.1s:110.58Mbps, rtt :39.56ms cwnd: 25.5 lossRate: 0.0037251655629139072 CC:15 score:-78.0 
1664845382.313960 -- INFO: Gradient: -4.5, Gredient Change: 0.06749999999999999, Theta: 4, Previous CC: 14, Choosen CC: 18
1664845382.314170 -- INFO: Changing concurrency to 17 ******
1664845382.317446 -- INFO: Process Status Bits from change concurrency are: 1 1 1 1 1 1 1 1 1 1 1 1 1 1 1 1 1 0 0 0 0 0 0 0 0 0 0 0 0 0 0 0
1664845382.318753 -- INFO: Start Process :: 16
1664845382.319510 -- INFO: Active CC: 17
1664845382.320219 -- INFO: Start Process :: 15
1664845382.358831 -- INFO: Process 16 get item 16 from queue and executing
1664845382.359263 -- INFO: starting 16, 16, /users/jamilm/files_to_Send/FILE2
1664845382.360071 -- INFO: Process 15 get item 17 from queue and executing
1664845382.360386 -- INFO: starting 15, 17, /users/jamilm/files_to_Send/FILE1
1664845382.659008 -- INFO: Throughput @26.1s:118.64Mbps, rtt :39.25ms cwnd: 25.1 lossRate: 0.0044629574531389465 CC:17 score:-79.0 
1664845383.661199 -- INFO: Throughput @27.1s:119.19Mbps, rtt :39.26ms cwnd: 24.2 lossRate: 0.004702655040658372 CC:17 score:-80.0 
1664845384.661620 -- INFO: Throughput @28.1s:116.19Mbps, rtt :39.53ms cwnd: 21.8 lossRate: 0.005382131324004306 CC:17 score:-77.0 
1664845385.520776 -- INFO: Changing concurrency to 19 ******
1664845385.522568 -- INFO: Process Status Bits from change concurrency are: 1 1 1 1 1 1 1 1 1 1 1 1 1 1 1 1 1 1 1 0 0 0 0 0 0 0 0 0 0 0 0 0
1664845385.523496 -- INFO: Start Process :: 17
1664845385.524289 -- INFO: Active CC: 19
1664845385.525630 -- INFO: Start Process :: 18
1664845385.563194 -- INFO: Process 17 get item 18 from queue and executing
1664845385.563578 -- INFO: starting 17, 18, /users/jamilm/files_to_Send/FILE0
1664845385.565352 -- INFO: Process 18 get item 19 from queue and executing
1664845385.565674 -- INFO: starting 18, 19, /users/jamilm/files_to_Send/FILE3
1664845385.663017 -- INFO: Throughput @29.1s:118.67Mbps, rtt :39.35ms cwnd: 21.4 lossRate: 0.0047029956037215005 CC:19 score:-76.0 
1664845386.662325 -- INFO: Throughput @30.1s:127.64Mbps, rtt :39.16ms cwnd: 23.9 lossRate: 0.004903271819559597 CC:19 score:-81.0 
1664845387.661868 -- INFO: Throughput @31.1s:122.95Mbps, rtt :39.28ms cwnd: 23.5 lossRate: 0.005299559867061888 CC:19 score:-78.0 
1664845388.664307 -- INFO: Throughput @32.1s:135.6Mbps, rtt :39.3ms cwnd: 23.4 lossRate: 0.0047995733712558886 CC:19 score:-87.0 
1664845388.725500 -- INFO: Gradient: -1.6666666666666643, Gredient Change: 0.02118644067796607, Theta: 5, Previous CC: 18, Choosen CC: 23
1664845388.725641 -- INFO: Changing concurrency to 22 ******
1664845388.726623 -- INFO: Process Status Bits from change concurrency are: 1 1 1 1 1 1 1 1 1 1 1 1 1 1 1 1 1 1 1 1 1 1 0 0 0 0 0 0 0 0 0 0
1664845388.727549 -- INFO: Active CC: 22
1664845388.729318 -- INFO: Start Process :: 21
1664845388.729329 -- INFO: Start Process :: 20
1664845388.731058 -- INFO: Start Process :: 19
1664845388.768981 -- INFO: Process 21 get item 20 from queue and executing
1664845388.769094 -- INFO: Process 20 get item 21 from queue and executing
1664845388.769366 -- INFO: starting 21, 20, /users/jamilm/files_to_Send/FILE2
1664845388.769505 -- INFO: starting 20, 21, /users/jamilm/files_to_Send/FILE1
1664845388.771117 -- INFO: Process 19 get item 22 from queue and executing
1664845388.771544 -- INFO: starting 19, 22, /users/jamilm/files_to_Send/FILE0
1664845389.666239 -- INFO: Throughput @33.1s:156.33Mbps, rtt :39.39ms cwnd: 25.0 lossRate: 0.004077236710516193 CC:22 score:-95.0 
1664845390.662109 -- INFO: Throughput @34.1s:172.95Mbps, rtt :39.16ms cwnd: 28.0 lossRate: 0.003125 CC:22 score:-106.0 
1664845391.663874 -- INFO: Throughput @35.1s:167.68Mbps, rtt :39.53ms cwnd: 23.1 lossRate: 0.005959057767807066 CC:22 score:-98.0 
1664845391.928606 -- INFO: Changing concurrency to 24 ******
1664845391.929149 -- INFO: Process Status Bits from change concurrency are: 1 1 1 1 1 1 1 1 1 1 1 1 1 1 1 1 1 1 1 1 1 1 1 1 0 0 0 0 0 0 0 0
1664845391.929721 -- INFO: Active CC: 24
1664845391.931722 -- INFO: Start Process :: 22
1664845391.933554 -- INFO: Start Process :: 23
1664845391.971370 -- INFO: Process 22 get item 23 from queue and executing
1664845391.971634 -- INFO: starting 22, 23, /users/jamilm/files_to_Send/FILE3
1664845391.974925 -- INFO: Process 23 get item 24 from queue and executing
1664845391.975350 -- INFO: starting 23, 24, /users/jamilm/files_to_Send/FILE2
1664845392.667607 -- INFO: Throughput @36.1s:156.78Mbps, rtt :39.39ms cwnd: 24.2 lossRate: 0.005000746380056725 CC:24 score:-90.0 
1664845393.667067 -- INFO: Throughput @37.1s:165.24Mbps, rtt :39.83ms cwnd: 21.8 lossRate: 0.006269592476489028 CC:24 score:-92.0 
1664845394.668652 -- INFO: Throughput @38.1s:157.14Mbps, rtt :39.43ms cwnd: 23.2 lossRate: 0.00423728813559322 CC:24 score:-91.0 
1664845395.130932 -- INFO: Gradient: 4.333333333333336, Gredient Change: 0.04347826086956524, Theta: -1, Previous CC: 23, Choosen CC: 21
1664845395.131098 -- INFO: Changing concurrency to 20 ******
1664845395.131719 -- INFO: Process Status Bits from change concurrency are: 1 1 1 1 1 1 1 1 1 1 1 1 1 1 1 1 1 1 1 1 0 0 0 0 0 0 0 0 0 0 0 0
1664845395.132308 -- INFO: Active CC: 20
1664845395.670832 -- INFO: Throughput @39.1s:154.99Mbps, rtt :39.45ms cwnd: 23.0 lossRate: 0.00526579739217653 CC:20 score:-96.0 
1664845396.671446 -- INFO: Throughput @40.1s:140.96Mbps, rtt :39.09ms cwnd: 22.8 lossRate: 0.005215123859191656 CC:20 score:-88.0 
1664845397.673438 -- INFO: Throughput @41.1s:129.41Mbps, rtt :39.3ms cwnd: 24.6 lossRate: 0.0043950361944157185 CC:20 score:-81.0 
1664845398.333618 -- INFO: Changing concurrency to 22 ******
1664845398.335041 -- INFO: Start Process :: 21
1664845398.335178 -- INFO: Start Process :: 20
1664845398.335288 -- INFO: Process Status Bits from change concurrency are: 1 1 1 1 1 1 1 1 1 1 1 1 1 1 1 1 1 1 1 1 1 1 0 0 0 0 0 0 0 0 0 0
1664845398.336087 -- INFO: Active CC: 22
1664845398.374477 -- INFO: Process 21 get item 25 from queue and executing
1664845398.374585 -- INFO: Process 20 get item 26 from queue and executing
1664845398.374996 -- INFO: starting 20, 26, /users/jamilm/files_to_Send/FILE0
1664845398.374996 -- INFO: starting 21, 25, /users/jamilm/files_to_Send/FILE1
1664845398.675939 -- INFO: Throughput @42.1s:149.85Mbps, rtt :39.46ms cwnd: 23.5 lossRate: 0.005579467559381476 CC:22 score:-89.0 
1664845399.676710 -- INFO: Throughput @43.1s:148.0Mbps, rtt :39.55ms cwnd: 22.1 lossRate: 0.005601805026063954 CC:22 score:-87.0 
1664845400.677572 -- INFO: Throughput @44.1s:146.81Mbps, rtt :39.86ms cwnd: 22.6 lossRate: 0.005000396856893404 CC:22 score:-88.0 
1664845401.537066 -- INFO: Gradient: 0.1666666666666643, Gredient Change: 0.001886792452830162, Theta: -2, Previous CC: 21, Choosen CC: 19
1664845401.537251 -- INFO: Changing concurrency to 18 ******
1664845401.537890 -- INFO: Process Status Bits from change concurrency are: 1 1 1 1 1 1 1 1 1 1 1 1 1 1 1 1 1 1 0 0 0 0 0 0 0 0 0 0 0 0 0 0
1664845401.538605 -- INFO: Active CC: 18
1664845401.675534 -- INFO: Throughput @45.1s:147.34Mbps, rtt :39.37ms cwnd: 22.7 lossRate: 0.005244485577664661 CC:18 score:-95.0 
1664845402.679709 -- INFO: Throughput @46.1s:124.28Mbps, rtt :39.9ms cwnd: 22.2 lossRate: 0 CC:18 score:-87.0 
1664845403.681495 -- INFO: Throughput @47.1s:126.14Mbps, rtt :39.45ms cwnd: 25.1 lossRate: 0.0038791909116098642 CC:18 score:-83.0 
1664845404.682868 -- INFO: Throughput @48.1s:130.03Mbps, rtt :39.86ms cwnd: 24.6 lossRate: 0.004732565407625681 CC:18 score:-85.0 
1664845404.739748 -- INFO: Changing concurrency to 20 ******
1664845404.741258 -- INFO: Start Process :: 18
1664845404.741589 -- INFO: Process Status Bits from change concurrency are: 1 1 1 1 1 1 1 1 1 1 1 1 1 1 1 1 1 1 1 1 0 0 0 0 0 0 0 0 0 0 0 0
1664845404.741858 -- INFO: Start Process :: 19
1664845404.742609 -- INFO: Active CC: 20
1664845404.780577 -- INFO: Process 18 get item 27 from queue and executing
1664845404.781190 -- INFO: starting 18, 27, /users/jamilm/files_to_Send/FILE3
1664845404.781480 -- INFO: Process 19 get item 28 from queue and executing
1664845404.782048 -- INFO: starting 19, 28, /users/jamilm/files_to_Send/FILE2
1664845405.684279 -- INFO: Throughput @49.1s:132.13Mbps, rtt :39.23ms cwnd: 21.7 lossRate: 0.005362165963431786 CC:20 score:-82.0 
1664845406.684867 -- INFO: Throughput @50.1s:125.81Mbps, rtt :39.19ms cwnd: 21.4 lossRate: 0.006368233751638884 CC:20 score:-77.0 
1664845407.685616 -- INFO: Throughput @51.1s:136.63Mbps, rtt :39.31ms cwnd: 25.2 lossRate: 0.0034851879512073688 CC:20 score:-87.0 
1664845407.943787 -- INFO: Gradient: 1.5, Gredient Change: 0.01764705882352941, Theta: -3, Previous CC: 19, Choosen CC: 16
1664845407.943966 -- INFO: Changing concurrency to 15 ******
1664845407.945097 -- INFO: Process Status Bits from change concurrency are: 1 1 1 1 1 1 1 1 1 1 1 1 1 1 1 0 0 0 0 0 0 0 0 0 0 0 0 0 0 0 0 0
1664845407.946493 -- INFO: Active CC: 15
1664845408.687917 -- INFO: Throughput @52.1s:122.61Mbps, rtt :39.49ms cwnd: 21.1 lossRate: 0 CC:15 score:-91.0 
1664845409.690798 -- INFO: Throughput @53.1s:96.04Mbps, rtt :39.23ms cwnd: 21.7 lossRate: 0.005252713902182795 CC:15 score:-66.0 
1664845410.690927 -- INFO: Throughput @54.1s:99.0Mbps, rtt :39.5ms cwnd: 25.3 lossRate: 0.004249942568343671 CC:15 score:-69.0 
1664845411.147670 -- INFO: Changing concurrency to 17 ******
1664845411.149573 -- INFO: Start Process :: 16
1664845411.149786 -- INFO: Start Process :: 15
1664845411.149999 -- INFO: Process Status Bits from change concurrency are: 1 1 1 1 1 1 1 1 1 1 1 1 1 1 1 1 1 0 0 0 0 0 0 0 0 0 0 0 0 0 0 0
1664845411.152303 -- INFO: Active CC: 17
1664845411.189161 -- INFO: Process 16 get item 29 from queue and executing
1664845411.189373 -- INFO: Process 15 get item 30 from queue and executing
1664845411.189764 -- INFO: starting 16, 29, /users/jamilm/files_to_Send/FILE1
1664845411.189945 -- INFO: starting 15, 30, /users/jamilm/files_to_Send/FILE0
1664845411.688989 -- INFO: Throughput @55.1s:117.73Mbps, rtt :39.57ms cwnd: 25.7 lossRate: 0.004249144989118043 CC:17 score:-79.0 
1664845412.692445 -- INFO: Throughput @56.1s:128.02Mbps, rtt :39.47ms cwnd: 25.5 lossRate: 0.004713205869275233 CC:17 score:-85.0 
1664845413.693188 -- INFO: Throughput @57.1s:122.15Mbps, rtt :39.96ms cwnd: 22.8 lossRate: 0.006175865111263602 CC:17 score:-80.0 
1664845414.353525 -- INFO: Gradient: -3.0, Gredient Change: 0.03982300884955752, Theta: 1, Previous CC: 16, Choosen CC: 17
1664845414.353679 -- INFO: Changing concurrency to 16 ******
1664845414.355731 -- INFO: Process Status Bits from change concurrency are: 1 1 1 1 1 1 1 1 1 1 1 1 1 1 1 1 0 0 0 0 0 0 0 0 0 0 0 0 0 0 0 0
1664845414.357554 -- INFO: Active CC: 16
1664845414.694112 -- INFO: Throughput @58.1s:111.3Mbps, rtt :39.44ms cwnd: 24.1 lossRate: 0.004489795918367347 CC:16 score:-76.0 
1664845415.694306 -- INFO: Throughput @59.1s:115.71Mbps, rtt :39.17ms cwnd: 25.6 lossRate: 0.00407709414381023 CC:16 score:-80.0 
1664845416.693620 -- INFO: Throughput @60.1s:116.66Mbps, rtt :39.1ms cwnd: 25.3 lossRate: 0.004417394718759203 CC:16 score:-80.0 
1664845417.558828 -- INFO: Changing concurrency to 18 ******
1664845417.560617 -- INFO: Start Process :: 16
1664845417.561182 -- INFO: Process Status Bits from change concurrency are: 1 1 1 1 1 1 1 1 1 1 1 1 1 1 1 1 1 1 0 0 0 0 0 0 0 0 0 0 0 0 0 0
1664845417.563410 -- INFO: Active CC: 18
1664845417.563009 -- INFO: Start Process :: 17
1664845417.600001 -- INFO: Process 16 get item 31 from queue and executing
1664845417.600451 -- INFO: starting 16, 31, /users/jamilm/files_to_Send/FILE3
1664845417.603492 -- INFO: Process 17 get item 1 from queue and executing
1664845417.604082 -- INFO: starting 17, 1, /users/jamilm/files_to_Send/FILE1
1664845417.697333 -- INFO: Throughput @61.1s:113.67Mbps, rtt :39.49ms cwnd: 20.7 lossRate: 0.005796217205613179 CC:18 score:-73.0 
1664845418.698903 -- INFO: Throughput @62.1s:126.99Mbps, rtt :39.23ms cwnd: 25.4 lossRate: 0.003209831254585473 CC:18 score:-85.0 
1664845419.699547 -- INFO: Throughput @63.1s:122.15Mbps, rtt :39.42ms cwnd: 21.7 lossRate: 0.006545247581104155 CC:18 score:-78.0 
1664845420.700520 -- INFO: Throughput @64.1s:119.32Mbps, rtt :39.71ms cwnd: 22.7 lossRate: 0.004728370221327968 CC:18 score:-78.0 
1664845420.764442 -- INFO: Gradient: -0.8333333333333286, Gredient Change: 0.01059322033898299, Theta: 2, Previous CC: 17, Choosen CC: 19
1664845420.764580 -- INFO: Changing concurrency to 18 ******
1664845420.766103 -- INFO: Process Status Bits from change concurrency are: 1 1 1 1 1 1 1 1 1 1 1 1 1 1 1 1 1 1 0 0 0 0 0 0 0 0 0 0 0 0 0 0
1664845420.768610 -- INFO: Active CC: 18
1664845421.701429 -- INFO: Throughput @65.1s:117.94Mbps, rtt :39.26ms cwnd: 23.8 lossRate: 0.004676830979328407 CC:18 score:-77.0 
1664845422.703063 -- INFO: Throughput @66.1s:137.58Mbps, rtt :39.76ms cwnd: 25.0 lossRate: 0.0038799793067770304 CC:18 score:-91.0 
1664845423.704237 -- INFO: Throughput @67.1s:127.59Mbps, rtt :39.27ms cwnd: 23.7 lossRate: 0.005671588044652503 CC:18 score:-82.0 
1664845423.969687 -- INFO: Changing concurrency to 20 ******
1664845423.971987 -- INFO: Process Status Bits from change concurrency are: 1 1 1 1 1 1 1 1 1 1 1 1 1 1 1 1 1 1 1 1 0 0 0 0 0 0 0 0 0 0 0 0
1664845423.972350 -- INFO: Start Process :: 19
1664845423.972483 -- INFO: Start Process :: 18
1664845423.973289 -- INFO: Active CC: 20
1664845424.012076 -- INFO: Process 19 get item 20 from queue and executing
1664845424.012197 -- INFO: Process 18 get item 23 from queue and executing
1664845424.012677 -- INFO: starting 19, 20, /users/jamilm/files_to_Send/FILE2
1664845424.012877 -- INFO: starting 18, 23, /users/jamilm/files_to_Send/FILE3
1664845424.703771 -- INFO: Throughput @68.1s:131.4Mbps, rtt :39.41ms cwnd: 20.2 lossRate: 0.00586272210697213 CC:20 score:-81.0 
1664845425.705054 -- INFO: Throughput @69.1s:136.2Mbps, rtt :39.49ms cwnd: 26.8 lossRate: 0.003491271820448878 CC:20 score:-87.0 
1664845426.706496 -- INFO: Throughput @70.1s:160.86Mbps, rtt :39.24ms cwnd: 24.6 lossRate: 0.004547454892181312 CC:20 score:-101.0 
1664845427.174261 -- INFO: Gradient: -3.1666666666666714, Gredient Change: 0.03800000000000006, Theta: 3, Previous CC: 19, Choosen CC: 22
1664845427.174457 -- INFO: Changing concurrency to 21 ******
1664845427.175204 -- INFO: Start Process :: 20
1664845427.175302 -- INFO: Process Status Bits from change concurrency are: 1 1 1 1 1 1 1 1 1 1 1 1 1 1 1 1 1 1 1 1 1 0 0 0 0 0 0 0 0 0 0 0
1664845427.176287 -- INFO: Active CC: 21
1664845427.214288 -- INFO: Process 20 get item 24 from queue and executing
1664845427.214563 -- INFO: starting 20, 24, /users/jamilm/files_to_Send/FILE2
1664845427.703601 -- INFO: Throughput @71.1s:159.9Mbps, rtt :39.45ms cwnd: 23.9 lossRate: 0.004350108752718818 CC:21 score:-99.0 
1664845428.708018 -- INFO: Throughput @72.1s:142.7Mbps, rtt :39.16ms cwnd: 23.3 lossRate: 0.005813953488372093 CC:21 score:-86.0 
1664845429.707145 -- INFO: Throughput @73.1s:145.37Mbps, rtt :39.83ms cwnd: 23.2 lossRate: 0.004802213902002279 CC:21 score:-89.0 
1664845430.377332 -- INFO: Changing concurrency to 23 ******
1664845430.378175 -- INFO: Process Status Bits from change concurrency are: 1 1 1 1 1 1 1 1 1 1 1 1 1 1 1 1 1 1 1 1 1 1 1 0 0 0 0 0 0 0 0 0
1664845430.378215 -- INFO: Start Process :: 21
1664845430.379023 -- INFO: Active CC: 23
1664845430.380615 -- INFO: Start Process :: 22
1664845430.420354 -- INFO: Process 22 get item 21 from queue and executing
1664845430.420966 -- INFO: starting 22, 21, /users/jamilm/files_to_Send/FILE1
1664845430.710513 -- INFO: Throughput @74.1s:140.95Mbps, rtt :39.15ms cwnd: 22.6 lossRate: 0.005205368035786905 CC:23 score:-82.0 
1664845431.437285 -- INFO: Process 21 get item 22 from queue and executing
1664845431.437713 -- INFO: starting 21, 22, /users/jamilm/files_to_Send/FILE0
1664845431.706056 -- INFO: Throughput @75.1s:152.22Mbps, rtt :39.46ms cwnd: 23.4 lossRate: 0.0052110867759232685 CC:23 score:-89.0 
1664845432.712847 -- INFO: Throughput @76.1s:149.01Mbps, rtt :39.75ms cwnd: 21.9 lossRate: 0.006360533664287931 CC:23 score:-85.0 
1664845433.580002 -- INFO: Gradient: 3.0, Gredient Change: 0.032846715328467155, Theta: -1, Previous CC: 22, Choosen CC: 21
1664845433.580202 -- INFO: Changing concurrency to 20 ******
1664845433.580833 -- INFO: Process Status Bits from change concurrency are: 1 1 1 1 1 1 1 1 1 1 1 1 1 1 1 1 1 1 1 1 0 0 0 0 0 0 0 0 0 0 0 0
1664845433.581479 -- INFO: Active CC: 20
1664845433.711850 -- INFO: Throughput @77.1s:149.12Mbps, rtt :39.21ms cwnd: 21.9 lossRate: 0.0051764705882352945 CC:20 score:-93.0 
1664845434.712660 -- INFO: Throughput @78.1s:142.79Mbps, rtt :39.56ms cwnd: 26.0 lossRate: 0 CC:20 score:-96.0 
1664845435.716130 -- INFO: Throughput @79.1s:148.01Mbps, rtt :39.29ms cwnd: 24.4 lossRate: 0.004697366394578777 CC:20 score:-93.0 
1664845436.717075 -- INFO: Throughput @80.1s:138.59Mbps, rtt :39.31ms cwnd: 22.4 lossRate: 0.005906522855675398 CC:20 score:-85.0 
1664845436.782413 -- INFO: Changing concurrency to 22 ******
1664845436.783576 -- INFO: Start Process :: 20
1664845436.783731 -- INFO: Start Process :: 21
1664845436.784028 -- INFO: Process Status Bits from change concurrency are: 1 1 1 1 1 1 1 1 1 1 1 1 1 1 1 1 1 1 1 1 1 1 0 0 0 0 0 0 0 0 0 0
1664845436.784925 -- INFO: Active CC: 22
1664845436.822788 -- INFO: Process 20 get item 19 from queue and executing
1664845436.822894 -- INFO: Process 21 get item 26 from queue and executing
1664845436.823073 -- INFO: starting 20, 19, /users/jamilm/files_to_Send/FILE3
1664845436.823200 -- INFO: starting 21, 26, /users/jamilm/files_to_Send/FILE0
1664845437.717849 -- INFO: Throughput @81.1s:150.61Mbps, rtt :39.28ms cwnd: 25.0 lossRate: 0.0034453717173263915 CC:22 score:-92.0 
1664845438.716576 -- INFO: Throughput @82.1s:155.91Mbps, rtt :39.12ms cwnd: 22.0 lossRate: 0.005364158355998791 CC:22 score:-92.0 
1664845439.719824 -- INFO: Throughput @83.1s:143.36Mbps, rtt :39.65ms cwnd: 22.5 lossRate: 0.005349728521239221 CC:22 score:-85.0 
1664845439.986105 -- INFO: Gradient: 0.8333333333333286, Gredient Change: 0.009124087591240825, Theta: -2, Previous CC: 21, Choosen CC: 19
1664845439.986294 -- INFO: Changing concurrency to 18 ******
1664845439.986806 -- INFO: Process Status Bits from change concurrency are: 1 1 1 1 1 1 1 1 1 1 1 1 1 1 1 1 1 1 0 0 0 0 0 0 0 0 0 0 0 0 0 0
1664845439.987684 -- INFO: Active CC: 18
1664845440.717359 -- INFO: Throughput @84.1s:127.24Mbps, rtt :39.29ms cwnd: 23.1 lossRate: 0 CC:18 score:-89.0 
1664845441.722008 -- INFO: Throughput @85.1s:117.05Mbps, rtt :39.69ms cwnd: 21.9 lossRate: 0 CC:18 score:-82.0 
1664845442.723627 -- INFO: Throughput @86.1s:121.7Mbps, rtt :39.42ms cwnd: 23.7 lossRate: 0.004459092671578131 CC:18 score:-80.0 
1664845443.188704 -- INFO: Changing concurrency to 20 ******
1664845443.190297 -- INFO: Start Process :: 19
1664845443.190478 -- INFO: Process Status Bits from change concurrency are: 1 1 1 1 1 1 1 1 1 1 1 1 1 1 1 1 1 1 1 1 0 0 0 0 0 0 0 0 0 0 0 0
1664845443.191060 -- INFO: Start Process :: 18
1664845443.191617 -- INFO: Active CC: 20
1664845443.229709 -- INFO: Process 19 get item 25 from queue and executing
1664845443.230145 -- INFO: starting 19, 25, /users/jamilm/files_to_Send/FILE1
1664845443.722796 -- INFO: Throughput @87.1s:132.16Mbps, rtt :39.77ms cwnd: 24.9 lossRate: 0.0036767849508336898 CC:20 score:-84.0 
1664845444.237722 -- INFO: Process 18 get item 28 from queue and executing
1664845444.238290 -- INFO: starting 18, 28, /users/jamilm/files_to_Send/FILE2
1664845444.724522 -- INFO: Throughput @88.1s:150.57Mbps, rtt :39.48ms cwnd: 25.8 lossRate: 0.004107253564786113 CC:20 score:-95.0 
1664845445.724450 -- INFO: Throughput @89.1s:143.49Mbps, rtt :39.66ms cwnd: 24.7 lossRate: 0.0052296126818107535 CC:20 score:-89.0 
1664845446.392801 -- INFO: Gradient: -2.8333333333333286, Gredient Change: 0.033864541832669265, Theta: 1, Previous CC: 19, Choosen CC: 20
1664845446.392989 -- INFO: Changing concurrency to 19 ******
1664845446.394182 -- INFO: Process Status Bits from change concurrency are: 1 1 1 1 1 1 1 1 1 1 1 1 1 1 1 1 1 1 1 0 0 0 0 0 0 0 0 0 0 0 0 0
1664845446.395250 -- INFO: Active CC: 19
1664845446.724650 -- INFO: Throughput @90.1s:148.72Mbps, rtt :39.32ms cwnd: 25.7 lossRate: 0.0038014141260548926 CC:19 score:-96.0 
1664845447.727873 -- INFO: Throughput @91.1s:136.47Mbps, rtt :39.29ms cwnd: 24.4 lossRate: 0.005387350501023597 CC:19 score:-86.0 
1664845448.727872 -- INFO: Throughput @92.1s:136.44Mbps, rtt :39.43ms cwnd: 22.5 lossRate: 0.005583233121456794 CC:19 score:-86.0 
1664845449.596305 -- INFO: Changing concurrency to 21 ******
1664845449.597460 -- INFO: Process Status Bits from change concurrency are: 1 1 1 1 1 1 1 1 1 1 1 1 1 1 1 1 1 1 1 1 1 0 0 0 0 0 0 0 0 0 0 0
1664845449.597452 -- INFO: Start Process :: 20
1664845449.597623 -- INFO: Start Process :: 19
1664845449.598607 -- INFO: Active CC: 21
1664845449.636874 -- INFO: Process 20 get item 27 from queue and executing
1664845449.637013 -- INFO: Process 19 get item 16 from queue and executing
1664845449.637212 -- INFO: starting 20, 27, /users/jamilm/files_to_Send/FILE3
1664845449.637467 -- INFO: starting 19, 16, /users/jamilm/files_to_Send/FILE2
1664845449.729445 -- INFO: Throughput @93.1s:134.0Mbps, rtt :39.46ms cwnd: 22.9 lossRate: 0.0041425735738327436 CC:21 score:-83.0 
1664845450.730665 -- INFO: Throughput @94.1s:139.22Mbps, rtt :39.53ms cwnd: 21.8 lossRate: 0.005726616316706781 CC:21 score:-84.0 
1664845451.732139 -- INFO: Throughput @95.1s:137.59Mbps, rtt :39.63ms cwnd: 22.7 lossRate: 0.005022558951221588 CC:21 score:-84.0 
1664845452.733139 -- INFO: Throughput @96.2s:115.21Mbps, rtt :39.55ms cwnd: 19.9 lossRate: 0.0073217029738768865 CC:21 score:-68.0 
1664845452.799441 -- INFO: Gradient: 5.333333333333329, Gredient Change: 0.05970149253731338, Theta: -1, Previous CC: 20, Choosen CC: 18
1664845452.799607 -- INFO: Changing concurrency to 17 ******
1664845452.800542 -- INFO: Process Status Bits from change concurrency are: 1 1 1 1 1 1 1 1 1 1 1 1 1 1 1 1 1 0 0 0 0 0 0 0 0 0 0 0 0 0 0 0
1664845452.801889 -- INFO: Active CC: 17
1664845453.734536 -- INFO: Throughput @97.2s:116.07Mbps, rtt :39.22ms cwnd: 20.8 lossRate: 0 CC:17 score:-83.0 
1664845454.734900 -- INFO: Throughput @98.2s:103.25Mbps, rtt :39.8ms cwnd: 20.9 lossRate: 0.006046776953793497 CC:17 score:-67.0 
1664845455.736106 -- INFO: Throughput @99.2s:102.85Mbps, rtt :39.9ms cwnd: 20.9 lossRate: 0.006048608819971406 CC:17 score:-67.0 
1664845456.002979 -- INFO: Changing concurrency to 19 ******
1664845456.005591 -- INFO: Process Status Bits from change concurrency are: 1 1 1 1 1 1 1 1 1 1 1 1 1 1 1 1 1 1 1 0 0 0 0 0 0 0 0 0 0 0 0 0
1664845456.005566 -- INFO: Start Process :: 17
1664845456.005805 -- INFO: Start Process :: 18
1664845456.007318 -- INFO: Active CC: 19
1664845456.045556 -- INFO: Process 17 get item 18 from queue and executing
1664845456.045696 -- INFO: Process 18 get item 17 from queue and executing
1664845456.046200 -- INFO: starting 17, 18, /users/jamilm/files_to_Send/FILE0
1664845456.046200 -- INFO: starting 18, 17, /users/jamilm/files_to_Send/FILE1
1664845456.737403 -- INFO: Throughput @100.2s:116.71Mbps, rtt :39.34ms cwnd: 21.9 lossRate: 0.00508932280847528 CC:19 score:-74.0 
1664845457.738344 -- INFO: Throughput @101.2s:124.03Mbps, rtt :39.09ms cwnd: 23.3 lossRate: 0.004834002188982123 CC:19 score:-79.0 
1664845458.739328 -- INFO: Throughput @102.2s:121.5Mbps, rtt :39.59ms cwnd: 20.1 lossRate: 0.00687613408461465 CC:19 score:-75.0 
1664845459.208484 -- INFO: Gradient: -1.8333333333333357, Gredient Change: 0.025345622119815704, Theta: 1, Previous CC: 18, Choosen CC: 19
1664845459.208662 -- INFO: Changing concurrency to 18 ******
1664845459.210234 -- INFO: Process Status Bits from change concurrency are: 1 1 1 1 1 1 1 1 1 1 1 1 1 1 1 1 1 1 0 0 0 0 0 0 0 0 0 0 0 0 0 0
1664845459.212004 -- INFO: Active CC: 18
1664845459.740723 -- INFO: Throughput @103.2s:107.64Mbps, rtt :39.65ms cwnd: 21.4 lossRate: 0.005680351148980119 CC:18 score:-69.0 
1664845460.740927 -- INFO: Throughput @104.2s:110.83Mbps, rtt :39.46ms cwnd: 21.6 lossRate: 0.005861182519280206 CC:18 score:-71.0 
1664845461.742643 -- INFO: Throughput @105.2s:119.53Mbps, rtt :39.87ms cwnd: 22.2 lossRate: 0.005332280043448208 CC:18 score:-77.0 
1664845462.413230 -- INFO: Changing concurrency to 20 ******
1664845462.415005 -- INFO: Process Status Bits from change concurrency are: 1 1 1 1 1 1 1 1 1 1 1 1 1 1 1 1 1 1 1 1 0 0 0 0 0 0 0 0 0 0 0 0
1664845462.415393 -- INFO: Start Process :: 18
1664845462.415547 -- INFO: Start Process :: 19
1664845462.416558 -- INFO: Active CC: 20
1664845462.455297 -- INFO: Process 18 get item 29 from queue and executing
1664845462.455426 -- INFO: Process 19 get item 22 from queue and executing
1664845462.455810 -- INFO: starting 18, 29, /users/jamilm/files_to_Send/FILE1
1664845462.455898 -- INFO: starting 19, 22, /users/jamilm/files_to_Send/FILE0
1664845462.742400 -- INFO: Throughput @106.2s:121.8Mbps, rtt :39.18ms cwnd: 20.8 lossRate: 0.006288091322433975 CC:20 score:-74.0 
1664845463.742098 -- INFO: Throughput @107.2s:141.87Mbps, rtt :39.63ms cwnd: 25.7 lossRate: 0.003085904920767306 CC:20 score:-91.0 
1664845464.744579 -- INFO: Throughput @108.2s:136.41Mbps, rtt :39.75ms cwnd: 22.3 lossRate: 0.005951881968312516 CC:20 score:-84.0 
1664845465.617736 -- INFO: Gradient: -5.333333333333336, Gredient Change: 0.07373271889400926, Theta: 2, Previous CC: 19, Choosen CC: 23
1664845465.617912 -- INFO: Changing concurrency to 22 ******
1664845465.619455 -- INFO: Process Status Bits from change concurrency are: 1 1 1 1 1 1 1 1 1 1 1 1 1 1 1 1 1 1 1 1 1 1 0 0 0 0 0 0 0 0 0 0
1664845465.619379 -- INFO: Start Process :: 20
1664845465.619850 -- INFO: Start Process :: 21
1664845465.620783 -- INFO: Active CC: 22
1664845465.658785 -- INFO: Process 20 get item 21 from queue and executing
1664845465.659117 -- INFO: starting 20, 21, /users/jamilm/files_to_Send/FILE1
1664845465.659365 -- INFO: Process 21 get item 24 from queue and executing
1664845465.659723 -- INFO: starting 21, 24, /users/jamilm/files_to_Send/FILE2
1664845465.742829 -- INFO: Throughput @109.2s:125.8Mbps, rtt :39.65ms cwnd: 22.8 lossRate: 0.005958929226255959 CC:22 score:-74.0 
1664845466.746703 -- INFO: Throughput @110.2s:160.88Mbps, rtt :39.61ms cwnd: 24.3 lossRate: 0.004618249534450652 CC:22 score:-97.0 
1664845467.744929 -- INFO: Throughput @111.2s:146.06Mbps, rtt :39.38ms cwnd: 23.4 lossRate: 0.005518328734726055 CC:22 score:-86.0 
1664845468.748911 -- INFO: Throughput @112.2s:140.13Mbps, rtt :39.64ms cwnd: 24.4 lossRate: 0.005348026902195932 CC:22 score:-83.0 
1664845468.821758 -- INFO: Changing concurrency to 24 ******
1664845468.822442 -- INFO: Process Status Bits from change concurrency are: 1 1 1 1 1 1 1 1 1 1 1 1 1 1 1 1 1 1 1 1 1 1 1 1 0 0 0 0 0 0 0 0
1664845468.823159 -- INFO: Active CC: 24
1664845468.823083 -- INFO: Start Process :: 22
1664845468.823405 -- INFO: Start Process :: 23
1664845468.862461 -- INFO: Process 22 get item 26 from queue and executing
1664845468.862923 -- INFO: Process 23 get item 23 from queue and executing
1664845468.862960 -- INFO: starting 22, 26, /users/jamilm/files_to_Send/FILE0
1664845468.863328 -- INFO: starting 23, 23, /users/jamilm/files_to_Send/FILE3
1664845469.746868 -- INFO: Throughput @113.2s:181.41Mbps, rtt :39.63ms cwnd: 25.2 lossRate: 0.0042929621438792765 CC:24 score:-105.0 
1664845470.750964 -- INFO: Throughput @114.2s:178.23Mbps, rtt :39.47ms cwnd: 22.7 lossRate: 0.005161802660313679 CC:24 score:-102.0 
1664845471.752683 -- INFO: Throughput @115.2s:146.59Mbps, rtt :39.63ms cwnd: 20.9 lossRate: 0.006528662420382166 CC:24 score:-82.0 
1664845472.024185 -- INFO: Gradient: -3.8333333333333286, Gredient Change: 0.04323308270676686, Theta: 3, Previous CC: 23, Choosen CC: 26
1664845472.024368 -- INFO: Changing concurrency to 25 ******
1664845472.024947 -- INFO: Process Status Bits from change concurrency are: 1 1 1 1 1 1 1 1 1 1 1 1 1 1 1 1 1 1 1 1 1 1 1 1 1 0 0 0 0 0 0 0
1664845472.025501 -- INFO: Active CC: 25
1664845472.026477 -- INFO: Start Process :: 24
1664845472.066244 -- INFO: Process 24 get item 19 from queue and executing
1664845472.066592 -- INFO: starting 24, 19, /users/jamilm/files_to_Send/FILE3
1664845472.753537 -- INFO: Throughput @116.2s:151.43Mbps, rtt :39.5ms cwnd: 21.6 lossRate: 0.00612369871402327 CC:25 score:-83.0 
1664845473.754355 -- INFO: Throughput @117.2s:152.42Mbps, rtt :39.58ms cwnd: 22.3 lossRate: 0.005338078291814947 CC:25 score:-85.0 
1664845474.755852 -- INFO: Throughput @118.2s:159.51Mbps, rtt :39.06ms cwnd: 25.6 lossRate: 0.004025992371803927 CC:25 score:-91.0 
1664845475.226665 -- INFO: Changing concurrency to 27 ******
1664845475.227387 -- INFO: Process Status Bits from change concurrency are: 1 1 1 1 1 1 1 1 1 1 1 1 1 1 1 1 1 1 1 1 1 1 1 1 1 1 1 0 0 0 0 0
1664845475.227809 -- INFO: Active CC: 27
1664845475.229507 -- INFO: Start Process :: 26
1664845475.229569 -- INFO: Start Process :: 25
1664845475.269403 -- INFO: Process 26 get item 20 from queue and executing
1664845475.269485 -- INFO: Process 25 get item 25 from queue and executing
1664845475.269696 -- INFO: starting 26, 20, /users/jamilm/files_to_Send/FILE2
1664845475.269763 -- INFO: starting 25, 25, /users/jamilm/files_to_Send/FILE1
1664845475.756219 -- INFO: Throughput @119.2s:203.42Mbps, rtt :39.7ms cwnd: 24.5 lossRate: 0.005008944543828265 CC:27 score:-109.0 
1664845476.756365 -- INFO: Throughput @120.2s:179.34Mbps, rtt :39.19ms cwnd: 23.6 lossRate: 0.005741260525644297 CC:27 score:-95.0 
1664845477.757942 -- INFO: Throughput @121.2s:193.84Mbps, rtt :39.44ms cwnd: 23.7 lossRate: 0.004889377826671556 CC:27 score:-104.0 
1664845478.428803 -- INFO: Gradient: -8.166666666666671, Gredient Change: 0.09459459459459466, Theta: 4, Previous CC: 26, Choosen CC: 31
1664845478.428977 -- INFO: Changing concurrency to 30 ******
1664845478.429357 -- INFO: Process Status Bits from change concurrency are: 1 1 1 1 1 1 1 1 1 1 1 1 1 1 1 1 1 1 1 1 1 1 1 1 1 1 1 1 1 1 0 0
1664845478.429610 -- INFO: Active CC: 30
1664845478.432398 -- INFO: Start Process :: 29
1664845478.432594 -- INFO: Start Process :: 28
1664845478.432820 -- INFO: Start Process :: 27
1664845478.472160 -- INFO: Process 29 get item 1 from queue and executing
1664845478.472237 -- INFO: Process 28 get item 28 from queue and executing
1664845478.472383 -- INFO: Process 27 get item 16 from queue and executing
1664845478.472490 -- INFO: starting 28, 28, /users/jamilm/files_to_Send/FILE2
1664845478.472499 -- INFO: starting 29, 1, /users/jamilm/files_to_Send/FILE1
1664845478.472638 -- INFO: starting 27, 16, /users/jamilm/files_to_Send/FILE2
1664845478.759405 -- INFO: Throughput @122.2s:195.65Mbps, rtt :39.27ms cwnd: 24.0 lossRate: 0.004351661276095266 CC:30 score:-99.0 
1664845479.760631 -- INFO: Throughput @123.2s:212.8Mbps, rtt :39.31ms cwnd: 21.4 lossRate: 0.006545010815907705 CC:30 score:-104.0 
1664845480.762280 -- INFO: Throughput @124.2s:194.95Mbps, rtt :39.32ms cwnd: 21.2 lossRate: 0.005767712950033392 CC:30 score:-96.0 
1664845481.630714 -- INFO: Changing concurrency to 32 ******
1664845481.631094 -- INFO: Process Status Bits from change concurrency are: 1 1 1 1 1 1 1 1 1 1 1 1 1 1 1 1 1 1 1 1 1 1 1 1 1 1 1 1 1 1 1 1
1664845481.631289 -- INFO: Active CC: 32
1664845481.637035 -- INFO: Start Process :: 31
1664845481.637950 -- INFO: Start Process :: 30
1664845481.676476 -- INFO: Process 31 get item 27 from queue and executing
1664845481.676733 -- INFO: starting 31, 27, /users/jamilm/files_to_Send/FILE3
1664845481.677674 -- INFO: Process 30 get item 17 from queue and executing
1664845481.677973 -- INFO: starting 30, 17, /users/jamilm/files_to_Send/FILE1
1664845481.762101 -- INFO: Throughput @125.2s:188.72Mbps, rtt :39.44ms cwnd: 22.8 lossRate: 0.005106945445806296 CC:32 score:-91.0 
1664845482.764253 -- INFO: Throughput @126.2s:212.97Mbps, rtt :39.42ms cwnd: 23.2 lossRate: 0.00582769805926659 CC:32 score:-101.0 
1664845483.765526 -- INFO: Throughput @127.2s:225.31Mbps, rtt :39.62ms cwnd: 25.1 lossRate: 0.00401304238776022 CC:32 score:-111.0 
1664845484.766162 -- INFO: Throughput @128.2s:233.49Mbps, rtt :39.13ms cwnd: 25.3 lossRate: 0.004229785559708834 CC:32 score:-114.0 
1664845484.832431 -- INFO: Gradient: -4.5, Gredient Change: 0.0451505016722408, Theta: 5, Previous CC: 31, Choosen CC: 31
1664845484.832732 -- INFO: Changing concurrency to 30 ******
1664845484.832887 -- INFO: Process Status Bits from change concurrency are: 1 1 1 1 1 1 1 1 1 1 1 1 1 1 1 1 1 1 1 1 1 1 1 1 1 1 1 1 1 1 0 0
1664845484.833066 -- INFO: Active CC: 30
1664845485.767618 -- INFO: Throughput @129.2s:224.61Mbps, rtt :39.44ms cwnd: 23.8 lossRate: 0.005827153019524746 CC:30 score:-111.0 
1664845486.768606 -- INFO: Throughput @130.2s:206.87Mbps, rtt :39.68ms cwnd: 24.4 lossRate: 0.004871028451234363 CC:30 score:-104.0 
1664845487.769577 -- INFO: Throughput @131.2s:206.38Mbps, rtt :39.52ms cwnd: 21.3 lossRate: 0.006121859659254982 CC:30 score:-101.0 
1664845488.034189 -- INFO: Changing concurrency to 32 ******
1664845488.034588 -- INFO: Process Status Bits from change concurrency are: 1 1 1 1 1 1 1 1 1 1 1 1 1 1 1 1 1 1 1 1 1 1 1 1 1 1 1 1 1 1 1 1
1664845488.034772 -- INFO: Active CC: 32
1664845488.034909 -- INFO: Start Process :: 31
1664845488.035027 -- INFO: Start Process :: 30
1664845488.074320 -- INFO: Process 31 get item 17 from queue and executing
1664845488.074401 -- INFO: Process 30 get item 27 from queue and executing
1664845488.074666 -- INFO: starting 31, 17, /users/jamilm/files_to_Send/FILE1
1664845488.074725 -- INFO: starting 30, 27, /users/jamilm/files_to_Send/FILE3
1664845488.770903 -- INFO: Throughput @132.2s:201.95Mbps, rtt :39.41ms cwnd: 24.4 lossRate: 0.004439449283506603 CC:32 score:-98.0 
1664845489.771824 -- INFO: Throughput @133.2s:236.25Mbps, rtt :39.16ms cwnd: 24.6 lossRate: 0.005220097374893339 CC:32 score:-113.0 
1664845490.772950 -- INFO: Throughput @134.2s:246.79Mbps, rtt :39.32ms cwnd: 26.5 lossRate: 0.0035778175313059034 CC:32 score:-122.0 
1664845491.236015 -- INFO: Gradient: -2.8333333333333357, Gredient Change: 0.026898734177215215, Theta: 6, Previous CC: 31, Choosen CC: 31
1664845491.236190 -- INFO: Changing concurrency to 30 ******
1664845491.236353 -- INFO: Process Status Bits from change concurrency are: 1 1 1 1 1 1 1 1 1 1 1 1 1 1 1 1 1 1 1 1 1 1 1 1 1 1 1 1 1 1 0 0
1664845491.236509 -- INFO: Active CC: 30
1664845491.773767 -- INFO: Throughput @135.2s:218.01Mbps, rtt :40.03ms cwnd: 23.2 lossRate: 0.005564703878257907 CC:30 score:-108.0 
1664845492.774828 -- INFO: Throughput @136.2s:209.95Mbps, rtt :39.24ms cwnd: 22.5 lossRate: 0.005622245859291901 CC:30 score:-104.0 
1664845493.775970 -- INFO: Throughput @137.2s:178.23Mbps, rtt :39.46ms cwnd: 20.9 lossRate: 0.006488691138301817 CC:30 score:-87.0 
1664845494.437554 -- INFO: Changing concurrency to 32 ******
1664845494.437914 -- INFO: Process Status Bits from change concurrency are: 1 1 1 1 1 1 1 1 1 1 1 1 1 1 1 1 1 1 1 1 1 1 1 1 1 1 1 1 1 1 1 1
1664845494.438083 -- INFO: Active CC: 32
1664845494.438255 -- INFO: Start Process :: 31
1664845494.438378 -- INFO: Start Process :: 30
1664845494.477750 -- INFO: Process 31 get item 27 from queue and executing
1664845494.477863 -- INFO: Process 30 get item 17 from queue and executing
1664845494.477975 -- INFO: starting 31, 27, /users/jamilm/files_to_Send/FILE3
1664845494.478077 -- INFO: starting 30, 17, /users/jamilm/files_to_Send/FILE1
1664845494.776956 -- INFO: Throughput @138.2s:203.06Mbps, rtt :39.76ms cwnd: 21.0 lossRate: 0.005731869192711476 CC:32 score:-96.0 
1664845495.778163 -- INFO: Throughput @139.2s:202.03Mbps, rtt :39.34ms cwnd: 20.9 lossRate: 0.005782312925170068 CC:32 score:-96.0 
1664845496.779703 -- INFO: Throughput @140.2s:209.05Mbps, rtt :39.55ms cwnd: 24.1 lossRate: 0.0037200776364028467 CC:32 score:-103.0 
1664845497.639241 -- INFO: Gradient: 0.6666666666666714, Gredient Change: 0.006688963210702389, Theta: -1, Previous CC: 31, Choosen CC: 30
1664845497.639408 -- INFO: Changing concurrency to 29 ******
1664845497.639563 -- INFO: Process Status Bits from change concurrency are: 1 1 1 1 1 1 1 1 1 1 1 1 1 1 1 1 1 1 1 1 1 1 1 1 1 1 1 1 1 0 0 0
1664845497.639716 -- INFO: Active CC: 29
1664845497.780337 -- INFO: Throughput @141.2s:224.31Mbps, rtt :39.61ms cwnd: 25.4 lossRate: 0.004079967360261118 CC:29 score:-117.0 
1664845498.781883 -- INFO: Throughput @142.2s:237.2Mbps, rtt :39.5ms cwnd: 27.1 lossRate: 0 CC:29 score:-134.0 
1664845499.778423 -- INFO: Throughput @143.2s:221.33Mbps, rtt :39.64ms cwnd: 25.7 lossRate: 0.004542093588253935 CC:29 score:-115.0 
1664845500.783385 -- INFO: Throughput @144.2s:217.22Mbps, rtt :39.73ms cwnd: 23.6 lossRate: 0.005243165159702531 CC:29 score:-111.0 
1664845500.840676 -- INFO: Changing concurrency to 31 ******
1664845500.841062 -- INFO: Process Status Bits from change concurrency are: 1 1 1 1 1 1 1 1 1 1 1 1 1 1 1 1 1 1 1 1 1 1 1 1 1 1 1 1 1 1 1 0
1664845500.841303 -- INFO: Active CC: 31
1664845500.841325 -- INFO: Start Process :: 29
1664845500.841703 -- INFO: Start Process :: 30
1664845500.880456 -- INFO: Process 29 get item 27 from queue and executing
1664845500.880805 -- INFO: starting 29, 27, /users/jamilm/files_to_Send/FILE3
1664845500.881135 -- INFO: Process 30 get item 1 from queue and executing
1664845500.881519 -- INFO: starting 30, 1, /users/jamilm/files_to_Send/FILE1
1664845501.784189 -- INFO: Throughput @145.2s:214.31Mbps, rtt :39.11ms cwnd: 25.6 lossRate: 0.003658148658678825 CC:31 score:-108.0 
1664845502.786018 -- INFO: Throughput @146.2s:242.03Mbps, rtt :39.32ms cwnd: 25.9 lossRate: 0.0042160996176095695 CC:31 score:-121.0 
1664845503.787253 -- INFO: Throughput @147.2s:227.89Mbps, rtt :39.58ms cwnd: 24.9 lossRate: 0.0044570700886516134 CC:31 score:-113.0 
1664845504.042552 -- INFO: Gradient: 3.0, Gredient Change: 0.025, Theta: -2, Previous CC: 30, Choosen CC: 28
1664845504.042759 -- INFO: Changing concurrency to 27 ******
1664845504.042961 -- INFO: Process Status Bits from change concurrency are: 1 1 1 1 1 1 1 1 1 1 1 1 1 1 1 1 1 1 1 1 1 1 1 1 1 1 1 0 0 0 0 0
1664845504.043161 -- INFO: Active CC: 27
1664845504.787890 -- INFO: Throughput @148.2s:217.55Mbps, rtt :39.64ms cwnd: 24.3 lossRate: 0.002171159761172426 CC:27 score:-123.0 
1664845505.788563 -- INFO: Throughput @149.2s:186.25Mbps, rtt :39.81ms cwnd: 23.5 lossRate: 0 CC:27 score:-109.0 
1664845506.789950 -- INFO: Throughput @150.2s:191.5Mbps, rtt :39.52ms cwnd: 24.9 lossRate: 0.0043670808217492925 CC:27 score:-104.0 
1664845507.244373 -- INFO: Changing concurrency to 29 ******
1664845507.244889 -- INFO: Process Status Bits from change concurrency are: 1 1 1 1 1 1 1 1 1 1 1 1 1 1 1 1 1 1 1 1 1 1 1 1 1 1 1 1 1 0 0 0
1664845507.245133 -- INFO: Start Process :: 28
1664845507.245234 -- INFO: Active CC: 29
1664845507.245233 -- INFO: Start Process :: 27
1664845507.284390 -- INFO: Process 28 get item 17 from queue and executing
1664845507.284537 -- INFO: Process 27 get item 28 from queue and executing
1664845507.284736 -- INFO: starting 28, 17, /users/jamilm/files_to_Send/FILE1
1664845507.284861 -- INFO: starting 27, 28, /users/jamilm/files_to_Send/FILE2
1664845507.791102 -- INFO: Throughput @151.2s:202.22Mbps, rtt :39.83ms cwnd: 25.0 lossRate: 0.004335344777081258 CC:29 score:-105.0 
1664845508.792306 -- INFO: Throughput @152.2s:200.96Mbps, rtt :39.22ms cwnd: 21.5 lossRate: 0.006595171187704307 CC:29 score:-100.0 
1664845509.792831 -- INFO: Throughput @153.2s:176.07Mbps, rtt :39.75ms cwnd: 21.2 lossRate: 0.006006389776357828 CC:29 score:-89.0 
1664845510.446598 -- INFO: Gradient: 7.0, Gredient Change: 0.0625, Theta: -3, Previous CC: 28, Choosen CC: 22
1664845510.446826 -- INFO: Changing concurrency to 21 ******
1664845510.447147 -- INFO: Process Status Bits from change concurrency are: 1 1 1 1 1 1 1 1 1 1 1 1 1 1 1 1 1 1 1 1 1 0 0 0 0 0 0 0 0 0 0 0
1664845510.447518 -- INFO: Active CC: 21
1664845510.794205 -- INFO: Throughput @154.2s:178.9Mbps, rtt :39.83ms cwnd: 21.1 lossRate: 0.0062025120173670335 CC:21 score:-107.0 
1664845511.793032 -- INFO: Throughput @155.2s:140.18Mbps, rtt :39.34ms cwnd: 23.5 lossRate: 0 CC:21 score:-92.0 
1664845512.796456 -- INFO: Throughput @156.2s:137.25Mbps, rtt :39.58ms cwnd: 22.9 lossRate: 0.0051422410218130545 CC:21 score:-83.0 
1664845513.648454 -- INFO: Changing concurrency to 23 ******
1664845513.649486 -- INFO: Process Status Bits from change concurrency are: 1 1 1 1 1 1 1 1 1 1 1 1 1 1 1 1 1 1 1 1 1 1 1 0 0 0 0 0 0 0 0 0
1664845513.649612 -- INFO: Start Process :: 21
1664845513.650334 -- INFO: Active CC: 23
1664845513.650205 -- INFO: Start Process :: 22
1664845513.688934 -- INFO: Process 21 get item 16 from queue and executing
1664845513.689250 -- INFO: starting 21, 16, /users/jamilm/files_to_Send/FILE2
1664845513.689753 -- INFO: Process 22 get item 27 from queue and executing
1664845513.690135 -- INFO: starting 22, 27, /users/jamilm/files_to_Send/FILE3
1664845513.795870 -- INFO: Throughput @157.2s:153.46Mbps, rtt :39.6ms cwnd: 22.4 lossRate: 0.004563431700638881 CC:23 score:-90.0 
1664845514.798614 -- INFO: Throughput @158.2s:166.01Mbps, rtt :39.77ms cwnd: 25.1 lossRate: 0.0038364955357142855 CC:23 score:-99.0 
1664845515.799764 -- INFO: Throughput @159.2s:181.15Mbps, rtt :39.61ms cwnd: 26.3 lossRate: 0.003537735849056604 CC:23 score:-108.0 
1664845516.800272 -- INFO: Throughput @160.2s:163.61Mbps, rtt :39.28ms cwnd: 24.6 lossRate: 0.00503517726582977 CC:23 score:-96.0 
1664845516.851690 -- INFO: Gradient: -3.5, Gredient Change: 0.03723404255319149, Theta: 1, Previous CC: 22, Choosen CC: 23
1664845516.851860 -- INFO: Changing concurrency to 22 ******
1664845516.852577 -- INFO: Process Status Bits from change concurrency are: 1 1 1 1 1 1 1 1 1 1 1 1 1 1 1 1 1 1 1 1 1 1 0 0 0 0 0 0 0 0 0 0
1664845516.853482 -- INFO: Active CC: 22
1664845517.799319 -- INFO: Throughput @161.2s:158.35Mbps, rtt :39.45ms cwnd: 23.0 lossRate: 0.005509152301403945 CC:22 score:-94.0 
1664845518.802075 -- INFO: Throughput @162.2s:148.56Mbps, rtt :39.53ms cwnd: 23.8 lossRate: 0.004371165644171779 CC:22 score:-90.0 
1664845519.802784 -- INFO: Throughput @163.2s:153.5Mbps, rtt :39.5ms cwnd: 24.6 lossRate: 0.00427895803618347 CC:22 score:-93.0 
1664845520.054600 -- INFO: Changing concurrency to 24 ******
1664845520.055245 -- INFO: Process Status Bits from change concurrency are: 1 1 1 1 1 1 1 1 1 1 1 1 1 1 1 1 1 1 1 1 1 1 1 1 0 0 0 0 0 0 0 0
1664845520.055562 -- INFO: Start Process :: 22
1664845520.055830 -- INFO: Active CC: 24
1664845520.055639 -- INFO: Start Process :: 23
1664845520.094785 -- INFO: Process 22 get item 1 from queue and executing
1664845520.095070 -- INFO: starting 22, 1, /users/jamilm/files_to_Send/FILE1
1664845520.095107 -- INFO: Process 23 get item 23 from queue and executing
1664845520.095387 -- INFO: starting 23, 23, /users/jamilm/files_to_Send/FILE3
1664845520.803815 -- INFO: Throughput @164.2s:161.61Mbps, rtt :39.25ms cwnd: 22.0 lossRate: 0.0065828402366863905 CC:24 score:-90.0 
1664845521.806080 -- INFO: Throughput @165.2s:159.63Mbps, rtt :39.31ms cwnd: 23.1 lossRate: 0.004575350300257364 CC:24 score:-92.0 
1664845522.806333 -- INFO: Throughput @166.2s:171.99Mbps, rtt :39.44ms cwnd: 23.1 lossRate: 0.005114915092409466 CC:24 score:-98.0 
1664845523.257010 -- INFO: Gradient: -0.5, Gredient Change: 0.005415162454873647, Theta: 2, Previous CC: 23, Choosen CC: 25
1664845523.257174 -- INFO: Changing concurrency to 24 ******
1664845523.257784 -- INFO: Process Status Bits from change concurrency are: 1 1 1 1 1 1 1 1 1 1 1 1 1 1 1 1 1 1 1 1 1 1 1 1 0 0 0 0 0 0 0 0
1664845523.258319 -- INFO: Active CC: 24
1664845523.806041 -- INFO: Throughput @167.2s:170.52Mbps, rtt :39.21ms cwnd: 24.0 lossRate: 0.0048170201378202986 CC:24 score:-98.0 
1664845524.808681 -- INFO: Throughput @168.2s:177.6Mbps, rtt :39.2ms cwnd: 26.3 lossRate: 0.003980943679436142 CC:24 score:-103.0 
1664845525.809379 -- INFO: Throughput @169.2s:185.54Mbps, rtt :39.63ms cwnd: 23.7 lossRate: 0.005042445905406268 CC:24 score:-106.0 
1664845526.459226 -- INFO: Changing concurrency to 26 ******
1664845526.459938 -- INFO: Process Status Bits from change concurrency are: 1 1 1 1 1 1 1 1 1 1 1 1 1 1 1 1 1 1 1 1 1 1 1 1 1 1 0 0 0 0 0 0
1664845526.460088 -- INFO: Start Process :: 25
1664845526.460181 -- INFO: Start Process :: 24
1664845526.460469 -- INFO: Active CC: 26
1664845526.499204 -- INFO: Process 25 get item 17 from queue and executing
1664845526.499310 -- INFO: Process 24 get item 28 from queue and executing
1664845526.499501 -- INFO: starting 25, 17, /users/jamilm/files_to_Send/FILE1
1664845526.499565 -- INFO: starting 24, 28, /users/jamilm/files_to_Send/FILE2
1664845526.809627 -- INFO: Throughput @170.2s:169.58Mbps, rtt :39.29ms cwnd: 23.8 lossRate: 0.004941880698823693 CC:26 score:-93.0 
1664845527.810514 -- INFO: Throughput @171.2s:173.1Mbps, rtt :39.02ms cwnd: 23.5 lossRate: 0.005053777374627446 CC:26 score:-95.0 
1664845528.813352 -- INFO: Throughput @172.2s:178.06Mbps, rtt :39.32ms cwnd: 23.2 lossRate: 0.004786545924967659 CC:26 score:-98.0 
1664845529.661675 -- INFO: Gradient: 3.5, Gredient Change: 0.03420195439739414, Theta: -1, Previous CC: 25, Choosen CC: 24
1664845529.661848 -- INFO: Changing concurrency to 23 ******
1664845529.662361 -- INFO: Process Status Bits from change concurrency are: 1 1 1 1 1 1 1 1 1 1 1 1 1 1 1 1 1 1 1 1 1 1 1 0 0 0 0 0 0 0 0 0
1664845529.662863 -- INFO: Active CC: 23
1664845529.814124 -- INFO: Throughput @173.2s:178.63Mbps, rtt :39.47ms cwnd: 21.6 lossRate: 0.005795574288724974 CC:23 score:-103.0 
1664845530.815480 -- INFO: Throughput @174.2s:152.9Mbps, rtt :39.24ms cwnd: 24.4 lossRate: 0.0009299442033477991 CC:23 score:-96.0 
1664845531.816309 -- INFO: Throughput @175.2s:166.76Mbps, rtt :39.58ms cwnd: 24.3 lossRate: 0.004891342324086367 CC:23 score:-98.0 
1664845532.816541 -- INFO: Throughput @176.2s:170.25Mbps, rtt :39.62ms cwnd: 25.2 lossRate: 0.0042384658143413 CC:23 score:-101.0 
1664845532.863921 -- INFO: Changing concurrency to 25 ******
1664845532.864545 -- INFO: Process Status Bits from change concurrency are: 1 1 1 1 1 1 1 1 1 1 1 1 1 1 1 1 1 1 1 1 1 1 1 1 1 0 0 0 0 0 0 0
1664845532.864587 -- INFO: Start Process :: 23
1664845532.864670 -- INFO: Start Process :: 24
1664845532.865015 -- INFO: Active CC: 25
1664845532.903712 -- INFO: Process 23 get item 24 from queue and executing
1664845532.903826 -- INFO: Process 24 get item 19 from queue and executing
1664845532.903958 -- INFO: starting 23, 24, /users/jamilm/files_to_Send/FILE2
1664845532.904050 -- INFO: starting 24, 19, /users/jamilm/files_to_Send/FILE3
1664845533.814629 -- INFO: Throughput @177.2s:162.61Mbps, rtt :39.65ms cwnd: 23.0 lossRate: 0.0051862972567217145 CC:25 score:-91.0 
1664845534.814925 -- INFO: Throughput @178.2s:170.87Mbps, rtt :39.36ms cwnd: 22.7 lossRate: 0.0055206149545772186 CC:25 score:-95.0 
1664845535.819901 -- INFO: Throughput @179.2s:167.2Mbps, rtt :39.58ms cwnd: 22.9 lossRate: 0.0050863242352604055 CC:25 score:-93.0 
1664845536.066319 -- INFO: Gradient: 2.6666666666666643, Gredient Change: 0.02711864406779659, Theta: -2, Previous CC: 24, Choosen CC: 22
1664845536.066527 -- INFO: Changing concurrency to 21 ******
1664845536.066986 -- INFO: Process Status Bits from change concurrency are: 1 1 1 1 1 1 1 1 1 1 1 1 1 1 1 1 1 1 1 1 1 0 0 0 0 0 0 0 0 0 0 0
1664845536.067538 -- INFO: Active CC: 21
1664845536.820821 -- INFO: Throughput @180.2s:142.44Mbps, rtt :39.94ms cwnd: 22.8 lossRate: 0 CC:21 score:-94.0 
1664845537.821206 -- INFO: Throughput @181.2s:152.79Mbps, rtt :39.59ms cwnd: 25.4 lossRate: 0.003883662725468197 CC:21 score:-95.0 
1664845538.822905 -- INFO: Throughput @182.2s:154.75Mbps, rtt :39.58ms cwnd: 27.4 lossRate: 0.003115942028985507 CC:21 score:-97.0 
1664845539.268548 -- INFO: Changing concurrency to 23 ******
1664845539.269395 -- INFO: Process Status Bits from change concurrency are: 1 1 1 1 1 1 1 1 1 1 1 1 1 1 1 1 1 1 1 1 1 1 1 0 0 0 0 0 0 0 0 0
1664845539.269438 -- INFO: Start Process :: 21
1664845539.269569 -- INFO: Start Process :: 22
1664845539.270021 -- INFO: Active CC: 23
1664845539.308494 -- INFO: Process 21 get item 25 from queue and executing
1664845539.308737 -- INFO: starting 21, 25, /users/jamilm/files_to_Send/FILE1
1664845539.308797 -- INFO: Process 22 get item 20 from queue and executing
1664845539.309050 -- INFO: starting 22, 20, /users/jamilm/files_to_Send/FILE2
1664845539.823507 -- INFO: Throughput @183.2s:164.13Mbps, rtt :39.52ms cwnd: 21.4 lossRate: 0.006236543173212562 CC:23 score:-94.0 
1664845540.823336 -- INFO: Throughput @184.2s:147.18Mbps, rtt :39.62ms cwnd: 24.1 lossRate: 0.004208944006012777 CC:23 score:-87.0 
1664845541.825767 -- INFO: Throughput @185.2s:168.83Mbps, rtt :39.5ms cwnd: 26.7 lossRate: 0.0033783783783783786 CC:23 score:-101.0 
1664845542.471098 -- INFO: Gradient: 0.6666666666666643, Gredient Change: 0.006993006993006969, Theta: -3, Previous CC: 22, Choosen CC: 19
1664845542.471265 -- INFO: Changing concurrency to 18 ******
1664845542.471903 -- INFO: Process Status Bits from change concurrency are: 1 1 1 1 1 1 1 1 1 1 1 1 1 1 1 1 1 1 0 0 0 0 0 0 0 0 0 0 0 0 0 0
1664845542.472692 -- INFO: Active CC: 18
1664845542.824193 -- INFO: Throughput @186.2s:157.42Mbps, rtt :39.61ms cwnd: 22.9 lossRate: 0.005798502053636144 CC:18 score:-101.0 
1664845543.827780 -- INFO: Throughput @187.2s:124.91Mbps, rtt :39.92ms cwnd: 22.9 lossRate: 0 CC:18 score:-87.0 
1664845544.828822 -- INFO: Throughput @188.2s:122.97Mbps, rtt :39.43ms cwnd: 24.4 lossRate: 0.004125412541254125 CC:18 score:-81.0 
1664845545.673811 -- INFO: Changing concurrency to 20 ******
1664845545.675308 -- INFO: Start Process :: 18
1664845545.675413 -- INFO: Start Process :: 19
1664845545.675642 -- INFO: Process Status Bits from change concurrency are: 1 1 1 1 1 1 1 1 1 1 1 1 1 1 1 1 1 1 1 1 0 0 0 0 0 0 0 0 0 0 0 0
1664845545.677514 -- INFO: Active CC: 20
1664845545.714898 -- INFO: Process 18 get item 26 from queue and executing
1664845545.714997 -- INFO: Process 19 get item 27 from queue and executing
1664845545.715255 -- INFO: starting 18, 26, /users/jamilm/files_to_Send/FILE0
1664845545.715424 -- INFO: starting 19, 27, /users/jamilm/files_to_Send/FILE3
1664845545.829873 -- INFO: Throughput @189.2s:128.94Mbps, rtt :39.41ms cwnd: 23.7 lossRate: 0.004335651702646554 CC:20 score:-81.0 
1664845546.828272 -- INFO: Throughput @190.2s:145.11Mbps, rtt :39.7ms cwnd: 25.4 lossRate: 0.00468055230517201 CC:20 score:-91.0 
1664845547.831482 -- INFO: Throughput @191.2s:149.04Mbps, rtt :39.29ms cwnd: 24.4 lossRate: 0.004560364829186335 CC:20 score:-94.0 
1664845548.832597 -- INFO: Throughput @192.3s:133.27Mbps, rtt :39.27ms cwnd: 23.6 lossRate: 0.005490453167253954 CC:20 score:-82.0 
1664845548.878503 -- INFO: Gradient: 0.3333333333333357, Gredient Change: 0.003717472118959134, Theta: -4, Previous CC: 19, Choosen CC: 15
1664845548.878640 -- INFO: Changing concurrency to 14 ******
1664845548.879777 -- INFO: Process Status Bits from change concurrency are: 1 1 1 1 1 1 1 1 1 1 1 1 1 1 0 0 0 0 0 0 0 0 0 0 0 0 0 0 0 0 0 0
1664845548.881318 -- INFO: Active CC: 14
1664845549.834143 -- INFO: Throughput @193.3s:97.08Mbps, rtt :39.94ms cwnd: 22.7 lossRate: 0 CC:14 score:-74.0 
1664845550.835420 -- INFO: Throughput @194.3s:93.57Mbps, rtt :39.7ms cwnd: 21.8 lossRate: 0.005548021205769942 CC:14 score:-66.0 
1664845551.837665 -- INFO: Throughput @195.3s:88.19Mbps, rtt :39.64ms cwnd: 23.2 lossRate: 0.004820846905537459 CC:14 score:-63.0 
1664845552.082426 -- INFO: Changing concurrency to 16 ******
1664845552.084403 -- INFO: Start Process :: 15
1664845552.085418 -- INFO: Process Status Bits from change concurrency are: 1 1 1 1 1 1 1 1 1 1 1 1 1 1 1 1 0 0 0 0 0 0 0 0 0 0 0 0 0 0 0 0
1664845552.085191 -- INFO: Start Process :: 14
1664845552.087256 -- INFO: Active CC: 16
1664845552.123877 -- INFO: Process 15 get item 28 from queue and executing
1664845552.124276 -- INFO: starting 15, 28, /users/jamilm/files_to_Send/FILE2
1664845552.125068 -- INFO: Process 14 get item 23 from queue and executing
1664845552.125903 -- INFO: starting 14, 23, /users/jamilm/files_to_Send/FILE3
1664845552.837234 -- INFO: Throughput @196.3s:102.45Mbps, rtt :39.52ms cwnd: 21.1 lossRate: 0.005805178218971322 CC:16 score:-69.0 
1664845553.838289 -- INFO: Throughput @197.3s:104.59Mbps, rtt :39.49ms cwnd: 24.2 lossRate: 0.0038068305416576026 CC:16 score:-72.0 
1664845554.839315 -- INFO: Throughput @198.3s:113.69Mbps, rtt :39.4ms cwnd: 23.7 lossRate: 0.004566683964711988 CC:16 score:-78.0 
1664845555.288285 -- INFO: Gradient: -2.6666666666666643, Gredient Change: 0.03940886699507385, Theta: 1, Previous CC: 15, Choosen CC: 16
1664845555.288453 -- INFO: Changing concurrency to 15 ******
1664845555.290474 -- INFO: Process Status Bits from change concurrency are: 1 1 1 1 1 1 1 1 1 1 1 1 1 1 1 0 0 0 0 0 0 0 0 0 0 0 0 0 0 0 0 0
1664845555.293142 -- INFO: Active CC: 15
1664845555.840899 -- INFO: Throughput @199.3s:112.82Mbps, rtt :39.25ms cwnd: 25.7 lossRate: 0.003798377989939431 CC:15 score:-80.0 
1664845556.822559 -- INFO: episode expires
1664845556.822566 -- INFO: Process 23 shutdown itself from outest loop
1664845556.822874 -- INFO: Process 22 shutdown itself from outest loop
1664845556.823003 -- INFO: Process 24 shutdown itself from outest loop
1664845556.822942 -- INFO: Process 15 shutdown itself from outest loop
1664845556.823041 -- INFO: Process 19 shutdown itself from outest loop
1664845556.823102 -- INFO: Process Status Bits are: 1 1 1 1 1 1 1 1 1 1 1 1 1 1 1 0 0 0 0 0 0 0 0 0 0 0 0 0 0 0 0 0
1664845556.823274 -- INFO: Process Status Bits are: 1 1 1 1 1 1 1 1 1 1 1 1 1 1 1 0 0 0 0 0 0 0 0 0 0 0 0 0 0 0 0 0
1664845556.822905 -- INFO: Process 17 shutdown itself from outest loop
1664845556.822855 -- INFO: Process 26 shutdown itself from outest loop
1664845556.822999 -- INFO: Process 31 shutdown itself from outest loop
1664845556.822901 -- INFO: Process 21 shutdown itself from outest loop
1664845556.823082 -- INFO: Process 28 shutdown itself from outest loop
1664845556.823362 -- INFO: Process Status Bits are: 1 1 1 1 1 1 1 1 1 1 1 1 1 1 1 0 0 0 0 0 0 0 0 0 0 0 0 0 0 0 0 0
1664845556.823409 -- INFO: Process Status Bits are: 1 1 1 1 1 1 1 1 1 1 1 1 1 1 1 0 0 0 0 0 0 0 0 0 0 0 0 0 0 0 0 0
1664845556.823025 -- INFO: Process 16 shutdown itself from outest loop
1664845556.823066 -- INFO: Process 20 shutdown itself from outest loop
1664845556.823152 -- INFO: Process 30 shutdown itself from outest loop
1664845556.823024 -- INFO: Process 25 shutdown itself from outest loop
1664845556.823556 -- INFO: Process Status Bits are: 1 1 1 1 1 1 1 1 1 1 1 1 1 1 1 0 0 0 0 0 0 0 0 0 0 0 0 0 0 0 0 0
1664845556.823506 -- INFO: Process Status Bits are: 1 1 1 1 1 1 1 1 1 1 1 1 1 1 1 0 0 0 0 0 0 0 0 0 0 0 0 0 0 0 0 0
1664845556.823246 -- INFO: Process 18 shutdown itself from outest loop
1664845556.823737 -- INFO: Process Status Bits are: 1 1 1 1 1 1 1 1 1 1 1 1 1 1 1 0 0 0 0 0 0 0 0 0 0 0 0 0 0 0 0 0
1664845556.823687 -- INFO: Process Status Bits are: 1 1 1 1 1 1 1 1 1 1 1 1 1 1 1 0 0 0 0 0 0 0 0 0 0 0 0 0 0 0 0 0
1664845556.823690 -- INFO: Process Status Bits are: 1 1 1 1 1 1 1 1 1 1 1 1 1 1 1 0 0 0 0 0 0 0 0 0 0 0 0 0 0 0 0 0
1664845556.823297 -- INFO: Process 29 shutdown itself from outest loop
1664845556.823796 -- INFO: Process Status Bits are: 1 1 1 1 1 1 1 1 1 1 1 1 1 1 1 0 0 0 0 0 0 0 0 0 0 0 0 0 0 0 0 0
1664845556.823829 -- INFO: Process Status Bits are: 1 1 1 1 1 1 1 1 1 1 1 1 1 1 1 0 0 0 0 0 0 0 0 0 0 0 0 0 0 0 0 0
1664845556.823890 -- INFO: Process Status Bits are: 1 1 1 1 1 1 1 1 1 1 1 1 1 1 1 0 0 0 0 0 0 0 0 0 0 0 0 0 0 0 0 0
1664845556.823454 -- INFO: Process 27 shutdown itself from outest loop
1664845556.823907 -- INFO: Process Status Bits are: 1 1 1 1 1 1 1 1 1 1 1 1 1 1 1 0 0 0 0 0 0 0 0 0 0 0 0 0 0 0 0 0
1664845556.823954 -- INFO: Process Status Bits are: 1 1 1 1 1 1 1 1 1 1 1 1 1 1 1 0 0 0 0 0 0 0 0 0 0 0 0 0 0 0 0 0
1664845556.824150 -- INFO: Process Status Bits are: 1 1 1 1 1 1 1 1 1 1 1 1 1 1 1 0 0 0 0 0 0 0 0 0 0 0 0 0 0 0 0 0
1664845556.824098 -- INFO: Process Status Bits are: 1 1 1 1 1 1 1 1 1 1 1 1 1 1 1 0 0 0 0 0 0 0 0 0 0 0 0 0 0 0 0 0
1664845556.824293 -- INFO: Process Status Bits are: 1 1 1 1 1 1 1 1 1 1 1 1 1 1 1 0 0 0 0 0 0 0 0 0 0 0 0 0 0 0 0 0
1664845558.494282 -- INFO: episode expires
1664845558.577971 -- INFO: GD Optimizer Exits ...
1664845558.854603 -- INFO: Throughput @0.1s:0.0Mbps, rtt :39.52ms cwnd: 21.7 lossRate: 0.00495974499708911 CC:0 score:-0.0 
