1664851253.952713 -- INFO: Changing concurrency to 1 ******
1664851253.955282 -- INFO: Start Process :: 0
1664851253.961561 -- INFO: Process Status Bits from change concurrency are: 1 0 0 0 0 0 0 0 0 0 0 0 0 0 0 0 0 0 0 0 0 0 0 0 0 0 0 0 0 0 0 0
1664851253.970309 -- INFO: Active CC: 1
1664851253.994889 -- INFO: Process 0 get item 0 from queue and executing
1664851253.995561 -- INFO: starting 0, 0, /users/jamilm/files_to_Send/FILE2
1664851254.023294 -- INFO: Throughput @0.1s:0.0Mbps, rtt :38.55ms cwnd: 10.0 lossRate: 0.0 CC:1 score:-0.0 
1664851255.016836 -- INFO: Throughput @1.1s:8.39Mbps, rtt :38.61ms cwnd: 43.0 lossRate: 0.0020060180541624875 CC:1 score:-8.0 
1664851256.018250 -- INFO: Throughput @2.1s:16.78Mbps, rtt :38.63ms cwnd: 55.0 lossRate: 0.0 CC:1 score:-16.0 
1664851257.021557 -- INFO: Throughput @3.1s:16.78Mbps, rtt :38.58ms cwnd: 50.0 lossRate: 0.0015060240963855422 CC:1 score:-16.0 
1664851257.173459 -- INFO: Changing concurrency to 3 ******
1664851257.176584 -- INFO: Start Process :: 2
1664851257.176676 -- INFO: Start Process :: 1
1664851257.181322 -- INFO: Process Status Bits from change concurrency are: 1 1 1 0 0 0 0 0 0 0 0 0 0 0 0 0 0 0 0 0 0 0 0 0 0 0 0 0 0 0 0 0
1664851257.187321 -- INFO: Active CC: 3
1664851257.216556 -- INFO: Process 2 get item 1 from queue and executing
1664851257.216693 -- INFO: Process 1 get item 2 from queue and executing
1664851257.216941 -- INFO: starting 2, 1, /users/jamilm/files_to_Send/FILE1
1664851257.217414 -- INFO: starting 1, 2, /users/jamilm/files_to_Send/FILE0
1664851258.022552 -- INFO: Throughput @4.1s:25.17Mbps, rtt :38.58ms cwnd: 58.3 lossRate: 0.0011918951132300357 CC:3 score:-23.0 
1664851259.020466 -- INFO: Throughput @5.1s:83.89Mbps, rtt :38.67ms cwnd: 127.3 lossRate: 0.0006019563581640331 CC:3 score:-79.0 
1664851260.021726 -- INFO: Throughput @6.1s:176.16Mbps, rtt :38.84ms cwnd: 194.0 lossRate: 0.0012678734944002255 CC:3 score:-164.0 
1664851260.388453 -- INFO: Gradient: -37.66666666666667, Gredient Change: 2.825, Theta: 1, Previous CC: 2, Choosen CC: 8
1664851260.388549 -- INFO: Changing concurrency to 7 ******
1664851260.393974 -- INFO: Start Process :: 4
1664851260.394279 -- INFO: Start Process :: 3
1664851260.394897 -- INFO: Start Process :: 5
1664851260.395024 -- INFO: Start Process :: 6
1664851260.396197 -- INFO: Process Status Bits from change concurrency are: 1 1 1 1 1 1 1 0 0 0 0 0 0 0 0 0 0 0 0 0 0 0 0 0 0 0 0 0 0 0 0 0
1664851260.400448 -- INFO: Active CC: 7
1664851260.433784 -- INFO: Process 4 get item 3 from queue and executing
1664851260.434144 -- INFO: Process 3 get item 4 from queue and executing
1664851260.434323 -- INFO: starting 4, 3, /users/jamilm/files_to_Send/FILE3
1664851260.434748 -- INFO: starting 3, 4, /users/jamilm/files_to_Send/FILE2
1664851260.434882 -- INFO: Process 5 get item 5 from queue and executing
1664851260.435071 -- INFO: Process 6 get item 6 from queue and executing
1664851260.435298 -- INFO: starting 5, 5, /users/jamilm/files_to_Send/FILE1
1664851260.435445 -- INFO: starting 6, 6, /users/jamilm/files_to_Send/FILE0
1664851261.023349 -- INFO: Throughput @7.1s:201.33Mbps, rtt :39.16ms cwnd: 121.7 lossRate: 0.00022132462789796933 CC:7 score:-175.0 
1664851262.025928 -- INFO: Throughput @8.1s:301.99Mbps, rtt :38.9ms cwnd: 157.7 lossRate: 0.000351493848857645 CC:7 score:-262.0 
1664851263.025889 -- INFO: Throughput @9.1s:377.49Mbps, rtt :38.74ms cwnd: 212.3 lossRate: 0.0007019471403283892 CC:7 score:-326.0 
1664851263.601491 -- INFO: Changing concurrency to 9 ******
1664851263.605843 -- INFO: Start Process :: 8
1664851263.606463 -- INFO: Start Process :: 7
1664851263.607383 -- INFO: Process Status Bits from change concurrency are: 1 1 1 1 1 1 1 1 1 0 0 0 0 0 0 0 0 0 0 0 0 0 0 0 0 0 0 0 0 0 0 0
1664851263.611254 -- INFO: Active CC: 9
1664851263.645919 -- INFO: Process 8 get item 7 from queue and executing
1664851263.646278 -- INFO: starting 8, 7, /users/jamilm/files_to_Send/FILE3
1664851263.646357 -- INFO: Process 7 get item 8 from queue and executing
1664851263.646744 -- INFO: starting 7, 8, /users/jamilm/files_to_Send/FILE2
1664851264.024850 -- INFO: Throughput @10.1s:360.71Mbps, rtt :38.9ms cwnd: 131.9 lossRate: 0.0012607160867372667 CC:9 score:-297.0 
1664851265.028976 -- INFO: Throughput @11.1s:385.88Mbps, rtt :39.11ms cwnd: 143.8 lossRate: 0.0008300079808459697 CC:9 score:-320.0 
1664851266.029947 -- INFO: Throughput @12.1s:427.82Mbps, rtt :38.81ms cwnd: 177.7 lossRate: 0.0006716480564184367 CC:9 score:-355.0 
1664851266.812334 -- INFO: Gradient: -34.83333333333333, Gredient Change: 0.136959370904325, Theta: 2, Previous CC: 8, Choosen CC: 12
1664851266.812437 -- INFO: Changing concurrency to 11 ******
1664851266.815990 -- INFO: Start Process :: 10
1664851266.817520 -- INFO: Process Status Bits from change concurrency are: 1 1 1 1 1 1 1 1 1 1 1 0 0 0 0 0 0 0 0 0 0 0 0 0 0 0 0 0 0 0 0 0
1664851266.818846 -- INFO: Start Process :: 9
1664851266.821389 -- INFO: Active CC: 11
1664851266.855830 -- INFO: Process 10 get item 9 from queue and executing
1664851266.856433 -- INFO: starting 10, 9, /users/jamilm/files_to_Send/FILE1
1664851266.859128 -- INFO: Process 9 get item 10 from queue and executing
1664851266.859870 -- INFO: starting 9, 10, /users/jamilm/files_to_Send/FILE0
1664851267.029768 -- INFO: Throughput @13.1s:452.98Mbps, rtt :38.75ms cwnd: 138.2 lossRate: 0.0010087254753618803 CC:11 score:-360.0 
1664851268.030847 -- INFO: Throughput @14.1s:461.37Mbps, rtt :38.8ms cwnd: 139.9 lossRate: 0.000615368836696495 CC:11 score:-368.0 
1664851269.032145 -- INFO: Throughput @15.1s:503.32Mbps, rtt :38.65ms cwnd: 158.0 lossRate: 0.0005233111322549952 CC:11 score:-402.0 
1664851270.022378 -- INFO: Changing concurrency to 13 ******
1664851270.025753 -- INFO: Process Status Bits from change concurrency are: 1 1 1 1 1 1 1 1 1 1 1 1 1 0 0 0 0 0 0 0 0 0 0 0 0 0 0 0 0 0 0 0
1664851270.025862 -- INFO: Start Process :: 12
1664851270.026260 -- INFO: Start Process :: 11
1664851270.029286 -- INFO: Active CC: 13
1664851270.033125 -- INFO: Throughput @16.1s:595.59Mbps, rtt :38.87ms cwnd: 183.7 lossRate: 0.0007530120481927711 CC:11 score:-475.0 
1664851270.065683 -- INFO: Process 12 get item 11 from queue and executing
1664851270.066086 -- INFO: Process 11 get item 12 from queue and executing
1664851270.066206 -- INFO: starting 12, 11, /users/jamilm/files_to_Send/FILE3
1664851270.066751 -- INFO: starting 11, 12, /users/jamilm/files_to_Send/FILE2
1664851271.033177 -- INFO: Throughput @17.1s:620.76Mbps, rtt :38.93ms cwnd: 174.5 lossRate: 0.00027662517289073305 CC:13 score:-478.0 
1664851272.034018 -- INFO: Throughput @18.1s:713.03Mbps, rtt :39.27ms cwnd: 196.8 lossRate: 0.0002469501654566109 CC:13 score:-549.0 
1664851273.036812 -- INFO: Throughput @19.1s:729.81Mbps, rtt :39.04ms cwnd: 177.0 lossRate: 0.0007585574765321281 CC:13 score:-559.0 
1664851273.230367 -- INFO: Gradient: -75.99999999999997, Gredient Change: 0.2017699115044247, Theta: 3, Previous CC: 12, Choosen CC: 21
1664851273.230494 -- INFO: Changing concurrency to 20 ******
1664851273.233052 -- INFO: Process Status Bits from change concurrency are: 1 1 1 1 1 1 1 1 1 1 1 1 1 1 1 1 1 1 1 1 0 0 0 0 0 0 0 0 0 0 0 0
1664851273.234578 -- INFO: Active CC: 20
1664851273.234938 -- INFO: Start Process :: 15
1664851273.237258 -- INFO: Start Process :: 18
1664851273.239127 -- INFO: Start Process :: 16
1664851273.239688 -- INFO: Start Process :: 13
1664851273.239577 -- INFO: Start Process :: 14
1664851273.240242 -- INFO: Start Process :: 17
1664851273.240830 -- INFO: Start Process :: 19
1664851273.274921 -- INFO: Process 15 get item 13 from queue and executing
1664851273.275349 -- INFO: starting 15, 13, /users/jamilm/files_to_Send/FILE1
1664851273.277240 -- INFO: Process 18 get item 14 from queue and executing
1664851273.277568 -- INFO: starting 18, 14, /users/jamilm/files_to_Send/FILE0
1664851273.279809 -- INFO: Process 16 get item 15 from queue and executing
1664851273.280127 -- INFO: Process 13 get item 16 from queue and executing
1664851273.280174 -- INFO: Process 14 get item 17 from queue and executing
1664851273.280244 -- INFO: starting 16, 15, /users/jamilm/files_to_Send/FILE3
1664851273.280320 -- INFO: Process 17 get item 18 from queue and executing
1664851273.280513 -- INFO: starting 14, 17, /users/jamilm/files_to_Send/FILE1
1664851273.280624 -- INFO: starting 13, 16, /users/jamilm/files_to_Send/FILE2
1664851273.280736 -- INFO: Process 19 get item 19 from queue and executing
1664851273.280926 -- INFO: starting 17, 18, /users/jamilm/files_to_Send/FILE0
1664851273.281031 -- INFO: starting 19, 19, /users/jamilm/files_to_Send/FILE3
1664851274.033290 -- INFO: Throughput @20.1s:738.2Mbps, rtt :39.01ms cwnd: 128.1 lossRate: 0.0008277765003449069 CC:20 score:-491.0 
1664851275.028562 -- INFO: Throughput @21.1s:864.03Mbps, rtt :39.09ms cwnd: 148.4 lossRate: 0.0004393984493486981 CC:20 score:-578.0 
1664851276.034688 -- INFO: Throughput @22.1s:830.47Mbps, rtt :38.85ms cwnd: 138.0 lossRate: 0.0007451153548956839 CC:20 score:-553.0 
1664851276.435335 -- INFO: Changing concurrency to 22 ******
1664851276.436426 -- INFO: Process Status Bits from change concurrency are: 1 1 1 1 1 1 1 1 1 1 1 1 1 1 1 1 1 1 1 1 1 1 0 0 0 0 0 0 0 0 0 0
1664851276.437258 -- INFO: Active CC: 22
1664851276.440500 -- INFO: Start Process :: 21
1664851276.440610 -- INFO: Start Process :: 20
1664851276.480725 -- INFO: Process 20 get item 20 from queue and executing
1664851276.480856 -- INFO: Process 21 get item 21 from queue and executing
1664851276.481053 -- INFO: starting 20, 20, /users/jamilm/files_to_Send/FILE2
1664851276.481100 -- INFO: starting 21, 21, /users/jamilm/files_to_Send/FILE1
1664851277.038280 -- INFO: Throughput @23.1s:847.25Mbps, rtt :38.92ms cwnd: 136.0 lossRate: 0.0002158690754057664 CC:22 score:-546.0 
1664851278.039103 -- INFO: Throughput @24.1s:914.36Mbps, rtt :38.96ms cwnd: 140.0 lossRate: 0.0006194747370458798 CC:22 score:-586.0 
1664851279.039637 -- INFO: Throughput @25.1s:905.97Mbps, rtt :38.78ms cwnd: 126.8 lossRate: 0.000843025936219819 CC:22 score:-578.0 
1664851279.638117 -- INFO: Gradient: -14.666666666666686, Gredient Change: 0.027127003699136905, Theta: 4, Previous CC: 21, Choosen CC: 25
1664851279.638211 -- INFO: Changing concurrency to 24 ******
1664851279.638904 -- INFO: Process Status Bits from change concurrency are: 1 1 1 1 1 1 1 1 1 1 1 1 1 1 1 1 1 1 1 1 1 1 1 1 0 0 0 0 0 0 0 0
1664851279.640130 -- INFO: Active CC: 24
1664851279.640509 -- INFO: Start Process :: 22
1664851279.642006 -- INFO: Start Process :: 23
1664851279.680148 -- INFO: Process 22 get item 22 from queue and executing
1664851279.680443 -- INFO: starting 22, 22, /users/jamilm/files_to_Send/FILE0
1664851279.682542 -- INFO: Process 23 get item 23 from queue and executing
1664851279.682783 -- INFO: starting 23, 23, /users/jamilm/files_to_Send/FILE3
1664851280.041133 -- INFO: Throughput @26.1s:880.8Mbps, rtt :39.01ms cwnd: 128.3 lossRate: 0.00015834267994985815 CC:24 score:-546.0 
1664851281.042335 -- INFO: Throughput @27.1s:939.52Mbps, rtt :40.38ms cwnd: 140.6 lossRate: 0.0002481697481077057 CC:24 score:-582.0 
1664851282.040853 -- INFO: Throughput @28.1s:964.69Mbps, rtt :40.81ms cwnd: 148.1 lossRate: 0.00036848246637597495 CC:24 score:-596.0 
1664851282.841066 -- INFO: Changing concurrency to 26 ******
1664851282.841700 -- INFO: Process Status Bits from change concurrency are: 1 1 1 1 1 1 1 1 1 1 1 1 1 1 1 1 1 1 1 1 1 1 1 1 1 1 0 0 0 0 0 0
1664851282.842116 -- INFO: Active CC: 26
1664851282.844849 -- INFO: Start Process :: 24
1664851282.845117 -- INFO: Start Process :: 25
1664851282.886094 -- INFO: Process 24 get item 24 from queue and executing
1664851282.886411 -- INFO: starting 24, 24, /users/jamilm/files_to_Send/FILE2
1664851282.886511 -- INFO: Process 25 get item 25 from queue and executing
1664851282.886733 -- INFO: starting 25, 25, /users/jamilm/files_to_Send/FILE1
1664851283.040581 -- INFO: Throughput @29.1s:905.97Mbps, rtt :40.63ms cwnd: 135.6 lossRate: 0.00043088059683118096 CC:26 score:-537.0 
1664851284.045557 -- INFO: Throughput @30.1s:981.47Mbps, rtt :40.76ms cwnd: 128.1 lossRate: 0.0006869732693793933 CC:26 score:-580.0 
1664851285.047041 -- INFO: Throughput @31.1s:922.75Mbps, rtt :38.99ms cwnd: 123.0 lossRate: 0.00063399716565973 CC:26 score:-546.0 
1664851286.043109 -- INFO: Gradient: 10.166666666666629, Gredient Change: 0.017691415313224993, Theta: -1, Previous CC: 25, Choosen CC: 24
1664851286.043245 -- INFO: Changing concurrency to 23 ******
1664851286.043630 -- INFO: Process Status Bits from change concurrency are: 1 1 1 1 1 1 1 1 1 1 1 1 1 1 1 1 1 1 1 1 1 1 1 0 0 0 0 0 0 0 0 0
1664851286.044154 -- INFO: Active CC: 23
1664851286.046917 -- INFO: Throughput @32.1s:889.19Mbps, rtt :38.82ms cwnd: 111.4 lossRate: 0.0007915190678241011 CC:26 score:-524.0 
1664851287.045942 -- INFO: Throughput @33.1s:738.2Mbps, rtt :38.85ms cwnd: 105.8 lossRate: 0 CC:23 score:-468.0 
1664851288.048804 -- INFO: Throughput @34.1s:746.59Mbps, rtt :38.8ms cwnd: 105.7 lossRate: 0.0004935912745800494 CC:23 score:-470.0 
1664851289.047573 -- INFO: Throughput @35.1s:687.87Mbps, rtt :38.83ms cwnd: 101.2 lossRate: 0.000648659437163196 CC:23 score:-432.0 
1664851289.245069 -- INFO: Changing concurrency to 25 ******
1664851289.245659 -- INFO: Process Status Bits from change concurrency are: 1 1 1 1 1 1 1 1 1 1 1 1 1 1 1 1 1 1 1 1 1 1 1 1 1 0 0 0 0 0 0 0
1664851289.245878 -- INFO: Start Process :: 24
1664851289.245921 -- INFO: Start Process :: 23
1664851289.246183 -- INFO: Active CC: 25
1664851289.285113 -- INFO: Process 23 get item 26 from queue and executing
1664851289.285198 -- INFO: Process 24 get item 27 from queue and executing
1664851289.285571 -- INFO: starting 23, 26, /users/jamilm/files_to_Send/FILE0
1664851289.285708 -- INFO: starting 24, 27, /users/jamilm/files_to_Send/FILE3
1664851290.052953 -- INFO: Throughput @36.1s:805.31Mbps, rtt :39.65ms cwnd: 119.0 lossRate: 0.0006431733875792749 CC:25 score:-486.0 
1664851291.048410 -- INFO: Throughput @37.1s:922.75Mbps, rtt :39.68ms cwnd: 136.2 lossRate: 0.0006264565113889794 CC:25 score:-557.0 
1664851292.053509 -- INFO: Throughput @38.1s:964.69Mbps, rtt :39.71ms cwnd: 139.8 lossRate: 0.0002453837187902583 CC:25 score:-586.0 
1664851292.447045 -- INFO: Gradient: -43.16666666666666, Gredient Change: 0.09452554744525545, Theta: 1, Previous CC: 24, Choosen CC: 27
1664851292.447149 -- INFO: Changing concurrency to 26 ******
1664851292.447701 -- INFO: Process Status Bits from change concurrency are: 1 1 1 1 1 1 1 1 1 1 1 1 1 1 1 1 1 1 1 1 1 1 1 1 1 1 0 0 0 0 0 0
1664851292.447966 -- INFO: Start Process :: 25
1664851292.448148 -- INFO: Active CC: 26
1664851292.487350 -- INFO: Process 25 get item 28 from queue and executing
1664851292.487718 -- INFO: starting 25, 28, /users/jamilm/files_to_Send/FILE2
1664851293.053518 -- INFO: Throughput @39.1s:922.75Mbps, rtt :40.96ms cwnd: 155.8 lossRate: 0.00015955423002810608 CC:26 score:-550.0 
1664851294.055626 -- INFO: Throughput @40.1s:989.86Mbps, rtt :41.1ms cwnd: 160.1 lossRate: 0.000331976737037538 CC:26 score:-588.0 
1664851295.057140 -- INFO: Throughput @41.1s:931.14Mbps, rtt :40.81ms cwnd: 132.3 lossRate: 0.0008721394440418136 CC:26 score:-548.0 
1664851295.648952 -- INFO: Changing concurrency to 28 ******
1664851295.649493 -- INFO: Process Status Bits from change concurrency are: 1 1 1 1 1 1 1 1 1 1 1 1 1 1 1 1 1 1 1 1 1 1 1 1 1 1 1 1 0 0 0 0
1664851295.649928 -- INFO: Active CC: 28
1664851295.652264 -- INFO: Start Process :: 27
1664851295.652540 -- INFO: Start Process :: 26
1664851295.694041 -- INFO: Process 27 get item 29 from queue and executing
1664851295.694326 -- INFO: starting 27, 29, /users/jamilm/files_to_Send/FILE1
1664851295.695043 -- INFO: Process 26 get item 30 from queue and executing
1664851295.695282 -- INFO: starting 26, 30, /users/jamilm/files_to_Send/FILE0
1664851296.054271 -- INFO: Throughput @42.1s:956.3Mbps, rtt :41.43ms cwnd: 135.4 lossRate: 0.00040593401727064725 CC:28 score:-545.0 
1664851297.057803 -- INFO: Throughput @43.1s:922.75Mbps, rtt :41.36ms cwnd: 130.7 lossRate: 0.00029462674474275405 CC:28 score:-527.0 
1664851298.058129 -- INFO: Throughput @44.1s:956.3Mbps, rtt :40.81ms cwnd: 126.4 lossRate: 0.0005040508476659987 CC:28 score:-544.0 
1664851298.850854 -- INFO: Gradient: 11.666666666666686, Gredient Change: 0.02075919335705816, Theta: -1, Previous CC: 27, Choosen CC: 26
1664851298.850999 -- INFO: Changing concurrency to 25 ******
1664851298.851301 -- INFO: Process Status Bits from change concurrency are: 1 1 1 1 1 1 1 1 1 1 1 1 1 1 1 1 1 1 1 1 1 1 1 1 1 0 0 0 0 0 0 0
1664851298.851616 -- INFO: Active CC: 25
1664851299.060162 -- INFO: Throughput @45.1s:922.75Mbps, rtt :40.88ms cwnd: 122.9 lossRate: 0.00046672152691632174 CC:25 score:-558.0 
1664851300.060508 -- INFO: Throughput @46.1s:746.59Mbps, rtt :38.79ms cwnd: 97.8 lossRate: 0 CC:25 score:-455.0 
1664851301.061540 -- INFO: Throughput @47.1s:687.87Mbps, rtt :38.85ms cwnd: 98.6 lossRate: 0.00047634691195795007 CC:25 score:-416.0 
1664851302.052499 -- INFO: Changing concurrency to 27 ******
1664851302.053107 -- INFO: Process Status Bits from change concurrency are: 1 1 1 1 1 1 1 1 1 1 1 1 1 1 1 1 1 1 1 1 1 1 1 1 1 1 1 0 0 0 0 0
1664851302.053355 -- INFO: Start Process :: 25
1664851302.053533 -- INFO: Active CC: 27
1664851302.053507 -- INFO: Start Process :: 26
1664851302.064262 -- INFO: Throughput @48.1s:729.81Mbps, rtt :38.83ms cwnd: 93.7 lossRate: 0.0004741893814281276 CC:25 score:-441.0 
1664851302.092855 -- INFO: Process 25 get item 31 from queue and executing
1664851302.092983 -- INFO: Process 26 get item 25 from queue and executing
1664851302.093101 -- INFO: starting 25, 31, /users/jamilm/files_to_Send/FILE3
1664851302.093298 -- INFO: starting 26, 25, /users/jamilm/files_to_Send/FILE1
1664851303.064788 -- INFO: Throughput @49.1s:905.97Mbps, rtt :40.73ms cwnd: 137.1 lossRate: 0.0002064249774222681 CC:27 score:-529.0 
1664851304.065469 -- INFO: Throughput @50.1s:939.52Mbps, rtt :39.49ms cwnd: 121.3 lossRate: 0.0005534646889528448 CC:27 score:-545.0 
1664851305.066498 -- INFO: Throughput @51.1s:939.52Mbps, rtt :40.57ms cwnd: 131.8 lossRate: 0.00022102161100196464 CC:27 score:-548.0 
1664851305.254237 -- INFO: Gradient: -32.16666666666666, Gredient Change: 0.06752974107767667, Theta: 1, Previous CC: 26, Choosen CC: 28
1664851305.254345 -- INFO: Changing concurrency to 27 ******
1664851305.254645 -- INFO: Process Status Bits from change concurrency are: 1 1 1 1 1 1 1 1 1 1 1 1 1 1 1 1 1 1 1 1 1 1 1 1 1 1 1 0 0 0 0 0
1664851305.254998 -- INFO: Active CC: 27
1664851306.067586 -- INFO: Throughput @52.1s:956.3Mbps, rtt :39.79ms cwnd: 127.5 lossRate: 0.0006263201847030506 CC:27 score:-554.0 
1664851307.068042 -- INFO: Throughput @53.1s:931.14Mbps, rtt :39.84ms cwnd: 123.8 lossRate: 0.0005412919655049393 CC:27 score:-540.0 
1664851308.069087 -- INFO: Throughput @54.1s:956.3Mbps, rtt :39.83ms cwnd: 123.0 lossRate: 0.00036869984145906817 CC:27 score:-557.0 
1664851308.455840 -- INFO: Changing concurrency to 29 ******
1664851308.456306 -- INFO: Process Status Bits from change concurrency are: 1 1 1 1 1 1 1 1 1 1 1 1 1 1 1 1 1 1 1 1 1 1 1 1 1 1 1 1 1 0 0 0
1664851308.456484 -- INFO: Start Process :: 27
1664851308.456618 -- INFO: Active CC: 29
1664851308.458007 -- INFO: Start Process :: 28
1664851308.495932 -- INFO: Process 27 get item 23 from queue and executing
1664851308.496306 -- INFO: starting 27, 23, /users/jamilm/files_to_Send/FILE3
1664851308.500453 -- INFO: Process 28 get item 24 from queue and executing
1664851308.500796 -- INFO: starting 28, 24, /users/jamilm/files_to_Send/FILE2
1664851309.070439 -- INFO: Throughput @55.1s:956.3Mbps, rtt :41.49ms cwnd: 135.8 lossRate: 0.00044171779141104293 CC:29 score:-534.0 
1664851310.071346 -- INFO: Throughput @56.1s:947.91Mbps, rtt :41.36ms cwnd: 136.6 lossRate: 0.0002458210422812193 CC:29 score:-531.0 
1664851311.072057 -- INFO: Throughput @57.1s:939.52Mbps, rtt :41.62ms cwnd: 138.8 lossRate: 0.00020886573619028896 CC:29 score:-527.0 
1664851311.657263 -- INFO: Gradient: 9.833333333333371, Gredient Change: 0.01786795881284077, Theta: -1, Previous CC: 28, Choosen CC: 27
1664851311.657361 -- INFO: Changing concurrency to 26 ******
1664851311.657582 -- INFO: Process Status Bits from change concurrency are: 1 1 1 1 1 1 1 1 1 1 1 1 1 1 1 1 1 1 1 1 1 1 1 1 1 1 0 0 0 0 0 0
1664851311.657817 -- INFO: Active CC: 26
1664851312.072881 -- INFO: Throughput @58.1s:914.36Mbps, rtt :39.12ms cwnd: 121.4 lossRate: 0 CC:26 score:-546.0 
1664851313.075506 -- INFO: Throughput @59.1s:897.58Mbps, rtt :38.87ms cwnd: 113.0 lossRate: 0.0007485694710531992 CC:26 score:-530.0 
1664851314.069804 -- INFO: Throughput @60.1s:855.64Mbps, rtt :39.1ms cwnd: 112.7 lossRate: 0.00046470941993330053 CC:26 score:-507.0 
1664851314.858441 -- INFO: Changing concurrency to 28 ******
1664851314.859023 -- INFO: Process Status Bits from change concurrency are: 1 1 1 1 1 1 1 1 1 1 1 1 1 1 1 1 1 1 1 1 1 1 1 1 1 1 1 1 0 0 0 0
1664851314.859232 -- INFO: Start Process :: 27
1664851314.859345 -- INFO: Active CC: 28
1664851314.859392 -- INFO: Start Process :: 26
1664851314.898788 -- INFO: Process 26 get item 29 from queue and executing
1664851314.898946 -- INFO: Process 27 get item 28 from queue and executing
1664851314.899058 -- INFO: starting 26, 29, /users/jamilm/files_to_Send/FILE1
1664851314.899176 -- INFO: starting 27, 28, /users/jamilm/files_to_Send/FILE2
1664851315.075619 -- INFO: Throughput @61.1s:872.42Mbps, rtt :39.4ms cwnd: 122.8 lossRate: 0.00016887283875241944 CC:28 score:-500.0 
1664851316.077835 -- INFO: Throughput @62.1s:981.47Mbps, rtt :41.23ms cwnd: 139.1 lossRate: 0.0004419672453163749 CC:28 score:-559.0 
1664851317.078895 -- INFO: Throughput @63.1s:939.52Mbps, rtt :40.65ms cwnd: 127.3 lossRate: 0.0005655830423449565 CC:28 score:-534.0 
1664851318.060212 -- INFO: Gradient: -1.6666666666666856, Gredient Change: 0.003158559696778305, Theta: 1, Previous CC: 27, Choosen CC: 28
1664851318.060342 -- INFO: Changing concurrency to 27 ******
1664851318.060663 -- INFO: Process Status Bits from change concurrency are: 1 1 1 1 1 1 1 1 1 1 1 1 1 1 1 1 1 1 1 1 1 1 1 1 1 1 1 0 0 0 0 0
1664851318.061068 -- INFO: Active CC: 27
1664851318.081306 -- INFO: Throughput @64.1s:939.52Mbps, rtt :40.19ms cwnd: 121.0 lossRate: 0.000625966566021062 CC:27 score:-545.0 
1664851319.080488 -- INFO: Throughput @65.1s:822.08Mbps, rtt :38.83ms cwnd: 100.0 lossRate: 0.00101603889977502 CC:27 score:-473.0 
1664851320.082077 -- INFO: Throughput @66.1s:788.53Mbps, rtt :38.81ms cwnd: 97.8 lossRate: 0.0006021265346883628 CC:27 score:-457.0 
1664851321.082835 -- INFO: Throughput @67.1s:796.92Mbps, rtt :38.87ms cwnd: 102.1 lossRate: 0.00032364840014711293 CC:27 score:-464.0 
1664851321.261744 -- INFO: Changing concurrency to 29 ******
1664851321.262212 -- INFO: Process Status Bits from change concurrency are: 1 1 1 1 1 1 1 1 1 1 1 1 1 1 1 1 1 1 1 1 1 1 1 1 1 1 1 1 1 0 0 0
1664851321.262378 -- INFO: Start Process :: 27
1664851321.262518 -- INFO: Active CC: 29
1664851321.262995 -- INFO: Start Process :: 28
1664851321.301508 -- INFO: Process 27 get item 30 from queue and executing
1664851321.301783 -- INFO: starting 27, 30, /users/jamilm/files_to_Send/FILE0
1664851321.302894 -- INFO: Process 28 get item 24 from queue and executing
1664851321.303261 -- INFO: starting 28, 24, /users/jamilm/files_to_Send/FILE2
1664851322.085121 -- INFO: Throughput @68.1s:939.52Mbps, rtt :41.06ms cwnd: 129.0 lossRate: 0.0004647680033050169 CC:29 score:-525.0 
1664851323.085114 -- INFO: Throughput @69.1s:956.3Mbps, rtt :40.67ms cwnd: 126.0 lossRate: 0.0003566114533761267 CC:29 score:-535.0 
1664851324.085863 -- INFO: Throughput @70.1s:931.14Mbps, rtt :41.07ms cwnd: 128.7 lossRate: 0.0002088246855345912 CC:29 score:-522.0 
1664851324.463307 -- INFO: Gradient: -31.333333333333343, Gredient Change: 0.06743185078909614, Theta: 2, Previous CC: 28, Choosen CC: 31
1664851324.463427 -- INFO: Changing concurrency to 30 ******
1664851324.463692 -- INFO: Process Status Bits from change concurrency are: 1 1 1 1 1 1 1 1 1 1 1 1 1 1 1 1 1 1 1 1 1 1 1 1 1 1 1 1 1 1 0 0
1664851324.463947 -- INFO: Active CC: 30
1664851324.465257 -- INFO: Start Process :: 29
1664851324.507780 -- INFO: Process 29 get item 25 from queue and executing
1664851324.508040 -- INFO: starting 29, 25, /users/jamilm/files_to_Send/FILE1
1664851325.088274 -- INFO: Throughput @71.1s:964.69Mbps, rtt :41.02ms cwnd: 123.6 lossRate: 0.0007244775166384243 CC:30 score:-526.0 
1664851326.088181 -- INFO: Throughput @72.1s:939.52Mbps, rtt :40.96ms cwnd: 119.8 lossRate: 0.00047944531864673487 CC:30 score:-514.0 
1664851327.088213 -- INFO: Throughput @73.1s:931.14Mbps, rtt :40.77ms cwnd: 116.3 lossRate: 0.0004547130392036377 CC:30 score:-510.0 
1664851327.664715 -- INFO: Changing concurrency to 32 ******
1664851327.665008 -- INFO: Process Status Bits from change concurrency are: 1 1 1 1 1 1 1 1 1 1 1 1 1 1 1 1 1 1 1 1 1 1 1 1 1 1 1 1 1 1 1 1
1664851327.665165 -- INFO: Active CC: 32
1664851327.668541 -- INFO: Start Process :: 31
1664851327.668548 -- INFO: Start Process :: 30
1664851327.709106 -- INFO: Process 30 get item 23 from queue and executing
1664851327.709260 -- INFO: Process 31 get item 28 from queue and executing
1664851327.709357 -- INFO: starting 30, 23, /users/jamilm/files_to_Send/FILE3
1664851327.709587 -- INFO: starting 31, 28, /users/jamilm/files_to_Send/FILE2
1664851328.089751 -- INFO: Throughput @74.1s:947.91Mbps, rtt :41.28ms cwnd: 124.7 lossRate: 0.0006382247533015858 CC:32 score:-497.0 
1664851329.090510 -- INFO: Throughput @75.1s:964.69Mbps, rtt :41.12ms cwnd: 119.2 lossRate: 0.0004424234976035394 CC:32 score:-508.0 
1664851330.095087 -- INFO: Throughput @76.1s:931.14Mbps, rtt :41.15ms cwnd: 115.9 lossRate: 0.00039329433164544513 CC:32 score:-490.0 
1664851330.865909 -- INFO: Gradient: 9.166666666666657, Gredient Change: 0.01774193548387095, Theta: -1, Previous CC: 31, Choosen CC: 30
1664851330.866018 -- INFO: Changing concurrency to 29 ******
1664851330.866151 -- INFO: Process Status Bits from change concurrency are: 1 1 1 1 1 1 1 1 1 1 1 1 1 1 1 1 1 1 1 1 1 1 1 1 1 1 1 1 1 0 0 0
1664851330.866294 -- INFO: Active CC: 29
1664851331.093650 -- INFO: Throughput @77.1s:931.14Mbps, rtt :41.37ms cwnd: 118.4 lossRate: 0.0002825448693537093 CC:29 score:-522.0 
1664851332.094208 -- INFO: Throughput @78.1s:813.69Mbps, rtt :38.84ms cwnd: 89.8 lossRate: 0.009683514407179971 CC:29 score:-379.0 
1664851333.095228 -- INFO: Throughput @79.1s:754.97Mbps, rtt :38.8ms cwnd: 84.3 lossRate: 0.0006854740433828905 CC:29 score:-420.0 
1664851334.067137 -- INFO: Changing concurrency to 31 ******
1664851334.067536 -- INFO: Process Status Bits from change concurrency are: 1 1 1 1 1 1 1 1 1 1 1 1 1 1 1 1 1 1 1 1 1 1 1 1 1 1 1 1 1 1 1 0
1664851334.067740 -- INFO: Start Process :: 29
1664851334.067805 -- INFO: Active CC: 31
1664851334.068022 -- INFO: Start Process :: 30
1664851334.096209 -- INFO: Throughput @80.1s:721.42Mbps, rtt :38.81ms cwnd: 79.7 lossRate: 0.0005563238122486609 CC:31 score:-386.0 
1664851334.107071 -- INFO: Process 29 get item 28 from queue and executing
1664851334.107406 -- INFO: Process 30 get item 23 from queue and executing
1664851334.107411 -- INFO: starting 29, 28, /users/jamilm/files_to_Send/FILE2
1664851334.107713 -- INFO: starting 30, 23, /users/jamilm/files_to_Send/FILE3
1664851335.096772 -- INFO: Throughput @81.1s:872.42Mbps, rtt :39.61ms cwnd: 104.5 lossRate: 0.0007475393496407659 CC:31 score:-466.0 
1664851336.098485 -- INFO: Throughput @82.1s:947.91Mbps, rtt :40.39ms cwnd: 109.5 lossRate: 0.0006141449873486133 CC:31 score:-507.0 
1664851337.098946 -- INFO: Throughput @83.1s:939.52Mbps, rtt :40.73ms cwnd: 115.0 lossRate: 0.00019655053805709793 CC:31 score:-507.0 
1664851337.268679 -- INFO: Gradient: -26.5, Gredient Change: 0.06018168054504164, Theta: 1, Previous CC: 30, Choosen CC: 31
1664851337.268777 -- INFO: Changing concurrency to 30 ******
1664851337.268987 -- INFO: Process Status Bits from change concurrency are: 1 1 1 1 1 1 1 1 1 1 1 1 1 1 1 1 1 1 1 1 1 1 1 1 1 1 1 1 1 1 0 0
1664851337.269190 -- INFO: Active CC: 30
1664851338.100446 -- INFO: Throughput @84.1s:905.97Mbps, rtt :39.79ms cwnd: 113.3 lossRate: 0.00021272069772388852 CC:30 score:-498.0 
1664851339.101337 -- INFO: Throughput @85.1s:973.08Mbps, rtt :39.97ms cwnd: 115.0 lossRate: 0.000331919601696478 CC:30 score:-534.0 
1664851340.102510 -- INFO: Throughput @86.1s:922.75Mbps, rtt :39.8ms cwnd: 113.2 lossRate: 0.0005772891973223607 CC:30 score:-504.0 
1664851340.470033 -- INFO: Changing concurrency to 32 ******
1664851340.470342 -- INFO: Process Status Bits from change concurrency are: 1 1 1 1 1 1 1 1 1 1 1 1 1 1 1 1 1 1 1 1 1 1 1 1 1 1 1 1 1 1 1 1
1664851340.470527 -- INFO: Active CC: 32
1664851340.470644 -- INFO: Start Process :: 30
1664851340.470794 -- INFO: Start Process :: 31
1664851340.510167 -- INFO: Process 30 get item 25 from queue and executing
1664851340.510283 -- INFO: Process 31 get item 23 from queue and executing
1664851340.510524 -- INFO: starting 30, 25, /users/jamilm/files_to_Send/FILE1
1664851340.510709 -- INFO: starting 31, 23, /users/jamilm/files_to_Send/FILE3
1664851341.103655 -- INFO: Throughput @87.1s:956.3Mbps, rtt :41.15ms cwnd: 113.9 lossRate: 0.0007227414330218068 CC:32 score:-501.0 
1664851342.104145 -- INFO: Throughput @88.1s:914.36Mbps, rtt :40.96ms cwnd: 109.8 lossRate: 0.0004302502827359001 CC:32 score:-481.0 
1664851343.104227 -- INFO: Throughput @89.1s:947.91Mbps, rtt :40.81ms cwnd: 108.2 lossRate: 0.0005902824747592754 CC:32 score:-497.0 
1664851343.671304 -- INFO: Gradient: 9.5, Gredient Change: 0.0185546875, Theta: -1, Previous CC: 31, Choosen CC: 30
1664851343.671414 -- INFO: Changing concurrency to 29 ******
1664851343.671560 -- INFO: Process Status Bits from change concurrency are: 1 1 1 1 1 1 1 1 1 1 1 1 1 1 1 1 1 1 1 1 1 1 1 1 1 1 1 1 1 0 0 0
1664851343.671708 -- INFO: Active CC: 29
1664851344.106570 -- INFO: Throughput @90.1s:914.36Mbps, rtt :38.81ms cwnd: 91.6 lossRate: 0.0009290338048429633 CC:29 score:-506.0 
1664851345.100836 -- INFO: Throughput @91.1s:788.53Mbps, rtt :38.87ms cwnd: 93.6 lossRate: 0 CC:29 score:-444.0 
1664851346.107512 -- INFO: Throughput @92.1s:813.69Mbps, rtt :38.96ms cwnd: 99.1 lossRate: 0.0003303600925008259 CC:29 score:-456.0 
1664851346.872571 -- INFO: Changing concurrency to 31 ******
1664851346.872907 -- INFO: Process Status Bits from change concurrency are: 1 1 1 1 1 1 1 1 1 1 1 1 1 1 1 1 1 1 1 1 1 1 1 1 1 1 1 1 1 1 1 0
1664851346.873103 -- INFO: Start Process :: 29
1664851346.873122 -- INFO: Active CC: 31
1664851346.873333 -- INFO: Start Process :: 30
1664851346.912513 -- INFO: Process 29 get item 23 from queue and executing
1664851346.912715 -- INFO: starting 29, 23, /users/jamilm/files_to_Send/FILE3
1664851346.912833 -- INFO: Process 30 get item 25 from queue and executing
1664851346.913018 -- INFO: starting 30, 25, /users/jamilm/files_to_Send/FILE1
1664851347.108183 -- INFO: Throughput @93.1s:922.75Mbps, rtt :39.19ms cwnd: 103.7 lossRate: 0.00024365534310519498 CC:31 score:-497.0 
1664851348.110026 -- INFO: Throughput @94.1s:947.91Mbps, rtt :39.91ms cwnd: 111.3 lossRate: 0.0004665438919582566 CC:31 score:-509.0 
1664851349.110440 -- INFO: Throughput @95.1s:964.69Mbps, rtt :39.58ms cwnd: 107.8 lossRate: 0.0005898545025560362 CC:31 score:-516.0 
1664851350.073978 -- INFO: Gradient: -19.333333333333314, Gredient Change: 0.041251778093883314, Theta: 1, Previous CC: 30, Choosen CC: 31
1664851350.074089 -- INFO: Changing concurrency to 30 ******
1664851350.074294 -- INFO: Process Status Bits from change concurrency are: 1 1 1 1 1 1 1 1 1 1 1 1 1 1 1 1 1 1 1 1 1 1 1 1 1 1 1 1 1 1 0 0
1664851350.074498 -- INFO: Active CC: 30
1664851350.111717 -- INFO: Throughput @96.1s:931.14Mbps, rtt :39.64ms cwnd: 108.2 lossRate: 0.0004667673901561214 CC:30 score:-510.0 
1664851351.112705 -- INFO: Throughput @97.1s:914.36Mbps, rtt :39.63ms cwnd: 108.8 lossRate: 0.00034054629301170626 CC:30 score:-502.0 
1664851352.113426 -- INFO: Throughput @98.1s:939.52Mbps, rtt :39.15ms cwnd: 105.8 lossRate: 0.0005023674064026726 CC:30 score:-514.0 
1664851353.114940 -- INFO: Throughput @99.1s:864.03Mbps, rtt :38.98ms cwnd: 95.1 lossRate: 0.0008997515611361042 CC:30 score:-469.0 
1664851353.275351 -- INFO: Changing concurrency to 32 ******
1664851353.275713 -- INFO: Process Status Bits from change concurrency are: 1 1 1 1 1 1 1 1 1 1 1 1 1 1 1 1 1 1 1 1 1 1 1 1 1 1 1 1 1 1 1 1
1664851353.275878 -- INFO: Active CC: 32
1664851353.275960 -- INFO: Start Process :: 31
1664851353.276063 -- INFO: Start Process :: 30
1664851353.315291 -- INFO: Process 31 get item 28 from queue and executing
1664851353.315476 -- INFO: starting 31, 28, /users/jamilm/files_to_Send/FILE2
1664851353.315655 -- INFO: Process 30 get item 25 from queue and executing
1664851353.315850 -- INFO: starting 30, 25, /users/jamilm/files_to_Send/FILE1
1664851354.114686 -- INFO: Throughput @100.2s:854.11Mbps, rtt :40.14ms cwnd: 112.4 lossRate: 0.00022703193582563946 CC:32 score:-451.0 
1664851355.116842 -- INFO: Throughput @101.2s:973.08Mbps, rtt :40.98ms cwnd: 115.3 lossRate: 0.0004912978861908447 CC:32 score:-512.0 
1664851356.118103 -- INFO: Throughput @102.2s:931.14Mbps, rtt :41.02ms cwnd: 115.8 lossRate: 0.00031929264398870193 CC:32 score:-491.0 
1664851356.476700 -- INFO: Gradient: 5.166666666666657, Gredient Change: 0.01043771043771042, Theta: -1, Previous CC: 31, Choosen CC: 30
1664851356.476794 -- INFO: Changing concurrency to 29 ******
1664851356.476936 -- INFO: Process Status Bits from change concurrency are: 1 1 1 1 1 1 1 1 1 1 1 1 1 1 1 1 1 1 1 1 1 1 1 1 1 1 1 1 1 0 0 0
1664851356.477094 -- INFO: Active CC: 29
1664851357.119621 -- INFO: Throughput @103.2s:855.64Mbps, rtt :38.9ms cwnd: 98.8 lossRate: 0.000606323083585968 CC:29 score:-477.0 
1664851358.119876 -- INFO: Throughput @104.2s:889.19Mbps, rtt :38.86ms cwnd: 93.6 lossRate: 0.0005482531284694143 CC:29 score:-496.0 
1664851359.121037 -- INFO: Throughput @105.2s:788.53Mbps, rtt :38.81ms cwnd: 93.6 lossRate: 0.0006014348517176693 CC:29 score:-439.0 
1664851359.677952 -- INFO: Changing concurrency to 31 ******
1664851359.678270 -- INFO: Process Status Bits from change concurrency are: 1 1 1 1 1 1 1 1 1 1 1 1 1 1 1 1 1 1 1 1 1 1 1 1 1 1 1 1 1 1 1 0
1664851359.678505 -- INFO: Active CC: 31
1664851359.678509 -- INFO: Start Process :: 29
1664851359.678721 -- INFO: Start Process :: 30
1664851359.717563 -- INFO: Process 29 get item 23 from queue and executing
1664851359.717771 -- INFO: starting 29, 23, /users/jamilm/files_to_Send/FILE3
1664851359.718062 -- INFO: Process 30 get item 28 from queue and executing
1664851359.718278 -- INFO: starting 30, 28, /users/jamilm/files_to_Send/FILE2
1664851360.121388 -- INFO: Throughput @106.2s:822.08Mbps, rtt :38.83ms cwnd: 94.7 lossRate: 0.0003242267895909104 CC:31 score:-442.0 
1664851361.122823 -- INFO: Throughput @107.2s:905.97Mbps, rtt :39.42ms cwnd: 104.5 lossRate: 0.00032694532468185706 CC:31 score:-487.0 
1664851362.124397 -- INFO: Throughput @108.2s:956.3Mbps, rtt :40.81ms cwnd: 113.7 lossRate: 0.00023309451369123564 CC:31 score:-515.0 
1664851362.879323 -- INFO: Gradient: -5.333333333333314, Gredient Change: 0.011331444759206758, Theta: 1, Previous CC: 30, Choosen CC: 31
1664851362.879433 -- INFO: Changing concurrency to 30 ******
1664851362.879651 -- INFO: Process Status Bits from change concurrency are: 1 1 1 1 1 1 1 1 1 1 1 1 1 1 1 1 1 1 1 1 1 1 1 1 1 1 1 1 1 1 0 0
1664851362.879868 -- INFO: Active CC: 30
1664851363.125257 -- INFO: Throughput @109.2s:947.91Mbps, rtt :41.07ms cwnd: 116.8 lossRate: 0.00047950426635847245 CC:30 score:-519.0 
1664851364.125775 -- INFO: Throughput @110.2s:922.75Mbps, rtt :38.87ms cwnd: 104.0 lossRate: 0.0006386247130503823 CC:30 score:-504.0 
1664851365.126710 -- INFO: Throughput @111.2s:905.97Mbps, rtt :38.8ms cwnd: 100.5 lossRate: 0.0006535445179148085 CC:30 score:-494.0 
1664851366.080668 -- INFO: Changing concurrency to 32 ******
1664851366.080949 -- INFO: Process Status Bits from change concurrency are: 1 1 1 1 1 1 1 1 1 1 1 1 1 1 1 1 1 1 1 1 1 1 1 1 1 1 1 1 1 1 1 1
1664851366.081108 -- INFO: Active CC: 32
1664851366.081194 -- INFO: Start Process :: 31
1664851366.081286 -- INFO: Start Process :: 30
1664851366.120580 -- INFO: Process 30 get item 25 from queue and executing
1664851366.120662 -- INFO: Process 31 get item 28 from queue and executing
1664851366.120797 -- INFO: starting 30, 25, /users/jamilm/files_to_Send/FILE1
1664851366.120885 -- INFO: starting 31, 28, /users/jamilm/files_to_Send/FILE2
1664851366.127671 -- INFO: Throughput @112.2s:880.8Mbps, rtt :38.82ms cwnd: 93.9 lossRate: 0.0005912596401028277 CC:32 score:-462.0 
1664851367.128403 -- INFO: Throughput @113.2s:989.86Mbps, rtt :40.75ms cwnd: 109.3 lossRate: 0.000666658436315601 CC:32 score:-519.0 
1664851368.129286 -- INFO: Throughput @114.2s:939.52Mbps, rtt :40.03ms cwnd: 104.6 lossRate: 0.0006019508120193607 CC:32 score:-493.0 
1664851369.130156 -- INFO: Throughput @115.2s:897.58Mbps, rtt :39.17ms cwnd: 99.5 lossRate: 0.000704207640652901 CC:32 score:-470.0 
1664851369.281901 -- INFO: Gradient: 5.833333333333343, Gredient Change: 0.01153592617007253, Theta: -1, Previous CC: 31, Choosen CC: 30
1664851369.281995 -- INFO: Changing concurrency to 29 ******
1664851369.282140 -- INFO: Process Status Bits from change concurrency are: 1 1 1 1 1 1 1 1 1 1 1 1 1 1 1 1 1 1 1 1 1 1 1 1 1 1 1 1 1 0 0 0
1664851369.282298 -- INFO: Active CC: 29
1664851370.131925 -- INFO: Throughput @116.2s:830.47Mbps, rtt :38.86ms cwnd: 91.8 lossRate: 0 CC:29 score:-468.0 
1664851371.133197 -- INFO: Throughput @117.2s:763.36Mbps, rtt :38.76ms cwnd: 90.2 lossRate: 0.0005731004735619702 CC:29 score:-425.0 
1664851372.134310 -- INFO: Throughput @118.2s:754.97Mbps, rtt :38.84ms cwnd: 83.7 lossRate: 0.0008013561411619664 CC:29 score:-419.0 
1664851372.483134 -- INFO: Changing concurrency to 31 ******
1664851372.483466 -- INFO: Process Status Bits from change concurrency are: 1 1 1 1 1 1 1 1 1 1 1 1 1 1 1 1 1 1 1 1 1 1 1 1 1 1 1 1 1 1 1 0
1664851372.483650 -- INFO: Start Process :: 29
1664851372.483705 -- INFO: Active CC: 31
1664851372.483846 -- INFO: Start Process :: 30
1664851372.522745 -- INFO: Process 29 get item 28 from queue and executing
1664851372.522957 -- INFO: starting 29, 28, /users/jamilm/files_to_Send/FILE2
1664851372.523095 -- INFO: Process 30 get item 25 from queue and executing
1664851372.523285 -- INFO: starting 30, 25, /users/jamilm/files_to_Send/FILE1
1664851373.135258 -- INFO: Throughput @119.2s:704.64Mbps, rtt :38.78ms cwnd: 79.5 lossRate: 0.0007314218841427735 CC:31 score:-376.0 
1664851374.136259 -- INFO: Throughput @120.2s:822.08Mbps, rtt :38.98ms cwnd: 92.3 lossRate: 0.00031105120495312014 CC:31 score:-442.0 
1664851375.137228 -- INFO: Throughput @121.2s:872.42Mbps, rtt :39.16ms cwnd: 94.9 lossRate: 0.0004981957235956267 CC:31 score:-468.0 
1664851375.684529 -- INFO: Gradient: 4.333333333333314, Gredient Change: 0.00990853658536581, Theta: -2, Previous CC: 30, Choosen CC: 28
1664851375.684639 -- INFO: Changing concurrency to 27 ******
1664851375.684850 -- INFO: Process Status Bits from change concurrency are: 1 1 1 1 1 1 1 1 1 1 1 1 1 1 1 1 1 1 1 1 1 1 1 1 1 1 1 0 0 0 0 0
1664851375.685056 -- INFO: Active CC: 27
1664851376.138587 -- INFO: Throughput @122.2s:822.08Mbps, rtt :38.84ms cwnd: 87.2 lossRate: 0.0005208735241916814 CC:27 score:-477.0 
1664851377.139926 -- INFO: Throughput @123.2s:696.25Mbps, rtt :38.83ms cwnd: 89.7 lossRate: 0 CC:27 score:-408.0 
1664851378.140187 -- INFO: Throughput @124.2s:729.81Mbps, rtt :38.73ms cwnd: 90.6 lossRate: 0.00046796837179280295 CC:27 score:-424.0 
1664851378.885698 -- INFO: Changing concurrency to 29 ******
1664851378.886152 -- INFO: Process Status Bits from change concurrency are: 1 1 1 1 1 1 1 1 1 1 1 1 1 1 1 1 1 1 1 1 1 1 1 1 1 1 1 1 1 0 0 0
1664851378.886395 -- INFO: Start Process :: 28
1664851378.886512 -- INFO: Active CC: 29
1664851378.887042 -- INFO: Start Process :: 27
1664851378.925453 -- INFO: Process 28 get item 23 from queue and executing
1664851378.925732 -- INFO: starting 28, 23, /users/jamilm/files_to_Send/FILE3
1664851378.926660 -- INFO: Process 27 get item 28 from queue and executing
1664851378.927087 -- INFO: starting 27, 28, /users/jamilm/files_to_Send/FILE2
1664851379.137555 -- INFO: Throughput @125.2s:754.97Mbps, rtt :38.82ms cwnd: 89.1 lossRate: 0.00034208766773957797 CC:29 score:-423.0 
1664851380.143510 -- INFO: Throughput @126.2s:805.31Mbps, rtt :38.78ms cwnd: 93.1 lossRate: 0.0006232155021232808 CC:29 score:-448.0 
1664851381.144290 -- INFO: Throughput @127.2s:822.08Mbps, rtt :39.15ms cwnd: 107.2 lossRate: 0.00035447455963352785 CC:29 score:-460.0 
1664851382.087375 -- INFO: Gradient: -3.6666666666666856, Gredient Change: 0.008403361344537858, Theta: 1, Previous CC: 28, Choosen CC: 29
1664851382.087493 -- INFO: Changing concurrency to 28 ******
1664851382.087769 -- INFO: Process Status Bits from change concurrency are: 1 1 1 1 1 1 1 1 1 1 1 1 1 1 1 1 1 1 1 1 1 1 1 1 1 1 1 1 0 0 0 0
1664851382.088164 -- INFO: Active CC: 28
1664851382.144933 -- INFO: Throughput @128.2s:922.75Mbps, rtt :38.97ms cwnd: 101.3 lossRate: 0.0008355593816860576 CC:28 score:-522.0 
1664851383.146437 -- INFO: Throughput @129.2s:889.19Mbps, rtt :38.96ms cwnd: 101.3 lossRate: 0.000472204335694355 CC:28 score:-507.0 
1664851384.147930 -- INFO: Throughput @130.2s:822.08Mbps, rtt :38.77ms cwnd: 98.3 lossRate: 0.0006599825876934311 CC:28 score:-467.0 
1664851385.148012 -- INFO: Throughput @131.2s:822.08Mbps, rtt :38.97ms cwnd: 102.0 lossRate: 0.00038548378214659396 CC:28 score:-469.0 
1664851385.289022 -- INFO: Changing concurrency to 30 ******
1664851385.289380 -- INFO: Process Status Bits from change concurrency are: 1 1 1 1 1 1 1 1 1 1 1 1 1 1 1 1 1 1 1 1 1 1 1 1 1 1 1 1 1 1 0 0
1664851385.289708 -- INFO: Active CC: 30
1664851385.289740 -- INFO: Start Process :: 28
1664851385.289953 -- INFO: Start Process :: 29
1664851385.329034 -- INFO: Process 28 get item 30 from queue and executing
1664851385.329386 -- INFO: starting 28, 30, /users/jamilm/files_to_Send/FILE0
1664851385.329466 -- INFO: Process 29 get item 24 from queue and executing
1664851385.329779 -- INFO: starting 29, 24, /users/jamilm/files_to_Send/FILE2
1664851386.149323 -- INFO: Throughput @132.2s:872.42Mbps, rtt :38.97ms cwnd: 103.2 lossRate: 0.00035686435189468535 CC:30 score:-479.0 
1664851387.150468 -- INFO: Throughput @133.2s:956.3Mbps, rtt :40.23ms cwnd: 113.0 lossRate: 0.000467680795549648 CC:30 score:-523.0 
1664851388.152086 -- INFO: Throughput @134.2s:931.14Mbps, rtt :40.12ms cwnd: 111.9 lossRate: 0.00039300451955197487 CC:30 score:-510.0 
1664851388.490527 -- INFO: Gradient: -11.5, Gredient Change: 0.02390852390852391, Theta: 2, Previous CC: 29, Choosen CC: 31
1664851388.490639 -- INFO: Changing concurrency to 30 ******
1664851388.490907 -- INFO: Process Status Bits from change concurrency are: 1 1 1 1 1 1 1 1 1 1 1 1 1 1 1 1 1 1 1 1 1 1 1 1 1 1 1 1 1 1 0 0
1664851388.491148 -- INFO: Active CC: 30
1664851389.152911 -- INFO: Throughput @135.2s:956.3Mbps, rtt :40.45ms cwnd: 114.3 lossRate: 0.00036856848002358837 CC:30 score:-524.0 
1664851390.153462 -- INFO: Throughput @136.2s:931.14Mbps, rtt :40.73ms cwnd: 118.0 lossRate: 0.00027028023145816185 CC:30 score:-512.0 
1664851391.154896 -- INFO: Throughput @137.2s:947.91Mbps, rtt :40.35ms cwnd: 115.6 lossRate: 0.0005283983386173167 CC:30 score:-518.0 
1664851391.691908 -- INFO: Changing concurrency to 32 ******
1664851391.692177 -- INFO: Process Status Bits from change concurrency are: 1 1 1 1 1 1 1 1 1 1 1 1 1 1 1 1 1 1 1 1 1 1 1 1 1 1 1 1 1 1 1 1
1664851391.692331 -- INFO: Active CC: 32
1664851391.692631 -- INFO: Start Process :: 31
1664851391.692523 -- INFO: Start Process :: 30
1664851391.732912 -- INFO: Process 31 get item 25 from queue and executing
1664851391.733115 -- INFO: starting 31, 25, /users/jamilm/files_to_Send/FILE1
1664851391.735303 -- INFO: Process 30 get item 23 from queue and executing
1664851391.735470 -- INFO: starting 30, 23, /users/jamilm/files_to_Send/FILE3
1664851392.151922 -- INFO: Throughput @138.2s:939.52Mbps, rtt :41.01ms cwnd: 118.1 lossRate: 0.00018448369164165886 CC:32 score:-497.0 
1664851393.155611 -- INFO: Throughput @139.2s:947.91Mbps, rtt :41.29ms cwnd: 121.5 lossRate: 0.0004048930714206839 CC:32 score:-499.0 
1664851394.156587 -- INFO: Throughput @140.2s:998.24Mbps, rtt :41.36ms cwnd: 121.2 lossRate: 0.0005896733455362956 CC:32 score:-524.0 
1664851394.893125 -- INFO: Gradient: 5.666666666666657, Gredient Change: 0.010939510939510922, Theta: -1, Previous CC: 31, Choosen CC: 30
1664851394.893218 -- INFO: Changing concurrency to 29 ******
1664851394.893362 -- INFO: Process Status Bits from change concurrency are: 1 1 1 1 1 1 1 1 1 1 1 1 1 1 1 1 1 1 1 1 1 1 1 1 1 1 1 1 1 0 0 0
1664851394.893519 -- INFO: Active CC: 29
1664851395.157819 -- INFO: Throughput @141.2s:880.8Mbps, rtt :39.11ms cwnd: 102.1 lossRate: 0.0023989665990035063 CC:29 score:-475.0 
1664851396.156761 -- INFO: Throughput @142.2s:855.64Mbps, rtt :38.88ms cwnd: 97.6 lossRate: 0.0007472166180975864 CC:29 score:-475.0 
1664851397.157555 -- INFO: Throughput @143.2s:855.64Mbps, rtt :38.9ms cwnd: 97.2 lossRate: 0.000536215146015509 CC:29 score:-477.0 
1664851398.094291 -- INFO: Changing concurrency to 31 ******
1664851398.094604 -- INFO: Process Status Bits from change concurrency are: 1 1 1 1 1 1 1 1 1 1 1 1 1 1 1 1 1 1 1 1 1 1 1 1 1 1 1 1 1 1 1 0
1664851398.094855 -- INFO: Active CC: 31
1664851398.094923 -- INFO: Start Process :: 30
1664851398.095021 -- INFO: Start Process :: 29
1664851398.134287 -- INFO: Process 30 get item 23 from queue and executing
1664851398.134480 -- INFO: Process 29 get item 24 from queue and executing
1664851398.134527 -- INFO: starting 30, 23, /users/jamilm/files_to_Send/FILE3
1664851398.134751 -- INFO: starting 29, 24, /users/jamilm/files_to_Send/FILE2
1664851398.160893 -- INFO: Throughput @144.2s:796.92Mbps, rtt :38.87ms cwnd: 89.7 lossRate: 0.0006455053184025146 CC:31 score:-426.0 
1664851399.162039 -- INFO: Throughput @145.2s:905.97Mbps, rtt :39.11ms cwnd: 100.6 lossRate: 0.0004992576826560508 CC:31 score:-486.0 
1664851400.163163 -- INFO: Throughput @146.2s:964.69Mbps, rtt :40.58ms cwnd: 111.8 lossRate: 0.00034469599044699683 CC:31 score:-519.0 
1664851401.164009 -- INFO: Throughput @147.2s:947.91Mbps, rtt :40.08ms cwnd: 104.8 lossRate: 0.0007253325465319269 CC:31 score:-506.0 
1664851401.295631 -- INFO: Gradient: -14.0, Gredient Change: 0.02943237561317449, Theta: 1, Previous CC: 30, Choosen CC: 31
1664851401.295725 -- INFO: Changing concurrency to 30 ******
1664851401.295923 -- INFO: Process Status Bits from change concurrency are: 1 1 1 1 1 1 1 1 1 1 1 1 1 1 1 1 1 1 1 1 1 1 1 1 1 1 1 1 1 1 0 0
1664851401.296139 -- INFO: Active CC: 30
1664851402.165503 -- INFO: Throughput @148.2s:855.64Mbps, rtt :38.9ms cwnd: 98.6 lossRate: 0.0002526938974423768 CC:30 score:-470.0 
1664851403.166435 -- INFO: Throughput @149.2s:889.19Mbps, rtt :38.9ms cwnd: 101.4 lossRate: 0.00045834915729233507 CC:30 score:-487.0 
1664851404.167687 -- INFO: Throughput @150.2s:880.8Mbps, rtt :38.94ms cwnd: 99.7 lossRate: 0.0005056688135412785 CC:30 score:-482.0 
1664851404.496891 -- INFO: Changing concurrency to 32 ******
1664851404.497161 -- INFO: Process Status Bits from change concurrency are: 1 1 1 1 1 1 1 1 1 1 1 1 1 1 1 1 1 1 1 1 1 1 1 1 1 1 1 1 1 1 1 1
1664851404.497313 -- INFO: Active CC: 32
1664851404.497487 -- INFO: Start Process :: 30
1664851404.497594 -- INFO: Start Process :: 31
1664851404.536895 -- INFO: Process 30 get item 25 from queue and executing
1664851404.537028 -- INFO: Process 31 get item 23 from queue and executing
1664851404.537129 -- INFO: starting 30, 25, /users/jamilm/files_to_Send/FILE1
1664851404.537255 -- INFO: starting 31, 23, /users/jamilm/files_to_Send/FILE3
1664851405.169661 -- INFO: Throughput @151.2s:922.75Mbps, rtt :40.92ms cwnd: 114.2 lossRate: 0.0004184418746195983 CC:32 score:-486.0 
1664851406.170115 -- INFO: Throughput @152.2s:947.91Mbps, rtt :40.85ms cwnd: 111.1 lossRate: 0.0005040818333825121 CC:32 score:-498.0 
1664851407.171819 -- INFO: Throughput @153.2s:973.08Mbps, rtt :40.62ms cwnd: 107.4 lossRate: 0.0005527236995639624 CC:32 score:-511.0 
1664851407.698141 -- INFO: Gradient: -9.333333333333314, Gredient Change: 0.019457956914523934, Theta: 2, Previous CC: 31, Choosen CC: 31
1664851407.698249 -- INFO: Changing concurrency to 30 ******
1664851407.698403 -- INFO: Process Status Bits from change concurrency are: 1 1 1 1 1 1 1 1 1 1 1 1 1 1 1 1 1 1 1 1 1 1 1 1 1 1 1 1 1 1 0 0
1664851407.698556 -- INFO: Active CC: 30
1664851408.172770 -- INFO: Throughput @154.2s:838.86Mbps, rtt :38.81ms cwnd: 89.2 lossRate: 0.00101875139282417 CC:30 score:-455.0 
1664851409.173311 -- INFO: Throughput @155.2s:813.69Mbps, rtt :38.83ms cwnd: 85.8 lossRate: 0.0005583390881441102 CC:30 score:-445.0 
1664851410.174526 -- INFO: Throughput @156.2s:763.36Mbps, rtt :38.86ms cwnd: 86.1 lossRate: 0.0004633158468965311 CC:30 score:-418.0 
1664851410.899367 -- INFO: Changing concurrency to 32 ******
1664851410.899675 -- INFO: Process Status Bits from change concurrency are: 1 1 1 1 1 1 1 1 1 1 1 1 1 1 1 1 1 1 1 1 1 1 1 1 1 1 1 1 1 1 1 1
1664851410.899911 -- INFO: Active CC: 32
1664851410.900040 -- INFO: Start Process :: 30
1664851410.900146 -- INFO: Start Process :: 31
1664851410.939427 -- INFO: Process 30 get item 25 from queue and executing
1664851410.939623 -- INFO: starting 30, 25, /users/jamilm/files_to_Send/FILE1
1664851410.939640 -- INFO: Process 31 get item 23 from queue and executing
1664851410.940077 -- INFO: starting 31, 23, /users/jamilm/files_to_Send/FILE3
1664851411.175113 -- INFO: Throughput @157.2s:780.14Mbps, rtt :39.05ms cwnd: 91.0 lossRate: 0.0004961958319550116 CC:32 score:-410.0 
1664851412.176872 -- INFO: Throughput @158.2s:905.97Mbps, rtt :38.92ms cwnd: 97.7 lossRate: 0.0002825729551993424 CC:32 score:-478.0 
1664851413.177642 -- INFO: Throughput @159.2s:939.52Mbps, rtt :38.96ms cwnd: 97.8 lossRate: 0.0004585620979835661 CC:32 score:-494.0 
1664851414.100725 -- INFO: Gradient: -10.666666666666686, Gredient Change: 0.024279210925644962, Theta: 3, Previous CC: 31, Choosen CC: 31
1664851414.100835 -- INFO: Changing concurrency to 30 ******
1664851414.100969 -- INFO: Process Status Bits from change concurrency are: 1 1 1 1 1 1 1 1 1 1 1 1 1 1 1 1 1 1 1 1 1 1 1 1 1 1 1 1 1 1 0 0
1664851414.101129 -- INFO: Active CC: 30
1664851414.179610 -- INFO: Throughput @160.2s:897.58Mbps, rtt :39.0ms cwnd: 98.2 lossRate: 0.0004376422337259609 CC:30 score:-492.0 
1664851415.179550 -- INFO: Throughput @161.2s:855.64Mbps, rtt :38.86ms cwnd: 88.4 lossRate: 0.0008855969728685291 CC:30 score:-465.0 
1664851416.180261 -- INFO: Throughput @162.2s:780.14Mbps, rtt :38.95ms cwnd: 87.6 lossRate: 0.0005291705252017463 CC:30 score:-427.0 
1664851417.181497 -- INFO: Throughput @163.2s:780.14Mbps, rtt :39.0ms cwnd: 89.1 lossRate: 0.00047344281698476106 CC:30 score:-427.0 
1664851417.301919 -- INFO: Changing concurrency to 32 ******
1664851417.302230 -- INFO: Process Status Bits from change concurrency are: 1 1 1 1 1 1 1 1 1 1 1 1 1 1 1 1 1 1 1 1 1 1 1 1 1 1 1 1 1 1 1 1
1664851417.302397 -- INFO: Active CC: 32
1664851417.302480 -- INFO: Start Process :: 30
1664851417.302653 -- INFO: Start Process :: 31
1664851417.341932 -- INFO: Process 30 get item 25 from queue and executing
1664851417.342067 -- INFO: Process 31 get item 23 from queue and executing
1664851417.342154 -- INFO: starting 30, 25, /users/jamilm/files_to_Send/FILE1
1664851417.342317 -- INFO: starting 31, 23, /users/jamilm/files_to_Send/FILE3
1664851418.181841 -- INFO: Throughput @164.2s:880.8Mbps, rtt :39.52ms cwnd: 102.8 lossRate: 0.00044572042841598827 CC:32 score:-463.0 
1664851419.184162 -- INFO: Throughput @165.2s:956.3Mbps, rtt :40.97ms cwnd: 115.8 lossRate: 0.0003436130916587922 CC:32 score:-504.0 
1664851420.184899 -- INFO: Throughput @166.2s:973.08Mbps, rtt :40.7ms cwnd: 114.8 lossRate: 0.0004299807122937628 CC:32 score:-512.0 
1664851420.503164 -- INFO: Gradient: -26.666666666666657, Gredient Change: 0.06065200909780134, Theta: 4, Previous CC: 31, Choosen CC: 31
1664851420.503257 -- INFO: Changing concurrency to 30 ******
1664851420.503401 -- INFO: Process Status Bits from change concurrency are: 1 1 1 1 1 1 1 1 1 1 1 1 1 1 1 1 1 1 1 1 1 1 1 1 1 1 1 1 1 1 0 0
1664851420.503558 -- INFO: Active CC: 30
1664851421.185626 -- INFO: Throughput @167.2s:889.19Mbps, rtt :39.11ms cwnd: 104.2 lossRate: 0.0006636538886957621 CC:30 score:-485.0 
1664851422.186684 -- INFO: Throughput @168.2s:922.75Mbps, rtt :39.67ms cwnd: 109.4 lossRate: 0.00041555955724018083 CC:30 score:-506.0 
1664851423.187906 -- INFO: Throughput @169.2s:939.52Mbps, rtt :38.94ms cwnd: 106.0 lossRate: 0.0005684626791893228 CC:30 score:-513.0 
1664851423.704347 -- INFO: Changing concurrency to 32 ******
1664851423.704622 -- INFO: Process Status Bits from change concurrency are: 1 1 1 1 1 1 1 1 1 1 1 1 1 1 1 1 1 1 1 1 1 1 1 1 1 1 1 1 1 1 1 1
1664851423.704779 -- INFO: Active CC: 32
1664851423.704946 -- INFO: Start Process :: 30
1664851423.705066 -- INFO: Start Process :: 31
1664851423.744338 -- INFO: Process 30 get item 25 from queue and executing
1664851423.744549 -- INFO: starting 30, 25, /users/jamilm/files_to_Send/FILE1
1664851423.744630 -- INFO: Process 31 get item 23 from queue and executing
1664851423.744802 -- INFO: starting 31, 23, /users/jamilm/files_to_Send/FILE3
1664851424.189306 -- INFO: Throughput @170.2s:956.3Mbps, rtt :39.72ms cwnd: 104.0 lossRate: 0.00048094116486416494 CC:32 score:-503.0 
1664851425.189623 -- INFO: Throughput @171.2s:922.75Mbps, rtt :39.41ms cwnd: 100.2 lossRate: 0.0008251231527093596 CC:32 score:-482.0 
1664851426.190325 -- INFO: Throughput @172.2s:922.75Mbps, rtt :38.95ms cwnd: 96.2 lossRate: 0.0005833581570846986 CC:32 score:-484.0 
1664851426.905545 -- INFO: Gradient: 5.833333333333314, Gredient Change: 0.011635638297872303, Theta: -1, Previous CC: 31, Choosen CC: 30
1664851426.905638 -- INFO: Changing concurrency to 29 ******
1664851426.905782 -- INFO: Process Status Bits from change concurrency are: 1 1 1 1 1 1 1 1 1 1 1 1 1 1 1 1 1 1 1 1 1 1 1 1 1 1 1 1 1 0 0 0
1664851426.905941 -- INFO: Active CC: 29
1664851427.192189 -- INFO: Throughput @173.2s:897.58Mbps, rtt :38.9ms cwnd: 90.6 lossRate: 0.0007663233364938759 CC:29 score:-499.0 
1664851428.192899 -- INFO: Throughput @174.2s:788.53Mbps, rtt :38.87ms cwnd: 86.8 lossRate: 0 CC:29 score:-444.0 
1664851429.193258 -- INFO: Throughput @175.2s:754.97Mbps, rtt :38.81ms cwnd: 88.8 lossRate: 0.00039812574648577466 CC:29 score:-422.0 
1664851430.106758 -- INFO: Changing concurrency to 31 ******
1664851430.107129 -- INFO: Process Status Bits from change concurrency are: 1 1 1 1 1 1 1 1 1 1 1 1 1 1 1 1 1 1 1 1 1 1 1 1 1 1 1 1 1 1 1 0
1664851430.107446 -- INFO: Active CC: 31
1664851430.107470 -- INFO: Start Process :: 30
1664851430.107566 -- INFO: Start Process :: 29
1664851430.147084 -- INFO: Process 30 get item 23 from queue and executing
1664851430.147181 -- INFO: Process 29 get item 24 from queue and executing
1664851430.147274 -- INFO: starting 30, 23, /users/jamilm/files_to_Send/FILE3
1664851430.147433 -- INFO: starting 29, 24, /users/jamilm/files_to_Send/FILE2
1664851430.194690 -- INFO: Throughput @176.2s:805.31Mbps, rtt :38.81ms cwnd: 91.0 lossRate: 0.0002034174125305126 CC:31 score:-434.0 
1664851431.195512 -- INFO: Throughput @177.2s:830.47Mbps, rtt :38.94ms cwnd: 93.4 lossRate: 0.0005203554849576185 CC:31 score:-445.0 
1664851432.196803 -- INFO: Throughput @178.2s:872.42Mbps, rtt :39.01ms cwnd: 97.4 lossRate: 0.00046246135144420073 CC:31 score:-468.0 
1664851433.197743 -- INFO: Throughput @179.2s:889.19Mbps, rtt :39.07ms cwnd: 93.8 lossRate: 0.0008034001969626289 CC:31 score:-474.0 
1664851433.308255 -- INFO: Gradient: -3.666666666666657, Gredient Change: 0.008058608058608039, Theta: 1, Previous CC: 30, Choosen CC: 31
1664851433.308363 -- INFO: Changing concurrency to 30 ******
1664851433.308552 -- INFO: Process Status Bits from change concurrency are: 1 1 1 1 1 1 1 1 1 1 1 1 1 1 1 1 1 1 1 1 1 1 1 1 1 1 1 1 1 1 0 0
1664851433.308756 -- INFO: Active CC: 30
1664851434.198497 -- INFO: Throughput @180.2s:872.42Mbps, rtt :38.76ms cwnd: 94.4 lossRate: 0.0004524556666423411 CC:30 score:-478.0 
1664851435.199468 -- INFO: Throughput @181.2s:830.47Mbps, rtt :38.84ms cwnd: 93.3 lossRate: 0.000591807690681847 CC:30 score:-454.0 
1664851436.200248 -- INFO: Throughput @182.2s:830.47Mbps, rtt :38.8ms cwnd: 92.0 lossRate: 0.0004942036966436509 CC:30 score:-454.0 
1664851436.509504 -- INFO: Changing concurrency to 32 ******
1664851436.509806 -- INFO: Process Status Bits from change concurrency are: 1 1 1 1 1 1 1 1 1 1 1 1 1 1 1 1 1 1 1 1 1 1 1 1 1 1 1 1 1 1 1 1
1664851436.509962 -- INFO: Active CC: 32
1664851436.510136 -- INFO: Start Process :: 30
1664851436.510239 -- INFO: Start Process :: 31
1664851436.549587 -- INFO: Process 30 get item 25 from queue and executing
1664851436.549680 -- INFO: Process 31 get item 23 from queue and executing
1664851436.549770 -- INFO: starting 30, 25, /users/jamilm/files_to_Send/FILE1
1664851436.549861 -- INFO: starting 31, 23, /users/jamilm/files_to_Send/FILE3
1664851437.200705 -- INFO: Throughput @183.2s:796.92Mbps, rtt :38.99ms cwnd: 92.6 lossRate: 0.0004705686961095041 CC:32 score:-419.0 
1664851438.201920 -- INFO: Throughput @184.2s:914.36Mbps, rtt :39.12ms cwnd: 98.0 lossRate: 0.0005210775884529206 CC:32 score:-480.0 
1664851439.203556 -- INFO: Throughput @185.2s:905.97Mbps, rtt :38.8ms cwnd: 94.7 lossRate: 0.0006793652421360269 CC:32 score:-475.0 
1664851439.710773 -- INFO: Gradient: 2.0, Gredient Change: 0.004329004329004329, Theta: -1, Previous CC: 31, Choosen CC: 30
1664851439.710866 -- INFO: Changing concurrency to 29 ******
1664851439.711022 -- INFO: Process Status Bits from change concurrency are: 1 1 1 1 1 1 1 1 1 1 1 1 1 1 1 1 1 1 1 1 1 1 1 1 1 1 1 1 1 0 0 0
1664851439.711168 -- INFO: Active CC: 29
1664851440.205686 -- INFO: Throughput @186.2s:855.64Mbps, rtt :38.77ms cwnd: 89.8 lossRate: 0.0002641920676331693 CC:29 score:-480.0 
1664851441.205845 -- INFO: Throughput @187.2s:822.08Mbps, rtt :38.78ms cwnd: 96.3 lossRate: 0.00024213075060532688 CC:29 score:-461.0 
1664851442.206271 -- INFO: Throughput @188.2s:796.92Mbps, rtt :38.76ms cwnd: 93.9 lossRate: 0.0005591317687201617 CC:29 score:-444.0 
1664851442.911932 -- INFO: Changing concurrency to 31 ******
1664851442.912279 -- INFO: Process Status Bits from change concurrency are: 1 1 1 1 1 1 1 1 1 1 1 1 1 1 1 1 1 1 1 1 1 1 1 1 1 1 1 1 1 1 1 0
1664851442.912563 -- INFO: Start Process :: 29
1664851442.912596 -- INFO: Active CC: 31
1664851442.912733 -- INFO: Start Process :: 30
1664851442.951705 -- INFO: Process 29 get item 23 from queue and executing
1664851442.951930 -- INFO: starting 29, 23, /users/jamilm/files_to_Send/FILE3
1664851442.952023 -- INFO: Process 30 get item 24 from queue and executing
1664851442.952216 -- INFO: starting 30, 24, /users/jamilm/files_to_Send/FILE2
1664851443.205787 -- INFO: Throughput @189.2s:780.14Mbps, rtt :38.73ms cwnd: 86.4 lossRate: 0.0007448345722415051 CC:31 score:-416.0 
1664851444.207611 -- INFO: Throughput @190.2s:847.25Mbps, rtt :39.02ms cwnd: 99.4 lossRate: 0.0005314003079396656 CC:31 score:-454.0 
1664851445.209106 -- INFO: Throughput @191.2s:973.08Mbps, rtt :40.88ms cwnd: 119.2 lossRate: 0.000295927300526504 CC:31 score:-524.0 
1664851446.113412 -- INFO: Gradient: -1.5, Gredient Change: 0.0032490974729241875, Theta: 1, Previous CC: 30, Choosen CC: 31
1664851446.113521 -- INFO: Changing concurrency to 30 ******
1664851446.113729 -- INFO: Process Status Bits from change concurrency are: 1 1 1 1 1 1 1 1 1 1 1 1 1 1 1 1 1 1 1 1 1 1 1 1 1 1 1 1 1 1 0 0
1664851446.113941 -- INFO: Active CC: 30
1664851446.209555 -- INFO: Throughput @192.2s:931.14Mbps, rtt :40.9ms cwnd: 119.8 lossRate: 0.0002457968734637695 CC:30 score:-512.0 
1664851447.211181 -- INFO: Throughput @193.2s:880.8Mbps, rtt :38.86ms cwnd: 99.3 lossRate: 0.0009790442861309003 CC:30 score:-478.0 
1664851448.212655 -- INFO: Throughput @194.2s:872.42Mbps, rtt :38.88ms cwnd: 97.4 lossRate: 0.0006341321637117869 CC:30 score:-476.0 
1664851449.212912 -- INFO: Throughput @195.2s:914.36Mbps, rtt :38.99ms cwnd: 101.5 lossRate: 0.00028666736161784634 CC:30 score:-502.0 
1664851449.314852 -- INFO: Changing concurrency to 32 ******
1664851449.315150 -- INFO: Process Status Bits from change concurrency are: 1 1 1 1 1 1 1 1 1 1 1 1 1 1 1 1 1 1 1 1 1 1 1 1 1 1 1 1 1 1 1 1
1664851449.315315 -- INFO: Active CC: 32
1664851449.315446 -- INFO: Start Process :: 30
1664851449.315560 -- INFO: Start Process :: 31
1664851449.354996 -- INFO: Process 30 get item 25 from queue and executing
1664851449.355116 -- INFO: Process 31 get item 24 from queue and executing
1664851449.355221 -- INFO: starting 30, 25, /users/jamilm/files_to_Send/FILE1
1664851449.355310 -- INFO: starting 31, 24, /users/jamilm/files_to_Send/FILE2
1664851450.214053 -- INFO: Throughput @196.2s:964.69Mbps, rtt :40.95ms cwnd: 117.3 lossRate: 0.00027244582043343653 CC:32 score:-509.0 
1664851451.215960 -- INFO: Throughput @197.2s:914.36Mbps, rtt :40.94ms cwnd: 113.7 lossRate: 0.0004177006806064031 CC:32 score:-481.0 
1664851452.216814 -- INFO: Throughput @198.2s:931.14Mbps, rtt :40.63ms cwnd: 109.8 lossRate: 0.0005897385492431689 CC:32 score:-489.0 
1664851452.516092 -- INFO: Gradient: -3.833333333333343, Gredient Change: 0.007898351648351669, Theta: 2, Previous CC: 31, Choosen CC: 31
1664851452.516214 -- INFO: Changing concurrency to 30 ******
1664851452.516347 -- INFO: Process Status Bits from change concurrency are: 1 1 1 1 1 1 1 1 1 1 1 1 1 1 1 1 1 1 1 1 1 1 1 1 1 1 1 1 1 1 0 0
1664851452.516505 -- INFO: Active CC: 30
1664851453.217206 -- INFO: Throughput @199.3s:831.23Mbps, rtt :39.37ms cwnd: 105.7 lossRate: 0 CC:30 score:-459.0 
1664851454.199475 -- INFO: episode expires
1664851454.199504 -- INFO: Process 30 shutdown itself from outest loop
1664851454.199512 -- INFO: Process 31 shutdown itself from outest loop
1664851454.199704 -- INFO: Process Status Bits are: 1 1 1 1 1 1 1 1 1 1 1 1 1 1 1 1 1 1 1 1 1 1 1 1 1 1 1 1 1 1 0 0
1664851454.199748 -- INFO: Process Status Bits are: 1 1 1 1 1 1 1 1 1 1 1 1 1 1 1 1 1 1 1 1 1 1 1 1 1 1 1 1 1 1 0 0
1664851455.717261 -- INFO: episode expires
1664851455.900832 -- INFO: GD Optimizer Exits ...
1664851456.196618 -- INFO: Throughput @0.1s:0.0Mbps, rtt :38.75ms cwnd: 85.3 lossRate: 0.0004969770910017243 CC:0 score:-0.0 
