1664824241.142262 -- INFO: Changing concurrency to 1 ******
1664824241.145017 -- INFO: Start Process :: 0
1664824241.156814 -- INFO: Process Status Bits from change concurrency are: 1 0 0 0 0 0 0 0 0 0 0 0 0 0 0 0 0 0 0 0 0 0 0 0 0 0 0 0 0 0 0 0
1664824241.165545 -- INFO: Active CC: 1
1664824241.184865 -- INFO: Process 0 get item 0 from queue and executing
1664824241.185302 -- INFO: starting 0, 0, /users/jamilm/files_to_Send/FILE2
1664824241.214423 -- INFO: Throughput @0.1s:0.0Mbps, rtt :38.57ms cwnd: 10.0 lossRate: 0.0 CC:1 score:-0.0 
1664824242.208156 -- INFO: Throughput @1.1s:209.72Mbps, rtt :38.93ms cwnd: 1307.0 lossRate: 0.0 CC:1 score:-206.0 
1664824243.206475 -- INFO: Throughput @2.1s:536.87Mbps, rtt :40.04ms cwnd: 2240.0 lossRate: 0.0 CC:1 score:-526.0 
1664824244.210102 -- INFO: Throughput @3.1s:587.2Mbps, rtt :39.85ms cwnd: 2240.0 lossRate: 0.0 CC:1 score:-576.0 
1664824244.368718 -- INFO: Changing concurrency to 3 ******
1664824244.371264 -- INFO: Start Process :: 1
1664824244.372151 -- INFO: Start Process :: 2
1664824244.375752 -- INFO: Process Status Bits from change concurrency are: 1 1 1 0 0 0 0 0 0 0 0 0 0 0 0 0 0 0 0 0 0 0 0 0 0 0 0 0 0 0 0 0
1664824244.382161 -- INFO: Active CC: 3
1664824244.410983 -- INFO: Process 1 get item 1 from queue and executing
1664824244.411396 -- INFO: starting 1, 1, /users/jamilm/files_to_Send/FILE1
1664824244.412501 -- INFO: Process 2 get item 2 from queue and executing
1664824244.413076 -- INFO: starting 2, 2, /users/jamilm/files_to_Send/FILE0
1664824245.210932 -- INFO: Throughput @4.1s:813.69Mbps, rtt :40.63ms cwnd: 1402.0 lossRate: 0.0 CC:3 score:-767.0 
1664824246.211094 -- INFO: Throughput @5.1s:947.91Mbps, rtt :41.27ms cwnd: 1551.3 lossRate: 0.0 CC:3 score:-893.0 
1664824247.210723 -- INFO: Throughput @6.1s:939.52Mbps, rtt :41.53ms cwnd: 1551.3 lossRate: 0.0 CC:3 score:-885.0 
1664824247.583347 -- INFO: Gradient: -206.16666666666669, Gredient Change: 0.4728593272171254, Theta: 1, Previous CC: 2, Choosen CC: 3
1664824247.583464 -- INFO: Changing concurrency to 2 ******
1664824247.590625 -- INFO: Process Status Bits from change concurrency are: 1 1 0 0 0 0 0 0 0 0 0 0 0 0 0 0 0 0 0 0 0 0 0 0 0 0 0 0 0 0 0 0
1664824247.598400 -- INFO: Active CC: 2
1664824248.212155 -- INFO: Throughput @7.1s:922.75Mbps, rtt :41.57ms cwnd: 2015.5 lossRate: 0.0 CC:2 score:-887.0 
1664824249.213551 -- INFO: Throughput @8.1s:947.91Mbps, rtt :41.56ms cwnd: 2015.5 lossRate: 0.0 CC:2 score:-911.0 
1664824250.215474 -- INFO: Throughput @9.1s:939.52Mbps, rtt :41.48ms cwnd: 2015.5 lossRate: 0.0 CC:2 score:-903.0 
1664824250.799569 -- INFO: Changing concurrency to 4 ******
1664824250.800989 -- INFO: Start Process :: 2
1664824250.803245 -- INFO: Start Process :: 3
1664824250.805480 -- INFO: Process Status Bits from change concurrency are: 1 1 1 1 0 0 0 0 0 0 0 0 0 0 0 0 0 0 0 0 0 0 0 0 0 0 0 0 0 0 0 0
1664824250.810370 -- INFO: Active CC: 4
1664824250.840736 -- INFO: Process 2 get item 3 from queue and executing
1664824250.841483 -- INFO: starting 2, 3, /users/jamilm/files_to_Send/FILE3
1664824250.844623 -- INFO: Process 3 get item 4 from queue and executing
1664824250.844908 -- INFO: starting 3, 4, /users/jamilm/files_to_Send/FILE2
1664824251.213497 -- INFO: Throughput @10.1s:964.69Mbps, rtt :41.3ms cwnd: 1217.5 lossRate: 0.0 CC:4 score:-891.0 
1664824252.213409 -- INFO: Throughput @11.1s:939.52Mbps, rtt :42.03ms cwnd: 1351.2 lossRate: 0.0 CC:4 score:-868.0 
1664824253.217062 -- INFO: Throughput @12.1s:931.14Mbps, rtt :42.09ms cwnd: 1351.2 lossRate: 0.0 CC:4 score:-860.0 
1664824254.011485 -- INFO: Gradient: 13.666666666666686, Gredient Change: 0.015179563124768624, Theta: -1, Previous CC: 3, Choosen CC: 2
1664824254.011595 -- INFO: Changing concurrency to 1 ******
1664824254.017073 -- INFO: Process Status Bits from change concurrency are: 1 0 0 0 0 0 0 0 0 0 0 0 0 0 0 0 0 0 0 0 0 0 0 0 0 0 0 0 0 0 0 0
1664824254.022774 -- INFO: Active CC: 1
1664824254.217447 -- INFO: Throughput @13.1s:897.58Mbps, rtt :38.92ms cwnd: 1221.0 lossRate: 0 CC:1 score:-880.0 
1664824255.219482 -- INFO: Throughput @14.1s:578.81Mbps, rtt :39.83ms cwnd: 2240.0 lossRate: 0.0 CC:1 score:-567.0 
1664824256.218493 -- INFO: Throughput @15.1s:595.59Mbps, rtt :39.8ms cwnd: 2240.0 lossRate: 0.0 CC:1 score:-584.0 
1664824257.222294 -- INFO: Throughput @16.1s:587.2Mbps, rtt :39.37ms cwnd: 2240.0 lossRate: 0.0 CC:1 score:-576.0 
1664824257.223807 -- INFO: Changing concurrency to 3 ******
1664824257.224437 -- INFO: Start Process :: 1
1664824257.225408 -- INFO: Start Process :: 2
1664824257.229502 -- INFO: Process Status Bits from change concurrency are: 1 1 1 0 0 0 0 0 0 0 0 0 0 0 0 0 0 0 0 0 0 0 0 0 0 0 0 0 0 0 0 0
1664824257.234360 -- INFO: Active CC: 3
1664824257.263819 -- INFO: Process 1 get item 5 from queue and executing
1664824257.264330 -- INFO: starting 1, 5, /users/jamilm/files_to_Send/FILE1
1664824257.264843 -- INFO: Process 2 get item 6 from queue and executing
1664824257.265323 -- INFO: starting 2, 6, /users/jamilm/files_to_Send/FILE0
1664824258.222045 -- INFO: Throughput @17.1s:721.42Mbps, rtt :40.03ms cwnd: 1013.0 lossRate: 0.0 CC:3 score:-680.0 
1664824258.647035 -- INFO: Process 0 finished on working on file 0 
1664824258.647951 -- INFO: Process 0 get item 7 from queue and executing
1664824258.648484 -- INFO: starting 0, 7, /users/jamilm/files_to_Send/FILE3
1664824259.221427 -- INFO: Throughput @18.1s:920.01Mbps, rtt :40.88ms cwnd: 1476.0 lossRate: 0.0 CC:3 score:-867.0 
1664824260.225204 -- INFO: Throughput @19.1s:939.52Mbps, rtt :41.09ms cwnd: 1532.0 lossRate: 0.0 CC:3 score:-885.0 
1664824260.435595 -- INFO: Gradient: -117.5, Gredient Change: 0.20411117544875507, Theta: 1, Previous CC: 2, Choosen CC: 3
1664824260.435739 -- INFO: Changing concurrency to 2 ******
1664824260.441759 -- INFO: Process Status Bits from change concurrency are: 1 1 0 0 0 0 0 0 0 0 0 0 0 0 0 0 0 0 0 0 0 0 0 0 0 0 0 0 0 0 0 0
1664824260.449361 -- INFO: Active CC: 2
1664824261.223283 -- INFO: Throughput @20.1s:931.14Mbps, rtt :41.61ms cwnd: 2013.0 lossRate: 0.0 CC:2 score:-895.0 
1664824262.227030 -- INFO: Throughput @21.1s:939.52Mbps, rtt :41.64ms cwnd: 2013.0 lossRate: 0.0 CC:2 score:-903.0 
1664824263.225706 -- INFO: Throughput @22.1s:939.52Mbps, rtt :41.66ms cwnd: 2013.0 lossRate: 0.0 CC:2 score:-903.0 
1664824263.650450 -- INFO: Changing concurrency to 4 ******
1664824263.652125 -- INFO: Start Process :: 2
1664824263.654508 -- INFO: Start Process :: 3
1664824263.657756 -- INFO: Process Status Bits from change concurrency are: 1 1 1 1 0 0 0 0 0 0 0 0 0 0 0 0 0 0 0 0 0 0 0 0 0 0 0 0 0 0 0 0
1664824263.666276 -- INFO: Active CC: 4
1664824263.693385 -- INFO: Process 2 get item 8 from queue and executing
1664824263.693903 -- INFO: starting 2, 8, /users/jamilm/files_to_Send/FILE2
1664824263.695287 -- INFO: Process 3 get item 9 from queue and executing
1664824263.696319 -- INFO: starting 3, 9, /users/jamilm/files_to_Send/FILE1
1664824264.228291 -- INFO: Throughput @23.1s:973.08Mbps, rtt :41.15ms cwnd: 1312.0 lossRate: 0.0 CC:4 score:-899.0 
1664824265.229234 -- INFO: Throughput @24.1s:956.3Mbps, rtt :43.16ms cwnd: 1482.2 lossRate: 0.0 CC:4 score:-883.0 
1664824266.232518 -- INFO: Throughput @25.1s:939.52Mbps, rtt :43.04ms cwnd: 1482.2 lossRate: 0.0 CC:4 score:-868.0 
1664824266.867454 -- INFO: Gradient: 8.5, Gredient Change: 0.00944094779711218, Theta: -1, Previous CC: 3, Choosen CC: 2
1664824266.867608 -- INFO: Changing concurrency to 1 ******
1664824266.873262 -- INFO: Process Status Bits from change concurrency are: 1 0 0 0 0 0 0 0 0 0 0 0 0 0 0 0 0 0 0 0 0 0 0 0 0 0 0 0 0 0 0 0
1664824266.881663 -- INFO: Active CC: 1
1664824267.232452 -- INFO: Throughput @26.1s:805.31Mbps, rtt :39.38ms cwnd: 2240.0 lossRate: 0 CC:1 score:-790.0 
1664824268.229957 -- INFO: Throughput @27.1s:587.2Mbps, rtt :39.98ms cwnd: 2240.0 lossRate: 0.0 CC:1 score:-576.0 
1664824269.233347 -- INFO: Throughput @28.1s:595.59Mbps, rtt :39.42ms cwnd: 2240.0 lossRate: 0.0 CC:1 score:-584.0 
1664824270.082678 -- INFO: Changing concurrency to 3 ******
1664824270.083654 -- INFO: Start Process :: 2
1664824270.084064 -- INFO: Start Process :: 1
1664824270.088600 -- INFO: Process Status Bits from change concurrency are: 1 1 1 0 0 0 0 0 0 0 0 0 0 0 0 0 0 0 0 0 0 0 0 0 0 0 0 0 0 0 0 0
1664824270.095339 -- INFO: Active CC: 3
1664824270.123302 -- INFO: Process 2 get item 10 from queue and executing
1664824270.123871 -- INFO: starting 2, 10, /users/jamilm/files_to_Send/FILE0
1664824270.124720 -- INFO: Process 1 get item 11 from queue and executing
1664824270.125533 -- INFO: starting 1, 11, /users/jamilm/files_to_Send/FILE3
1664824270.230829 -- INFO: Throughput @29.1s:587.2Mbps, rtt :38.87ms cwnd: 773.3 lossRate: 0.0 CC:3 score:-553.0 
1664824271.237753 -- INFO: Throughput @30.1s:931.14Mbps, rtt :40.7ms cwnd: 1538.3 lossRate: 0.0 CC:3 score:-877.0 
1664824272.234053 -- INFO: Throughput @31.1s:939.52Mbps, rtt :41.04ms cwnd: 1558.7 lossRate: 0.0 CC:3 score:-885.0 
1664824273.236387 -- INFO: Throughput @32.1s:939.52Mbps, rtt :41.1ms cwnd: 1558.7 lossRate: 0.0 CC:3 score:-885.0 
1664824273.296416 -- INFO: Gradient: -116.16666666666669, Gredient Change: 0.17871794871794874, Theta: 1, Previous CC: 2, Choosen CC: 3
1664824273.296525 -- INFO: Changing concurrency to 2 ******
1664824273.301616 -- INFO: Process Status Bits from change concurrency are: 1 1 0 0 0 0 0 0 0 0 0 0 0 0 0 0 0 0 0 0 0 0 0 0 0 0 0 0 0 0 0 0
1664824273.307503 -- INFO: Active CC: 2
1664824274.235953 -- INFO: Throughput @33.1s:922.75Mbps, rtt :41.6ms cwnd: 2014.5 lossRate: 0.0 CC:2 score:-887.0 
1664824275.236870 -- INFO: Throughput @34.1s:947.91Mbps, rtt :41.91ms cwnd: 2014.5 lossRate: 0.0 CC:2 score:-911.0 
1664824276.238507 -- INFO: Throughput @35.1s:939.52Mbps, rtt :41.51ms cwnd: 2014.5 lossRate: 0.0 CC:2 score:-903.0 
1664824276.508584 -- INFO: Changing concurrency to 4 ******
1664824276.509547 -- INFO: Start Process :: 3
1664824276.509899 -- INFO: Start Process :: 2
1664824276.514938 -- INFO: Process Status Bits from change concurrency are: 1 1 1 1 0 0 0 0 0 0 0 0 0 0 0 0 0 0 0 0 0 0 0 0 0 0 0 0 0 0 0 0
1664824276.522144 -- INFO: Active CC: 4
1664824276.549512 -- INFO: Process 2 get item 12 from queue and executing
1664824276.549802 -- INFO: Process 3 get item 13 from queue and executing
1664824276.549969 -- INFO: starting 2, 12, /users/jamilm/files_to_Send/FILE2
1664824276.550333 -- INFO: starting 3, 13, /users/jamilm/files_to_Send/FILE1
1664824277.239716 -- INFO: Throughput @36.1s:981.47Mbps, rtt :41.69ms cwnd: 1453.8 lossRate: 0.0 CC:4 score:-907.0 
1664824277.658681 -- INFO: Process 0 finished on working on file 7 
1664824277.660029 -- INFO: Process 0 get item 14 from queue and executing
1664824277.660524 -- INFO: starting 0, 14, /users/jamilm/files_to_Send/FILE0
1664824278.239763 -- INFO: Throughput @37.1s:936.79Mbps, rtt :41.96ms cwnd: 1453.8 lossRate: 0.0 CC:4 score:-865.0 
1664824279.239986 -- INFO: Throughput @38.1s:939.52Mbps, rtt :41.77ms cwnd: 1453.8 lossRate: 0.0 CC:4 score:-868.0 
1664824279.723305 -- INFO: Gradient: 10.166666666666686, Gredient Change: 0.01129211403184008, Theta: -1, Previous CC: 3, Choosen CC: 2
1664824279.723427 -- INFO: Changing concurrency to 1 ******
1664824279.731327 -- INFO: Process Status Bits from change concurrency are: 1 0 0 0 0 0 0 0 0 0 0 0 0 0 0 0 0 0 0 0 0 0 0 0 0 0 0 0 0 0 0 0
1664824279.739267 -- INFO: Active CC: 1
1664824280.243346 -- INFO: Throughput @39.1s:763.36Mbps, rtt :39.77ms cwnd: 2240.0 lossRate: 0 CC:1 score:-748.0 
1664824281.243320 -- INFO: Throughput @40.1s:587.2Mbps, rtt :39.78ms cwnd: 2240.0 lossRate: 0.0 CC:1 score:-576.0 
1664824282.248436 -- INFO: Throughput @41.1s:595.59Mbps, rtt :40.11ms cwnd: 2240.0 lossRate: 0.0 CC:1 score:-584.0 
1664824282.940325 -- INFO: Changing concurrency to 3 ******
1664824282.941349 -- INFO: Start Process :: 2
1664824282.941448 -- INFO: Start Process :: 1
1664824282.945876 -- INFO: Process Status Bits from change concurrency are: 1 1 1 0 0 0 0 0 0 0 0 0 0 0 0 0 0 0 0 0 0 0 0 0 0 0 0 0 0 0 0 0
1664824282.953298 -- INFO: Active CC: 3
1664824282.980831 -- INFO: Process 1 get item 15 from queue and executing
1664824282.980944 -- INFO: Process 2 get item 16 from queue and executing
1664824282.981167 -- INFO: starting 1, 15, /users/jamilm/files_to_Send/FILE3
1664824282.981475 -- INFO: starting 2, 16, /users/jamilm/files_to_Send/FILE2
1664824283.247078 -- INFO: Throughput @42.1s:637.53Mbps, rtt :39.86ms cwnd: 1168.7 lossRate: 0.0 CC:3 score:-601.0 
1664824284.248215 -- INFO: Throughput @43.1s:931.14Mbps, rtt :41.17ms cwnd: 1383.0 lossRate: 0.0 CC:3 score:-877.0 
1664824285.249281 -- INFO: Throughput @44.1s:939.52Mbps, rtt :41.36ms cwnd: 1383.0 lossRate: 0.0 CC:3 score:-885.0 
1664824286.154576 -- INFO: Gradient: -75.83333333333331, Gredient Change: 0.11923480083857439, Theta: 1, Previous CC: 2, Choosen CC: 3
1664824286.154711 -- INFO: Changing concurrency to 2 ******
1664824286.160439 -- INFO: Process Status Bits from change concurrency are: 1 1 0 0 0 0 0 0 0 0 0 0 0 0 0 0 0 0 0 0 0 0 0 0 0 0 0 0 0 0 0 0
1664824286.167482 -- INFO: Active CC: 2
1664824286.251030 -- INFO: Throughput @45.1s:931.14Mbps, rtt :41.28ms cwnd: 1390.7 lossRate: 0.0 CC:2 score:-895.0 
1664824287.250594 -- INFO: Throughput @46.1s:922.75Mbps, rtt :41.53ms cwnd: 2028.0 lossRate: 0.0 CC:2 score:-887.0 
1664824288.252430 -- INFO: Throughput @47.1s:939.52Mbps, rtt :41.49ms cwnd: 2028.0 lossRate: 0.0 CC:2 score:-903.0 
1664824289.252881 -- INFO: Throughput @48.1s:947.91Mbps, rtt :41.81ms cwnd: 2028.0 lossRate: 0.0 CC:2 score:-911.0 
1664824289.368531 -- INFO: Changing concurrency to 4 ******
1664824289.370181 -- INFO: Start Process :: 2
1664824289.371069 -- INFO: Start Process :: 3
1664824289.375104 -- INFO: Process Status Bits from change concurrency are: 1 1 1 1 0 0 0 0 0 0 0 0 0 0 0 0 0 0 0 0 0 0 0 0 0 0 0 0 0 0 0 0
1664824289.381190 -- INFO: Active CC: 4
1664824289.410214 -- INFO: Process 2 get item 17 from queue and executing
1664824289.410600 -- INFO: starting 2, 17, /users/jamilm/files_to_Send/FILE1
1664824289.412531 -- INFO: Process 3 get item 18 from queue and executing
1664824289.413205 -- INFO: starting 3, 18, /users/jamilm/files_to_Send/FILE0
1664824290.253865 -- INFO: Throughput @49.1s:973.08Mbps, rtt :42.19ms cwnd: 1432.0 lossRate: 0.0 CC:4 score:-899.0 
1664824291.256472 -- INFO: Throughput @50.1s:939.52Mbps, rtt :42.24ms cwnd: 1432.0 lossRate: 0.0 CC:4 score:-868.0 
1664824292.253911 -- INFO: Throughput @51.1s:947.91Mbps, rtt :42.19ms cwnd: 1446.5 lossRate: 0.0 CC:4 score:-876.0 
1664824292.582301 -- INFO: Gradient: 9.666666666666686, Gredient Change: 0.010736764161421716, Theta: -1, Previous CC: 3, Choosen CC: 2
1664824292.582452 -- INFO: Changing concurrency to 1 ******
1664824292.588514 -- INFO: Process Status Bits from change concurrency are: 1 0 0 0 0 0 0 0 0 0 0 0 0 0 0 0 0 0 0 0 0 0 0 0 0 0 0 0 0 0 0 0
1664824292.596873 -- INFO: Active CC: 1
1664824293.257526 -- INFO: Throughput @52.1s:721.42Mbps, rtt :39.42ms cwnd: 2240.0 lossRate: 0 CC:1 score:-707.0 
1664824294.262135 -- INFO: Throughput @53.1s:587.2Mbps, rtt :39.51ms cwnd: 2240.0 lossRate: 0.0 CC:1 score:-576.0 
1664824295.060309 -- INFO: Process 0 finished on working on file 14 
1664824295.063043 -- INFO: Process 0 get item 19 from queue and executing
1664824295.063782 -- INFO: starting 0, 19, /users/jamilm/files_to_Send/FILE3
1664824295.260083 -- INFO: Throughput @54.1s:592.86Mbps, rtt :40.05ms cwnd: 2240.0 lossRate: 0.0 CC:1 score:-581.0 
1664824295.797932 -- INFO: Changing concurrency to 3 ******
1664824295.799022 -- INFO: Start Process :: 2
1664824295.799563 -- INFO: Start Process :: 1
1664824295.806750 -- INFO: Process Status Bits from change concurrency are: 1 1 1 0 0 0 0 0 0 0 0 0 0 0 0 0 0 0 0 0 0 0 0 0 0 0 0 0 0 0 0 0
1664824295.814558 -- INFO: Active CC: 3
1664824295.838375 -- INFO: Process 2 get item 20 from queue and executing
1664824295.838921 -- INFO: Process 1 get item 21 from queue and executing
1664824295.839113 -- INFO: starting 2, 20, /users/jamilm/files_to_Send/FILE2
1664824295.839651 -- INFO: starting 1, 21, /users/jamilm/files_to_Send/FILE1
1664824296.256026 -- INFO: Throughput @55.1s:687.87Mbps, rtt :40.07ms cwnd: 1166.7 lossRate: 0.0 CC:3 score:-648.0 
1664824297.261054 -- INFO: Throughput @56.1s:922.75Mbps, rtt :54.63ms cwnd: 1796.3 lossRate: 0.0 CC:3 score:-870.0 
1664824298.259024 -- INFO: Throughput @57.1s:947.91Mbps, rtt :43.52ms cwnd: 1814.0 lossRate: 0.0 CC:3 score:-893.0 
1664824299.015510 -- INFO: Gradient: -91.16666666666663, Gredient Change: 0.14672746781115872, Theta: 1, Previous CC: 2, Choosen CC: 3
1664824299.015614 -- INFO: Changing concurrency to 2 ******
1664824299.025464 -- INFO: Process Status Bits from change concurrency are: 1 1 0 0 0 0 0 0 0 0 0 0 0 0 0 0 0 0 0 0 0 0 0 0 0 0 0 0 0 0 0 0
1664824299.032498 -- INFO: Active CC: 2
1664824299.260702 -- INFO: Throughput @58.1s:922.75Mbps, rtt :41.44ms cwnd: 2014.0 lossRate: 0.0 CC:2 score:-887.0 
1664824300.265280 -- INFO: Throughput @59.1s:947.91Mbps, rtt :41.68ms cwnd: 2014.0 lossRate: 0.0 CC:2 score:-911.0 
1664824301.266260 -- INFO: Throughput @60.1s:939.52Mbps, rtt :41.74ms cwnd: 2058.0 lossRate: 0.0 CC:2 score:-903.0 
1664824302.233564 -- INFO: Changing concurrency to 4 ******
1664824302.234462 -- INFO: Start Process :: 3
1664824302.235488 -- INFO: Start Process :: 2
1664824302.241250 -- INFO: Process Status Bits from change concurrency are: 1 1 1 1 0 0 0 0 0 0 0 0 0 0 0 0 0 0 0 0 0 0 0 0 0 0 0 0 0 0 0 0
1664824302.247616 -- INFO: Active CC: 4
1664824302.269192 -- INFO: Throughput @61.1s:947.91Mbps, rtt :41.77ms cwnd: 1034.0 lossRate: 0.0 CC:4 score:-876.0 
1664824302.275881 -- INFO: Process 3 get item 22 from queue and executing
1664824302.276284 -- INFO: starting 3, 22, /users/jamilm/files_to_Send/FILE0
1664824302.277657 -- INFO: Process 2 get item 23 from queue and executing
1664824302.277930 -- INFO: starting 2, 23, /users/jamilm/files_to_Send/FILE3
1664824303.266675 -- INFO: Throughput @62.1s:956.3Mbps, rtt :42.19ms cwnd: 1265.5 lossRate: 0.0 CC:4 score:-883.0 
1664824304.266512 -- INFO: Throughput @63.1s:939.52Mbps, rtt :41.97ms cwnd: 1265.5 lossRate: 0.0 CC:4 score:-868.0 
1664824305.267167 -- INFO: Throughput @64.1s:956.3Mbps, rtt :41.86ms cwnd: 1265.5 lossRate: 0.0 CC:4 score:-883.0 
1664824305.448649 -- INFO: Gradient: 11.166666666666686, Gredient Change: 0.012402813772676807, Theta: -1, Previous CC: 3, Choosen CC: 2
1664824305.448776 -- INFO: Changing concurrency to 1 ******
1664824305.453045 -- INFO: Process Status Bits from change concurrency are: 1 0 0 0 0 0 0 0 0 0 0 0 0 0 0 0 0 0 0 0 0 0 0 0 0 0 0 0 0 0 0 0
1664824305.459114 -- INFO: Active CC: 1
1664824306.267543 -- INFO: Throughput @65.1s:654.31Mbps, rtt :39.74ms cwnd: 2240.0 lossRate: 0 CC:1 score:-641.0 
1664824307.270576 -- INFO: Throughput @66.1s:595.59Mbps, rtt :39.46ms cwnd: 2240.0 lossRate: 0.0 CC:1 score:-584.0 
1664824308.271310 -- INFO: Throughput @67.1s:587.2Mbps, rtt :40.02ms cwnd: 2240.0 lossRate: 0.0 CC:1 score:-576.0 
1664824308.660130 -- INFO: Changing concurrency to 3 ******
1664824308.660966 -- INFO: Start Process :: 2
1664824308.662613 -- INFO: Start Process :: 1
1664824308.665996 -- INFO: Process Status Bits from change concurrency are: 1 1 1 0 0 0 0 0 0 0 0 0 0 0 0 0 0 0 0 0 0 0 0 0 0 0 0 0 0 0 0 0
1664824308.673364 -- INFO: Active CC: 3
1664824308.700691 -- INFO: Process 2 get item 24 from queue and executing
1664824308.701492 -- INFO: starting 2, 24, /users/jamilm/files_to_Send/FILE2
1664824308.702205 -- INFO: Process 1 get item 25 from queue and executing
1664824308.702595 -- INFO: starting 1, 25, /users/jamilm/files_to_Send/FILE1
1664824309.274418 -- INFO: Throughput @68.1s:637.53Mbps, rtt :39.37ms cwnd: 896.3 lossRate: 0.0 CC:3 score:-601.0 
1664824310.276099 -- INFO: Throughput @69.1s:847.25Mbps, rtt :39.91ms cwnd: 1237.0 lossRate: 0.0 CC:3 score:-798.0 
1664824311.274414 -- INFO: Throughput @70.1s:947.91Mbps, rtt :41.25ms cwnd: 1549.3 lossRate: 0.0 CC:3 score:-893.0 
1664824311.874381 -- INFO: Gradient: -81.83333333333331, Gredient Change: 0.13631315935591334, Theta: 1, Previous CC: 2, Choosen CC: 3
1664824311.874527 -- INFO: Changing concurrency to 2 ******
1664824311.878009 -- INFO: Process Status Bits from change concurrency are: 1 1 0 0 0 0 0 0 0 0 0 0 0 0 0 0 0 0 0 0 0 0 0 0 0 0 0 0 0 0 0 0
1664824311.884101 -- INFO: Active CC: 2
1664824312.279284 -- INFO: Throughput @71.1s:914.36Mbps, rtt :40.86ms cwnd: 1947.5 lossRate: 0.0 CC:2 score:-879.0 
1664824312.706548 -- INFO: Process 0 finished on working on file 19 
1664824312.707725 -- INFO: Process 0 get item 26 from queue and executing
1664824312.708059 -- INFO: starting 0, 26, /users/jamilm/files_to_Send/FILE0
1664824313.274268 -- INFO: Throughput @72.1s:936.79Mbps, rtt :41.72ms cwnd: 2055.0 lossRate: 0.0 CC:2 score:-900.0 
1664824314.274889 -- INFO: Throughput @73.1s:947.91Mbps, rtt :41.56ms cwnd: 2055.0 lossRate: 0.0 CC:2 score:-911.0 
1664824315.085129 -- INFO: Changing concurrency to 4 ******
1664824315.087448 -- INFO: Start Process :: 2
1664824315.088098 -- INFO: Start Process :: 3
1664824315.093121 -- INFO: Process Status Bits from change concurrency are: 1 1 1 1 0 0 0 0 0 0 0 0 0 0 0 0 0 0 0 0 0 0 0 0 0 0 0 0 0 0 0 0
1664824315.099784 -- INFO: Active CC: 4
1664824315.127017 -- INFO: Process 2 get item 27 from queue and executing
1664824315.127779 -- INFO: starting 2, 27, /users/jamilm/files_to_Send/FILE3
1664824315.132451 -- INFO: Process 3 get item 28 from queue and executing
1664824315.133313 -- INFO: starting 3, 28, /users/jamilm/files_to_Send/FILE2
1664824315.275021 -- INFO: Throughput @74.1s:939.52Mbps, rtt :40.81ms cwnd: 1064.8 lossRate: 0.0 CC:4 score:-868.0 
1664824316.283304 -- INFO: Throughput @75.1s:964.69Mbps, rtt :41.79ms cwnd: 1346.8 lossRate: 0.0 CC:4 score:-891.0 
1664824317.278793 -- INFO: Throughput @76.1s:939.52Mbps, rtt :42.19ms cwnd: 1346.8 lossRate: 0.0 CC:4 score:-868.0 
1664824318.281621 -- INFO: Throughput @77.1s:939.52Mbps, rtt :41.54ms cwnd: 1346.8 lossRate: 0.0 CC:4 score:-868.0 
1664824318.300884 -- INFO: Gradient: 10.5, Gredient Change: 0.01171003717472119, Theta: -1, Previous CC: 3, Choosen CC: 2
1664824318.301018 -- INFO: Changing concurrency to 1 ******
1664824318.307211 -- INFO: Process Status Bits from change concurrency are: 1 0 0 0 0 0 0 0 0 0 0 0 0 0 0 0 0 0 0 0 0 0 0 0 0 0 0 0 0 0 0 0
1664824318.312300 -- INFO: Active CC: 1
1664824319.282856 -- INFO: Throughput @78.1s:612.37Mbps, rtt :38.98ms cwnd: 2240.0 lossRate: 0 CC:1 score:-600.0 
1664824320.279844 -- INFO: Throughput @79.1s:595.59Mbps, rtt :40.0ms cwnd: 2240.0 lossRate: 0.0 CC:1 score:-584.0 
1664824321.283744 -- INFO: Throughput @80.1s:587.2Mbps, rtt :40.04ms cwnd: 2240.0 lossRate: 0.0 CC:1 score:-576.0 
1664824321.513288 -- INFO: Changing concurrency to 3 ******
1664824321.514271 -- INFO: Start Process :: 1
1664824321.515386 -- INFO: Start Process :: 2
1664824321.519937 -- INFO: Process Status Bits from change concurrency are: 1 1 1 0 0 0 0 0 0 0 0 0 0 0 0 0 0 0 0 0 0 0 0 0 0 0 0 0 0 0 0 0
1664824321.523947 -- INFO: Active CC: 3
1664824321.554000 -- INFO: Process 1 get item 29 from queue and executing
1664824321.554381 -- INFO: starting 1, 29, /users/jamilm/files_to_Send/FILE1
1664824321.555458 -- INFO: Process 2 get item 30 from queue and executing
1664824321.556127 -- INFO: starting 2, 30, /users/jamilm/files_to_Send/FILE0
1664824322.285689 -- INFO: Throughput @81.1s:671.09Mbps, rtt :39.64ms cwnd: 936.0 lossRate: 0.0 CC:3 score:-632.0 
1664824323.288367 -- INFO: Throughput @82.1s:880.8Mbps, rtt :40.92ms cwnd: 1353.3 lossRate: 0.0 CC:3 score:-830.0 
1664824324.284750 -- INFO: Throughput @83.1s:939.52Mbps, rtt :41.35ms cwnd: 1376.3 lossRate: 0.0 CC:3 score:-885.0 
1664824324.724997 -- INFO: Gradient: -97.83333333333337, Gredient Change: 0.1667613636363637, Theta: 1, Previous CC: 2, Choosen CC: 3
1664824324.725124 -- INFO: Changing concurrency to 2 ******
1664824324.733607 -- INFO: Process Status Bits from change concurrency are: 1 1 0 0 0 0 0 0 0 0 0 0 0 0 0 0 0 0 0 0 0 0 0 0 0 0 0 0 0 0 0 0
1664824324.741490 -- INFO: Active CC: 2
1664824325.290741 -- INFO: Throughput @84.1s:905.97Mbps, rtt :40.93ms cwnd: 1863.5 lossRate: 0.0 CC:2 score:-871.0 
1664824326.289077 -- INFO: Throughput @85.1s:947.91Mbps, rtt :41.66ms cwnd: 2015.5 lossRate: 0.0 CC:2 score:-911.0 
1664824327.289463 -- INFO: Throughput @86.1s:947.91Mbps, rtt :41.54ms cwnd: 2015.5 lossRate: 0.0 CC:2 score:-911.0 
1664824327.942535 -- INFO: Changing concurrency to 4 ******
1664824327.944488 -- INFO: Start Process :: 2
1664824327.945777 -- INFO: Start Process :: 3
1664824327.950225 -- INFO: Process Status Bits from change concurrency are: 1 1 1 1 0 0 0 0 0 0 0 0 0 0 0 0 0 0 0 0 0 0 0 0 0 0 0 0 0 0 0 0
1664824327.956046 -- INFO: Active CC: 4
1664824327.984877 -- INFO: Process 2 get item 31 from queue and executing
1664824327.985781 -- INFO: starting 2, 31, /users/jamilm/files_to_Send/FILE3
1664824327.987591 -- INFO: Process 3 get item 2 from queue and executing
1664824327.988055 -- INFO: starting 3, 2, /users/jamilm/files_to_Send/FILE0
1664824328.290078 -- INFO: Throughput @87.1s:973.08Mbps, rtt :41.44ms cwnd: 1244.8 lossRate: 0.0 CC:4 score:-899.0 
1664824329.293402 -- INFO: Throughput @88.1s:939.52Mbps, rtt :42.17ms cwnd: 1410.0 lossRate: 0.0 CC:4 score:-868.0 
1664824330.025112 -- INFO: Process 0 finished on working on file 26 
1664824330.026335 -- INFO: Process 0 get item 1 from queue and executing
1664824330.026966 -- INFO: starting 0, 1, /users/jamilm/files_to_Send/FILE1
1664824330.291540 -- INFO: Throughput @89.1s:945.18Mbps, rtt :42.18ms cwnd: 1410.0 lossRate: 0.0 CC:4 score:-873.0 
1664824331.156973 -- INFO: Gradient: 8.833333333333314, Gredient Change: 0.009840326773115464, Theta: -1, Previous CC: 3, Choosen CC: 2
1664824331.157077 -- INFO: Changing concurrency to 1 ******
1664824331.162470 -- INFO: Process Status Bits from change concurrency are: 1 0 0 0 0 0 0 0 0 0 0 0 0 0 0 0 0 0 0 0 0 0 0 0 0 0 0 0 0 0 0 0
1664824331.169157 -- INFO: Active CC: 1
1664824331.295913 -- INFO: Throughput @90.1s:897.58Mbps, rtt :39.59ms cwnd: 1366.5 lossRate: 0 CC:1 score:-880.0 
1664824332.297448 -- INFO: Throughput @91.1s:595.59Mbps, rtt :39.9ms cwnd: 2240.0 lossRate: 0.0 CC:1 score:-584.0 
1664824333.297851 -- INFO: Throughput @92.1s:587.2Mbps, rtt :39.78ms cwnd: 2240.0 lossRate: 0.0 CC:1 score:-576.0 
1664824334.298163 -- INFO: Throughput @93.1s:595.59Mbps, rtt :39.46ms cwnd: 2240.0 lossRate: 0.0 CC:1 score:-584.0 
1664824334.370186 -- INFO: Changing concurrency to 3 ******
1664824334.370731 -- INFO: Start Process :: 1
1664824334.371196 -- INFO: Start Process :: 2
1664824334.376858 -- INFO: Process Status Bits from change concurrency are: 1 1 1 0 0 0 0 0 0 0 0 0 0 0 0 0 0 0 0 0 0 0 0 0 0 0 0 0 0 0 0 0
1664824334.383578 -- INFO: Active CC: 3
1664824334.410000 -- INFO: Process 1 get item 3 from queue and executing
1664824334.410357 -- INFO: starting 1, 3, /users/jamilm/files_to_Send/FILE3
1664824334.411083 -- INFO: Process 2 get item 4 from queue and executing
1664824334.411669 -- INFO: starting 2, 4, /users/jamilm/files_to_Send/FILE2
1664824335.298020 -- INFO: Throughput @94.1s:838.86Mbps, rtt :40.59ms cwnd: 1365.3 lossRate: 0.0 CC:3 score:-790.0 
1664824336.296081 -- INFO: Throughput @95.1s:931.14Mbps, rtt :40.72ms cwnd: 1554.7 lossRate: 0.0 CC:3 score:-877.0 
1664824337.299752 -- INFO: Throughput @96.1s:939.52Mbps, rtt :40.81ms cwnd: 1554.7 lossRate: 0.0 CC:3 score:-885.0 
1664824337.584575 -- INFO: Gradient: -134.66666666666663, Gredient Change: 0.2316513761467889, Theta: 1, Previous CC: 2, Choosen CC: 3
1664824337.584688 -- INFO: Changing concurrency to 2 ******
1664824337.593297 -- INFO: Process Status Bits from change concurrency are: 1 1 0 0 0 0 0 0 0 0 0 0 0 0 0 0 0 0 0 0 0 0 0 0 0 0 0 0 0 0 0 0
1664824337.601613 -- INFO: Active CC: 2
1664824338.302330 -- INFO: Throughput @97.1s:914.36Mbps, rtt :40.19ms cwnd: 1875.5 lossRate: 0 CC:2 score:-879.0 
1664824339.303443 -- INFO: Throughput @98.1s:939.52Mbps, rtt :40.2ms cwnd: 1875.5 lossRate: 0.0 CC:2 score:-903.0 
1664824339.440979 -- INFO: Process 0 finished on working on file 1 
1664824339.441812 -- INFO: Process 0 get item 6 from queue and executing
1664824339.442159 -- INFO: starting 0, 6, /users/jamilm/files_to_Send/FILE0
1664824340.301828 -- INFO: Throughput @99.1s:945.18Mbps, rtt :40.06ms cwnd: 1875.5 lossRate: 0.0 CC:2 score:-908.0 
1664824340.802678 -- INFO: Changing concurrency to 4 ******
1664824340.804395 -- INFO: Start Process :: 2
1664824340.804537 -- INFO: Start Process :: 3
1664824340.808762 -- INFO: Process Status Bits from change concurrency are: 1 1 1 1 0 0 0 0 0 0 0 0 0 0 0 0 0 0 0 0 0 0 0 0 0 0 0 0 0 0 0 0
1664824340.814690 -- INFO: Active CC: 4
1664824340.844520 -- INFO: Process 3 get item 9 from queue and executing
1664824340.844638 -- INFO: Process 2 get item 8 from queue and executing
1664824340.845305 -- INFO: starting 3, 9, /users/jamilm/files_to_Send/FILE1
1664824340.845381 -- INFO: starting 2, 8, /users/jamilm/files_to_Send/FILE2
1664824341.303746 -- INFO: Throughput @100.1s:973.08Mbps, rtt :41.06ms cwnd: 1379.8 lossRate: 0.0 CC:4 score:-899.0 
1664824342.305861 -- INFO: Throughput @101.2s:861.74Mbps, rtt :42.32ms cwnd: 1558.2 lossRate: 0.0 CC:4 score:-796.0 
1664824343.308001 -- INFO: Throughput @102.2s:947.91Mbps, rtt :41.92ms cwnd: 1558.2 lossRate: 0.0 CC:4 score:-876.0 
1664824344.015772 -- INFO: Gradient: 19.833333333333314, Gredient Change: 0.02211895910780667, Theta: -1, Previous CC: 3, Choosen CC: 2
1664824344.015906 -- INFO: Changing concurrency to 1 ******
1664824344.020845 -- INFO: Process Status Bits from change concurrency are: 1 0 0 0 0 0 0 0 0 0 0 0 0 0 0 0 0 0 0 0 0 0 0 0 0 0 0 0 0 0 0 0
1664824344.028372 -- INFO: Active CC: 1
1664824344.306084 -- INFO: Throughput @103.2s:830.47Mbps, rtt :39.81ms cwnd: 2240.0 lossRate: 0 CC:1 score:-814.0 
1664824345.309469 -- INFO: Throughput @104.2s:595.59Mbps, rtt :39.52ms cwnd: 2240.0 lossRate: 0.0 CC:1 score:-584.0 
1664824346.309794 -- INFO: Throughput @105.2s:587.2Mbps, rtt :39.36ms cwnd: 2240.0 lossRate: 0.0 CC:1 score:-576.0 
1664824347.229419 -- INFO: Changing concurrency to 3 ******
1664824347.230461 -- INFO: Start Process :: 2
1664824347.230593 -- INFO: Start Process :: 1
1664824347.237298 -- INFO: Process Status Bits from change concurrency are: 1 1 1 0 0 0 0 0 0 0 0 0 0 0 0 0 0 0 0 0 0 0 0 0 0 0 0 0 0 0 0 0
1664824347.245703 -- INFO: Active CC: 3
1664824347.270257 -- INFO: Process 1 get item 5 from queue and executing
1664824347.270575 -- INFO: Process 2 get item 10 from queue and executing
1664824347.270643 -- INFO: starting 1, 5, /users/jamilm/files_to_Send/FILE1
1664824347.270966 -- INFO: starting 2, 10, /users/jamilm/files_to_Send/FILE0
1664824347.311535 -- INFO: Throughput @106.2s:595.59Mbps, rtt :38.88ms cwnd: 753.3 lossRate: 0.0 CC:3 score:-561.0 
1664824348.313180 -- INFO: Throughput @107.2s:897.58Mbps, rtt :41.13ms cwnd: 1515.3 lossRate: 0.0 CC:3 score:-846.0 
1664824349.311768 -- INFO: Throughput @108.2s:947.91Mbps, rtt :41.27ms cwnd: 1530.7 lossRate: 0.0 CC:3 score:-893.0 
1664824350.310270 -- INFO: Throughput @109.2s:939.52Mbps, rtt :41.51ms cwnd: 1549.3 lossRate: 0.0 CC:3 score:-885.0 
1664824350.446743 -- INFO: Gradient: -108.33333333333331, Gredient Change: 0.16464032421479227, Theta: 1, Previous CC: 2, Choosen CC: 3
1664824350.446849 -- INFO: Changing concurrency to 2 ******
1664824350.454772 -- INFO: Process Status Bits from change concurrency are: 1 1 0 0 0 0 0 0 0 0 0 0 0 0 0 0 0 0 0 0 0 0 0 0 0 0 0 0 0 0 0 0
1664824350.460275 -- INFO: Active CC: 2
1664824351.314079 -- INFO: Throughput @110.2s:922.75Mbps, rtt :41.72ms cwnd: 2045.5 lossRate: 0.0 CC:2 score:-887.0 
1664824352.313265 -- INFO: Throughput @111.2s:947.91Mbps, rtt :41.58ms cwnd: 2045.5 lossRate: 0.0 CC:2 score:-911.0 
1664824353.315936 -- INFO: Throughput @112.2s:939.52Mbps, rtt :41.72ms cwnd: 2045.5 lossRate: 0.0 CC:2 score:-903.0 
1664824353.661377 -- INFO: Changing concurrency to 4 ******
1664824353.663757 -- INFO: Start Process :: 2
1664824353.664605 -- INFO: Start Process :: 3
1664824353.668112 -- INFO: Process Status Bits from change concurrency are: 1 1 1 1 0 0 0 0 0 0 0 0 0 0 0 0 0 0 0 0 0 0 0 0 0 0 0 0 0 0 0 0
1664824353.674355 -- INFO: Active CC: 4
1664824353.704661 -- INFO: Process 3 get item 11 from queue and executing
1664824353.704827 -- INFO: Process 2 get item 13 from queue and executing
1664824353.705127 -- INFO: starting 3, 11, /users/jamilm/files_to_Send/FILE3
1664824353.705245 -- INFO: starting 2, 13, /users/jamilm/files_to_Send/FILE1
1664824354.320165 -- INFO: Throughput @113.2s:956.3Mbps, rtt :41.98ms cwnd: 1328.0 lossRate: 0.0 CC:4 score:-883.0 
1664824355.319526 -- INFO: Throughput @114.2s:939.52Mbps, rtt :42.03ms cwnd: 1353.5 lossRate: 0.0 CC:4 score:-868.0 
1664824356.319587 -- INFO: Throughput @115.2s:947.91Mbps, rtt :41.81ms cwnd: 1353.5 lossRate: 0.0 CC:4 score:-876.0 
1664824356.875422 -- INFO: Gradient: 12.333333333333371, Gredient Change: 0.013698630136986342, Theta: -1, Previous CC: 3, Choosen CC: 2
1664824356.875532 -- INFO: Changing concurrency to 1 ******
1664824356.881230 -- INFO: Process Status Bits from change concurrency are: 1 0 0 0 0 0 0 0 0 0 0 0 0 0 0 0 0 0 0 0 0 0 0 0 0 0 0 0 0 0 0 0
1664824356.890064 -- INFO: Active CC: 1
1664824357.318443 -- INFO: Throughput @116.2s:796.92Mbps, rtt :39.8ms cwnd: 2240.0 lossRate: 0 CC:1 score:-781.0 
1664824357.533082 -- INFO: Process 0 finished on working on file 6 
1664824357.533817 -- INFO: Process 0 get item 12 from queue and executing
1664824357.534133 -- INFO: starting 0, 12, /users/jamilm/files_to_Send/FILE2
1664824358.320100 -- INFO: Throughput @117.2s:592.86Mbps, rtt :38.88ms cwnd: 2240.0 lossRate: 0.0 CC:1 score:-581.0 
1664824359.319859 -- INFO: Throughput @118.2s:587.2Mbps, rtt :39.86ms cwnd: 2240.0 lossRate: 0.0 CC:1 score:-576.0 
1664824360.092089 -- INFO: Changing concurrency to 3 ******
1664824360.092936 -- INFO: Start Process :: 1
1664824360.093131 -- INFO: Start Process :: 2
1664824360.096709 -- INFO: Process Status Bits from change concurrency are: 1 1 1 0 0 0 0 0 0 0 0 0 0 0 0 0 0 0 0 0 0 0 0 0 0 0 0 0 0 0 0 0
1664824360.106882 -- INFO: Active CC: 3
1664824360.132699 -- INFO: Process 2 get item 16 from queue and executing
1664824360.132858 -- INFO: Process 1 get item 15 from queue and executing
1664824360.133198 -- INFO: starting 1, 15, /users/jamilm/files_to_Send/FILE3
1664824360.133563 -- INFO: starting 2, 16, /users/jamilm/files_to_Send/FILE2
1664824360.325637 -- INFO: Throughput @119.2s:587.2Mbps, rtt :38.94ms cwnd: 848.0 lossRate: 0.0 CC:3 score:-553.0 
1664824361.325621 -- INFO: Throughput @120.2s:788.53Mbps, rtt :40.06ms cwnd: 1091.7 lossRate: 0.0 CC:3 score:-743.0 
1664824362.325507 -- INFO: Throughput @121.2s:931.14Mbps, rtt :41.3ms cwnd: 1381.3 lossRate: 0.0 CC:3 score:-877.0 
1664824363.307976 -- INFO: Gradient: -39.166666666666686, Gredient Change: 0.06062951496388032, Theta: 1, Previous CC: 2, Choosen CC: 3
1664824363.308100 -- INFO: Changing concurrency to 2 ******
1664824363.316688 -- INFO: Process Status Bits from change concurrency are: 1 1 0 0 0 0 0 0 0 0 0 0 0 0 0 0 0 0 0 0 0 0 0 0 0 0 0 0 0 0 0 0
1664824363.323129 -- INFO: Active CC: 2
1664824363.325995 -- INFO: Throughput @122.2s:939.52Mbps, rtt :41.33ms cwnd: 1381.3 lossRate: 0.0 CC:2 score:-903.0 
1664824364.323843 -- INFO: Throughput @123.2s:922.75Mbps, rtt :41.75ms cwnd: 2017.0 lossRate: 0.0 CC:2 score:-887.0 
1664824365.329321 -- INFO: Throughput @124.2s:939.52Mbps, rtt :41.49ms cwnd: 2017.0 lossRate: 0.0 CC:2 score:-903.0 
1664824366.329366 -- INFO: Throughput @125.2s:939.52Mbps, rtt :41.55ms cwnd: 2017.0 lossRate: 0.0 CC:2 score:-903.0 
1664824366.524210 -- INFO: Changing concurrency to 4 ******
1664824366.526061 -- INFO: Start Process :: 2
1664824366.527590 -- INFO: Start Process :: 3
1664824366.532619 -- INFO: Process Status Bits from change concurrency are: 1 1 1 1 0 0 0 0 0 0 0 0 0 0 0 0 0 0 0 0 0 0 0 0 0 0 0 0 0 0 0 0
1664824366.541532 -- INFO: Active CC: 4
1664824366.565599 -- INFO: Process 2 get item 17 from queue and executing
1664824366.565972 -- INFO: starting 2, 17, /users/jamilm/files_to_Send/FILE1
1664824366.567910 -- INFO: Process 3 get item 18 from queue and executing
1664824366.568412 -- INFO: starting 3, 18, /users/jamilm/files_to_Send/FILE0
1664824367.333020 -- INFO: Throughput @126.2s:981.47Mbps, rtt :41.56ms cwnd: 1405.2 lossRate: 0.0 CC:4 score:-907.0 
1664824368.334409 -- INFO: Throughput @127.2s:947.91Mbps, rtt :42.95ms cwnd: 1499.0 lossRate: 0.0 CC:4 score:-876.0 
1664824369.332098 -- INFO: Throughput @128.2s:939.52Mbps, rtt :42.89ms cwnd: 1499.0 lossRate: 0.0 CC:4 score:-868.0 
1664824369.742684 -- INFO: Gradient: 7.0, Gredient Change: 0.0077979948013368, Theta: -1, Previous CC: 3, Choosen CC: 2
1664824369.742851 -- INFO: Changing concurrency to 1 ******
1664824369.748375 -- INFO: Process Status Bits from change concurrency are: 1 0 0 0 0 0 0 0 0 0 0 0 0 0 0 0 0 0 0 0 0 0 0 0 0 0 0 0 0 0 0 0
1664824369.753175 -- INFO: Active CC: 1
1664824370.331640 -- INFO: Throughput @129.2s:729.81Mbps, rtt :39.35ms cwnd: 2240.0 lossRate: 0 CC:1 score:-715.0 
1664824371.330285 -- INFO: Throughput @130.2s:587.2Mbps, rtt :39.97ms cwnd: 2240.0 lossRate: 0.0 CC:1 score:-576.0 
1664824372.336961 -- INFO: Throughput @131.2s:595.59Mbps, rtt :40.26ms cwnd: 2240.0 lossRate: 0.0 CC:1 score:-584.0 
1664824372.672426 -- INFO: Process 0 finished on working on file 12 
1664824372.673223 -- INFO: Process 0 get item 20 from queue and executing
1664824372.673551 -- INFO: starting 0, 20, /users/jamilm/files_to_Send/FILE2
1664824372.954122 -- INFO: Changing concurrency to 3 ******
1664824372.955208 -- INFO: Start Process :: 1
1664824372.957271 -- INFO: Start Process :: 2
1664824372.962229 -- INFO: Process Status Bits from change concurrency are: 1 1 1 0 0 0 0 0 0 0 0 0 0 0 0 0 0 0 0 0 0 0 0 0 0 0 0 0 0 0 0 0
1664824372.970704 -- INFO: Active CC: 3
1664824372.995949 -- INFO: Process 1 get item 21 from queue and executing
1664824372.996302 -- INFO: starting 1, 21, /users/jamilm/files_to_Send/FILE1
1664824372.997548 -- INFO: Process 2 get item 23 from queue and executing
1664824372.998368 -- INFO: starting 2, 23, /users/jamilm/files_to_Send/FILE3
1664824373.334594 -- INFO: Throughput @132.2s:651.58Mbps, rtt :39.68ms cwnd: 1099.7 lossRate: 0.0 CC:3 score:-614.0 
1664824374.337892 -- INFO: Throughput @133.2s:922.75Mbps, rtt :40.92ms cwnd: 1332.3 lossRate: 0.0 CC:3 score:-870.0 
1664824375.340848 -- INFO: Throughput @134.2s:939.52Mbps, rtt :40.91ms cwnd: 1332.3 lossRate: 0.0 CC:3 score:-885.0 
1664824376.171745 -- INFO: Gradient: -82.33333333333331, Gredient Change: 0.1317333333333333, Theta: 1, Previous CC: 2, Choosen CC: 3
1664824376.171890 -- INFO: Changing concurrency to 2 ******
1664824376.178737 -- INFO: Process Status Bits from change concurrency are: 1 1 0 0 0 0 0 0 0 0 0 0 0 0 0 0 0 0 0 0 0 0 0 0 0 0 0 0 0 0 0 0
1664824376.184192 -- INFO: Active CC: 2
1664824376.340569 -- INFO: Throughput @135.2s:931.14Mbps, rtt :40.09ms cwnd: 1612.0 lossRate: 0.0 CC:2 score:-895.0 
1664824377.335976 -- INFO: Throughput @136.2s:922.75Mbps, rtt :40.2ms cwnd: 1860.0 lossRate: 0.0 CC:2 score:-887.0 
1664824378.341843 -- INFO: Throughput @137.2s:947.91Mbps, rtt :40.17ms cwnd: 1860.0 lossRate: 0.0 CC:2 score:-911.0 
1664824379.339177 -- INFO: Throughput @138.2s:931.14Mbps, rtt :40.19ms cwnd: 1860.0 lossRate: 0.0 CC:2 score:-895.0 
1664824379.385262 -- INFO: Changing concurrency to 4 ******
1664824379.386505 -- INFO: Start Process :: 2
1664824379.387812 -- INFO: Start Process :: 3
1664824379.390915 -- INFO: Process Status Bits from change concurrency are: 1 1 1 1 0 0 0 0 0 0 0 0 0 0 0 0 0 0 0 0 0 0 0 0 0 0 0 0 0 0 0 0
1664824379.395908 -- INFO: Active CC: 4
1664824379.425996 -- INFO: Process 2 get item 22 from queue and executing
1664824379.426430 -- INFO: starting 2, 22, /users/jamilm/files_to_Send/FILE0
1664824379.428153 -- INFO: Process 3 get item 24 from queue and executing
1664824379.428797 -- INFO: starting 3, 24, /users/jamilm/files_to_Send/FILE2
1664824380.345026 -- INFO: Throughput @139.2s:989.86Mbps, rtt :41.51ms cwnd: 1442.2 lossRate: 0.0 CC:4 score:-914.0 
1664824381.343312 -- INFO: Throughput @140.2s:931.14Mbps, rtt :42.43ms cwnd: 1545.2 lossRate: 0.0 CC:4 score:-860.0 
1664824382.344122 -- INFO: Throughput @141.2s:939.52Mbps, rtt :42.25ms cwnd: 1545.2 lossRate: 0.0 CC:4 score:-868.0 
1664824382.596997 -- INFO: Gradient: 8.5, Gredient Change: 0.009468993687337543, Theta: -1, Previous CC: 3, Choosen CC: 2
1664824382.597115 -- INFO: Changing concurrency to 1 ******
1664824382.602053 -- INFO: Process Status Bits from change concurrency are: 1 0 0 0 0 0 0 0 0 0 0 0 0 0 0 0 0 0 0 0 0 0 0 0 0 0 0 0 0 0 0 0
1664824382.608115 -- INFO: Active CC: 1
1664824383.347528 -- INFO: Throughput @142.2s:687.87Mbps, rtt :39.99ms cwnd: 2240.0 lossRate: 0 CC:1 score:-674.0 
1664824384.347798 -- INFO: Throughput @143.2s:595.59Mbps, rtt :39.82ms cwnd: 2240.0 lossRate: 0.0 CC:1 score:-584.0 
1664824385.350280 -- INFO: Throughput @144.2s:587.2Mbps, rtt :39.93ms cwnd: 2240.0 lossRate: 0.0 CC:1 score:-576.0 
1664824385.809215 -- INFO: Changing concurrency to 3 ******
1664824385.809956 -- INFO: Start Process :: 1
1664824385.810869 -- INFO: Start Process :: 2
1664824385.815891 -- INFO: Process Status Bits from change concurrency are: 1 1 1 0 0 0 0 0 0 0 0 0 0 0 0 0 0 0 0 0 0 0 0 0 0 0 0 0 0 0 0 0
1664824385.823129 -- INFO: Active CC: 3
1664824385.849796 -- INFO: Process 1 get item 27 from queue and executing
1664824385.850437 -- INFO: Process 2 get item 25 from queue and executing
1664824385.850529 -- INFO: starting 1, 27, /users/jamilm/files_to_Send/FILE3
1664824385.851013 -- INFO: starting 2, 25, /users/jamilm/files_to_Send/FILE1
1664824386.349655 -- INFO: Throughput @145.2s:704.64Mbps, rtt :40.87ms cwnd: 1338.3 lossRate: 0.0 CC:3 score:-664.0 
1664824387.351344 -- INFO: Throughput @146.2s:956.3Mbps, rtt :41.27ms cwnd: 1557.7 lossRate: 0.0 CC:3 score:-901.0 
1664824388.010089 -- INFO: Process 0 finished on working on file 20 
1664824388.010874 -- INFO: Process 0 get item 28 from queue and executing
1664824388.011167 -- INFO: starting 0, 28, /users/jamilm/files_to_Send/FILE2
1664824388.355734 -- INFO: Throughput @147.2s:936.79Mbps, rtt :41.59ms cwnd: 1574.0 lossRate: 0.0 CC:3 score:-883.0 
1664824389.024142 -- INFO: Gradient: -102.33333333333331, Gredient Change: 0.16739367502726277, Theta: 1, Previous CC: 2, Choosen CC: 3
1664824389.024257 -- INFO: Changing concurrency to 2 ******
1664824389.031996 -- INFO: Process Status Bits from change concurrency are: 1 1 0 0 0 0 0 0 0 0 0 0 0 0 0 0 0 0 0 0 0 0 0 0 0 0 0 0 0 0 0 0
1664824389.039062 -- INFO: Active CC: 2
1664824389.354177 -- INFO: Throughput @148.2s:922.75Mbps, rtt :40.44ms cwnd: 1912.0 lossRate: 0.0 CC:2 score:-887.0 
1664824390.351576 -- INFO: Throughput @149.2s:939.52Mbps, rtt :41.57ms cwnd: 2019.5 lossRate: 0.0 CC:2 score:-903.0 
1664824391.353793 -- INFO: Throughput @150.2s:947.91Mbps, rtt :41.61ms cwnd: 2019.5 lossRate: 0.0 CC:2 score:-911.0 
1664824392.239981 -- INFO: Changing concurrency to 4 ******
1664824392.240886 -- INFO: Start Process :: 3
1664824392.240965 -- INFO: Start Process :: 2
1664824392.246514 -- INFO: Process Status Bits from change concurrency are: 1 1 1 1 0 0 0 0 0 0 0 0 0 0 0 0 0 0 0 0 0 0 0 0 0 0 0 0 0 0 0 0
1664824392.252695 -- INFO: Active CC: 4
1664824392.280792 -- INFO: Process 3 get item 30 from queue and executing
1664824392.281088 -- INFO: Process 2 get item 31 from queue and executing
1664824392.281324 -- INFO: starting 2, 31, /users/jamilm/files_to_Send/FILE3
1664824392.281613 -- INFO: starting 3, 30, /users/jamilm/files_to_Send/FILE0
1664824392.356704 -- INFO: Throughput @151.2s:947.91Mbps, rtt :40.19ms cwnd: 1019.8 lossRate: 0.0 CC:4 score:-876.0 
1664824393.356606 -- INFO: Throughput @152.2s:973.08Mbps, rtt :42.26ms cwnd: 1458.8 lossRate: 0.0 CC:4 score:-899.0 
1664824394.355021 -- INFO: Throughput @153.2s:939.52Mbps, rtt :42.21ms cwnd: 1458.8 lossRate: 0.0 CC:4 score:-868.0 
1664824395.359589 -- INFO: Throughput @154.2s:956.3Mbps, rtt :42.35ms cwnd: 1470.0 lossRate: 0.0 CC:4 score:-883.0 
1664824395.453822 -- INFO: Gradient: 8.5, Gredient Change: 0.00944094779711218, Theta: -1, Previous CC: 3, Choosen CC: 2
1664824395.453952 -- INFO: Changing concurrency to 1 ******
1664824395.458006 -- INFO: Process Status Bits from change concurrency are: 1 0 0 0 0 0 0 0 0 0 0 0 0 0 0 0 0 0 0 0 0 0 0 0 0 0 0 0 0 0 0 0
1664824395.463886 -- INFO: Active CC: 1
1664824396.357600 -- INFO: Throughput @155.2s:603.98Mbps, rtt :40.07ms cwnd: 2240.0 lossRate: 0 CC:1 score:-592.0 
1664824397.362197 -- INFO: Throughput @156.2s:595.59Mbps, rtt :38.88ms cwnd: 2240.0 lossRate: 0.0 CC:1 score:-584.0 
1664824398.364591 -- INFO: Throughput @157.2s:587.2Mbps, rtt :39.96ms cwnd: 2240.0 lossRate: 0.0 CC:1 score:-576.0 
1664824398.664844 -- INFO: Changing concurrency to 3 ******
1664824398.665863 -- INFO: Start Process :: 1
1664824398.666254 -- INFO: Start Process :: 2
1664824398.670260 -- INFO: Process Status Bits from change concurrency are: 1 1 1 0 0 0 0 0 0 0 0 0 0 0 0 0 0 0 0 0 0 0 0 0 0 0 0 0 0 0 0 0
1664824398.675625 -- INFO: Active CC: 3
1664824398.705274 -- INFO: Process 1 get item 2 from queue and executing
1664824398.705863 -- INFO: Process 2 get item 29 from queue and executing
1664824398.705878 -- INFO: starting 1, 2, /users/jamilm/files_to_Send/FILE0
1664824398.706244 -- INFO: starting 2, 29, /users/jamilm/files_to_Send/FILE1
1664824399.362082 -- INFO: Throughput @158.2s:771.75Mbps, rtt :41.32ms cwnd: 1480.0 lossRate: 0.0 CC:3 score:-727.0 
1664824400.358673 -- INFO: Throughput @159.2s:939.52Mbps, rtt :41.27ms cwnd: 1569.0 lossRate: 0.0 CC:3 score:-885.0 
1664824401.365238 -- INFO: Throughput @160.2s:947.91Mbps, rtt :41.54ms cwnd: 1569.0 lossRate: 0.0 CC:3 score:-893.0 
1664824401.876715 -- INFO: Gradient: -125.5, Gredient Change: 0.2148972602739726, Theta: 1, Previous CC: 2, Choosen CC: 3
1664824401.876840 -- INFO: Changing concurrency to 2 ******
1664824401.883009 -- INFO: Process Status Bits from change concurrency are: 1 1 0 0 0 0 0 0 0 0 0 0 0 0 0 0 0 0 0 0 0 0 0 0 0 0 0 0 0 0 0 0
1664824401.891495 -- INFO: Active CC: 2
1664824402.364363 -- INFO: Throughput @161.2s:914.36Mbps, rtt :41.36ms cwnd: 1983.5 lossRate: 0.0 CC:2 score:-879.0 
1664824403.370881 -- INFO: Throughput @162.2s:947.91Mbps, rtt :41.42ms cwnd: 2024.5 lossRate: 0.0 CC:2 score:-911.0 
1664824404.365481 -- INFO: Throughput @163.2s:947.91Mbps, rtt :41.73ms cwnd: 2024.5 lossRate: 0.0 CC:2 score:-911.0 
1664824405.092536 -- INFO: Changing concurrency to 4 ******
1664824405.094505 -- INFO: Start Process :: 2
1664824405.095693 -- INFO: Start Process :: 3
1664824405.100213 -- INFO: Process Status Bits from change concurrency are: 1 1 1 1 0 0 0 0 0 0 0 0 0 0 0 0 0 0 0 0 0 0 0 0 0 0 0 0 0 0 0 0
1664824405.105777 -- INFO: Active CC: 4
1664824405.135733 -- INFO: Process 2 get item 4 from queue and executing
1664824405.136227 -- INFO: starting 2, 4, /users/jamilm/files_to_Send/FILE2
1664824405.137892 -- INFO: Process 3 get item 9 from queue and executing
1664824405.138381 -- INFO: starting 3, 9, /users/jamilm/files_to_Send/FILE1
1664824405.368368 -- INFO: Throughput @164.2s:956.3Mbps, rtt :41.3ms cwnd: 1140.0 lossRate: 0.0 CC:4 score:-883.0 
1664824406.369830 -- INFO: Throughput @165.2s:956.3Mbps, rtt :42.16ms cwnd: 1382.2 lossRate: 0.0 CC:4 score:-883.0 
1664824407.104077 -- INFO: Process 0 finished on working on file 28 
1664824407.104904 -- INFO: Process 0 get item 3 from queue and executing
1664824407.105234 -- INFO: starting 0, 3, /users/jamilm/files_to_Send/FILE3
1664824407.370138 -- INFO: Throughput @166.2s:953.57Mbps, rtt :42.11ms cwnd: 1382.2 lossRate: 0.0 CC:4 score:-881.0 
1664824408.306843 -- INFO: Gradient: 9.0, Gredient Change: 0.009996297667530544, Theta: -1, Previous CC: 3, Choosen CC: 2
1664824408.306973 -- INFO: Changing concurrency to 1 ******
1664824408.312761 -- INFO: Process Status Bits from change concurrency are: 1 0 0 0 0 0 0 0 0 0 0 0 0 0 0 0 0 0 0 0 0 0 0 0 0 0 0 0 0 0 0 0
1664824408.319251 -- INFO: Active CC: 1
1664824408.373669 -- INFO: Throughput @167.2s:922.75Mbps, rtt :42.13ms cwnd: 1385.0 lossRate: 0.0 CC:1 score:-905.0 
1664824409.371114 -- INFO: Throughput @168.2s:587.2Mbps, rtt :39.64ms cwnd: 2240.0 lossRate: 0 CC:1 score:-576.0 
1664824410.370204 -- INFO: Throughput @169.2s:595.59Mbps, rtt :39.96ms cwnd: 2240.0 lossRate: 0.0 CC:1 score:-584.0 
1664824411.375638 -- INFO: Throughput @170.2s:587.2Mbps, rtt :40.11ms cwnd: 2240.0 lossRate: 0.0 CC:1 score:-576.0 
1664824411.520334 -- INFO: Changing concurrency to 3 ******
1664824411.522357 -- INFO: Start Process :: 2
1664824411.523342 -- INFO: Start Process :: 1
1664824411.529314 -- INFO: Process Status Bits from change concurrency are: 1 1 1 0 0 0 0 0 0 0 0 0 0 0 0 0 0 0 0 0 0 0 0 0 0 0 0 0 0 0 0 0
1664824411.536181 -- INFO: Active CC: 3
1664824411.561728 -- INFO: Process 2 get item 8 from queue and executing
1664824411.562095 -- INFO: starting 2, 8, /users/jamilm/files_to_Send/FILE2
1664824411.562824 -- INFO: Process 1 get item 10 from queue and executing
1664824411.563182 -- INFO: starting 1, 10, /users/jamilm/files_to_Send/FILE0
1664824412.372879 -- INFO: Throughput @171.2s:822.08Mbps, rtt :41.03ms cwnd: 1520.7 lossRate: 0.0 CC:3 score:-775.0 
1664824413.376581 -- INFO: Throughput @172.2s:939.52Mbps, rtt :41.21ms cwnd: 1543.0 lossRate: 0.0 CC:3 score:-885.0 
1664824414.376647 -- INFO: Throughput @173.2s:939.52Mbps, rtt :41.44ms cwnd: 1557.3 lossRate: 0.0 CC:3 score:-885.0 
1664824414.737264 -- INFO: Gradient: -134.83333333333337, Gredient Change: 0.2330069124423964, Theta: 1, Previous CC: 2, Choosen CC: 3
1664824414.737403 -- INFO: Changing concurrency to 2 ******
1664824414.743286 -- INFO: Process Status Bits from change concurrency are: 1 1 0 0 0 0 0 0 0 0 0 0 0 0 0 0 0 0 0 0 0 0 0 0 0 0 0 0 0 0 0 0
1664824414.749758 -- INFO: Active CC: 2
1664824415.380460 -- INFO: Throughput @174.2s:922.75Mbps, rtt :41.56ms cwnd: 2023.5 lossRate: 0.0 CC:2 score:-887.0 
1664824416.375776 -- INFO: Throughput @175.2s:947.91Mbps, rtt :41.42ms cwnd: 2023.5 lossRate: 0.0 CC:2 score:-911.0 
1664824417.381294 -- INFO: Throughput @176.2s:947.91Mbps, rtt :41.55ms cwnd: 2023.5 lossRate: 0.0 CC:2 score:-911.0 
1664824417.884118 -- INFO: Process 0 finished on working on file 3 
1664824417.884906 -- INFO: Process 0 get item 5 from queue and executing
1664824417.885444 -- INFO: starting 0, 5, /users/jamilm/files_to_Send/FILE1
1664824417.950726 -- INFO: Changing concurrency to 4 ******
1664824417.952113 -- INFO: Start Process :: 2
1664824417.952291 -- INFO: Start Process :: 3
1664824417.957609 -- INFO: Process Status Bits from change concurrency are: 1 1 1 1 0 0 0 0 0 0 0 0 0 0 0 0 0 0 0 0 0 0 0 0 0 0 0 0 0 0 0 0
1664824417.962199 -- INFO: Active CC: 4
1664824417.991950 -- INFO: Process 2 get item 11 from queue and executing
1664824417.992307 -- INFO: starting 2, 11, /users/jamilm/files_to_Send/FILE3
1664824417.993811 -- INFO: Process 3 get item 13 from queue and executing
1664824417.996959 -- INFO: starting 3, 13, /users/jamilm/files_to_Send/FILE1
1664824418.380210 -- INFO: Throughput @177.2s:970.35Mbps, rtt :42.13ms cwnd: 1397.5 lossRate: 0.0 CC:4 score:-896.0 
1664824419.384076 -- INFO: Throughput @178.2s:947.91Mbps, rtt :42.34ms cwnd: 1484.0 lossRate: 0.0 CC:4 score:-876.0 
1664824420.378751 -- INFO: Throughput @179.2s:939.52Mbps, rtt :42.13ms cwnd: 1484.0 lossRate: 0.0 CC:4 score:-868.0 
1664824421.163255 -- INFO: Gradient: 11.5, Gredient Change: 0.01273532668881506, Theta: -1, Previous CC: 3, Choosen CC: 2
1664824421.163392 -- INFO: Changing concurrency to 1 ******
1664824421.167405 -- INFO: Process Status Bits from change concurrency are: 1 0 0 0 0 0 0 0 0 0 0 0 0 0 0 0 0 0 0 0 0 0 0 0 0 0 0 0 0 0 0 0
1664824421.174843 -- INFO: Active CC: 1
1664824421.381790 -- INFO: Throughput @180.2s:864.03Mbps, rtt :39.26ms cwnd: 2240.0 lossRate: 0 CC:1 score:-847.0 
1664824421.652950 -- INFO: Process 0 finished on working on file 5 
1664824421.653720 -- INFO: Process 0 get item 16 from queue and executing
1664824421.655189 -- INFO: starting 0, 16, /users/jamilm/files_to_Send/FILE2
1664824422.383971 -- INFO: Throughput @181.2s:592.86Mbps, rtt :39.34ms cwnd: 2240.0 lossRate: 0.0 CC:1 score:-581.0 
1664824423.388791 -- INFO: Throughput @182.2s:587.2Mbps, rtt :40.1ms cwnd: 2240.0 lossRate: 0.0 CC:1 score:-576.0 
1664824424.375782 -- INFO: Changing concurrency to 3 ******
1664824424.376735 -- INFO: Start Process :: 1
1664824424.377134 -- INFO: Start Process :: 2
1664824424.382068 -- INFO: Process Status Bits from change concurrency are: 1 1 1 0 0 0 0 0 0 0 0 0 0 0 0 0 0 0 0 0 0 0 0 0 0 0 0 0 0 0 0 0
1664824424.389184 -- INFO: Active CC: 3
1664824424.389892 -- INFO: Throughput @183.2s:595.59Mbps, rtt :39.6ms cwnd: 753.3 lossRate: 0.0 CC:1 score:-584.0 
1664824424.416303 -- INFO: Process 1 get item 17 from queue and executing
1664824424.416644 -- INFO: starting 1, 17, /users/jamilm/files_to_Send/FILE1
1664824424.416894 -- INFO: Process 2 get item 15 from queue and executing
1664824424.417255 -- INFO: starting 2, 15, /users/jamilm/files_to_Send/FILE3
1664824425.385834 -- INFO: Throughput @184.2s:872.42Mbps, rtt :41.71ms cwnd: 1560.0 lossRate: 0.0 CC:3 score:-822.0 
1664824426.389612 -- INFO: Throughput @185.2s:947.91Mbps, rtt :41.54ms cwnd: 1560.0 lossRate: 0.0 CC:3 score:-893.0 
1664824427.389616 -- INFO: Throughput @186.2s:939.52Mbps, rtt :41.53ms cwnd: 1560.0 lossRate: 0.0 CC:3 score:-885.0 
1664824427.590217 -- INFO: Gradient: -99.33333333333331, Gredient Change: 0.1487025948103792, Theta: 1, Previous CC: 2, Choosen CC: 3
1664824427.590347 -- INFO: Changing concurrency to 2 ******
1664824427.595833 -- INFO: Process Status Bits from change concurrency are: 1 1 0 0 0 0 0 0 0 0 0 0 0 0 0 0 0 0 0 0 0 0 0 0 0 0 0 0 0 0 0 0
1664824427.602432 -- INFO: Active CC: 2
1664824428.392797 -- INFO: Throughput @187.2s:922.75Mbps, rtt :41.58ms cwnd: 2047.5 lossRate: 0.0 CC:2 score:-887.0 
1664824429.391886 -- INFO: Throughput @188.2s:947.91Mbps, rtt :41.63ms cwnd: 2047.5 lossRate: 0.0 CC:2 score:-911.0 
1664824430.392259 -- INFO: Throughput @189.2s:939.52Mbps, rtt :41.67ms cwnd: 2047.5 lossRate: 0.0 CC:2 score:-903.0 
1664824430.803381 -- INFO: Changing concurrency to 4 ******
1664824430.804296 -- INFO: Start Process :: 2
1664824430.806562 -- INFO: Start Process :: 3
1664824430.812177 -- INFO: Process Status Bits from change concurrency are: 1 1 1 1 0 0 0 0 0 0 0 0 0 0 0 0 0 0 0 0 0 0 0 0 0 0 0 0 0 0 0 0
1664824430.817601 -- INFO: Active CC: 4
1664824430.845735 -- INFO: Process 2 get item 18 from queue and executing
1664824430.846282 -- INFO: starting 2, 18, /users/jamilm/files_to_Send/FILE0
1664824430.846960 -- INFO: Process 3 get item 23 from queue and executing
1664824430.847685 -- INFO: starting 3, 23, /users/jamilm/files_to_Send/FILE3
1664824431.394619 -- INFO: Throughput @190.2s:973.08Mbps, rtt :42.21ms cwnd: 1448.0 lossRate: 0.0 CC:4 score:-899.0 
1664824432.394820 -- INFO: Throughput @191.2s:947.91Mbps, rtt :42.37ms cwnd: 1499.8 lossRate: 0.0 CC:4 score:-876.0 
1664824433.397660 -- INFO: Throughput @192.2s:939.52Mbps, rtt :42.3ms cwnd: 1499.8 lossRate: 0.0 CC:4 score:-868.0 
1664824434.018571 -- INFO: Gradient: 9.666666666666686, Gredient Change: 0.010736764161421716, Theta: -1, Previous CC: 3, Choosen CC: 2
1664824434.018681 -- INFO: Changing concurrency to 1 ******
1664824434.024332 -- INFO: Process Status Bits from change concurrency are: 1 0 0 0 0 0 0 0 0 0 0 0 0 0 0 0 0 0 0 0 0 0 0 0 0 0 0 0 0 0 0 0
1664824434.028628 -- INFO: Active CC: 1
1664824434.402799 -- INFO: Throughput @193.2s:813.69Mbps, rtt :39.41ms cwnd: 2240.0 lossRate: 0 CC:1 score:-798.0 
1664824435.400281 -- INFO: Throughput @194.2s:587.2Mbps, rtt :39.44ms cwnd: 2240.0 lossRate: 0.0 CC:1 score:-576.0 
1664824436.399799 -- INFO: Throughput @195.2s:587.2Mbps, rtt :39.47ms cwnd: 2240.0 lossRate: 0.0 CC:1 score:-576.0 
1664824436.811380 -- INFO: Process 0 finished on working on file 16 
1664824436.812580 -- INFO: Process 0 get item 22 from queue and executing
1664824436.812963 -- INFO: starting 0, 22, /users/jamilm/files_to_Send/FILE0
1664824437.229599 -- INFO: Changing concurrency to 3 ******
1664824437.231060 -- INFO: Start Process :: 1
1664824437.231832 -- INFO: Start Process :: 2
1664824437.237172 -- INFO: Process Status Bits from change concurrency are: 1 1 1 0 0 0 0 0 0 0 0 0 0 0 0 0 0 0 0 0 0 0 0 0 0 0 0 0 0 0 0 0
1664824437.241522 -- INFO: Active CC: 3
1664824437.271669 -- INFO: Process 1 get item 24 from queue and executing
1664824437.272053 -- INFO: starting 1, 24, /users/jamilm/files_to_Send/FILE2
1664824437.272631 -- INFO: Process 2 get item 21 from queue and executing
1664824437.273376 -- INFO: starting 2, 21, /users/jamilm/files_to_Send/FILE1
1664824437.401354 -- INFO: Throughput @196.2s:601.25Mbps, rtt :39.36ms cwnd: 789.0 lossRate: 0.0 CC:3 score:-567.0 
1664824438.402140 -- INFO: Throughput @197.2s:931.14Mbps, rtt :40.95ms cwnd: 1342.3 lossRate: 0.0 CC:3 score:-877.0 
1664824439.402522 -- INFO: Throughput @198.2s:939.52Mbps, rtt :41.01ms cwnd: 1342.3 lossRate: 0.0 CC:3 score:-885.0 
1664824440.405002 -- INFO: Throughput @199.2s:939.52Mbps, rtt :40.97ms cwnd: 1342.3 lossRate: 0.0 CC:3 score:-885.0 
1664824440.442557 -- INFO: Gradient: -116.16666666666669, Gredient Change: 0.17871794871794874, Theta: 1, Previous CC: 2, Choosen CC: 3
1664824440.442704 -- INFO: Changing concurrency to 2 ******
1664824440.451253 -- INFO: Process Status Bits from change concurrency are: 1 1 0 0 0 0 0 0 0 0 0 0 0 0 0 0 0 0 0 0 0 0 0 0 0 0 0 0 0 0 0 0
1664824440.458207 -- INFO: Active CC: 2
1664824441.385494 -- INFO: episode expires
1664824441.386692 -- INFO: Process 3 shutdown itself from outest loop
1664824441.387139 -- INFO: Process Status Bits are: 1 1 0 0 0 0 0 0 0 0 0 0 0 0 0 0 0 0 0 0 0 0 0 0 0 0 0 0 0 0 0 0
1664824441.387041 -- INFO: Process 31 shutdown itself from outest loop
1664824441.387477 -- INFO: Process 10 shutdown itself from outest loop
1664824441.387529 -- INFO: Process 4 shutdown itself from outest loop
1664824441.387497 -- INFO: Process 20 shutdown itself from outest loop
1664824441.387950 -- INFO: Process 13 shutdown itself from outest loop
1664824441.387954 -- INFO: Process 11 shutdown itself from outest loop
1664824441.389700 -- INFO: Process 2 shutdown itself from outest loop
1664824441.389678 -- INFO: Process Status Bits are: 1 1 0 0 0 0 0 0 0 0 0 0 0 0 0 0 0 0 0 0 0 0 0 0 0 0 0 0 0 0 0 0
1664824441.388205 -- INFO: Process 8 shutdown itself from outest loop
1664824441.388141 -- INFO: Process 16 shutdown itself from outest loop
1664824441.388080 -- INFO: Process 17 shutdown itself from outest loop
1664824441.388338 -- INFO: Process 30 shutdown itself from outest loop
1664824441.390075 -- INFO: Process Status Bits are: 1 1 0 0 0 0 0 0 0 0 0 0 0 0 0 0 0 0 0 0 0 0 0 0 0 0 0 0 0 0 0 0
1664824441.390298 -- INFO: Process Status Bits are: 1 1 0 0 0 0 0 0 0 0 0 0 0 0 0 0 0 0 0 0 0 0 0 0 0 0 0 0 0 0 0 0
1664824441.388612 -- INFO: Process 19 shutdown itself from outest loop
1664824441.390348 -- INFO: Process Status Bits are: 1 1 0 0 0 0 0 0 0 0 0 0 0 0 0 0 0 0 0 0 0 0 0 0 0 0 0 0 0 0 0 0
1664824441.388625 -- INFO: Process 12 shutdown itself from outest loop
1664824441.390581 -- INFO: Process Status Bits are: 1 1 0 0 0 0 0 0 0 0 0 0 0 0 0 0 0 0 0 0 0 0 0 0 0 0 0 0 0 0 0 0
1664824441.390527 -- INFO: Process Status Bits are: 1 1 0 0 0 0 0 0 0 0 0 0 0 0 0 0 0 0 0 0 0 0 0 0 0 0 0 0 0 0 0 0
1664824441.390503 -- INFO: Process Status Bits are: 1 1 0 0 0 0 0 0 0 0 0 0 0 0 0 0 0 0 0 0 0 0 0 0 0 0 0 0 0 0 0 0
1664824441.390200 -- INFO: Process 9 shutdown itself from outest loop
1664824441.390682 -- INFO: Process Status Bits are: 1 1 0 0 0 0 0 0 0 0 0 0 0 0 0 0 0 0 0 0 0 0 0 0 0 0 0 0 0 0 0 0
1664824441.390787 -- INFO: Process Status Bits are: 1 1 0 0 0 0 0 0 0 0 0 0 0 0 0 0 0 0 0 0 0 0 0 0 0 0 0 0 0 0 0 0
1664824441.390920 -- INFO: Process Status Bits are: 1 1 0 0 0 0 0 0 0 0 0 0 0 0 0 0 0 0 0 0 0 0 0 0 0 0 0 0 0 0 0 0
1664824441.387616 -- INFO: Process 24 shutdown itself from outest loop
1664824441.391037 -- INFO: Process Status Bits are: 1 1 0 0 0 0 0 0 0 0 0 0 0 0 0 0 0 0 0 0 0 0 0 0 0 0 0 0 0 0 0 0
1664824441.391102 -- INFO: Process Status Bits are: 1 1 0 0 0 0 0 0 0 0 0 0 0 0 0 0 0 0 0 0 0 0 0 0 0 0 0 0 0 0 0 0
1664824441.391566 -- INFO: Process Status Bits are: 1 1 0 0 0 0 0 0 0 0 0 0 0 0 0 0 0 0 0 0 0 0 0 0 0 0 0 0 0 0 0 0
1664824441.391761 -- INFO: Process Status Bits are: 1 1 0 0 0 0 0 0 0 0 0 0 0 0 0 0 0 0 0 0 0 0 0 0 0 0 0 0 0 0 0 0
1664824441.390941 -- INFO: Process 7 shutdown itself from outest loop
1664824441.391176 -- INFO: Process 23 shutdown itself from outest loop
1664824441.391094 -- INFO: Process 6 shutdown itself from outest loop
1664824441.390895 -- INFO: Process 27 shutdown itself from outest loop
1664824441.391414 -- INFO: Process 14 shutdown itself from outest loop
1664824441.390928 -- INFO: Process 28 shutdown itself from outest loop
1664824441.392316 -- INFO: Process Status Bits are: 1 1 0 0 0 0 0 0 0 0 0 0 0 0 0 0 0 0 0 0 0 0 0 0 0 0 0 0 0 0 0 0
1664824441.392347 -- INFO: Process Status Bits are: 1 1 0 0 0 0 0 0 0 0 0 0 0 0 0 0 0 0 0 0 0 0 0 0 0 0 0 0 0 0 0 0
1664824441.392388 -- INFO: Process Status Bits are: 1 1 0 0 0 0 0 0 0 0 0 0 0 0 0 0 0 0 0 0 0 0 0 0 0 0 0 0 0 0 0 0
1664824441.391614 -- INFO: Process 15 shutdown itself from outest loop
1664824441.391413 -- INFO: Process 18 shutdown itself from outest loop
1664824441.391328 -- INFO: Process 29 shutdown itself from outest loop
1664824441.392475 -- INFO: Process Status Bits are: 1 1 0 0 0 0 0 0 0 0 0 0 0 0 0 0 0 0 0 0 0 0 0 0 0 0 0 0 0 0 0 0
1664824441.390825 -- INFO: Process 25 shutdown itself from outest loop
1664824441.392801 -- INFO: Process Status Bits are: 1 1 0 0 0 0 0 0 0 0 0 0 0 0 0 0 0 0 0 0 0 0 0 0 0 0 0 0 0 0 0 0
1664824441.392910 -- INFO: Process Status Bits are: 1 1 0 0 0 0 0 0 0 0 0 0 0 0 0 0 0 0 0 0 0 0 0 0 0 0 0 0 0 0 0 0
1664824441.392999 -- INFO: Process Status Bits are: 1 1 0 0 0 0 0 0 0 0 0 0 0 0 0 0 0 0 0 0 0 0 0 0 0 0 0 0 0 0 0 0
1664824441.393026 -- INFO: Process Status Bits are: 1 1 0 0 0 0 0 0 0 0 0 0 0 0 0 0 0 0 0 0 0 0 0 0 0 0 0 0 0 0 0 0
1664824441.393141 -- INFO: Process Status Bits are: 1 1 0 0 0 0 0 0 0 0 0 0 0 0 0 0 0 0 0 0 0 0 0 0 0 0 0 0 0 0 0 0
1664824441.393169 -- INFO: Process Status Bits are: 1 1 0 0 0 0 0 0 0 0 0 0 0 0 0 0 0 0 0 0 0 0 0 0 0 0 0 0 0 0 0 0
1664824441.391805 -- INFO: Process 26 shutdown itself from outest loop
1664824441.392644 -- INFO: Process 22 shutdown itself from outest loop
1664824441.392591 -- INFO: Process 5 shutdown itself from outest loop
1664824441.393911 -- INFO: Process Status Bits are: 1 1 0 0 0 0 0 0 0 0 0 0 0 0 0 0 0 0 0 0 0 0 0 0 0 0 0 0 0 0 0 0
1664824441.394231 -- INFO: Process Status Bits are: 1 1 0 0 0 0 0 0 0 0 0 0 0 0 0 0 0 0 0 0 0 0 0 0 0 0 0 0 0 0 0 0
1664824441.394293 -- INFO: Process Status Bits are: 1 1 0 0 0 0 0 0 0 0 0 0 0 0 0 0 0 0 0 0 0 0 0 0 0 0 0 0 0 0 0 0
1664824441.394530 -- INFO: Process Status Bits are: 1 1 0 0 0 0 0 0 0 0 0 0 0 0 0 0 0 0 0 0 0 0 0 0 0 0 0 0 0 0 0 0
1664824441.393790 -- INFO: Process 21 shutdown itself from outest loop
1664824441.394923 -- INFO: Process Status Bits are: 1 1 0 0 0 0 0 0 0 0 0 0 0 0 0 0 0 0 0 0 0 0 0 0 0 0 0 0 0 0 0 0
1664824443.659358 -- INFO: episode expires
1664824443.678231 -- INFO: GD Optimizer Exits ...
1664824443.943064 -- INFO: Throughput @0.1s:0.0Mbps, rtt :0.0ms cwnd: 0.0 lossRate: 0 CC:0 score:-0.0 
