1664827546.811079 -- INFO: Changing concurrency to 1 ******
1664827546.814063 -- INFO: Start Process :: 0
1664827546.817659 -- INFO: Process Status Bits from change concurrency are: 1 0 0 0 0 0 0 0 0 0 0 0 0 0 0 0 0 0 0 0 0 0 0 0 0 0 0 0 0 0 0 0
1664827546.826426 -- INFO: Active CC: 1
1664827546.854194 -- INFO: Process 0 get item 0 from queue and executing
1664827546.857658 -- INFO: starting 0, 0, /users/jamilm/files_to_Send/FILE2
1664827546.884757 -- INFO: Throughput @0.1s:0.0Mbps, rtt :38.55ms cwnd: 10.0 lossRate: 0.0 CC:1 score:-0.0 
1664827547.884103 -- INFO: Throughput @1.1s:293.6Mbps, rtt :38.87ms cwnd: 1839.0 lossRate: 0.0 CC:1 score:-288.0 
1664827548.886468 -- INFO: Throughput @2.1s:578.81Mbps, rtt :39.83ms cwnd: 2205.0 lossRate: 0.0 CC:1 score:-567.0 
1664827549.879287 -- INFO: Throughput @3.1s:595.59Mbps, rtt :39.58ms cwnd: 2205.0 lossRate: 0.0 CC:1 score:-584.0 
1664827550.029464 -- INFO: Changing concurrency to 2 ******
1664827550.032213 -- INFO: Start Process :: 1
1664827550.040497 -- INFO: Process Status Bits from change concurrency are: 1 1 0 0 0 0 0 0 0 0 0 0 0 0 0 0 0 0 0 0 0 0 0 0 0 0 0 0 0 0 0 0
1664827550.049035 -- INFO: Active CC: 2
1664827550.071965 -- INFO: Process 1 get item 1 from queue and executing
1664827550.072316 -- INFO: starting 1, 1, /users/jamilm/files_to_Send/FILE1
1664827550.879248 -- INFO: Throughput @4.1s:771.75Mbps, rtt :40.0ms cwnd: 1833.5 lossRate: 0.0 CC:2 score:-742.0 
1664827551.886083 -- INFO: Throughput @5.1s:939.52Mbps, rtt :41.53ms cwnd: 1996.5 lossRate: 0.0 CC:2 score:-903.0 
1664827552.880828 -- INFO: Throughput @6.1s:947.91Mbps, rtt :41.66ms cwnd: 1996.5 lossRate: 0.0 CC:2 score:-911.0 
1664827553.250128 -- INFO: Gradient_Fast: -372.3333333333333, Gredient_Fast Change: 0.7762334954829743, Theta: 1, Previous CC: 2, Choosen CC: 4
1664827553.250235 -- INFO: Changing concurrency to 4 ******
1664827553.253579 -- INFO: Start Process :: 2
1664827553.253685 -- INFO: Start Process :: 3
1664827553.256500 -- INFO: Process Status Bits from change concurrency are: 1 1 1 1 0 0 0 0 0 0 0 0 0 0 0 0 0 0 0 0 0 0 0 0 0 0 0 0 0 0 0 0
1664827553.264838 -- INFO: Active CC: 4
1664827553.293948 -- INFO: Process 2 get item 2 from queue and executing
1664827553.294334 -- INFO: starting 2, 2, /users/jamilm/files_to_Send/FILE0
1664827553.294351 -- INFO: Process 3 get item 3 from queue and executing
1664827553.294767 -- INFO: starting 3, 3, /users/jamilm/files_to_Send/FILE3
1664827553.881818 -- INFO: Throughput @7.1s:973.08Mbps, rtt :41.6ms cwnd: 1444.8 lossRate: 0.0 CC:4 score:-899.0 
1664827554.884389 -- INFO: Throughput @8.1s:947.91Mbps, rtt :41.63ms cwnd: 1444.8 lossRate: 0.0 CC:4 score:-876.0 
1664827555.886080 -- INFO: Throughput @9.1s:939.52Mbps, rtt :41.35ms cwnd: 1444.8 lossRate: 0.0 CC:4 score:-868.0 
1664827556.465928 -- INFO: Gradient_Fast: -14.5, Gredient_Fast Change: 0.017018779342723004, Theta: 2, Previous CC: 4, Choosen CC: 6
1664827556.466039 -- INFO: Changing concurrency to 6 ******
1664827556.470067 -- INFO: Start Process :: 5
1664827556.473230 -- INFO: Process Status Bits from change concurrency are: 1 1 1 1 1 1 0 0 0 0 0 0 0 0 0 0 0 0 0 0 0 0 0 0 0 0 0 0 0 0 0 0
1664827556.470051 -- INFO: Start Process :: 4
1664827556.480439 -- INFO: Active CC: 6
1664827556.510431 -- INFO: Process 5 get item 4 from queue and executing
1664827556.511029 -- INFO: starting 5, 4, /users/jamilm/files_to_Send/FILE2
1664827556.517099 -- INFO: Process 4 get item 5 from queue and executing
1664827556.518316 -- INFO: starting 4, 5, /users/jamilm/files_to_Send/FILE1
1664827556.889507 -- INFO: Throughput @10.1s:973.08Mbps, rtt :42.74ms cwnd: 1241.0 lossRate: 0.0 CC:6 score:-864.0 
1664827557.890091 -- INFO: Throughput @11.1s:947.91Mbps, rtt :42.81ms cwnd: 1241.0 lossRate: 0.0 CC:6 score:-842.0 
1664827558.890335 -- INFO: Throughput @12.1s:931.14Mbps, rtt :43.03ms cwnd: 1241.0 lossRate: 0.0 CC:6 score:-827.0 
1664827559.681534 -- INFO: Gradient_Fast: 18.333333333333314, Gredient_Fast Change: 0.0208096859629209, Theta: -1, Previous CC: 6, Choosen CC: 5
1664827559.681665 -- INFO: Changing concurrency to 5 ******
1664827559.687870 -- INFO: Process Status Bits from change concurrency are: 1 1 1 1 1 0 0 0 0 0 0 0 0 0 0 0 0 0 0 0 0 0 0 0 0 0 0 0 0 0 0 0
1664827559.695439 -- INFO: Active CC: 5
1664827559.887460 -- INFO: Throughput @13.1s:939.52Mbps, rtt :42.5ms cwnd: 1334.4 lossRate: 0.0 CC:5 score:-851.0 
1664827560.889265 -- INFO: Throughput @14.1s:939.52Mbps, rtt :42.5ms cwnd: 1334.4 lossRate: 0.0 CC:5 score:-851.0 
1664827561.891342 -- INFO: Throughput @15.1s:939.52Mbps, rtt :42.45ms cwnd: 1334.4 lossRate: 0.0 CC:5 score:-851.0 
1664827562.893062 -- INFO: Throughput @16.1s:939.52Mbps, rtt :42.26ms cwnd: 1334.4 lossRate: 0.0 CC:5 score:-851.0 
1664827562.896435 -- INFO: Gradient_Fast: 6.666666666666629, Gredient_Fast Change: 0.007895775759968372, Theta: -2, Previous CC: 5, Choosen CC: 3
1664827562.896537 -- INFO: Changing concurrency to 3 ******
1664827562.903763 -- INFO: Process Status Bits from change concurrency are: 1 1 1 0 0 0 0 0 0 0 0 0 0 0 0 0 0 0 0 0 0 0 0 0 0 0 0 0 0 0 0 0
1664827562.911321 -- INFO: Active CC: 3
1664827563.895141 -- INFO: Throughput @17.1s:905.97Mbps, rtt :41.63ms cwnd: 1725.7 lossRate: 0 CC:3 score:-854.0 
1664827564.894619 -- INFO: Throughput @18.1s:939.52Mbps, rtt :41.67ms cwnd: 1725.7 lossRate: 0.0 CC:3 score:-885.0 
1664827565.898601 -- INFO: Throughput @19.1s:947.91Mbps, rtt :41.43ms cwnd: 1725.7 lossRate: 0.0 CC:3 score:-893.0 
1664827566.112312 -- INFO: Gradient_Fast: 13.166666666666686, Gredient_Fast Change: 0.01547199373286332, Theta: -3, Previous CC: 3, Choosen CC: 2
1664827566.112430 -- INFO: Changing concurrency to 2 ******
1664827566.127695 -- INFO: Process Status Bits from change concurrency are: 1 1 0 0 0 0 0 0 0 0 0 0 0 0 0 0 0 0 0 0 0 0 0 0 0 0 0 0 0 0 0 0
1664827566.135436 -- INFO: Active CC: 2
1664827566.898923 -- INFO: Throughput @20.1s:931.14Mbps, rtt :41.8ms cwnd: 1996.5 lossRate: 0 CC:2 score:-895.0 
1664827567.896795 -- INFO: Throughput @21.1s:939.52Mbps, rtt :41.64ms cwnd: 1996.5 lossRate: 0.0 CC:2 score:-903.0 
1664827568.900059 -- INFO: Throughput @22.1s:939.52Mbps, rtt :41.66ms cwnd: 1996.5 lossRate: 0.0 CC:2 score:-903.0 
1664827569.336503 -- INFO: Gradient_Fast: 23.0, Gredient_Fast Change: 0.02621580547112462, Theta: -4, Previous CC: 2, Choosen CC: 2
1664827569.336610 -- INFO: Changing concurrency to 2 ******
1664827569.350481 -- INFO: Process Status Bits from change concurrency are: 1 1 0 0 0 0 0 0 0 0 0 0 0 0 0 0 0 0 0 0 0 0 0 0 0 0 0 0 0 0 0 0
1664827569.358447 -- INFO: Active CC: 2
1664827569.517570 -- INFO: Process 0 finished on working on file 0 
1664827569.518377 -- INFO: Process 0 get item 6 from queue and executing
1664827569.519069 -- INFO: starting 0, 6, /users/jamilm/files_to_Send/FILE0
1664827569.899137 -- INFO: Throughput @23.1s:945.18Mbps, rtt :41.96ms cwnd: 1996.5 lossRate: 0.0 CC:2 score:-908.0 
1664827570.901761 -- INFO: Throughput @24.1s:939.52Mbps, rtt :41.48ms cwnd: 1996.5 lossRate: 0.0 CC:2 score:-903.0 
1664827571.904132 -- INFO: Throughput @25.1s:939.52Mbps, rtt :41.68ms cwnd: 1996.5 lossRate: 0.0 CC:2 score:-903.0 
1664827572.559471 -- INFO: Gradient_Fast: 4.3333333333332575, Gredient_Fast Change: 0.0048130322102924, Theta: -5, Previous CC: 2, Choosen CC: 2
1664827572.559568 -- INFO: Changing concurrency to 2 ******
1664827572.567178 -- INFO: Process Status Bits from change concurrency are: 1 1 0 0 0 0 0 0 0 0 0 0 0 0 0 0 0 0 0 0 0 0 0 0 0 0 0 0 0 0 0 0
1664827572.575534 -- INFO: Active CC: 2
1664827572.903533 -- INFO: Throughput @26.1s:947.91Mbps, rtt :41.62ms cwnd: 1996.5 lossRate: 0.0 CC:2 score:-911.0 
1664827573.499660 -- INFO: Process 1 finished on working on file 1 
1664827573.500696 -- INFO: Process 1 get item 7 from queue and executing
1664827573.501171 -- INFO: starting 1, 7, /users/jamilm/files_to_Send/FILE3
1664827573.904642 -- INFO: Throughput @27.1s:936.79Mbps, rtt :41.7ms cwnd: 2433.5 lossRate: 0.0 CC:2 score:-900.0 
1664827574.906286 -- INFO: Throughput @28.1s:947.91Mbps, rtt :41.63ms cwnd: 2433.5 lossRate: 0.0 CC:2 score:-911.0 
1664827575.776545 -- INFO: Gradient_Fast: 2.6666666666667425, Gredient_Fast Change: 0.0029476787030214544, Theta: -6, Previous CC: 2, Choosen CC: 2
1664827575.776682 -- INFO: Changing concurrency to 2 ******
1664827575.784434 -- INFO: Process Status Bits from change concurrency are: 1 1 0 0 0 0 0 0 0 0 0 0 0 0 0 0 0 0 0 0 0 0 0 0 0 0 0 0 0 0 0 0
1664827575.797400 -- INFO: Active CC: 2
1664827575.905950 -- INFO: Throughput @29.1s:939.52Mbps, rtt :41.5ms cwnd: 2433.5 lossRate: 0.0 CC:2 score:-903.0 
1664827576.904611 -- INFO: Throughput @30.1s:947.91Mbps, rtt :41.66ms cwnd: 2433.5 lossRate: 0.0 CC:2 score:-911.0 
1664827577.910546 -- INFO: Throughput @31.1s:939.52Mbps, rtt :41.81ms cwnd: 2433.5 lossRate: 0.0 CC:2 score:-903.0 
1664827578.908626 -- INFO: Throughput @32.1s:939.52Mbps, rtt :41.59ms cwnd: 2433.5 lossRate: 0.0 CC:2 score:-903.0 
1664827578.998376 -- INFO: Gradient_Fast: -1.6666666666667425, Gredient_Fast Change: 0.0018368846436444626, Theta: 1, Previous CC: 2, Choosen CC: 3
1664827578.998488 -- INFO: Changing concurrency to 3 ******
1664827579.000695 -- INFO: Start Process :: 2
1664827579.006098 -- INFO: Process Status Bits from change concurrency are: 1 1 1 0 0 0 0 0 0 0 0 0 0 0 0 0 0 0 0 0 0 0 0 0 0 0 0 0 0 0 0 0
1664827579.013368 -- INFO: Active CC: 3
1664827579.040401 -- INFO: Process 2 get item 8 from queue and executing
1664827579.041185 -- INFO: starting 2, 8, /users/jamilm/files_to_Send/FILE2
1664827579.910549 -- INFO: Throughput @33.1s:964.69Mbps, rtt :41.64ms cwnd: 2012.3 lossRate: 0.0 CC:3 score:-909.0 
1664827580.910646 -- INFO: Throughput @34.1s:939.52Mbps, rtt :42.28ms cwnd: 2012.3 lossRate: 0.0 CC:3 score:-885.0 
1664827581.913149 -- INFO: Throughput @35.1s:947.91Mbps, rtt :42.01ms cwnd: 2032.0 lossRate: 0.0 CC:3 score:-893.0 
1664827582.214358 -- INFO: Gradient_Fast: 10.0, Gredient_Fast Change: 0.011041589988958411, Theta: -1, Previous CC: 3, Choosen CC: 2
1664827582.214475 -- INFO: Changing concurrency to 2 ******
1664827582.224336 -- INFO: Process Status Bits from change concurrency are: 1 1 0 0 0 0 0 0 0 0 0 0 0 0 0 0 0 0 0 0 0 0 0 0 0 0 0 0 0 0 0 0
1664827582.231744 -- INFO: Active CC: 2
1664827582.910153 -- INFO: Throughput @36.1s:922.75Mbps, rtt :41.74ms cwnd: 2433.5 lossRate: 0.0 CC:2 score:-887.0 
1664827583.915949 -- INFO: Throughput @37.1s:939.52Mbps, rtt :41.59ms cwnd: 2433.5 lossRate: 0.0 CC:2 score:-903.0 
1664827584.917130 -- INFO: Throughput @38.1s:947.91Mbps, rtt :41.52ms cwnd: 2433.5 lossRate: 0.0 CC:2 score:-911.0 
1664827585.432736 -- INFO: Gradient_Fast: 4.6666666666667425, Gredient_Fast Change: 0.00521027167845189, Theta: -2, Previous CC: 2, Choosen CC: 2
1664827585.432837 -- INFO: Changing concurrency to 2 ******
1664827585.442885 -- INFO: Process Status Bits from change concurrency are: 1 1 0 0 0 0 0 0 0 0 0 0 0 0 0 0 0 0 0 0 0 0 0 0 0 0 0 0 0 0 0 0
1664827585.453025 -- INFO: Active CC: 2
1664827585.915685 -- INFO: Throughput @39.1s:939.52Mbps, rtt :41.65ms cwnd: 2433.5 lossRate: 0.0 CC:2 score:-903.0 
1664827586.917843 -- INFO: Throughput @40.1s:939.52Mbps, rtt :41.59ms cwnd: 2433.5 lossRate: 0.0 CC:2 score:-903.0 
1664827587.466458 -- INFO: Process 0 finished on working on file 6 
1664827587.467522 -- INFO: Process 0 get item 9 from queue and executing
1664827587.468293 -- INFO: starting 0, 9, /users/jamilm/files_to_Send/FILE1
1664827587.917699 -- INFO: Throughput @41.1s:945.18Mbps, rtt :41.62ms cwnd: 2433.5 lossRate: 0.0 CC:2 score:-908.0 
1664827588.654046 -- INFO: Gradient_Fast: 4.3333333333332575, Gredient_Fast Change: 0.0048130322102924, Theta: -3, Previous CC: 2, Choosen CC: 2
1664827588.654154 -- INFO: Changing concurrency to 2 ******
1664827588.662908 -- INFO: Process Status Bits from change concurrency are: 1 1 0 0 0 0 0 0 0 0 0 0 0 0 0 0 0 0 0 0 0 0 0 0 0 0 0 0 0 0 0 0
1664827588.674422 -- INFO: Active CC: 2
1664827588.918528 -- INFO: Throughput @42.1s:939.52Mbps, rtt :41.59ms cwnd: 2433.5 lossRate: 0.0 CC:2 score:-903.0 
1664827589.920549 -- INFO: Throughput @43.1s:939.52Mbps, rtt :41.61ms cwnd: 2433.5 lossRate: 0.0 CC:2 score:-903.0 
1664827590.921505 -- INFO: Throughput @44.1s:947.91Mbps, rtt :41.61ms cwnd: 2433.5 lossRate: 0.0 CC:2 score:-911.0 
1664827591.447080 -- INFO: Process 1 finished on working on file 7 
1664827591.449988 -- INFO: Process 1 get item 10 from queue and executing
1664827591.450538 -- INFO: starting 1, 10, /users/jamilm/files_to_Send/FILE0
1664827591.875418 -- INFO: Gradient_Fast: 1.0, Gredient_Fast Change: 0.001105379513633014, Theta: -4, Previous CC: 2, Choosen CC: 2
1664827591.875516 -- INFO: Changing concurrency to 2 ******
1664827591.885453 -- INFO: Process Status Bits from change concurrency are: 1 1 0 0 0 0 0 0 0 0 0 0 0 0 0 0 0 0 0 0 0 0 0 0 0 0 0 0 0 0 0 0
1664827591.893066 -- INFO: Active CC: 2
1664827591.926006 -- INFO: Throughput @45.1s:936.79Mbps, rtt :41.71ms cwnd: 2433.5 lossRate: 0.0 CC:2 score:-900.0 
1664827592.924324 -- INFO: Throughput @46.1s:947.91Mbps, rtt :41.66ms cwnd: 2433.5 lossRate: 0.0 CC:2 score:-911.0 
1664827593.922641 -- INFO: Throughput @47.1s:939.52Mbps, rtt :41.65ms cwnd: 2433.5 lossRate: 0.0 CC:2 score:-903.0 
1664827594.930022 -- INFO: Throughput @48.1s:947.91Mbps, rtt :41.62ms cwnd: 2433.5 lossRate: 0.0 CC:2 score:-911.0 
1664827595.094208 -- INFO: Gradient_Fast: 2.6666666666667425, Gredient_Fast Change: 0.0029444239970556597, Theta: -5, Previous CC: 2, Choosen CC: 2
1664827595.094315 -- INFO: Changing concurrency to 2 ******
1664827595.102611 -- INFO: Process Status Bits from change concurrency are: 1 1 0 0 0 0 0 0 0 0 0 0 0 0 0 0 0 0 0 0 0 0 0 0 0 0 0 0 0 0 0 0
1664827595.114577 -- INFO: Active CC: 2
1664827595.925209 -- INFO: Throughput @49.1s:939.52Mbps, rtt :41.56ms cwnd: 2433.5 lossRate: 0.0 CC:2 score:-903.0 
1664827596.929135 -- INFO: Throughput @50.1s:939.52Mbps, rtt :41.58ms cwnd: 2433.5 lossRate: 0.0 CC:2 score:-903.0 
1664827597.926437 -- INFO: Throughput @51.1s:939.52Mbps, rtt :41.7ms cwnd: 2433.5 lossRate: 0.0 CC:2 score:-903.0 
1664827598.315668 -- INFO: Gradient_Fast: -5.333333333333371, Gredient_Fast Change: 0.0058715596330275645, Theta: 1, Previous CC: 2, Choosen CC: 3
1664827598.315767 -- INFO: Changing concurrency to 3 ******
1664827598.318366 -- INFO: Start Process :: 2
1664827598.324688 -- INFO: Process Status Bits from change concurrency are: 1 1 1 0 0 0 0 0 0 0 0 0 0 0 0 0 0 0 0 0 0 0 0 0 0 0 0 0 0 0 0 0
1664827598.333880 -- INFO: Active CC: 3
1664827598.360782 -- INFO: Process 2 get item 11 from queue and executing
1664827598.361249 -- INFO: starting 2, 11, /users/jamilm/files_to_Send/FILE3
1664827598.931905 -- INFO: Throughput @52.1s:964.69Mbps, rtt :41.87ms cwnd: 1786.0 lossRate: 0.0 CC:3 score:-909.0 
1664827599.926680 -- INFO: Throughput @53.1s:939.52Mbps, rtt :41.89ms cwnd: 1786.0 lossRate: 0.0 CC:3 score:-885.0 
1664827600.932352 -- INFO: Throughput @54.1s:947.91Mbps, rtt :42.0ms cwnd: 1786.0 lossRate: 0.0 CC:3 score:-893.0 
1664827601.534923 -- INFO: Gradient_Fast: 7.333333333333371, Gredient_Fast Change: 0.008121077888519792, Theta: -1, Previous CC: 3, Choosen CC: 2
1664827601.535021 -- INFO: Changing concurrency to 2 ******
1664827601.550825 -- INFO: Process Status Bits from change concurrency are: 1 1 0 0 0 0 0 0 0 0 0 0 0 0 0 0 0 0 0 0 0 0 0 0 0 0 0 0 0 0 0 0
1664827601.559422 -- INFO: Active CC: 2
1664827601.931252 -- INFO: Throughput @55.1s:922.75Mbps, rtt :41.53ms cwnd: 2433.5 lossRate: 0.0 CC:2 score:-887.0 
1664827602.936560 -- INFO: Throughput @56.1s:939.52Mbps, rtt :41.54ms cwnd: 2433.5 lossRate: 0.0 CC:2 score:-903.0 
1664827603.936841 -- INFO: Throughput @57.1s:947.91Mbps, rtt :41.55ms cwnd: 2433.5 lossRate: 0.0 CC:2 score:-911.0 
1664827604.760485 -- INFO: Gradient_Fast: 4.6666666666667425, Gredient_Fast Change: 0.00521027167845189, Theta: -2, Previous CC: 2, Choosen CC: 2
1664827604.760598 -- INFO: Changing concurrency to 2 ******
1664827604.768793 -- INFO: Process Status Bits from change concurrency are: 1 1 0 0 0 0 0 0 0 0 0 0 0 0 0 0 0 0 0 0 0 0 0 0 0 0 0 0 0 0 0 0
1664827604.775862 -- INFO: Active CC: 2
1664827604.932625 -- INFO: Throughput @58.1s:939.52Mbps, rtt :41.55ms cwnd: 2433.5 lossRate: 0.0 CC:2 score:-903.0 
1664827605.101443 -- INFO: Process 0 finished on working on file 9 
1664827605.104227 -- INFO: Process 0 get item 12 from queue and executing
1664827605.105080 -- INFO: starting 0, 12, /users/jamilm/files_to_Send/FILE2
1664827605.934956 -- INFO: Throughput @59.1s:936.79Mbps, rtt :41.54ms cwnd: 2433.5 lossRate: 0.0 CC:2 score:-900.0 
1664827606.942081 -- INFO: Throughput @60.1s:947.91Mbps, rtt :41.62ms cwnd: 2433.5 lossRate: 0.0 CC:2 score:-911.0 
1664827607.939048 -- INFO: Throughput @61.1s:947.91Mbps, rtt :41.78ms cwnd: 2433.5 lossRate: 0.0 CC:2 score:-911.0 
1664827607.976809 -- INFO: Gradient_Fast: 7.0, Gredient_Fast Change: 0.00777489818585709, Theta: -3, Previous CC: 2, Choosen CC: 2
1664827607.976907 -- INFO: Changing concurrency to 2 ******
1664827607.986520 -- INFO: Process Status Bits from change concurrency are: 1 1 0 0 0 0 0 0 0 0 0 0 0 0 0 0 0 0 0 0 0 0 0 0 0 0 0 0 0 0 0 0
1664827607.994549 -- INFO: Active CC: 2
1664827608.442508 -- INFO: Process 1 finished on working on file 10 
1664827608.443569 -- INFO: Process 1 get item 13 from queue and executing
1664827608.444206 -- INFO: starting 1, 13, /users/jamilm/files_to_Send/FILE1
1664827608.938045 -- INFO: Throughput @62.1s:936.79Mbps, rtt :41.61ms cwnd: 2433.5 lossRate: 0.0 CC:2 score:-900.0 
1664827609.939802 -- INFO: Throughput @63.1s:939.52Mbps, rtt :41.6ms cwnd: 2433.5 lossRate: 0.0 CC:2 score:-903.0 
1664827610.939435 -- INFO: Throughput @64.1s:947.91Mbps, rtt :41.62ms cwnd: 2433.5 lossRate: 0.0 CC:2 score:-911.0 
1664827611.195580 -- INFO: Gradient_Fast: -2.6666666666667425, Gredient_Fast Change: 0.00293901542983109, Theta: 1, Previous CC: 2, Choosen CC: 3
1664827611.195685 -- INFO: Changing concurrency to 3 ******
1664827611.197856 -- INFO: Start Process :: 2
1664827611.202665 -- INFO: Process Status Bits from change concurrency are: 1 1 1 0 0 0 0 0 0 0 0 0 0 0 0 0 0 0 0 0 0 0 0 0 0 0 0 0 0 0 0 0
1664827611.211275 -- INFO: Active CC: 3
1664827611.237850 -- INFO: Process 2 get item 14 from queue and executing
1664827611.238357 -- INFO: starting 2, 14, /users/jamilm/files_to_Send/FILE0
1664827611.943609 -- INFO: Throughput @65.1s:956.3Mbps, rtt :41.76ms cwnd: 1883.7 lossRate: 0.0 CC:3 score:-901.0 
1664827612.942699 -- INFO: Throughput @66.1s:939.52Mbps, rtt :42.04ms cwnd: 2012.3 lossRate: 0.0 CC:3 score:-885.0 
1664827613.947294 -- INFO: Throughput @67.1s:947.91Mbps, rtt :41.94ms cwnd: 2012.3 lossRate: 0.0 CC:3 score:-893.0 
1664827614.412219 -- INFO: Gradient_Fast: 11.666666666666629, Gredient_Fast Change: 0.012896094325718456, Theta: -1, Previous CC: 3, Choosen CC: 2
1664827614.412328 -- INFO: Changing concurrency to 2 ******
1664827614.420303 -- INFO: Process Status Bits from change concurrency are: 1 1 0 0 0 0 0 0 0 0 0 0 0 0 0 0 0 0 0 0 0 0 0 0 0 0 0 0 0 0 0 0
1664827614.426462 -- INFO: Active CC: 2
1664827614.945222 -- INFO: Throughput @68.1s:922.75Mbps, rtt :41.61ms cwnd: 2433.5 lossRate: 0.0 CC:2 score:-887.0 
1664827615.946466 -- INFO: Throughput @69.1s:939.52Mbps, rtt :41.61ms cwnd: 2433.5 lossRate: 0.0 CC:2 score:-903.0 
1664827616.945699 -- INFO: Throughput @70.1s:947.91Mbps, rtt :41.48ms cwnd: 2433.5 lossRate: 0.0 CC:2 score:-911.0 
1664827617.627390 -- INFO: Gradient_Fast: 7.333333333333371, Gredient_Fast Change: 0.00821201941022774, Theta: -2, Previous CC: 2, Choosen CC: 2
1664827617.627490 -- INFO: Changing concurrency to 2 ******
1664827617.637267 -- INFO: Process Status Bits from change concurrency are: 1 1 0 0 0 0 0 0 0 0 0 0 0 0 0 0 0 0 0 0 0 0 0 0 0 0 0 0 0 0 0 0
1664827617.648184 -- INFO: Active CC: 2
1664827617.948370 -- INFO: Throughput @71.1s:939.52Mbps, rtt :41.56ms cwnd: 2433.5 lossRate: 0.0 CC:2 score:-903.0 
1664827618.951472 -- INFO: Throughput @72.1s:939.52Mbps, rtt :41.69ms cwnd: 2433.5 lossRate: 0.0 CC:2 score:-903.0 
1664827619.949522 -- INFO: Throughput @73.1s:947.91Mbps, rtt :41.68ms cwnd: 2433.5 lossRate: 0.0 CC:2 score:-911.0 
1664827620.849088 -- INFO: Gradient_Fast: 5.3333333333332575, Gredient_Fast Change: 0.005923731951129127, Theta: -3, Previous CC: 2, Choosen CC: 2
1664827620.849182 -- INFO: Changing concurrency to 2 ******
1664827620.854375 -- INFO: Process Status Bits from change concurrency are: 1 1 0 0 0 0 0 0 0 0 0 0 0 0 0 0 0 0 0 0 0 0 0 0 0 0 0 0 0 0 0 0
1664827620.862502 -- INFO: Active CC: 2
1664827620.953825 -- INFO: Throughput @74.1s:939.52Mbps, rtt :41.56ms cwnd: 2433.5 lossRate: 0.0 CC:2 score:-903.0 
1664827621.952988 -- INFO: Throughput @75.1s:947.91Mbps, rtt :41.74ms cwnd: 2433.5 lossRate: 0.0 CC:2 score:-911.0 
1664827622.951407 -- INFO: Throughput @76.1s:939.52Mbps, rtt :41.68ms cwnd: 2433.5 lossRate: 0.0 CC:2 score:-903.0 
1664827622.986912 -- INFO: Process 0 finished on working on file 12 
1664827622.987691 -- INFO: Process 0 get item 15 from queue and executing
1664827622.988000 -- INFO: starting 0, 15, /users/jamilm/files_to_Send/FILE3
1664827623.951764 -- INFO: Throughput @77.1s:945.18Mbps, rtt :41.56ms cwnd: 2433.5 lossRate: 0.0 CC:2 score:-908.0 
1664827624.063539 -- INFO: Gradient_Fast: 1.6666666666667425, Gredient_Fast Change: 0.0018402649981598188, Theta: -4, Previous CC: 2, Choosen CC: 2
1664827624.063639 -- INFO: Changing concurrency to 2 ******
1664827624.071483 -- INFO: Process Status Bits from change concurrency are: 1 1 0 0 0 0 0 0 0 0 0 0 0 0 0 0 0 0 0 0 0 0 0 0 0 0 0 0 0 0 0 0
1664827624.078520 -- INFO: Active CC: 2
1664827624.953663 -- INFO: Throughput @78.1s:939.52Mbps, rtt :41.57ms cwnd: 2433.5 lossRate: 0.0 CC:2 score:-903.0 
1664827625.957288 -- INFO: Throughput @79.1s:939.52Mbps, rtt :41.57ms cwnd: 2433.5 lossRate: 0.0 CC:2 score:-903.0 
1664827626.327795 -- INFO: Process 1 finished on working on file 13 
1664827626.329098 -- INFO: Process 1 get item 16 from queue and executing
1664827626.329467 -- INFO: starting 1, 16, /users/jamilm/files_to_Send/FILE2
1664827626.954603 -- INFO: Throughput @80.1s:945.18Mbps, rtt :41.59ms cwnd: 2433.5 lossRate: 0.0 CC:2 score:-908.0 
1664827627.279516 -- INFO: Gradient_Fast: -2.6666666666667425, Gredient_Fast Change: 0.00293901542983109, Theta: 1, Previous CC: 2, Choosen CC: 3
1664827627.279614 -- INFO: Changing concurrency to 3 ******
1664827627.282784 -- INFO: Start Process :: 2
1664827627.292595 -- INFO: Process Status Bits from change concurrency are: 1 1 1 0 0 0 0 0 0 0 0 0 0 0 0 0 0 0 0 0 0 0 0 0 0 0 0 0 0 0 0 0
1664827627.299859 -- INFO: Active CC: 3
1664827627.322877 -- INFO: Process 2 get item 17 from queue and executing
1664827627.323356 -- INFO: starting 2, 17, /users/jamilm/files_to_Send/FILE1
1664827627.955712 -- INFO: Throughput @81.1s:956.3Mbps, rtt :41.21ms cwnd: 1920.3 lossRate: 0.0 CC:3 score:-901.0 
1664827628.957525 -- INFO: Throughput @82.1s:947.91Mbps, rtt :41.75ms cwnd: 2011.3 lossRate: 0.0 CC:3 score:-893.0 
1664827629.958266 -- INFO: Throughput @83.1s:939.52Mbps, rtt :41.62ms cwnd: 2011.3 lossRate: 0.0 CC:3 score:-885.0 
1664827630.500810 -- INFO: Gradient_Fast: 11.666666666666629, Gredient_Fast Change: 0.012896094325718456, Theta: -1, Previous CC: 3, Choosen CC: 2
1664827630.500923 -- INFO: Changing concurrency to 2 ******
1664827630.509730 -- INFO: Process Status Bits from change concurrency are: 1 1 0 0 0 0 0 0 0 0 0 0 0 0 0 0 0 0 0 0 0 0 0 0 0 0 0 0 0 0 0 0
1664827630.515041 -- INFO: Active CC: 2
1664827630.963228 -- INFO: Throughput @84.1s:922.75Mbps, rtt :41.56ms cwnd: 2433.5 lossRate: 0.0 CC:2 score:-887.0 
1664827631.962888 -- INFO: Throughput @85.1s:947.91Mbps, rtt :41.66ms cwnd: 2433.5 lossRate: 0.0 CC:2 score:-911.0 
1664827632.964598 -- INFO: Throughput @86.1s:939.52Mbps, rtt :41.52ms cwnd: 2433.5 lossRate: 0.0 CC:2 score:-903.0 
1664827633.716441 -- INFO: Gradient_Fast: 7.333333333333371, Gredient_Fast Change: 0.00821201941022774, Theta: -2, Previous CC: 2, Choosen CC: 2
1664827633.716650 -- INFO: Changing concurrency to 2 ******
1664827633.728011 -- INFO: Process Status Bits from change concurrency are: 1 1 0 0 0 0 0 0 0 0 0 0 0 0 0 0 0 0 0 0 0 0 0 0 0 0 0 0 0 0 0 0
1664827633.739024 -- INFO: Active CC: 2
1664827633.964908 -- INFO: Throughput @87.1s:939.52Mbps, rtt :41.73ms cwnd: 2433.5 lossRate: 0.0 CC:2 score:-903.0 
1664827634.965811 -- INFO: Throughput @88.1s:947.91Mbps, rtt :41.65ms cwnd: 2433.5 lossRate: 0.0 CC:2 score:-911.0 
1664827635.964814 -- INFO: Throughput @89.1s:939.52Mbps, rtt :41.53ms cwnd: 2433.5 lossRate: 0.0 CC:2 score:-903.0 
1664827636.940051 -- INFO: Gradient_Fast: 5.3333333333332575, Gredient_Fast Change: 0.005923731951129127, Theta: -3, Previous CC: 2, Choosen CC: 2
1664827636.940171 -- INFO: Changing concurrency to 2 ******
1664827636.948288 -- INFO: Process Status Bits from change concurrency are: 1 1 0 0 0 0 0 0 0 0 0 0 0 0 0 0 0 0 0 0 0 0 0 0 0 0 0 0 0 0 0 0
1664827636.957763 -- INFO: Active CC: 2
1664827636.970455 -- INFO: Throughput @90.1s:939.52Mbps, rtt :41.61ms cwnd: 2433.5 lossRate: 0.0 CC:2 score:-903.0 
1664827637.969779 -- INFO: Throughput @91.1s:947.91Mbps, rtt :41.67ms cwnd: 2433.5 lossRate: 0.0 CC:2 score:-911.0 
1664827638.973303 -- INFO: Throughput @92.1s:939.52Mbps, rtt :41.64ms cwnd: 2433.5 lossRate: 0.0 CC:2 score:-903.0 
1664827639.972274 -- INFO: Throughput @93.1s:939.52Mbps, rtt :41.59ms cwnd: 2433.5 lossRate: 0.0 CC:2 score:-903.0 
1664827640.158737 -- INFO: Gradient_Fast: 0.0, Gredient_Fast Change: 0.0, Theta: 1, Previous CC: 2, Choosen CC: 2
1664827640.158841 -- INFO: Changing concurrency to 2 ******
1664827640.165608 -- INFO: Process Status Bits from change concurrency are: 1 1 0 0 0 0 0 0 0 0 0 0 0 0 0 0 0 0 0 0 0 0 0 0 0 0 0 0 0 0 0 0
1664827640.171351 -- INFO: Active CC: 2
1664827640.909064 -- INFO: Process 0 finished on working on file 15 
1664827640.909867 -- INFO: Process 0 get item 18 from queue and executing
1664827640.910847 -- INFO: starting 0, 18, /users/jamilm/files_to_Send/FILE0
1664827640.970844 -- INFO: Throughput @94.1s:945.18Mbps, rtt :41.79ms cwnd: 2433.5 lossRate: 0.0 CC:2 score:-908.0 
1664827641.975670 -- INFO: Throughput @95.1s:939.52Mbps, rtt :41.96ms cwnd: 2433.5 lossRate: 0.0 CC:2 score:-903.0 
1664827642.973717 -- INFO: Throughput @96.1s:939.52Mbps, rtt :41.53ms cwnd: 2433.5 lossRate: 0.0 CC:2 score:-903.0 
1664827643.372271 -- INFO: Gradient_Fast: -1.0, Gredient_Fast Change: 0.001104158998895841, Theta: 2, Previous CC: 2, Choosen CC: 4
1664827643.372378 -- INFO: Changing concurrency to 4 ******
1664827643.373173 -- INFO: Start Process :: 2
1664827643.375561 -- INFO: Start Process :: 3
1664827643.381470 -- INFO: Process Status Bits from change concurrency are: 1 1 1 1 0 0 0 0 0 0 0 0 0 0 0 0 0 0 0 0 0 0 0 0 0 0 0 0 0 0 0 0
1664827643.389657 -- INFO: Active CC: 4
1664827643.414434 -- INFO: Process 2 get item 19 from queue and executing
1664827643.414839 -- INFO: starting 2, 19, /users/jamilm/files_to_Send/FILE3
1664827643.416335 -- INFO: Process 3 get item 20 from queue and executing
1664827643.416900 -- INFO: starting 3, 20, /users/jamilm/files_to_Send/FILE2
1664827643.975896 -- INFO: Throughput @97.1s:981.47Mbps, rtt :41.59ms cwnd: 1541.5 lossRate: 0.0 CC:4 score:-907.0 
1664827644.451833 -- INFO: Process 1 finished on working on file 16 
1664827644.452912 -- INFO: Process 1 get item 21 from queue and executing
1664827644.453245 -- INFO: starting 1, 21, /users/jamilm/files_to_Send/FILE1
1664827644.975586 -- INFO: Throughput @98.1s:945.18Mbps, rtt :41.97ms cwnd: 1634.0 lossRate: 0.0 CC:4 score:-873.0 
1664827645.977581 -- INFO: Throughput @99.1s:939.52Mbps, rtt :41.98ms cwnd: 1634.0 lossRate: 0.0 CC:4 score:-868.0 
1664827646.590626 -- INFO: Gradient_Fast: 11.0, Gredient_Fast Change: 0.012159174649963155, Theta: -1, Previous CC: 4, Choosen CC: 3
1664827646.590725 -- INFO: Changing concurrency to 3 ******
1664827646.596162 -- INFO: Process Status Bits from change concurrency are: 1 1 1 0 0 0 0 0 0 0 0 0 0 0 0 0 0 0 0 0 0 0 0 0 0 0 0 0 0 0 0 0
1664827646.602937 -- INFO: Active CC: 3
1664827646.975372 -- INFO: Throughput @100.2s:838.86Mbps, rtt :41.65ms cwnd: 1797.0 lossRate: 0.0 CC:3 score:-790.0 
1664827647.978085 -- INFO: Throughput @101.2s:947.91Mbps, rtt :41.49ms cwnd: 1797.0 lossRate: 0.0 CC:3 score:-893.0 
1664827648.979795 -- INFO: Throughput @102.2s:947.91Mbps, rtt :41.49ms cwnd: 1797.0 lossRate: 0.0 CC:3 score:-893.0 
1664827649.803855 -- INFO: Gradient_Fast: -24.0, Gredient_Fast Change: 0.02719033232628399, Theta: 1, Previous CC: 3, Choosen CC: 4
1664827649.803966 -- INFO: Changing concurrency to 4 ******
1664827649.805861 -- INFO: Start Process :: 3
1664827649.813928 -- INFO: Process Status Bits from change concurrency are: 1 1 1 1 0 0 0 0 0 0 0 0 0 0 0 0 0 0 0 0 0 0 0 0 0 0 0 0 0 0 0 0
1664827649.822483 -- INFO: Active CC: 4
1664827649.847478 -- INFO: Process 3 get item 22 from queue and executing
1664827649.848101 -- INFO: starting 3, 22, /users/jamilm/files_to_Send/FILE0
1664827649.981426 -- INFO: Throughput @103.2s:939.52Mbps, rtt :41.33ms cwnd: 1358.8 lossRate: 0.0 CC:4 score:-868.0 
1664827650.981434 -- INFO: Throughput @104.2s:947.91Mbps, rtt :41.46ms cwnd: 1426.0 lossRate: 0.0 CC:4 score:-876.0 
1664827651.981677 -- INFO: Throughput @105.2s:931.14Mbps, rtt :41.41ms cwnd: 1426.0 lossRate: 0.0 CC:4 score:-860.0 
1664827652.992732 -- INFO: Throughput @106.2s:947.91Mbps, rtt :41.42ms cwnd: 1426.0 lossRate: 0.0 CC:4 score:-876.0 
1664827653.023868 -- INFO: Gradient_Fast: -12.0, Gredient_Fast Change: 0.013975155279503106, Theta: 2, Previous CC: 4, Choosen CC: 6
1664827653.024085 -- INFO: Changing concurrency to 6 ******
1664827653.026650 -- INFO: Start Process :: 4
1664827653.028680 -- INFO: Start Process :: 5
1664827653.031834 -- INFO: Process Status Bits from change concurrency are: 1 1 1 1 1 1 0 0 0 0 0 0 0 0 0 0 0 0 0 0 0 0 0 0 0 0 0 0 0 0 0 0
1664827653.036600 -- INFO: Active CC: 6
1664827653.066901 -- INFO: Process 4 get item 23 from queue and executing
1664827653.067537 -- INFO: starting 4, 23, /users/jamilm/files_to_Send/FILE3
1664827653.069131 -- INFO: Process 5 get item 24 from queue and executing
1664827653.070003 -- INFO: starting 5, 24, /users/jamilm/files_to_Send/FILE2
1664827653.983502 -- INFO: Throughput @107.2s:989.86Mbps, rtt :43.45ms cwnd: 1261.0 lossRate: 0.0 CC:6 score:-879.0 
1664827654.987589 -- INFO: Throughput @108.2s:931.14Mbps, rtt :43.57ms cwnd: 1268.0 lossRate: 0.0 CC:6 score:-827.0 
1664827655.986719 -- INFO: Throughput @109.2s:947.91Mbps, rtt :43.47ms cwnd: 1268.0 lossRate: 0.0 CC:6 score:-842.0 
1664827656.237577 -- INFO: Gradient_Fast: 10.666666666666629, Gredient_Fast Change: 0.012251148545176067, Theta: -1, Previous CC: 6, Choosen CC: 5
1664827656.237675 -- INFO: Changing concurrency to 5 ******
1664827656.245146 -- INFO: Process Status Bits from change concurrency are: 1 1 1 1 1 0 0 0 0 0 0 0 0 0 0 0 0 0 0 0 0 0 0 0 0 0 0 0 0 0 0 0
1664827656.250817 -- INFO: Active CC: 5
1664827656.986861 -- INFO: Throughput @110.2s:914.36Mbps, rtt :42.22ms cwnd: 1359.8 lossRate: 0.0 CC:5 score:-828.0 
1664827657.988038 -- INFO: Throughput @111.2s:964.69Mbps, rtt :42.09ms cwnd: 1359.8 lossRate: 0.0 CC:5 score:-874.0 
1664827658.989336 -- INFO: Throughput @112.2s:931.14Mbps, rtt :42.15ms cwnd: 1359.8 lossRate: 0.0 CC:5 score:-843.0 
1664827659.451745 -- INFO: Gradient_Fast: -1.0, Gredient_Fast Change: 0.0011773940345368916, Theta: 1, Previous CC: 5, Choosen CC: 6
1664827659.451843 -- INFO: Changing concurrency to 6 ******
1664827659.453848 -- INFO: Start Process :: 5
1664827659.458149 -- INFO: Process Status Bits from change concurrency are: 1 1 1 1 1 1 0 0 0 0 0 0 0 0 0 0 0 0 0 0 0 0 0 0 0 0 0 0 0 0 0 0
1664827659.466145 -- INFO: Active CC: 6
1664827659.495500 -- INFO: Process 5 get item 25 from queue and executing
1664827659.495993 -- INFO: starting 5, 25, /users/jamilm/files_to_Send/FILE1
1664827659.989753 -- INFO: Throughput @113.2s:947.91Mbps, rtt :42.74ms cwnd: 1255.7 lossRate: 0.0 CC:6 score:-842.0 
1664827660.991269 -- INFO: Throughput @114.2s:956.3Mbps, rtt :43.18ms cwnd: 1266.3 lossRate: 0.0 CC:6 score:-849.0 
1664827661.992273 -- INFO: Throughput @115.2s:939.52Mbps, rtt :43.19ms cwnd: 1266.3 lossRate: 0.0 CC:6 score:-834.0 
1664827662.667068 -- INFO: Gradient_Fast: 6.6666666666667425, Gredient_Fast Change: 0.007858546168958832, Theta: -1, Previous CC: 6, Choosen CC: 5
1664827662.667177 -- INFO: Changing concurrency to 5 ******
1664827662.675245 -- INFO: Process Status Bits from change concurrency are: 1 1 1 1 1 0 0 0 0 0 0 0 0 0 0 0 0 0 0 0 0 0 0 0 0 0 0 0 0 0 0 0
1664827662.683911 -- INFO: Active CC: 5
1664827662.993452 -- INFO: Throughput @116.2s:922.75Mbps, rtt :42.23ms cwnd: 1374.8 lossRate: 0.0 CC:5 score:-836.0 
1664827663.996329 -- INFO: Throughput @117.2s:947.91Mbps, rtt :42.07ms cwnd: 1374.8 lossRate: 0.0 CC:5 score:-859.0 
1664827664.996454 -- INFO: Throughput @118.2s:939.52Mbps, rtt :42.3ms cwnd: 1374.8 lossRate: 0.0 CC:5 score:-851.0 
1664827665.884825 -- INFO: Gradient_Fast: 7.0, Gredient_Fast Change: 0.008316831683168317, Theta: -2, Previous CC: 5, Choosen CC: 3
1664827665.884930 -- INFO: Changing concurrency to 3 ******
1664827665.890698 -- INFO: Process Status Bits from change concurrency are: 1 1 1 0 0 0 0 0 0 0 0 0 0 0 0 0 0 0 0 0 0 0 0 0 0 0 0 0 0 0 0 0
1664827665.897409 -- INFO: Active CC: 3
1664827665.999038 -- INFO: Throughput @119.2s:931.14Mbps, rtt :42.21ms cwnd: 1426.0 lossRate: 0 CC:3 score:-877.0 
1664827666.999694 -- INFO: Throughput @120.2s:922.75Mbps, rtt :41.59ms cwnd: 1797.0 lossRate: 0.0 CC:3 score:-870.0 
1664827667.104016 -- INFO: Process 0 finished on working on file 18 
1664827667.104754 -- INFO: Process 0 get item 26 from queue and executing
1664827667.105286 -- INFO: starting 0, 26, /users/jamilm/files_to_Send/FILE0
1664827668.001618 -- INFO: Throughput @121.2s:945.18Mbps, rtt :41.6ms cwnd: 1797.0 lossRate: 0.0 CC:3 score:-891.0 
1664827668.676304 -- INFO: Process 1 finished on working on file 21 
1664827668.677312 -- INFO: Process 1 get item 27 from queue and executing
1664827668.678279 -- INFO: starting 1, 27, /users/jamilm/files_to_Send/FILE3
1664827669.000921 -- INFO: Throughput @122.2s:936.79Mbps, rtt :41.54ms cwnd: 1797.0 lossRate: 0.0 CC:3 score:-883.0 
1664827669.098341 -- INFO: Gradient_Fast: 16.33333333333337, Gredient_Fast Change: 0.019245875883739244, Theta: -3, Previous CC: 3, Choosen CC: 2
1664827669.098461 -- INFO: Changing concurrency to 2 ******
1664827669.109724 -- INFO: Process Status Bits from change concurrency are: 1 1 0 0 0 0 0 0 0 0 0 0 0 0 0 0 0 0 0 0 0 0 0 0 0 0 0 0 0 0 0 0
1664827669.118538 -- INFO: Active CC: 2
1664827670.001015 -- INFO: Throughput @123.2s:931.14Mbps, rtt :41.47ms cwnd: 2433.5 lossRate: 0 CC:2 score:-895.0 
1664827671.002995 -- INFO: Throughput @124.2s:939.52Mbps, rtt :41.65ms cwnd: 2433.5 lossRate: 0.0 CC:2 score:-903.0 
1664827672.006086 -- INFO: Throughput @125.2s:947.91Mbps, rtt :41.63ms cwnd: 2433.5 lossRate: 0.0 CC:2 score:-911.0 
1664827672.319446 -- INFO: Gradient_Fast: 21.66666666666663, Gredient_Fast Change: 0.024583963691376658, Theta: -4, Previous CC: 2, Choosen CC: 2
1664827672.319549 -- INFO: Changing concurrency to 2 ******
1664827672.325883 -- INFO: Process Status Bits from change concurrency are: 1 1 0 0 0 0 0 0 0 0 0 0 0 0 0 0 0 0 0 0 0 0 0 0 0 0 0 0 0 0 0 0
1664827672.334251 -- INFO: Active CC: 2
1664827673.005993 -- INFO: Throughput @126.2s:939.52Mbps, rtt :41.64ms cwnd: 2433.5 lossRate: 0.0 CC:2 score:-903.0 
1664827674.006675 -- INFO: Throughput @127.2s:939.52Mbps, rtt :41.82ms cwnd: 2433.5 lossRate: 0.0 CC:2 score:-903.0 
1664827675.012170 -- INFO: Throughput @128.2s:939.52Mbps, rtt :41.66ms cwnd: 2433.5 lossRate: 0.0 CC:2 score:-903.0 
1664827675.535207 -- INFO: Gradient_Fast: 0.0, Gredient_Fast Change: 0.0, Theta: 1, Previous CC: 2, Choosen CC: 2
1664827675.535319 -- INFO: Changing concurrency to 2 ******
1664827675.542360 -- INFO: Process Status Bits from change concurrency are: 1 1 0 0 0 0 0 0 0 0 0 0 0 0 0 0 0 0 0 0 0 0 0 0 0 0 0 0 0 0 0 0
1664827675.552056 -- INFO: Active CC: 2
1664827676.006812 -- INFO: Throughput @129.2s:947.91Mbps, rtt :41.78ms cwnd: 2433.5 lossRate: 0.0 CC:2 score:-911.0 
1664827677.013677 -- INFO: Throughput @130.2s:939.52Mbps, rtt :41.71ms cwnd: 2433.5 lossRate: 0.0 CC:2 score:-903.0 
1664827678.010484 -- INFO: Throughput @131.2s:947.91Mbps, rtt :41.64ms cwnd: 2433.5 lossRate: 0.0 CC:2 score:-911.0 
1664827678.752975 -- INFO: Gradient_Fast: 5.333333333333371, Gredient_Fast Change: 0.0059062384643780415, Theta: -1, Previous CC: 2, Choosen CC: 2
1664827678.753087 -- INFO: Changing concurrency to 2 ******
1664827678.762968 -- INFO: Process Status Bits from change concurrency are: 1 1 0 0 0 0 0 0 0 0 0 0 0 0 0 0 0 0 0 0 0 0 0 0 0 0 0 0 0 0 0 0
1664827678.775347 -- INFO: Active CC: 2
1664827679.011373 -- INFO: Throughput @132.2s:939.52Mbps, rtt :41.64ms cwnd: 2433.5 lossRate: 0.0 CC:2 score:-903.0 
1664827680.010043 -- INFO: Throughput @133.2s:939.52Mbps, rtt :41.68ms cwnd: 2433.5 lossRate: 0.0 CC:2 score:-903.0 
1664827681.011161 -- INFO: Throughput @134.2s:947.91Mbps, rtt :41.72ms cwnd: 2433.5 lossRate: 0.0 CC:2 score:-911.0 
1664827681.976356 -- INFO: Gradient_Fast: -2.6666666666667425, Gredient_Fast Change: 0.0029357798165138447, Theta: 1, Previous CC: 2, Choosen CC: 3
1664827681.976467 -- INFO: Changing concurrency to 3 ******
1664827681.979358 -- INFO: Start Process :: 2
1664827681.982961 -- INFO: Process Status Bits from change concurrency are: 1 1 1 0 0 0 0 0 0 0 0 0 0 0 0 0 0 0 0 0 0 0 0 0 0 0 0 0 0 0 0 0
1664827681.990752 -- INFO: Active CC: 3
1664827682.010789 -- INFO: Throughput @135.2s:939.52Mbps, rtt :41.62ms cwnd: 1625.7 lossRate: 0.0 CC:3 score:-885.0 
1664827682.021278 -- INFO: Process 2 get item 28 from queue and executing
1664827682.021755 -- INFO: starting 2, 28, /users/jamilm/files_to_Send/FILE2
1664827683.013042 -- INFO: Throughput @136.2s:947.91Mbps, rtt :41.56ms cwnd: 1691.7 lossRate: 0.0 CC:3 score:-893.0 
1664827684.015437 -- INFO: Throughput @137.2s:939.52Mbps, rtt :41.34ms cwnd: 1691.7 lossRate: 0.0 CC:3 score:-885.0 
1664827684.850934 -- INFO: Process 0 finished on working on file 26 
1664827684.852087 -- INFO: Process 0 get item 29 from queue and executing
1664827684.852444 -- INFO: starting 0, 29, /users/jamilm/files_to_Send/FILE1
1664827685.016265 -- INFO: Throughput @138.2s:945.18Mbps, rtt :41.4ms cwnd: 1691.7 lossRate: 0.0 CC:3 score:-891.0 
1664827685.191725 -- INFO: Gradient_Fast: 16.0, Gredient_Fast Change: 0.017666543982333457, Theta: -1, Previous CC: 3, Choosen CC: 2
1664827685.191819 -- INFO: Changing concurrency to 2 ******
1664827685.199221 -- INFO: Process Status Bits from change concurrency are: 1 1 0 0 0 0 0 0 0 0 0 0 0 0 0 0 0 0 0 0 0 0 0 0 0 0 0 0 0 0 0 0
1664827685.205770 -- INFO: Active CC: 2
1664827685.671474 -- INFO: Process 1 finished on working on file 27 
1664827685.672257 -- INFO: Process 1 get item 30 from queue and executing
1664827685.672770 -- INFO: starting 1, 30, /users/jamilm/files_to_Send/FILE0
1664827686.014288 -- INFO: Throughput @139.2s:936.79Mbps, rtt :41.86ms cwnd: 2433.5 lossRate: 0.0 CC:2 score:-900.0 
1664827687.017506 -- INFO: Throughput @140.2s:939.52Mbps, rtt :41.54ms cwnd: 2433.5 lossRate: 0.0 CC:2 score:-903.0 
1664827688.022304 -- INFO: Throughput @141.2s:947.91Mbps, rtt :41.55ms cwnd: 2433.5 lossRate: 0.0 CC:2 score:-911.0 
1664827688.406648 -- INFO: Gradient_Fast: 15.0, Gredient_Fast Change: 0.01686024728362683, Theta: -2, Previous CC: 2, Choosen CC: 2
1664827688.406747 -- INFO: Changing concurrency to 2 ******
1664827688.416015 -- INFO: Process Status Bits from change concurrency are: 1 1 0 0 0 0 0 0 0 0 0 0 0 0 0 0 0 0 0 0 0 0 0 0 0 0 0 0 0 0 0 0
1664827688.420973 -- INFO: Active CC: 2
1664827689.021432 -- INFO: Throughput @142.2s:939.52Mbps, rtt :41.6ms cwnd: 2433.5 lossRate: 0.0 CC:2 score:-903.0 
1664827690.016636 -- INFO: Throughput @143.2s:939.52Mbps, rtt :41.52ms cwnd: 2433.5 lossRate: 0.0 CC:2 score:-903.0 
1664827691.027560 -- INFO: Throughput @144.2s:947.91Mbps, rtt :41.58ms cwnd: 2433.5 lossRate: 0.0 CC:2 score:-911.0 
1664827691.621883 -- INFO: Gradient_Fast: 1.0, Gredient_Fast Change: 0.001105379513633014, Theta: -3, Previous CC: 2, Choosen CC: 2
1664827691.621982 -- INFO: Changing concurrency to 2 ******
1664827691.632268 -- INFO: Process Status Bits from change concurrency are: 1 1 0 0 0 0 0 0 0 0 0 0 0 0 0 0 0 0 0 0 0 0 0 0 0 0 0 0 0 0 0 0
1664827691.644452 -- INFO: Active CC: 2
1664827692.023740 -- INFO: Throughput @145.2s:939.52Mbps, rtt :41.64ms cwnd: 2433.5 lossRate: 0.0 CC:2 score:-903.0 
1664827693.023578 -- INFO: Throughput @146.2s:947.91Mbps, rtt :41.83ms cwnd: 2433.5 lossRate: 0.0 CC:2 score:-911.0 
1664827694.026668 -- INFO: Throughput @147.2s:939.52Mbps, rtt :41.98ms cwnd: 2433.5 lossRate: 0.0 CC:2 score:-903.0 
1664827694.845391 -- INFO: Gradient_Fast: 0.0, Gredient_Fast Change: 0.0, Theta: 1, Previous CC: 2, Choosen CC: 2
1664827694.845513 -- INFO: Changing concurrency to 2 ******
1664827694.856889 -- INFO: Process Status Bits from change concurrency are: 1 1 0 0 0 0 0 0 0 0 0 0 0 0 0 0 0 0 0 0 0 0 0 0 0 0 0 0 0 0 0 0
1664827694.866666 -- INFO: Active CC: 2
1664827695.025743 -- INFO: Throughput @148.2s:939.52Mbps, rtt :41.86ms cwnd: 2433.5 lossRate: 0.0 CC:2 score:-903.0 
1664827696.028625 -- INFO: Throughput @149.2s:939.52Mbps, rtt :41.99ms cwnd: 2433.5 lossRate: 0.0 CC:2 score:-903.0 
1664827697.027086 -- INFO: Throughput @150.2s:947.91Mbps, rtt :41.94ms cwnd: 2433.5 lossRate: 0.0 CC:2 score:-911.0 
1664827698.030196 -- INFO: Throughput @151.2s:939.52Mbps, rtt :41.88ms cwnd: 2433.5 lossRate: 0.0 CC:2 score:-903.0 
1664827698.067603 -- INFO: Gradient_Fast: 0.0, Gredient_Fast Change: 0.0, Theta: 2, Previous CC: 2, Choosen CC: 2
1664827698.067707 -- INFO: Changing concurrency to 2 ******
1664827698.075699 -- INFO: Process Status Bits from change concurrency are: 1 1 0 0 0 0 0 0 0 0 0 0 0 0 0 0 0 0 0 0 0 0 0 0 0 0 0 0 0 0 0 0
1664827698.083449 -- INFO: Active CC: 2
1664827699.026917 -- INFO: Throughput @152.2s:947.91Mbps, rtt :41.81ms cwnd: 2433.5 lossRate: 0.0 CC:2 score:-911.0 
1664827700.030226 -- INFO: Throughput @153.2s:939.52Mbps, rtt :41.69ms cwnd: 2433.5 lossRate: 0.0 CC:2 score:-903.0 
1664827701.032019 -- INFO: Throughput @154.2s:939.52Mbps, rtt :41.52ms cwnd: 2433.5 lossRate: 0.0 CC:2 score:-903.0 
1664827701.284345 -- INFO: Gradient_Fast: 0.0, Gredient_Fast Change: 0.0, Theta: 3, Previous CC: 2, Choosen CC: 2
1664827701.284452 -- INFO: Changing concurrency to 2 ******
1664827701.294033 -- INFO: Process Status Bits from change concurrency are: 1 1 0 0 0 0 0 0 0 0 0 0 0 0 0 0 0 0 0 0 0 0 0 0 0 0 0 0 0 0 0 0
1664827701.301147 -- INFO: Active CC: 2
1664827701.907230 -- INFO: Process 0 finished on working on file 29 
1664827701.908053 -- INFO: Process 0 get item 31 from queue and executing
1664827701.908396 -- INFO: starting 0, 31, /users/jamilm/files_to_Send/FILE3
1664827702.033178 -- INFO: Throughput @155.2s:945.18Mbps, rtt :41.69ms cwnd: 2433.5 lossRate: 0.0 CC:2 score:-908.0 
1664827702.665419 -- INFO: Process 1 finished on working on file 30 
1664827702.666160 -- INFO: Process 1 get item 4 from queue and executing
1664827702.667118 -- INFO: starting 1, 4, /users/jamilm/files_to_Send/FILE2
1664827703.035450 -- INFO: Throughput @156.2s:945.18Mbps, rtt :41.62ms cwnd: 2433.5 lossRate: 0.0 CC:2 score:-908.0 
1664827704.033879 -- INFO: Throughput @157.2s:939.52Mbps, rtt :41.57ms cwnd: 2433.5 lossRate: 0.0 CC:2 score:-903.0 
1664827704.502195 -- INFO: Gradient_Fast: 0.6666666666667425, Gredient_Fast Change: 0.0007361059992639777, Theta: -1, Previous CC: 2, Choosen CC: 2
1664827704.502294 -- INFO: Changing concurrency to 2 ******
1664827704.510901 -- INFO: Process Status Bits from change concurrency are: 1 1 0 0 0 0 0 0 0 0 0 0 0 0 0 0 0 0 0 0 0 0 0 0 0 0 0 0 0 0 0 0
1664827704.518341 -- INFO: Active CC: 2
1664827705.035759 -- INFO: Throughput @158.2s:939.52Mbps, rtt :41.53ms cwnd: 2433.5 lossRate: 0.0 CC:2 score:-903.0 
1664827706.037591 -- INFO: Throughput @159.2s:939.52Mbps, rtt :41.62ms cwnd: 2433.5 lossRate: 0.0 CC:2 score:-903.0 
1664827707.036601 -- INFO: Throughput @160.2s:947.91Mbps, rtt :41.76ms cwnd: 2433.5 lossRate: 0.0 CC:2 score:-911.0 
1664827707.719296 -- INFO: Gradient_Fast: -0.6666666666667425, Gredient_Fast Change: 0.0007355645457889766, Theta: 1, Previous CC: 2, Choosen CC: 3
1664827707.719407 -- INFO: Changing concurrency to 3 ******
1664827707.722095 -- INFO: Start Process :: 2
1664827707.728900 -- INFO: Process Status Bits from change concurrency are: 1 1 1 0 0 0 0 0 0 0 0 0 0 0 0 0 0 0 0 0 0 0 0 0 0 0 0 0 0 0 0 0
1664827707.738506 -- INFO: Active CC: 3
1664827707.762356 -- INFO: Process 2 get item 5 from queue and executing
1664827707.762846 -- INFO: starting 2, 5, /users/jamilm/files_to_Send/FILE1
1664827708.039065 -- INFO: Throughput @161.2s:947.91Mbps, rtt :40.72ms cwnd: 1674.3 lossRate: 0.0 CC:3 score:-893.0 
1664827709.039690 -- INFO: Throughput @162.2s:956.3Mbps, rtt :41.14ms cwnd: 1793.7 lossRate: 0.0 CC:3 score:-901.0 
1664827710.039623 -- INFO: Throughput @163.2s:939.52Mbps, rtt :42.07ms cwnd: 2022.7 lossRate: 0.0 CC:3 score:-885.0 
1664827710.939502 -- INFO: Gradient_Fast: 12.666666666666629, Gredient_Fast Change: 0.013986013986013944, Theta: -1, Previous CC: 3, Choosen CC: 2
1664827710.939607 -- INFO: Changing concurrency to 2 ******
1664827710.946846 -- INFO: Process Status Bits from change concurrency are: 1 1 0 0 0 0 0 0 0 0 0 0 0 0 0 0 0 0 0 0 0 0 0 0 0 0 0 0 0 0 0 0
1664827710.954668 -- INFO: Active CC: 2
1664827711.041796 -- INFO: Throughput @164.2s:922.75Mbps, rtt :41.99ms cwnd: 2433.5 lossRate: 0.0 CC:2 score:-887.0 
1664827712.041197 -- INFO: Throughput @165.2s:939.52Mbps, rtt :41.72ms cwnd: 2433.5 lossRate: 0.0 CC:2 score:-903.0 
1664827713.043049 -- INFO: Throughput @166.2s:947.91Mbps, rtt :41.51ms cwnd: 2433.5 lossRate: 0.0 CC:2 score:-911.0 
1664827714.042687 -- INFO: Throughput @167.2s:939.52Mbps, rtt :41.59ms cwnd: 2433.5 lossRate: 0.0 CC:2 score:-903.0 
1664827714.155613 -- INFO: Gradient_Fast: 12.666666666666629, Gredient_Fast Change: 0.014184397163120525, Theta: -2, Previous CC: 2, Choosen CC: 2
1664827714.155710 -- INFO: Changing concurrency to 2 ******
1664827714.168953 -- INFO: Process Status Bits from change concurrency are: 1 1 0 0 0 0 0 0 0 0 0 0 0 0 0 0 0 0 0 0 0 0 0 0 0 0 0 0 0 0 0 0
1664827714.180148 -- INFO: Active CC: 2
1664827715.048291 -- INFO: Throughput @168.2s:947.91Mbps, rtt :41.6ms cwnd: 2433.5 lossRate: 0.0 CC:2 score:-911.0 
1664827716.044320 -- INFO: Throughput @169.2s:939.52Mbps, rtt :41.63ms cwnd: 2433.5 lossRate: 0.0 CC:2 score:-903.0 
1664827717.047130 -- INFO: Throughput @170.2s:939.52Mbps, rtt :41.92ms cwnd: 2433.5 lossRate: 0.0 CC:2 score:-903.0 
1664827717.381080 -- INFO: Gradient_Fast: 0.0, Gredient_Fast Change: 0.0, Theta: 1, Previous CC: 2, Choosen CC: 2
1664827717.381185 -- INFO: Changing concurrency to 2 ******
1664827717.388537 -- INFO: Process Status Bits from change concurrency are: 1 1 0 0 0 0 0 0 0 0 0 0 0 0 0 0 0 0 0 0 0 0 0 0 0 0 0 0 0 0 0 0
1664827717.396831 -- INFO: Active CC: 2
1664827718.049926 -- INFO: Throughput @171.2s:947.91Mbps, rtt :41.6ms cwnd: 2433.5 lossRate: 0.0 CC:2 score:-911.0 
1664827719.054167 -- INFO: Throughput @172.2s:939.52Mbps, rtt :41.56ms cwnd: 2433.5 lossRate: 0.0 CC:2 score:-903.0 
1664827719.126641 -- INFO: Process 1 finished on working on file 4 
1664827719.127843 -- INFO: Process 1 get item 3 from queue and executing
1664827719.128170 -- INFO: starting 1, 3, /users/jamilm/files_to_Send/FILE3
1664827719.577918 -- INFO: Process 0 finished on working on file 31 
1664827719.578766 -- INFO: Process 0 get item 2 from queue and executing
1664827719.579094 -- INFO: starting 0, 2, /users/jamilm/files_to_Send/FILE0
1664827720.052216 -- INFO: Throughput @173.2s:942.45Mbps, rtt :41.51ms cwnd: 2433.5 lossRate: 0.0 CC:2 score:-906.0 
1664827720.597746 -- INFO: Gradient_Fast: 1.0, Gredient_Fast Change: 0.001104158998895841, Theta: -1, Previous CC: 2, Choosen CC: 2
1664827720.597844 -- INFO: Changing concurrency to 2 ******
1664827720.609035 -- INFO: Process Status Bits from change concurrency are: 1 1 0 0 0 0 0 0 0 0 0 0 0 0 0 0 0 0 0 0 0 0 0 0 0 0 0 0 0 0 0 0
1664827720.619900 -- INFO: Active CC: 2
1664827721.055767 -- INFO: Throughput @174.2s:939.52Mbps, rtt :41.88ms cwnd: 2433.5 lossRate: 0.0 CC:2 score:-903.0 
1664827722.051425 -- INFO: Throughput @175.2s:947.91Mbps, rtt :41.66ms cwnd: 2433.5 lossRate: 0.0 CC:2 score:-911.0 
1664827723.058506 -- INFO: Throughput @176.2s:939.52Mbps, rtt :41.51ms cwnd: 2433.5 lossRate: 0.0 CC:2 score:-903.0 
1664827723.820881 -- INFO: Gradient_Fast: -1.0, Gredient_Fast Change: 0.0011029411764705882, Theta: 1, Previous CC: 2, Choosen CC: 3
1664827723.820977 -- INFO: Changing concurrency to 3 ******
1664827723.822380 -- INFO: Start Process :: 2
1664827723.833379 -- INFO: Process Status Bits from change concurrency are: 1 1 1 0 0 0 0 0 0 0 0 0 0 0 0 0 0 0 0 0 0 0 0 0 0 0 0 0 0 0 0 0
1664827723.846944 -- INFO: Active CC: 3
1664827723.862264 -- INFO: Process 2 get item 8 from queue and executing
1664827723.862637 -- INFO: starting 2, 8, /users/jamilm/files_to_Send/FILE2
1664827724.054221 -- INFO: Throughput @177.2s:947.91Mbps, rtt :40.6ms cwnd: 1675.7 lossRate: 0.0 CC:3 score:-893.0 
1664827725.055720 -- INFO: Throughput @178.2s:956.3Mbps, rtt :42.11ms cwnd: 2009.3 lossRate: 0.0 CC:3 score:-901.0 
1664827726.058461 -- INFO: Throughput @179.2s:939.52Mbps, rtt :42.14ms cwnd: 2009.3 lossRate: 0.0 CC:3 score:-885.0 
1664827727.047924 -- INFO: Gradient_Fast: 12.666666666666629, Gredient_Fast Change: 0.013986013986013944, Theta: -1, Previous CC: 3, Choosen CC: 2
1664827727.048026 -- INFO: Changing concurrency to 2 ******
1664827727.054635 -- INFO: Throughput @180.2s:939.52Mbps, rtt :42.45ms cwnd: 2009.3 lossRate: 0.0 CC:3 score:-885.0 
1664827727.059307 -- INFO: Process Status Bits from change concurrency are: 1 1 0 0 0 0 0 0 0 0 0 0 0 0 0 0 0 0 0 0 0 0 0 0 0 0 0 0 0 0 0 0
1664827727.066172 -- INFO: Active CC: 2
1664827728.059381 -- INFO: Throughput @181.2s:931.14Mbps, rtt :41.6ms cwnd: 2433.5 lossRate: 0.0 CC:2 score:-895.0 
1664827729.060609 -- INFO: Throughput @182.2s:939.52Mbps, rtt :41.64ms cwnd: 2433.5 lossRate: 0.0 CC:2 score:-903.0 
1664827730.059551 -- INFO: Throughput @183.2s:939.52Mbps, rtt :41.66ms cwnd: 2433.5 lossRate: 0.0 CC:2 score:-903.0 
1664827730.267116 -- INFO: Gradient_Fast: 7.333333333333371, Gredient_Fast Change: 0.00821201941022774, Theta: -2, Previous CC: 2, Choosen CC: 2
1664827730.267216 -- INFO: Changing concurrency to 2 ******
1664827730.274659 -- INFO: Process Status Bits from change concurrency are: 1 1 0 0 0 0 0 0 0 0 0 0 0 0 0 0 0 0 0 0 0 0 0 0 0 0 0 0 0 0 0 0
1664827730.283401 -- INFO: Active CC: 2
1664827731.061750 -- INFO: Throughput @184.2s:947.91Mbps, rtt :41.56ms cwnd: 2433.5 lossRate: 0.0 CC:2 score:-911.0 
1664827732.061297 -- INFO: Throughput @185.2s:939.52Mbps, rtt :41.64ms cwnd: 2433.5 lossRate: 0.0 CC:2 score:-903.0 
1664827732.465828 -- INFO: Process 0 finished on working on file 2 
1664827732.466910 -- INFO: Process 0 get item 11 from queue and executing
1664827732.467236 -- INFO: starting 0, 11, /users/jamilm/files_to_Send/FILE3
1664827732.672783 -- INFO: Process 1 finished on working on file 3 
1664827732.673781 -- INFO: Process 1 get item 14 from queue and executing
1664827732.674095 -- INFO: starting 1, 14, /users/jamilm/files_to_Send/FILE0
1664827733.062298 -- INFO: Throughput @186.2s:942.45Mbps, rtt :41.68ms cwnd: 2433.5 lossRate: 0.0 CC:2 score:-906.0 
1664827733.484253 -- INFO: Gradient_Fast: 6.3333333333332575, Gredient_Fast Change: 0.007034431691965854, Theta: -3, Previous CC: 2, Choosen CC: 2
1664827733.484361 -- INFO: Changing concurrency to 2 ******
1664827733.497140 -- INFO: Process Status Bits from change concurrency are: 1 1 0 0 0 0 0 0 0 0 0 0 0 0 0 0 0 0 0 0 0 0 0 0 0 0 0 0 0 0 0 0
1664827733.504330 -- INFO: Active CC: 2
1664827734.068294 -- INFO: Throughput @187.2s:939.52Mbps, rtt :41.67ms cwnd: 2433.5 lossRate: 0.0 CC:2 score:-903.0 
1664827735.065244 -- INFO: Throughput @188.2s:947.91Mbps, rtt :41.49ms cwnd: 2433.5 lossRate: 0.0 CC:2 score:-911.0 
1664827736.065315 -- INFO: Throughput @189.2s:939.52Mbps, rtt :41.59ms cwnd: 2433.5 lossRate: 0.0 CC:2 score:-903.0 
1664827736.705271 -- INFO: Gradient_Fast: -1.0, Gredient_Fast Change: 0.0011029411764705882, Theta: 1, Previous CC: 2, Choosen CC: 3
1664827736.705370 -- INFO: Changing concurrency to 3 ******
1664827736.707188 -- INFO: Start Process :: 2
1664827736.713461 -- INFO: Process Status Bits from change concurrency are: 1 1 1 0 0 0 0 0 0 0 0 0 0 0 0 0 0 0 0 0 0 0 0 0 0 0 0 0 0 0 0 0
1664827736.720508 -- INFO: Active CC: 3
1664827736.746962 -- INFO: Process 2 get item 17 from queue and executing
1664827736.747555 -- INFO: starting 2, 17, /users/jamilm/files_to_Send/FILE1
1664827737.066436 -- INFO: Throughput @190.2s:964.69Mbps, rtt :41.12ms cwnd: 1832.0 lossRate: 0.0 CC:3 score:-909.0 
1664827738.071507 -- INFO: Throughput @191.2s:939.52Mbps, rtt :41.76ms cwnd: 2003.3 lossRate: 0.0 CC:3 score:-885.0 
1664827739.068916 -- INFO: Throughput @192.2s:947.91Mbps, rtt :41.55ms cwnd: 2003.3 lossRate: 0.0 CC:3 score:-893.0 
1664827739.921448 -- INFO: Gradient_Fast: 10.0, Gredient_Fast Change: 0.011041589988958411, Theta: -1, Previous CC: 3, Choosen CC: 2
1664827739.921573 -- INFO: Changing concurrency to 2 ******
1664827739.929696 -- INFO: Process Status Bits from change concurrency are: 1 1 0 0 0 0 0 0 0 0 0 0 0 0 0 0 0 0 0 0 0 0 0 0 0 0 0 0 0 0 0 0
1664827739.939424 -- INFO: Active CC: 2
1664827740.068863 -- INFO: Throughput @193.2s:914.36Mbps, rtt :41.02ms cwnd: 2433.5 lossRate: 0.0 CC:2 score:-879.0 
1664827741.070942 -- INFO: Throughput @194.2s:947.91Mbps, rtt :41.67ms cwnd: 2433.5 lossRate: 0.0 CC:2 score:-911.0 
1664827742.075726 -- INFO: Throughput @195.2s:939.52Mbps, rtt :41.84ms cwnd: 2433.5 lossRate: 0.0 CC:2 score:-903.0 
1664827743.073494 -- INFO: Throughput @196.2s:947.91Mbps, rtt :41.85ms cwnd: 2433.5 lossRate: 0.0 CC:2 score:-911.0 
1664827743.140362 -- INFO: Gradient_Fast: 12.666666666666742, Gredient_Fast Change: 0.01414216598436927, Theta: -2, Previous CC: 2, Choosen CC: 2
1664827743.140459 -- INFO: Changing concurrency to 2 ******
1664827743.150843 -- INFO: Process Status Bits from change concurrency are: 1 1 0 0 0 0 0 0 0 0 0 0 0 0 0 0 0 0 0 0 0 0 0 0 0 0 0 0 0 0 0 0
1664827743.160615 -- INFO: Active CC: 2
1664827744.074399 -- INFO: Throughput @197.2s:939.52Mbps, rtt :41.89ms cwnd: 2433.5 lossRate: 0.0 CC:2 score:-903.0 
1664827745.076639 -- INFO: Throughput @198.2s:939.52Mbps, rtt :41.72ms cwnd: 2433.5 lossRate: 0.0 CC:2 score:-903.0 
1664827746.076949 -- INFO: Throughput @199.2s:947.91Mbps, rtt :41.65ms cwnd: 2433.5 lossRate: 0.0 CC:2 score:-911.0 
1664827746.361532 -- INFO: Gradient_Fast: -2.6666666666667425, Gredient_Fast Change: 0.0029357798165138447, Theta: 1, Previous CC: 2, Choosen CC: 3
1664827746.361630 -- INFO: Changing concurrency to 3 ******
1664827746.363811 -- INFO: Start Process :: 2
1664827746.372664 -- INFO: Process Status Bits from change concurrency are: 1 1 1 0 0 0 0 0 0 0 0 0 0 0 0 0 0 0 0 0 0 0 0 0 0 0 0 0 0 0 0 0
1664827746.376911 -- INFO: Active CC: 3
1664827746.403751 -- INFO: Process 2 get item 20 from queue and executing
1664827746.404253 -- INFO: starting 2, 20, /users/jamilm/files_to_Send/FILE2
1664827747.056509 -- INFO: episode expires
1664827747.056995 -- INFO: Process 3 shutdown itself from outest loop
1664827747.057526 -- INFO: Process 4 shutdown itself from outest loop
1664827747.057957 -- INFO: Process Status Bits are: 1 1 1 0 0 0 0 0 0 0 0 0 0 0 0 0 0 0 0 0 0 0 0 0 0 0 0 0 0 0 0 0
1664827747.058311 -- INFO: Process Status Bits are: 1 1 1 0 0 0 0 0 0 0 0 0 0 0 0 0 0 0 0 0 0 0 0 0 0 0 0 0 0 0 0 0
1664827747.058309 -- INFO: Process 5 shutdown itself from outest loop
1664827747.058651 -- INFO: Process 15 shutdown itself from outest loop
1664827747.059344 -- INFO: Process Status Bits are: 1 1 1 0 0 0 0 0 0 0 0 0 0 0 0 0 0 0 0 0 0 0 0 0 0 0 0 0 0 0 0 0
1664827747.058657 -- INFO: Process 30 shutdown itself from outest loop
1664827747.058805 -- INFO: Process 21 shutdown itself from outest loop
1664827747.058379 -- INFO: Process 6 shutdown itself from outest loop
1664827747.059953 -- INFO: Process Status Bits are: 1 1 1 0 0 0 0 0 0 0 0 0 0 0 0 0 0 0 0 0 0 0 0 0 0 0 0 0 0 0 0 0
1664827747.058290 -- INFO: Process 31 shutdown itself from outest loop
1664827747.060028 -- INFO: Process Status Bits are: 1 1 1 0 0 0 0 0 0 0 0 0 0 0 0 0 0 0 0 0 0 0 0 0 0 0 0 0 0 0 0 0
1664827747.059303 -- INFO: Process 9 shutdown itself from outest loop
1664827747.060330 -- INFO: Process Status Bits are: 1 1 1 0 0 0 0 0 0 0 0 0 0 0 0 0 0 0 0 0 0 0 0 0 0 0 0 0 0 0 0 0
1664827747.060355 -- INFO: Process Status Bits are: 1 1 1 0 0 0 0 0 0 0 0 0 0 0 0 0 0 0 0 0 0 0 0 0 0 0 0 0 0 0 0 0
1664827747.058949 -- INFO: Process 26 shutdown itself from outest loop
1664827747.060163 -- INFO: Process 17 shutdown itself from outest loop
1664827747.058703 -- INFO: Process 8 shutdown itself from outest loop
1664827747.058978 -- INFO: Process 25 shutdown itself from outest loop
1664827747.060618 -- INFO: Process Status Bits are: 1 1 1 0 0 0 0 0 0 0 0 0 0 0 0 0 0 0 0 0 0 0 0 0 0 0 0 0 0 0 0 0
1664827747.059104 -- INFO: Process 23 shutdown itself from outest loop
1664827747.058894 -- INFO: Process 20 shutdown itself from outest loop
1664827747.060871 -- INFO: Process Status Bits are: 1 1 1 0 0 0 0 0 0 0 0 0 0 0 0 0 0 0 0 0 0 0 0 0 0 0 0 0 0 0 0 0
1664827747.060028 -- INFO: Process 14 shutdown itself from outest loop
1664827747.060813 -- INFO: Process Status Bits are: 1 1 1 0 0 0 0 0 0 0 0 0 0 0 0 0 0 0 0 0 0 0 0 0 0 0 0 0 0 0 0 0
1664827747.060959 -- INFO: Process Status Bits are: 1 1 1 0 0 0 0 0 0 0 0 0 0 0 0 0 0 0 0 0 0 0 0 0 0 0 0 0 0 0 0 0
1664827747.060137 -- INFO: Process 10 shutdown itself from outest loop
1664827747.060187 -- INFO: Process 7 shutdown itself from outest loop
1664827747.059298 -- INFO: Process 13 shutdown itself from outest loop
1664827747.061113 -- INFO: Process Status Bits are: 1 1 1 0 0 0 0 0 0 0 0 0 0 0 0 0 0 0 0 0 0 0 0 0 0 0 0 0 0 0 0 0
1664827747.061374 -- INFO: Process Status Bits are: 1 1 1 0 0 0 0 0 0 0 0 0 0 0 0 0 0 0 0 0 0 0 0 0 0 0 0 0 0 0 0 0
1664827747.061311 -- INFO: Process Status Bits are: 1 1 1 0 0 0 0 0 0 0 0 0 0 0 0 0 0 0 0 0 0 0 0 0 0 0 0 0 0 0 0 0
1664827747.061439 -- INFO: Process Status Bits are: 1 1 1 0 0 0 0 0 0 0 0 0 0 0 0 0 0 0 0 0 0 0 0 0 0 0 0 0 0 0 0 0
1664827747.061506 -- INFO: Process Status Bits are: 1 1 1 0 0 0 0 0 0 0 0 0 0 0 0 0 0 0 0 0 0 0 0 0 0 0 0 0 0 0 0 0
1664827747.059787 -- INFO: Process 22 shutdown itself from outest loop
1664827747.061541 -- INFO: Process Status Bits are: 1 1 1 0 0 0 0 0 0 0 0 0 0 0 0 0 0 0 0 0 0 0 0 0 0 0 0 0 0 0 0 0
1664827747.061631 -- INFO: Process Status Bits are: 1 1 1 0 0 0 0 0 0 0 0 0 0 0 0 0 0 0 0 0 0 0 0 0 0 0 0 0 0 0 0 0
1664827747.060003 -- INFO: Process 19 shutdown itself from outest loop
1664827747.061749 -- INFO: Process Status Bits are: 1 1 1 0 0 0 0 0 0 0 0 0 0 0 0 0 0 0 0 0 0 0 0 0 0 0 0 0 0 0 0 0
1664827747.060234 -- INFO: Process 11 shutdown itself from outest loop
1664827747.060497 -- INFO: Process 29 shutdown itself from outest loop
1664827747.060525 -- INFO: Process 12 shutdown itself from outest loop
1664827747.061256 -- INFO: Process 18 shutdown itself from outest loop
1664827747.062280 -- INFO: Process Status Bits are: 1 1 1 0 0 0 0 0 0 0 0 0 0 0 0 0 0 0 0 0 0 0 0 0 0 0 0 0 0 0 0 0
1664827747.062544 -- INFO: Process Status Bits are: 1 1 1 0 0 0 0 0 0 0 0 0 0 0 0 0 0 0 0 0 0 0 0 0 0 0 0 0 0 0 0 0
1664827747.062633 -- INFO: Process Status Bits are: 1 1 1 0 0 0 0 0 0 0 0 0 0 0 0 0 0 0 0 0 0 0 0 0 0 0 0 0 0 0 0 0
1664827747.062798 -- INFO: Process Status Bits are: 1 1 1 0 0 0 0 0 0 0 0 0 0 0 0 0 0 0 0 0 0 0 0 0 0 0 0 0 0 0 0 0
1664827747.061613 -- INFO: Process 28 shutdown itself from outest loop
1664827747.062984 -- INFO: Process Status Bits are: 1 1 1 0 0 0 0 0 0 0 0 0 0 0 0 0 0 0 0 0 0 0 0 0 0 0 0 0 0 0 0 0
1664827747.062980 -- INFO: Process Status Bits are: 1 1 1 0 0 0 0 0 0 0 0 0 0 0 0 0 0 0 0 0 0 0 0 0 0 0 0 0 0 0 0 0
1664827747.061692 -- INFO: Process 27 shutdown itself from outest loop
1664827747.061472 -- INFO: Process 16 shutdown itself from outest loop
1664827747.063715 -- INFO: Process Status Bits are: 1 1 1 0 0 0 0 0 0 0 0 0 0 0 0 0 0 0 0 0 0 0 0 0 0 0 0 0 0 0 0 0
1664827747.063693 -- INFO: Process Status Bits are: 1 1 1 0 0 0 0 0 0 0 0 0 0 0 0 0 0 0 0 0 0 0 0 0 0 0 0 0 0 0 0 0
1664827747.064059 -- INFO: Process Status Bits are: 1 1 1 0 0 0 0 0 0 0 0 0 0 0 0 0 0 0 0 0 0 0 0 0 0 0 0 0 0 0 0 0
1664827747.061471 -- INFO: Process 24 shutdown itself from outest loop
1664827747.065614 -- INFO: Process Status Bits are: 1 1 1 0 0 0 0 0 0 0 0 0 0 0 0 0 0 0 0 0 0 0 0 0 0 0 0 0 0 0 0 0
1664827749.578068 -- INFO: Gradient_Fast: 0.0, Gredient_Fast Change: 0.0, Theta: 2, Previous CC: 3, Choosen CC: 3
1664827749.578238 -- INFO: episode expires
1664827749.599935 -- INFO: GD_Fast Optimizer Exits ...
1664827749.865223 -- INFO: Throughput @0.1s:0.0Mbps, rtt :0.0ms cwnd: 0.0 lossRate: 0 CC:0 score:-0.0 
