1665030003.924826 -- INFO: Iteration 1 Starts ...
1665030003.925599 -- INFO: Changing concurrency to 9 ******
1665030003.926794 -- INFO: Process Status Bits from change concurrency are: 1 1 1 1 1 1 1 1 1 0 0 0 0 0 0 0 0 0 0 0 0 0 0 0 0 0 0 0 0 0 0 0
1665030003.926775 -- INFO: Start Process :: 0
1665030003.927141 -- INFO: Start Process :: 1
1665030003.927451 -- INFO: Start Process :: 2
1665030003.927746 -- INFO: Active CC: 9
1665030003.927886 -- INFO: Start Process :: 3
1665030003.928518 -- INFO: Start Process :: 4
1665030003.928900 -- INFO: Start Process :: 6
1665030003.928985 -- INFO: Start Process :: 5
1665030003.929385 -- INFO: Start Process :: 7
1665030003.929556 -- INFO: Start Process :: 8
1665030003.960712 -- INFO: Process 1 get item 0 from queue and executing
1665030003.960950 -- INFO: starting 1, 0, /home/cc/files_to_send/FILE3
1665030003.961280 -- INFO: Process 0 get item 1 from queue and executing
1665030003.961457 -- INFO: starting 0, 1, /home/cc/files_to_send/FILE1
1665030003.961637 -- INFO: Process 3 get item 2 from queue and executing
1665030003.961818 -- INFO: starting 3, 2, /home/cc/files_to_send/FILE0
1665030003.962217 -- INFO: Process 4 get item 3 from queue and executing
1665030003.962392 -- INFO: starting 4, 3, /home/cc/files_to_send/FILE2
1665030003.962629 -- INFO: Process 2 get item 4 from queue and executing
1665030003.962721 -- INFO: Process 5 get item 5 from queue and executing
1665030003.962823 -- INFO: starting 2, 4, /home/cc/files_to_send/FILE3
1665030003.962934 -- INFO: starting 5, 5, /home/cc/files_to_send/FILE1
1665030003.963816 -- INFO: Process 6 get item 6 from queue and executing
1665030003.964023 -- INFO: starting 6, 6, /home/cc/files_to_send/FILE0
1665030003.964552 -- INFO: Process 7 get item 7 from queue and executing
1665030003.964612 -- INFO: Process 8 get item 8 from queue and executing
1665030003.964757 -- INFO: starting 7, 7, /home/cc/files_to_send/FILE2
1665030003.964781 -- INFO: starting 8, 8, /home/cc/files_to_send/FILE3
1665030003.978398 -- INFO: Throughput @0.1s:0.0Mbps, rtt :33.74ms cwnd: 10.0 lossRate: 0.0 CC:9 score:-0.0 
1665030004.977104 -- INFO: Throughput @1.1s:1870.66Mbps, rtt :34.16ms cwnd: 990.9 lossRate: 8.184233389154002e-05 CC:9 score:-1564.0 
1665030005.977361 -- INFO: Throughput @2.1s:3808.43Mbps, rtt :34.2ms cwnd: 1253.4 lossRate: 0.00010608728862107743 CC:9 score:-3183.0 
1665030006.978776 -- INFO: Throughput @3.1s:3783.26Mbps, rtt :34.08ms cwnd: 1310.8 lossRate: 0.0 CC:9 score:-3166.0 
1665030007.128883 -- INFO: Iteration 1 Ends, Took 3.2 Seconds. Best Params: [9] and Score: -2637.6666666666665.
1665030007.128989 -- INFO: Iteration 2 Starts ...
1665030007.129275 -- INFO: Changing concurrency to 22 ******
1665030007.130234 -- INFO: Process Status Bits from change concurrency are: 1 1 1 1 1 1 1 1 1 1 1 1 1 1 1 1 1 1 1 1 1 1 0 0 0 0 0 0 0 0 0 0
1665030007.130825 -- INFO: Active CC: 22
1665030007.131245 -- INFO: Start Process :: 11
1665030007.131591 -- INFO: Start Process :: 9
1665030007.131678 -- INFO: Start Process :: 10
1665030007.132577 -- INFO: Start Process :: 13
1665030007.132946 -- INFO: Start Process :: 12
1665030007.133756 -- INFO: Start Process :: 17
1665030007.133887 -- INFO: Start Process :: 14
1665030007.134117 -- INFO: Start Process :: 16
1665030007.134459 -- INFO: Start Process :: 15
1665030007.136574 -- INFO: Start Process :: 19
1665030007.136901 -- INFO: Start Process :: 21
1665030007.136955 -- INFO: Start Process :: 20
1665030007.138173 -- INFO: Start Process :: 18
1665030007.165590 -- INFO: Process 11 get item 9 from queue and executing
1665030007.165761 -- INFO: starting 11, 9, /home/cc/files_to_send/FILE1
1665030007.166017 -- INFO: Process 9 get item 10 from queue and executing
1665030007.166167 -- INFO: starting 9, 10, /home/cc/files_to_send/FILE0
1665030007.166272 -- INFO: Process 10 get item 11 from queue and executing
1665030007.166435 -- INFO: starting 10, 11, /home/cc/files_to_send/FILE2
1665030007.166752 -- INFO: Process 13 get item 12 from queue and executing
1665030007.166915 -- INFO: starting 13, 12, /home/cc/files_to_send/FILE3
1665030007.167298 -- INFO: Process 17 get item 13 from queue and executing
1665030007.167375 -- INFO: Process 12 get item 14 from queue and executing
1665030007.167451 -- INFO: starting 17, 13, /home/cc/files_to_send/FILE1
1665030007.167521 -- INFO: starting 12, 14, /home/cc/files_to_send/FILE0
1665030007.168144 -- INFO: Process 15 get item 15 from queue and executing
1665030007.168202 -- INFO: Process 14 get item 16 from queue and executing
1665030007.168290 -- INFO: starting 15, 15, /home/cc/files_to_send/FILE2
1665030007.168344 -- INFO: Process 16 get item 17 from queue and executing
1665030007.168359 -- INFO: starting 14, 16, /home/cc/files_to_send/FILE3
1665030007.168506 -- INFO: starting 16, 17, /home/cc/files_to_send/FILE1
1665030007.170027 -- INFO: Process 19 get item 18 from queue and executing
1665030007.170206 -- INFO: starting 19, 18, /home/cc/files_to_send/FILE0
1665030007.171316 -- INFO: Process 21 get item 19 from queue and executing
1665030007.171482 -- INFO: starting 21, 19, /home/cc/files_to_send/FILE2
1665030007.172041 -- INFO: Process 20 get item 20 from queue and executing
1665030007.172202 -- INFO: starting 20, 20, /home/cc/files_to_send/FILE3
1665030007.173486 -- INFO: Process 18 get item 21 from queue and executing
1665030007.173863 -- INFO: starting 18, 21, /home/cc/files_to_send/FILE1
1665030007.979864 -- INFO: Throughput @4.1s:5637.14Mbps, rtt :34.8ms cwnd: 985.2 lossRate: 4.181344929596605e-05 CC:22 score:-3644.0 
1665030008.980797 -- INFO: Throughput @5.1s:8086.62Mbps, rtt :37.58ms cwnd: 1324.9 lossRate: 0.0 CC:22 score:-5231.0 
1665030009.981952 -- INFO: Throughput @6.1s:8917.09Mbps, rtt :38.27ms cwnd: 1344.1 lossRate: 0.0 CC:22 score:-5768.0 
1665030010.340182 -- INFO: Iteration 2 Ends, Took 3.21 Seconds. Best Params: [22] and Score: -4881.0.
1665030010.341215 -- INFO: Iteration 3 Starts ...
1665030010.343421 -- INFO: Changing concurrency to 13 ******
1665030010.344450 -- INFO: Process Status Bits from change concurrency are: 1 1 1 1 1 1 1 1 1 1 1 1 1 0 0 0 0 0 0 0 0 0 0 0 0 0 0 0 0 0 0 0
1665030010.345134 -- INFO: Active CC: 13
1665030010.983596 -- INFO: Throughput @7.1s:6744.44Mbps, rtt :34.47ms cwnd: 1278.5 lossRate: 0 CC:13 score:-5214.0 
1665030011.984730 -- INFO: Throughput @8.1s:5544.87Mbps, rtt :34.28ms cwnd: 1330.4 lossRate: 0.0 CC:13 score:-4286.0 
1665030012.985245 -- INFO: Throughput @9.1s:5771.36Mbps, rtt :34.57ms cwnd: 1376.8 lossRate: 0.0 CC:13 score:-4461.0 
1665030013.652356 -- INFO: Iteration 3 Ends, Took 3.31 Seconds. Best Params: [22] and Score: -4881.0.
1665030013.652575 -- INFO: Iteration 4 Starts ...
1665030013.654260 -- INFO: Changing concurrency to 22 ******
1665030013.655152 -- INFO: Start Process :: 13
1665030013.655565 -- INFO: Start Process :: 16
1665030013.655651 -- INFO: Process Status Bits from change concurrency are: 1 1 1 1 1 1 1 1 1 1 1 1 1 1 1 1 1 1 1 1 1 1 0 0 0 0 0 0 0 0 0 0
1665030013.655825 -- INFO: Start Process :: 21
1665030013.655921 -- INFO: Start Process :: 14
1665030013.656013 -- INFO: Start Process :: 20
1665030013.656276 -- INFO: Start Process :: 15
1665030013.656342 -- INFO: Start Process :: 19
1665030013.656547 -- INFO: Start Process :: 17
1665030013.656579 -- INFO: Start Process :: 18
1665030013.656735 -- INFO: Active CC: 22
1665030013.691061 -- INFO: Process 21 get item 22 from queue and executing
1665030013.691431 -- INFO: Process 14 get item 23 from queue and executing
1665030013.691519 -- INFO: starting 21, 22, /home/cc/files_to_send/FILE0
1665030013.691853 -- INFO: starting 14, 23, /home/cc/files_to_send/FILE2
1665030013.692435 -- INFO: Process 13 get item 24 from queue and executing
1665030013.692739 -- INFO: starting 13, 24, /home/cc/files_to_send/FILE3
1665030013.692898 -- INFO: Process 15 get item 26 from queue and executing
1665030013.692969 -- INFO: Process 17 get item 25 from queue and executing
1665030013.693139 -- INFO: Process 16 get item 27 from queue and executing
1665030013.693181 -- INFO: starting 15, 26, /home/cc/files_to_send/FILE0
1665030013.693211 -- INFO: starting 17, 25, /home/cc/files_to_send/FILE1
1665030013.693339 -- INFO: Process 19 get item 28 from queue and executing
1665030013.693396 -- INFO: starting 16, 27, /home/cc/files_to_send/FILE2
1665030013.693494 -- INFO: Process 20 get item 29 from queue and executing
1665030013.693696 -- INFO: starting 19, 28, /home/cc/files_to_send/FILE3
1665030013.693959 -- INFO: starting 20, 29, /home/cc/files_to_send/FILE1
1665030013.693968 -- INFO: Process 18 get item 30 from queue and executing
1665030013.694456 -- INFO: starting 18, 30, /home/cc/files_to_send/FILE0
1665030013.985456 -- INFO: Throughput @10.1s:6048.19Mbps, rtt :34.43ms cwnd: 913.3 lossRate: 1.7289671150454717e-05 CC:22 score:-3911.0 
1665030014.986858 -- INFO: Throughput @11.1s:7113.54Mbps, rtt :34.47ms cwnd: 1086.9 lossRate: 0.0 CC:22 score:-4601.0 
1665030015.989324 -- INFO: Throughput @12.1s:8371.83Mbps, rtt :40.23ms cwnd: 1521.5 lossRate: 0.0 CC:22 score:-5415.0 
1665030016.517022 -- INFO: Process 2 finished on working on file 4 
1665030016.517573 -- INFO: Process 2 get item 31 from queue and executing
1665030016.517820 -- INFO: starting 2, 31, /home/cc/files_to_send/FILE2
1665030016.989797 -- INFO: Throughput @13.1s:8805.31Mbps, rtt :43.86ms cwnd: 1567.4 lossRate: 0.0 CC:22 score:-5696.0 
1665030017.021291 -- INFO: Process 3 finished on working on file 2 
1665030017.021759 -- INFO: Process 3 get item 32 from queue and executing
1665030017.022005 -- INFO: starting 3, 32, /home/cc/files_to_send/FILE3
1665030017.083055 -- INFO: Iteration 4 Ends, Took 3.43 Seconds. Best Params: [22] and Score: -4881.0.
1665030017.083206 -- INFO: Iteration 5 Starts ...
1665030017.083396 -- INFO: Changing concurrency to 22 ******
1665030017.084113 -- INFO: Process Status Bits from change concurrency are: 1 1 1 1 1 1 1 1 1 1 1 1 1 1 1 1 1 1 1 1 1 1 0 0 0 0 0 0 0 0 0 0
1665030017.084773 -- INFO: Active CC: 22
1665030017.184026 -- INFO: Process 8 finished on working on file 8 
1665030017.184515 -- INFO: Process 8 get item 33 from queue and executing
1665030017.184753 -- INFO: starting 8, 33, /home/cc/files_to_send/FILE1
1665030017.680070 -- INFO: Process 6 finished on working on file 6 
1665030017.680495 -- INFO: Process 6 get item 34 from queue and executing
1665030017.680774 -- INFO: starting 6, 34, /home/cc/files_to_send/FILE0
1665030017.989650 -- INFO: Throughput @14.1s:8506.24Mbps, rtt :42.78ms cwnd: 1502.8 lossRate: 6.410099042849466e-05 CC:22 score:-5497.0 
1665030018.990909 -- INFO: Throughput @15.1s:8707.38Mbps, rtt :41.85ms cwnd: 1560.3 lossRate: 0.0 CC:22 score:-5632.0 
1665030019.064853 -- INFO: Process 1 finished on working on file 0 
1665030019.065295 -- INFO: Process 1 get item 35 from queue and executing
1665030019.065539 -- INFO: starting 1, 35, /home/cc/files_to_send/FILE2
1665030019.992751 -- INFO: Throughput @16.1s:8696.25Mbps, rtt :46.97ms cwnd: 1622.0 lossRate: 0.0 CC:22 score:-5625.0 
1665030020.437936 -- INFO: Iteration 5 Ends, Took 3.35 Seconds. Best Params: [22] and Score: -5584.666666666667.
1665030020.438082 -- INFO: Iteration 6 Starts ...
1665030020.438269 -- INFO: Changing concurrency to 22 ******
1665030020.438927 -- INFO: Process Status Bits from change concurrency are: 1 1 1 1 1 1 1 1 1 1 1 1 1 1 1 1 1 1 1 1 1 1 0 0 0 0 0 0 0 0 0 0
1665030020.439708 -- INFO: Active CC: 22
1665030020.680848 -- INFO: Process 10 finished on working on file 11 
1665030020.681267 -- INFO: Process 10 get item 36 from queue and executing
1665030020.681489 -- INFO: starting 10, 36, /home/cc/files_to_send/FILE3
1665030020.971905 -- INFO: Process 11 finished on working on file 9 
1665030020.972437 -- INFO: Process 11 get item 37 from queue and executing
1665030020.972747 -- INFO: starting 11, 37, /home/cc/files_to_send/FILE1
1665030020.993282 -- INFO: Throughput @17.1s:8668.36Mbps, rtt :40.26ms cwnd: 1441.0 lossRate: 7.270592607153725e-05 CC:22 score:-5601.0 
1665030021.994282 -- INFO: Throughput @18.1s:8757.71Mbps, rtt :42.18ms cwnd: 1471.7 lossRate: 1.5878287632534082e-05 CC:22 score:-5663.0 
1665030022.994983 -- INFO: Throughput @19.1s:8573.16Mbps, rtt :40.66ms cwnd: 1509.5 lossRate: 1.484410318001174e-05 CC:22 score:-5544.0 
1665030023.775642 -- INFO: Iteration 6 Ends, Took 3.34 Seconds. Best Params: [22] and Score: -5602.666666666667.
1665030023.775820 -- INFO: Iteration 7 Starts ...
1665030023.775997 -- INFO: Changing concurrency to 21 ******
1665030023.776759 -- INFO: Process Status Bits from change concurrency are: 1 1 1 1 1 1 1 1 1 1 1 1 1 1 1 1 1 1 1 1 1 0 0 0 0 0 0 0 0 0 0 0
1665030023.777484 -- INFO: Active CC: 21
1665030023.996279 -- INFO: Throughput @20.1s:8531.21Mbps, rtt :45.39ms cwnd: 1451.3 lossRate: 0.00010477844122337676 CC:21 score:-5620.0 
1665030024.997303 -- INFO: Throughput @21.1s:8405.39Mbps, rtt :41.32ms cwnd: 1491.0 lossRate: 0 CC:21 score:-5546.0 
1665030025.997358 -- INFO: Throughput @22.1s:8506.05Mbps, rtt :39.12ms cwnd: 1503.3 lossRate: 4.89465612321481e-05 CC:21 score:-5608.0 
1665030026.998002 -- INFO: Throughput @23.1s:8740.93Mbps, rtt :41.21ms cwnd: 1559.3 lossRate: 4.239280911975306e-05 CC:21 score:-5763.0 
1665030027.109251 -- INFO: Iteration 7 Ends, Took 3.33 Seconds. Best Params: [22] and Score: -5602.666666666667.
1665030027.109396 -- INFO: Iteration 8 Starts ...
1665030027.109550 -- INFO: Changing concurrency to 19 ******
1665030027.110298 -- INFO: Process Status Bits from change concurrency are: 1 1 1 1 1 1 1 1 1 1 1 1 1 1 1 1 1 1 1 0 0 0 0 0 0 0 0 0 0 0 0 0
1665030027.110986 -- INFO: Active CC: 19
1665030028.000308 -- INFO: Throughput @24.1s:8698.99Mbps, rtt :41.82ms cwnd: 1603.6 lossRate: 0.0 CC:19 score:-5971.0 
1665030028.208726 -- INFO: Process 14 finished on working on file 23 
1665030028.209271 -- INFO: Process 14 get item 38 from queue and executing
1665030028.209442 -- INFO: starting 14, 38, /home/cc/files_to_send/FILE0
1665030029.001320 -- INFO: Throughput @25.1s:8494.93Mbps, rtt :44.44ms cwnd: 1628.7 lossRate: 2.3220300552643152e-05 CC:19 score:-5829.0 
1665030029.264738 -- INFO: Process 13 finished on working on file 24 
1665030029.265153 -- INFO: Process 13 get item 39 from queue and executing
1665030029.265346 -- INFO: starting 13, 39, /home/cc/files_to_send/FILE2
1665030029.347999 -- INFO: Process 17 finished on working on file 25 
1665030029.348474 -- INFO: Process 17 get item 40 from queue and executing
1665030029.348641 -- INFO: starting 17, 40, /home/cc/files_to_send/FILE3
1665030029.527196 -- INFO: Process 0 finished on working on file 1 
1665030029.527660 -- INFO: Process 0 get item 41 from queue and executing
1665030029.527913 -- INFO: starting 0, 41, /home/cc/files_to_send/FILE1
1665030029.687682 -- INFO: Process 5 finished on working on file 5 
1665030029.688046 -- INFO: Process 5 get item 42 from queue and executing
1665030029.688257 -- INFO: starting 5, 42, /home/cc/files_to_send/FILE0
1665030030.002450 -- INFO: Throughput @26.1s:8360.9Mbps, rtt :38.42ms cwnd: 1649.5 lossRate: 2.0749671809357548e-05 CC:19 score:-5737.0 
1665030030.275483 -- INFO: Process 4 finished on working on file 3 
1665030030.275868 -- INFO: Process 4 get item 43 from queue and executing
1665030030.276088 -- INFO: starting 4, 43, /home/cc/files_to_send/FILE2
1665030030.446642 -- INFO: Iteration 8 Ends, Took 3.34 Seconds. Best Params: [19] and Score: -5845.666666666667.
1665030030.446877 -- INFO: Iteration 9 Starts ...
1665030030.447101 -- INFO: Changing concurrency to 18 ******
1665030030.448110 -- INFO: Process Status Bits from change concurrency are: 1 1 1 1 1 1 1 1 1 1 1 1 1 1 1 1 1 1 0 0 0 0 0 0 0 0 0 0 0 0 0 0
1665030030.448995 -- INFO: Active CC: 18
1665030030.463465 -- INFO: Process 8 finished on working on file 33 
1665030030.463892 -- INFO: Process 8 get item 44 from queue and executing
1665030030.464044 -- INFO: starting 8, 44, /home/cc/files_to_send/FILE3
1665030031.003460 -- INFO: Throughput @27.1s:8567.69Mbps, rtt :36.9ms cwnd: 1653.9 lossRate: 0 CC:18 score:-5999.0 
1665030032.005221 -- INFO: Throughput @28.1s:8858.37Mbps, rtt :39.73ms cwnd: 1685.9 lossRate: 0.0 CC:18 score:-6202.0 
1665030033.006138 -- INFO: Throughput @29.1s:8724.15Mbps, rtt :39.33ms cwnd: 1691.5 lossRate: 2.1200477010732743e-05 CC:18 score:-6106.0 
1665030033.679446 -- INFO: Process 3 finished on working on file 32 
1665030033.679914 -- INFO: Process 3 get item 45 from queue and executing
1665030033.680094 -- INFO: starting 3, 45, /home/cc/files_to_send/FILE1
1665030033.925102 -- INFO: Iteration 9 Ends, Took 3.48 Seconds. Best Params: [18] and Score: -6102.333333333333.
1665030033.925294 -- INFO: Iteration 10 Starts ...
1665030033.925524 -- INFO: Changing concurrency to 18 ******
1665030033.926543 -- INFO: Process Status Bits from change concurrency are: 1 1 1 1 1 1 1 1 1 1 1 1 1 1 1 1 1 1 0 0 0 0 0 0 0 0 0 0 0 0 0 0
1665030033.927544 -- INFO: Active CC: 18
1665030034.007634 -- INFO: Throughput @30.1s:8771.75Mbps, rtt :37.65ms cwnd: 1717.4 lossRate: 0.0 CC:18 score:-6142.0 
1665030034.296071 -- INFO: Process 11 finished on working on file 37 
1665030034.296504 -- INFO: Process 11 get item 46 from queue and executing
1665030034.296721 -- INFO: starting 11, 46, /home/cc/files_to_send/FILE0
1665030034.838988 -- INFO: Process 9 finished on working on file 10 
1665030034.839337 -- INFO: Process 9 get item 47 from queue and executing
1665030034.839567 -- INFO: starting 9, 47, /home/cc/files_to_send/FILE2
1665030034.873507 -- INFO: Process 7 finished on working on file 7 
1665030034.874002 -- INFO: Process 7 get item 48 from queue and executing
1665030034.874266 -- INFO: starting 7, 48, /home/cc/files_to_send/FILE3
1665030034.971370 -- INFO: Process 2 finished on working on file 31 
1665030034.971760 -- INFO: Process 2 get item 49 from queue and executing
1665030034.971910 -- INFO: starting 2, 49, /home/cc/files_to_send/FILE1
1665030035.007313 -- INFO: Throughput @31.1s:8637.73Mbps, rtt :39.38ms cwnd: 1659.3 lossRate: 7.647095914706707e-05 CC:18 score:-6041.0 
1665030035.870111 -- INFO: Process 1 finished on working on file 35 
1665030035.870515 -- INFO: Process 1 get item 50 from queue and executing
1665030035.870691 -- INFO: starting 1, 50, /home/cc/files_to_send/FILE0
1665030036.008679 -- INFO: Throughput @32.1s:8511.71Mbps, rtt :39.94ms cwnd: 1556.2 lossRate: 8.192255860535036e-05 CC:18 score:-5953.0 
1665030037.009175 -- INFO: Throughput @33.1s:8573.16Mbps, rtt :39.41ms cwnd: 1593.3 lossRate: 0.0 CC:18 score:-6003.0 
1665030037.266970 -- INFO: Iteration 10 Ends, Took 3.34 Seconds. Best Params: [18] and Score: -6102.333333333333.
1665030037.267117 -- INFO: Iteration 11 Starts ...
1665030037.267308 -- INFO: Changing concurrency to 17 ******
1665030037.268561 -- INFO: Process Status Bits from change concurrency are: 1 1 1 1 1 1 1 1 1 1 1 1 1 1 1 1 1 0 0 0 0 0 0 0 0 0 0 0 0 0 0 0
1665030037.269545 -- INFO: Active CC: 17
1665030038.010603 -- INFO: Throughput @34.1s:8539.6Mbps, rtt :36.23ms cwnd: 1586.6 lossRate: 0 CC:17 score:-6099.0 
1665030038.175360 -- INFO: Process 6 finished on working on file 34 
1665030038.175912 -- INFO: Process 6 get item 51 from queue and executing
1665030038.176089 -- INFO: starting 6, 51, /home/cc/files_to_send/FILE2
1665030039.012111 -- INFO: Throughput @35.1s:8260.05Mbps, rtt :36.6ms cwnd: 1545.9 lossRate: 4.209634168758621e-05 CC:17 score:-5896.0 
1665030040.012592 -- INFO: Throughput @36.1s:8061.45Mbps, rtt :34.81ms cwnd: 1491.6 lossRate: 5.032054185159466e-05 CC:17 score:-5753.0 
1665030040.598906 -- INFO: Iteration 11 Ends, Took 3.33 Seconds. Best Params: [18] and Score: -6102.333333333333.
1665030040.599070 -- INFO: Iteration 12 Starts ...
1665030040.599306 -- INFO: Changing concurrency to 18 ******
1665030040.600312 -- INFO: Start Process :: 17
1665030040.600509 -- INFO: Process Status Bits from change concurrency are: 1 1 1 1 1 1 1 1 1 1 1 1 1 1 1 1 1 1 0 0 0 0 0 0 0 0 0 0 0 0 0 0
1665030040.601390 -- INFO: Active CC: 18
1665030040.635707 -- INFO: Process 17 get item 52 from queue and executing
1665030040.635967 -- INFO: starting 17, 52, /home/cc/files_to_send/FILE3
1665030040.890442 -- INFO: Process 14 finished on working on file 38 
1665030040.891071 -- INFO: Process 14 get item 53 from queue and executing
1665030040.891244 -- INFO: starting 14, 53, /home/cc/files_to_send/FILE1
1665030041.013499 -- INFO: Throughput @37.1s:8125.83Mbps, rtt :34.91ms cwnd: 1403.3 lossRate: 8.136754576924449e-05 CC:18 score:-5683.0 
1665030041.230222 -- INFO: Process 12 finished on working on file 14 
1665030041.230674 -- INFO: Process 12 get item 54 from queue and executing
1665030041.230909 -- INFO: starting 12, 54, /home/cc/files_to_send/FILE0
1665030041.807465 -- INFO: Process 13 finished on working on file 39 
1665030041.807861 -- INFO: Process 13 get item 55 from queue and executing
1665030041.808033 -- INFO: starting 13, 55, /home/cc/files_to_send/FILE2
1665030042.015510 -- INFO: Throughput @38.1s:8341.2Mbps, rtt :35.23ms cwnd: 1502.5 lossRate: 0.0 CC:18 score:-5840.0 
1665030042.728869 -- INFO: Process 8 finished on working on file 44 
1665030042.729272 -- INFO: Process 8 get item 56 from queue and executing
1665030042.729442 -- INFO: starting 8, 56, /home/cc/files_to_send/FILE3
1665030043.015498 -- INFO: Throughput @39.1s:8369.1Mbps, rtt :42.31ms cwnd: 1542.9 lossRate: 0.0 CC:18 score:-5860.0 
1665030043.915078 -- INFO: Iteration 12 Ends, Took 3.32 Seconds. Best Params: [18] and Score: -6102.333333333333.
1665030043.915228 -- INFO: Iteration 13 Starts ...
1665030043.915417 -- INFO: Changing concurrency to 32 ******
1665030043.916284 -- INFO: Process Status Bits from change concurrency are: 1 1 1 1 1 1 1 1 1 1 1 1 1 1 1 1 1 1 1 1 1 1 1 1 1 1 1 1 1 1 1 1
1665030043.916401 -- INFO: Active CC: 32
1665030043.916449 -- INFO: Start Process :: 19
1665030043.916661 -- INFO: Start Process :: 20
1665030043.916664 -- INFO: Start Process :: 18
1665030043.918843 -- INFO: Start Process :: 24
1665030043.919464 -- INFO: Start Process :: 22
1665030043.919592 -- INFO: Start Process :: 23
1665030043.919957 -- INFO: Start Process :: 30
1665030043.920287 -- INFO: Start Process :: 26
1665030043.920649 -- INFO: Start Process :: 28
1665030043.921569 -- INFO: Start Process :: 21
1665030043.923282 -- INFO: Start Process :: 31
1665030043.923790 -- INFO: Start Process :: 27
1665030043.924327 -- INFO: Start Process :: 29
1665030043.923556 -- INFO: Start Process :: 25
1665030043.957962 -- INFO: Process 19 get item 57 from queue and executing
1665030043.958172 -- INFO: starting 19, 57, /home/cc/files_to_send/FILE1
1665030043.958522 -- INFO: Process 18 get item 58 from queue and executing
1665030043.958785 -- INFO: starting 18, 58, /home/cc/files_to_send/FILE0
1665030043.958908 -- INFO: Process 20 get item 59 from queue and executing
1665030043.959113 -- INFO: starting 20, 59, /home/cc/files_to_send/FILE2
1665030043.960068 -- INFO: Process 24 get item 60 from queue and executing
1665030043.960223 -- INFO: starting 24, 60, /home/cc/files_to_send/FILE3
1665030043.960680 -- INFO: Process 30 get item 61 from queue and executing
1665030043.960737 -- INFO: Process 23 get item 62 from queue and executing
1665030043.960869 -- INFO: starting 30, 61, /home/cc/files_to_send/FILE1
1665030043.960907 -- INFO: starting 23, 62, /home/cc/files_to_send/FILE0
1665030043.961146 -- INFO: Process 22 get item 63 from queue and executing
1665030043.961322 -- INFO: starting 22, 63, /home/cc/files_to_send/FILE2
1665030043.961685 -- INFO: Process 28 get item 64 from queue and executing
1665030043.961847 -- INFO: starting 28, 64, /home/cc/files_to_send/FILE3
1665030043.962663 -- INFO: Process 26 get item 65 from queue and executing
1665030043.962830 -- INFO: starting 26, 65, /home/cc/files_to_send/FILE1
1665030043.963948 -- INFO: Process 21 get item 66 from queue and executing
1665030043.964487 -- INFO: starting 21, 66, /home/cc/files_to_send/FILE0
1665030043.964682 -- INFO: Process 31 get item 67 from queue and executing
1665030043.964980 -- INFO: starting 31, 67, /home/cc/files_to_send/FILE2
1665030043.965051 -- INFO: Process 27 get item 68 from queue and executing
1665030043.965329 -- INFO: starting 27, 68, /home/cc/files_to_send/FILE3
1665030043.965807 -- INFO: Process 25 get item 69 from queue and executing
1665030043.966122 -- INFO: starting 25, 69, /home/cc/files_to_send/FILE1
1665030043.966929 -- INFO: Process 29 get item 70 from queue and executing
1665030043.967248 -- INFO: starting 29, 70, /home/cc/files_to_send/FILE0
1665030044.018437 -- INFO: Throughput @40.1s:8296.33Mbps, rtt :38.73ms cwnd: 896.2 lossRate: 0.0 CC:32 score:-4402.0 
1665030044.163609 -- INFO: Process 10 finished on working on file 36 
1665030044.164039 -- INFO: Process 10 get item 71 from queue and executing
1665030044.164178 -- INFO: starting 10, 71, /home/cc/files_to_send/FILE2
1665030045.018036 -- INFO: Throughput @41.1s:8855.64Mbps, rtt :49.21ms cwnd: 1175.8 lossRate: 4.6393317241479866e-05 CC:32 score:-4695.0 
1665030046.019548 -- INFO: Throughput @42.1s:8925.48Mbps, rtt :49.46ms cwnd: 1312.5 lossRate: 0.00022218433032092719 CC:32 score:-4716.0 
1665030046.321442 -- INFO: Process 15 finished on working on file 26 
1665030046.321906 -- INFO: Process 15 get item 72 from queue and executing
1665030046.322058 -- INFO: starting 15, 72, /home/cc/files_to_send/FILE3
1665030047.023242 -- INFO: Throughput @43.1s:8847.25Mbps, rtt :45.65ms cwnd: 1079.1 lossRate: 0.0005035213628469598 CC:32 score:-4650.0 
1665030047.240010 -- INFO: Iteration 13 Ends, Took 3.32 Seconds. Best Params: [18] and Score: -6102.333333333333.
1665030047.240158 -- INFO: Iteration 14 Starts ...
1665030047.240387 -- INFO: Changing concurrency to 17 ******
1665030047.240495 -- INFO: Process Status Bits from change concurrency are: 1 1 1 1 1 1 1 1 1 1 1 1 1 1 1 1 1 0 0 0 0 0 0 0 0 0 0 0 0 0 0 0
1665030047.240593 -- INFO: Active CC: 17
1665030047.363807 -- INFO: Process 16 finished on working on file 27 
1665030047.364178 -- INFO: Process 16 get item 73 from queue and executing
1665030047.364387 -- INFO: starting 16, 73, /home/cc/files_to_send/FILE1
1665030048.021857 -- INFO: Throughput @44.1s:6448.11Mbps, rtt :34.34ms cwnd: 1016.2 lossRate: 0 CC:17 score:-4605.0 
1665030048.151516 -- INFO: Process 9 finished on working on file 47 
1665030048.151984 -- INFO: Process 9 get item 74 from queue and executing
1665030048.152137 -- INFO: starting 9, 74, /home/cc/files_to_send/FILE0
1665030048.349949 -- INFO: Process 11 finished on working on file 46 
1665030048.350455 -- INFO: Process 11 get item 75 from queue and executing
1665030048.350626 -- INFO: starting 11, 75, /home/cc/files_to_send/FILE2
1665030048.823511 -- INFO: Process 3 finished on working on file 45 
1665030048.824111 -- INFO: Process 3 get item 76 from queue and executing
1665030048.824318 -- INFO: starting 3, 76, /home/cc/files_to_send/FILE3
1665030049.022471 -- INFO: Throughput @45.1s:5863.83Mbps, rtt :34.39ms cwnd: 1055.2 lossRate: 0.0 CC:17 score:-4188.0 
1665030050.023533 -- INFO: Throughput @46.1s:6031.41Mbps, rtt :34.07ms cwnd: 1083.4 lossRate: 0.0 CC:17 score:-4307.0 
1665030050.589586 -- INFO: Iteration 14 Ends, Took 3.35 Seconds. Best Params: [18] and Score: -6102.333333333333.
1665030050.589729 -- INFO: Iteration 15 Starts ...
1665030050.589922 -- INFO: Changing concurrency to 1 ******
1665030050.591196 -- INFO: Process Status Bits from change concurrency are: 1 0 0 0 0 0 0 0 0 0 0 0 0 0 0 0 0 0 0 0 0 0 0 0 0 0 0 0 0 0 0 0
1665030050.592657 -- INFO: Active CC: 1
1665030050.683555 -- INFO: Process 0 finished on working on file 41 
1665030050.683966 -- INFO: Process 0 get item 77 from queue and executing
1665030050.684110 -- INFO: starting 0, 77, /home/cc/files_to_send/FILE1
1665030051.024431 -- INFO: Throughput @47.1s:3805.7Mbps, rtt :33.96ms cwnd: 945.0 lossRate: 0 CC:1 score:-3731.0 
1665030052.024627 -- INFO: Throughput @48.1s:327.16Mbps, rtt :34.12ms cwnd: 951.0 lossRate: 0.0 CC:1 score:-321.0 
1665030053.026399 -- INFO: Throughput @49.1s:318.77Mbps, rtt :34.27ms cwnd: 952.0 lossRate: 0.0 CC:1 score:-313.0 
1665030053.929846 -- INFO: Iteration 15 Ends, Took 3.34 Seconds. Best Params: [18] and Score: -6102.333333333333.
1665030053.929991 -- INFO: Iteration 16 Starts ...
1665030053.930145 -- INFO: Changing concurrency to 27 ******
1665030053.930882 -- INFO: Start Process :: 2
1665030053.930919 -- INFO: Start Process :: 1
1665030053.931177 -- INFO: Start Process :: 4
1665030053.931179 -- INFO: Start Process :: 3
1665030053.931227 -- INFO: Start Process :: 6
1665030053.931449 -- INFO: Start Process :: 8
1665030053.931441 -- INFO: Start Process :: 10
1665030053.931609 -- INFO: Process Status Bits from change concurrency are: 1 1 1 1 1 1 1 1 1 1 1 1 1 1 1 1 1 1 1 1 1 1 1 1 1 1 1 0 0 0 0 0
1665030053.931612 -- INFO: Start Process :: 9
1665030053.931631 -- INFO: Start Process :: 5
1665030053.931694 -- INFO: Start Process :: 16
1665030053.931741 -- INFO: Start Process :: 14
1665030053.931853 -- INFO: Start Process :: 19
1665030053.931912 -- INFO: Start Process :: 20
1665030053.931984 -- INFO: Start Process :: 15
1665030053.932049 -- INFO: Start Process :: 17
1665030053.932086 -- INFO: Active CC: 27
1665030053.932267 -- INFO: Start Process :: 13
1665030053.932333 -- INFO: Start Process :: 7
1665030053.932228 -- INFO: Start Process :: 18
1665030053.932427 -- INFO: Start Process :: 22
1665030053.932515 -- INFO: Start Process :: 24
1665030053.932628 -- INFO: Start Process :: 12
1665030053.932715 -- INFO: Start Process :: 23
1665030053.932645 -- INFO: Start Process :: 21
1665030053.932773 -- INFO: Start Process :: 26
1665030053.932970 -- INFO: Start Process :: 25
1665030053.933677 -- INFO: Start Process :: 11
1665030053.964589 -- INFO: Process 2 get item 78 from queue and executing
1665030053.964616 -- INFO: Process 1 get item 79 from queue and executing
1665030053.964798 -- INFO: starting 2, 78, /home/cc/files_to_send/FILE0
1665030053.964893 -- INFO: starting 1, 79, /home/cc/files_to_send/FILE2
1665030053.965145 -- INFO: Process 10 get item 80 from queue and executing
1665030053.965233 -- INFO: Process 5 get item 81 from queue and executing
1665030053.965353 -- INFO: starting 10, 80, /home/cc/files_to_send/FILE3
1665030053.965400 -- INFO: starting 5, 81, /home/cc/files_to_send/FILE1
1665030053.965438 -- INFO: Process 9 get item 82 from queue and executing
1665030053.965573 -- INFO: starting 9, 82, /home/cc/files_to_send/FILE0
1665030053.966002 -- INFO: Process 17 get item 83 from queue and executing
1665030053.966185 -- INFO: starting 17, 83, /home/cc/files_to_send/FILE2
1665030053.966229 -- INFO: Process 16 get item 84 from queue and executing
1665030053.966256 -- INFO: Process 6 get item 85 from queue and executing
1665030053.966343 -- INFO: starting 16, 84, /home/cc/files_to_send/FILE3
1665030053.966383 -- INFO: starting 6, 85, /home/cc/files_to_send/FILE1
1665030053.966590 -- INFO: Process 20 get item 86 from queue and executing
1665030053.966647 -- INFO: Process 24 get item 87 from queue and executing
1665030053.966742 -- INFO: starting 20, 86, /home/cc/files_to_send/FILE0
1665030053.966858 -- INFO: starting 24, 87, /home/cc/files_to_send/FILE2
1665030053.966862 -- INFO: Process 23 get item 88 from queue and executing
1665030053.966956 -- INFO: Process 7 get item 89 from queue and executing
1665030053.967058 -- INFO: starting 23, 88, /home/cc/files_to_send/FILE3
1665030053.967070 -- INFO: Process 14 get item 90 from queue and executing
1665030053.967083 -- INFO: starting 7, 89, /home/cc/files_to_send/FILE1
1665030053.967140 -- INFO: Process 13 get item 91 from queue and executing
1665030053.967194 -- INFO: Process 26 get item 92 from queue and executing
1665030053.967224 -- INFO: starting 14, 90, /home/cc/files_to_send/FILE0
1665030053.967259 -- INFO: Process 4 get item 93 from queue and executing
1665030053.967273 -- INFO: starting 13, 91, /home/cc/files_to_send/FILE2
1665030053.967405 -- INFO: starting 4, 93, /home/cc/files_to_send/FILE1
1665030053.967408 -- INFO: starting 26, 92, /home/cc/files_to_send/FILE3
1665030053.967607 -- INFO: Process 19 get item 94 from queue and executing
1665030053.967645 -- INFO: Process 12 get item 95 from queue and executing
1665030053.967730 -- INFO: Process 15 get item 96 from queue and executing
1665030053.967784 -- INFO: starting 19, 94, /home/cc/files_to_send/FILE0
1665030053.967799 -- INFO: Process 22 get item 97 from queue and executing
1665030053.967810 -- INFO: starting 12, 95, /home/cc/files_to_send/FILE2
1665030053.967862 -- INFO: starting 15, 96, /home/cc/files_to_send/FILE3
1665030053.967969 -- INFO: Process 3 get item 99 from queue and executing
1665030053.967997 -- INFO: Process 21 get item 98 from queue and executing
1665030053.968032 -- INFO: Process 8 get item 100 from queue and executing
1665030053.968088 -- INFO: starting 22, 97, /home/cc/files_to_send/FILE1
1665030053.968102 -- INFO: starting 3, 99, /home/cc/files_to_send/FILE2
1665030053.968176 -- INFO: Process 18 get item 101 from queue and executing
1665030053.968253 -- INFO: starting 8, 100, /home/cc/files_to_send/FILE3
1665030053.968317 -- INFO: starting 21, 98, /home/cc/files_to_send/FILE0
1665030053.968323 -- INFO: Process 11 get item 102 from queue and executing
1665030053.968374 -- INFO: Process 25 get item 103 from queue and executing
1665030053.968504 -- INFO: starting 18, 101, /home/cc/files_to_send/FILE1
1665030053.968877 -- INFO: starting 11, 102, /home/cc/files_to_send/FILE0
1665030053.968962 -- INFO: starting 25, 103, /home/cc/files_to_send/FILE2
1665030054.026702 -- INFO: Throughput @50.1s:318.77Mbps, rtt :33.46ms cwnd: 54.5 lossRate: 0.0 CC:27 score:-187.0 
1665030055.028910 -- INFO: Throughput @51.1s:6551.5Mbps, rtt :37.42ms cwnd: 1088.5 lossRate: 6.67216068005547e-05 CC:27 score:-3834.0 
1665030056.033061 -- INFO: Throughput @52.1s:8648.65Mbps, rtt :42.01ms cwnd: 1173.6 lossRate: 0.00012494716330062553 CC:27 score:-5056.0 
1665030057.035376 -- INFO: Throughput @53.1s:8380.22Mbps, rtt :45.71ms cwnd: 1217.1 lossRate: 0.0 CC:27 score:-4910.0 
1665030057.279725 -- INFO: Iteration 16 Ends, Took 3.35 Seconds. Best Params: [18] and Score: -6102.333333333333.
1665030057.279872 -- INFO: Iteration 17 Starts ...
1665030057.280076 -- INFO: Changing concurrency to 19 ******
1665030057.280453 -- INFO: Process Status Bits from change concurrency are: 1 1 1 1 1 1 1 1 1 1 1 1 1 1 1 1 1 1 1 0 0 0 0 0 0 0 0 0 0 0 0 0
1665030057.280869 -- INFO: Active CC: 19
1665030058.035129 -- INFO: Throughput @54.1s:8078.23Mbps, rtt :34.99ms cwnd: 1291.6 lossRate: 0 CC:19 score:-5545.0 
1665030059.034912 -- INFO: Throughput @55.1s:8145.34Mbps, rtt :34.87ms cwnd: 1329.8 lossRate: 0.0 CC:19 score:-5591.0 
1665030060.036384 -- INFO: Throughput @56.1s:8321.5Mbps, rtt :34.59ms cwnd: 1363.2 lossRate: 0.0 CC:19 score:-5712.0 
1665030060.631750 -- INFO: Iteration 17 Ends, Took 3.35 Seconds. Best Params: [18] and Score: -6102.333333333333.
1665030060.631907 -- INFO: Iteration 18 Starts ...
1665030060.632211 -- INFO: Changing concurrency to 18 ******
1665030060.633302 -- INFO: Process Status Bits from change concurrency are: 1 1 1 1 1 1 1 1 1 1 1 1 1 1 1 1 1 1 0 0 0 0 0 0 0 0 0 0 0 0 0 0
1665030060.634393 -- INFO: Active CC: 18
1665030061.034726 -- INFO: Throughput @57.1s:8547.99Mbps, rtt :34.96ms cwnd: 1442.2 lossRate: 0 CC:18 score:-5985.0 
1665030062.036552 -- INFO: Throughput @58.1s:8514.44Mbps, rtt :35.34ms cwnd: 1485.1 lossRate: 0.0 CC:18 score:-5961.0 
1665030063.037176 -- INFO: Throughput @59.1s:8556.38Mbps, rtt :36.36ms cwnd: 1530.7 lossRate: 0.0 CC:18 score:-5991.0 
1665030063.992893 -- INFO: Iteration 18 Ends, Took 3.36 Seconds. Best Params: [18] and Score: -6102.333333333333.
1665030063.993047 -- INFO: Iteration 19 Starts ...
1665030063.993378 -- INFO: Changing concurrency to 19 ******
1665030063.994422 -- INFO: Process Status Bits from change concurrency are: 1 1 1 1 1 1 1 1 1 1 1 1 1 1 1 1 1 1 1 0 0 0 0 0 0 0 0 0 0 0 0 0
1665030063.995259 -- INFO: Active CC: 19
1665030063.995006 -- INFO: Start Process :: 18
1665030064.033252 -- INFO: Process 18 get item 104 from queue and executing
1665030064.034037 -- INFO: starting 18, 104, /home/cc/files_to_send/FILE3
1665030064.037625 -- INFO: Throughput @60.1s:8598.32Mbps, rtt :37.67ms cwnd: 1498.8 lossRate: 0.0 CC:19 score:-5902.0 
1665030065.038160 -- INFO: Throughput @61.1s:8422.16Mbps, rtt :40.32ms cwnd: 1570.0 lossRate: 0.0 CC:19 score:-5781.0 
1665030066.038280 -- INFO: Throughput @62.1s:8296.33Mbps, rtt :38.14ms cwnd: 1338.6 lossRate: 0.0001597003237433756 CC:19 score:-5682.0 
1665030066.590294 -- INFO: Process 1 finished on working on file 79 
1665030066.590821 -- INFO: Process 1 get item 105 from queue and executing
1665030066.590996 -- INFO: starting 1, 105, /home/cc/files_to_send/FILE1
1665030067.039768 -- INFO: Throughput @63.1s:8335.54Mbps, rtt :37.99ms cwnd: 1475.7 lossRate: 1.6676394563495372e-05 CC:19 score:-5720.0 
1665030067.069832 -- INFO: Process 12 finished on working on file 95 
1665030067.070210 -- INFO: Process 12 get item 106 from queue and executing
1665030067.070371 -- INFO: starting 12, 106, /home/cc/files_to_send/FILE0
1665030067.126742 -- INFO: Process 6 finished on working on file 85 
1665030067.127203 -- INFO: Process 6 get item 107 from queue and executing
1665030067.127366 -- INFO: starting 6, 107, /home/cc/files_to_send/FILE2
1665030067.413905 -- INFO: Iteration 19 Ends, Took 3.42 Seconds. Best Params: [18] and Score: -6102.333333333333.
1665030067.414082 -- INFO: Iteration 20 Starts ...
1665030067.414396 -- INFO: Changing concurrency to 18 ******
1665030067.415383 -- INFO: Process Status Bits from change concurrency are: 1 1 1 1 1 1 1 1 1 1 1 1 1 1 1 1 1 1 0 0 0 0 0 0 0 0 0 0 0 0 0 0
1665030067.416281 -- INFO: Active CC: 18
1665030067.680145 -- INFO: Process 13 finished on working on file 91 
1665030067.680580 -- INFO: Process 13 get item 108 from queue and executing
1665030067.680750 -- INFO: starting 13, 108, /home/cc/files_to_send/FILE3
1665030068.041391 -- INFO: Throughput @64.1s:8346.86Mbps, rtt :36.16ms cwnd: 1513.2 lossRate: 0.0 CC:18 score:-5844.0 
1665030068.555617 -- INFO: Process 8 finished on working on file 100 
1665030068.556367 -- INFO: Process 8 get item 109 from queue and executing
1665030068.556631 -- INFO: starting 8, 109, /home/cc/files_to_send/FILE1
1665030068.558128 -- INFO: Process 10 finished on working on file 80 
1665030068.558636 -- INFO: Process 10 get item 110 from queue and executing
1665030068.558885 -- INFO: starting 10, 110, /home/cc/files_to_send/FILE0
1665030068.580411 -- INFO: Process 16 finished on working on file 84 
1665030068.580833 -- INFO: Process 16 get item 111 from queue and executing
1665030068.580977 -- INFO: starting 16, 111, /home/cc/files_to_send/FILE2
1665030068.714713 -- INFO: Process 17 finished on working on file 83 
1665030068.715131 -- INFO: Process 17 get item 112 from queue and executing
1665030068.715302 -- INFO: starting 17, 112, /home/cc/files_to_send/FILE3
1665030069.045263 -- INFO: Throughput @65.1s:8646.12Mbps, rtt :34.42ms cwnd: 1585.5 lossRate: 0.0 CC:18 score:-6054.0 
1665030069.101884 -- INFO: Process 4 finished on working on file 93 
1665030069.102274 -- INFO: Process 4 get item 113 from queue and executing
1665030069.102429 -- INFO: starting 4, 113, /home/cc/files_to_send/FILE1
1665030069.992707 -- INFO: Process 5 finished on working on file 81 
1665030069.993165 -- INFO: Process 5 get item 114 from queue and executing
1665030069.993320 -- INFO: starting 5, 114, /home/cc/files_to_send/FILE0
1665030070.045419 -- INFO: Throughput @66.1s:8584.47Mbps, rtt :39.46ms cwnd: 1655.8 lossRate: 0.0 CC:18 score:-6010.0 
1665030070.789309 -- INFO: Iteration 20 Ends, Took 3.38 Seconds. Best Params: [18] and Score: -6102.333333333333.
1665030070.789470 -- INFO: Iteration 21 Starts ...
1665030070.789762 -- INFO: Changing concurrency to 19 ******
1665030070.790820 -- INFO: Process Status Bits from change concurrency are: 1 1 1 1 1 1 1 1 1 1 1 1 1 1 1 1 1 1 1 0 0 0 0 0 0 0 0 0 0 0 0 0
1665030070.790877 -- INFO: Start Process :: 18
1665030070.791848 -- INFO: Active CC: 19
1665030070.835037 -- INFO: Process 18 get item 115 from queue and executing
1665030070.835444 -- INFO: starting 18, 115, /home/cc/files_to_send/FILE2
1665030071.043479 -- INFO: Throughput @67.1s:8564.77Mbps, rtt :35.02ms cwnd: 1482.3 lossRate: 8.271130365217863e-05 CC:19 score:-5872.0 
1665030072.045749 -- INFO: Throughput @68.1s:8464.11Mbps, rtt :34.98ms cwnd: 1401.6 lossRate: 8.673600039650743e-05 CC:19 score:-5803.0 
1665030073.046452 -- INFO: Throughput @69.1s:8808.04Mbps, rtt :35.82ms cwnd: 1504.8 lossRate: 0.0 CC:19 score:-6046.0 
1665030074.047875 -- INFO: Throughput @70.1s:9051.31Mbps, rtt :35.83ms cwnd: 1563.0 lossRate: 0.0 CC:19 score:-6213.0 
1665030074.155566 -- INFO: Iteration 21 Ends, Took 3.37 Seconds. Best Params: [18] and Score: -6102.333333333333.
1665030074.155727 -- INFO: Iteration 22 Starts ...
1665030074.156051 -- INFO: Changing concurrency to 18 ******
1665030074.157108 -- INFO: Process Status Bits from change concurrency are: 1 1 1 1 1 1 1 1 1 1 1 1 1 1 1 1 1 1 0 0 0 0 0 0 0 0 0 0 0 0 0 0
1665030074.157983 -- INFO: Active CC: 18
1665030075.048949 -- INFO: Throughput @71.1s:8338.28Mbps, rtt :34.28ms cwnd: 1319.5 lossRate: 0.00010010494873657867 CC:18 score:-5830.0 
1665030075.175252 -- INFO: Process 3 finished on working on file 99 
1665030075.175739 -- INFO: Process 3 get item 116 from queue and executing
1665030075.175898 -- INFO: starting 3, 116, /home/cc/files_to_send/FILE3
1665030075.303710 -- INFO: Process 9 finished on working on file 82 
1665030075.304175 -- INFO: Process 9 get item 117 from queue and executing
1665030075.304341 -- INFO: starting 9, 117, /home/cc/files_to_send/FILE1
1665030075.714426 -- INFO: Process 15 finished on working on file 96 
1665030075.714825 -- INFO: Process 15 get item 118 from queue and executing
1665030075.715025 -- INFO: starting 15, 118, /home/cc/files_to_send/FILE0
1665030076.049152 -- INFO: Throughput @72.1s:7927.43Mbps, rtt :34.73ms cwnd: 1370.1 lossRate: 0.0 CC:18 score:-5550.0 
1665030076.456220 -- INFO: Process 0 finished on working on file 77 
1665030076.456686 -- INFO: Process 0 get item 119 from queue and executing
1665030076.456834 -- INFO: starting 0, 119, /home/cc/files_to_send/FILE2
1665030077.049692 -- INFO: Throughput @73.1s:8176.16Mbps, rtt :34.36ms cwnd: 1409.3 lossRate: 0.0 CC:18 score:-5725.0 
1665030077.527742 -- INFO: Iteration 22 Ends, Took 3.37 Seconds. Best Params: [18] and Score: -6102.333333333333.
1665030077.527905 -- INFO: Iteration 23 Starts ...
1665030077.528199 -- INFO: Changing concurrency to 19 ******
1665030077.529039 -- INFO: Process Status Bits from change concurrency are: 1 1 1 1 1 1 1 1 1 1 1 1 1 1 1 1 1 1 1 0 0 0 0 0 0 0 0 0 0 0 0 0
1665030077.529269 -- INFO: Start Process :: 18
1665030077.530035 -- INFO: Active CC: 19
1665030077.566327 -- INFO: Process 18 get item 120 from queue and executing
1665030077.566715 -- INFO: starting 18, 120, /home/cc/files_to_send/FILE3
1665030078.050529 -- INFO: Throughput @74.1s:8422.16Mbps, rtt :34.61ms cwnd: 1421.3 lossRate: 4.124879347279092e-06 CC:19 score:-5781.0 
1665030078.432597 -- INFO: Process 1 finished on working on file 105 
1665030078.433047 -- INFO: Process 1 get item 121 from queue and executing
1665030078.433200 -- INFO: starting 1, 121, /home/cc/files_to_send/FILE1
1665030079.052090 -- INFO: Throughput @75.1s:8671.09Mbps, rtt :37.62ms cwnd: 1443.6 lossRate: 0.0 CC:19 score:-5952.0 
1665030079.568634 -- INFO: Process 6 finished on working on file 107 
1665030079.569133 -- INFO: Process 6 get item 122 from queue and executing
1665030079.569323 -- INFO: starting 6, 122, /home/cc/files_to_send/FILE0
1665030080.055113 -- INFO: Throughput @76.1s:8276.82Mbps, rtt :38.98ms cwnd: 1460.2 lossRate: 0.0 CC:19 score:-5681.0 
1665030080.455413 -- INFO: Process 10 finished on working on file 110 
1665030080.455911 -- INFO: Process 10 get item 123 from queue and executing
1665030080.456102 -- INFO: starting 10, 123, /home/cc/files_to_send/FILE2
1665030080.550766 -- INFO: Process 8 finished on working on file 109 
1665030080.551129 -- INFO: Process 8 get item 124 from queue and executing
1665030080.551279 -- INFO: starting 8, 124, /home/cc/files_to_send/FILE3
1665030080.906051 -- INFO: Iteration 23 Ends, Took 3.38 Seconds. Best Params: [18] and Score: -6102.333333333333.
1665030080.906247 -- INFO: Iteration 24 Starts ...
1665030080.906590 -- INFO: Changing concurrency to 19 ******
1665030080.907881 -- INFO: Process Status Bits from change concurrency are: 1 1 1 1 1 1 1 1 1 1 1 1 1 1 1 1 1 1 1 0 0 0 0 0 0 0 0 0 0 0 0 0
1665030080.909149 -- INFO: Active CC: 19
1665030080.956820 -- INFO: Process 11 finished on working on file 102 
1665030080.957485 -- INFO: Process 11 get item 125 from queue and executing
1665030080.957717 -- INFO: starting 11, 125, /home/cc/files_to_send/FILE1
1665030080.988058 -- INFO: Process 2 finished on working on file 78 
1665030080.988508 -- INFO: Process 2 get item 126 from queue and executing
1665030080.988800 -- INFO: starting 2, 126, /home/cc/files_to_send/FILE0
1665030081.054541 -- INFO: Throughput @77.1s:8167.96Mbps, rtt :35.08ms cwnd: 1283.3 lossRate: 9.271502397039966e-05 CC:19 score:-5599.0 
1665030082.056564 -- INFO: Throughput @78.1s:8027.9Mbps, rtt :34.47ms cwnd: 1258.6 lossRate: 4.165810760145545e-05 CC:19 score:-5507.0 
1665030082.642682 -- INFO: Process 12 finished on working on file 106 
1665030082.643220 -- INFO: Process 12 get item 127 from queue and executing
1665030082.643375 -- INFO: starting 12, 127, /home/cc/files_to_send/FILE2
1665030083.057797 -- INFO: Throughput @79.1s:8033.55Mbps, rtt :34.36ms cwnd: 1295.8 lossRate: 3.32899117093646e-05 CC:19 score:-5512.0 
1665030084.059333 -- INFO: Throughput @80.1s:8136.95Mbps, rtt :35.0ms cwnd: 1339.1 lossRate: 0.0 CC:19 score:-5585.0 
1665030084.278723 -- INFO: Iteration 24 Ends, Took 3.37 Seconds. Best Params: [18] and Score: -6102.333333333333.
1665030084.278889 -- INFO: Iteration 25 Starts ...
1665030084.279188 -- INFO: Changing concurrency to 17 ******
1665030084.280149 -- INFO: Process Status Bits from change concurrency are: 1 1 1 1 1 1 1 1 1 1 1 1 1 1 1 1 1 0 0 0 0 0 0 0 0 0 0 0 0 0 0 0
1665030084.281148 -- INFO: Active CC: 17
1665030085.059180 -- INFO: Throughput @81.1s:7969.18Mbps, rtt :35.03ms cwnd: 1418.9 lossRate: 0 CC:17 score:-5691.0 
1665030086.061182 -- INFO: Throughput @82.1s:7893.68Mbps, rtt :36.9ms cwnd: 1452.5 lossRate: 0.0 CC:17 score:-5637.0 
1665030086.283358 -- INFO: Process 4 finished on working on file 113 
1665030086.283873 -- INFO: Process 4 get item 15 from queue and executing
1665030086.284152 -- INFO: starting 4, 15, /home/cc/files_to_send/FILE2
1665030086.913296 -- INFO: Process 13 finished on working on file 108 
1665030086.913667 -- INFO: Process 13 get item 18 from queue and executing
1665030086.913900 -- INFO: starting 13, 18, /home/cc/files_to_send/FILE0
1665030086.925828 -- INFO: Process 9 finished on working on file 117 
1665030086.926219 -- INFO: Process 9 get item 19 from queue and executing
1665030086.926363 -- INFO: starting 9, 19, /home/cc/files_to_send/FILE2
1665030087.062522 -- INFO: Throughput @83.1s:8103.59Mbps, rtt :34.63ms cwnd: 1483.8 lossRate: 0.0 CC:17 score:-5787.0 
1665030087.667251 -- INFO: Iteration 25 Ends, Took 3.39 Seconds. Best Params: [18] and Score: -6102.333333333333.
1665030087.667414 -- INFO: Iteration 26 Starts ...
1665030087.667751 -- INFO: Changing concurrency to 17 ******
1665030087.668922 -- INFO: Process Status Bits from change concurrency are: 1 1 1 1 1 1 1 1 1 1 1 1 1 1 1 1 1 0 0 0 0 0 0 0 0 0 0 0 0 0 0 0
1665030087.670034 -- INFO: Active CC: 17
1665030087.782250 -- INFO: Process 3 finished on working on file 116 
1665030087.782626 -- INFO: Process 3 get item 17 from queue and executing
1665030087.782817 -- INFO: starting 3, 17, /home/cc/files_to_send/FILE1
1665030088.062974 -- INFO: Throughput @84.1s:8268.44Mbps, rtt :34.47ms cwnd: 1515.6 lossRate: 0.0 CC:17 score:-5905.0 
1665030089.063478 -- INFO: Throughput @85.1s:8313.11Mbps, rtt :36.05ms cwnd: 1548.9 lossRate: 0.0 CC:17 score:-5937.0 
1665030089.388984 -- INFO: Process 16 finished on working on file 111 
1665030089.389406 -- INFO: Process 16 get item 16 from queue and executing
1665030089.389652 -- INFO: starting 16, 16, /home/cc/files_to_send/FILE3
1665030089.937442 -- INFO: Process 1 finished on working on file 121 
1665030089.937771 -- INFO: Process 1 get item 21 from queue and executing
1665030089.937891 -- INFO: starting 1, 21, /home/cc/files_to_send/FILE1
1665030090.064255 -- INFO: Throughput @86.1s:8324.42Mbps, rtt :36.32ms cwnd: 1584.9 lossRate: 0.0 CC:17 score:-5945.0 
1665030090.727472 -- INFO: Process 5 finished on working on file 114 
1665030090.727952 -- INFO: Process 5 get item 20 from queue and executing
1665030090.728182 -- INFO: starting 5, 20, /home/cc/files_to_send/FILE3
1665030091.055197 -- INFO: Iteration 26 Ends, Took 3.39 Seconds. Best Params: [18] and Score: -6102.333333333333.
1665030091.055369 -- INFO: Iteration 27 Starts ...
1665030091.055655 -- INFO: Changing concurrency to 19 ******
1665030091.056469 -- INFO: Start Process :: 17
1665030091.056611 -- INFO: Process Status Bits from change concurrency are: 1 1 1 1 1 1 1 1 1 1 1 1 1 1 1 1 1 1 1 0 0 0 0 0 0 0 0 0 0 0 0 0
1665030091.056870 -- INFO: Start Process :: 18
1665030091.057611 -- INFO: Active CC: 19
1665030091.064478 -- INFO: Throughput @87.1s:8486.54Mbps, rtt :35.08ms cwnd: 1456.9 lossRate: 0.0 CC:19 score:-5825.0 
1665030091.091997 -- INFO: Process 17 get item 13 from queue and executing
1665030091.092147 -- INFO: starting 17, 13, /home/cc/files_to_send/FILE1
1665030091.093001 -- INFO: Process 18 get item 12 from queue and executing
1665030091.093450 -- INFO: starting 18, 12, /home/cc/files_to_send/FILE3
1665030091.943231 -- INFO: Process 10 finished on working on file 123 
1665030091.943661 -- INFO: Process 10 get item 22 from queue and executing
1665030091.943828 -- INFO: starting 10, 22, /home/cc/files_to_send/FILE0
1665030092.066661 -- INFO: Throughput @88.1s:8771.75Mbps, rtt :41.28ms cwnd: 1612.9 lossRate: 3.9400068293451707e-05 CC:19 score:-6018.0 
1665030092.176849 -- INFO: Process 15 finished on working on file 118 
1665030092.177249 -- INFO: Process 15 get item 29 from queue and executing
1665030092.177386 -- INFO: starting 15, 29, /home/cc/files_to_send/FILE1
1665030092.186297 -- INFO: Process 6 finished on working on file 122 
1665030092.186857 -- INFO: Process 6 get item 28 from queue and executing
1665030092.187067 -- INFO: starting 6, 28, /home/cc/files_to_send/FILE3
1665030092.202698 -- INFO: Process 8 finished on working on file 124 
1665030092.203148 -- INFO: Process 8 get item 30 from queue and executing
1665030092.203315 -- INFO: starting 8, 30, /home/cc/files_to_send/FILE0
1665030093.067376 -- INFO: Throughput @89.1s:8648.85Mbps, rtt :41.57ms cwnd: 1607.0 lossRate: 3.0936890089300005e-05 CC:19 score:-5934.0 
1665030093.785627 -- INFO: Process 6 finished on working on file 28 
1665030093.785991 -- INFO: Process 6 get item 40 from queue and executing
1665030093.786157 -- INFO: starting 6, 40, /home/cc/files_to_send/FILE3
1665030094.067985 -- INFO: Throughput @90.1s:8528.48Mbps, rtt :39.25ms cwnd: 1629.0 lossRate: 3.395152265788816e-05 CC:19 score:-5851.0 
1665030094.234936 -- INFO: Process 7 finished on working on file 89 
1665030094.235471 -- INFO: Process 7 get item 59 from queue and executing
1665030094.235656 -- INFO: starting 7, 59, /home/cc/files_to_send/FILE2
1665030094.293288 -- INFO: Process 8 finished on working on file 30 
1665030094.293700 -- INFO: Process 8 get item 63 from queue and executing
1665030094.293870 -- INFO: starting 8, 63, /home/cc/files_to_send/FILE2
1665030094.444227 -- INFO: Iteration 27 Ends, Took 3.39 Seconds. Best Params: [18] and Score: -6102.333333333333.
1665030094.444420 -- INFO: Iteration 28 Starts ...
1665030094.444707 -- INFO: Changing concurrency to 17 ******
1665030094.445965 -- INFO: Process Status Bits from change concurrency are: 1 1 1 1 1 1 1 1 1 1 1 1 1 1 1 1 1 0 0 0 0 0 0 0 0 0 0 0 0 0 0 0
1665030094.446834 -- INFO: Active CC: 17
1665030095.069346 -- INFO: Throughput @91.1s:8441.86Mbps, rtt :34.9ms cwnd: 1599.6 lossRate: 6.04831393168631e-06 CC:17 score:-6028.0 
1665030096.070317 -- INFO: Throughput @92.1s:8438.94Mbps, rtt :34.19ms cwnd: 1402.9 lossRate: 0.00013193029133231728 CC:17 score:-6016.0 
1665030096.939939 -- INFO: Process 14 finished on working on file 90 
1665030096.940366 -- INFO: Process 14 get item 60 from queue and executing
1665030096.940588 -- INFO: starting 14, 60, /home/cc/files_to_send/FILE3
1665030097.071923 -- INFO: Throughput @93.1s:7840.62Mbps, rtt :35.16ms cwnd: 1430.6 lossRate: 5.024397885024043e-05 CC:17 score:-5596.0 
1665030097.885204 -- INFO: Iteration 28 Ends, Took 3.44 Seconds. Best Params: [18] and Score: -6102.333333333333.
1665030097.885394 -- INFO: Iteration 29 Starts ...
1665030097.885737 -- INFO: Changing concurrency to 19 ******
1665030097.886624 -- INFO: Start Process :: 17
1665030097.886709 -- INFO: Process Status Bits from change concurrency are: 1 1 1 1 1 1 1 1 1 1 1 1 1 1 1 1 1 1 1 0 0 0 0 0 0 0 0 0 0 0 0 0
1665030097.886873 -- INFO: Start Process :: 18
1665030097.887688 -- INFO: Active CC: 19
1665030097.921727 -- INFO: Process 17 get item 57 from queue and executing
1665030097.921910 -- INFO: starting 17, 57, /home/cc/files_to_send/FILE1
1665030097.922241 -- INFO: Process 18 get item 69 from queue and executing
1665030097.922566 -- INFO: starting 18, 69, /home/cc/files_to_send/FILE1
1665030098.072877 -- INFO: Throughput @94.1s:8162.12Mbps, rtt :34.76ms cwnd: 1361.7 lossRate: 0.0 CC:19 score:-5603.0 
1665030098.139170 -- INFO: Process 3 finished on working on file 17 
1665030098.139626 -- INFO: Process 3 get item 64 from queue and executing
1665030098.139812 -- INFO: starting 3, 64, /home/cc/files_to_send/FILE3
1665030098.190496 -- INFO: Process 10 finished on working on file 22 
1665030098.190939 -- INFO: Process 10 get item 62 from queue and executing
1665030098.191077 -- INFO: starting 10, 62, /home/cc/files_to_send/FILE0
1665030099.074162 -- INFO: Throughput @95.1s:8366.37Mbps, rtt :39.68ms cwnd: 1431.7 lossRate: 0.0 CC:19 score:-5743.0 
1665030099.149220 -- INFO: Process 6 finished on working on file 40 
1665030099.149553 -- INFO: Process 6 get item 68 from queue and executing
1665030099.149694 -- INFO: starting 6, 68, /home/cc/files_to_send/FILE3
1665030099.500120 -- INFO: Process 4 finished on working on file 15 
1665030099.500664 -- INFO: Process 4 get item 70 from queue and executing
1665030099.500864 -- INFO: starting 4, 70, /home/cc/files_to_send/FILE0
1665030100.074841 -- INFO: Throughput @96.1s:8475.42Mbps, rtt :37.59ms cwnd: 1487.7 lossRate: 0.0 CC:19 score:-5818.0 
1665030100.772013 -- INFO: Process 0 finished on working on file 119 
1665030100.772491 -- INFO: Process 0 get item 66 from queue and executing
1665030100.772638 -- INFO: starting 0, 66, /home/cc/files_to_send/FILE0
1665030100.821139 -- INFO: Process 9 finished on working on file 19 
1665030100.821571 -- INFO: Process 9 get item 67 from queue and executing
1665030100.821749 -- INFO: starting 9, 67, /home/cc/files_to_send/FILE2
1665030101.076215 -- INFO: Throughput @97.1s:8609.64Mbps, rtt :34.5ms cwnd: 1347.0 lossRate: 8.920992446893061e-05 CC:19 score:-5902.0 
1665030101.266498 -- INFO: Iteration 29 Ends, Took 3.38 Seconds. Best Params: [18] and Score: -6102.333333333333.
1665030101.266685 -- INFO: Iteration 30 Starts ...
1665030101.266980 -- INFO: Changing concurrency to 14 ******
1665030101.268215 -- INFO: Process Status Bits from change concurrency are: 1 1 1 1 1 1 1 1 1 1 1 1 1 1 0 0 0 0 0 0 0 0 0 0 0 0 0 0 0 0 0 0
1665030101.269167 -- INFO: Active CC: 14
1665030102.076832 -- INFO: Throughput @98.2s:6573.62Mbps, rtt :34.37ms cwnd: 1500.7 lossRate: 0 CC:14 score:-4982.0 
1665030102.283926 -- INFO: Process 2 finished on working on file 126 
1665030102.284309 -- INFO: Process 2 get item 52 from queue and executing
1665030102.284456 -- INFO: starting 2, 52, /home/cc/files_to_send/FILE3
1665030102.597613 -- INFO: Process 1 finished on working on file 21 
1665030102.597984 -- INFO: Process 1 get item 58 from queue and executing
1665030102.598187 -- INFO: starting 1, 58, /home/cc/files_to_send/FILE0
1665030102.659515 -- INFO: Process 12 finished on working on file 127 
1665030102.659963 -- INFO: Process 12 get item 61 from queue and executing
1665030102.660112 -- INFO: starting 12, 61, /home/cc/files_to_send/FILE1
1665030103.078166 -- INFO: Throughput @99.2s:7122.12Mbps, rtt :34.83ms cwnd: 1559.9 lossRate: 0.0 CC:14 score:-5398.0 
1665030104.078534 -- INFO: Throughput @100.2s:7272.92Mbps, rtt :35.61ms cwnd: 1586.9 lossRate: 0.0 CC:14 score:-5512.0 
1665030104.653824 -- INFO: Iteration 30 Ends, Took 3.39 Seconds. Best Params: [18] and Score: -6102.333333333333.
1665030104.654002 -- INFO: Iteration 31 Starts ...
1665030104.654344 -- INFO: Changing concurrency to 21 ******
1665030104.655166 -- INFO: Start Process :: 14
1665030104.655394 -- INFO: Start Process :: 15
1665030104.655505 -- INFO: Process Status Bits from change concurrency are: 1 1 1 1 1 1 1 1 1 1 1 1 1 1 1 1 1 1 1 1 1 0 0 0 0 0 0 0 0 0 0 0
1665030104.655549 -- INFO: Start Process :: 17
1665030104.655679 -- INFO: Start Process :: 16
1665030104.655747 -- INFO: Start Process :: 20
1665030104.655985 -- INFO: Start Process :: 18
1665030104.656412 -- INFO: Active CC: 21
1665030104.658790 -- INFO: Start Process :: 19
1665030104.689719 -- INFO: Process 15 get item 65 from queue and executing
1665030104.690094 -- INFO: starting 15, 65, /home/cc/files_to_send/FILE1
1665030104.690237 -- INFO: Process 14 get item 42 from queue and executing
1665030104.690298 -- INFO: Process 20 get item 49 from queue and executing
1665030104.690401 -- INFO: Process 16 get item 73 from queue and executing
1665030104.690409 -- INFO: starting 14, 42, /home/cc/files_to_send/FILE0
1665030104.690446 -- INFO: starting 20, 49, /home/cc/files_to_send/FILE1
1665030104.690495 -- INFO: Process 17 get item 51 from queue and executing
1665030104.690550 -- INFO: starting 16, 73, /home/cc/files_to_send/FILE1
1665030104.690682 -- INFO: starting 17, 51, /home/cc/files_to_send/FILE2
1665030104.690959 -- INFO: Process 18 get item 53 from queue and executing
1665030104.691388 -- INFO: starting 18, 53, /home/cc/files_to_send/FILE1
1665030104.696633 -- INFO: Process 19 get item 74 from queue and executing
1665030104.697302 -- INFO: starting 19, 74, /home/cc/files_to_send/FILE0
1665030104.886731 -- INFO: Process 11 finished on working on file 125 
1665030104.887356 -- INFO: Process 11 get item 56 from queue and executing
1665030104.887719 -- INFO: starting 11, 56, /home/cc/files_to_send/FILE3
1665030105.014291 -- INFO: Process 8 finished on working on file 63 
1665030105.014874 -- INFO: Process 8 get item 76 from queue and executing
1665030105.015086 -- INFO: starting 8, 76, /home/cc/files_to_send/FILE3
1665030105.079068 -- INFO: Throughput @101.2s:7493.95Mbps, rtt :34.79ms cwnd: 1147.0 lossRate: 1.3980669394450606e-05 CC:21 score:-4943.0 
1665030105.507854 -- INFO: Process 5 finished on working on file 20 
1665030105.508494 -- INFO: Process 5 get item 50 from queue and executing
1665030105.508810 -- INFO: starting 5, 50, /home/cc/files_to_send/FILE0
1665030106.082721 -- INFO: Throughput @102.2s:8117.44Mbps, rtt :34.67ms cwnd: 1262.5 lossRate: 2.85225734777146e-06 CC:21 score:-5355.0 
1665030107.068959 -- INFO: Process 20 finished on working on file 49 
1665030107.069608 -- INFO: Process 20 get item 71 from queue and executing
1665030107.069852 -- INFO: starting 20, 71, /home/cc/files_to_send/FILE2
1665030107.083225 -- INFO: Throughput @103.2s:8629.15Mbps, rtt :38.6ms cwnd: 1449.7 lossRate: 0.0 CC:21 score:-5693.0 
1665030107.710861 -- INFO: Process 5 finished on working on file 50 
1665030107.711552 -- INFO: Process 5 get item 75 from queue and executing
1665030107.711810 -- INFO: starting 5, 75, /home/cc/files_to_send/FILE2
1665030108.029219 -- INFO: Iteration 31 Ends, Took 3.38 Seconds. Best Params: [18] and Score: -6102.333333333333.
1665030108.029387 -- INFO: Iteration 32 Starts ...
1665030108.029723 -- INFO: Changing concurrency to 14 ******
1665030108.030564 -- INFO: Process Status Bits from change concurrency are: 1 1 1 1 1 1 1 1 1 1 1 1 1 1 0 0 0 0 0 0 0 0 0 0 0 0 0 0 0 0 0 0
1665030108.031552 -- INFO: Active CC: 14
1665030108.082361 -- INFO: Throughput @104.2s:8629.15Mbps, rtt :37.85ms cwnd: 1381.1 lossRate: 0.0 CC:14 score:-6540.0 
1665030108.356210 -- INFO: Process 7 finished on working on file 59 
1665030108.356607 -- INFO: Process 7 get item 55 from queue and executing
1665030108.356777 -- INFO: starting 7, 55, /home/cc/files_to_send/FILE2
1665030108.488203 -- INFO: Process 10 finished on working on file 62 
1665030108.488655 -- INFO: Process 10 get item 43 from queue and executing
1665030108.488806 -- INFO: starting 10, 43, /home/cc/files_to_send/FILE2
1665030109.083620 -- INFO: Throughput @105.2s:7569.45Mbps, rtt :34.19ms cwnd: 1649.1 lossRate: 0 CC:14 score:-5737.0 
1665030109.800471 -- INFO: Process 2 finished on working on file 52 
1665030109.800925 -- INFO: Process 2 get item 48 from queue and executing
1665030109.801102 -- INFO: starting 2, 48, /home/cc/files_to_send/FILE3
1665030110.069012 -- INFO: Process 6 finished on working on file 68 
1665030110.069497 -- INFO: Process 6 get item 54 from queue and executing
1665030110.069693 -- INFO: starting 6, 54, /home/cc/files_to_send/FILE0
1665030110.084683 -- INFO: Throughput @106.2s:7619.78Mbps, rtt :34.39ms cwnd: 1659.6 lossRate: 0.0 CC:14 score:-5775.0 
1665030110.735693 -- INFO: Process 3 finished on working on file 64 
1665030110.736105 -- INFO: Process 3 get item 72 from queue and executing
1665030110.736259 -- INFO: starting 3, 72, /home/cc/files_to_send/FILE3
1665030110.855433 -- INFO: Process 13 finished on working on file 18 
1665030110.855783 -- INFO: Process 13 get item 88 from queue and executing
1665030110.855966 -- INFO: starting 13, 88, /home/cc/files_to_send/FILE3
1665030111.085804 -- INFO: Throughput @107.2s:7619.78Mbps, rtt :34.34ms cwnd: 1672.3 lossRate: 0.0 CC:14 score:-5775.0 
1665030111.410490 -- INFO: Iteration 32 Ends, Took 3.38 Seconds. Best Params: [18] and Score: -6102.333333333333.
1665030111.410666 -- INFO: Iteration 33 Starts ...
1665030111.411018 -- INFO: Changing concurrency to 15 ******
1665030111.411960 -- INFO: Start Process :: 14
1665030111.412368 -- INFO: Process Status Bits from change concurrency are: 1 1 1 1 1 1 1 1 1 1 1 1 1 1 1 0 0 0 0 0 0 0 0 0 0 0 0 0 0 0 0 0
1665030111.413790 -- INFO: Active CC: 15
1665030111.446123 -- INFO: Process 14 get item 86 from queue and executing
1665030111.446311 -- INFO: starting 14, 86, /home/cc/files_to_send/FILE0
1665030112.086771 -- INFO: Throughput @108.2s:7725.91Mbps, rtt :36.64ms cwnd: 1589.6 lossRate: 2.9993641348034215e-06 CC:15 score:-5740.0 
1665030112.489943 -- INFO: Process 10 finished on working on file 43 
1665030112.490409 -- INFO: Process 10 get item 103 from queue and executing
1665030112.490586 -- INFO: starting 10, 103, /home/cc/files_to_send/FILE2
1665030112.510107 -- INFO: Process 4 finished on working on file 70 
1665030112.510615 -- INFO: Process 4 get item 98 from queue and executing
1665030112.510782 -- INFO: starting 4, 98, /home/cc/files_to_send/FILE0
1665030113.088012 -- INFO: Throughput @109.2s:7863.05Mbps, rtt :34.46ms cwnd: 1611.4 lossRate: 0.0 CC:15 score:-5842.0 
1665030113.832268 -- INFO: Process 2 finished on working on file 48 
1665030113.832698 -- INFO: Process 2 get item 97 from queue and executing
1665030113.832858 -- INFO: starting 2, 97, /home/cc/files_to_send/FILE1
1665030114.088760 -- INFO: Throughput @110.2s:7983.22Mbps, rtt :35.12ms cwnd: 1641.7 lossRate: 0.0 CC:15 score:-5932.0 
1665030114.798559 -- INFO: Iteration 33 Ends, Took 3.39 Seconds. Best Params: [18] and Score: -6102.333333333333.
1665030114.798925 -- INFO: Iteration 34 Starts ...
1665030114.799301 -- INFO: Changing concurrency to 15 ******
1665030114.800926 -- INFO: Process Status Bits from change concurrency are: 1 1 1 1 1 1 1 1 1 1 1 1 1 1 1 0 0 0 0 0 0 0 0 0 0 0 0 0 0 0 0 0
1665030114.802004 -- INFO: Active CC: 15
1665030115.090136 -- INFO: Throughput @111.2s:8036.29Mbps, rtt :34.38ms cwnd: 1678.6 lossRate: 0.0 CC:15 score:-5971.0 
1665030115.397312 -- INFO: Process 11 finished on working on file 56 
1665030115.398105 -- INFO: Process 11 get item 94 from queue and executing
1665030115.398388 -- INFO: starting 11, 94, /home/cc/files_to_send/FILE0
1665030115.569308 -- INFO: Process 8 finished on working on file 76 
1665030115.569831 -- INFO: Process 8 get item 92 from queue and executing
1665030115.570027 -- INFO: starting 8, 92, /home/cc/files_to_send/FILE3
1665030115.953582 -- INFO: Process 7 finished on working on file 55 
1665030115.954074 -- INFO: Process 7 get item 87 from queue and executing
1665030115.954275 -- INFO: starting 7, 87, /home/cc/files_to_send/FILE2
1665030116.090424 -- INFO: Throughput @112.2s:8103.59Mbps, rtt :34.97ms cwnd: 1719.3 lossRate: 0.0 CC:15 score:-6021.0 
1665030116.142416 -- INFO: Process 1 finished on working on file 58 
1665030116.142790 -- INFO: Process 1 get item 101 from queue and executing
1665030116.142922 -- INFO: starting 1, 101, /home/cc/files_to_send/FILE1
1665030117.054931 -- INFO: Process 12 finished on working on file 61 
1665030117.055340 -- INFO: Process 12 get item 104 from queue and executing
1665030117.055527 -- INFO: starting 12, 104, /home/cc/files_to_send/FILE3
1665030117.092594 -- INFO: Throughput @113.2s:8215.37Mbps, rtt :35.75ms cwnd: 1769.9 lossRate: 0.0 CC:15 score:-6104.0 
1665030117.716386 -- INFO: Process 9 finished on working on file 67 
1665030117.716900 -- INFO: Process 9 get item 115 from queue and executing
1665030117.717082 -- INFO: starting 9, 115, /home/cc/files_to_send/FILE2
1665030118.092568 -- INFO: Throughput @114.2s:8419.43Mbps, rtt :35.09ms cwnd: 1829.7 lossRate: 0.0 CC:15 score:-6256.0 
1665030118.181241 -- INFO: Iteration 34 Ends, Took 3.38 Seconds. Best Params: [18] and Score: -6102.333333333333.
1665030118.181412 -- INFO: Iteration 35 Starts ...
1665030118.181682 -- INFO: Changing concurrency to 13 ******
1665030118.182965 -- INFO: Process Status Bits from change concurrency are: 1 1 1 1 1 1 1 1 1 1 1 1 1 0 0 0 0 0 0 0 0 0 0 0 0 0 0 0 0 0 0 0
1665030118.184086 -- INFO: Active CC: 13
1665030118.242403 -- INFO: Process 6 finished on working on file 54 
1665030118.242976 -- INFO: Process 6 get item 120 from queue and executing
1665030118.243184 -- INFO: starting 6, 120, /home/cc/files_to_send/FILE3
1665030118.301083 -- INFO: Process 5 finished on working on file 75 
1665030118.301487 -- INFO: Process 5 get item 112 from queue and executing
1665030118.301672 -- INFO: starting 5, 112, /home/cc/files_to_send/FILE3
1665030119.093905 -- INFO: Throughput @115.2s:8341.2Mbps, rtt :36.74ms cwnd: 2052.5 lossRate: 0 CC:13 score:-6448.0 
1665030120.095245 -- INFO: Throughput @116.2s:8388.61Mbps, rtt :34.94ms cwnd: 2081.8 lossRate: 0.0 CC:13 score:-6485.0 
1665030121.096308 -- INFO: Throughput @117.2s:8254.39Mbps, rtt :35.64ms cwnd: 2109.9 lossRate: 0.0 CC:13 score:-6381.0 
1665030121.571179 -- INFO: Process 3 finished on working on file 72 
1665030121.571678 -- INFO: Process 3 get item 13 from queue and executing
1665030121.571888 -- INFO: starting 3, 13, /home/cc/files_to_send/FILE1
1665030121.573093 -- INFO: Iteration 35 Ends, Took 3.39 Seconds. Best Params: [13] and Score: -6438.0.
1665030121.573261 -- INFO: Iteration 36 Starts ...
1665030121.573453 -- INFO: Changing concurrency to 11 ******
1665030121.574960 -- INFO: Process Status Bits from change concurrency are: 1 1 1 1 1 1 1 1 1 1 1 0 0 0 0 0 0 0 0 0 0 0 0 0 0 0 0 0 0 0 0 0
1665030121.576137 -- INFO: Active CC: 11
1665030122.096785 -- INFO: Throughput @118.2s:8075.5Mbps, rtt :34.72ms cwnd: 2131.9 lossRate: 0 CC:11 score:-6495.0 
1665030122.841388 -- INFO: Process 0 finished on working on file 66 
1665030122.841859 -- INFO: Process 0 get item 12 from queue and executing
1665030122.842011 -- INFO: starting 0, 12, /home/cc/files_to_send/FILE3
1665030123.098084 -- INFO: Throughput @119.2s:7647.68Mbps, rtt :34.62ms cwnd: 2160.2 lossRate: 0.0 CC:11 score:-6151.0 
1665030123.108667 -- INFO: Process 5 finished on working on file 112 
1665030123.109073 -- INFO: Process 5 get item 29 from queue and executing
1665030123.109222 -- INFO: starting 5, 29, /home/cc/files_to_send/FILE1
1665030123.317305 -- INFO: Process 10 finished on working on file 103 
1665030123.317738 -- INFO: Process 10 get item 16 from queue and executing
1665030123.317932 -- INFO: starting 10, 16, /home/cc/files_to_send/FILE3
1665030123.480871 -- INFO: Process 4 finished on working on file 98 
1665030123.481404 -- INFO: Process 4 get item 57 from queue and executing
1665030123.481599 -- INFO: starting 4, 57, /home/cc/files_to_send/FILE1
1665030124.098586 -- INFO: Throughput @120.2s:7541.55Mbps, rtt :36.86ms cwnd: 2169.1 lossRate: 0.0 CC:11 score:-6065.0 
1665030124.260115 -- INFO: Process 10 finished on working on file 16 
1665030124.260539 -- INFO: Process 10 get item 60 from queue and executing
1665030124.260689 -- INFO: starting 10, 60, /home/cc/files_to_send/FILE3
1665030124.683304 -- INFO: Process 2 finished on working on file 97 
1665030124.683803 -- INFO: Process 2 get item 69 from queue and executing
1665030124.684052 -- INFO: starting 2, 69, /home/cc/files_to_send/FILE1
1665030124.964889 -- INFO: Iteration 36 Ends, Took 3.39 Seconds. Best Params: [13] and Score: -6438.0.
1665030124.965056 -- INFO: Iteration 37 Starts ...
1665030124.965389 -- INFO: Changing concurrency to 11 ******
1665030124.967162 -- INFO: Process Status Bits from change concurrency are: 1 1 1 1 1 1 1 1 1 1 1 0 0 0 0 0 0 0 0 0 0 0 0 0 0 0 0 0 0 0 0 0
1665030124.968408 -- INFO: Active CC: 11
1665030125.099152 -- INFO: Throughput @121.2s:7686.89Mbps, rtt :36.29ms cwnd: 2178.0 lossRate: 0.0 CC:11 score:-6182.0 
1665030125.613260 -- INFO: Process 5 finished on working on file 29 
1665030125.613611 -- INFO: Process 5 get item 71 from queue and executing
1665030125.613754 -- INFO: starting 5, 71, /home/cc/files_to_send/FILE2
1665030126.100512 -- INFO: Throughput @122.2s:7656.07Mbps, rtt :39.95ms cwnd: 2119.5 lossRate: 4.5475284940556224e-05 CC:11 score:-6154.0 
1665030126.328777 -- INFO: Process 1 finished on working on file 101 
1665030126.329192 -- INFO: Process 1 get item 51 from queue and executing
1665030126.329329 -- INFO: starting 1, 51, /home/cc/files_to_send/FILE2
1665030126.492090 -- INFO: Process 8 finished on working on file 92 
1665030126.492486 -- INFO: Process 8 get item 42 from queue and executing
1665030126.492635 -- INFO: starting 8, 42, /home/cc/files_to_send/FILE0
1665030127.088444 -- INFO: Process 6 finished on working on file 120 
1665030127.088967 -- INFO: Process 6 get item 53 from queue and executing
1665030127.089182 -- INFO: starting 6, 53, /home/cc/files_to_send/FILE1
1665030127.101082 -- INFO: Throughput @123.2s:6685.91Mbps, rtt :34.18ms cwnd: 1899.5 lossRate: 0.00017025179893609998 CC:11 score:-5366.0 
1665030127.610291 -- INFO: Process 9 finished on working on file 115 
1665030127.610846 -- INFO: Process 9 get item 65 from queue and executing
1665030127.611041 -- INFO: starting 9, 65, /home/cc/files_to_send/FILE1
1665030127.982773 -- INFO: Process 8 finished on working on file 42 
1665030127.983146 -- INFO: Process 8 get item 74 from queue and executing
1665030127.983304 -- INFO: starting 8, 74, /home/cc/files_to_send/FILE0
1665030128.102638 -- INFO: Throughput @124.2s:6948.69Mbps, rtt :34.59ms cwnd: 1969.5 lossRate: 0.0 CC:11 score:-5589.0 
1665030128.366509 -- INFO: Iteration 37 Ends, Took 3.4 Seconds. Best Params: [13] and Score: -6438.0.
1665030128.366711 -- INFO: Iteration 38 Starts ...
1665030128.367029 -- INFO: Changing concurrency to 10 ******
1665030128.368617 -- INFO: Process Status Bits from change concurrency are: 1 1 1 1 1 1 1 1 1 1 0 0 0 0 0 0 0 0 0 0 0 0 0 0 0 0 0 0 0 0 0 0
1665030128.370092 -- INFO: Active CC: 10
1665030128.495897 -- INFO: Process 7 finished on working on file 87 
1665030128.496323 -- INFO: Process 7 get item 73 from queue and executing
1665030128.496475 -- INFO: starting 7, 73, /home/cc/files_to_send/FILE1
1665030129.104509 -- INFO: Throughput @125.2s:6716.54Mbps, rtt :35.42ms cwnd: 2039.5 lossRate: 0 CC:10 score:-5510.0 
1665030129.724178 -- INFO: Process 3 finished on working on file 13 
1665030129.724635 -- INFO: Process 3 get item 86 from queue and executing
1665030129.724801 -- INFO: starting 3, 86, /home/cc/files_to_send/FILE0
1665030129.787700 -- INFO: Process 6 finished on working on file 53 
1665030129.788159 -- INFO: Process 6 get item 88 from queue and executing
1665030129.788325 -- INFO: starting 6, 88, /home/cc/files_to_send/FILE3
1665030129.975377 -- INFO: Process 1 finished on working on file 51 
1665030129.975817 -- INFO: Process 1 get item 94 from queue and executing
1665030129.975980 -- INFO: starting 1, 94, /home/cc/files_to_send/FILE0
1665030130.104202 -- INFO: Throughput @126.2s:6702.69Mbps, rtt :34.8ms cwnd: 2081.3 lossRate: 0.0 CC:10 score:-5499.0 
1665030131.106203 -- INFO: Throughput @127.2s:6668.94Mbps, rtt :34.64ms cwnd: 1861.2 lossRate: 0.00011468328300011469 CC:10 score:-5463.0 
1665030131.831152 -- INFO: Iteration 38 Ends, Took 3.46 Seconds. Best Params: [13] and Score: -6438.0.
1665030131.831344 -- INFO: Iteration 39 Starts ...
1665030131.831619 -- INFO: Changing concurrency to 12 ******
1665030131.832542 -- INFO: Start Process :: 10
1665030131.833068 -- INFO: Process Status Bits from change concurrency are: 1 1 1 1 1 1 1 1 1 1 1 1 0 0 0 0 0 0 0 0 0 0 0 0 0 0 0 0 0 0 0 0
1665030131.832952 -- INFO: Start Process :: 11
1665030131.834471 -- INFO: Active CC: 12
1665030131.867676 -- INFO: Process 10 get item 104 from queue and executing
1665030131.867850 -- INFO: starting 10, 104, /home/cc/files_to_send/FILE3
1665030131.867946 -- INFO: Process 11 get item 60 from queue and executing
1665030131.868292 -- INFO: starting 11, 60, /home/cc/files_to_send/FILE3
1665030132.106687 -- INFO: Throughput @128.2s:6350.18Mbps, rtt :34.37ms cwnd: 1709.2 lossRate: 0.0 CC:12 score:-5007.0 
1665030133.066898 -- INFO: Process 5 finished on working on file 71 
1665030133.107586 -- INFO: Throughput @129.2s:7555.4Mbps, rtt :34.7ms cwnd: 1993.0 lossRate: 0 CC:12 score:-5957.0 
1665030133.436699 -- INFO: Process 0 finished on working on file 12 
1665030133.729530 -- INFO: Process 4 finished on working on file 57 
1665030134.108777 -- INFO: Throughput @130.2s:6411.82Mbps, rtt :35.1ms cwnd: 2026.2 lossRate: 0 CC:12 score:-5056.0 
1665030135.109834 -- INFO: Throughput @131.2s:5989.47Mbps, rtt :34.74ms cwnd: 2046.3 lossRate: 0.0 CC:12 score:-4723.0 
1665030135.178725 -- INFO: Iteration 39 Ends, Took 3.35 Seconds. Best Params: [13] and Score: -6438.0.
1665030135.178911 -- INFO: Iteration 40 Starts ...
1665030135.179190 -- INFO: Changing concurrency to 32 ******
1665030135.180616 -- INFO: Process Status Bits from change concurrency are: 1 1 1 1 1 1 1 1 1 1 1 1 1 1 1 1 1 1 1 1 1 1 1 1 1 1 1 1 1 1 1 1
1665030135.180749 -- INFO: Active CC: 32
1665030135.189123 -- INFO: Process 2 finished on working on file 69 
1665030136.111519 -- INFO: Throughput @132.2s:5407.92Mbps, rtt :34.61ms cwnd: 2045.6 lossRate: 0 CC:32 score:-2870.0 
1665030136.376199 -- INFO: Process 1 finished on working on file 94 
1665030136.537030 -- INFO: Process 8 finished on working on file 74 
1665030136.644210 -- INFO: Process 6 finished on working on file 88 
1665030137.116505 -- INFO: Throughput @133.2s:4228.05Mbps, rtt :34.71ms cwnd: 2074.4 lossRate: 0 CC:32 score:-2244.0 
1665030137.318440 -- INFO: Process 11 finished on working on file 60 
1665030137.709423 -- INFO: Process 10 finished on working on file 104 
1665030138.118332 -- INFO: Throughput @134.2s:2578.23Mbps, rtt :34.54ms cwnd: 2013.7 lossRate: 0 CC:32 score:-1368.0 
1665030138.150418 -- INFO: Process 9 finished on working on file 65 
1665030138.550565 -- INFO: Iteration 40 Ends, Took 3.37 Seconds. Best Params: [13] and Score: -6438.0.
1665030138.550743 -- INFO: Iteration 41 Starts ...
1665030138.551035 -- INFO: Changing concurrency to 23 ******
1665030138.551185 -- INFO: Process Status Bits from change concurrency are: 1 1 1 1 1 1 1 1 1 1 1 1 1 1 1 1 1 1 1 1 1 1 1 0 0 0 0 0 0 0 0 0
1665030138.551408 -- INFO: Active CC: 23
1665030139.040651 -- INFO: Process 3 finished on working on file 86 
1665030139.117363 -- INFO: Throughput @135.2s:1261.22Mbps, rtt :34.12ms cwnd: 1734.0 lossRate: 0 CC:23 score:-800.0 
1665030140.119255 -- INFO: Throughput @136.2s:578.81Mbps, rtt :34.42ms cwnd: 1734.0 lossRate: 0.0 CC:23 score:-367.0 
1665030140.891270 -- INFO: Process 7 finished on working on file 73 
1665030140.891300 -- INFO: Process 24 shutdown itself from outest loop
1665030140.891316 -- INFO: Process 28 shutdown itself from outest loop
1665030140.891364 -- INFO: Process 26 shutdown itself from outest loop
1665030140.891481 -- INFO: Process Status Bits are: 1 1 1 1 1 1 1 1 1 1 1 0 1 1 1 1 1 1 0 0 1 1 1 0 0 0 0 0 0 0 0 0
1665030140.891384 -- INFO: Process 27 shutdown itself from outest loop
1665030140.891475 -- INFO: Process 18 shutdown itself from outest loop
1665030140.891551 -- INFO: Process Status Bits are: 1 1 1 1 1 1 1 1 1 1 1 0 1 1 1 1 1 1 0 0 1 1 1 0 0 0 0 0 0 0 0 0
1665030140.891579 -- INFO: Process Status Bits are: 1 1 1 0 1 1 1 1 1 1 1 0 1 1 1 1 1 1 0 0 1 1 1 0 0 0 0 0 0 0 0 0
1665030140.891416 -- INFO: Process 11 shutdown itself from outest loop
1665030140.891431 -- INFO: Process 19 shutdown itself from outest loop
1665030140.891453 -- INFO: Process 23 shutdown itself from outest loop
1665030140.891680 -- INFO: Process Status Bits are: 1 1 0 0 1 1 1 1 1 1 0 0 0 1 1 1 1 1 0 0 1 1 1 0 0 0 0 0 0 0 0 0
1665030140.891683 -- INFO: Process Status Bits are: 1 1 0 0 1 1 1 1 1 1 0 0 0 1 1 1 1 1 0 0 1 1 1 0 0 0 0 0 0 0 0 0
1665030140.891620 -- INFO: Process 3 shutdown itself from outest loop
1665030140.891646 -- INFO: Process 10 shutdown itself from outest loop
1665030140.891543 -- INFO: Process 29 shutdown itself from outest loop
1665030140.891663 -- INFO: Process 2 shutdown itself from outest loop
1665030140.891727 -- INFO: Process 6 shutdown itself from outest loop
1665030140.891694 -- INFO: Process 12 shutdown itself from outest loop
1665030140.891833 -- INFO: Process Status Bits are: 1 1 0 0 1 1 0 1 1 1 0 0 0 1 1 1 1 1 0 0 1 1 1 0 0 0 0 0 0 0 0 0
1665030140.891518 -- INFO: Process 25 shutdown itself from outest loop
1665030140.891879 -- INFO: Process Status Bits are: 1 1 0 0 1 1 0 1 1 1 0 0 0 1 1 1 1 1 0 0 1 1 1 0 0 0 0 0 0 0 0 0
1665030140.891875 -- INFO: Process Status Bits are: 1 1 0 0 1 1 0 1 1 1 0 0 0 1 1 1 1 1 0 0 1 1 1 0 0 0 0 0 0 0 0 0
1665030140.891975 -- INFO: Process Status Bits are: 1 1 0 0 1 1 0 1 1 1 0 0 0 1 1 1 1 1 0 0 1 1 1 0 0 0 0 0 0 0 0 0
1665030140.891990 -- INFO: Process Status Bits are: 1 1 0 0 1 1 0 1 1 1 0 0 0 1 1 1 1 1 0 0 1 1 1 0 0 0 0 0 0 0 0 0
1665030140.891979 -- INFO: Process Status Bits are: 1 1 0 0 1 1 0 1 1 1 0 0 0 1 1 1 1 1 0 0 1 1 1 0 0 0 0 0 0 0 0 0
1665030140.891989 -- INFO: Process Status Bits are: 1 1 0 0 1 1 0 1 1 1 0 0 0 1 1 1 1 1 0 0 1 1 1 0 0 0 0 0 0 0 0 0
1665030140.892009 -- INFO: Process Status Bits are: 1 1 0 0 1 1 0 1 1 1 0 0 0 1 1 1 1 1 0 0 1 1 1 0 0 0 0 0 0 0 0 0
1665030140.892026 -- INFO: Process Status Bits are: 1 1 0 0 1 1 0 1 1 1 0 0 0 1 1 1 1 1 0 0 1 1 1 0 0 0 0 0 0 0 0 0
1665030140.892085 -- INFO: Process Status Bits are: 1 1 0 0 1 1 0 1 1 1 0 0 0 1 1 1 0 1 0 0 1 1 1 0 0 0 0 0 0 0 0 0
1665030140.892101 -- INFO: Process 20 shutdown itself from outest loop
1665030140.892085 -- INFO: Process 16 shutdown itself from outest loop
1665030140.892166 -- INFO: Process 14 shutdown itself from outest loop
1665030140.892225 -- INFO: Process Status Bits are: 1 1 0 0 1 1 0 1 1 1 0 0 0 1 0 1 0 1 0 0 0 1 1 0 0 0 0 0 0 0 0 0
1665030140.892296 -- INFO: Process Status Bits are: 1 1 0 0 1 1 0 1 1 1 0 0 0 1 0 1 0 1 0 0 0 1 0 0 0 0 0 0 0 0 0 0
1665030140.892294 -- INFO: Process Status Bits are: 1 1 0 0 1 1 0 1 1 1 0 0 0 1 0 1 0 1 0 0 0 1 0 0 0 0 0 0 0 0 0 0
1665030140.892399 -- INFO: Process 13 shutdown itself from outest loop
1665030140.892548 -- INFO: Process Status Bits are: 1 1 0 0 0 1 0 1 1 1 0 0 0 0 0 1 0 1 0 0 0 1 0 0 0 0 0 0 0 0 0 0
1665030140.892545 -- INFO: Process 4 shutdown itself from outest loop
1665030140.892625 -- INFO: Process 17 shutdown itself from outest loop
1665030140.892740 -- INFO: Process Status Bits are: 1 1 0 0 0 1 0 1 1 0 0 0 0 0 0 1 0 0 0 0 0 1 0 0 0 0 0 0 0 0 0 0
1665030140.892756 -- INFO: Process 9 shutdown itself from outest loop
1665030140.892839 -- INFO: Process Status Bits are: 1 1 0 0 0 1 0 1 1 0 0 0 0 0 0 1 0 0 0 0 0 1 0 0 0 0 0 0 0 0 0 0
1665030140.892083 -- INFO: Process 30 shutdown itself from outest loop
1665030140.892975 -- INFO: Process Status Bits are: 0 1 0 0 0 1 0 1 1 0 0 0 0 0 0 1 0 0 0 0 0 1 0 0 0 0 0 0 0 0 0 0
1665030140.892931 -- INFO: Process 0 shutdown itself from outest loop
1665030140.893017 -- INFO: Process 5 shutdown itself from outest loop
1665030140.893060 -- INFO: Process 8 shutdown itself from outest loop
1665030140.893187 -- INFO: Process Status Bits are: 0 1 0 0 0 0 0 1 0 0 0 0 0 0 0 1 0 0 0 0 0 1 0 0 0 0 0 0 0 0 0 0
1665030140.893170 -- INFO: Process Status Bits are: 0 1 0 0 0 0 0 1 0 0 0 0 0 0 0 1 0 0 0 0 0 1 0 0 0 0 0 0 0 0 0 0
1665030140.893219 -- INFO: Process Status Bits are: 0 1 0 0 0 0 0 1 0 0 0 0 0 0 0 1 0 0 0 0 0 1 0 0 0 0 0 0 0 0 0 0
1665030140.893244 -- INFO: Process Status Bits are: 0 1 0 0 0 0 0 1 0 0 0 0 0 0 0 1 0 0 0 0 0 1 0 0 0 0 0 0 0 0 0 0
1665030140.893320 -- INFO: Process 7 shutdown itself from outest loop
1665030140.892810 -- INFO: Process 22 shutdown itself from outest loop
1665030140.893349 -- INFO: Process 1 shutdown itself from outest loop
1665030140.893458 -- INFO: Process Status Bits are: 0 0 0 0 0 0 0 0 0 0 0 0 0 0 0 0 0 0 0 0 0 0 0 0 0 0 0 0 0 0 0 0
1665030140.893435 -- INFO: Process 21 shutdown itself from outest loop
1665030140.893558 -- INFO: Process Status Bits are: 0 0 0 0 0 0 0 0 0 0 0 0 0 0 0 0 0 0 0 0 0 0 0 0 0 0 0 0 0 0 0 0
1665030140.893584 -- INFO: Process Status Bits are: 0 0 0 0 0 0 0 0 0 0 0 0 0 0 0 0 0 0 0 0 0 0 0 0 0 0 0 0 0 0 0 0
1665030140.893646 -- INFO: Process Status Bits are: 0 0 0 0 0 0 0 0 0 0 0 0 0 0 0 0 0 0 0 0 0 0 0 0 0 0 0 0 0 0 0 0
1665030140.894165 -- INFO: Process 15 shutdown itself from outest loop
1665030140.895411 -- INFO: Process Status Bits are: 0 0 0 0 0 0 0 0 0 0 0 0 0 0 0 0 0 0 0 0 0 0 0 0 0 0 0 0 0 0 0 0
1665030140.896524 -- INFO: Process 31 shutdown itself from outest loop
1665030140.896829 -- INFO: Process Status Bits are: 0 0 0 0 0 0 0 0 0 0 0 0 0 0 0 0 0 0 0 0 0 0 0 0 0 0 0 0 0 0 0 0
1665030141.922789 -- INFO: Iteration 41 Ends, Took 3.37 Seconds. Best Params: [13] and Score: -6438.0.
1665030141.922965 -- INFO: Iteration 42 Starts ...
1665030142.432316 -- INFO: Iteration 42 Ends, Took 0.51 Seconds. Best Params: [13] and Score: -6438.0.
1665030142.432439 -- INFO: Bayseian Optimizer Exits ...
1665030142.618811 -- INFO: Throughput @0.1s:0.0Mbps, rtt :0.0ms cwnd: 0.0 lossRate: 0 CC:0 score:-0.0 
