1665027181.700980 -- INFO: Iteration 1 Starts ...
1665027181.701709 -- INFO: Changing concurrency to 14 ******
1665027181.702950 -- INFO: Process Status Bits from change concurrency are: 1 1 1 1 1 1 1 1 1 1 1 1 1 1 0 0 0 0 0 0 0 0 0 0 0 0 0 0 0 0 0 0
1665027181.702875 -- INFO: Start Process :: 0
1665027181.703240 -- INFO: Start Process :: 1
1665027181.703906 -- INFO: Active CC: 14
1665027181.703887 -- INFO: Start Process :: 2
1665027181.704090 -- INFO: Start Process :: 3
1665027181.704639 -- INFO: Start Process :: 4
1665027181.705315 -- INFO: Start Process :: 6
1665027181.705761 -- INFO: Start Process :: 5
1665027181.706072 -- INFO: Start Process :: 8
1665027181.706854 -- INFO: Start Process :: 9
1665027181.707034 -- INFO: Start Process :: 10
1665027181.707276 -- INFO: Start Process :: 7
1665027181.707353 -- INFO: Start Process :: 12
1665027181.707643 -- INFO: Start Process :: 11
1665027181.707779 -- INFO: Start Process :: 13
1665027181.737274 -- INFO: Process 0 get item 0 from queue and executing
1665027181.737472 -- INFO: starting 0, 0, /home/cc/files_to_send/FILE3
1665027181.737599 -- INFO: Process 1 get item 1 from queue and executing
1665027181.737768 -- INFO: starting 1, 1, /home/cc/files_to_send/FILE1
1665027181.738132 -- INFO: Process 2 get item 2 from queue and executing
1665027181.738304 -- INFO: starting 2, 2, /home/cc/files_to_send/FILE0
1665027181.738916 -- INFO: Process 4 get item 3 from queue and executing
1665027181.739076 -- INFO: starting 4, 3, /home/cc/files_to_send/FILE2
1665027181.739126 -- INFO: Process 3 get item 4 from queue and executing
1665027181.739331 -- INFO: starting 3, 4, /home/cc/files_to_send/FILE3
1665027181.739508 -- INFO: Process 6 get item 5 from queue and executing
1665027181.739673 -- INFO: starting 6, 5, /home/cc/files_to_send/FILE1
1665027181.740077 -- INFO: Process 5 get item 6 from queue and executing
1665027181.740237 -- INFO: starting 5, 6, /home/cc/files_to_send/FILE0
1665027181.740587 -- INFO: Process 9 get item 7 from queue and executing
1665027181.740673 -- INFO: Process 8 get item 8 from queue and executing
1665027181.740785 -- INFO: starting 9, 7, /home/cc/files_to_send/FILE2
1665027181.740853 -- INFO: starting 8, 8, /home/cc/files_to_send/FILE3
1665027181.740901 -- INFO: Process 10 get item 9 from queue and executing
1665027181.741075 -- INFO: starting 10, 9, /home/cc/files_to_send/FILE1
1665027181.741558 -- INFO: Process 7 get item 10 from queue and executing
1665027181.741636 -- INFO: Process 12 get item 11 from queue and executing
1665027181.741711 -- INFO: starting 7, 10, /home/cc/files_to_send/FILE0
1665027181.741827 -- INFO: starting 12, 11, /home/cc/files_to_send/FILE2
1665027181.742666 -- INFO: Process 11 get item 12 from queue and executing
1665027181.742766 -- INFO: Process 13 get item 13 from queue and executing
1665027181.742830 -- INFO: starting 11, 12, /home/cc/files_to_send/FILE3
1665027181.742919 -- INFO: starting 13, 13, /home/cc/files_to_send/FILE1
1665027181.753580 -- INFO: Throughput @0.1s:0.0Mbps, rtt :33.79ms cwnd: 10.0 lossRate: 0.0 CC:14 score:-0.0 
1665027182.752773 -- INFO: Throughput @1.1s:5033.16Mbps, rtt :34.65ms cwnd: 1566.4 lossRate: 4.3523178383182645e-05 CC:14 score:-3812.0 
1665027183.755109 -- INFO: Throughput @2.1s:7138.71Mbps, rtt :35.63ms cwnd: 1579.0 lossRate: 0.0 CC:14 score:-5410.0 
1665027184.753999 -- INFO: Throughput @3.1s:7214.2Mbps, rtt :34.62ms cwnd: 1589.8 lossRate: 0.0 CC:14 score:-5467.0 
1665027184.905023 -- INFO: Iteration 1 Ends, Took 3.2 Seconds. Best Params: [14] and Score: -4896.333333333333.
1665027184.905126 -- INFO: Iteration 2 Starts ...
1665027184.905435 -- INFO: Changing concurrency to 6 ******
1665027184.906596 -- INFO: Process Status Bits from change concurrency are: 1 1 1 1 1 1 0 0 0 0 0 0 0 0 0 0 0 0 0 0 0 0 0 0 0 0 0 0 0 0 0 0
1665027184.907761 -- INFO: Active CC: 6
1665027185.755701 -- INFO: Throughput @4.1s:4194.3Mbps, rtt :34.4ms cwnd: 1786.7 lossRate: 0 CC:6 score:-3724.0 
1665027186.756049 -- INFO: Throughput @5.1s:3556.77Mbps, rtt :34.65ms cwnd: 1793.5 lossRate: 0.0 CC:6 score:-3158.0 
1665027187.757329 -- INFO: Throughput @6.1s:3531.6Mbps, rtt :34.4ms cwnd: 1798.7 lossRate: 0.0 CC:6 score:-3136.0 
1665027188.108668 -- INFO: Iteration 2 Ends, Took 3.2 Seconds. Best Params: [14] and Score: -4896.333333333333.
1665027188.108795 -- INFO: Iteration 3 Starts ...
1665027188.109110 -- INFO: Changing concurrency to 5 ******
1665027188.110566 -- INFO: Process Status Bits from change concurrency are: 1 1 1 1 1 0 0 0 0 0 0 0 0 0 0 0 0 0 0 0 0 0 0 0 0 0 0 0 0 0 0 0
1665027188.111870 -- INFO: Active CC: 5
1665027188.757316 -- INFO: Throughput @7.1s:3120.56Mbps, rtt :34.33ms cwnd: 1733.4 lossRate: 0 CC:5 score:-2826.0 
1665027189.759517 -- INFO: Throughput @8.1s:2877.29Mbps, rtt :34.44ms cwnd: 1746.8 lossRate: 0.0 CC:5 score:-2606.0 
1665027190.761117 -- INFO: Throughput @9.1s:2885.68Mbps, rtt :34.55ms cwnd: 1763.4 lossRate: 0.0 CC:5 score:-2614.0 
1665027191.571842 -- INFO: Iteration 3 Ends, Took 3.46 Seconds. Best Params: [14] and Score: -4896.333333333333.
1665027191.571963 -- INFO: Iteration 4 Starts ...
1665027191.572139 -- INFO: Changing concurrency to 16 ******
1665027191.572914 -- INFO: Start Process :: 6
1665027191.573014 -- INFO: Start Process :: 5
1665027191.573283 -- INFO: Start Process :: 9
1665027191.573202 -- INFO: Start Process :: 7
1665027191.573333 -- INFO: Start Process :: 8
1665027191.573464 -- INFO: Start Process :: 11
1665027191.573524 -- INFO: Start Process :: 13
1665027191.573707 -- INFO: Start Process :: 12
1665027191.573805 -- INFO: Process Status Bits from change concurrency are: 1 1 1 1 1 1 1 1 1 1 1 1 1 1 1 1 0 0 0 0 0 0 0 0 0 0 0 0 0 0 0 0
1665027191.573950 -- INFO: Start Process :: 10
1665027191.574847 -- INFO: Active CC: 16
1665027191.574852 -- INFO: Start Process :: 14
1665027191.574918 -- INFO: Start Process :: 15
1665027191.607115 -- INFO: Process 8 get item 14 from queue and executing
1665027191.607223 -- INFO: Process 9 get item 15 from queue and executing
1665027191.607368 -- INFO: starting 8, 14, /home/cc/files_to_send/FILE0
1665027191.607379 -- INFO: Process 12 get item 16 from queue and executing
1665027191.607419 -- INFO: Process 13 get item 17 from queue and executing
1665027191.607487 -- INFO: starting 9, 15, /home/cc/files_to_send/FILE2
1665027191.607650 -- INFO: starting 12, 16, /home/cc/files_to_send/FILE3
1665027191.607689 -- INFO: starting 13, 17, /home/cc/files_to_send/FILE1
1665027191.607826 -- INFO: Process 6 get item 18 from queue and executing
1665027191.607897 -- INFO: Process 5 get item 19 from queue and executing
1665027191.608075 -- INFO: starting 6, 18, /home/cc/files_to_send/FILE0
1665027191.608147 -- INFO: starting 5, 19, /home/cc/files_to_send/FILE2
1665027191.608439 -- INFO: Process 11 get item 20 from queue and executing
1665027191.608605 -- INFO: Process 7 get item 21 from queue and executing
1665027191.608690 -- INFO: starting 11, 20, /home/cc/files_to_send/FILE3
1665027191.608730 -- INFO: Process 10 get item 22 from queue and executing
1665027191.608960 -- INFO: starting 10, 22, /home/cc/files_to_send/FILE0
1665027191.609546 -- INFO: starting 7, 21, /home/cc/files_to_send/FILE1
1665027191.610121 -- INFO: Process 15 get item 23 from queue and executing
1665027191.610354 -- INFO: starting 15, 23, /home/cc/files_to_send/FILE2
1665027191.610555 -- INFO: Process 14 get item 24 from queue and executing
1665027191.610722 -- INFO: starting 14, 24, /home/cc/files_to_send/FILE3
1665027191.761226 -- INFO: Throughput @10.1s:2994.73Mbps, rtt :34.81ms cwnd: 661.6 lossRate: 2.3575916415517667e-05 CC:16 score:-2181.0 
1665027192.761694 -- INFO: Throughput @11.1s:6668.94Mbps, rtt :35.4ms cwnd: 1456.2 lossRate: 4.471679648869955e-05 CC:16 score:-4855.0 
1665027193.308311 -- INFO: Process 2 finished on working on file 2 
1665027193.308742 -- INFO: Process 2 get item 25 from queue and executing
1665027193.308975 -- INFO: starting 2, 25, /home/cc/files_to_send/FILE1
1665027193.324480 -- INFO: Process 1 finished on working on file 1 
1665027193.324953 -- INFO: Process 1 get item 26 from queue and executing
1665027193.325321 -- INFO: starting 1, 26, /home/cc/files_to_send/FILE0
1665027193.373330 -- INFO: Process 0 finished on working on file 0 
1665027193.373688 -- INFO: Process 0 get item 27 from queue and executing
1665027193.373912 -- INFO: starting 0, 27, /home/cc/files_to_send/FILE2
1665027193.763512 -- INFO: Throughput @12.1s:7449.28Mbps, rtt :35.79ms cwnd: 1473.9 lossRate: 0.0 CC:16 score:-5426.0 
1665027194.764446 -- INFO: Throughput @13.1s:7633.63Mbps, rtt :34.86ms cwnd: 1493.2 lossRate: 0.0 CC:16 score:-5561.0 
1665027194.922380 -- INFO: Iteration 4 Ends, Took 3.35 Seconds. Best Params: [16] and Score: -5280.666666666667.
1665027194.922532 -- INFO: Iteration 5 Starts ...
1665027194.922690 -- INFO: Changing concurrency to 24 ******
1665027194.923746 -- INFO: Process Status Bits from change concurrency are: 1 1 1 1 1 1 1 1 1 1 1 1 1 1 1 1 1 1 1 1 1 1 1 1 0 0 0 0 0 0 0 0
1665027194.924531 -- INFO: Active CC: 24
1665027194.924911 -- INFO: Start Process :: 16
1665027194.925047 -- INFO: Start Process :: 18
1665027194.927256 -- INFO: Start Process :: 22
1665027194.927806 -- INFO: Start Process :: 23
1665027194.927922 -- INFO: Start Process :: 21
1665027194.928950 -- INFO: Start Process :: 20
1665027194.930671 -- INFO: Start Process :: 17
1665027194.930725 -- INFO: Start Process :: 19
1665027194.959534 -- INFO: Process 18 get item 28 from queue and executing
1665027194.959701 -- INFO: starting 18, 28, /home/cc/files_to_send/FILE3
1665027194.960090 -- INFO: Process 16 get item 29 from queue and executing
1665027194.960255 -- INFO: starting 16, 29, /home/cc/files_to_send/FILE1
1665027194.961822 -- INFO: Process 22 get item 30 from queue and executing
1665027194.961890 -- INFO: Process 21 get item 31 from queue and executing
1665027194.961999 -- INFO: starting 22, 30, /home/cc/files_to_send/FILE0
1665027194.962064 -- INFO: starting 21, 31, /home/cc/files_to_send/FILE2
1665027194.963846 -- INFO: Process 23 get item 32 from queue and executing
1665027194.964017 -- INFO: starting 23, 32, /home/cc/files_to_send/FILE3
1665027194.964931 -- INFO: Process 20 get item 33 from queue and executing
1665027194.965283 -- INFO: starting 20, 33, /home/cc/files_to_send/FILE1
1665027194.966385 -- INFO: Process 17 get item 34 from queue and executing
1665027194.966739 -- INFO: starting 17, 34, /home/cc/files_to_send/FILE0
1665027194.966956 -- INFO: Process 19 get item 35 from queue and executing
1665027194.967318 -- INFO: starting 19, 35, /home/cc/files_to_send/FILE2
1665027195.765167 -- INFO: Throughput @14.1s:8447.33Mbps, rtt :46.69ms cwnd: 1470.8 lossRate: 1.098038354479722e-05 CC:24 score:-5251.0 
1665027196.765480 -- INFO: Throughput @15.1s:8514.44Mbps, rtt :45.83ms cwnd: 1374.8 lossRate: 7.889471228594708e-05 CC:24 score:-5287.0 
1665027197.767019 -- INFO: Throughput @16.1s:8598.32Mbps, rtt :37.94ms cwnd: 1090.5 lossRate: 0.0002012994696847079 CC:24 score:-5328.0 
1665027198.274803 -- INFO: Iteration 5 Ends, Took 3.35 Seconds. Best Params: [24] and Score: -5288.666666666667.
1665027198.274913 -- INFO: Iteration 6 Starts ...
1665027198.275049 -- INFO: Changing concurrency to 32 ******
1665027198.275599 -- INFO: Process Status Bits from change concurrency are: 1 1 1 1 1 1 1 1 1 1 1 1 1 1 1 1 1 1 1 1 1 1 1 1 1 1 1 1 1 1 1 1
1665027198.275704 -- INFO: Active CC: 32
1665027198.277204 -- INFO: Start Process :: 24
1665027198.277244 -- INFO: Start Process :: 26
1665027198.278323 -- INFO: Start Process :: 30
1665027198.278500 -- INFO: Start Process :: 27
1665027198.278782 -- INFO: Start Process :: 31
1665027198.278982 -- INFO: Start Process :: 28
1665027198.280181 -- INFO: Start Process :: 29
1665027198.280550 -- INFO: Start Process :: 25
1665027198.311143 -- INFO: Process 26 get item 36 from queue and executing
1665027198.311332 -- INFO: starting 26, 36, /home/cc/files_to_send/FILE3
1665027198.311965 -- INFO: Process 24 get item 37 from queue and executing
1665027198.312139 -- INFO: starting 24, 37, /home/cc/files_to_send/FILE1
1665027198.312886 -- INFO: Process 30 get item 38 from queue and executing
1665027198.313056 -- INFO: starting 30, 38, /home/cc/files_to_send/FILE0
1665027198.313493 -- INFO: Process 31 get item 39 from queue and executing
1665027198.313572 -- INFO: Process 27 get item 40 from queue and executing
1665027198.313696 -- INFO: starting 31, 39, /home/cc/files_to_send/FILE2
1665027198.313727 -- INFO: Process 28 get item 41 from queue and executing
1665027198.313753 -- INFO: starting 27, 40, /home/cc/files_to_send/FILE3
1665027198.313922 -- INFO: starting 28, 41, /home/cc/files_to_send/FILE1
1665027198.315817 -- INFO: Process 29 get item 42 from queue and executing
1665027198.316064 -- INFO: starting 29, 42, /home/cc/files_to_send/FILE0
1665027198.317483 -- INFO: Process 25 get item 43 from queue and executing
1665027198.317756 -- INFO: starting 25, 43, /home/cc/files_to_send/FILE2
1665027198.768438 -- INFO: Throughput @17.1s:8405.39Mbps, rtt :35.97ms cwnd: 870.9 lossRate: 0.00029420541422020855 CC:32 score:-4435.0 
1665027199.769789 -- INFO: Throughput @18.1s:8447.33Mbps, rtt :34.77ms cwnd: 825.0 lossRate: 0.0002074061864732707 CC:32 score:-4465.0 
1665027200.769650 -- INFO: Throughput @19.1s:8313.11Mbps, rtt :35.96ms cwnd: 742.7 lossRate: 0.0001788541318797709 CC:32 score:-4396.0 
1665027201.065259 -- INFO: Process 4 finished on working on file 3 
1665027201.065977 -- INFO: Process 4 get item 44 from queue and executing
1665027201.066243 -- INFO: starting 4, 44, /home/cc/files_to_send/FILE3
1665027201.612746 -- INFO: Iteration 6 Ends, Took 3.34 Seconds. Best Params: [24] and Score: -5288.666666666667.
1665027201.612884 -- INFO: Iteration 7 Starts ...
1665027201.613040 -- INFO: Changing concurrency to 20 ******
1665027201.613146 -- INFO: Process Status Bits from change concurrency are: 1 1 1 1 1 1 1 1 1 1 1 1 1 1 1 1 1 1 1 1 0 0 0 0 0 0 0 0 0 0 0 0
1665027201.613246 -- INFO: Active CC: 20
1665027201.771404 -- INFO: Throughput @20.1s:7379.24Mbps, rtt :34.41ms cwnd: 661.0 lossRate: 0 CC:20 score:-4966.0 
1665027202.772897 -- INFO: Throughput @21.1s:4781.51Mbps, rtt :34.15ms cwnd: 724.1 lossRate: 0 CC:20 score:-3218.0 
1665027203.773916 -- INFO: Throughput @22.1s:4655.68Mbps, rtt :34.19ms cwnd: 709.2 lossRate: 2.4836513648906077e-05 CC:20 score:-3132.0 
1665027204.764021 -- INFO: Process 10 finished on working on file 22 
1665027204.764510 -- INFO: Process 10 get item 45 from queue and executing
1665027204.764667 -- INFO: starting 10, 45, /home/cc/files_to_send/FILE1
1665027204.775398 -- INFO: Throughput @23.1s:4778.77Mbps, rtt :34.16ms cwnd: 725.3 lossRate: 0.0 CC:20 score:-3216.0 
1665027205.071258 -- INFO: Iteration 7 Ends, Took 3.46 Seconds. Best Params: [24] and Score: -5288.666666666667.
1665027205.071379 -- INFO: Iteration 8 Starts ...
1665027205.072141 -- INFO: Changing concurrency to 24 ******
1665027205.072933 -- INFO: Process Status Bits from change concurrency are: 1 1 1 1 1 1 1 1 1 1 1 1 1 1 1 1 1 1 1 1 1 1 1 1 0 0 0 0 0 0 0 0
1665027205.072999 -- INFO: Start Process :: 22
1665027205.073115 -- INFO: Start Process :: 23
1665027205.073262 -- INFO: Start Process :: 21
1665027205.073539 -- INFO: Active CC: 24
1665027205.074596 -- INFO: Start Process :: 20
1665027205.106679 -- INFO: Process 22 get item 46 from queue and executing
1665027205.106911 -- INFO: starting 22, 46, /home/cc/files_to_send/FILE0
1665027205.108066 -- INFO: Process 23 get item 47 from queue and executing
1665027205.108303 -- INFO: starting 23, 47, /home/cc/files_to_send/FILE2
1665027205.108696 -- INFO: Process 21 get item 48 from queue and executing
1665027205.108901 -- INFO: starting 21, 48, /home/cc/files_to_send/FILE3
1665027205.110878 -- INFO: Process 20 get item 49 from queue and executing
1665027205.111459 -- INFO: starting 20, 49, /home/cc/files_to_send/FILE1
1665027205.775998 -- INFO: Throughput @24.1s:5033.16Mbps, rtt :34.6ms cwnd: 670.2 lossRate: 4.60243054357006e-06 CC:24 score:-3129.0 
1665027206.777271 -- INFO: Throughput @25.1s:5771.36Mbps, rtt :34.59ms cwnd: 808.8 lossRate: 0.0 CC:24 score:-3588.0 
1665027207.777261 -- INFO: Throughput @26.1s:6845.1Mbps, rtt :34.44ms cwnd: 828.8 lossRate: 8.769548081577034e-05 CC:24 score:-4250.0 
1665027208.442305 -- INFO: Iteration 8 Ends, Took 3.37 Seconds. Best Params: [24] and Score: -5288.666666666667.
1665027208.442416 -- INFO: Iteration 9 Starts ...
1665027208.442566 -- INFO: Changing concurrency to 15 ******
1665027208.443168 -- INFO: Process Status Bits from change concurrency are: 1 1 1 1 1 1 1 1 1 1 1 1 1 1 1 0 0 0 0 0 0 0 0 0 0 0 0 0 0 0 0 0
1665027208.443735 -- INFO: Active CC: 15
1665027208.778826 -- INFO: Throughput @27.1s:5704.25Mbps, rtt :34.18ms cwnd: 743.2 lossRate: 0 CC:15 score:-4238.0 
1665027209.779901 -- INFO: Throughput @28.1s:3741.32Mbps, rtt :34.19ms cwnd: 767.2 lossRate: 0.0 CC:15 score:-2780.0 
1665027210.230898 -- INFO: Process 14 finished on working on file 24 
1665027210.231387 -- INFO: Process 14 get item 50 from queue and executing
1665027210.231640 -- INFO: starting 14, 50, /home/cc/files_to_send/FILE0
1665027210.439932 -- INFO: Process 0 finished on working on file 27 
1665027210.440354 -- INFO: Process 0 get item 51 from queue and executing
1665027210.440571 -- INFO: starting 0, 51, /home/cc/files_to_send/FILE2
1665027210.781220 -- INFO: Throughput @29.1s:3836.52Mbps, rtt :34.18ms cwnd: 776.9 lossRate: 3.0182574392500232e-06 CC:15 score:-2850.0 
1665027211.782020 -- INFO: Throughput @30.1s:3934.26Mbps, rtt :34.12ms cwnd: 806.5 lossRate: 0.0 CC:15 score:-2923.0 
1665027211.844875 -- INFO: Iteration 9 Ends, Took 3.4 Seconds. Best Params: [24] and Score: -5288.666666666667.
1665027211.844979 -- INFO: Iteration 10 Starts ...
1665027211.845117 -- INFO: Changing concurrency to 17 ******
1665027211.846058 -- INFO: Start Process :: 15
1665027211.846142 -- INFO: Start Process :: 16
1665027211.846306 -- INFO: Process Status Bits from change concurrency are: 1 1 1 1 1 1 1 1 1 1 1 1 1 1 1 1 1 0 0 0 0 0 0 0 0 0 0 0 0 0 0 0
1665027211.847427 -- INFO: Active CC: 17
1665027211.879683 -- INFO: Process 15 get item 52 from queue and executing
1665027211.879972 -- INFO: starting 15, 52, /home/cc/files_to_send/FILE3
1665027211.880336 -- INFO: Process 16 get item 53 from queue and executing
1665027211.880556 -- INFO: starting 16, 53, /home/cc/files_to_send/FILE1
1665027212.784145 -- INFO: Throughput @31.1s:4320.13Mbps, rtt :34.09ms cwnd: 795.8 lossRate: 5.38970243452859e-06 CC:17 score:-3085.0 
1665027213.784395 -- INFO: Throughput @32.1s:4823.45Mbps, rtt :34.1ms cwnd: 921.1 lossRate: 0.0 CC:17 score:-3445.0 
1665027214.785828 -- INFO: Throughput @33.1s:5293.21Mbps, rtt :34.32ms cwnd: 961.4 lossRate: 0.0 CC:17 score:-3780.0 
1665027215.163939 -- INFO: Iteration 10 Ends, Took 3.32 Seconds. Best Params: [24] and Score: -5288.666666666667.
1665027215.164059 -- INFO: Iteration 11 Starts ...
1665027215.164274 -- INFO: Changing concurrency to 16 ******
1665027215.165537 -- INFO: Process Status Bits from change concurrency are: 1 1 1 1 1 1 1 1 1 1 1 1 1 1 1 1 0 0 0 0 0 0 0 0 0 0 0 0 0 0 0 0
1665027215.166941 -- INFO: Active CC: 16
1665027215.787135 -- INFO: Throughput @34.1s:5502.93Mbps, rtt :34.36ms cwnd: 1051.9 lossRate: 0 CC:16 score:-4009.0 
1665027216.246997 -- INFO: Process 10 finished on working on file 45 
1665027216.247486 -- INFO: Process 10 get item 54 from queue and executing
1665027216.247653 -- INFO: starting 10, 54, /home/cc/files_to_send/FILE0
1665027216.707546 -- INFO: Process 2 finished on working on file 25 
1665027216.708055 -- INFO: Process 2 get item 55 from queue and executing
1665027216.708311 -- INFO: starting 2, 55, /home/cc/files_to_send/FILE2
1665027216.788249 -- INFO: Throughput @35.1s:5707.18Mbps, rtt :34.61ms cwnd: 1112.1 lossRate: 0.0 CC:16 score:-4157.0 
1665027217.788491 -- INFO: Throughput @36.1s:6039.8Mbps, rtt :35.33ms cwnd: 1184.6 lossRate: 0.0 CC:16 score:-4400.0 
1665027218.084279 -- INFO: Process 13 finished on working on file 17 
1665027218.084792 -- INFO: Process 13 get item 56 from queue and executing
1665027218.084943 -- INFO: starting 13, 56, /home/cc/files_to_send/FILE3
1665027218.096159 -- INFO: Process 5 finished on working on file 19 
1665027218.096662 -- INFO: Process 5 get item 57 from queue and executing
1665027218.096806 -- INFO: starting 5, 57, /home/cc/files_to_send/FILE1
1665027218.486507 -- INFO: Iteration 11 Ends, Took 3.32 Seconds. Best Params: [24] and Score: -5288.666666666667.
1665027218.486627 -- INFO: Iteration 12 Starts ...
1665027218.486844 -- INFO: Changing concurrency to 14 ******
1665027218.488300 -- INFO: Process Status Bits from change concurrency are: 1 1 1 1 1 1 1 1 1 1 1 1 1 1 0 0 0 0 0 0 0 0 0 0 0 0 0 0 0 0 0 0
1665027218.489603 -- INFO: Active CC: 14
1665027218.789095 -- INFO: Throughput @37.1s:6126.61Mbps, rtt :34.43ms cwnd: 1187.6 lossRate: 0 CC:14 score:-4643.0 
1665027219.641688 -- INFO: Process 3 finished on working on file 4 
1665027219.642228 -- INFO: Process 3 get item 58 from queue and executing
1665027219.642504 -- INFO: starting 3, 58, /home/cc/files_to_send/FILE0
1665027219.791192 -- INFO: Throughput @38.1s:5726.69Mbps, rtt :34.78ms cwnd: 1293.2 lossRate: 0.0 CC:14 score:-4340.0 
1665027220.170013 -- INFO: Process 9 finished on working on file 15 
1665027220.170430 -- INFO: Process 9 get item 59 from queue and executing
1665027220.170589 -- INFO: starting 9, 59, /home/cc/files_to_send/FILE2
1665027220.791733 -- INFO: Throughput @39.1s:6221.62Mbps, rtt :34.41ms cwnd: 1400.5 lossRate: 0.0 CC:14 score:-4715.0 
1665027221.252210 -- INFO: Process 12 finished on working on file 16 
1665027221.252621 -- INFO: Process 12 get item 60 from queue and executing
1665027221.252771 -- INFO: starting 12, 60, /home/cc/files_to_send/FILE3
1665027221.793966 -- INFO: Throughput @40.1s:6599.1Mbps, rtt :34.92ms cwnd: 1457.0 lossRate: 0.0 CC:14 score:-5001.0 
1665027221.815965 -- INFO: Iteration 12 Ends, Took 3.33 Seconds. Best Params: [24] and Score: -5288.666666666667.
1665027221.816056 -- INFO: Iteration 13 Starts ...
1665027221.816254 -- INFO: Changing concurrency to 14 ******
1665027221.817636 -- INFO: Process Status Bits from change concurrency are: 1 1 1 1 1 1 1 1 1 1 1 1 1 1 0 0 0 0 0 0 0 0 0 0 0 0 0 0 0 0 0 0
1665027221.818896 -- INFO: Active CC: 14
1665027222.196186 -- INFO: Process 1 finished on working on file 26 
1665027222.196599 -- INFO: Process 1 get item 61 from queue and executing
1665027222.196790 -- INFO: starting 1, 61, /home/cc/files_to_send/FILE1
1665027222.398412 -- INFO: Process 4 finished on working on file 44 
1665027222.398762 -- INFO: Process 4 get item 62 from queue and executing
1665027222.398891 -- INFO: starting 4, 62, /home/cc/files_to_send/FILE0
1665027222.794518 -- INFO: Throughput @41.1s:6697.03Mbps, rtt :34.85ms cwnd: 1494.6 lossRate: 0.0 CC:14 score:-5076.0 
1665027223.391481 -- INFO: Process 7 finished on working on file 21 
1665027223.392241 -- INFO: Process 7 get item 63 from queue and executing
1665027223.392475 -- INFO: starting 7, 63, /home/cc/files_to_send/FILE2
1665027223.793679 -- INFO: Throughput @42.1s:6842.37Mbps, rtt :34.61ms cwnd: 1530.7 lossRate: 0.0 CC:14 score:-5186.0 
1665027224.795121 -- INFO: Throughput @43.1s:7021.26Mbps, rtt :34.64ms cwnd: 1576.8 lossRate: 0.0 CC:14 score:-5321.0 
1665027225.127022 -- INFO: Process 8 finished on working on file 14 
1665027225.127472 -- INFO: Process 8 get item 64 from queue and executing
1665027225.127632 -- INFO: starting 8, 64, /home/cc/files_to_send/FILE3
1665027225.274917 -- INFO: Iteration 13 Ends, Took 3.46 Seconds. Best Params: [24] and Score: -5288.666666666667.
1665027225.275045 -- INFO: Iteration 14 Starts ...
1665027225.275237 -- INFO: Changing concurrency to 14 ******
1665027225.276737 -- INFO: Process Status Bits from change concurrency are: 1 1 1 1 1 1 1 1 1 1 1 1 1 1 0 0 0 0 0 0 0 0 0 0 0 0 0 0 0 0 0 0
1665027225.278014 -- INFO: Active CC: 14
1665027225.795692 -- INFO: Throughput @44.1s:7194.69Mbps, rtt :35.01ms cwnd: 1633.8 lossRate: 0.0 CC:14 score:-5453.0 
1665027226.788365 -- INFO: Process 6 finished on working on file 18 
1665027226.788918 -- INFO: Process 6 get item 65 from queue and executing
1665027226.789120 -- INFO: starting 6, 65, /home/cc/files_to_send/FILE1
1665027226.798043 -- INFO: Throughput @45.1s:7597.35Mbps, rtt :36.31ms cwnd: 1703.4 lossRate: 0.0 CC:14 score:-5758.0 
1665027227.750079 -- INFO: Process 10 finished on working on file 54 
1665027227.750482 -- INFO: Process 10 get item 66 from queue and executing
1665027227.750643 -- INFO: starting 10, 66, /home/cc/files_to_send/FILE0
1665027227.798678 -- INFO: Throughput @46.1s:7882.56Mbps, rtt :35.58ms cwnd: 1786.1 lossRate: 0.0 CC:14 score:-5974.0 
1665027228.702038 -- INFO: Iteration 14 Ends, Took 3.43 Seconds. Best Params: [14] and Score: -5728.333333333333.
1665027228.702130 -- INFO: Iteration 15 Starts ...
1665027228.702312 -- INFO: Changing concurrency to 14 ******
1665027228.704038 -- INFO: Process Status Bits from change concurrency are: 1 1 1 1 1 1 1 1 1 1 1 1 1 1 0 0 0 0 0 0 0 0 0 0 0 0 0 0 0 0 0 0
1665027228.705343 -- INFO: Active CC: 14
1665027228.798490 -- INFO: Throughput @47.1s:8279.56Mbps, rtt :34.58ms cwnd: 1883.5 lossRate: 0.0 CC:14 score:-6275.0 
1665027228.932383 -- INFO: Process 2 finished on working on file 55 
1665027228.932821 -- INFO: Process 2 get item 67 from queue and executing
1665027228.932975 -- INFO: starting 2, 67, /home/cc/files_to_send/FILE2
1665027229.465920 -- INFO: Process 13 finished on working on file 56 
1665027229.466422 -- INFO: Process 13 get item 68 from queue and executing
1665027229.466560 -- INFO: starting 13, 68, /home/cc/files_to_send/FILE3
1665027229.800684 -- INFO: Throughput @48.1s:8710.3Mbps, rtt :34.69ms cwnd: 1992.3 lossRate: 0.0 CC:14 score:-6601.0 
1665027230.088248 -- INFO: Process 5 finished on working on file 57 
1665027230.088677 -- INFO: Process 5 get item 69 from queue and executing
1665027230.088872 -- INFO: starting 5, 69, /home/cc/files_to_send/FILE1
1665027230.305829 -- INFO: Process 0 finished on working on file 51 
1665027230.306183 -- INFO: Process 0 get item 70 from queue and executing
1665027230.306419 -- INFO: starting 0, 70, /home/cc/files_to_send/FILE0
1665027230.727103 -- INFO: Process 11 finished on working on file 20 
1665027230.727515 -- INFO: Process 11 get item 71 from queue and executing
1665027230.727715 -- INFO: starting 11, 71, /home/cc/files_to_send/FILE2
1665027230.801915 -- INFO: Throughput @49.1s:9085.05Mbps, rtt :35.52ms cwnd: 2088.1 lossRate: 0.0 CC:14 score:-6885.0 
1665027231.554578 -- INFO: Process 9 finished on working on file 59 
1665027231.555045 -- INFO: Process 9 get item 72 from queue and executing
1665027231.555202 -- INFO: starting 9, 72, /home/cc/files_to_send/FILE3
1665027231.803207 -- INFO: Throughput @50.1s:8838.86Mbps, rtt :40.33ms cwnd: 2142.9 lossRate: 0.0 CC:14 score:-6699.0 
1665027232.144903 -- INFO: Iteration 15 Ends, Took 3.44 Seconds. Best Params: [14] and Score: -6728.333333333333.
1665027232.145011 -- INFO: Iteration 16 Starts ...
1665027232.145213 -- INFO: Changing concurrency to 14 ******
1665027232.146537 -- INFO: Process Status Bits from change concurrency are: 1 1 1 1 1 1 1 1 1 1 1 1 1 1 0 0 0 0 0 0 0 0 0 0 0 0 0 0 0 0 0 0
1665027232.147820 -- INFO: Active CC: 14
1665027232.804024 -- INFO: Throughput @51.1s:8816.43Mbps, rtt :40.58ms cwnd: 2162.3 lossRate: 0.0 CC:14 score:-6682.0 
1665027233.804654 -- INFO: Throughput @52.1s:8774.48Mbps, rtt :38.51ms cwnd: 2180.6 lossRate: 0.0 CC:14 score:-6650.0 
1665027234.191474 -- INFO: Process 4 finished on working on file 62 
1665027234.191935 -- INFO: Process 4 get item 73 from queue and executing
1665027234.192134 -- INFO: starting 4, 73, /home/cc/files_to_send/FILE1
1665027234.806472 -- INFO: Throughput @53.1s:8855.64Mbps, rtt :36.27ms cwnd: 2183.9 lossRate: 0.0 CC:14 score:-6711.0 
1665027235.577345 -- INFO: Iteration 16 Ends, Took 3.43 Seconds. Best Params: [14] and Score: -6728.333333333333.
1665027235.577440 -- INFO: Iteration 17 Starts ...
1665027235.577640 -- INFO: Changing concurrency to 14 ******
1665027235.579128 -- INFO: Process Status Bits from change concurrency are: 1 1 1 1 1 1 1 1 1 1 1 1 1 1 0 0 0 0 0 0 0 0 0 0 0 0 0 0 0 0 0 0
1665027235.580508 -- INFO: Active CC: 14
1665027235.807023 -- INFO: Throughput @54.1s:9110.03Mbps, rtt :38.43ms cwnd: 2183.9 lossRate: 0.0 CC:14 score:-6904.0 
1665027236.808258 -- INFO: Throughput @55.1s:8908.7Mbps, rtt :37.51ms cwnd: 2183.9 lossRate: 0.0 CC:14 score:-6752.0 
1665027237.002705 -- INFO: Process 8 finished on working on file 64 
1665027237.003143 -- INFO: Process 8 get item 74 from queue and executing
1665027237.003311 -- INFO: starting 8, 74, /home/cc/files_to_send/FILE0
1665027237.293623 -- INFO: Process 3 finished on working on file 58 
1665027237.293972 -- INFO: Process 3 get item 75 from queue and executing
1665027237.294123 -- INFO: starting 3, 75, /home/cc/files_to_send/FILE2
1665027237.595983 -- INFO: Process 12 finished on working on file 60 
1665027237.596517 -- INFO: Process 12 get item 76 from queue and executing
1665027237.596679 -- INFO: starting 12, 76, /home/cc/files_to_send/FILE3
1665027237.809081 -- INFO: Throughput @56.1s:8950.84Mbps, rtt :36.71ms cwnd: 1569.7 lossRate: 0.00013081986493172757 CC:14 score:-6772.0 
1665027238.809716 -- INFO: Throughput @57.1s:8581.55Mbps, rtt :35.89ms cwnd: 1931.0 lossRate: 4.1879101787832364e-05 CC:14 score:-6500.0 
1665027238.961136 -- INFO: Process 7 finished on working on file 63 
1665027238.961799 -- INFO: Process 7 get item 77 from queue and executing
1665027238.962113 -- INFO: starting 7, 77, /home/cc/files_to_send/FILE1
1665027239.022865 -- INFO: Iteration 17 Ends, Took 3.45 Seconds. Best Params: [14] and Score: -6809.333333333333.
1665027239.022969 -- INFO: Iteration 18 Starts ...
1665027239.023144 -- INFO: Changing concurrency to 14 ******
1665027239.024720 -- INFO: Process Status Bits from change concurrency are: 1 1 1 1 1 1 1 1 1 1 1 1 1 1 0 0 0 0 0 0 0 0 0 0 0 0 0 0 0 0 0 0
1665027239.026024 -- INFO: Active CC: 14
1665027239.810949 -- INFO: Throughput @58.1s:8704.64Mbps, rtt :35.39ms cwnd: 1994.8 lossRate: 0.0 CC:14 score:-6597.0 
1665027239.820175 -- INFO: Process 10 finished on working on file 66 
1665027239.820597 -- INFO: Process 10 get item 78 from queue and executing
1665027239.820765 -- INFO: starting 10, 78, /home/cc/files_to_send/FILE0
1665027239.957622 -- INFO: Process 6 finished on working on file 65 
1665027239.958046 -- INFO: Process 6 get item 79 from queue and executing
1665027239.958199 -- INFO: starting 6, 79, /home/cc/files_to_send/FILE2
1665027240.005090 -- INFO: Process 1 finished on working on file 61 
1665027240.005437 -- INFO: Process 1 get item 80 from queue and executing
1665027240.005602 -- INFO: starting 1, 80, /home/cc/files_to_send/FILE3
1665027240.813090 -- INFO: Throughput @59.1s:8976.0Mbps, rtt :35.61ms cwnd: 2046.9 lossRate: 0.0 CC:14 score:-6803.0 
1665027241.322841 -- INFO: Process 13 finished on working on file 68 
1665027241.323315 -- INFO: Process 13 get item 81 from queue and executing
1665027241.323472 -- INFO: starting 13, 81, /home/cc/files_to_send/FILE1
1665027241.760688 -- INFO: Process 2 finished on working on file 67 
1665027241.761057 -- INFO: Process 2 get item 82 from queue and executing
1665027241.761204 -- INFO: starting 2, 82, /home/cc/files_to_send/FILE0
1665027241.813518 -- INFO: Throughput @60.1s:8970.35Mbps, rtt :37.17ms cwnd: 2088.1 lossRate: 0.0 CC:14 score:-6798.0 
1665027242.218720 -- INFO: Process 5 finished on working on file 69 
1665027242.219248 -- INFO: Process 5 get item 83 from queue and executing
1665027242.219405 -- INFO: starting 5, 83, /home/cc/files_to_send/FILE2
1665027242.459093 -- INFO: Iteration 18 Ends, Took 3.44 Seconds. Best Params: [14] and Score: -6809.333333333333.
1665027242.459198 -- INFO: Iteration 19 Starts ...
1665027242.459410 -- INFO: Changing concurrency to 14 ******
1665027242.460626 -- INFO: Process Status Bits from change concurrency are: 1 1 1 1 1 1 1 1 1 1 1 1 1 1 0 0 0 0 0 0 0 0 0 0 0 0 0 0 0 0 0 0
1665027242.461748 -- INFO: Active CC: 14
1665027242.548356 -- INFO: Process 0 finished on working on file 70 
1665027242.548696 -- INFO: Process 0 get item 84 from queue and executing
1665027242.548840 -- INFO: starting 0, 84, /home/cc/files_to_send/FILE3
1665027242.814906 -- INFO: Throughput @61.1s:8651.58Mbps, rtt :35.7ms cwnd: 1957.2 lossRate: 8.59322236439828e-05 CC:14 score:-6549.0 
1665027243.459345 -- INFO: Process 9 finished on working on file 72 
1665027243.459793 -- INFO: Process 9 get item 85 from queue and executing
1665027243.459953 -- INFO: starting 9, 85, /home/cc/files_to_send/FILE1
1665027243.815779 -- INFO: Throughput @62.1s:8822.08Mbps, rtt :34.84ms cwnd: 1996.1 lossRate: 0.0 CC:14 score:-6686.0 
1665027243.919286 -- INFO: Process 11 finished on working on file 71 
1665027243.919704 -- INFO: Process 11 get item 86 from queue and executing
1665027243.919891 -- INFO: starting 11, 86, /home/cc/files_to_send/FILE0
1665027244.815989 -- INFO: Throughput @63.1s:8889.19Mbps, rtt :37.61ms cwnd: 2025.7 lossRate: 0.0 CC:14 score:-6737.0 
1665027245.819604 -- INFO: Throughput @64.1s:8640.27Mbps, rtt :38.78ms cwnd: 2046.9 lossRate: 0.0 CC:14 score:-6548.0 
1665027245.915866 -- INFO: Iteration 19 Ends, Took 3.46 Seconds. Best Params: [14] and Score: -6809.333333333333.
1665027245.915973 -- INFO: Iteration 20 Starts ...
1665027245.916196 -- INFO: Changing concurrency to 14 ******
1665027245.917637 -- INFO: Process Status Bits from change concurrency are: 1 1 1 1 1 1 1 1 1 1 1 1 1 1 0 0 0 0 0 0 0 0 0 0 0 0 0 0 0 0 0 0
1665027245.918873 -- INFO: Active CC: 14
1665027246.197316 -- INFO: Process 4 finished on working on file 73 
1665027246.197703 -- INFO: Process 4 get item 87 from queue and executing
1665027246.197845 -- INFO: starting 4, 87, /home/cc/files_to_send/FILE2
1665027246.818289 -- INFO: Throughput @65.1s:8864.03Mbps, rtt :35.74ms cwnd: 2060.7 lossRate: 0.0 CC:14 score:-6718.0 
1665027247.820322 -- INFO: Throughput @66.1s:8933.87Mbps, rtt :35.54ms cwnd: 2068.6 lossRate: 0.0 CC:14 score:-6771.0 
1665027248.671154 -- INFO: Process 8 finished on working on file 74 
1665027248.671604 -- INFO: Process 8 get item 88 from queue and executing
1665027248.671812 -- INFO: starting 8, 88, /home/cc/files_to_send/FILE3
1665027248.820432 -- INFO: Throughput @67.1s:8654.31Mbps, rtt :37.41ms cwnd: 2073.4 lossRate: 0.0 CC:14 score:-6559.0 
1665027249.291921 -- INFO: Iteration 20 Ends, Took 3.38 Seconds. Best Params: [14] and Score: -6809.333333333333.
1665027249.292024 -- INFO: Iteration 21 Starts ...
1665027249.292179 -- INFO: Changing concurrency to 13 ******
1665027249.293812 -- INFO: Process Status Bits from change concurrency are: 1 1 1 1 1 1 1 1 1 1 1 1 1 0 0 0 0 0 0 0 0 0 0 0 0 0 0 0 0 0 0 0
1665027249.295144 -- INFO: Active CC: 13
1665027249.821370 -- INFO: Throughput @68.1s:8346.66Mbps, rtt :34.8ms cwnd: 2069.5 lossRate: 0 CC:13 score:-6452.0 
1665027250.823168 -- INFO: Throughput @69.1s:8573.16Mbps, rtt :35.33ms cwnd: 2069.6 lossRate: 0.0 CC:13 score:-6627.0 
1665027251.334202 -- INFO: Process 7 finished on working on file 77 
1665027251.336576 -- INFO: Process 7 get item 89 from queue and executing
1665027251.337054 -- INFO: starting 7, 89, /home/cc/files_to_send/FILE1
1665027251.741400 -- INFO: Process 10 finished on working on file 78 
1665027251.741884 -- INFO: Process 10 get item 90 from queue and executing
1665027251.742051 -- INFO: starting 10, 90, /home/cc/files_to_send/FILE0
1665027251.824029 -- INFO: Throughput @70.1s:8500.58Mbps, rtt :36.09ms cwnd: 2069.6 lossRate: 0.0 CC:13 score:-6571.0 
1665027252.228739 -- INFO: Process 6 finished on working on file 79 
1665027252.229157 -- INFO: Process 6 get item 91 from queue and executing
1665027252.229347 -- INFO: starting 6, 91, /home/cc/files_to_send/FILE2
1665027252.381647 -- INFO: Process 3 finished on working on file 75 
1665027252.382178 -- INFO: Process 3 get item 92 from queue and executing
1665027252.382363 -- INFO: starting 3, 92, /home/cc/files_to_send/FILE3
1665027252.503856 -- INFO: Process 12 finished on working on file 76 
1665027252.504405 -- INFO: Process 12 get item 93 from queue and executing
1665027252.504592 -- INFO: starting 12, 93, /home/cc/files_to_send/FILE1
1665027252.660832 -- INFO: Iteration 21 Ends, Took 3.37 Seconds. Best Params: [14] and Score: -6809.333333333333.
1665027252.660940 -- INFO: Iteration 22 Starts ...
1665027252.661095 -- INFO: Changing concurrency to 12 ******
1665027252.662369 -- INFO: Process Status Bits from change concurrency are: 1 1 1 1 1 1 1 1 1 1 1 1 0 0 0 0 0 0 0 0 0 0 0 0 0 0 0 0 0 0 0 0
1665027252.663542 -- INFO: Active CC: 12
1665027252.823915 -- INFO: Throughput @71.1s:8489.46Mbps, rtt :34.91ms cwnd: 2100.1 lossRate: 0 CC:12 score:-6694.0 
1665027253.727833 -- INFO: Process 2 finished on working on file 82 
1665027253.728212 -- INFO: Process 2 get item 94 from queue and executing
1665027253.728359 -- INFO: starting 2, 94, /home/cc/files_to_send/FILE0
1665027253.825342 -- INFO: Throughput @72.1s:8050.33Mbps, rtt :35.01ms cwnd: 2101.1 lossRate: 0.0 CC:12 score:-6348.0 
1665027254.105374 -- INFO: Process 5 finished on working on file 83 
1665027254.107169 -- INFO: Process 5 get item 95 from queue and executing
1665027254.107526 -- INFO: starting 5, 95, /home/cc/files_to_send/FILE2
1665027254.408316 -- INFO: Process 0 finished on working on file 84 
1665027254.409025 -- INFO: Process 0 get item 96 from queue and executing
1665027254.409646 -- INFO: starting 0, 96, /home/cc/files_to_send/FILE3
1665027254.826638 -- INFO: Throughput @73.1s:7754.0Mbps, rtt :34.61ms cwnd: 1841.4 lossRate: 9.59679946737763e-05 CC:12 score:-6107.0 
1665027255.165730 -- INFO: Process 1 finished on working on file 80 
1665027255.166096 -- INFO: Process 1 get item 97 from queue and executing
1665027255.166301 -- INFO: starting 1, 97, /home/cc/files_to_send/FILE1
1665027255.408412 -- INFO: Process 9 finished on working on file 85 
1665027255.408840 -- INFO: Process 9 get item 98 from queue and executing
1665027255.408999 -- INFO: starting 9, 98, /home/cc/files_to_send/FILE0
1665027255.827341 -- INFO: Throughput @74.1s:7351.35Mbps, rtt :34.77ms cwnd: 1897.0 lossRate: 0.0 CC:12 score:-5796.0 
1665027256.038495 -- INFO: Iteration 22 Ends, Took 3.38 Seconds. Best Params: [14] and Score: -6809.333333333333.
1665027256.038599 -- INFO: Iteration 23 Starts ...
1665027256.038821 -- INFO: Changing concurrency to 12 ******
1665027256.040284 -- INFO: Process Status Bits from change concurrency are: 1 1 1 1 1 1 1 1 1 1 1 1 0 0 0 0 0 0 0 0 0 0 0 0 0 0 0 0 0 0 0 0
1665027256.041940 -- INFO: Active CC: 12
1665027256.393288 -- INFO: Process 11 finished on working on file 86 
1665027256.393704 -- INFO: Process 11 get item 99 from queue and executing
1665027256.393893 -- INFO: starting 11, 99, /home/cc/files_to_send/FILE2
1665027256.829246 -- INFO: Throughput @75.1s:7530.24Mbps, rtt :34.79ms cwnd: 1944.8 lossRate: 0.0 CC:12 score:-5938.0 
1665027257.830010 -- INFO: Throughput @76.1s:7608.47Mbps, rtt :35.44ms cwnd: 1986.4 lossRate: 0.0 CC:12 score:-5999.0 
1665027258.582560 -- INFO: Process 4 finished on working on file 87 
1665027258.582971 -- INFO: Process 4 get item 100 from queue and executing
1665027258.583144 -- INFO: starting 4, 100, /home/cc/files_to_send/FILE3
1665027258.830469 -- INFO: Throughput @77.1s:7664.46Mbps, rtt :35.69ms cwnd: 2022.8 lossRate: 0.0 CC:12 score:-6043.0 
1665027259.417189 -- INFO: Iteration 23 Ends, Took 3.38 Seconds. Best Params: [14] and Score: -6809.333333333333.
1665027259.417295 -- INFO: Iteration 24 Starts ...
1665027259.417543 -- INFO: Changing concurrency to 12 ******
1665027259.418869 -- INFO: Process Status Bits from change concurrency are: 1 1 1 1 1 1 1 1 1 1 1 1 0 0 0 0 0 0 0 0 0 0 0 0 0 0 0 0 0 0 0 0
1665027259.420246 -- INFO: Active CC: 12
1665027259.831735 -- INFO: Throughput @78.1s:7834.96Mbps, rtt :35.49ms cwnd: 2056.2 lossRate: 0.0 CC:12 score:-6178.0 
1665027260.800992 -- INFO: Process 8 finished on working on file 88 
1665027260.801539 -- INFO: Process 8 get item 101 from queue and executing
1665027260.801719 -- INFO: starting 8, 101, /home/cc/files_to_send/FILE1
1665027260.832946 -- INFO: Throughput @79.1s:7932.89Mbps, rtt :34.93ms cwnd: 2087.0 lossRate: 0.0 CC:12 score:-6255.0 
1665027261.834279 -- INFO: Throughput @80.1s:8103.4Mbps, rtt :35.53ms cwnd: 2114.5 lossRate: 0.0 CC:12 score:-6389.0 
1665027262.789930 -- INFO: Iteration 24 Ends, Took 3.37 Seconds. Best Params: [14] and Score: -6809.333333333333.
1665027262.790034 -- INFO: Iteration 25 Starts ...
1665027262.790219 -- INFO: Changing concurrency to 12 ******
1665027262.791930 -- INFO: Process Status Bits from change concurrency are: 1 1 1 1 1 1 1 1 1 1 1 1 0 0 0 0 0 0 0 0 0 0 0 0 0 0 0 0 0 0 0 0
1665027262.793511 -- INFO: Active CC: 12
1665027262.835436 -- INFO: Throughput @81.1s:7985.95Mbps, rtt :37.39ms cwnd: 2120.2 lossRate: 0.0 CC:12 score:-6297.0 
1665027263.352625 -- INFO: Process 10 finished on working on file 90 
1665027263.353037 -- INFO: Process 10 get item 102 from queue and executing
1665027263.353184 -- INFO: starting 10, 102, /home/cc/files_to_send/FILE0
1665027263.836562 -- INFO: Throughput @82.1s:7966.45Mbps, rtt :35.7ms cwnd: 2122.3 lossRate: 0.0 CC:12 score:-6281.0 
1665027263.840621 -- INFO: Process 6 finished on working on file 91 
1665027263.841157 -- INFO: Process 6 get item 103 from queue and executing
1665027263.841364 -- INFO: starting 6, 103, /home/cc/files_to_send/FILE2
1665027264.743273 -- INFO: Process 7 finished on working on file 89 
1665027264.743875 -- INFO: Process 7 get item 104 from queue and executing
1665027264.744127 -- INFO: starting 7, 104, /home/cc/files_to_send/FILE3
1665027264.836729 -- INFO: Throughput @83.1s:8047.6Mbps, rtt :35.4ms cwnd: 2122.8 lossRate: 0.0 CC:12 score:-6345.0 
1665027265.259027 -- INFO: Process 2 finished on working on file 94 
1665027265.259528 -- INFO: Process 2 get item 105 from queue and executing
1665027265.259771 -- INFO: starting 2, 105, /home/cc/files_to_send/FILE1
1665027265.404246 -- INFO: Process 3 finished on working on file 92 
1665027265.404674 -- INFO: Process 3 get item 106 from queue and executing
1665027265.404852 -- INFO: starting 3, 106, /home/cc/files_to_send/FILE0
1665027265.760261 -- INFO: Process 5 finished on working on file 95 
1665027265.760922 -- INFO: Process 5 get item 107 from queue and executing
1665027265.761152 -- INFO: starting 5, 107, /home/cc/files_to_send/FILE2
1665027265.837704 -- INFO: Throughput @84.1s:7994.54Mbps, rtt :35.19ms cwnd: 2123.2 lossRate: 0.0 CC:12 score:-6304.0 
1665027265.995638 -- INFO: Process 0 finished on working on file 96 
1665027265.996066 -- INFO: Process 0 get item 108 from queue and executing
1665027265.996242 -- INFO: starting 0, 108, /home/cc/files_to_send/FILE3
1665027266.183038 -- INFO: Iteration 25 Ends, Took 3.39 Seconds. Best Params: [14] and Score: -6809.333333333333.
1665027266.183187 -- INFO: Iteration 26 Starts ...
1665027266.183420 -- INFO: Changing concurrency to 11 ******
1665027266.184909 -- INFO: Process Status Bits from change concurrency are: 1 1 1 1 1 1 1 1 1 1 1 0 0 0 0 0 0 0 0 0 0 0 0 0 0 0 0 0 0 0 0 0
1665027266.186484 -- INFO: Active CC: 11
1665027266.838648 -- INFO: Throughput @85.1s:7639.29Mbps, rtt :35.13ms cwnd: 2148.5 lossRate: 0 CC:11 score:-6144.0 
1665027267.453258 -- INFO: Process 9 finished on working on file 98 
1665027267.453667 -- INFO: Process 9 get item 109 from queue and executing
1665027267.453828 -- INFO: starting 9, 109, /home/cc/files_to_send/FILE1
1665027267.577604 -- INFO: Process 1 finished on working on file 97 
1665027267.578036 -- INFO: Process 1 get item 110 from queue and executing
1665027267.578234 -- INFO: starting 1, 110, /home/cc/files_to_send/FILE0
1665027267.839464 -- INFO: Throughput @86.1s:7359.73Mbps, rtt :35.7ms cwnd: 1920.8 lossRate: 5.068150790156384e-05 CC:11 score:-5915.0 
1665027268.840785 -- INFO: Throughput @87.1s:6215.96Mbps, rtt :34.78ms cwnd: 1764.5 lossRate: 0.00010064899966077559 CC:11 score:-4993.0 
1665027269.577713 -- INFO: Iteration 26 Ends, Took 3.39 Seconds. Best Params: [14] and Score: -6809.333333333333.
1665027269.577844 -- INFO: Iteration 27 Starts ...
1665027269.578083 -- INFO: Changing concurrency to 28 ******
1665027269.578928 -- INFO: Start Process :: 11
1665027269.579045 -- INFO: Start Process :: 12
1665027269.579152 -- INFO: Start Process :: 14
1665027269.579249 -- INFO: Process Status Bits from change concurrency are: 1 1 1 1 1 1 1 1 1 1 1 1 1 1 1 1 1 1 1 1 1 1 1 1 1 1 1 1 0 0 0 0
1665027269.579289 -- INFO: Start Process :: 15
1665027269.579428 -- INFO: Start Process :: 19
1665027269.579498 -- INFO: Start Process :: 23
1665027269.579706 -- INFO: Active CC: 28
1665027269.579780 -- INFO: Start Process :: 13
1665027269.579718 -- INFO: Start Process :: 25
1665027269.579921 -- INFO: Start Process :: 20
1665027269.580013 -- INFO: Start Process :: 17
1665027269.581477 -- INFO: Start Process :: 26
1665027269.581985 -- INFO: Start Process :: 27
1665027269.582104 -- INFO: Start Process :: 16
1665027269.581992 -- INFO: Start Process :: 21
1665027269.582306 -- INFO: Start Process :: 24
1665027269.582297 -- INFO: Start Process :: 18
1665027269.582781 -- INFO: Start Process :: 22
1665027269.613007 -- INFO: Process 14 get item 111 from queue and executing
1665027269.613176 -- INFO: starting 14, 111, /home/cc/files_to_send/FILE2
1665027269.613425 -- INFO: Process 15 get item 112 from queue and executing
1665027269.613576 -- INFO: starting 15, 112, /home/cc/files_to_send/FILE3
1665027269.613788 -- INFO: Process 23 get item 113 from queue and executing
1665027269.613832 -- INFO: Process 13 get item 114 from queue and executing
1665027269.613944 -- INFO: starting 23, 113, /home/cc/files_to_send/FILE1
1665027269.614016 -- INFO: starting 13, 114, /home/cc/files_to_send/FILE0
1665027269.614624 -- INFO: Process 12 get item 115 from queue and executing
1665027269.614736 -- INFO: Process 11 get item 116 from queue and executing
1665027269.614756 -- INFO: starting 12, 115, /home/cc/files_to_send/FILE2
1665027269.614897 -- INFO: starting 11, 116, /home/cc/files_to_send/FILE3
1665027269.615005 -- INFO: Process 19 get item 117 from queue and executing
1665027269.615356 -- INFO: starting 19, 117, /home/cc/files_to_send/FILE1
1665027269.615437 -- INFO: Process 20 get item 118 from queue and executing
1665027269.615501 -- INFO: Process 25 get item 119 from queue and executing
1665027269.615762 -- INFO: starting 20, 118, /home/cc/files_to_send/FILE0
1665027269.616139 -- INFO: starting 25, 119, /home/cc/files_to_send/FILE2
1665027269.617028 -- INFO: Process 17 get item 120 from queue and executing
1665027269.617627 -- INFO: Process 16 get item 121 from queue and executing
1665027269.617755 -- INFO: Process 26 get item 122 from queue and executing
1665027269.617841 -- INFO: starting 17, 120, /home/cc/files_to_send/FILE3
1665027269.618001 -- INFO: starting 16, 121, /home/cc/files_to_send/FILE1
1665027269.618179 -- INFO: Process 24 get item 123 from queue and executing
1665027269.618214 -- INFO: starting 26, 122, /home/cc/files_to_send/FILE0
1665027269.618281 -- INFO: Process 18 get item 124 from queue and executing
1665027269.618418 -- INFO: Process 27 get item 125 from queue and executing
1665027269.618570 -- INFO: Process 21 get item 126 from queue and executing
1665027269.618642 -- INFO: Process 22 get item 127 from queue and executing
1665027269.618766 -- INFO: starting 24, 123, /home/cc/files_to_send/FILE2
1665027269.618766 -- INFO: starting 18, 124, /home/cc/files_to_send/FILE3
1665027269.618919 -- INFO: starting 27, 125, /home/cc/files_to_send/FILE1
1665027269.619315 -- INFO: starting 21, 126, /home/cc/files_to_send/FILE0
1665027269.619308 -- INFO: starting 22, 127, /home/cc/files_to_send/FILE2
1665027269.841598 -- INFO: Throughput @88.1s:6803.16Mbps, rtt :35.41ms cwnd: 1049.4 lossRate: 1.5766929740809194e-05 CC:28 score:-3906.0 
1665027270.843606 -- INFO: Throughput @89.1s:8581.55Mbps, rtt :58.69ms cwnd: 1665.2 lossRate: 8.435481745090287e-05 CC:28 score:-4922.0 
1665027271.847428 -- INFO: Throughput @90.1s:8715.76Mbps, rtt :51.96ms cwnd: 1428.6 lossRate: 0.0002589801014718926 CC:28 score:-4984.0 
1665027272.541960 -- INFO: Process 4 finished on working on file 100 
1665027272.542681 -- INFO: Process 4 get item 8 from queue and executing
1665027272.542945 -- INFO: starting 4, 8, /home/cc/files_to_send/FILE3
1665027272.846108 -- INFO: Throughput @91.1s:8662.7Mbps, rtt :40.83ms cwnd: 1086.6 lossRate: 0.00027262224813483194 CC:28 score:-4952.0 
1665027272.972131 -- INFO: Iteration 27 Ends, Took 3.39 Seconds. Best Params: [14] and Score: -6809.333333333333.
1665027272.972265 -- INFO: Iteration 28 Starts ...
1665027272.972561 -- INFO: Changing concurrency to 13 ******
1665027272.972962 -- INFO: Process Status Bits from change concurrency are: 1 1 1 1 1 1 1 1 1 1 1 1 1 0 0 0 0 0 0 0 0 0 0 0 0 0 0 0 0 0 0 0
1665027272.973373 -- INFO: Active CC: 13
1665027273.846019 -- INFO: Throughput @92.1s:5477.76Mbps, rtt :34.35ms cwnd: 1157.8 lossRate: 0 CC:13 score:-4234.0 
1665027274.846393 -- INFO: Throughput @93.1s:5158.99Mbps, rtt :34.43ms cwnd: 1217.9 lossRate: 0.0 CC:13 score:-3988.0 
1665027275.506800 -- INFO: Process 8 finished on working on file 101 
1665027275.507256 -- INFO: Process 8 get item 11 from queue and executing
1665027275.507532 -- INFO: starting 8, 11, /home/cc/files_to_send/FILE2
1665027275.851454 -- INFO: Throughput @94.1s:5365.98Mbps, rtt :34.39ms cwnd: 1238.6 lossRate: 2.1523289275160185e-06 CC:13 score:-4148.0 
1665027276.412991 -- INFO: Iteration 28 Ends, Took 3.44 Seconds. Best Params: [14] and Score: -6809.333333333333.
1665027276.413131 -- INFO: Iteration 29 Starts ...
1665027276.413378 -- INFO: Changing concurrency to 10 ******
1665027276.414696 -- INFO: Process Status Bits from change concurrency are: 1 1 1 1 1 1 1 1 1 1 0 0 0 0 0 0 0 0 0 0 0 0 0 0 0 0 0 0 0 0 0 0
1665027276.416126 -- INFO: Active CC: 10
1665027276.848404 -- INFO: Throughput @95.1s:4940.89Mbps, rtt :34.19ms cwnd: 1281.7 lossRate: 0 CC:10 score:-4053.0 
1665027277.850677 -- INFO: Throughput @96.1s:4311.74Mbps, rtt :34.29ms cwnd: 1313.7 lossRate: 0.0 CC:10 score:-3537.0 
1665027278.590431 -- INFO: Process 3 finished on working on file 106 
1665027278.591076 -- INFO: Process 3 get item 7 from queue and executing
1665027278.591288 -- INFO: starting 3, 7, /home/cc/files_to_send/FILE2
1665027278.850671 -- INFO: Throughput @97.1s:4401.29Mbps, rtt :34.39ms cwnd: 1335.8 lossRate: 0.0 CC:10 score:-3611.0 
1665027279.400351 -- INFO: Process 6 finished on working on file 103 
1665027279.400878 -- INFO: Process 6 get item 10 from queue and executing
1665027279.401057 -- INFO: starting 6, 10, /home/cc/files_to_send/FILE0
1665027279.774461 -- INFO: Iteration 29 Ends, Took 3.36 Seconds. Best Params: [14] and Score: -6809.333333333333.
1665027279.774618 -- INFO: Iteration 30 Starts ...
1665027279.774894 -- INFO: Changing concurrency to 2 ******
1665027279.776711 -- INFO: Process Status Bits from change concurrency are: 1 1 0 0 0 0 0 0 0 0 0 0 0 0 0 0 0 0 0 0 0 0 0 0 0 0 0 0 0 0 0 0
1665027279.778564 -- INFO: Active CC: 2
1665027279.853917 -- INFO: Throughput @98.1s:4292.24Mbps, rtt :34.13ms cwnd: 1127.4 lossRate: 0 CC:2 score:-4126.0 
1665027280.658853 -- INFO: Process 1 finished on working on file 110 
1665027280.659258 -- INFO: Process 1 get item 9 from queue and executing
1665027280.659432 -- INFO: starting 1, 9, /home/cc/files_to_send/FILE1
1665027280.853963 -- INFO: Throughput @99.2s:973.65Mbps, rtt :34.34ms cwnd: 1608.0 lossRate: 0 CC:2 score:-936.0 
1665027281.853709 -- INFO: Throughput @100.2s:1065.35Mbps, rtt :34.55ms cwnd: 1613.0 lossRate: 0.0 CC:2 score:-1024.0 
1665027282.854859 -- INFO: Throughput @101.2s:1082.13Mbps, rtt :34.17ms cwnd: 1616.5 lossRate: 0.0 CC:2 score:-1040.0 
1665027283.192477 -- INFO: Iteration 30 Ends, Took 3.42 Seconds. Best Params: [14] and Score: -6809.333333333333.
1665027283.192625 -- INFO: Iteration 31 Starts ...
1665027283.192955 -- INFO: Changing concurrency to 13 ******
1665027283.193521 -- INFO: Start Process :: 2
1665027283.193637 -- INFO: Start Process :: 3
1665027283.193786 -- INFO: Start Process :: 6
1665027283.193966 -- INFO: Start Process :: 4
1665027283.194058 -- INFO: Start Process :: 7
1665027283.194181 -- INFO: Start Process :: 10
1665027283.194288 -- INFO: Start Process :: 12
1665027283.194350 -- INFO: Start Process :: 11
1665027283.194414 -- INFO: Start Process :: 9
1665027283.194524 -- INFO: Process Status Bits from change concurrency are: 1 1 1 1 1 1 1 1 1 1 1 1 1 0 0 0 0 0 0 0 0 0 0 0 0 0 0 0 0 0 0 0
1665027283.194700 -- INFO: Start Process :: 8
1665027283.194797 -- INFO: Start Process :: 5
1665027283.195893 -- INFO: Active CC: 13
1665027283.227780 -- INFO: Process 2 get item 5 from queue and executing
1665027283.227937 -- INFO: starting 2, 5, /home/cc/files_to_send/FILE1
1665027283.227958 -- INFO: Process 7 get item 12 from queue and executing
1665027283.228137 -- INFO: Process 6 get item 13 from queue and executing
1665027283.228182 -- INFO: Process 3 get item 6 from queue and executing
1665027283.228239 -- INFO: starting 7, 12, /home/cc/files_to_send/FILE3
1665027283.228338 -- INFO: starting 6, 13, /home/cc/files_to_send/FILE1
1665027283.228363 -- INFO: starting 3, 6, /home/cc/files_to_send/FILE0
1665027283.228737 -- INFO: Process 12 get item 39 from queue and executing
1665027283.228942 -- INFO: starting 12, 39, /home/cc/files_to_send/FILE2
1665027283.229221 -- INFO: Process 4 get item 42 from queue and executing
1665027283.229454 -- INFO: starting 4, 42, /home/cc/files_to_send/FILE0
1665027283.230165 -- INFO: Process 10 get item 30 from queue and executing
1665027283.230318 -- INFO: Process 11 get item 33 from queue and executing
1665027283.230330 -- INFO: starting 10, 30, /home/cc/files_to_send/FILE0
1665027283.230419 -- INFO: Process 9 get item 40 from queue and executing
1665027283.230489 -- INFO: starting 11, 33, /home/cc/files_to_send/FILE1
1665027283.230547 -- INFO: Process 8 get item 38 from queue and executing
1665027283.230608 -- INFO: starting 9, 40, /home/cc/files_to_send/FILE3
1665027283.230612 -- INFO: Process 5 get item 43 from queue and executing
1665027283.230942 -- INFO: starting 8, 38, /home/cc/files_to_send/FILE0
1665027283.231320 -- INFO: starting 5, 43, /home/cc/files_to_send/FILE2
1665027283.856045 -- INFO: Throughput @102.2s:2306.87Mbps, rtt :34.52ms cwnd: 924.9 lossRate: 0.00010817939234089902 CC:13 score:-1781.0 
1665027284.857176 -- INFO: Throughput @103.2s:5058.33Mbps, rtt :34.44ms cwnd: 1340.3 lossRate: 2.7170529032842377e-05 CC:13 score:-3909.0 
1665027285.241504 -- INFO: Process 0 finished on working on file 108 
1665027285.242095 -- INFO: Process 0 get item 37 from queue and executing
1665027285.242362 -- INFO: starting 0, 37, /home/cc/files_to_send/FILE1
1665027285.859264 -- INFO: Throughput @104.2s:5617.64Mbps, rtt :34.43ms cwnd: 1352.1 lossRate: 0.0 CC:13 score:-4343.0 
1665027286.559916 -- INFO: Iteration 31 Ends, Took 3.37 Seconds. Best Params: [14] and Score: -6809.333333333333.
1665027286.560044 -- INFO: Iteration 32 Starts ...
1665027286.560268 -- INFO: Changing concurrency to 32 ******
1665027286.562286 -- INFO: Start Process :: 13
1665027286.562461 -- INFO: Process Status Bits from change concurrency are: 1 1 1 1 1 1 1 1 1 1 1 1 1 1 1 1 1 1 1 1 1 1 1 1 1 1 1 1 1 1 1 1
1665027286.562505 -- INFO: Start Process :: 14
1665027286.562610 -- INFO: Active CC: 32
1665027286.562600 -- INFO: Start Process :: 15
1665027286.562595 -- INFO: Start Process :: 16
1665027286.562748 -- INFO: Start Process :: 23
1665027286.562875 -- INFO: Start Process :: 21
1665027286.562943 -- INFO: Start Process :: 17
1665027286.563020 -- INFO: Start Process :: 25
1665027286.563241 -- INFO: Start Process :: 19
1665027286.563292 -- INFO: Start Process :: 18
1665027286.563393 -- INFO: Start Process :: 29
1665027286.563610 -- INFO: Start Process :: 20
1665027286.563682 -- INFO: Start Process :: 26
1665027286.563755 -- INFO: Start Process :: 24
1665027286.563826 -- INFO: Start Process :: 27
1665027286.563934 -- INFO: Start Process :: 22
1665027286.564508 -- INFO: Start Process :: 31
1665027286.564622 -- INFO: Start Process :: 30
1665027286.564712 -- INFO: Start Process :: 28
1665027286.596707 -- INFO: Process 14 get item 36 from queue and executing
1665027286.596775 -- INFO: Process 13 get item 41 from queue and executing
1665027286.596875 -- INFO: starting 14, 36, /home/cc/files_to_send/FILE3
1665027286.596947 -- INFO: starting 13, 41, /home/cc/files_to_send/FILE1
1665027286.597130 -- INFO: Process 29 get item 32 from queue and executing
1665027286.597381 -- INFO: Process 23 get item 31 from queue and executing
1665027286.597434 -- INFO: Process 15 get item 34 from queue and executing
1665027286.597547 -- INFO: starting 29, 32, /home/cc/files_to_send/FILE3
1665027286.597573 -- INFO: starting 23, 31, /home/cc/files_to_send/FILE2
1665027286.597586 -- INFO: starting 15, 34, /home/cc/files_to_send/FILE0
1665027286.597678 -- INFO: Process 25 get item 47 from queue and executing
1665027286.597873 -- INFO: starting 25, 47, /home/cc/files_to_send/FILE2
1665027286.597878 -- INFO: Process 16 get item 46 from queue and executing
1665027286.597910 -- INFO: Process 17 get item 23 from queue and executing
1665027286.598165 -- INFO: Process 26 get item 48 from queue and executing
1665027286.598286 -- INFO: starting 16, 46, /home/cc/files_to_send/FILE0
1665027286.598377 -- INFO: Process 18 get item 28 from queue and executing
1665027286.598515 -- INFO: starting 26, 48, /home/cc/files_to_send/FILE3
1665027286.598413 -- INFO: starting 17, 23, /home/cc/files_to_send/FILE2
1665027286.598671 -- INFO: starting 18, 28, /home/cc/files_to_send/FILE3
1665027286.598593 -- INFO: Process 22 get item 35 from queue and executing
1665027286.598817 -- INFO: Process 19 get item 29 from queue and executing
1665027286.598841 -- INFO: Process 27 get item 49 from queue and executing
1665027286.598963 -- INFO: Process 21 get item 53 from queue and executing
1665027286.599051 -- INFO: starting 19, 29, /home/cc/files_to_send/FILE1
1665027286.599052 -- INFO: Process 24 get item 52 from queue and executing
1665027286.599055 -- INFO: starting 22, 35, /home/cc/files_to_send/FILE2
1665027286.599081 -- INFO: starting 27, 49, /home/cc/files_to_send/FILE1
1665027286.599133 -- INFO: Process 31 get item 50 from queue and executing
1665027286.599182 -- INFO: starting 21, 53, /home/cc/files_to_send/FILE1
1665027286.599260 -- INFO: Process 20 get item 81 from queue and executing
1665027286.599345 -- INFO: starting 24, 52, /home/cc/files_to_send/FILE3
1665027286.599417 -- INFO: starting 20, 81, /home/cc/files_to_send/FILE1
1665027286.599473 -- INFO: Process 28 get item 93 from queue and executing
1665027286.599543 -- INFO: starting 31, 50, /home/cc/files_to_send/FILE0
1665027286.599602 -- INFO: Process 30 get item 99 from queue and executing
1665027286.600016 -- INFO: starting 30, 99, /home/cc/files_to_send/FILE2
1665027286.600125 -- INFO: starting 28, 93, /home/cc/files_to_send/FILE1
1665027286.857423 -- INFO: Throughput @105.2s:6190.79Mbps, rtt :36.55ms cwnd: 879.2 lossRate: 2.5134032059424587e-05 CC:32 score:-3283.0 
1665027287.860787 -- INFO: Throughput @106.2s:8573.16Mbps, rtt :48.15ms cwnd: 1177.5 lossRate: 0.00011036368157285532 CC:32 score:-4540.0 
1665027288.861916 -- INFO: Throughput @107.2s:8858.37Mbps, rtt :39.72ms cwnd: 1007.2 lossRate: 0.00021609513456533912 CC:32 score:-4681.0 
1665027289.863787 -- INFO: Throughput @108.2s:8875.15Mbps, rtt :41.78ms cwnd: 1037.2 lossRate: 2.7400370296432862e-05 CC:32 score:-4707.0 
1665027289.902698 -- INFO: Iteration 32 Ends, Took 3.34 Seconds. Best Params: [14] and Score: -6809.333333333333.
1665027289.902811 -- INFO: Iteration 33 Starts ...
1665027289.903013 -- INFO: Changing concurrency to 32 ******
1665027289.903121 -- INFO: Process Status Bits from change concurrency are: 1 1 1 1 1 1 1 1 1 1 1 1 1 1 1 1 1 1 1 1 1 1 1 1 1 1 1 1 1 1 1 1
1665027289.903228 -- INFO: Active CC: 32
1665027290.862090 -- INFO: Throughput @109.2s:8539.6Mbps, rtt :43.74ms cwnd: 1034.2 lossRate: 9.752912666730784e-05 CC:32 score:-4523.0 
1665027291.867923 -- INFO: Throughput @110.2s:8489.27Mbps, rtt :40.17ms cwnd: 1000.8 lossRate: 9.01210899736191e-05 CC:32 score:-4497.0 
1665027292.869397 -- INFO: Throughput @111.2s:8522.83Mbps, rtt :42.96ms cwnd: 1023.2 lossRate: 5.970886500232729e-05 CC:32 score:-4517.0 
1665027293.117829 -- INFO: Process 3 finished on working on file 6 
1665027293.118965 -- INFO: Process 3 get item 120 from queue and executing
1665027293.119244 -- INFO: starting 3, 120, /home/cc/files_to_send/FILE3
1665027293.239558 -- INFO: Iteration 33 Ends, Took 3.34 Seconds. Best Params: [14] and Score: -6809.333333333333.
1665027293.239680 -- INFO: Iteration 34 Starts ...
1665027293.239895 -- INFO: Changing concurrency to 6 ******
1665027293.239994 -- INFO: Process Status Bits from change concurrency are: 1 1 1 1 1 1 0 0 0 0 0 0 0 0 0 0 0 0 0 0 0 0 0 0 0 0 0 0 0 0 0 0
1665027293.240097 -- INFO: Active CC: 6
1665027293.865925 -- INFO: Throughput @112.2s:4887.83Mbps, rtt :34.11ms cwnd: 1284.7 lossRate: 0 CC:6 score:-4340.0 
1665027294.868597 -- INFO: Throughput @113.2s:2583.69Mbps, rtt :34.1ms cwnd: 1330.3 lossRate: 0.0 CC:6 score:-2294.0 
1665027295.869347 -- INFO: Throughput @114.2s:2617.25Mbps, rtt :34.38ms cwnd: 1366.8 lossRate: 0.0 CC:6 score:-2324.0 
1665027296.112840 -- INFO: Process 4 finished on working on file 42 
1665027296.113303 -- INFO: Process 4 get item 114 from queue and executing
1665027296.113498 -- INFO: starting 4, 114, /home/cc/files_to_send/FILE0
1665027296.609061 -- INFO: Iteration 34 Ends, Took 3.37 Seconds. Best Params: [14] and Score: -6809.333333333333.
1665027296.609171 -- INFO: Iteration 35 Starts ...
1665027296.609384 -- INFO: Changing concurrency to 24 ******
1665027296.610135 -- INFO: Start Process :: 6
1665027296.610281 -- INFO: Start Process :: 7
1665027296.610348 -- INFO: Start Process :: 10
1665027296.610467 -- INFO: Start Process :: 9
1665027296.610578 -- INFO: Start Process :: 11
1665027296.610703 -- INFO: Start Process :: 13
1665027296.610788 -- INFO: Process Status Bits from change concurrency are: 1 1 1 1 1 1 1 1 1 1 1 1 1 1 1 1 1 1 1 1 1 1 1 1 0 0 0 0 0 0 0 0
1665027296.610859 -- INFO: Start Process :: 14
1665027296.611031 -- INFO: Start Process :: 12
1665027296.611143 -- INFO: Start Process :: 23
1665027296.611222 -- INFO: Start Process :: 18
1665027296.611478 -- INFO: Active CC: 24
1665027296.611387 -- INFO: Start Process :: 17
1665027296.611407 -- INFO: Start Process :: 19
1665027296.611392 -- INFO: Start Process :: 20
1665027296.611533 -- INFO: Start Process :: 22
1665027296.611671 -- INFO: Start Process :: 21
1665027296.611671 -- INFO: Start Process :: 16
1665027296.612306 -- INFO: Start Process :: 15
1665027296.612490 -- INFO: Start Process :: 8
1665027296.643917 -- INFO: Process 7 get item 111 from queue and executing
1665027296.644230 -- INFO: starting 7, 111, /home/cc/files_to_send/FILE2
1665027296.644268 -- INFO: Process 6 get item 125 from queue and executing
1665027296.644470 -- INFO: starting 6, 125, /home/cc/files_to_send/FILE1
1665027296.644553 -- INFO: Process 10 get item 122 from queue and executing
1665027296.644699 -- INFO: starting 10, 122, /home/cc/files_to_send/FILE0
1665027296.644701 -- INFO: Process 9 get item 126 from queue and executing
1665027296.644866 -- INFO: starting 9, 126, /home/cc/files_to_send/FILE0
1665027296.644970 -- INFO: Process 13 get item 113 from queue and executing
1665027296.645097 -- INFO: Process 11 get item 127 from queue and executing
1665027296.645155 -- INFO: starting 13, 113, /home/cc/files_to_send/FILE1
1665027296.645221 -- INFO: Process 14 get item 124 from queue and executing
1665027296.645271 -- INFO: starting 11, 127, /home/cc/files_to_send/FILE2
1665027296.645435 -- INFO: starting 14, 124, /home/cc/files_to_send/FILE3
1665027296.645524 -- INFO: Process 23 get item 123 from queue and executing
1665027296.645656 -- INFO: starting 23, 123, /home/cc/files_to_send/FILE2
1665027296.645668 -- INFO: Process 20 get item 119 from queue and executing
1665027296.645835 -- INFO: Process 19 get item 121 from queue and executing
1665027296.645898 -- INFO: Process 17 get item 118 from queue and executing
1665027296.646064 -- INFO: starting 17, 118, /home/cc/files_to_send/FILE0
1665027296.646064 -- INFO: starting 19, 121, /home/cc/files_to_send/FILE1
1665027296.646080 -- INFO: Process 12 get item 112 from queue and executing
1665027296.646321 -- INFO: starting 20, 119, /home/cc/files_to_send/FILE2
1665027296.646445 -- INFO: starting 12, 112, /home/cc/files_to_send/FILE3
1665027296.646618 -- INFO: Process 18 get item 117 from queue and executing
1665027296.646905 -- INFO: starting 18, 117, /home/cc/files_to_send/FILE1
1665027296.646903 -- INFO: Process 21 get item 116 from queue and executing
1665027296.646994 -- INFO: Process 16 get item 102 from queue and executing
1665027296.647048 -- INFO: Process 22 get item 115 from queue and executing
1665027296.647442 -- INFO: starting 22, 115, /home/cc/files_to_send/FILE2
1665027296.647551 -- INFO: starting 21, 116, /home/cc/files_to_send/FILE3
1665027296.647551 -- INFO: starting 16, 102, /home/cc/files_to_send/FILE0
1665027296.647618 -- INFO: Process 15 get item 107 from queue and executing
1665027296.647721 -- INFO: Process 8 get item 7 from queue and executing
1665027296.647974 -- INFO: starting 15, 107, /home/cc/files_to_send/FILE2
1665027296.648149 -- INFO: starting 8, 7, /home/cc/files_to_send/FILE2
1665027296.870099 -- INFO: Throughput @115.2s:2790.67Mbps, rtt :34.2ms cwnd: 429.8 lossRate: 1.2510842730366318e-05 CC:24 score:-1735.0 
1665027297.781183 -- INFO: Process 0 finished on working on file 37 
1665027297.781537 -- INFO: Process 0 get item 11 from queue and executing
1665027297.781675 -- INFO: starting 0, 11, /home/cc/files_to_send/FILE2
1665027297.871326 -- INFO: Throughput @116.2s:4216.74Mbps, rtt :34.66ms cwnd: 645.2 lossRate: 1.7053545289952905e-05 CC:24 score:-2621.0 
1665027298.280359 -- INFO: Process 1 finished on working on file 9 
1665027298.280711 -- INFO: Process 1 get item 104 from queue and executing
1665027298.280975 -- INFO: starting 1, 104, /home/cc/files_to_send/FILE3
1665027298.870901 -- INFO: Throughput @117.2s:6263.56Mbps, rtt :34.92ms cwnd: 1049.1 lossRate: 7.452634869969699e-05 CC:24 score:-3890.0 
1665027299.145977 -- INFO: Process 16 finished on working on file 102 
1665027299.146610 -- INFO: Process 16 get item 109 from queue and executing
1665027299.146836 -- INFO: starting 16, 109, /home/cc/files_to_send/FILE1
1665027299.872721 -- INFO: Throughput @118.2s:8721.42Mbps, rtt :40.43ms cwnd: 1337.5 lossRate: 0.0 CC:24 score:-5422.0 
1665027299.974927 -- INFO: Iteration 35 Ends, Took 3.37 Seconds. Best Params: [14] and Score: -6809.333333333333.
1665027299.975034 -- INFO: Iteration 36 Starts ...
1665027299.975226 -- INFO: Changing concurrency to 29 ******
1665027299.975703 -- INFO: Process Status Bits from change concurrency are: 1 1 1 1 1 1 1 1 1 1 1 1 1 1 1 1 1 1 1 1 1 1 1 1 1 1 1 1 1 0 0 0
1665027299.975966 -- INFO: Active CC: 29
1665027299.975943 -- INFO: Start Process :: 24
1665027299.976039 -- INFO: Start Process :: 25
1665027299.976180 -- INFO: Start Process :: 27
1665027299.976271 -- INFO: Start Process :: 26
1665027299.976374 -- INFO: Start Process :: 28
1665027300.012415 -- INFO: Process 26 get item 8 from queue and executing
1665027300.012625 -- INFO: starting 26, 8, /home/cc/files_to_send/FILE3
1665027300.012924 -- INFO: Process 25 get item 105 from queue and executing
1665027300.013124 -- INFO: starting 25, 105, /home/cc/files_to_send/FILE1
1665027300.013410 -- INFO: Process 27 get item 10 from queue and executing
1665027300.013585 -- INFO: Process 24 get item 39 from queue and executing
1665027300.013618 -- INFO: starting 27, 10, /home/cc/files_to_send/FILE0
1665027300.013802 -- INFO: starting 24, 39, /home/cc/files_to_send/FILE2
1665027300.014793 -- INFO: Process 28 get item 12 from queue and executing
1665027300.015081 -- INFO: starting 28, 12, /home/cc/files_to_send/FILE3
1665027300.464176 -- INFO: Process 2 finished on working on file 5 
1665027300.464612 -- INFO: Process 2 get item 41 from queue and executing
1665027300.464780 -- INFO: starting 2, 41, /home/cc/files_to_send/FILE1
1665027300.874315 -- INFO: Throughput @119.2s:8922.75Mbps, rtt :41.06ms cwnd: 1155.3 lossRate: 0.0 CC:29 score:-5025.0 
1665027301.874248 -- INFO: Throughput @120.2s:8682.21Mbps, rtt :43.38ms cwnd: 1183.9 lossRate: 4.809914837785622e-05 CC:29 score:-4885.0 
1665027302.878587 -- INFO: Throughput @121.2s:8581.55Mbps, rtt :48.29ms cwnd: 1219.2 lossRate: 0.0001199711530036598 CC:29 score:-4822.0 
1665027303.340811 -- INFO: Iteration 36 Ends, Took 3.37 Seconds. Best Params: [14] and Score: -6809.333333333333.
1665027303.340931 -- INFO: Iteration 37 Starts ...
1665027303.341134 -- INFO: Changing concurrency to 18 ******
1665027303.341409 -- INFO: Process Status Bits from change concurrency are: 1 1 1 1 1 1 1 1 1 1 1 1 1 1 1 1 1 1 0 0 0 0 0 0 0 0 0 0 0 0 0 0
1665027303.341693 -- INFO: Active CC: 18
1665027303.876996 -- INFO: Throughput @122.2s:7214.2Mbps, rtt :34.48ms cwnd: 1067.6 lossRate: 0 CC:18 score:-5051.0 
1665027304.538763 -- INFO: Process 15 finished on working on file 107 
1665027304.539425 -- INFO: Process 15 get item 23 from queue and executing
1665027304.539721 -- INFO: starting 15, 23, /home/cc/files_to_send/FILE2
1665027304.858865 -- INFO: Process 0 finished on working on file 11 
1665027304.859396 -- INFO: Process 0 get item 49 from queue and executing
1665027304.859545 -- INFO: starting 0, 49, /home/cc/files_to_send/FILE1
1665027304.880273 -- INFO: Throughput @123.2s:6319.55Mbps, rtt :35.42ms cwnd: 1110.4 lossRate: 0.0 CC:18 score:-4425.0 
1665027305.062286 -- INFO: Process 1 finished on working on file 104 
1665027305.062645 -- INFO: Process 1 get item 13 from queue and executing
1665027305.062797 -- INFO: starting 1, 13, /home/cc/files_to_send/FILE1
1665027305.163535 -- INFO: Process 16 finished on working on file 109 
1665027305.164105 -- INFO: Process 16 get item 34 from queue and executing
1665027305.164305 -- INFO: starting 16, 34, /home/cc/files_to_send/FILE0
1665027305.881260 -- INFO: Throughput @124.2s:6621.54Mbps, rtt :34.63ms cwnd: 1150.1 lossRate: 0.0 CC:18 score:-4636.0 
1665027306.417021 -- INFO: Process 15 finished on working on file 23 
1665027306.417527 -- INFO: Process 15 get item 40 from queue and executing
1665027306.417711 -- INFO: starting 15, 40, /home/cc/files_to_send/FILE3
1665027306.707631 -- INFO: Iteration 37 Ends, Took 3.37 Seconds. Best Params: [14] and Score: -6809.333333333333.
1665027306.707749 -- INFO: Iteration 38 Starts ...
1665027306.707904 -- INFO: Changing concurrency to 16 ******
1665027306.708965 -- INFO: Process Status Bits from change concurrency are: 1 1 1 1 1 1 1 1 1 1 1 1 1 1 1 1 0 0 0 0 0 0 0 0 0 0 0 0 0 0 0 0
1665027306.709899 -- INFO: Active CC: 16
1665027306.880616 -- INFO: Throughput @125.2s:6716.54Mbps, rtt :34.59ms cwnd: 1130.2 lossRate: 0.0 CC:16 score:-4893.0 
1665027307.883717 -- INFO: Throughput @126.2s:6140.46Mbps, rtt :34.93ms cwnd: 1191.7 lossRate: 0 CC:16 score:-4473.0 
1665027308.619720 -- INFO: Process 2 finished on working on file 41 
1665027308.620147 -- INFO: Process 2 get item 33 from queue and executing
1665027308.620290 -- INFO: starting 2, 33, /home/cc/files_to_send/FILE1
1665027308.882873 -- INFO: Throughput @127.2s:6372.61Mbps, rtt :34.41ms cwnd: 1240.2 lossRate: 0.0 CC:16 score:-4642.0 
1665027309.240456 -- INFO: Process 4 finished on working on file 114 
1665027309.241277 -- INFO: Process 4 get item 29 from queue and executing
1665027309.241600 -- INFO: starting 4, 29, /home/cc/files_to_send/FILE1
1665027309.884845 -- INFO: Throughput @128.2s:6381.0Mbps, rtt :34.34ms cwnd: 1209.1 lossRate: 8.340374301493652e-05 CC:16 score:-4643.0 
1665027309.959753 -- INFO: Process 7 finished on working on file 111 
1665027309.960302 -- INFO: Process 7 get item 30 from queue and executing
1665027309.960500 -- INFO: starting 7, 30, /home/cc/files_to_send/FILE0
1665027310.115777 -- INFO: Iteration 38 Ends, Took 3.41 Seconds. Best Params: [14] and Score: -6809.333333333333.
1665027310.115900 -- INFO: Iteration 39 Starts ...
1665027310.116110 -- INFO: Changing concurrency to 15 ******
1665027310.117273 -- INFO: Process Status Bits from change concurrency are: 1 1 1 1 1 1 1 1 1 1 1 1 1 1 1 0 0 0 0 0 0 0 0 0 0 0 0 0 0 0 0 0
1665027310.118325 -- INFO: Active CC: 15
1665027310.822459 -- INFO: Process 1 finished on working on file 13 
1665027310.822983 -- INFO: Process 1 get item 31 from queue and executing
1665027310.823161 -- INFO: starting 1, 31, /home/cc/files_to_send/FILE2
1665027310.883852 -- INFO: Throughput @129.2s:6025.95Mbps, rtt :34.79ms cwnd: 1232.4 lossRate: 0 CC:15 score:-4477.0 
1665027310.906094 -- INFO: Process 0 finished on working on file 49 
1665027310.906417 -- INFO: Process 0 get item 99 from queue and executing
1665027310.906547 -- INFO: starting 0, 99, /home/cc/files_to_send/FILE2
1665027311.678137 -- INFO: Process 12 finished on working on file 112 
1665027311.678504 -- INFO: Process 12 get item 32 from queue and executing
1665027311.678638 -- INFO: starting 12, 32, /home/cc/files_to_send/FILE3
1665027311.887861 -- INFO: Throughput @130.2s:6176.94Mbps, rtt :34.17ms cwnd: 1283.1 lossRate: 5.9803917904171694e-05 CC:15 score:-4586.0 
1665027312.827383 -- INFO: Process 0 finished on working on file 99 
1665027312.827690 -- INFO: Process 0 get item 93 from queue and executing
1665027312.827806 -- INFO: starting 0, 93, /home/cc/files_to_send/FILE1
1665027312.888912 -- INFO: Throughput @131.2s:6607.49Mbps, rtt :34.5ms cwnd: 1389.7 lossRate: 0.0 CC:15 score:-4909.0 
1665027312.957338 -- INFO: Process 5 finished on working on file 43 
1665027312.958043 -- INFO: Process 5 get item 50 from queue and executing
1665027312.958257 -- INFO: starting 5, 50, /home/cc/files_to_send/FILE0
1665027313.481501 -- INFO: Iteration 39 Ends, Took 3.37 Seconds. Best Params: [14] and Score: -6809.333333333333.
1665027313.481612 -- INFO: Iteration 40 Starts ...
1665027313.481802 -- INFO: Changing concurrency to 14 ******
1665027313.483117 -- INFO: Process Status Bits from change concurrency are: 1 1 1 1 1 1 1 1 1 1 1 1 1 1 0 0 0 0 0 0 0 0 0 0 0 0 0 0 0 0 0 0
1665027313.484360 -- INFO: Active CC: 14
1665027313.508982 -- INFO: Process 7 finished on working on file 30 
1665027313.509564 -- INFO: Process 7 get item 36 from queue and executing
1665027313.509736 -- INFO: starting 7, 36, /home/cc/files_to_send/FILE3
1665027313.612304 -- INFO: Process 4 finished on working on file 29 
1665027313.612749 -- INFO: Process 4 get item 48 from queue and executing
1665027313.612911 -- INFO: starting 4, 48, /home/cc/files_to_send/FILE3
1665027313.888159 -- INFO: Throughput @132.2s:6702.69Mbps, rtt :35.41ms cwnd: 1424.3 lossRate: 0 CC:14 score:-5080.0 
1665027314.888623 -- INFO: Throughput @133.2s:6157.24Mbps, rtt :34.5ms cwnd: 1365.6 lossRate: 9.627891435141049e-05 CC:14 score:-4660.0 
1665027315.892224 -- INFO: Throughput @134.2s:6333.4Mbps, rtt :35.13ms cwnd: 1426.3 lossRate: 0.0 CC:14 score:-4800.0 
1665027316.524244 -- INFO: Process 2 finished on working on file 33 
1665027316.524791 -- INFO: Process 2 get item 47 from queue and executing
1665027316.525037 -- INFO: starting 2, 47, /home/cc/files_to_send/FILE2
1665027316.600194 -- INFO: Process 13 finished on working on file 113 
1665027316.600739 -- INFO: Process 13 get item 81 from queue and executing
1665027316.600951 -- INFO: starting 13, 81, /home/cc/files_to_send/FILE1
1665027316.850177 -- INFO: Iteration 40 Ends, Took 3.37 Seconds. Best Params: [14] and Score: -6809.333333333333.
1665027316.850281 -- INFO: Iteration 41 Starts ...
1665027316.850464 -- INFO: Changing concurrency to 14 ******
1665027316.851805 -- INFO: Process Status Bits from change concurrency are: 1 1 1 1 1 1 1 1 1 1 1 1 1 1 0 0 0 0 0 0 0 0 0 0 0 0 0 0 0 0 0 0
1665027316.853114 -- INFO: Active CC: 14
1665027316.891210 -- INFO: Throughput @135.2s:6646.7Mbps, rtt :34.65ms cwnd: 1487.2 lossRate: 0.0 CC:14 score:-5037.0 
1665027317.131483 -- INFO: Process 5 finished on working on file 50 
1665027317.132028 -- INFO: Process 5 get item 28 from queue and executing
1665027317.132266 -- INFO: starting 5, 28, /home/cc/files_to_send/FILE3
1665027317.891450 -- INFO: Throughput @136.2s:6867.54Mbps, rtt :35.29ms cwnd: 1549.1 lossRate: 0.0 CC:14 score:-5205.0 
1665027318.240630 -- INFO: Process 12 finished on working on file 32 
1665027318.241043 -- INFO: Process 12 get item 53 from queue and executing
1665027318.241249 -- INFO: starting 12, 53, /home/cc/files_to_send/FILE1
1665027318.580129 -- INFO: Process 6 finished on working on file 125 
1665027318.580720 -- INFO: Process 6 get item 38 from queue and executing
1665027318.580902 -- INFO: starting 6, 38, /home/cc/files_to_send/FILE0
1665027318.895415 -- INFO: Throughput @137.2s:7116.46Mbps, rtt :34.75ms cwnd: 1499.1 lossRate: 0.00010109756077675539 CC:14 score:-5386.0 
1665027319.270489 -- INFO: Process 13 finished on working on file 81 
1665027319.270994 -- INFO: Process 13 get item 52 from queue and executing
1665027319.271156 -- INFO: starting 13, 52, /home/cc/files_to_send/FILE3
1665027319.895043 -- INFO: Throughput @138.2s:6951.42Mbps, rtt :35.6ms cwnd: 1574.8 lossRate: 0.0 CC:14 score:-5268.0 
1665027320.223404 -- INFO: Iteration 41 Ends, Took 3.37 Seconds. Best Params: [14] and Score: -6809.333333333333.
1665027320.223527 -- INFO: Iteration 42 Starts ...
1665027320.223727 -- INFO: Changing concurrency to 14 ******
1665027320.225048 -- INFO: Process Status Bits from change concurrency are: 1 1 1 1 1 1 1 1 1 1 1 1 1 1 0 0 0 0 0 0 0 0 0 0 0 0 0 0 0 0 0 0
1665027320.226433 -- INFO: Active CC: 14
1665027320.878128 -- INFO: Process 1 finished on working on file 31 
1665027320.878540 -- INFO: Process 1 get item 46 from queue and executing
1665027320.878739 -- INFO: starting 1, 46, /home/cc/files_to_send/FILE0
1665027320.895010 -- INFO: Throughput @139.2s:7396.02Mbps, rtt :34.82ms cwnd: 1650.5 lossRate: 0.0 CC:14 score:-5605.0 
1665027320.897273 -- INFO: Process 3 finished on working on file 120 
1665027320.897625 -- INFO: Process 3 get item 35 from queue and executing
1665027320.897787 -- INFO: starting 3, 35, /home/cc/files_to_send/FILE2
1665027321.826171 -- INFO: Process 7 finished on working on file 36 
1665027321.826935 -- INFO: Process 7 get item 123 from queue and executing
1665027321.827154 -- INFO: starting 7, 123, /home/cc/files_to_send/FILE2
1665027321.895719 -- INFO: Throughput @140.2s:7502.34Mbps, rtt :37.16ms cwnd: 1701.0 lossRate: 0.0 CC:14 score:-5686.0 
1665027322.696738 -- INFO: Process 9 finished on working on file 126 
1665027322.697574 -- INFO: Process 9 get item 119 from queue and executing
1665027322.697816 -- INFO: starting 9, 119, /home/cc/files_to_send/FILE2
1665027322.741400 -- INFO: Process 11 finished on working on file 127 
1665027322.742191 -- INFO: Process 11 get item 12 from queue and executing
1665027322.742434 -- INFO: starting 11, 12, /home/cc/files_to_send/FILE3
1665027322.895998 -- INFO: Throughput @141.2s:7334.57Mbps, rtt :34.77ms cwnd: 1570.1 lossRate: 8.734650836303114e-05 CC:14 score:-5552.0 
1665027322.945490 -- INFO: Process 11 finished on working on file 12 
1665027322.945960 -- INFO: Process 11 get item 115 from queue and executing
1665027322.946102 -- INFO: starting 11, 115, /home/cc/files_to_send/FILE2
1665027322.950738 -- INFO: Process 0 finished on working on file 93 
1665027322.951130 -- INFO: Process 0 get item 117 from queue and executing
1665027322.951303 -- INFO: starting 0, 117, /home/cc/files_to_send/FILE1
1665027323.259610 -- INFO: Process 4 finished on working on file 48 
1665027323.260267 -- INFO: Process 4 get item 10 from queue and executing
1665027323.260527 -- INFO: starting 4, 10, /home/cc/files_to_send/FILE0
1665027323.586577 -- INFO: Iteration 42 Ends, Took 3.36 Seconds. Best Params: [14] and Score: -6809.333333333333.
1665027323.586695 -- INFO: Iteration 43 Starts ...
1665027323.586927 -- INFO: Changing concurrency to 13 ******
1665027323.588318 -- INFO: Process Status Bits from change concurrency are: 1 1 1 1 1 1 1 1 1 1 1 1 1 0 0 0 0 0 0 0 0 0 0 0 0 0 0 0 0 0 0 0
1665027323.589592 -- INFO: Active CC: 13
1665027323.897930 -- INFO: Throughput @142.2s:7122.12Mbps, rtt :34.71ms cwnd: 1630.6 lossRate: 0 CC:13 score:-5506.0 
1665027323.934186 -- INFO: Process 5 finished on working on file 28 
1665027323.934871 -- INFO: Process 5 get item 8 from queue and executing
1665027323.935073 -- INFO: starting 5, 8, /home/cc/files_to_send/FILE3
1665027324.899562 -- INFO: Throughput @143.2s:7018.53Mbps, rtt :34.82ms cwnd: 1682.2 lossRate: 0.0 CC:13 score:-5426.0 
1665027325.901738 -- INFO: Throughput @144.2s:7096.76Mbps, rtt :36.77ms cwnd: 1712.2 lossRate: 0.0 CC:13 score:-5486.0 
1665027326.891840 -- INFO: Process 2 finished on working on file 47 
1665027326.892291 -- INFO: Process 2 get item 105 from queue and executing
1665027326.892513 -- INFO: starting 2, 105, /home/cc/files_to_send/FILE1
1665027326.902324 -- INFO: Throughput @145.2s:7236.64Mbps, rtt :34.64ms cwnd: 1739.1 lossRate: 0.0 CC:13 score:-5594.0 
1665027326.952501 -- INFO: Iteration 43 Ends, Took 3.37 Seconds. Best Params: [14] and Score: -6732.666666666667.
1665027326.952605 -- INFO: Iteration 44 Starts ...
1665027326.952883 -- INFO: Changing concurrency to 13 ******
1665027326.954463 -- INFO: Process Status Bits from change concurrency are: 1 1 1 1 1 1 1 1 1 1 1 1 1 0 0 0 0 0 0 0 0 0 0 0 0 0 0 0 0 0 0 0
1665027326.955910 -- INFO: Active CC: 13
1665027327.075220 -- INFO: Process 7 finished on working on file 123 
1665027327.075804 -- INFO: Process 7 get item 39 from queue and executing
1665027327.075999 -- INFO: starting 7, 39, /home/cc/files_to_send/FILE2
1665027327.785473 -- INFO: Process 11 finished on working on file 115 
1665027327.785921 -- INFO: Process 11 get item 116 from queue and executing
1665027327.786116 -- INFO: starting 11, 116, /home/cc/files_to_send/FILE3
1665027327.791151 -- INFO: Process 6 finished on working on file 38 
1665027327.791609 -- INFO: Process 6 get item 121 from queue and executing
1665027327.791763 -- INFO: starting 6, 121, /home/cc/files_to_send/FILE1
1665027327.901604 -- INFO: Throughput @146.2s:7365.39Mbps, rtt :35.62ms cwnd: 1764.5 lossRate: 0.0 CC:13 score:-5694.0 
1665027328.011217 -- INFO: Process 12 finished on working on file 53 
1665027328.011713 -- INFO: Process 12 get item 34 from queue and executing
1665027328.011907 -- INFO: starting 12, 34, /home/cc/files_to_send/FILE0
1665027328.732154 -- INFO: Process 9 finished on working on file 119 
1665027328.732748 -- INFO: Process 9 get item 118 from queue and executing
1665027328.732895 -- INFO: starting 9, 118, /home/cc/files_to_send/FILE0
1665027328.903009 -- INFO: Throughput @147.2s:6722.2Mbps, rtt :35.0ms cwnd: 1609.1 lossRate: 6.572972972972973e-05 CC:13 score:-5192.0 
1665027329.761863 -- INFO: Process 5 finished on working on file 8 
1665027329.762487 -- INFO: Process 5 get item 40 from queue and executing
1665027329.762698 -- INFO: starting 5, 40, /home/cc/files_to_send/FILE3
1665027329.907057 -- INFO: Throughput @148.2s:6951.42Mbps, rtt :34.61ms cwnd: 1658.9 lossRate: 0.0 CC:13 score:-5374.0 
1665027330.208135 -- INFO: Process 3 finished on working on file 35 
1665027330.208565 -- INFO: Process 3 get item 124 from queue and executing
1665027330.208820 -- INFO: starting 3, 124, /home/cc/files_to_send/FILE3
1665027330.317376 -- INFO: Iteration 44 Ends, Took 3.36 Seconds. Best Params: [14] and Score: -6682.666666666667.
1665027330.317482 -- INFO: Iteration 45 Starts ...
1665027330.317857 -- INFO: Changing concurrency to 12 ******
1665027330.319506 -- INFO: Process Status Bits from change concurrency are: 1 1 1 1 1 1 1 1 1 1 1 1 0 0 0 0 0 0 0 0 0 0 0 0 0 0 0 0 0 0 0 0
1665027330.320662 -- INFO: Active CC: 12
1665027330.903498 -- INFO: Throughput @149.2s:6775.26Mbps, rtt :34.58ms cwnd: 1662.1 lossRate: 0 CC:12 score:-5342.0 
1665027331.241870 -- INFO: Process 0 finished on working on file 117 
1665027331.242257 -- INFO: Process 0 get item 52 from queue and executing
1665027331.242413 -- INFO: starting 0, 52, /home/cc/files_to_send/FILE3
1665027331.659441 -- INFO: Process 7 finished on working on file 39 
1665027331.660051 -- INFO: Process 7 get item 34 from queue and executing
1665027331.660496 -- INFO: starting 7, 34, /home/cc/files_to_send/FILE0
1665027331.661345 -- INFO: Process 9 finished on working on file 118 
1665027331.762121 -- INFO: Process 2 finished on working on file 105 
1665027331.771108 -- INFO: Process 1 finished on working on file 46 
1665027331.907164 -- INFO: Throughput @150.2s:6361.68Mbps, rtt :34.14ms cwnd: 1674.1 lossRate: 0 CC:12 score:-5016.0 
1665027332.908250 -- INFO: Throughput @151.2s:4898.95Mbps, rtt :34.23ms cwnd: 1618.0 lossRate: 5.454657566084362e-05 CC:12 score:-3860.0 
1665027332.910773 -- INFO: Process 10 finished on working on file 122 
1665027332.979993 -- INFO: Process 0 finished on working on file 52 
1665027333.165927 -- INFO: Process 8 finished on working on file 7 
1665027333.674451 -- INFO: Iteration 45 Ends, Took 3.36 Seconds. Best Params: [14] and Score: -6682.666666666667.
1665027333.674565 -- INFO: Iteration 46 Starts ...
1665027333.674810 -- INFO: Changing concurrency to 12 ******
1665027333.676774 -- INFO: Process Status Bits from change concurrency are: 1 1 1 1 1 1 1 1 1 1 1 1 0 0 0 0 0 0 0 0 0 0 0 0 0 0 0 0 0 0 0 0
1665027333.678695 -- INFO: Active CC: 12
1665027333.683550 -- INFO: Process 7 finished on working on file 34 
1665027333.908148 -- INFO: Throughput @152.2s:3612.95Mbps, rtt :34.11ms cwnd: 1837.2 lossRate: 0 CC:12 score:-2849.0 
1665027334.448325 -- INFO: Process 5 finished on working on file 40 
1665027334.909568 -- INFO: Throughput @153.2s:2807.45Mbps, rtt :34.14ms cwnd: 1874.0 lossRate: 0 CC:12 score:-2214.0 
1665027335.399917 -- INFO: Process 11 finished on working on file 116 
1665027335.731942 -- INFO: Process 3 finished on working on file 124 
1665027335.912398 -- INFO: Throughput @154.2s:2041.36Mbps, rtt :34.95ms cwnd: 1642.0 lossRate: 0 CC:12 score:-1610.0 
1665027336.778609 -- INFO: Process 6 finished on working on file 121 
1665027336.915871 -- INFO: Throughput @155.2s:1003.9Mbps, rtt :34.68ms cwnd: 1147.0 lossRate: 0 CC:12 score:-792.0 
1665027337.040023 -- INFO: Iteration 46 Ends, Took 3.37 Seconds. Best Params: [13] and Score: -6550.0.
1665027337.040128 -- INFO: Iteration 47 Starts ...
1665027337.040345 -- INFO: Changing concurrency to 16 ******
1665027337.041917 -- INFO: Process Status Bits from change concurrency are: 1 1 1 1 1 1 1 1 1 1 1 1 1 1 1 1 0 0 0 0 0 0 0 0 0 0 0 0 0 0 0 0
1665027337.043560 -- INFO: Active CC: 16
1665027337.913131 -- INFO: Throughput @156.2s:377.49Mbps, rtt :34.65ms cwnd: 1173.0 lossRate: 0.0 CC:16 score:-275.0 
1665027338.914948 -- INFO: Throughput @157.2s:394.26Mbps, rtt :34.68ms cwnd: 1187.0 lossRate: 0.0 CC:16 score:-287.0 
1665027339.786693 -- INFO: Process 4 finished on working on file 10 
1665027339.786779 -- INFO: Process 23 shutdown itself from outest loop
1665027339.786800 -- INFO: Process 26 shutdown itself from outest loop
1665027339.786800 -- INFO: Process 17 shutdown itself from outest loop
1665027339.786937 -- INFO: Process 9 shutdown itself from outest loop
1665027339.786840 -- INFO: Process 16 shutdown itself from outest loop
1665027339.786840 -- INFO: Process 21 shutdown itself from outest loop
1665027339.786859 -- INFO: Process 20 shutdown itself from outest loop
1665027339.786852 -- INFO: Process 30 shutdown itself from outest loop
1665027339.786844 -- INFO: Process 31 shutdown itself from outest loop
1665027339.787030 -- INFO: Process Status Bits are: 1 0 1 1 1 1 1 0 1 0 1 1 1 1 1 0 0 0 0 0 0 0 0 0 0 0 0 0 0 0 0 0
1665027339.786859 -- INFO: Process 19 shutdown itself from outest loop
1665027339.786904 -- INFO: Process 28 shutdown itself from outest loop
1665027339.786944 -- INFO: Process 7 shutdown itself from outest loop
1665027339.786874 -- INFO: Process 18 shutdown itself from outest loop
1665027339.787084 -- INFO: Process 15 shutdown itself from outest loop
1665027339.786911 -- INFO: Process 29 shutdown itself from outest loop
1665027339.787000 -- INFO: Process 22 shutdown itself from outest loop
1665027339.787158 -- INFO: Process Status Bits are: 0 0 1 1 1 1 1 0 1 0 1 1 1 1 1 0 0 0 0 0 0 0 0 0 0 0 0 0 0 0 0 0
1665027339.787158 -- INFO: Process Status Bits are: 0 0 1 1 1 1 1 0 1 0 1 1 1 1 1 0 0 0 0 0 0 0 0 0 0 0 0 0 0 0 0 0
1665027339.787192 -- INFO: Process Status Bits are: 0 0 1 1 1 1 1 0 1 0 1 1 1 1 1 0 0 0 0 0 0 0 0 0 0 0 0 0 0 0 0 0
1665027339.787238 -- INFO: Process Status Bits are: 0 0 0 1 1 1 1 0 1 0 1 1 1 1 1 0 0 0 0 0 0 0 0 0 0 0 0 0 0 0 0 0
1665027339.787242 -- INFO: Process Status Bits are: 0 0 0 1 1 1 1 0 1 0 1 1 1 1 1 0 0 0 0 0 0 0 0 0 0 0 0 0 0 0 0 0
1665027339.787045 -- INFO: Process 25 shutdown itself from outest loop
1665027339.787244 -- INFO: Process 2 shutdown itself from outest loop
1665027339.787325 -- INFO: Process Status Bits are: 0 0 0 1 1 1 1 0 1 0 1 1 1 1 1 0 0 0 0 0 0 0 0 0 0 0 0 0 0 0 0 0
1665027339.787081 -- INFO: Process 24 shutdown itself from outest loop
1665027339.787047 -- INFO: Process 27 shutdown itself from outest loop
1665027339.787383 -- INFO: Process Status Bits are: 0 0 0 1 1 1 1 0 1 0 1 1 0 1 1 0 0 0 0 0 0 0 0 0 0 0 0 0 0 0 0 0
1665027339.787446 -- INFO: Process Status Bits are: 0 0 0 1 1 1 1 0 1 0 1 1 0 1 1 0 0 0 0 0 0 0 0 0 0 0 0 0 0 0 0 0
1665027339.787517 -- INFO: Process Status Bits are: 0 0 0 1 1 1 1 0 1 0 1 1 0 1 1 0 0 0 0 0 0 0 0 0 0 0 0 0 0 0 0 0
1665027339.787411 -- INFO: Process 12 shutdown itself from outest loop
1665027339.787521 -- INFO: Process Status Bits are: 0 0 0 1 1 1 1 0 1 0 1 1 0 1 1 0 0 0 0 0 0 0 0 0 0 0 0 0 0 0 0 0
1665027339.787548 -- INFO: Process Status Bits are: 0 0 0 1 0 1 1 0 1 0 1 1 0 1 1 0 0 0 0 0 0 0 0 0 0 0 0 0 0 0 0 0
1665027339.787550 -- INFO: Process 4 shutdown itself from outest loop
1665027339.787598 -- INFO: Process Status Bits are: 0 0 0 1 0 1 1 0 1 0 1 1 0 1 1 0 0 0 0 0 0 0 0 0 0 0 0 0 0 0 0 0
1665027339.787598 -- INFO: Process Status Bits are: 0 0 0 1 0 1 1 0 1 0 1 1 0 1 1 0 0 0 0 0 0 0 0 0 0 0 0 0 0 0 0 0
1665027339.787706 -- INFO: Process Status Bits are: 0 0 0 1 0 0 0 0 1 0 1 1 0 1 1 0 0 0 0 0 0 0 0 0 0 0 0 0 0 0 0 0
1665027339.787647 -- INFO: Process 6 shutdown itself from outest loop
1665027339.787683 -- INFO: Process 5 shutdown itself from outest loop
1665027339.787771 -- INFO: Process Status Bits are: 0 0 0 1 0 0 0 0 1 0 1 1 0 0 1 0 0 0 0 0 0 0 0 0 0 0 0 0 0 0 0 0
1665027339.787814 -- INFO: Process Status Bits are: 0 0 0 0 0 0 0 0 1 0 1 1 0 0 1 0 0 0 0 0 0 0 0 0 0 0 0 0 0 0 0 0
1665027339.787823 -- INFO: Process Status Bits are: 0 0 0 0 0 0 0 0 1 0 1 1 0 0 1 0 0 0 0 0 0 0 0 0 0 0 0 0 0 0 0 0
1665027339.787777 -- INFO: Process 13 shutdown itself from outest loop
1665027339.787887 -- INFO: Process Status Bits are: 0 0 0 0 0 0 0 0 1 0 1 1 0 0 1 0 0 0 0 0 0 0 0 0 0 0 0 0 0 0 0 0
1665027339.787921 -- INFO: Process Status Bits are: 0 0 0 0 0 0 0 0 1 0 1 1 0 0 0 0 0 0 0 0 0 0 0 0 0 0 0 0 0 0 0 0
1665027339.787823 -- INFO: Process 3 shutdown itself from outest loop
1665027339.787910 -- INFO: Process 14 shutdown itself from outest loop
1665027339.788027 -- INFO: Process Status Bits are: 0 0 0 0 0 0 0 0 1 0 1 1 0 0 0 0 0 0 0 0 0 0 0 0 0 0 0 0 0 0 0 0
1665027339.788030 -- INFO: Process Status Bits are: 0 0 0 0 0 0 0 0 1 0 1 1 0 0 0 0 0 0 0 0 0 0 0 0 0 0 0 0 0 0 0 0
1665027339.788153 -- INFO: Process Status Bits are: 0 0 0 0 0 0 0 0 1 0 1 1 0 0 0 0 0 0 0 0 0 0 0 0 0 0 0 0 0 0 0 0
1665027339.788191 -- INFO: Process Status Bits are: 0 0 0 0 0 0 0 0 1 0 1 1 0 0 0 0 0 0 0 0 0 0 0 0 0 0 0 0 0 0 0 0
1665027339.788286 -- INFO: Process Status Bits are: 0 0 0 0 0 0 0 0 1 0 1 1 0 0 0 0 0 0 0 0 0 0 0 0 0 0 0 0 0 0 0 0
1665027339.788280 -- INFO: Process Status Bits are: 0 0 0 0 0 0 0 0 1 0 1 1 0 0 0 0 0 0 0 0 0 0 0 0 0 0 0 0 0 0 0 0
1665027339.788311 -- INFO: Process Status Bits are: 0 0 0 0 0 0 0 0 1 0 1 1 0 0 0 0 0 0 0 0 0 0 0 0 0 0 0 0 0 0 0 0
1665027339.787588 -- INFO: Process 1 shutdown itself from outest loop
1665027339.788713 -- INFO: Process 11 shutdown itself from outest loop
1665027339.788951 -- INFO: Process Status Bits are: 0 0 0 0 0 0 0 0 1 0 1 0 0 0 0 0 0 0 0 0 0 0 0 0 0 0 0 0 0 0 0 0
1665027339.788946 -- INFO: Process Status Bits are: 0 0 0 0 0 0 0 0 1 0 1 0 0 0 0 0 0 0 0 0 0 0 0 0 0 0 0 0 0 0 0 0
1665027339.787671 -- INFO: Process 0 shutdown itself from outest loop
1665027339.789082 -- INFO: Process 8 shutdown itself from outest loop
1665027339.789188 -- INFO: Process Status Bits are: 0 0 0 0 0 0 0 0 0 0 1 0 0 0 0 0 0 0 0 0 0 0 0 0 0 0 0 0 0 0 0 0
1665027339.789220 -- INFO: Process Status Bits are: 0 0 0 0 0 0 0 0 0 0 1 0 0 0 0 0 0 0 0 0 0 0 0 0 0 0 0 0 0 0 0 0
1665027339.789309 -- INFO: Process 10 shutdown itself from outest loop
1665027339.789521 -- INFO: Process Status Bits are: 0 0 0 0 0 0 0 0 0 0 0 0 0 0 0 0 0 0 0 0 0 0 0 0 0 0 0 0 0 0 0 0
1665027340.454436 -- INFO: Iteration 47 Ends, Took 3.41 Seconds. Best Params: [12] and Score: -6310.0.
1665027340.454577 -- INFO: Iteration 48 Starts ...
1665027340.650932 -- INFO: Iteration 48 Ends, Took 0.2 Seconds. Best Params: [12] and Score: -6310.0.
1665027340.651017 -- INFO: Bayseian Optimizer Exits ...
1665027340.837554 -- INFO: Throughput @0.1s:0.0Mbps, rtt :0.0ms cwnd: 0.0 lossRate: 0 CC:0 score:-0.0 
