1664856205.846805 -- INFO: Changing concurrency to 1 ******
1664856205.849742 -- INFO: Start Process :: 0
1664856205.856098 -- INFO: Process Status Bits from change concurrency are: 1 0 0 0 0 0 0 0 0 0 0 0 0 0 0 0 0 0 0 0 0 0 0 0 0 0 0 0 0 0 0 0
1664856205.865373 -- INFO: Active CC: 1
1664856205.890218 -- INFO: Process 0 get item 0 from queue and executing
1664856205.891941 -- INFO: starting 0, 0, /users/jamilm/files_to_Send/FILE2
1664856205.921639 -- INFO: Throughput @0.1s:0.0Mbps, rtt :38.6ms cwnd: 10.0 lossRate: 0.0 CC:1 score:-0.0 
1664856206.912972 -- INFO: Throughput @1.1s:16.78Mbps, rtt :38.51ms cwnd: 54.0 lossRate: 0.0026954177897574125 CC:1 score:-16.0 
1664856207.915774 -- INFO: Throughput @2.1s:16.78Mbps, rtt :38.59ms cwnd: 68.0 lossRate: 0.0 CC:1 score:-16.0 
1664856208.915855 -- INFO: Throughput @3.1s:25.17Mbps, rtt :38.57ms cwnd: 59.0 lossRate: 0.0011254924029262803 CC:1 score:-24.0 
1664856209.068403 -- INFO: Changing concurrency to 3 ******
1664856209.071513 -- INFO: Start Process :: 1
1664856209.072348 -- INFO: Start Process :: 2
1664856209.077540 -- INFO: Process Status Bits from change concurrency are: 1 1 1 0 0 0 0 0 0 0 0 0 0 0 0 0 0 0 0 0 0 0 0 0 0 0 0 0 0 0 0 0
1664856209.084129 -- INFO: Active CC: 3
1664856209.111330 -- INFO: Process 1 get item 1 from queue and executing
1664856209.112045 -- INFO: starting 1, 1, /users/jamilm/files_to_Send/FILE1
1664856209.112143 -- INFO: Process 2 get item 2 from queue and executing
1664856209.112739 -- INFO: starting 2, 2, /users/jamilm/files_to_Send/FILE0
1664856209.914305 -- INFO: Throughput @4.1s:75.5Mbps, rtt :38.6ms cwnd: 104.3 lossRate: 0.001158173395102581 CC:3 score:-70.0 
1664856210.914404 -- INFO: Throughput @5.1s:92.27Mbps, rtt :38.59ms cwnd: 105.0 lossRate: 0.0005148005148005148 CC:3 score:-86.0 
1664856211.915761 -- INFO: Throughput @6.1s:92.27Mbps, rtt :38.65ms cwnd: 108.0 lossRate: 0.0002428068471530897 CC:3 score:-87.0 
1664856212.285272 -- INFO: Gradient: -31.166666666666664, Gredient Change: 1.669642857142857, Theta: 1, Previous CC: 2, Choosen CC: 6
1664856212.285373 -- INFO: Changing concurrency to 5 ******
1664856212.288930 -- INFO: Start Process :: 3
1664856212.289072 -- INFO: Start Process :: 4
1664856212.290998 -- INFO: Process Status Bits from change concurrency are: 1 1 1 1 1 0 0 0 0 0 0 0 0 0 0 0 0 0 0 0 0 0 0 0 0 0 0 0 0 0 0 0
1664856212.298824 -- INFO: Active CC: 5
1664856212.328901 -- INFO: Process 3 get item 3 from queue and executing
1664856212.329354 -- INFO: Process 4 get item 4 from queue and executing
1664856212.329686 -- INFO: starting 3, 3, /users/jamilm/files_to_Send/FILE3
1664856212.329779 -- INFO: starting 4, 4, /users/jamilm/files_to_Send/FILE2
1664856212.917203 -- INFO: Throughput @7.1s:117.44Mbps, rtt :38.61ms cwnd: 111.6 lossRate: 0.001265329959120109 CC:5 score:-105.0 
1664856213.918102 -- INFO: Throughput @8.1s:159.38Mbps, rtt :38.61ms cwnd: 105.2 lossRate: 0.0010405053883314752 CC:5 score:-143.0 
1664856214.919923 -- INFO: Throughput @9.1s:150.99Mbps, rtt :38.6ms cwnd: 90.6 lossRate: 0.0008725311334972634 CC:5 score:-135.0 
1664856215.499950 -- INFO: Changing concurrency to 7 ******
1664856215.504114 -- INFO: Start Process :: 6
1664856215.504193 -- INFO: Start Process :: 5
1664856215.508057 -- INFO: Process Status Bits from change concurrency are: 1 1 1 1 1 1 1 0 0 0 0 0 0 0 0 0 0 0 0 0 0 0 0 0 0 0 0 0 0 0 0 0
1664856215.512904 -- INFO: Active CC: 7
1664856215.543998 -- INFO: Process 6 get item 5 from queue and executing
1664856215.544109 -- INFO: Process 5 get item 6 from queue and executing
1664856215.544399 -- INFO: starting 6, 5, /users/jamilm/files_to_Send/FILE1
1664856215.544531 -- INFO: starting 5, 6, /users/jamilm/files_to_Send/FILE0
1664856215.921404 -- INFO: Throughput @10.1s:159.38Mbps, rtt :38.71ms cwnd: 118.4 lossRate: 0.00020876826722338206 CC:7 score:-138.0 
1664856216.921936 -- INFO: Throughput @11.1s:301.99Mbps, rtt :38.97ms cwnd: 175.9 lossRate: 0.00034854000464720004 CC:7 score:-262.0 
1664856217.924469 -- INFO: Throughput @12.1s:452.98Mbps, rtt :38.67ms cwnd: 227.1 lossRate: 0.0008487872630468891 CC:7 score:-391.0 
1664856218.714064 -- INFO: Gradient: -68.0, Gredient Change: 0.5326370757180157, Theta: 2, Previous CC: 6, Choosen CC: 14
1664856218.714168 -- INFO: Changing concurrency to 13 ******
1664856218.718106 -- INFO: Process Status Bits from change concurrency are: 1 1 1 1 1 1 1 1 1 1 1 1 1 0 0 0 0 0 0 0 0 0 0 0 0 0 0 0 0 0 0 0
1664856218.720109 -- INFO: Start Process :: 11
1664856218.720364 -- INFO: Start Process :: 9
1664856218.720786 -- INFO: Start Process :: 12
1664856218.720831 -- INFO: Start Process :: 8
1664856218.721529 -- INFO: Active CC: 13
1664856218.721443 -- INFO: Start Process :: 10
1664856218.722156 -- INFO: Start Process :: 7
1664856218.760199 -- INFO: Process 11 get item 7 from queue and executing
1664856218.760370 -- INFO: Process 9 get item 8 from queue and executing
1664856218.760428 -- INFO: Process 12 get item 9 from queue and executing
1664856218.760968 -- INFO: starting 12, 9, /users/jamilm/files_to_Send/FILE1
1664856218.760926 -- INFO: starting 9, 8, /users/jamilm/files_to_Send/FILE2
1664856218.760940 -- INFO: starting 11, 7, /users/jamilm/files_to_Send/FILE3
1664856218.760976 -- INFO: Process 8 get item 10 from queue and executing
1664856218.761540 -- INFO: Process 10 get item 11 from queue and executing
1664856218.761591 -- INFO: starting 8, 10, /users/jamilm/files_to_Send/FILE0
1664856218.761983 -- INFO: starting 10, 11, /users/jamilm/files_to_Send/FILE3
1664856218.762226 -- INFO: Process 7 get item 12 from queue and executing
1664856218.762768 -- INFO: starting 7, 12, /users/jamilm/files_to_Send/FILE2
1664856218.924207 -- INFO: Throughput @13.1s:452.98Mbps, rtt :38.78ms cwnd: 141.0 lossRate: 0.000676776538413335 CC:13 score:-347.0 
1664856219.924002 -- INFO: Throughput @14.1s:880.8Mbps, rtt :40.81ms cwnd: 282.0 lossRate: 0.00021314084346936457 CC:13 score:-679.0 
1664856220.926206 -- INFO: Throughput @15.1s:931.14Mbps, rtt :41.01ms cwnd: 316.1 lossRate: 0.0006009246881936694 CC:13 score:-714.0 
1664856221.922791 -- INFO: Changing concurrency to 15 ******
1664856221.925567 -- INFO: Process Status Bits from change concurrency are: 1 1 1 1 1 1 1 1 1 1 1 1 1 1 1 0 0 0 0 0 0 0 0 0 0 0 0 0 0 0 0 0
1664856221.925934 -- INFO: Throughput @16.1s:956.3Mbps, rtt :40.94ms cwnd: 314.7 lossRate: 0.0001230012300123001 CC:13 score:-738.0 
1664856221.927511 -- INFO: Start Process :: 14
1664856221.928993 -- INFO: Active CC: 15
1664856221.928812 -- INFO: Start Process :: 13
1664856221.969952 -- INFO: Process 14 get item 13 from queue and executing
1664856221.970428 -- INFO: starting 14, 13, /users/jamilm/files_to_Send/FILE1
1664856221.970478 -- INFO: Process 13 get item 14 from queue and executing
1664856221.970927 -- INFO: starting 13, 14, /users/jamilm/files_to_Send/FILE0
1664856222.926116 -- INFO: Throughput @17.1s:973.08Mbps, rtt :41.25ms cwnd: 260.6 lossRate: 0.0005657569458964172 CC:15 score:-718.0 
1664856223.925417 -- INFO: Throughput @18.1s:939.52Mbps, rtt :40.99ms cwnd: 254.4 lossRate: 0.00027041311749449954 CC:15 score:-696.0 
1664856224.929972 -- INFO: Throughput @19.1s:939.52Mbps, rtt :40.06ms cwnd: 226.6 lossRate: 0.0006503705885240269 CC:15 score:-692.0 
1664856225.130132 -- INFO: Gradient: -61.0, Gredient Change: 0.10517241379310345, Theta: 3, Previous CC: 14, Choosen CC: 20
1664856225.130245 -- INFO: Changing concurrency to 19 ******
1664856225.132932 -- INFO: Process Status Bits from change concurrency are: 1 1 1 1 1 1 1 1 1 1 1 1 1 1 1 1 1 1 1 0 0 0 0 0 0 0 0 0 0 0 0 0
1664856225.134567 -- INFO: Active CC: 19
1664856225.135537 -- INFO: Start Process :: 17
1664856225.136462 -- INFO: Start Process :: 15
1664856225.137938 -- INFO: Start Process :: 16
1664856225.138574 -- INFO: Start Process :: 18
1664856225.176525 -- INFO: Process 17 get item 15 from queue and executing
1664856225.176955 -- INFO: starting 17, 15, /users/jamilm/files_to_Send/FILE3
1664856225.177043 -- INFO: Process 15 get item 16 from queue and executing
1664856225.177416 -- INFO: starting 15, 16, /users/jamilm/files_to_Send/FILE2
1664856225.178797 -- INFO: Process 16 get item 17 from queue and executing
1664856225.179203 -- INFO: starting 16, 17, /users/jamilm/files_to_Send/FILE1
1664856225.179403 -- INFO: Process 18 get item 18 from queue and executing
1664856225.179804 -- INFO: starting 18, 18, /users/jamilm/files_to_Send/FILE0
1664856225.930891 -- INFO: Throughput @20.1s:973.08Mbps, rtt :40.45ms cwnd: 189.7 lossRate: 0.0008718824063954416 CC:19 score:-659.0 
1664856226.929441 -- INFO: Throughput @21.1s:931.14Mbps, rtt :41.08ms cwnd: 210.0 lossRate: 0.00018460856829901666 CC:19 score:-637.0 
1664856227.927722 -- INFO: Throughput @22.1s:947.91Mbps, rtt :40.82ms cwnd: 192.2 lossRate: 0.0004916783440273373 CC:19 score:-646.0 
1664856228.335550 -- INFO: Changing concurrency to 21 ******
1664856228.336615 -- INFO: Process Status Bits from change concurrency are: 1 1 1 1 1 1 1 1 1 1 1 1 1 1 1 1 1 1 1 1 1 0 0 0 0 0 0 0 0 0 0 0
1664856228.337756 -- INFO: Active CC: 21
1664856228.337783 -- INFO: Start Process :: 19
1664856228.340267 -- INFO: Start Process :: 20
1664856228.378552 -- INFO: Process 19 get item 19 from queue and executing
1664856228.378903 -- INFO: starting 19, 19, /users/jamilm/files_to_Send/FILE3
1664856228.381977 -- INFO: Process 20 get item 20 from queue and executing
1664856228.382398 -- INFO: starting 20, 20, /users/jamilm/files_to_Send/FILE2
1664856228.931849 -- INFO: Throughput @23.1s:964.69Mbps, rtt :40.84ms cwnd: 174.0 lossRate: 0.0006507299225263054 CC:21 score:-630.0 
1664856229.930864 -- INFO: Throughput @24.1s:947.91Mbps, rtt :41.22ms cwnd: 174.3 lossRate: 0.000344031061090087 CC:21 score:-622.0 
1664856230.932172 -- INFO: Throughput @25.1s:947.91Mbps, rtt :39.31ms cwnd: 153.9 lossRate: 0.0006654589818477578 CC:21 score:-619.0 
1664856231.538502 -- INFO: Gradient: 11.833333333333371, Gredient Change: 0.018280123583934146, Theta: -1, Previous CC: 20, Choosen CC: 19
1664856231.538619 -- INFO: Changing concurrency to 18 ******
1664856231.539857 -- INFO: Process Status Bits from change concurrency are: 1 1 1 1 1 1 1 1 1 1 1 1 1 1 1 1 1 1 0 0 0 0 0 0 0 0 0 0 0 0 0 0
1664856231.540990 -- INFO: Active CC: 18
1664856231.936798 -- INFO: Throughput @26.1s:897.58Mbps, rtt :38.89ms cwnd: 159.0 lossRate: 0 CC:18 score:-628.0 
1664856232.936346 -- INFO: Throughput @27.1s:771.75Mbps, rtt :38.87ms cwnd: 131.8 lossRate: 0.001202557015970801 CC:18 score:-531.0 
1664856233.935573 -- INFO: Throughput @28.1s:679.48Mbps, rtt :38.86ms cwnd: 122.8 lossRate: 0.0007369567037936521 CC:18 score:-471.0 
1664856234.742070 -- INFO: Changing concurrency to 20 ******
1664856234.743705 -- INFO: Start Process :: 18
1664856234.743815 -- INFO: Start Process :: 19
1664856234.743917 -- INFO: Process Status Bits from change concurrency are: 1 1 1 1 1 1 1 1 1 1 1 1 1 1 1 1 1 1 1 1 0 0 0 0 0 0 0 0 0 0 0 0
1664856234.745072 -- INFO: Active CC: 20
1664856234.783055 -- INFO: Process 18 get item 21 from queue and executing
1664856234.783149 -- INFO: Process 19 get item 22 from queue and executing
1664856234.783571 -- INFO: starting 18, 21, /users/jamilm/files_to_Send/FILE1
1664856234.783584 -- INFO: starting 19, 22, /users/jamilm/files_to_Send/FILE0
1664856234.939768 -- INFO: Throughput @29.1s:645.92Mbps, rtt :38.8ms cwnd: 116.8 lossRate: 0.00039562652855704215 CC:20 score:-432.0 
1664856235.938825 -- INFO: Throughput @30.1s:713.03Mbps, rtt :38.91ms cwnd: 123.2 lossRate: 0.0005082217158220896 CC:20 score:-476.0 
1664856236.936294 -- INFO: Throughput @31.1s:729.81Mbps, rtt :38.87ms cwnd: 122.2 lossRate: 0.0007249879168680521 CC:20 score:-486.0 
1664856237.941199 -- INFO: Throughput @32.1s:754.97Mbps, rtt :38.78ms cwnd: 127.4 lossRate: 0.0003393543013157692 CC:20 score:-506.0 
1664856237.945894 -- INFO: Gradient: 27.00000000000003, Gredient Change: 0.04969325153374238, Theta: -2, Previous CC: 19, Choosen CC: 17
1664856237.945993 -- INFO: Changing concurrency to 16 ******
1664856237.947357 -- INFO: Process Status Bits from change concurrency are: 1 1 1 1 1 1 1 1 1 1 1 1 1 1 1 1 0 0 0 0 0 0 0 0 0 0 0 0 0 0 0 0
1664856237.948389 -- INFO: Active CC: 16
1664856238.940757 -- INFO: Throughput @33.1s:645.92Mbps, rtt :38.85ms cwnd: 120.9 lossRate: 0 CC:16 score:-471.0 
1664856239.944661 -- INFO: Throughput @34.1s:595.59Mbps, rtt :38.96ms cwnd: 132.9 lossRate: 0 CC:16 score:-434.0 
1664856240.944772 -- INFO: Throughput @35.1s:662.7Mbps, rtt :38.89ms cwnd: 143.9 lossRate: 0.0002296211251435132 CC:16 score:-481.0 
1664856241.149500 -- INFO: Changing concurrency to 18 ******
1664856241.151124 -- INFO: Process Status Bits from change concurrency are: 1 1 1 1 1 1 1 1 1 1 1 1 1 1 1 1 1 1 0 0 0 0 0 0 0 0 0 0 0 0 0 0
1664856241.151193 -- INFO: Start Process :: 17
1664856241.151622 -- INFO: Start Process :: 16
1664856241.152705 -- INFO: Active CC: 18
1664856241.191557 -- INFO: Process 17 get item 23 from queue and executing
1664856241.192074 -- INFO: Process 16 get item 24 from queue and executing
1664856241.192125 -- INFO: starting 17, 23, /users/jamilm/files_to_Send/FILE3
1664856241.192953 -- INFO: starting 16, 24, /users/jamilm/files_to_Send/FILE2
1664856241.944038 -- INFO: Throughput @36.1s:713.03Mbps, rtt :39.11ms cwnd: 139.9 lossRate: 0.0005452825044504675 CC:18 score:-495.0 
1664856242.945134 -- INFO: Throughput @37.1s:813.69Mbps, rtt :39.06ms cwnd: 165.1 lossRate: 0.00024369266055045873 CC:18 score:-568.0 
1664856243.947246 -- INFO: Throughput @38.1s:939.52Mbps, rtt :39.74ms cwnd: 193.1 lossRate: 0.0004492699363534257 CC:18 score:-654.0 
1664856244.353586 -- INFO: Gradient: -55.166666666666686, Gredient Change: 0.11940836940836945, Theta: 1, Previous CC: 17, Choosen CC: 20
1664856244.353687 -- INFO: Changing concurrency to 19 ******
1664856244.355556 -- INFO: Process Status Bits from change concurrency are: 1 1 1 1 1 1 1 1 1 1 1 1 1 1 1 1 1 1 1 0 0 0 0 0 0 0 0 0 0 0 0 0
1664856244.355662 -- INFO: Start Process :: 18
1664856244.356888 -- INFO: Active CC: 19
1664856244.395711 -- INFO: Process 18 get item 25 from queue and executing
1664856244.396170 -- INFO: starting 18, 25, /users/jamilm/files_to_Send/FILE1
1664856244.949168 -- INFO: Throughput @39.1s:947.91Mbps, rtt :40.26ms cwnd: 182.5 lossRate: 0.00025781106132220246 CC:19 score:-648.0 
1664856245.950034 -- INFO: Throughput @40.1s:897.58Mbps, rtt :40.51ms cwnd: 188.7 lossRate: 8.597924215439415e-05 CC:19 score:-615.0 
1664856246.949563 -- INFO: Throughput @41.1s:964.69Mbps, rtt :39.09ms cwnd: 161.0 lossRate: 0.0010365541443432867 CC:19 score:-652.0 
1664856247.557726 -- INFO: Changing concurrency to 21 ******
1664856247.559285 -- INFO: Start Process :: 19
1664856247.559373 -- INFO: Process Status Bits from change concurrency are: 1 1 1 1 1 1 1 1 1 1 1 1 1 1 1 1 1 1 1 1 1 0 0 0 0 0 0 0 0 0 0 0
1664856247.560017 -- INFO: Start Process :: 20
1664856247.560802 -- INFO: Active CC: 21
1664856247.598773 -- INFO: Process 19 get item 26 from queue and executing
1664856247.599163 -- INFO: starting 19, 26, /users/jamilm/files_to_Send/FILE0
1664856247.599885 -- INFO: Process 20 get item 27 from queue and executing
1664856247.600473 -- INFO: starting 20, 27, /users/jamilm/files_to_Send/FILE3
1664856247.948112 -- INFO: Throughput @42.1s:872.42Mbps, rtt :39.14ms cwnd: 154.1 lossRate: 0.0002839222569238314 CC:21 score:-573.0 
1664856248.951911 -- INFO: Throughput @43.1s:964.69Mbps, rtt :39.65ms cwnd: 158.0 lossRate: 0.00038062963508668534 CC:21 score:-633.0 
1664856249.952429 -- INFO: Throughput @44.1s:939.52Mbps, rtt :39.39ms cwnd: 155.5 lossRate: 0.00043102386640723133 CC:21 score:-616.0 
1664856250.761754 -- INFO: Gradient: 15.5, Gredient Change: 0.024281984334203654, Theta: -1, Previous CC: 20, Choosen CC: 19
1664856250.761881 -- INFO: Changing concurrency to 18 ******
1664856250.762959 -- INFO: Process Status Bits from change concurrency are: 1 1 1 1 1 1 1 1 1 1 1 1 1 1 1 1 1 1 0 0 0 0 0 0 0 0 0 0 0 0 0 0
1664856250.763781 -- INFO: Active CC: 18
1664856250.951554 -- INFO: Throughput @45.1s:947.91Mbps, rtt :39.05ms cwnd: 145.1 lossRate: 0.000638609584152465 CC:18 score:-658.0 
1664856251.955075 -- INFO: Throughput @46.1s:704.64Mbps, rtt :39.05ms cwnd: 134.3 lossRate: 0.00031727901516593693 CC:18 score:-491.0 
1664856252.956052 -- INFO: Throughput @47.1s:746.59Mbps, rtt :39.0ms cwnd: 140.8 lossRate: 0.0002717478180248729 CC:18 score:-521.0 
1664856253.953937 -- INFO: Throughput @48.1s:729.81Mbps, rtt :39.01ms cwnd: 138.9 lossRate: 0.0003647609230037269 CC:18 score:-508.0 
1664856253.964700 -- INFO: Changing concurrency to 20 ******
1664856253.965988 -- INFO: Start Process :: 19
1664856253.966140 -- INFO: Process Status Bits from change concurrency are: 1 1 1 1 1 1 1 1 1 1 1 1 1 1 1 1 1 1 1 1 0 0 0 0 0 0 0 0 0 0 0 0
1664856253.966476 -- INFO: Start Process :: 18
1664856253.967615 -- INFO: Active CC: 20
1664856254.005327 -- INFO: Process 19 get item 28 from queue and executing
1664856254.005668 -- INFO: starting 19, 28, /users/jamilm/files_to_Send/FILE2
1664856254.006056 -- INFO: Process 18 get item 29 from queue and executing
1664856254.006606 -- INFO: starting 18, 29, /users/jamilm/files_to_Send/FILE1
1664856254.957175 -- INFO: Throughput @49.1s:746.59Mbps, rtt :38.94ms cwnd: 123.2 lossRate: 0.0007771240067879403 CC:20 score:-497.0 
1664856255.959192 -- INFO: Throughput @50.1s:788.53Mbps, rtt :39.0ms cwnd: 141.3 lossRate: 0.0006954720331459011 CC:20 score:-525.0 
1664856256.957841 -- INFO: Throughput @51.1s:914.36Mbps, rtt :40.5ms cwnd: 182.1 lossRate: 0.00046181881724456425 CC:20 score:-611.0 
1664856257.168432 -- INFO: Gradient: -18.833333333333343, Gredient Change: 0.037171052631578966, Theta: 1, Previous CC: 19, Choosen CC: 20
1664856257.168529 -- INFO: Changing concurrency to 19 ******
1664856257.169572 -- INFO: Process Status Bits from change concurrency are: 1 1 1 1 1 1 1 1 1 1 1 1 1 1 1 1 1 1 1 0 0 0 0 0 0 0 0 0 0 0 0 0
1664856257.171050 -- INFO: Active CC: 19
1664856257.960362 -- INFO: Throughput @52.1s:905.97Mbps, rtt :38.94ms cwnd: 146.2 lossRate: 0.001965979998290452 CC:19 score:-604.0 
1664856258.961971 -- INFO: Throughput @53.1s:796.92Mbps, rtt :39.02ms cwnd: 138.7 lossRate: 0.00031160506284035435 CC:19 score:-545.0 
1664856259.962034 -- INFO: Throughput @54.1s:780.14Mbps, rtt :39.1ms cwnd: 141.9 lossRate: 0.0003071971913399649 CC:19 score:-533.0 
1664856260.371914 -- INFO: Changing concurrency to 21 ******
1664856260.373122 -- INFO: Start Process :: 19
1664856260.373261 -- INFO: Process Status Bits from change concurrency are: 1 1 1 1 1 1 1 1 1 1 1 1 1 1 1 1 1 1 1 1 1 0 0 0 0 0 0 0 0 0 0 0
1664856260.373492 -- INFO: Start Process :: 20
1664856260.374766 -- INFO: Active CC: 21
1664856260.412579 -- INFO: Process 19 get item 30 from queue and executing
1664856260.412948 -- INFO: starting 19, 30, /users/jamilm/files_to_Send/FILE0
1664856260.413134 -- INFO: Process 20 get item 31 from queue and executing
1664856260.413632 -- INFO: starting 20, 31, /users/jamilm/files_to_Send/FILE3
1664856260.963358 -- INFO: Throughput @55.1s:897.58Mbps, rtt :41.41ms cwnd: 188.3 lossRate: 0.0002550609461418676 CC:21 score:-590.0 
1664856261.966091 -- INFO: Throughput @56.1s:939.52Mbps, rtt :40.69ms cwnd: 177.9 lossRate: 0.000552398021187533 CC:21 score:-615.0 
1664856262.962100 -- INFO: Throughput @57.1s:922.75Mbps, rtt :40.84ms cwnd: 165.2 lossRate: 0.0004928475499316174 CC:21 score:-604.0 
1664856263.575501 -- INFO: Gradient: -21.166666666666686, Gredient Change: 0.037752675386444744, Theta: 2, Previous CC: 20, Choosen CC: 22
1664856263.575610 -- INFO: Changing concurrency to 21 ******
1664856263.576668 -- INFO: Process Status Bits from change concurrency are: 1 1 1 1 1 1 1 1 1 1 1 1 1 1 1 1 1 1 1 1 1 0 0 0 0 0 0 0 0 0 0 0
1664856263.578320 -- INFO: Active CC: 21
1664856263.963069 -- INFO: Throughput @58.1s:947.91Mbps, rtt :40.77ms cwnd: 170.0 lossRate: 0.0002580518315535949 CC:21 score:-623.0 
1664856264.967106 -- INFO: Throughput @59.1s:964.69Mbps, rtt :40.44ms cwnd: 162.6 lossRate: 0.0005156411137848057 CC:21 score:-632.0 
1664856265.968033 -- INFO: Throughput @60.1s:939.52Mbps, rtt :39.46ms cwnd: 165.3 lossRate: 0.0006637086564816066 CC:21 score:-614.0 
1664856266.779237 -- INFO: Changing concurrency to 23 ******
1664856266.780062 -- INFO: Process Status Bits from change concurrency are: 1 1 1 1 1 1 1 1 1 1 1 1 1 1 1 1 1 1 1 1 1 1 1 0 0 0 0 0 0 0 0 0
1664856266.780796 -- INFO: Active CC: 23
1664856266.783079 -- INFO: Start Process :: 21
1664856266.783471 -- INFO: Start Process :: 22
1664856266.823102 -- INFO: Process 21 get item 20 from queue and executing
1664856266.823413 -- INFO: starting 21, 20, /users/jamilm/files_to_Send/FILE2
1664856266.823472 -- INFO: Process 22 get item 19 from queue and executing
1664856266.823786 -- INFO: starting 22, 19, /users/jamilm/files_to_Send/FILE3
1664856266.968616 -- INFO: Throughput @61.1s:914.36Mbps, rtt :39.5ms cwnd: 145.9 lossRate: 0.0007448882046952786 CC:23 score:-573.0 
1664856267.969545 -- INFO: Throughput @62.1s:989.86Mbps, rtt :41.11ms cwnd: 169.5 lossRate: 0.0005769277980998208 CC:23 score:-622.0 
1664856268.973166 -- INFO: Throughput @63.1s:947.91Mbps, rtt :40.92ms cwnd: 166.4 lossRate: 0.00028218781439403234 CC:23 score:-598.0 
1664856269.968680 -- INFO: Throughput @64.1s:931.14Mbps, rtt :40.49ms cwnd: 157.4 lossRate: 0.0005668934240362812 CC:23 score:-585.0 
1664856269.981441 -- INFO: Gradient: 10.666666666666686, Gredient Change: 0.017121455323702545, Theta: -1, Previous CC: 22, Choosen CC: 21
1664856269.981550 -- INFO: Changing concurrency to 20 ******
1664856269.982373 -- INFO: Process Status Bits from change concurrency are: 1 1 1 1 1 1 1 1 1 1 1 1 1 1 1 1 1 1 1 1 0 0 0 0 0 0 0 0 0 0 0 0
1664856269.983004 -- INFO: Active CC: 20
1664856270.974627 -- INFO: Throughput @65.1s:771.75Mbps, rtt :39.1ms cwnd: 133.5 lossRate: 0 CC:20 score:-519.0 
1664856271.973199 -- INFO: Throughput @66.1s:771.75Mbps, rtt :38.85ms cwnd: 121.6 lossRate: 0.0007620129093951709 CC:20 score:-513.0 
1664856272.975883 -- INFO: Throughput @67.1s:738.2Mbps, rtt :38.87ms cwnd: 120.0 lossRate: 0.00048497389223880116 CC:20 score:-493.0 
1664856273.183849 -- INFO: Changing concurrency to 22 ******
1664856273.185022 -- INFO: Process Status Bits from change concurrency are: 1 1 1 1 1 1 1 1 1 1 1 1 1 1 1 1 1 1 1 1 1 1 0 0 0 0 0 0 0 0 0 0
1664856273.185052 -- INFO: Start Process :: 21
1664856273.185386 -- INFO: Start Process :: 20
1664856273.186045 -- INFO: Active CC: 22
1664856273.224745 -- INFO: Process 21 get item 18 from queue and executing
1664856273.224868 -- INFO: Process 20 get item 21 from queue and executing
1664856273.225257 -- INFO: starting 20, 21, /users/jamilm/files_to_Send/FILE1
1664856273.225264 -- INFO: starting 21, 18, /users/jamilm/files_to_Send/FILE0
1664856273.976425 -- INFO: Throughput @68.1s:847.25Mbps, rtt :39.9ms cwnd: 156.6 lossRate: 0.00026540019555803884 CC:22 score:-546.0 
1664856274.977384 -- INFO: Throughput @69.1s:939.52Mbps, rtt :40.84ms cwnd: 175.6 lossRate: 0.00020871444181164134 CC:22 score:-606.0 
1664856275.977652 -- INFO: Throughput @70.1s:922.75Mbps, rtt :41.06ms cwnd: 180.4 lossRate: 0.0001229437655216504 CC:22 score:-596.0 
1664856276.387002 -- INFO: Gradient: -37.16666666666666, Gredient Change: 0.07311475409836064, Theta: 1, Previous CC: 21, Choosen CC: 23
1664856276.387144 -- INFO: Changing concurrency to 22 ******
1664856276.387867 -- INFO: Process Status Bits from change concurrency are: 1 1 1 1 1 1 1 1 1 1 1 1 1 1 1 1 1 1 1 1 1 1 0 0 0 0 0 0 0 0 0 0
1664856276.388676 -- INFO: Active CC: 22
1664856276.974604 -- INFO: Throughput @71.1s:981.47Mbps, rtt :40.71ms cwnd: 163.8 lossRate: 0.0005539006917604195 CC:22 score:-629.0 
1664856277.977959 -- INFO: Throughput @72.1s:889.19Mbps, rtt :40.71ms cwnd: 167.0 lossRate: 0.00024551023163890353 CC:22 score:-573.0 
1664856278.980243 -- INFO: Throughput @73.1s:964.69Mbps, rtt :40.74ms cwnd: 156.0 lossRate: 0.0005771899446143266 CC:22 score:-618.0 
1664856279.589592 -- INFO: Changing concurrency to 24 ******
1664856279.590390 -- INFO: Process Status Bits from change concurrency are: 1 1 1 1 1 1 1 1 1 1 1 1 1 1 1 1 1 1 1 1 1 1 1 1 0 0 0 0 0 0 0 0
1664856279.590934 -- INFO: Start Process :: 22
1664856279.591121 -- INFO: Active CC: 24
1664856279.593264 -- INFO: Start Process :: 23
1664856279.630670 -- INFO: Process 22 get item 15 from queue and executing
1664856279.631193 -- INFO: starting 22, 15, /users/jamilm/files_to_Send/FILE3
1664856279.634490 -- INFO: Process 23 get item 17 from queue and executing
1664856279.634799 -- INFO: starting 23, 17, /users/jamilm/files_to_Send/FILE1
1664856279.981224 -- INFO: Throughput @74.1s:956.3Mbps, rtt :40.97ms cwnd: 152.7 lossRate: 0.0007980649993247143 CC:24 score:-587.0 
1664856280.982232 -- INFO: Throughput @75.1s:973.08Mbps, rtt :41.01ms cwnd: 154.2 lossRate: 0.00040548510763786495 CC:24 score:-601.0 
1664856281.982871 -- INFO: Throughput @76.1s:939.52Mbps, rtt :41.02ms cwnd: 154.6 lossRate: 0.0006022023399862354 CC:24 score:-578.0 
1664856282.791798 -- INFO: Gradient: 9.0, Gredient Change: 0.014835164835164836, Theta: -1, Previous CC: 23, Choosen CC: 22
1664856282.791932 -- INFO: Changing concurrency to 21 ******
1664856282.792422 -- INFO: Process Status Bits from change concurrency are: 1 1 1 1 1 1 1 1 1 1 1 1 1 1 1 1 1 1 1 1 1 0 0 0 0 0 0 0 0 0 0 0
1664856282.792976 -- INFO: Active CC: 21
1664856282.984201 -- INFO: Throughput @77.1s:905.97Mbps, rtt :39.54ms cwnd: 129.1 lossRate: 0 CC:21 score:-598.0 
1664856283.985469 -- INFO: Throughput @78.1s:687.87Mbps, rtt :38.96ms cwnd: 111.5 lossRate: 0 CC:21 score:-454.0 
1664856284.986718 -- INFO: Throughput @79.1s:721.42Mbps, rtt :38.96ms cwnd: 116.6 lossRate: 0.000260027302866801 CC:21 score:-474.0 
1664856285.984680 -- INFO: Throughput @80.1s:696.25Mbps, rtt :38.9ms cwnd: 115.2 lossRate: 0.00045236441184548525 CC:21 score:-456.0 
1664856285.993752 -- INFO: Changing concurrency to 23 ******
1664856285.994952 -- INFO: Process Status Bits from change concurrency are: 1 1 1 1 1 1 1 1 1 1 1 1 1 1 1 1 1 1 1 1 1 1 1 0 0 0 0 0 0 0 0 0
1664856285.995070 -- INFO: Start Process :: 22
1664856285.995183 -- INFO: Start Process :: 21
1664856285.995893 -- INFO: Active CC: 23
1664856286.034265 -- INFO: Process 22 get item 22 from queue and executing
1664856286.034669 -- INFO: Process 21 get item 25 from queue and executing
1664856286.034696 -- INFO: starting 22, 22, /users/jamilm/files_to_Send/FILE0
1664856286.034994 -- INFO: starting 21, 25, /users/jamilm/files_to_Send/FILE1
1664856286.987730 -- INFO: Throughput @81.1s:864.03Mbps, rtt :39.24ms cwnd: 136.2 lossRate: 0.0005725057599664875 CC:23 score:-543.0 
1664856287.984873 -- INFO: Throughput @82.1s:956.3Mbps, rtt :40.84ms cwnd: 155.4 lossRate: 0.0004179111815824084 CC:23 score:-602.0 
1664856288.990874 -- INFO: Throughput @83.1s:939.52Mbps, rtt :40.44ms cwnd: 139.8 lossRate: 0.0008346016004713044 CC:23 score:-588.0 
1664856289.196826 -- INFO: Gradient: -58.16666666666666, Gredient Change: 0.12608381502890173, Theta: 1, Previous CC: 22, Choosen CC: 23
1664856289.196975 -- INFO: Changing concurrency to 22 ******
1664856289.197525 -- INFO: Process Status Bits from change concurrency are: 1 1 1 1 1 1 1 1 1 1 1 1 1 1 1 1 1 1 1 1 1 1 0 0 0 0 0 0 0 0 0 0
1664856289.198151 -- INFO: Active CC: 22
1664856289.990164 -- INFO: Throughput @84.1s:813.69Mbps, rtt :38.84ms cwnd: 117.6 lossRate: 9.255831173639393e-05 CC:22 score:-526.0 
1664856290.990257 -- INFO: Throughput @85.1s:729.81Mbps, rtt :38.83ms cwnd: 110.4 lossRate: 0.0007176346761075495 CC:22 score:-467.0 
1664856291.991758 -- INFO: Throughput @86.1s:721.42Mbps, rtt :38.74ms cwnd: 105.2 lossRate: 0.0004931696010257927 CC:22 score:-463.0 
1664856292.398824 -- INFO: Changing concurrency to 24 ******
1664856292.399641 -- INFO: Process Status Bits from change concurrency are: 1 1 1 1 1 1 1 1 1 1 1 1 1 1 1 1 1 1 1 1 1 1 1 1 0 0 0 0 0 0 0 0
1664856292.399781 -- INFO: Start Process :: 23
1664856292.400122 -- INFO: Start Process :: 22
1664856292.400347 -- INFO: Active CC: 24
1664856292.439037 -- INFO: Process 23 get item 26 from queue and executing
1664856292.439321 -- INFO: Process 22 get item 27 from queue and executing
1664856292.439573 -- INFO: starting 22, 27, /users/jamilm/files_to_Send/FILE3
1664856292.439637 -- INFO: starting 23, 26, /users/jamilm/files_to_Send/FILE0
1664856292.990493 -- INFO: Throughput @87.1s:780.14Mbps, rtt :39.51ms cwnd: 137.1 lossRate: 0.0005883684091423399 CC:24 score:-480.0 
1664856293.992922 -- INFO: Throughput @88.1s:947.91Mbps, rtt :40.58ms cwnd: 144.9 lossRate: 0.0005645695770637473 CC:24 score:-584.0 
1664856294.996905 -- INFO: Throughput @89.1s:922.75Mbps, rtt :39.1ms cwnd: 125.3 lossRate: 0.0006333523339033504 CC:24 score:-568.0 
1664856295.601086 -- INFO: Gradient: -29.333333333333343, Gredient Change: 0.06043956043956046, Theta: 2, Previous CC: 23, Choosen CC: 23
1664856295.601205 -- INFO: Changing concurrency to 22 ******
1664856295.601774 -- INFO: Process Status Bits from change concurrency are: 1 1 1 1 1 1 1 1 1 1 1 1 1 1 1 1 1 1 1 1 1 1 0 0 0 0 0 0 0 0 0 0
1664856295.602410 -- INFO: Active CC: 22
1664856295.997655 -- INFO: Throughput @90.1s:771.75Mbps, rtt :38.78ms cwnd: 99.8 lossRate: 0.0016832110487699612 CC:22 score:-486.0 
1664856296.998346 -- INFO: Throughput @91.1s:612.37Mbps, rtt :38.79ms cwnd: 94.2 lossRate: 0 CC:22 score:-396.0 
1664856297.999948 -- INFO: Throughput @92.1s:603.98Mbps, rtt :38.79ms cwnd: 96.0 lossRate: 0.0004660961649607547 CC:22 score:-388.0 
1664856298.803107 -- INFO: Changing concurrency to 24 ******
1664856298.803669 -- INFO: Process Status Bits from change concurrency are: 1 1 1 1 1 1 1 1 1 1 1 1 1 1 1 1 1 1 1 1 1 1 1 1 0 0 0 0 0 0 0 0
1664856298.803828 -- INFO: Start Process :: 22
1664856298.804173 -- INFO: Active CC: 24
1664856298.804198 -- INFO: Start Process :: 23
1664856298.842945 -- INFO: Process 22 get item 28 from queue and executing
1664856298.843222 -- INFO: starting 22, 28, /users/jamilm/files_to_Send/FILE2
1664856298.843670 -- INFO: Process 23 get item 20 from queue and executing
1664856298.844047 -- INFO: starting 23, 20, /users/jamilm/files_to_Send/FILE2
1664856299.001659 -- INFO: Throughput @93.1s:612.37Mbps, rtt :38.8ms cwnd: 91.5 lossRate: 0.0005901277340998649 CC:24 score:-377.0 
1664856300.000190 -- INFO: Throughput @94.1s:838.86Mbps, rtt :39.27ms cwnd: 131.2 lossRate: 0.00030784730773536327 CC:24 score:-519.0 
1664856301.002602 -- INFO: Throughput @95.1s:973.08Mbps, rtt :39.55ms cwnd: 141.4 lossRate: 0.00047912725128381535 CC:24 score:-600.0 
1664856302.003385 -- INFO: Throughput @96.1s:922.75Mbps, rtt :39.82ms cwnd: 144.3 lossRate: 0.00025808671713695803 CC:24 score:-571.0 
1664856302.005146 -- INFO: Gradient: -70.00000000000003, Gredient Change: 0.16535433070866148, Theta: 3, Previous CC: 23, Choosen CC: 23
1664856302.005291 -- INFO: Changing concurrency to 22 ******
1664856302.005858 -- INFO: Process Status Bits from change concurrency are: 1 1 1 1 1 1 1 1 1 1 1 1 1 1 1 1 1 1 1 1 1 1 0 0 0 0 0 0 0 0 0 0
1664856302.006490 -- INFO: Active CC: 22
1664856303.004994 -- INFO: Throughput @97.1s:679.48Mbps, rtt :38.79ms cwnd: 100.8 lossRate: 0 CC:22 score:-440.0 
1664856304.005789 -- INFO: Throughput @98.1s:637.53Mbps, rtt :38.74ms cwnd: 95.2 lossRate: 0.0007239425913525058 CC:22 score:-408.0 
1664856305.005111 -- INFO: Throughput @99.1s:629.15Mbps, rtt :38.84ms cwnd: 96.2 lossRate: 0.000537037037037037 CC:22 score:-404.0 
1664856305.207392 -- INFO: Changing concurrency to 24 ******
1664856305.208159 -- INFO: Process Status Bits from change concurrency are: 1 1 1 1 1 1 1 1 1 1 1 1 1 1 1 1 1 1 1 1 1 1 1 1 0 0 0 0 0 0 0 0
1664856305.208294 -- INFO: Start Process :: 22
1664856305.208428 -- INFO: Start Process :: 23
1664856305.208910 -- INFO: Active CC: 24
1664856305.247781 -- INFO: Process 22 get item 31 from queue and executing
1664856305.247862 -- INFO: Process 23 get item 19 from queue and executing
1664856305.248074 -- INFO: starting 22, 31, /users/jamilm/files_to_Send/FILE3
1664856305.248157 -- INFO: starting 23, 19, /users/jamilm/files_to_Send/FILE3
1664856306.001888 -- INFO: Throughput @100.2s:701.59Mbps, rtt :39.25ms cwnd: 117.5 lossRate: 0.0005508687987912364 CC:24 score:-432.0 
1664856307.008504 -- INFO: Throughput @101.2s:880.8Mbps, rtt :39.27ms cwnd: 139.4 lossRate: 0.0004836451571846761 CC:24 score:-543.0 
1664856308.005100 -- INFO: Throughput @102.2s:947.91Mbps, rtt :39.41ms cwnd: 142.2 lossRate: 0.00033211966148395986 CC:24 score:-586.0 
1664856308.409736 -- INFO: Gradient: -51.50000000000003, Gredient Change: 0.12340255591054321, Theta: 4, Previous CC: 23, Choosen CC: 23
1664856308.409856 -- INFO: Changing concurrency to 22 ******
1664856308.410468 -- INFO: Process Status Bits from change concurrency are: 1 1 1 1 1 1 1 1 1 1 1 1 1 1 1 1 1 1 1 1 1 1 0 0 0 0 0 0 0 0 0 0
1664856308.411039 -- INFO: Active CC: 22
1664856309.009515 -- INFO: Throughput @103.2s:763.36Mbps, rtt :38.99ms cwnd: 97.6 lossRate: 0 CC:22 score:-494.0 
1664856310.008905 -- INFO: Throughput @104.2s:637.53Mbps, rtt :38.72ms cwnd: 95.5 lossRate: 0.0005253677574302011 CC:22 score:-409.0 
1664856311.010600 -- INFO: Throughput @105.2s:645.92Mbps, rtt :38.88ms cwnd: 101.6 lossRate: 0.0002667994735157056 CC:22 score:-416.0 
1664856311.611813 -- INFO: Changing concurrency to 24 ******
1664856311.612504 -- INFO: Process Status Bits from change concurrency are: 1 1 1 1 1 1 1 1 1 1 1 1 1 1 1 1 1 1 1 1 1 1 1 1 0 0 0 0 0 0 0 0
1664856311.612695 -- INFO: Start Process :: 22
1664856311.613072 -- INFO: Active CC: 24
1664856311.612985 -- INFO: Start Process :: 23
1664856311.651946 -- INFO: Process 22 get item 18 from queue and executing
1664856311.652186 -- INFO: starting 22, 18, /users/jamilm/files_to_Send/FILE0
1664856311.652277 -- INFO: Process 23 get item 15 from queue and executing
1664856311.652660 -- INFO: starting 23, 15, /users/jamilm/files_to_Send/FILE3
1664856312.014286 -- INFO: Throughput @106.2s:654.31Mbps, rtt :38.85ms cwnd: 108.0 lossRate: 0.0005475607878030834 CC:24 score:-403.0 
1664856313.012832 -- INFO: Throughput @107.2s:838.86Mbps, rtt :38.95ms cwnd: 120.2 lossRate: 0.0004760837907471715 CC:24 score:-518.0 
1664856314.014182 -- INFO: Throughput @108.2s:838.86Mbps, rtt :39.03ms cwnd: 110.9 lossRate: 0.0007086368661243232 CC:24 score:-516.0 
1664856314.813971 -- INFO: Gradient: -19.666666666666657, Gredient Change: 0.04473085670962848, Theta: 5, Previous CC: 23, Choosen CC: 23
1664856314.814111 -- INFO: Changing concurrency to 22 ******
1664856314.814659 -- INFO: Process Status Bits from change concurrency are: 1 1 1 1 1 1 1 1 1 1 1 1 1 1 1 1 1 1 1 1 1 1 0 0 0 0 0 0 0 0 0 0
1664856314.815260 -- INFO: Active CC: 22
1664856315.015450 -- INFO: Throughput @109.2s:813.69Mbps, rtt :38.85ms cwnd: 119.2 lossRate: 0.00019609216331675889 CC:22 score:-525.0 
1664856316.013704 -- INFO: Throughput @110.2s:721.42Mbps, rtt :38.89ms cwnd: 113.5 lossRate: 0 CC:22 score:-467.0 
1664856317.019179 -- INFO: Throughput @111.2s:746.59Mbps, rtt :38.85ms cwnd: 111.6 lossRate: 0.0004283946307872941 CC:22 score:-480.0 
1664856318.016298 -- INFO: Changing concurrency to 24 ******
1664856318.017004 -- INFO: Process Status Bits from change concurrency are: 1 1 1 1 1 1 1 1 1 1 1 1 1 1 1 1 1 1 1 1 1 1 1 1 0 0 0 0 0 0 0 0
1664856318.017155 -- INFO: Start Process :: 22
1664856318.017742 -- INFO: Active CC: 24
1664856318.017518 -- INFO: Start Process :: 23
1664856318.017812 -- INFO: Throughput @112.2s:729.81Mbps, rtt :38.73ms cwnd: 115.8 lossRate: 0.000250105513263408 CC:22 score:-470.0 
1664856318.056463 -- INFO: Process 22 get item 17 from queue and executing
1664856318.056755 -- INFO: starting 22, 17, /users/jamilm/files_to_Send/FILE1
1664856318.056888 -- INFO: Process 23 get item 22 from queue and executing
1664856318.057133 -- INFO: starting 23, 22, /users/jamilm/files_to_Send/FILE0
1664856319.020582 -- INFO: Throughput @113.2s:889.19Mbps, rtt :39.56ms cwnd: 136.9 lossRate: 0.00044648133314073357 CC:24 score:-549.0 
1664856320.020966 -- INFO: Throughput @114.2s:947.91Mbps, rtt :40.69ms cwnd: 146.9 lossRate: 0.0005155651576156339 CC:24 score:-584.0 
1664856321.022456 -- INFO: Throughput @115.2s:964.69Mbps, rtt :40.7ms cwnd: 148.7 lossRate: 0.00024573345292361375 CC:24 score:-597.0 
1664856321.218416 -- INFO: Gradient: -42.99999999999997, Gredient Change: 0.08763586956521734, Theta: 6, Previous CC: 23, Choosen CC: 23
1664856321.218524 -- INFO: Changing concurrency to 22 ******
1664856321.219041 -- INFO: Process Status Bits from change concurrency are: 1 1 1 1 1 1 1 1 1 1 1 1 1 1 1 1 1 1 1 1 1 1 0 0 0 0 0 0 0 0 0 0
1664856321.219754 -- INFO: Active CC: 22
1664856322.017188 -- INFO: Throughput @116.2s:738.2Mbps, rtt :38.72ms cwnd: 108.6 lossRate: 0 CC:22 score:-477.0 
1664856323.020292 -- INFO: Throughput @117.2s:704.64Mbps, rtt :38.85ms cwnd: 109.7 lossRate: 0.00043973941368078177 CC:22 score:-453.0 
1664856324.024392 -- INFO: Throughput @118.2s:721.42Mbps, rtt :38.83ms cwnd: 108.5 lossRate: 0.00047058823529411766 CC:22 score:-463.0 
1664856324.420579 -- INFO: Changing concurrency to 24 ******
1664856324.421497 -- INFO: Process Status Bits from change concurrency are: 1 1 1 1 1 1 1 1 1 1 1 1 1 1 1 1 1 1 1 1 1 1 1 1 0 0 0 0 0 0 0 0
1664856324.421626 -- INFO: Start Process :: 22
1664856324.421837 -- INFO: Start Process :: 23
1664856324.422096 -- INFO: Active CC: 24
1664856324.460685 -- INFO: Process 22 get item 26 from queue and executing
1664856324.460923 -- INFO: starting 22, 26, /users/jamilm/files_to_Send/FILE0
1664856324.461185 -- INFO: Process 23 get item 27 from queue and executing
1664856324.461550 -- INFO: starting 23, 27, /users/jamilm/files_to_Send/FILE3
1664856325.026947 -- INFO: Throughput @119.2s:788.53Mbps, rtt :39.03ms cwnd: 127.1 lossRate: 0.0002375367439650821 CC:24 score:-488.0 
1664856326.029202 -- INFO: Throughput @120.2s:973.08Mbps, rtt :40.69ms cwnd: 147.2 lossRate: 0.0004921259842519685 CC:24 score:-600.0 
1664856327.028661 -- INFO: Throughput @121.2s:914.36Mbps, rtt :40.41ms cwnd: 138.0 lossRate: 0.0006152331733727083 CC:24 score:-563.0 
1664856327.622945 -- INFO: Gradient: -43.00000000000003, Gredient Change: 0.09260588657573589, Theta: 7, Previous CC: 23, Choosen CC: 23
1664856327.623082 -- INFO: Changing concurrency to 22 ******
1664856327.623715 -- INFO: Process Status Bits from change concurrency are: 1 1 1 1 1 1 1 1 1 1 1 1 1 1 1 1 1 1 1 1 1 1 0 0 0 0 0 0 0 0 0 0
1664856327.624254 -- INFO: Active CC: 22
1664856328.027454 -- INFO: Throughput @122.2s:838.86Mbps, rtt :38.78ms cwnd: 99.7 lossRate: 0.001877581674802854 CC:22 score:-527.0 
1664856329.027907 -- INFO: Throughput @123.2s:704.64Mbps, rtt :38.81ms cwnd: 106.8 lossRate: 0.00022200211755865978 CC:22 score:-454.0 
1664856330.030456 -- INFO: Throughput @124.2s:696.25Mbps, rtt :38.84ms cwnd: 106.9 lossRate: 0.0005380727213435513 CC:22 score:-447.0 
1664856330.824970 -- INFO: Changing concurrency to 24 ******
1664856330.825513 -- INFO: Process Status Bits from change concurrency are: 1 1 1 1 1 1 1 1 1 1 1 1 1 1 1 1 1 1 1 1 1 1 1 1 0 0 0 0 0 0 0 0
1664856330.825681 -- INFO: Start Process :: 22
1664856330.826101 -- INFO: Active CC: 24
1664856330.826033 -- INFO: Start Process :: 23
1664856330.864796 -- INFO: Process 22 get item 20 from queue and executing
1664856330.865130 -- INFO: starting 22, 20, /users/jamilm/files_to_Send/FILE2
1664856330.865262 -- INFO: Process 23 get item 28 from queue and executing
1664856330.865573 -- INFO: starting 23, 28, /users/jamilm/files_to_Send/FILE2
1664856331.032919 -- INFO: Throughput @125.2s:729.81Mbps, rtt :38.85ms cwnd: 112.1 lossRate: 0.0005603317163760947 CC:24 score:-450.0 
1664856332.029151 -- INFO: Throughput @126.2s:922.75Mbps, rtt :40.64ms cwnd: 148.0 lossRate: 0.0004773509534457202 CC:24 score:-569.0 
1664856333.032483 -- INFO: Throughput @127.2s:947.91Mbps, rtt :40.67ms cwnd: 148.5 lossRate: 0.0007242907474926037 CC:24 score:-582.0 
1664856334.026908 -- INFO: Gradient: -28.833333333333314, Gredient Change: 0.06057422969187671, Theta: 8, Previous CC: 23, Choosen CC: 23
1664856334.027059 -- INFO: Changing concurrency to 22 ******
1664856334.027591 -- INFO: Process Status Bits from change concurrency are: 1 1 1 1 1 1 1 1 1 1 1 1 1 1 1 1 1 1 1 1 1 1 0 0 0 0 0 0 0 0 0 0
1664856334.028346 -- INFO: Active CC: 22
1664856334.030644 -- INFO: Throughput @128.2s:973.08Mbps, rtt :40.68ms cwnd: 148.0 lossRate: 0.00033217277905589113 CC:24 score:-602.0 
1664856335.035381 -- INFO: Throughput @129.2s:679.48Mbps, rtt :38.76ms cwnd: 106.5 lossRate: 0 CC:22 score:-440.0 
1664856336.038446 -- INFO: Throughput @130.2s:654.31Mbps, rtt :38.81ms cwnd: 98.3 lossRate: 0.000584608843537415 CC:22 score:-419.0 
1664856337.040049 -- INFO: Throughput @131.2s:612.37Mbps, rtt :38.84ms cwnd: 95.0 lossRate: 0.0005945413670735559 CC:22 score:-392.0 
1664856337.229177 -- INFO: Changing concurrency to 24 ******
1664856337.229753 -- INFO: Process Status Bits from change concurrency are: 1 1 1 1 1 1 1 1 1 1 1 1 1 1 1 1 1 1 1 1 1 1 1 1 0 0 0 0 0 0 0 0
1664856337.229937 -- INFO: Start Process :: 23
1664856337.230037 -- INFO: Start Process :: 22
1664856337.230366 -- INFO: Active CC: 24
1664856337.269329 -- INFO: Process 23 get item 19 from queue and executing
1664856337.269442 -- INFO: Process 22 get item 31 from queue and executing
1664856337.269617 -- INFO: starting 23, 19, /users/jamilm/files_to_Send/FILE3
1664856337.269795 -- INFO: starting 22, 31, /users/jamilm/files_to_Send/FILE3
1664856338.036327 -- INFO: Throughput @132.2s:796.92Mbps, rtt :40.06ms cwnd: 141.0 lossRate: 0.0004170203893183206 CC:24 score:-492.0 
1664856339.042533 -- INFO: Throughput @133.2s:964.69Mbps, rtt :40.21ms cwnd: 142.8 lossRate: 0.000490400411936346 CC:24 score:-595.0 
1664856340.043426 -- INFO: Throughput @134.2s:922.75Mbps, rtt :39.1ms cwnd: 128.2 lossRate: 0.0009468399217611223 CC:24 score:-565.0 
1664856340.431242 -- INFO: Gradient: -66.83333333333331, Gredient Change: 0.1602717825739408, Theta: 9, Previous CC: 23, Choosen CC: 23
1664856340.431384 -- INFO: Changing concurrency to 22 ******
1664856340.431930 -- INFO: Process Status Bits from change concurrency are: 1 1 1 1 1 1 1 1 1 1 1 1 1 1 1 1 1 1 1 1 1 1 0 0 0 0 0 0 0 0 0 0
1664856340.432550 -- INFO: Active CC: 22
1664856341.044436 -- INFO: Throughput @135.2s:738.2Mbps, rtt :38.84ms cwnd: 92.7 lossRate: 0 CC:22 score:-477.0 
1664856342.044425 -- INFO: Throughput @136.2s:570.43Mbps, rtt :38.86ms cwnd: 87.7 lossRate: 0.00066711140760507 CC:22 score:-365.0 
1664856343.046278 -- INFO: Throughput @137.2s:570.43Mbps, rtt :38.7ms cwnd: 88.9 lossRate: 0.0004261709554346944 CC:22 score:-367.0 
1664856343.633403 -- INFO: Changing concurrency to 24 ******
1664856343.634205 -- INFO: Process Status Bits from change concurrency are: 1 1 1 1 1 1 1 1 1 1 1 1 1 1 1 1 1 1 1 1 1 1 1 1 0 0 0 0 0 0 0 0
1664856343.634402 -- INFO: Start Process :: 23
1664856343.634496 -- INFO: Start Process :: 22
1664856343.634801 -- INFO: Active CC: 24
1664856343.673585 -- INFO: Process 23 get item 15 from queue and executing
1664856343.673809 -- INFO: Process 22 get item 18 from queue and executing
1664856343.673875 -- INFO: starting 23, 15, /users/jamilm/files_to_Send/FILE3
1664856343.674067 -- INFO: starting 22, 18, /users/jamilm/files_to_Send/FILE0
1664856344.047321 -- INFO: Throughput @138.2s:662.7Mbps, rtt :38.94ms cwnd: 111.2 lossRate: 0.0003968182392092495 CC:24 score:-409.0 
1664856345.048653 -- INFO: Throughput @139.2s:897.58Mbps, rtt :39.09ms cwnd: 128.2 lossRate: 0.0008068714211348256 CC:24 score:-551.0 
1664856346.046285 -- INFO: Throughput @140.2s:905.97Mbps, rtt :38.86ms cwnd: 118.8 lossRate: 0.0007622051383139497 CC:24 score:-556.0 
1664856346.835492 -- INFO: Gradient: -51.16666666666666, Gredient Change: 0.1269644334160463, Theta: 10, Previous CC: 23, Choosen CC: 23
1664856346.835636 -- INFO: Changing concurrency to 22 ******
1664856346.836190 -- INFO: Process Status Bits from change concurrency are: 1 1 1 1 1 1 1 1 1 1 1 1 1 1 1 1 1 1 1 1 1 1 0 0 0 0 0 0 0 0 0 0
1664856346.836769 -- INFO: Active CC: 22
1664856347.046628 -- INFO: Throughput @141.2s:771.75Mbps, rtt :38.76ms cwnd: 100.2 lossRate: 0 CC:22 score:-499.0 
1664856348.050347 -- INFO: Throughput @142.2s:612.37Mbps, rtt :38.76ms cwnd: 92.1 lossRate: 0 CC:22 score:-396.0 
1664856349.052202 -- INFO: Throughput @143.2s:629.15Mbps, rtt :38.81ms cwnd: 95.1 lossRate: 0.00033664366268305 CC:22 score:-405.0 
1664856350.037616 -- INFO: Changing concurrency to 24 ******
1664856350.038347 -- INFO: Process Status Bits from change concurrency are: 1 1 1 1 1 1 1 1 1 1 1 1 1 1 1 1 1 1 1 1 1 1 1 1 0 0 0 0 0 0 0 0
1664856350.038443 -- INFO: Start Process :: 22
1664856350.038642 -- INFO: Start Process :: 23
1664856350.038922 -- INFO: Active CC: 24
1664856350.047091 -- INFO: Throughput @144.2s:562.04Mbps, rtt :38.87ms cwnd: 80.3 lossRate: 0.0007732878613633659 CC:24 score:-345.0 
1664856350.077677 -- INFO: Process 22 get item 17 from queue and executing
1664856350.077952 -- INFO: starting 22, 17, /users/jamilm/files_to_Send/FILE1
1664856350.077984 -- INFO: Process 23 get item 22 from queue and executing
1664856350.078358 -- INFO: starting 23, 22, /users/jamilm/files_to_Send/FILE0
1664856351.055198 -- INFO: Throughput @145.2s:771.75Mbps, rtt :39.12ms cwnd: 114.2 lossRate: 0.000779497621736848 CC:24 score:-474.0 
1664856352.056029 -- INFO: Throughput @146.2s:889.19Mbps, rtt :39.34ms cwnd: 138.8 lossRate: 0.00048542449094300097 CC:24 score:-549.0 
1664856353.057468 -- INFO: Throughput @147.2s:939.52Mbps, rtt :39.61ms cwnd: 147.4 lossRate: 0.00017197538295232596 CC:24 score:-583.0 
1664856353.239805 -- INFO: Gradient: -51.00000000000003, Gredient Change: 0.11769230769230776, Theta: 11, Previous CC: 23, Choosen CC: 23
1664856353.239949 -- INFO: Changing concurrency to 22 ******
1664856353.240610 -- INFO: Process Status Bits from change concurrency are: 1 1 1 1 1 1 1 1 1 1 1 1 1 1 1 1 1 1 1 1 1 1 0 0 0 0 0 0 0 0 0 0
1664856353.241371 -- INFO: Active CC: 22
1664856354.055498 -- INFO: Throughput @148.2s:671.09Mbps, rtt :38.82ms cwnd: 91.3 lossRate: 0 CC:22 score:-434.0 
1664856355.058758 -- INFO: Throughput @149.2s:587.2Mbps, rtt :38.75ms cwnd: 90.1 lossRate: 0.0006330240746968408 CC:22 score:-376.0 
1664856356.058314 -- INFO: Throughput @150.2s:578.81Mbps, rtt :38.76ms cwnd: 91.3 lossRate: 0.0003197058705990489 CC:22 score:-373.0 
1664856356.442214 -- INFO: Changing concurrency to 24 ******
1664856356.442987 -- INFO: Process Status Bits from change concurrency are: 1 1 1 1 1 1 1 1 1 1 1 1 1 1 1 1 1 1 1 1 1 1 1 1 0 0 0 0 0 0 0 0
1664856356.443182 -- INFO: Start Process :: 22
1664856356.443581 -- INFO: Active CC: 24
1664856356.443453 -- INFO: Start Process :: 23
1664856356.482372 -- INFO: Process 22 get item 26 from queue and executing
1664856356.482656 -- INFO: starting 22, 26, /users/jamilm/files_to_Send/FILE0
1664856356.482767 -- INFO: Process 23 get item 27 from queue and executing
1664856356.483130 -- INFO: starting 23, 27, /users/jamilm/files_to_Send/FILE3
1664856357.059645 -- INFO: Throughput @151.2s:612.37Mbps, rtt :38.94ms cwnd: 96.6 lossRate: 0.0005362326880050295 CC:24 score:-377.0 
1664856358.062242 -- INFO: Throughput @152.2s:754.97Mbps, rtt :39.41ms cwnd: 114.8 lossRate: 0.0003770739064856712 CC:24 score:-467.0 
1664856359.057181 -- INFO: Throughput @153.2s:889.19Mbps, rtt :39.26ms cwnd: 144.0 lossRate: 0.00020407122085607876 CC:24 score:-551.0 
1664856359.644406 -- INFO: Gradient: -35.33333333333334, Gredient Change: 0.0896027049873204, Theta: 12, Previous CC: 23, Choosen CC: 23
1664856359.644542 -- INFO: Changing concurrency to 22 ******
1664856359.645182 -- INFO: Process Status Bits from change concurrency are: 1 1 1 1 1 1 1 1 1 1 1 1 1 1 1 1 1 1 1 1 1 1 0 0 0 0 0 0 0 0 0 0
1664856359.645940 -- INFO: Active CC: 22
1664856360.063995 -- INFO: Throughput @154.2s:830.47Mbps, rtt :38.73ms cwnd: 97.1 lossRate: 0.0013924154312392498 CC:22 score:-526.0 
1664856361.064134 -- INFO: Throughput @155.2s:662.7Mbps, rtt :38.86ms cwnd: 93.8 lossRate: 0.0005885173721609486 CC:22 score:-425.0 
1664856362.064886 -- INFO: Throughput @156.2s:629.15Mbps, rtt :38.7ms cwnd: 93.3 lossRate: 0.0006260790377354911 CC:22 score:-403.0 
1664856362.846854 -- INFO: Changing concurrency to 24 ******
1664856362.847545 -- INFO: Process Status Bits from change concurrency are: 1 1 1 1 1 1 1 1 1 1 1 1 1 1 1 1 1 1 1 1 1 1 1 1 0 0 0 0 0 0 0 0
1664856362.847856 -- INFO: Start Process :: 23
1664856362.847960 -- INFO: Start Process :: 22
1664856362.848088 -- INFO: Active CC: 24
1664856362.887118 -- INFO: Process 23 get item 28 from queue and executing
1664856362.887258 -- INFO: Process 22 get item 20 from queue and executing
1664856362.887330 -- INFO: starting 23, 28, /users/jamilm/files_to_Send/FILE2
1664856362.887439 -- INFO: starting 22, 20, /users/jamilm/files_to_Send/FILE2
1664856363.066932 -- INFO: Throughput @157.2s:578.81Mbps, rtt :38.95ms cwnd: 83.4 lossRate: 0.0007562941586227485 CC:24 score:-355.0 
1664856364.068045 -- INFO: Throughput @158.2s:645.92Mbps, rtt :38.82ms cwnd: 96.8 lossRate: 0.0004655576843877021 CC:24 score:-399.0 
1664856365.068857 -- INFO: Throughput @159.2s:763.36Mbps, rtt :39.04ms cwnd: 117.2 lossRate: 0.00068906379199461 CC:24 score:-469.0 
1664856366.048995 -- INFO: Gradient: 21.833333333333314, Gredient Change: 0.04837518463810927, Theta: -1, Previous CC: 23, Choosen CC: 21
1664856366.049183 -- INFO: Changing concurrency to 20 ******
1664856366.049728 -- INFO: Process Status Bits from change concurrency are: 1 1 1 1 1 1 1 1 1 1 1 1 1 1 1 1 1 1 1 1 0 0 0 0 0 0 0 0 0 0 0 0
1664856366.050498 -- INFO: Active CC: 20
1664856366.070590 -- INFO: Throughput @160.2s:838.86Mbps, rtt :38.77ms cwnd: 107.4 lossRate: 0.0010685739524413354 CC:20 score:-556.0 
1664856367.071232 -- INFO: Throughput @161.2s:503.32Mbps, rtt :38.72ms cwnd: 86.7 lossRate: 0 CC:20 score:-339.0 
1664856368.065951 -- INFO: Throughput @162.2s:511.71Mbps, rtt :38.79ms cwnd: 82.0 lossRate: 0 CC:20 score:-344.0 
1664856369.067073 -- INFO: Throughput @163.2s:503.32Mbps, rtt :38.73ms cwnd: 83.6 lossRate: 0.0005276681655501514 CC:20 score:-336.0 
1664856369.251381 -- INFO: Changing concurrency to 22 ******
1664856369.252358 -- INFO: Process Status Bits from change concurrency are: 1 1 1 1 1 1 1 1 1 1 1 1 1 1 1 1 1 1 1 1 1 1 0 0 0 0 0 0 0 0 0 0
1664856369.252486 -- INFO: Start Process :: 21
1664856369.252481 -- INFO: Start Process :: 20
1664856369.253165 -- INFO: Active CC: 22
1664856369.291638 -- INFO: Process 21 get item 31 from queue and executing
1664856369.291937 -- INFO: starting 21, 31, /users/jamilm/files_to_Send/FILE3
1664856369.291951 -- INFO: Process 20 get item 19 from queue and executing
1664856369.292252 -- INFO: starting 20, 19, /users/jamilm/files_to_Send/FILE3
1664856370.067483 -- INFO: Throughput @164.2s:570.43Mbps, rtt :38.87ms cwnd: 90.7 lossRate: 0.00025666802130344576 CC:22 score:-368.0 
1664856371.075125 -- INFO: Throughput @165.2s:637.53Mbps, rtt :38.94ms cwnd: 110.0 lossRate: 0.00036989413981998486 CC:22 score:-410.0 
1664856372.076417 -- INFO: Throughput @166.2s:780.14Mbps, rtt :39.25ms cwnd: 137.3 lossRate: 0.0007096812348453487 CC:22 score:-499.0 
1664856372.453852 -- INFO: Gradient: -43.0, Gredient Change: 0.12659470068694798, Theta: 1, Previous CC: 21, Choosen CC: 23
1664856372.453966 -- INFO: Changing concurrency to 22 ******
1664856372.454628 -- INFO: Process Status Bits from change concurrency are: 1 1 1 1 1 1 1 1 1 1 1 1 1 1 1 1 1 1 1 1 1 1 0 0 0 0 0 0 0 0 0 0
1664856372.455224 -- INFO: Active CC: 22
1664856373.077228 -- INFO: Throughput @167.2s:931.14Mbps, rtt :39.33ms cwnd: 158.7 lossRate: 4.944253541321599e-05 CC:22 score:-602.0 
1664856374.077103 -- INFO: Throughput @168.2s:939.52Mbps, rtt :39.31ms cwnd: 160.6 lossRate: 0.0002458089572784032 CC:22 score:-605.0 
1664856375.078347 -- INFO: Throughput @169.2s:939.52Mbps, rtt :39.42ms cwnd: 162.4 lossRate: 0.0002458905541143637 CC:22 score:-605.0 
1664856375.655875 -- INFO: Changing concurrency to 24 ******
1664856375.656547 -- INFO: Process Status Bits from change concurrency are: 1 1 1 1 1 1 1 1 1 1 1 1 1 1 1 1 1 1 1 1 1 1 1 1 0 0 0 0 0 0 0 0
1664856375.656726 -- INFO: Start Process :: 23
1664856375.657113 -- INFO: Active CC: 24
1664856375.656983 -- INFO: Start Process :: 22
1664856375.696277 -- INFO: Process 23 get item 15 from queue and executing
1664856375.696578 -- INFO: starting 23, 15, /users/jamilm/files_to_Send/FILE3
1664856375.696622 -- INFO: Process 22 get item 18 from queue and executing
1664856375.697007 -- INFO: starting 22, 18, /users/jamilm/files_to_Send/FILE0
1664856376.079638 -- INFO: Throughput @170.2s:931.14Mbps, rtt :39.42ms cwnd: 147.5 lossRate: 0.00045432777907390806 CC:24 score:-575.0 
1664856377.081102 -- INFO: Throughput @171.2s:956.3Mbps, rtt :39.55ms cwnd: 156.8 lossRate: 0.00028242343868955524 CC:24 score:-592.0 
1664856378.077174 -- INFO: Throughput @172.2s:947.91Mbps, rtt :40.46ms cwnd: 164.3 lossRate: 0.0003938752400177244 CC:24 score:-586.0 
1664856378.857869 -- INFO: Gradient: 9.833333333333314, Gredient Change: 0.01628035320088297, Theta: -1, Previous CC: 23, Choosen CC: 22
1664856378.857987 -- INFO: Changing concurrency to 21 ******
1664856378.858453 -- INFO: Process Status Bits from change concurrency are: 1 1 1 1 1 1 1 1 1 1 1 1 1 1 1 1 1 1 1 1 1 0 0 0 0 0 0 0 0 0 0 0
1664856378.858974 -- INFO: Active CC: 21
1664856379.082359 -- INFO: Throughput @173.2s:939.52Mbps, rtt :40.09ms cwnd: 149.6 lossRate: 0.00033896007050369465 CC:21 score:-617.0 
1664856380.083843 -- INFO: Throughput @174.2s:947.91Mbps, rtt :39.23ms cwnd: 165.1 lossRate: 0.0 CC:21 score:-625.0 
1664856381.084495 -- INFO: Throughput @175.2s:788.53Mbps, rtt :38.87ms cwnd: 111.6 lossRate: 0.0018897684661627284 CC:21 score:-505.0 
1664856382.059754 -- INFO: Changing concurrency to 23 ******
1664856382.060658 -- INFO: Process Status Bits from change concurrency are: 1 1 1 1 1 1 1 1 1 1 1 1 1 1 1 1 1 1 1 1 1 1 1 0 0 0 0 0 0 0 0 0
1664856382.061186 -- INFO: Start Process :: 22
1664856382.061686 -- INFO: Active CC: 23
1664856382.061432 -- INFO: Start Process :: 21
1664856382.083942 -- INFO: Throughput @176.2s:696.25Mbps, rtt :38.84ms cwnd: 108.8 lossRate: 0.0002579771367762532 CC:23 score:-440.0 
1664856382.100631 -- INFO: Process 22 get item 22 from queue and executing
1664856382.101013 -- INFO: starting 22, 22, /users/jamilm/files_to_Send/FILE0
1664856382.101194 -- INFO: Process 21 get item 17 from queue and executing
1664856382.101811 -- INFO: starting 21, 17, /users/jamilm/files_to_Send/FILE1
1664856383.085355 -- INFO: Throughput @177.2s:763.36Mbps, rtt :38.86ms cwnd: 117.1 lossRate: 0.0004386296604401422 CC:23 score:-481.0 
1664856384.087361 -- INFO: Throughput @178.2s:805.31Mbps, rtt :39.03ms cwnd: 121.6 lossRate: 0.0006717682107599742 CC:23 score:-505.0 
1664856385.087875 -- INFO: Throughput @179.2s:864.03Mbps, rtt :39.17ms cwnd: 123.0 lossRate: 0.0007163027756732557 CC:23 score:-542.0 
1664856385.262566 -- INFO: Gradient: 36.50000000000003, Gredient Change: 0.06267887807670297, Theta: -2, Previous CC: 22, Choosen CC: 18
1664856385.262704 -- INFO: Changing concurrency to 17 ******
1664856385.263335 -- INFO: Process Status Bits from change concurrency are: 1 1 1 1 1 1 1 1 1 1 1 1 1 1 1 1 1 0 0 0 0 0 0 0 0 0 0 0 0 0 0 0
1664856385.264116 -- INFO: Active CC: 17
1664856386.086928 -- INFO: Throughput @180.2s:570.43Mbps, rtt :38.83ms cwnd: 85.0 lossRate: 0 CC:17 score:-407.0 
1664856387.091556 -- INFO: Throughput @181.2s:427.82Mbps, rtt :38.73ms cwnd: 88.9 lossRate: 0 CC:17 score:-306.0 
1664856388.091868 -- INFO: Throughput @182.2s:436.21Mbps, rtt :38.74ms cwnd: 90.9 lossRate: 0 CC:17 score:-312.0 
1664856388.464942 -- INFO: Changing concurrency to 19 ******
1664856388.466784 -- INFO: Start Process :: 17
1664856388.467356 -- INFO: Process Status Bits from change concurrency are: 1 1 1 1 1 1 1 1 1 1 1 1 1 1 1 1 1 1 1 0 0 0 0 0 0 0 0 0 0 0 0 0
1664856388.467645 -- INFO: Start Process :: 18
1664856388.470050 -- INFO: Active CC: 19
1664856388.505977 -- INFO: Process 17 get item 26 from queue and executing
1664856388.506343 -- INFO: starting 17, 26, /users/jamilm/files_to_Send/FILE0
1664856388.507315 -- INFO: Process 18 get item 27 from queue and executing
1664856388.507791 -- INFO: starting 18, 27, /users/jamilm/files_to_Send/FILE3
1664856389.092000 -- INFO: Throughput @183.2s:494.93Mbps, rtt :38.68ms cwnd: 84.4 lossRate: 0.0005161734342739161 CC:19 score:-337.0 
1664856390.094140 -- INFO: Throughput @184.2s:486.54Mbps, rtt :38.72ms cwnd: 86.2 lossRate: 0.0007015676407973679 CC:19 score:-331.0 
1664856391.091732 -- INFO: Throughput @185.2s:486.54Mbps, rtt :38.76ms cwnd: 89.7 lossRate: 0.0003595828838547285 CC:19 score:-332.0 
1664856391.671054 -- INFO: Gradient: 4.166666666666686, Gredient Change: 0.012195121951219566, Theta: -3, Previous CC: 18, Choosen CC: 15
1664856391.671170 -- INFO: Changing concurrency to 14 ******
1664856391.672839 -- INFO: Process Status Bits from change concurrency are: 1 1 1 1 1 1 1 1 1 1 1 1 1 1 0 0 0 0 0 0 0 0 0 0 0 0 0 0 0 0 0 0
1664856391.674615 -- INFO: Active CC: 14
1664856392.098630 -- INFO: Throughput @186.2s:511.71Mbps, rtt :38.65ms cwnd: 88.8 lossRate: 0 CC:14 score:-388.0 
1664856393.101077 -- INFO: Throughput @187.2s:360.71Mbps, rtt :38.67ms cwnd: 90.4 lossRate: 0 CC:14 score:-273.0 
1664856394.102306 -- INFO: Throughput @188.2s:385.88Mbps, rtt :38.84ms cwnd: 87.4 lossRate: 0.000661250708482902 CC:14 score:-290.0 
1664856394.875607 -- INFO: Changing concurrency to 16 ******
1664856394.877458 -- INFO: Start Process :: 15
1664856394.878635 -- INFO: Process Status Bits from change concurrency are: 1 1 1 1 1 1 1 1 1 1 1 1 1 1 1 1 0 0 0 0 0 0 0 0 0 0 0 0 0 0 0 0
1664856394.878489 -- INFO: Start Process :: 14
1664856394.880724 -- INFO: Active CC: 16
1664856394.916787 -- INFO: Process 15 get item 20 from queue and executing
1664856394.917465 -- INFO: starting 15, 20, /users/jamilm/files_to_Send/FILE2
1664856394.918248 -- INFO: Process 14 get item 28 from queue and executing
1664856394.918878 -- INFO: starting 14, 28, /users/jamilm/files_to_Send/FILE2
1664856395.100833 -- INFO: Throughput @189.2s:369.1Mbps, rtt :38.7ms cwnd: 83.9 lossRate: 0.00063213123044344 CC:16 score:-267.0 
1664856396.102690 -- INFO: Throughput @190.2s:411.04Mbps, rtt :38.85ms cwnd: 92.4 lossRate: 0.0003297971747375364 CC:16 score:-298.0 
1664856397.102415 -- INFO: Throughput @191.2s:452.98Mbps, rtt :38.87ms cwnd: 96.6 lossRate: 0.00033311125916055963 CC:16 score:-328.0 
1664856398.081709 -- INFO: Gradient: 9.666666666666657, Gredient Change: 0.0304942166140904, Theta: -4, Previous CC: 15, Choosen CC: 11
1664856398.081837 -- INFO: Changing concurrency to 10 ******
1664856398.083622 -- INFO: Process Status Bits from change concurrency are: 1 1 1 1 1 1 1 1 1 1 0 0 0 0 0 0 0 0 0 0 0 0 0 0 0 0 0 0 0 0 0 0
1664856398.085520 -- INFO: Active CC: 10
1664856398.103441 -- INFO: Throughput @192.2s:419.43Mbps, rtt :38.77ms cwnd: 90.1 lossRate: 0.0007244821294408072 CC:10 score:-341.0 
1664856398.617126 -- INFO: Process 8 finished on working on file 10 
1664856398.619416 -- INFO: Process 8 get item 25 from queue and executing
1664856398.620032 -- INFO: starting 8, 25, /users/jamilm/files_to_Send/FILE1
1664856399.101562 -- INFO: Throughput @193.2s:341.2Mbps, rtt :38.72ms cwnd: 88.1 lossRate: 0 CC:10 score:-280.0 
1664856400.106059 -- INFO: Throughput @194.2s:285.21Mbps, rtt :38.72ms cwnd: 101.2 lossRate: 0 CC:10 score:-234.0 
1664856401.105739 -- INFO: Throughput @195.2s:276.82Mbps, rtt :38.63ms cwnd: 98.9 lossRate: 0.0004921259842519685 CC:10 score:-226.0 
1664856401.286410 -- INFO: Changing concurrency to 12 ******
1664856401.290875 -- INFO: Process Status Bits from change concurrency are: 1 1 1 1 1 1 1 1 1 1 1 1 0 0 0 0 0 0 0 0 0 0 0 0 0 0 0 0 0 0 0 0
1664856401.290709 -- INFO: Start Process :: 10
1664856401.291551 -- INFO: Start Process :: 11
1664856401.293039 -- INFO: Active CC: 12
1664856401.331689 -- INFO: Process 10 get item 21 from queue and executing
1664856401.332338 -- INFO: Process 11 get item 18 from queue and executing
1664856401.332556 -- INFO: starting 10, 21, /users/jamilm/files_to_Send/FILE1
1664856401.333080 -- INFO: starting 11, 18, /users/jamilm/files_to_Send/FILE0
1664856402.108586 -- INFO: Throughput @196.2s:318.77Mbps, rtt :38.74ms cwnd: 90.8 lossRate: 0.0005535055350553505 CC:12 score:-250.0 
1664856403.107633 -- INFO: Throughput @197.2s:369.1Mbps, rtt :38.64ms cwnd: 102.7 lossRate: 0.0005938984746186546 CC:12 score:-289.0 
1664856404.109640 -- INFO: Throughput @198.3s:335.54Mbps, rtt :38.63ms cwnd: 103.8 lossRate: 0.0003840983291722681 CC:12 score:-263.0 
1664856404.494011 -- INFO: Gradient: -10.333333333333329, Gredient Change: 0.04189189189189187, Theta: 1, Previous CC: 11, Choosen CC: 12
1664856404.494134 -- INFO: Changing concurrency to 11 ******
1664856404.497453 -- INFO: Process Status Bits from change concurrency are: 1 1 1 1 1 1 1 1 1 1 1 0 0 0 0 0 0 0 0 0 0 0 0 0 0 0 0 0 0 0 0 0
1664856404.500226 -- INFO: Active CC: 11
1664856405.108736 -- INFO: Throughput @199.3s:360.71Mbps, rtt :38.66ms cwnd: 106.2 lossRate: 0.0001850481125092524 CC:11 score:-289.0 
1664856406.094567 -- INFO: episode expires
1664856406.094893 -- INFO: Process 14 shutdown itself from outest loop
1664856406.095079 -- INFO: Process 15 shutdown itself from outest loop
1664856406.095555 -- INFO: Process Status Bits are: 1 1 1 1 1 1 1 1 1 1 1 0 0 0 0 0 0 0 0 0 0 0 0 0 0 0 0 0 0 0 0 0
1664856406.095471 -- INFO: Process 11 shutdown itself from outest loop
1664856406.095068 -- INFO: Process 23 shutdown itself from outest loop
1664856406.095025 -- INFO: Process 13 shutdown itself from outest loop
1664856406.095285 -- INFO: Process 18 shutdown itself from outest loop
1664856406.095350 -- INFO: Process 21 shutdown itself from outest loop
1664856406.095348 -- INFO: Process 16 shutdown itself from outest loop
1664856406.095918 -- INFO: Process Status Bits are: 1 1 1 1 1 1 1 1 1 1 1 0 0 0 0 0 0 0 0 0 0 0 0 0 0 0 0 0 0 0 0 0
1664856406.095591 -- INFO: Process 22 shutdown itself from outest loop
1664856406.095945 -- INFO: Process Status Bits are: 1 1 1 1 1 1 1 1 1 1 1 0 0 0 0 0 0 0 0 0 0 0 0 0 0 0 0 0 0 0 0 0
1664856406.095586 -- INFO: Process 20 shutdown itself from outest loop
1664856406.096064 -- INFO: Process Status Bits are: 1 1 1 1 1 1 1 1 1 1 1 0 0 0 0 0 0 0 0 0 0 0 0 0 0 0 0 0 0 0 0 0
1664856406.096174 -- INFO: Process Status Bits are: 1 1 1 1 1 1 1 1 1 1 1 0 0 0 0 0 0 0 0 0 0 0 0 0 0 0 0 0 0 0 0 0
1664856406.096219 -- INFO: Process Status Bits are: 1 1 1 1 1 1 1 1 1 1 1 0 0 0 0 0 0 0 0 0 0 0 0 0 0 0 0 0 0 0 0 0
1664856406.095838 -- INFO: Process 19 shutdown itself from outest loop
1664856406.096313 -- INFO: Process Status Bits are: 1 1 1 1 1 1 1 1 1 1 1 0 0 0 0 0 0 0 0 0 0 0 0 0 0 0 0 0 0 0 0 0
1664856406.095812 -- INFO: Process 17 shutdown itself from outest loop
1664856406.096286 -- INFO: Process Status Bits are: 1 1 1 1 1 1 1 1 1 1 1 0 0 0 0 0 0 0 0 0 0 0 0 0 0 0 0 0 0 0 0 0
1664856406.096326 -- INFO: Process Status Bits are: 1 1 1 1 1 1 1 1 1 1 1 0 0 0 0 0 0 0 0 0 0 0 0 0 0 0 0 0 0 0 0 0
1664856406.096420 -- INFO: Process Status Bits are: 1 1 1 1 1 1 1 1 1 1 1 0 0 0 0 0 0 0 0 0 0 0 0 0 0 0 0 0 0 0 0 0
1664856406.096678 -- INFO: Process Status Bits are: 1 1 1 1 1 1 1 1 1 1 1 0 0 0 0 0 0 0 0 0 0 0 0 0 0 0 0 0 0 0 0 0
1664856406.096700 -- INFO: Process Status Bits are: 1 1 1 1 1 1 1 1 1 1 1 0 0 0 0 0 0 0 0 0 0 0 0 0 0 0 0 0 0 0 0 0
1664856406.095742 -- INFO: Process 25 shutdown itself from outest loop
1664856406.095708 -- INFO: Process 12 shutdown itself from outest loop
1664856406.095754 -- INFO: Process 26 shutdown itself from outest loop
1664856406.096592 -- INFO: Process 28 shutdown itself from outest loop
1664856406.095975 -- INFO: Process 31 shutdown itself from outest loop
1664856406.097384 -- INFO: Process Status Bits are: 1 1 1 1 1 1 1 1 1 1 1 0 0 0 0 0 0 0 0 0 0 0 0 0 0 0 0 0 0 0 0 0
1664856406.097551 -- INFO: Process Status Bits are: 1 1 1 1 1 1 1 1 1 1 1 0 0 0 0 0 0 0 0 0 0 0 0 0 0 0 0 0 0 0 0 0
1664856406.097569 -- INFO: Process Status Bits are: 1 1 1 1 1 1 1 1 1 1 1 0 0 0 0 0 0 0 0 0 0 0 0 0 0 0 0 0 0 0 0 0
1664856406.097708 -- INFO: Process Status Bits are: 1 1 1 1 1 1 1 1 1 1 1 0 0 0 0 0 0 0 0 0 0 0 0 0 0 0 0 0 0 0 0 0
1664856406.097913 -- INFO: Process Status Bits are: 1 1 1 1 1 1 1 1 1 1 1 0 0 0 0 0 0 0 0 0 0 0 0 0 0 0 0 0 0 0 0 0
1664856406.097051 -- INFO: Process 29 shutdown itself from outest loop
1664856406.098916 -- INFO: Process Status Bits are: 1 1 1 1 1 1 1 1 1 1 1 0 0 0 0 0 0 0 0 0 0 0 0 0 0 0 0 0 0 0 0 0
1664856406.096818 -- INFO: Process 30 shutdown itself from outest loop
1664856406.100030 -- INFO: Process Status Bits are: 1 1 1 1 1 1 1 1 1 1 1 0 0 0 0 0 0 0 0 0 0 0 0 0 0 0 0 0 0 0 0 0
1664856406.099414 -- INFO: Process 27 shutdown itself from outest loop
1664856406.101422 -- INFO: Process Status Bits are: 1 1 1 1 1 1 1 1 1 1 1 0 0 0 0 0 0 0 0 0 0 0 0 0 0 0 0 0 0 0 0 0
1664856406.096993 -- INFO: Process 24 shutdown itself from outest loop
1664856406.102051 -- INFO: Process Status Bits are: 1 1 1 1 1 1 1 1 1 1 1 0 0 0 0 0 0 0 0 0 0 0 0 0 0 0 0 0 0 0 0 0
1664856407.701210 -- INFO: episode expires
1664856407.764655 -- INFO: GD Optimizer Exits ...
1664856408.033422 -- INFO: Throughput @0.1s:0.0Mbps, rtt :38.71ms cwnd: 92.7 lossRate: 0.00048396932428784815 CC:0 score:-0.0 
