1664834257.625803 -- INFO: Iteration 1 Starts ...
1664834257.627144 -- INFO: Changing concurrency to 12 ******
1664834257.630048 -- INFO: Start Process :: 2
1664834257.631272 -- INFO: Start Process :: 0
1664834257.633462 -- INFO: Start Process :: 4
1664834257.633666 -- INFO: Start Process :: 3
1664834257.633891 -- INFO: Start Process :: 1
1664834257.634453 -- INFO: Start Process :: 5
1664834257.635428 -- INFO: Start Process :: 6
1664834257.636198 -- INFO: Start Process :: 8
1664834257.636651 -- INFO: Process Status Bits from change concurrency are: 1 1 1 1 1 1 1 1 1 1 1 1 0 0 0 0 0 0 0 0 0 0 0 0 0 0 0 0 0 0 0 0
1664834257.636952 -- INFO: Start Process :: 7
1664834257.637474 -- INFO: Start Process :: 9
1664834257.637628 -- INFO: Start Process :: 10
1664834257.637738 -- INFO: Start Process :: 11
1664834257.641136 -- INFO: Active CC: 12
1664834257.669865 -- INFO: Process 2 get item 0 from queue and executing
1664834257.670600 -- INFO: starting 2, 0, /users/jamilm/files_to_Send/FILE2
1664834257.670998 -- INFO: Process 0 get item 1 from queue and executing
1664834257.671464 -- INFO: starting 0, 1, /users/jamilm/files_to_Send/FILE1
1664834257.673499 -- INFO: Process 3 get item 2 from queue and executing
1664834257.673758 -- INFO: Process 1 get item 3 from queue and executing
1664834257.674113 -- INFO: Process 4 get item 4 from queue and executing
1664834257.674162 -- INFO: starting 3, 2, /users/jamilm/files_to_Send/FILE0
1664834257.674453 -- INFO: starting 1, 3, /users/jamilm/files_to_Send/FILE3
1664834257.674472 -- INFO: starting 4, 4, /users/jamilm/files_to_Send/FILE2
1664834257.674791 -- INFO: Process 5 get item 5 from queue and executing
1664834257.675147 -- INFO: Process 6 get item 6 from queue and executing
1664834257.675192 -- INFO: starting 5, 5, /users/jamilm/files_to_Send/FILE1
1664834257.675888 -- INFO: Process 8 get item 7 from queue and executing
1664834257.676335 -- INFO: starting 8, 7, /users/jamilm/files_to_Send/FILE3
1664834257.676598 -- INFO: Process 7 get item 8 from queue and executing
1664834257.676958 -- INFO: Process 9 get item 9 from queue and executing
1664834257.677018 -- INFO: starting 7, 8, /users/jamilm/files_to_Send/FILE2
1664834257.677314 -- INFO: starting 9, 9, /users/jamilm/files_to_Send/FILE1
1664834257.677327 -- INFO: starting 6, 6, /users/jamilm/files_to_Send/FILE0
1664834257.677520 -- INFO: Process 10 get item 10 from queue and executing
1664834257.677656 -- INFO: Process 11 get item 11 from queue and executing
1664834257.678195 -- INFO: starting 10, 10, /users/jamilm/files_to_Send/FILE0
1664834257.678462 -- INFO: starting 11, 11, /users/jamilm/files_to_Send/FILE3
1664834257.686942 -- INFO: Throughput @0.1s:0.0Mbps, rtt :38.52ms cwnd: 10.0 lossRate: 0.0 CC:12 score:-0.0 
1664834258.679310 -- INFO: Throughput @1.1s:600.0Mbps, rtt :40.5ms cwnd: 441.6 lossRate: 0.0 CC:12 score:-473.0 
1664834259.680774 -- INFO: Throughput @2.1s:600.0Mbps, rtt :40.34ms cwnd: 441.8 lossRate: 0.0 CC:12 score:-473.0 
1664834260.683518 -- INFO: Throughput @3.1s:600.0Mbps, rtt :40.54ms cwnd: 441.8 lossRate: 0.0 CC:12 score:-473.0 
1664834260.844258 -- INFO: Iteration 1 Ends, Took 3.22 Seconds. Best Params: [12] and Score: -473.0.
1664834260.844779 -- INFO: Iteration 2 Starts ...
1664834260.845440 -- INFO: Changing concurrency to 6 ******
1664834260.848536 -- INFO: Process Status Bits from change concurrency are: 1 1 1 1 1 1 0 0 0 0 0 0 0 0 0 0 0 0 0 0 0 0 0 0 0 0 0 0 0 0 0 0
1664834260.851060 -- INFO: Active CC: 6
1664834261.689188 -- INFO: Throughput @4.1s:360.0Mbps, rtt :40.3ms cwnd: 439.5 lossRate: 0 CC:6 score:-320.0 
1664834262.684118 -- INFO: Throughput @5.1s:300.0Mbps, rtt :40.11ms cwnd: 439.5 lossRate: 0.0 CC:6 score:-266.0 
1664834263.690268 -- INFO: Throughput @6.1s:300.0Mbps, rtt :40.36ms cwnd: 439.5 lossRate: 0.0 CC:6 score:-266.0 
1664834264.052272 -- INFO: Iteration 2 Ends, Took 3.21 Seconds. Best Params: [12] and Score: -473.0.
1664834264.052431 -- INFO: Iteration 3 Starts ...
1664834264.052927 -- INFO: Changing concurrency to 24 ******
1664834264.054131 -- INFO: Start Process :: 7
1664834264.055442 -- INFO: Start Process :: 9
1664834264.055399 -- INFO: Start Process :: 8
1664834264.054904 -- INFO: Start Process :: 6
1664834264.056114 -- INFO: Start Process :: 11
1664834264.056859 -- INFO: Process Status Bits from change concurrency are: 1 1 1 1 1 1 1 1 1 1 1 1 1 1 1 1 1 1 1 1 1 1 1 1 0 0 0 0 0 0 0 0
1664834264.056396 -- INFO: Start Process :: 10
1664834264.057842 -- INFO: Start Process :: 18
1664834264.058225 -- INFO: Active CC: 24
1664834264.060037 -- INFO: Start Process :: 13
1664834264.061206 -- INFO: Start Process :: 16
1664834264.061787 -- INFO: Start Process :: 17
1664834264.063957 -- INFO: Start Process :: 22
1664834264.064240 -- INFO: Start Process :: 23
1664834264.065336 -- INFO: Start Process :: 15
1664834264.066396 -- INFO: Start Process :: 21
1664834264.066724 -- INFO: Start Process :: 20
1664834264.066686 -- INFO: Start Process :: 14
1664834264.067391 -- INFO: Start Process :: 12
1664834264.067885 -- INFO: Start Process :: 19
1664834264.093524 -- INFO: Process 7 get item 12 from queue and executing
1664834264.094107 -- INFO: starting 7, 12, /users/jamilm/files_to_Send/FILE2
1664834264.094609 -- INFO: Process 9 get item 13 from queue and executing
1664834264.095102 -- INFO: starting 9, 13, /users/jamilm/files_to_Send/FILE1
1664834264.095090 -- INFO: Process 8 get item 14 from queue and executing
1664834264.095346 -- INFO: Process 6 get item 15 from queue and executing
1664834264.095696 -- INFO: starting 8, 14, /users/jamilm/files_to_Send/FILE0
1664834264.095789 -- INFO: Process 11 get item 16 from queue and executing
1664834264.096056 -- INFO: starting 6, 15, /users/jamilm/files_to_Send/FILE3
1664834264.096386 -- INFO: starting 11, 16, /users/jamilm/files_to_Send/FILE2
1664834264.097018 -- INFO: Process 10 get item 17 from queue and executing
1664834264.097196 -- INFO: Process 18 get item 18 from queue and executing
1664834264.097493 -- INFO: starting 18, 18, /users/jamilm/files_to_Send/FILE0
1664834264.097864 -- INFO: starting 10, 17, /users/jamilm/files_to_Send/FILE1
1664834264.099712 -- INFO: Process 13 get item 19 from queue and executing
1664834264.100007 -- INFO: starting 13, 19, /users/jamilm/files_to_Send/FILE3
1664834264.101151 -- INFO: Process 16 get item 20 from queue and executing
1664834264.101481 -- INFO: starting 16, 20, /users/jamilm/files_to_Send/FILE2
1664834264.101497 -- INFO: Process 17 get item 21 from queue and executing
1664834264.101915 -- INFO: starting 17, 21, /users/jamilm/files_to_Send/FILE1
1664834264.104523 -- INFO: Process 22 get item 22 from queue and executing
1664834264.104675 -- INFO: Process 23 get item 23 from queue and executing
1664834264.104974 -- INFO: starting 22, 22, /users/jamilm/files_to_Send/FILE0
1664834264.105049 -- INFO: starting 23, 23, /users/jamilm/files_to_Send/FILE3
1664834264.105083 -- INFO: Process 15 get item 24 from queue and executing
1664834264.105458 -- INFO: starting 15, 24, /users/jamilm/files_to_Send/FILE2
1664834264.106546 -- INFO: Process 21 get item 25 from queue and executing
1664834264.106629 -- INFO: Process 20 get item 26 from queue and executing
1664834264.106766 -- INFO: Process 14 get item 27 from queue and executing
1664834264.106912 -- INFO: starting 21, 25, /users/jamilm/files_to_Send/FILE1
1664834264.106948 -- INFO: starting 20, 26, /users/jamilm/files_to_Send/FILE0
1664834264.107158 -- INFO: starting 14, 27, /users/jamilm/files_to_Send/FILE3
1664834264.107447 -- INFO: Process 12 get item 28 from queue and executing
1664834264.107836 -- INFO: Process 19 get item 29 from queue and executing
1664834264.108009 -- INFO: starting 12, 28, /users/jamilm/files_to_Send/FILE2
1664834264.108293 -- INFO: starting 19, 29, /users/jamilm/files_to_Send/FILE1
1664834264.692929 -- INFO: Throughput @7.1s:840.0Mbps, rtt :44.41ms cwnd: 372.7 lossRate: 0.0 CC:24 score:-522.0 
1664834265.684493 -- INFO: Throughput @8.1s:1060.0Mbps, rtt :44.43ms cwnd: 372.7 lossRate: 0.0 CC:24 score:-659.0 
1664834266.685451 -- INFO: Throughput @9.1s:960.0Mbps, rtt :44.36ms cwnd: 372.7 lossRate: 0.0 CC:24 score:-597.0 
1664834267.593377 -- INFO: Iteration 3 Ends, Took 3.54 Seconds. Best Params: [24] and Score: -592.6666666666666.
1664834267.593722 -- INFO: Iteration 4 Starts ...
1664834267.604564 -- INFO: Changing concurrency to 24 ******
1664834267.606953 -- INFO: Process Status Bits from change concurrency are: 1 1 1 1 1 1 1 1 1 1 1 1 1 1 1 1 1 1 1 1 1 1 1 1 0 0 0 0 0 0 0 0
1664834267.608562 -- INFO: Active CC: 24
1664834267.685896 -- INFO: Throughput @10.1s:965.0Mbps, rtt :44.35ms cwnd: 372.7 lossRate: 0.0 CC:24 score:-600.0 
1664834268.690192 -- INFO: Throughput @11.1s:950.0Mbps, rtt :44.34ms cwnd: 372.7 lossRate: 0.0 CC:24 score:-591.0 
1664834269.694514 -- INFO: Throughput @12.1s:945.0Mbps, rtt :44.24ms cwnd: 372.7 lossRate: 0.0 CC:24 score:-588.0 
1664834270.692798 -- INFO: Throughput @13.1s:960.0Mbps, rtt :44.43ms cwnd: 372.7 lossRate: 0.0 CC:24 score:-597.0 
1664834271.244425 -- INFO: Iteration 4 Ends, Took 3.65 Seconds. Best Params: [24] and Score: -592.6666666666666.
1664834271.244652 -- INFO: Iteration 5 Starts ...
1664834271.244879 -- INFO: Changing concurrency to 20 ******
1664834271.245564 -- INFO: Process Status Bits from change concurrency are: 1 1 1 1 1 1 1 1 1 1 1 1 1 1 1 1 1 1 1 1 0 0 0 0 0 0 0 0 0 0 0 0
1664834271.246503 -- INFO: Active CC: 20
1664834271.692926 -- INFO: Throughput @14.1s:890.0Mbps, rtt :44.29ms cwnd: 372.7 lossRate: 0.0 CC:20 score:-599.0 
1664834272.692859 -- INFO: Throughput @15.1s:910.0Mbps, rtt :43.61ms cwnd: 381.0 lossRate: 0 CC:20 score:-612.0 
1664834273.697082 -- INFO: Throughput @16.1s:905.0Mbps, rtt :43.47ms cwnd: 381.0 lossRate: 0.0 CC:20 score:-609.0 
1664834274.714974 -- INFO: Throughput @17.1s:905.0Mbps, rtt :43.52ms cwnd: 381.0 lossRate: 0.0 CC:20 score:-609.0 
1664834274.779402 -- INFO: Iteration 5 Ends, Took 3.53 Seconds. Best Params: [20] and Score: -606.6666666666666.
1664834274.779555 -- INFO: Iteration 6 Starts ...
1664834274.779706 -- INFO: Changing concurrency to 32 ******
1664834274.780979 -- INFO: Process Status Bits from change concurrency are: 1 1 1 1 1 1 1 1 1 1 1 1 1 1 1 1 1 1 1 1 1 1 1 1 1 1 1 1 1 1 1 1
1664834274.781142 -- INFO: Active CC: 32
1664834274.781025 -- INFO: Start Process :: 20
1664834274.781486 -- INFO: Start Process :: 21
1664834274.782175 -- INFO: Start Process :: 23
1664834274.783063 -- INFO: Start Process :: 22
1664834274.783239 -- INFO: Start Process :: 25
1664834274.783765 -- INFO: Start Process :: 29
1664834274.784261 -- INFO: Start Process :: 31
1664834274.786897 -- INFO: Start Process :: 27
1664834274.786829 -- INFO: Start Process :: 30
1664834274.786503 -- INFO: Start Process :: 26
1664834274.787130 -- INFO: Start Process :: 28
1664834274.786556 -- INFO: Start Process :: 24
1664834274.826478 -- INFO: Process 20 get item 30 from queue and executing
1664834274.826934 -- INFO: Process 23 get item 31 from queue and executing
1664834274.827013 -- INFO: starting 20, 30, /users/jamilm/files_to_Send/FILE0
1664834274.827271 -- INFO: Process 29 get item 7 from queue and executing
1664834274.827319 -- INFO: starting 23, 31, /users/jamilm/files_to_Send/FILE3
1664834274.827364 -- INFO: Process 21 get item 9 from queue and executing
1664834274.827592 -- INFO: starting 29, 7, /users/jamilm/files_to_Send/FILE3
1664834274.827737 -- INFO: starting 21, 9, /users/jamilm/files_to_Send/FILE1
1664834274.828828 -- INFO: Process 31 get item 8 from queue and executing
1664834274.829027 -- INFO: Process 22 get item 6 from queue and executing
1664834274.829082 -- INFO: Process 25 get item 11 from queue and executing
1664834274.829109 -- INFO: starting 31, 8, /users/jamilm/files_to_Send/FILE2
1664834274.829346 -- INFO: starting 25, 11, /users/jamilm/files_to_Send/FILE3
1664834274.829499 -- INFO: starting 22, 6, /users/jamilm/files_to_Send/FILE0
1664834274.831364 -- INFO: Process 24 get item 10 from queue and executing
1664834274.831516 -- INFO: Process 30 get item 22 from queue and executing
1664834274.831671 -- INFO: starting 24, 10, /users/jamilm/files_to_Send/FILE0
1664834274.831685 -- INFO: Process 26 get item 23 from queue and executing
1664834274.831821 -- INFO: starting 30, 22, /users/jamilm/files_to_Send/FILE0
1664834274.831793 -- INFO: Process 27 get item 25 from queue and executing
1664834274.831998 -- INFO: starting 26, 23, /users/jamilm/files_to_Send/FILE3
1664834274.832261 -- INFO: starting 27, 25, /users/jamilm/files_to_Send/FILE1
1664834274.832237 -- INFO: Process 28 get item 26 from queue and executing
1664834274.832627 -- INFO: starting 28, 26, /users/jamilm/files_to_Send/FILE0
1664834275.696596 -- INFO: Throughput @18.1s:1075.9Mbps, rtt :44.84ms cwnd: 294.4 lossRate: 0.0 CC:32 score:-571.0 
1664834276.700897 -- INFO: Throughput @19.1s:986.85Mbps, rtt :45.03ms cwnd: 294.4 lossRate: 0.0 CC:32 score:-524.0 
1664834277.702092 -- INFO: Throughput @20.1s:952.9Mbps, rtt :44.93ms cwnd: 294.4 lossRate: 0.0 CC:32 score:-506.0 
1664834278.699356 -- INFO: Throughput @21.1s:941.78Mbps, rtt :45.1ms cwnd: 294.5 lossRate: 0.0 CC:32 score:-500.0 
1664834278.822380 -- INFO: Iteration 6 Ends, Took 4.04 Seconds. Best Params: [20] and Score: -606.6666666666666.
1664834278.822543 -- INFO: Iteration 7 Starts ...
1664834278.822730 -- INFO: Changing concurrency to 20 ******
1664834278.822866 -- INFO: Process Status Bits from change concurrency are: 1 1 1 1 1 1 1 1 1 1 1 1 1 1 1 1 1 1 1 1 0 0 0 0 0 0 0 0 0 0 0 0
1664834278.823013 -- INFO: Active CC: 20
1664834279.701432 -- INFO: Throughput @22.1s:839.19Mbps, rtt :43.71ms cwnd: 381.0 lossRate: 0.0 CC:20 score:-565.0 
1664834280.701600 -- INFO: Throughput @23.1s:915.0Mbps, rtt :43.65ms cwnd: 381.0 lossRate: 0.0 CC:20 score:-616.0 
1664834281.702986 -- INFO: Throughput @24.1s:895.0Mbps, rtt :43.71ms cwnd: 381.0 lossRate: 0.0 CC:20 score:-602.0 
1664834282.574330 -- INFO: Iteration 7 Ends, Took 3.75 Seconds. Best Params: [20] and Score: -606.6666666666666.
1664834282.574697 -- INFO: Iteration 8 Starts ...
1664834282.575066 -- INFO: Changing concurrency to 21 ******
1664834282.576394 -- INFO: Process Status Bits from change concurrency are: 1 1 1 1 1 1 1 1 1 1 1 1 1 1 1 1 1 1 1 1 1 0 0 0 0 0 0 0 0 0 0 0
1664834282.577305 -- INFO: Active CC: 21
1664834282.577187 -- INFO: Start Process :: 20
1664834282.619878 -- INFO: Process 20 get item 25 from queue and executing
1664834282.620321 -- INFO: starting 20, 25, /users/jamilm/files_to_Send/FILE1
1664834282.702243 -- INFO: Throughput @25.1s:916.34Mbps, rtt :43.68ms cwnd: 363.8 lossRate: 0.0 CC:21 score:-605.0 
1664834283.702173 -- INFO: Throughput @26.1s:948.66Mbps, rtt :43.92ms cwnd: 378.5 lossRate: 0.0 CC:21 score:-626.0 
1664834284.703723 -- INFO: Throughput @27.1s:945.0Mbps, rtt :43.7ms cwnd: 378.5 lossRate: 0.0 CC:21 score:-623.0 
1664834285.704294 -- INFO: Throughput @28.1s:940.0Mbps, rtt :43.78ms cwnd: 378.5 lossRate: 0.0 CC:21 score:-620.0 
1664834286.227177 -- INFO: Iteration 8 Ends, Took 3.65 Seconds. Best Params: [21] and Score: -623.0.
1664834286.228096 -- INFO: Iteration 9 Starts ...
1664834286.228684 -- INFO: Changing concurrency to 22 ******
1664834286.231054 -- INFO: Process Status Bits from change concurrency are: 1 1 1 1 1 1 1 1 1 1 1 1 1 1 1 1 1 1 1 1 1 1 0 0 0 0 0 0 0 0 0 0
1664834286.231207 -- INFO: Start Process :: 21
1664834286.232717 -- INFO: Active CC: 22
1664834286.274249 -- INFO: Process 21 get item 23 from queue and executing
1664834286.274610 -- INFO: starting 21, 23, /users/jamilm/files_to_Send/FILE3
1664834286.705306 -- INFO: Throughput @29.1s:960.0Mbps, rtt :43.98ms cwnd: 374.6 lossRate: 0.0 CC:22 score:-621.0 
1664834287.708536 -- INFO: Throughput @30.1s:975.0Mbps, rtt :43.99ms cwnd: 376.8 lossRate: 0.0 CC:22 score:-631.0 
1664834288.708763 -- INFO: Throughput @31.1s:945.0Mbps, rtt :44.03ms cwnd: 376.8 lossRate: 0.0 CC:22 score:-611.0 
1664834289.709118 -- INFO: Throughput @32.1s:950.0Mbps, rtt :44.05ms cwnd: 376.8 lossRate: 0.0 CC:22 score:-614.0 
1664834290.093220 -- INFO: Iteration 9 Ends, Took 3.86 Seconds. Best Params: [21] and Score: -623.0.
1664834290.093437 -- INFO: Iteration 10 Starts ...
1664834290.093666 -- INFO: Changing concurrency to 22 ******
1664834290.094285 -- INFO: Process Status Bits from change concurrency are: 1 1 1 1 1 1 1 1 1 1 1 1 1 1 1 1 1 1 1 1 1 1 0 0 0 0 0 0 0 0 0 0
1664834290.095152 -- INFO: Active CC: 22
1664834290.709991 -- INFO: Throughput @33.1s:945.0Mbps, rtt :44.06ms cwnd: 376.8 lossRate: 0.0 CC:22 score:-611.0 
1664834291.709695 -- INFO: Throughput @34.1s:955.0Mbps, rtt :44.06ms cwnd: 376.8 lossRate: 0.0 CC:22 score:-618.0 
1664834292.712368 -- INFO: Throughput @35.1s:945.0Mbps, rtt :43.89ms cwnd: 376.8 lossRate: 0.0 CC:22 score:-611.0 
1664834293.716233 -- INFO: Iteration 10 Ends, Took 3.62 Seconds. Best Params: [21] and Score: -623.0.
1664834293.716780 -- INFO: Iteration 11 Starts ...
1664834293.717485 -- INFO: Changing concurrency to 22 ******
1664834293.725903 -- INFO: Throughput @36.1s:935.0Mbps, rtt :44.04ms cwnd: 376.8 lossRate: 0.0 CC:22 score:-605.0 
1664834293.729415 -- INFO: Process Status Bits from change concurrency are: 1 1 1 1 1 1 1 1 1 1 1 1 1 1 1 1 1 1 1 1 1 1 0 0 0 0 0 0 0 0 0 0
1664834293.730366 -- INFO: Active CC: 22
1664834294.714462 -- INFO: Throughput @37.1s:940.0Mbps, rtt :44.02ms cwnd: 376.8 lossRate: 0.0 CC:22 score:-608.0 
1664834295.712943 -- INFO: Throughput @38.1s:950.0Mbps, rtt :44.13ms cwnd: 376.8 lossRate: 0.0 CC:22 score:-614.0 
1664834296.714682 -- INFO: Throughput @39.1s:945.0Mbps, rtt :43.89ms cwnd: 376.8 lossRate: 0.0 CC:22 score:-611.0 
1664834297.364637 -- INFO: Iteration 11 Ends, Took 3.65 Seconds. Best Params: [21] and Score: -623.0.
1664834297.365007 -- INFO: Iteration 12 Starts ...
1664834297.365559 -- INFO: Changing concurrency to 22 ******
1664834297.367172 -- INFO: Process Status Bits from change concurrency are: 1 1 1 1 1 1 1 1 1 1 1 1 1 1 1 1 1 1 1 1 1 1 0 0 0 0 0 0 0 0 0 0
1664834297.368437 -- INFO: Active CC: 22
1664834297.716564 -- INFO: Throughput @40.1s:930.0Mbps, rtt :44.02ms cwnd: 376.8 lossRate: 0.0 CC:22 score:-602.0 
1664834298.722119 -- INFO: Throughput @41.1s:950.0Mbps, rtt :43.9ms cwnd: 376.8 lossRate: 0.0 CC:22 score:-614.0 
1664834299.723274 -- INFO: Throughput @42.1s:955.0Mbps, rtt :44.02ms cwnd: 376.8 lossRate: 0.0 CC:22 score:-618.0 
1664834300.720302 -- INFO: Throughput @43.1s:930.0Mbps, rtt :44.0ms cwnd: 376.8 lossRate: 0.0 CC:22 score:-602.0 
1664834300.990578 -- INFO: Iteration 12 Ends, Took 3.63 Seconds. Best Params: [21] and Score: -623.0.
1664834300.991066 -- INFO: Iteration 13 Starts ...
1664834300.991606 -- INFO: Changing concurrency to 28 ******
1664834300.992986 -- INFO: Process Status Bits from change concurrency are: 1 1 1 1 1 1 1 1 1 1 1 1 1 1 1 1 1 1 1 1 1 1 1 1 1 1 1 1 0 0 0 0
1664834300.993510 -- INFO: Active CC: 28
1664834300.994350 -- INFO: Start Process :: 25
1664834300.994452 -- INFO: Start Process :: 22
1664834300.994436 -- INFO: Start Process :: 24
1664834300.997775 -- INFO: Start Process :: 23
1664834300.998628 -- INFO: Start Process :: 26
1664834301.010681 -- INFO: Start Process :: 27
1664834301.038424 -- INFO: Process 25 get item 10 from queue and executing
1664834301.038951 -- INFO: starting 25, 10, /users/jamilm/files_to_Send/FILE0
1664834301.039536 -- INFO: Process 24 get item 7 from queue and executing
1664834301.039603 -- INFO: Process 22 get item 8 from queue and executing
1664834301.040065 -- INFO: starting 22, 8, /users/jamilm/files_to_Send/FILE2
1664834301.040110 -- INFO: starting 24, 7, /users/jamilm/files_to_Send/FILE3
1664834301.042831 -- INFO: Process 26 get item 22 from queue and executing
1664834301.043113 -- INFO: Process 23 get item 6 from queue and executing
1664834301.043224 -- INFO: starting 26, 22, /users/jamilm/files_to_Send/FILE0
1664834301.043536 -- INFO: starting 23, 6, /users/jamilm/files_to_Send/FILE0
1664834301.055166 -- INFO: Process 27 get item 31 from queue and executing
1664834301.055588 -- INFO: starting 27, 31, /users/jamilm/files_to_Send/FILE3
1664834301.721427 -- INFO: Throughput @44.1s:1007.47Mbps, rtt :44.51ms cwnd: 331.3 lossRate: 0.0 CC:28 score:-579.0 
1664834302.727413 -- INFO: Throughput @45.1s:951.96Mbps, rtt :44.68ms cwnd: 331.4 lossRate: 0.0 CC:28 score:-547.0 
1664834303.728620 -- INFO: Throughput @46.1s:971.45Mbps, rtt :44.58ms cwnd: 331.4 lossRate: 0.0 CC:28 score:-558.0 
1664834304.611852 -- INFO: Iteration 13 Ends, Took 3.62 Seconds. Best Params: [21] and Score: -623.0.
1664834304.612407 -- INFO: Iteration 14 Starts ...
1664834304.612888 -- INFO: Changing concurrency to 17 ******
1664834304.613670 -- INFO: Process Status Bits from change concurrency are: 1 1 1 1 1 1 1 1 1 1 1 1 1 1 1 1 1 0 0 0 0 0 0 0 0 0 0 0 0 0 0 0
1664834304.614453 -- INFO: Active CC: 17
1664834304.725468 -- INFO: Throughput @47.1s:944.27Mbps, rtt :44.6ms cwnd: 331.4 lossRate: 0.0 CC:17 score:-674.0 
1664834305.729775 -- INFO: Throughput @48.1s:786.61Mbps, rtt :43.0ms cwnd: 387.9 lossRate: 0 CC:17 score:-562.0 
1664834306.729439 -- INFO: Throughput @49.1s:825.0Mbps, rtt :42.6ms cwnd: 387.9 lossRate: 0.0 CC:17 score:-589.0 
1664834307.731647 -- INFO: Throughput @50.1s:865.0Mbps, rtt :41.57ms cwnd: 398.2 lossRate: 0.0 CC:17 score:-618.0 
1664834308.478245 -- INFO: Iteration 14 Ends, Took 3.87 Seconds. Best Params: [21] and Score: -623.0.
1664834308.478480 -- INFO: Iteration 15 Starts ...
1664834308.478881 -- INFO: Changing concurrency to 20 ******
1664834308.480327 -- INFO: Start Process :: 17
1664834308.480537 -- INFO: Process Status Bits from change concurrency are: 1 1 1 1 1 1 1 1 1 1 1 1 1 1 1 1 1 1 1 1 0 0 0 0 0 0 0 0 0 0 0 0
1664834308.480748 -- INFO: Start Process :: 19
1664834308.481440 -- INFO: Active CC: 20
1664834308.480923 -- INFO: Start Process :: 18
1664834308.520975 -- INFO: Process 17 get item 9 from queue and executing
1664834308.521070 -- INFO: Process 19 get item 30 from queue and executing
1664834308.521333 -- INFO: starting 17, 9, /users/jamilm/files_to_Send/FILE1
1664834308.521510 -- INFO: starting 19, 30, /users/jamilm/files_to_Send/FILE0
1664834308.522808 -- INFO: Process 18 get item 11 from queue and executing
1664834308.523310 -- INFO: starting 18, 11, /users/jamilm/files_to_Send/FILE3
1664834308.736459 -- INFO: Throughput @51.1s:885.0Mbps, rtt :39.88ms cwnd: 431.0 lossRate: 0.0 CC:20 score:-596.0 
1664834309.730004 -- INFO: Throughput @52.1s:1000.0Mbps, rtt :43.59ms cwnd: 452.0 lossRate: 0.0 CC:20 score:-673.0 
1664834310.733602 -- INFO: Throughput @53.1s:980.0Mbps, rtt :43.75ms cwnd: 452.0 lossRate: 0.0 CC:20 score:-660.0 
1664834311.730338 -- INFO: Throughput @54.1s:965.0Mbps, rtt :44.25ms cwnd: 452.0 lossRate: 0.0 CC:20 score:-649.0 
1664834312.172454 -- INFO: Iteration 15 Ends, Took 3.69 Seconds. Best Params: [20] and Score: -643.0.
1664834312.178308 -- INFO: Iteration 16 Starts ...
1664834312.178887 -- INFO: Changing concurrency to 19 ******
1664834312.181047 -- INFO: Process Status Bits from change concurrency are: 1 1 1 1 1 1 1 1 1 1 1 1 1 1 1 1 1 1 1 0 0 0 0 0 0 0 0 0 0 0 0 0
1664834312.182505 -- INFO: Active CC: 19
1664834312.731981 -- INFO: Throughput @55.1s:930.0Mbps, rtt :44.12ms cwnd: 454.6 lossRate: 0.0 CC:19 score:-638.0 
1664834313.733186 -- INFO: Throughput @56.1s:915.0Mbps, rtt :44.24ms cwnd: 454.6 lossRate: 0.0 CC:19 score:-628.0 
1664834314.734612 -- INFO: Throughput @57.1s:930.0Mbps, rtt :44.17ms cwnd: 454.6 lossRate: 0.0 CC:19 score:-638.0 
1664834315.748164 -- INFO: Throughput @58.1s:945.0Mbps, rtt :42.49ms cwnd: 454.6 lossRate: 0.0 CC:19 score:-649.0 
1664834315.908254 -- INFO: Iteration 16 Ends, Took 3.73 Seconds. Best Params: [20] and Score: -643.0.
1664834315.909484 -- INFO: Iteration 17 Starts ...
1664834315.910684 -- INFO: Changing concurrency to 19 ******
1664834315.912687 -- INFO: Process Status Bits from change concurrency are: 1 1 1 1 1 1 1 1 1 1 1 1 1 1 1 1 1 1 1 0 0 0 0 0 0 0 0 0 0 0 0 0
1664834315.914861 -- INFO: Active CC: 19
1664834316.735739 -- INFO: Throughput @59.1s:935.0Mbps, rtt :43.6ms cwnd: 454.6 lossRate: 0.0 CC:19 score:-642.0 
1664834317.737343 -- INFO: Throughput @60.1s:945.0Mbps, rtt :43.49ms cwnd: 454.6 lossRate: 0.0 CC:19 score:-649.0 
1664834318.738689 -- INFO: Throughput @61.1s:945.0Mbps, rtt :43.41ms cwnd: 454.6 lossRate: 0.0 CC:19 score:-649.0 
1664834319.741801 -- INFO: Iteration 17 Ends, Took 3.83 Seconds. Best Params: [19] and Score: -646.6666666666666.
1664834319.742021 -- INFO: Iteration 18 Starts ...
1664834319.742445 -- INFO: Changing concurrency to 19 ******
1664834319.744048 -- INFO: Throughput @62.1s:940.0Mbps, rtt :42.68ms cwnd: 454.6 lossRate: 0.0 CC:19 score:-645.0 
1664834319.745296 -- INFO: Process Status Bits from change concurrency are: 1 1 1 1 1 1 1 1 1 1 1 1 1 1 1 1 1 1 1 0 0 0 0 0 0 0 0 0 0 0 0 0
1664834319.746970 -- INFO: Active CC: 19
1664834320.740169 -- INFO: Throughput @63.1s:945.0Mbps, rtt :42.95ms cwnd: 454.6 lossRate: 0.0 CC:19 score:-649.0 
1664834321.741079 -- INFO: Throughput @64.1s:935.0Mbps, rtt :42.87ms cwnd: 454.6 lossRate: 0.0 CC:19 score:-642.0 
1664834322.742153 -- INFO: Throughput @65.1s:950.0Mbps, rtt :42.97ms cwnd: 454.6 lossRate: 0.0 CC:19 score:-652.0 
1664834323.514230 -- INFO: Iteration 18 Ends, Took 3.77 Seconds. Best Params: [19] and Score: -647.6666666666666.
1664834323.514607 -- INFO: Iteration 19 Starts ...
1664834323.514909 -- INFO: Changing concurrency to 19 ******
1664834323.516911 -- INFO: Process Status Bits from change concurrency are: 1 1 1 1 1 1 1 1 1 1 1 1 1 1 1 1 1 1 1 0 0 0 0 0 0 0 0 0 0 0 0 0
1664834323.518967 -- INFO: Active CC: 19
1664834323.741978 -- INFO: Throughput @66.1s:955.0Mbps, rtt :43.13ms cwnd: 454.6 lossRate: 0.0 CC:19 score:-656.0 
1664834324.745580 -- INFO: Throughput @67.1s:940.0Mbps, rtt :42.77ms cwnd: 454.6 lossRate: 0.0 CC:19 score:-645.0 
1664834325.744580 -- INFO: Throughput @68.1s:950.0Mbps, rtt :43.19ms cwnd: 454.6 lossRate: 0.0 CC:19 score:-652.0 
1664834326.745966 -- INFO: Throughput @69.1s:930.0Mbps, rtt :42.78ms cwnd: 454.6 lossRate: 0.0 CC:19 score:-638.0 
1664834327.420396 -- INFO: Iteration 19 Ends, Took 3.91 Seconds. Best Params: [19] and Score: -651.0.
1664834327.420563 -- INFO: Iteration 20 Starts ...
1664834327.420783 -- INFO: Changing concurrency to 18 ******
1664834327.421891 -- INFO: Process Status Bits from change concurrency are: 1 1 1 1 1 1 1 1 1 1 1 1 1 1 1 1 1 1 0 0 0 0 0 0 0 0 0 0 0 0 0 0
1664834327.423129 -- INFO: Active CC: 18
1664834327.746907 -- INFO: Throughput @70.1s:935.0Mbps, rtt :43.09ms cwnd: 454.6 lossRate: 0.0 CC:18 score:-655.0 
1664834328.748413 -- INFO: Throughput @71.1s:915.0Mbps, rtt :42.36ms cwnd: 458.1 lossRate: 0.0 CC:18 score:-641.0 
1664834329.749406 -- INFO: Throughput @72.1s:900.0Mbps, rtt :41.62ms cwnd: 458.1 lossRate: 0.0 CC:18 score:-630.0 
1664834330.750529 -- INFO: Throughput @73.1s:900.0Mbps, rtt :40.43ms cwnd: 470.2 lossRate: 0.0 CC:18 score:-630.0 
1664834331.287442 -- INFO: Iteration 20 Ends, Took 3.87 Seconds. Best Params: [19] and Score: -651.0.
1664834331.287717 -- INFO: Iteration 21 Starts ...
1664834331.288127 -- INFO: Changing concurrency to 19 ******
1664834331.289445 -- INFO: Start Process :: 18
1664834331.289708 -- INFO: Process Status Bits from change concurrency are: 1 1 1 1 1 1 1 1 1 1 1 1 1 1 1 1 1 1 1 0 0 0 0 0 0 0 0 0 0 0 0 0
1664834331.291451 -- INFO: Active CC: 19
1664834331.329052 -- INFO: Process 18 get item 26 from queue and executing
1664834331.329386 -- INFO: starting 18, 26, /users/jamilm/files_to_Send/FILE0
1664834331.751984 -- INFO: Throughput @74.1s:920.0Mbps, rtt :41.08ms cwnd: 466.9 lossRate: 0.0 CC:19 score:-632.0 
1664834332.755810 -- INFO: Throughput @75.1s:950.0Mbps, rtt :41.68ms cwnd: 466.9 lossRate: 0.0 CC:19 score:-652.0 
1664834333.752982 -- INFO: Throughput @76.1s:950.0Mbps, rtt :42.27ms cwnd: 466.9 lossRate: 0.0 CC:19 score:-652.0 
1664834334.784242 -- INFO: Throughput @77.1s:950.0Mbps, rtt :42.24ms cwnd: 466.9 lossRate: 0.0 CC:19 score:-652.0 
1664834335.167222 -- INFO: Iteration 21 Ends, Took 3.88 Seconds. Best Params: [19] and Score: -651.0.
1664834335.167544 -- INFO: Iteration 22 Starts ...
1664834335.168038 -- INFO: Changing concurrency to 18 ******
1664834335.170035 -- INFO: Process Status Bits from change concurrency are: 1 1 1 1 1 1 1 1 1 1 1 1 1 1 1 1 1 1 0 0 0 0 0 0 0 0 0 0 0 0 0 0
1664834335.171942 -- INFO: Active CC: 18
1664834335.755268 -- INFO: Throughput @78.1s:920.0Mbps, rtt :41.3ms cwnd: 470.2 lossRate: 0.0 CC:18 score:-644.0 
1664834336.757224 -- INFO: Throughput @79.1s:900.0Mbps, rtt :40.5ms cwnd: 470.2 lossRate: 0.0 CC:18 score:-630.0 
1664834337.757418 -- INFO: Throughput @80.1s:900.0Mbps, rtt :40.34ms cwnd: 470.2 lossRate: 0.0 CC:18 score:-630.0 
1664834338.771262 -- INFO: Throughput @81.1s:905.0Mbps, rtt :40.3ms cwnd: 470.2 lossRate: 0.0 CC:18 score:-634.0 
1664834339.155809 -- INFO: Iteration 22 Ends, Took 3.99 Seconds. Best Params: [19] and Score: -651.0.
1664834339.156077 -- INFO: Iteration 23 Starts ...
1664834339.156487 -- INFO: Changing concurrency to 19 ******
1664834339.157985 -- INFO: Start Process :: 18
1664834339.158689 -- INFO: Process Status Bits from change concurrency are: 1 1 1 1 1 1 1 1 1 1 1 1 1 1 1 1 1 1 1 0 0 0 0 0 0 0 0 0 0 0 0 0
1664834339.160162 -- INFO: Active CC: 19
1664834339.197871 -- INFO: Process 18 get item 18 from queue and executing
1664834339.198139 -- INFO: starting 18, 18, /users/jamilm/files_to_Send/FILE0
1664834339.759269 -- INFO: Throughput @82.1s:930.0Mbps, rtt :41.09ms cwnd: 463.5 lossRate: 0.0 CC:19 score:-638.0 
1664834340.759642 -- INFO: Throughput @83.1s:950.0Mbps, rtt :42.39ms cwnd: 463.5 lossRate: 0.0 CC:19 score:-652.0 
1664834341.760916 -- INFO: Throughput @84.1s:950.0Mbps, rtt :42.46ms cwnd: 463.5 lossRate: 0.0 CC:19 score:-652.0 
1664834342.789267 -- INFO: Throughput @85.1s:945.0Mbps, rtt :41.59ms cwnd: 464.5 lossRate: 0.0 CC:19 score:-649.0 
1664834342.996932 -- INFO: Iteration 23 Ends, Took 3.84 Seconds. Best Params: [19] and Score: -651.0.
1664834342.997155 -- INFO: Iteration 24 Starts ...
1664834342.997551 -- INFO: Changing concurrency to 19 ******
1664834342.999552 -- INFO: Process Status Bits from change concurrency are: 1 1 1 1 1 1 1 1 1 1 1 1 1 1 1 1 1 1 1 0 0 0 0 0 0 0 0 0 0 0 0 0
1664834343.001302 -- INFO: Active CC: 19
1664834343.763532 -- INFO: Throughput @86.1s:945.0Mbps, rtt :44.47ms cwnd: 464.5 lossRate: 0.0 CC:19 score:-649.0 
1664834344.764223 -- INFO: Throughput @87.1s:955.0Mbps, rtt :44.04ms cwnd: 464.5 lossRate: 0.0 CC:19 score:-656.0 
1664834345.766515 -- INFO: Throughput @88.1s:950.0Mbps, rtt :43.62ms cwnd: 464.5 lossRate: 0.0 CC:19 score:-652.0 
1664834346.790607 -- INFO: Throughput @89.1s:945.0Mbps, rtt :42.37ms cwnd: 464.5 lossRate: 0.0 CC:19 score:-649.0 
1664834346.883317 -- INFO: Iteration 24 Ends, Took 3.89 Seconds. Best Params: [19] and Score: -652.3333333333334.
1664834346.883582 -- INFO: Iteration 25 Starts ...
1664834346.884078 -- INFO: Changing concurrency to 18 ******
1664834346.885760 -- INFO: Process Status Bits from change concurrency are: 1 1 1 1 1 1 1 1 1 1 1 1 1 1 1 1 1 1 0 0 0 0 0 0 0 0 0 0 0 0 0 0
1664834346.887914 -- INFO: Active CC: 18
1664834347.766480 -- INFO: Throughput @90.1s:905.0Mbps, rtt :42.19ms cwnd: 470.2 lossRate: 0.0 CC:18 score:-634.0 
1664834348.768619 -- INFO: Throughput @91.1s:905.0Mbps, rtt :39.68ms cwnd: 470.2 lossRate: 0.0 CC:18 score:-634.0 
1664834349.769574 -- INFO: Throughput @92.1s:910.0Mbps, rtt :39.94ms cwnd: 470.2 lossRate: 0.0 CC:18 score:-637.0 
1664834350.679567 -- INFO: Iteration 25 Ends, Took 3.8 Seconds. Best Params: [19] and Score: -652.3333333333334.
1664834350.679799 -- INFO: Iteration 26 Starts ...
1664834350.680293 -- INFO: Changing concurrency to 19 ******
1664834350.682903 -- INFO: Process Status Bits from change concurrency are: 1 1 1 1 1 1 1 1 1 1 1 1 1 1 1 1 1 1 1 0 0 0 0 0 0 0 0 0 0 0 0 0
1664834350.683067 -- INFO: Start Process :: 18
1664834350.684999 -- INFO: Active CC: 19
1664834350.722763 -- INFO: Process 18 get item 22 from queue and executing
1664834350.723137 -- INFO: starting 18, 22, /users/jamilm/files_to_Send/FILE0
1664834350.770521 -- INFO: Throughput @93.1s:885.83Mbps, rtt :40.08ms cwnd: 446.5 lossRate: 0.0 CC:19 score:-608.0 
1664834351.771618 -- INFO: Throughput @94.1s:949.17Mbps, rtt :41.68ms cwnd: 468.4 lossRate: 0.0 CC:19 score:-652.0 
1664834352.772308 -- INFO: Throughput @95.1s:950.0Mbps, rtt :43.25ms cwnd: 468.4 lossRate: 0.0 CC:19 score:-652.0 
1664834353.775040 -- INFO: Throughput @96.1s:950.0Mbps, rtt :43.79ms cwnd: 468.4 lossRate: 0.0 CC:19 score:-652.0 
1664834354.560565 -- INFO: Iteration 26 Ends, Took 3.88 Seconds. Best Params: [19] and Score: -652.3333333333334.
1664834354.560826 -- INFO: Iteration 27 Starts ...
1664834354.561094 -- INFO: Changing concurrency to 1 ******
1664834354.562069 -- INFO: Process Status Bits from change concurrency are: 1 0 0 0 0 0 0 0 0 0 0 0 0 0 0 0 0 0 0 0 0 0 0 0 0 0 0 0 0 0 0 0
1664834354.563805 -- INFO: Active CC: 1
1664834354.779072 -- INFO: Throughput @97.1s:755.0Mbps, rtt :38.83ms cwnd: 454.0 lossRate: 0 CC:1 score:-740.0 
1664834355.781505 -- INFO: Throughput @98.1s:55.0Mbps, rtt :38.96ms cwnd: 454.0 lossRate: 0.0 CC:1 score:-54.0 
1664834356.781269 -- INFO: Throughput @99.1s:50.0Mbps, rtt :38.96ms cwnd: 454.0 lossRate: 0.0 CC:1 score:-49.0 
1664834357.784825 -- INFO: Throughput @100.1s:50.0Mbps, rtt :38.93ms cwnd: 454.0 lossRate: 0.0 CC:1 score:-49.0 
1664834358.333119 -- INFO: Iteration 27 Ends, Took 3.77 Seconds. Best Params: [19] and Score: -652.3333333333334.
1664834358.340215 -- INFO: Iteration 28 Starts ...
1664834358.340888 -- INFO: Changing concurrency to 12 ******
1664834358.342714 -- INFO: Process Status Bits from change concurrency are: 1 1 1 1 1 1 1 1 1 1 1 1 0 0 0 0 0 0 0 0 0 0 0 0 0 0 0 0 0 0 0 0
1664834358.342874 -- INFO: Start Process :: 7
1664834358.342321 -- INFO: Start Process :: 2
1664834358.342528 -- INFO: Start Process :: 1
1664834358.344041 -- INFO: Active CC: 12
1664834358.343915 -- INFO: Start Process :: 9
1664834358.344069 -- INFO: Start Process :: 3
1664834358.344481 -- INFO: Start Process :: 6
1664834358.344799 -- INFO: Start Process :: 5
1664834358.345263 -- INFO: Start Process :: 11
1664834358.347061 -- INFO: Start Process :: 10
1664834358.347529 -- INFO: Start Process :: 8
1664834358.348365 -- INFO: Start Process :: 4
1664834358.382654 -- INFO: Process 7 get item 25 from queue and executing
1664834358.382923 -- INFO: Process 2 get item 29 from queue and executing
1664834358.382991 -- INFO: starting 7, 25, /users/jamilm/files_to_Send/FILE1
1664834358.383034 -- INFO: Process 1 get item 7 from queue and executing
1664834358.383312 -- INFO: Process 9 get item 8 from queue and executing
1664834358.383415 -- INFO: Process 3 get item 23 from queue and executing
1664834358.383549 -- INFO: starting 2, 29, /users/jamilm/files_to_Send/FILE1
1664834358.383591 -- INFO: starting 9, 8, /users/jamilm/files_to_Send/FILE2
1664834358.383890 -- INFO: starting 1, 7, /users/jamilm/files_to_Send/FILE3
1664834358.384269 -- INFO: starting 3, 23, /users/jamilm/files_to_Send/FILE3
1664834358.384285 -- INFO: Process 6 get item 31 from queue and executing
1664834358.384656 -- INFO: starting 6, 31, /users/jamilm/files_to_Send/FILE3
1664834358.385120 -- INFO: Process 5 get item 21 from queue and executing
1664834358.385795 -- INFO: starting 5, 21, /users/jamilm/files_to_Send/FILE1
1664834358.386034 -- INFO: Process 11 get item 6 from queue and executing
1664834358.386522 -- INFO: starting 11, 6, /users/jamilm/files_to_Send/FILE0
1664834358.386550 -- INFO: Process 10 get item 10 from queue and executing
1664834358.387017 -- INFO: Process 8 get item 30 from queue and executing
1664834358.387247 -- INFO: starting 10, 10, /users/jamilm/files_to_Send/FILE0
1664834358.387582 -- INFO: starting 8, 30, /users/jamilm/files_to_Send/FILE0
1664834358.388787 -- INFO: Process 4 get item 11 from queue and executing
1664834358.389339 -- INFO: starting 4, 11, /users/jamilm/files_to_Send/FILE3
1664834358.780219 -- INFO: Throughput @101.2s:245.45Mbps, rtt :41.49ms cwnd: 389.5 lossRate: 0.0 CC:12 score:-194.0 
1664834359.781374 -- INFO: Throughput @102.2s:600.0Mbps, rtt :41.3ms cwnd: 421.2 lossRate: 0.0 CC:12 score:-473.0 
1664834360.782439 -- INFO: Throughput @103.2s:600.0Mbps, rtt :41.23ms cwnd: 423.1 lossRate: 0.0 CC:12 score:-473.0 
1664834361.788779 -- INFO: Throughput @104.2s:600.0Mbps, rtt :41.24ms cwnd: 424.7 lossRate: 0.0 CC:12 score:-473.0 
1664834362.417812 -- INFO: Iteration 28 Ends, Took 4.08 Seconds. Best Params: [19] and Score: -652.3333333333334.
1664834362.417994 -- INFO: Iteration 29 Starts ...
1664834362.418331 -- INFO: Changing concurrency to 19 ******
1664834362.420560 -- INFO: Start Process :: 18
1664834362.420780 -- INFO: Start Process :: 12
1664834362.420651 -- INFO: Start Process :: 15
1664834362.420461 -- INFO: Start Process :: 13
1664834362.420979 -- INFO: Start Process :: 17
1664834362.420653 -- INFO: Start Process :: 14
1664834362.421206 -- INFO: Process Status Bits from change concurrency are: 1 1 1 1 1 1 1 1 1 1 1 1 1 1 1 1 1 1 1 0 0 0 0 0 0 0 0 0 0 0 0 0
1664834362.420862 -- INFO: Start Process :: 16
1664834362.422909 -- INFO: Active CC: 19
1664834362.462126 -- INFO: Process 18 get item 26 from queue and executing
1664834362.462430 -- INFO: starting 18, 26, /users/jamilm/files_to_Send/FILE0
1664834362.462605 -- INFO: Process 15 get item 18 from queue and executing
1664834362.462708 -- INFO: Process 13 get item 2 from queue and executing
1664834362.462778 -- INFO: Process 12 get item 16 from queue and executing
1664834362.462906 -- INFO: Process 17 get item 9 from queue and executing
1664834362.463017 -- INFO: Process 14 get item 4 from queue and executing
1664834362.463109 -- INFO: starting 15, 18, /users/jamilm/files_to_Send/FILE0
1664834362.463198 -- INFO: starting 13, 2, /users/jamilm/files_to_Send/FILE0
1664834362.463243 -- INFO: starting 12, 16, /users/jamilm/files_to_Send/FILE2
1664834362.463521 -- INFO: starting 14, 4, /users/jamilm/files_to_Send/FILE2
1664834362.463622 -- INFO: starting 17, 9, /users/jamilm/files_to_Send/FILE1
1664834362.464088 -- INFO: Process 16 get item 24 from queue and executing
1664834362.464571 -- INFO: starting 16, 24, /users/jamilm/files_to_Send/FILE2
1664834362.782189 -- INFO: Throughput @105.2s:704.48Mbps, rtt :43.17ms cwnd: 394.5 lossRate: 0.0 CC:19 score:-484.0 
1664834363.783512 -- INFO: Throughput @106.2s:925.02Mbps, rtt :43.72ms cwnd: 395.3 lossRate: 0.0 CC:19 score:-635.0 
1664834364.783354 -- INFO: Throughput @107.2s:940.5Mbps, rtt :43.63ms cwnd: 399.3 lossRate: 0.0 CC:19 score:-646.0 
1664834365.801678 -- INFO: Throughput @108.2s:945.0Mbps, rtt :43.78ms cwnd: 399.3 lossRate: 0.0 CC:19 score:-649.0 
1664834366.303343 -- INFO: Iteration 29 Ends, Took 3.89 Seconds. Best Params: [19] and Score: -652.3333333333334.
1664834366.303598 -- INFO: Iteration 30 Starts ...
1664834366.304075 -- INFO: Changing concurrency to 19 ******
1664834366.306858 -- INFO: Process Status Bits from change concurrency are: 1 1 1 1 1 1 1 1 1 1 1 1 1 1 1 1 1 1 1 0 0 0 0 0 0 0 0 0 0 0 0 0
1664834366.308583 -- INFO: Active CC: 19
1664834366.785965 -- INFO: Throughput @109.2s:940.0Mbps, rtt :43.39ms cwnd: 406.8 lossRate: 0.0 CC:19 score:-645.0 
1664834367.786930 -- INFO: Throughput @110.2s:945.0Mbps, rtt :43.48ms cwnd: 406.8 lossRate: 0.0 CC:19 score:-649.0 
1664834368.787915 -- INFO: Throughput @111.2s:940.0Mbps, rtt :43.65ms cwnd: 406.8 lossRate: 0.0 CC:19 score:-645.0 
1664834369.803488 -- INFO: Throughput @112.2s:940.0Mbps, rtt :43.6ms cwnd: 406.8 lossRate: 0.0 CC:19 score:-645.0 
1664834370.273852 -- INFO: Iteration 30 Ends, Took 3.97 Seconds. Best Params: [19] and Score: -652.3333333333334.
1664834370.274141 -- INFO: Iteration 31 Starts ...
1664834370.274619 -- INFO: Changing concurrency to 19 ******
1664834370.276886 -- INFO: Process Status Bits from change concurrency are: 1 1 1 1 1 1 1 1 1 1 1 1 1 1 1 1 1 1 1 0 0 0 0 0 0 0 0 0 0 0 0 0
1664834370.278256 -- INFO: Active CC: 19
1664834370.790310 -- INFO: Throughput @113.2s:945.0Mbps, rtt :42.83ms cwnd: 406.8 lossRate: 0.0 CC:19 score:-649.0 
1664834371.791247 -- INFO: Throughput @114.2s:940.0Mbps, rtt :42.9ms cwnd: 406.8 lossRate: 0.0 CC:19 score:-645.0 
1664834372.792112 -- INFO: Throughput @115.2s:945.0Mbps, rtt :43.16ms cwnd: 406.8 lossRate: 0.0 CC:19 score:-649.0 
1664834373.807983 -- INFO: Throughput @116.2s:940.0Mbps, rtt :43.49ms cwnd: 406.8 lossRate: 0.0 CC:19 score:-645.0 
1664834374.279831 -- INFO: Iteration 31 Ends, Took 4.01 Seconds. Best Params: [19] and Score: -652.3333333333334.
1664834374.280124 -- INFO: Iteration 32 Starts ...
1664834374.280560 -- INFO: Changing concurrency to 19 ******
1664834374.282435 -- INFO: Process Status Bits from change concurrency are: 1 1 1 1 1 1 1 1 1 1 1 1 1 1 1 1 1 1 1 0 0 0 0 0 0 0 0 0 0 0 0 0
1664834374.283853 -- INFO: Active CC: 19
1664834374.794333 -- INFO: Throughput @117.2s:945.0Mbps, rtt :43.49ms cwnd: 406.8 lossRate: 0.0 CC:19 score:-649.0 
1664834375.795818 -- INFO: Throughput @118.2s:940.0Mbps, rtt :43.49ms cwnd: 406.8 lossRate: 0.0 CC:19 score:-645.0 
1664834376.795753 -- INFO: Throughput @119.2s:940.0Mbps, rtt :43.7ms cwnd: 406.8 lossRate: 0.0 CC:19 score:-645.0 
1664834377.828980 -- INFO: Throughput @120.2s:940.0Mbps, rtt :43.34ms cwnd: 406.8 lossRate: 0.0 CC:19 score:-645.0 
1664834378.061805 -- INFO: Iteration 32 Ends, Took 3.78 Seconds. Best Params: [19] and Score: -652.3333333333334.
1664834378.062031 -- INFO: Iteration 33 Starts ...
1664834378.062436 -- INFO: Changing concurrency to 32 ******
1664834378.086978 -- INFO: Process Status Bits from change concurrency are: 1 1 1 1 1 1 1 1 1 1 1 1 1 1 1 1 1 1 1 1 1 1 1 1 1 1 1 1 1 1 1 1
1664834378.087399 -- INFO: Active CC: 32
1664834378.087900 -- INFO: Start Process :: 30
1664834378.088000 -- INFO: Start Process :: 20
1664834378.088048 -- INFO: Start Process :: 19
1664834378.088202 -- INFO: Start Process :: 24
1664834378.088285 -- INFO: Start Process :: 31
1664834378.088392 -- INFO: Start Process :: 23
1664834378.088759 -- INFO: Start Process :: 25
1664834378.088834 -- INFO: Start Process :: 28
1664834378.088759 -- INFO: Start Process :: 21
1664834378.088949 -- INFO: Start Process :: 29
1664834378.089222 -- INFO: Start Process :: 26
1664834378.089311 -- INFO: Start Process :: 27
1664834378.089978 -- INFO: Start Process :: 22
1664834378.129260 -- INFO: Process 30 get item 12 from queue and executing
1664834378.129351 -- INFO: Process 20 get item 27 from queue and executing
1664834378.129481 -- INFO: Process 19 get item 22 from queue and executing
1664834378.129725 -- INFO: starting 30, 12, /users/jamilm/files_to_Send/FILE2
1664834378.129756 -- INFO: starting 20, 27, /users/jamilm/files_to_Send/FILE3
1664834378.129851 -- INFO: starting 19, 22, /users/jamilm/files_to_Send/FILE0
1664834378.130283 -- INFO: Process 23 get item 28 from queue and executing
1664834378.130634 -- INFO: starting 23, 28, /users/jamilm/files_to_Send/FILE2
1664834378.131148 -- INFO: Process 25 get item 5 from queue and executing
1664834378.131321 -- INFO: Process 21 get item 20 from queue and executing
1664834378.131572 -- INFO: starting 25, 5, /users/jamilm/files_to_Send/FILE1
1664834378.131543 -- INFO: Process 27 get item 0 from queue and executing
1664834378.131612 -- INFO: Process 31 get item 13 from queue and executing
1664834378.131653 -- INFO: starting 21, 20, /users/jamilm/files_to_Send/FILE2
1664834378.131713 -- INFO: Process 26 get item 3 from queue and executing
1664834378.131927 -- INFO: Process 29 get item 17 from queue and executing
1664834378.132118 -- INFO: starting 26, 3, /users/jamilm/files_to_Send/FILE3
1664834378.132149 -- INFO: starting 31, 13, /users/jamilm/files_to_Send/FILE1
1664834378.132224 -- INFO: starting 27, 0, /users/jamilm/files_to_Send/FILE2
1664834378.132215 -- INFO: Process 24 get item 19 from queue and executing
1664834378.132306 -- INFO: starting 29, 17, /users/jamilm/files_to_Send/FILE1
1664834378.132325 -- INFO: Process 28 get item 15 from queue and executing
1664834378.132735 -- INFO: starting 28, 15, /users/jamilm/files_to_Send/FILE3
1664834378.132761 -- INFO: starting 24, 19, /users/jamilm/files_to_Send/FILE3
1664834378.133424 -- INFO: Process 22 get item 14 from queue and executing
1664834378.133836 -- INFO: starting 22, 14, /users/jamilm/files_to_Send/FILE0
1664834378.797243 -- INFO: Throughput @121.2s:1174.24Mbps, rtt :45.35ms cwnd: 313.7 lossRate: 0.0 CC:32 score:-623.0 
1664834379.798378 -- INFO: Throughput @122.2s:1092.45Mbps, rtt :45.46ms cwnd: 313.7 lossRate: 0.0 CC:32 score:-580.0 
1664834380.800875 -- INFO: Throughput @123.2s:991.75Mbps, rtt :45.38ms cwnd: 313.7 lossRate: 0.0 CC:32 score:-526.0 
1664834381.819224 -- INFO: Throughput @124.2s:955.13Mbps, rtt :45.27ms cwnd: 313.7 lossRate: 0.0 CC:32 score:-507.0 
1664834381.821264 -- INFO: Iteration 33 Ends, Took 3.76 Seconds. Best Params: [19] and Score: -652.3333333333334.
1664834381.821409 -- INFO: Iteration 34 Starts ...
1664834381.821687 -- INFO: Changing concurrency to 20 ******
1664834381.821877 -- INFO: Process Status Bits from change concurrency are: 1 1 1 1 1 1 1 1 1 1 1 1 1 1 1 1 1 1 1 1 0 0 0 0 0 0 0 0 0 0 0 0
1664834381.822050 -- INFO: Active CC: 20
1664834382.804230 -- INFO: Throughput @125.2s:811.41Mbps, rtt :43.55ms cwnd: 398.0 lossRate: 0.0 CC:20 score:-546.0 
1664834383.804288 -- INFO: Throughput @126.2s:920.0Mbps, rtt :43.52ms cwnd: 398.0 lossRate: 0.0 CC:20 score:-619.0 
1664834384.805043 -- INFO: Throughput @127.2s:910.0Mbps, rtt :43.65ms cwnd: 398.0 lossRate: 0.0 CC:20 score:-612.0 
1664834385.689250 -- INFO: Iteration 34 Ends, Took 3.87 Seconds. Best Params: [19] and Score: -652.3333333333334.
1664834385.689418 -- INFO: Iteration 35 Starts ...
1664834385.689719 -- INFO: Changing concurrency to 19 ******
1664834385.690890 -- INFO: Process Status Bits from change concurrency are: 1 1 1 1 1 1 1 1 1 1 1 1 1 1 1 1 1 1 1 0 0 0 0 0 0 0 0 0 0 0 0 0
1664834385.692430 -- INFO: Active CC: 19
1664834385.806814 -- INFO: Throughput @128.2s:920.0Mbps, rtt :43.55ms cwnd: 398.0 lossRate: 0.0 CC:19 score:-632.0 
1664834386.807019 -- INFO: Throughput @129.2s:900.0Mbps, rtt :43.38ms cwnd: 407.5 lossRate: 0.0 CC:19 score:-618.0 
1664834387.808408 -- INFO: Throughput @130.2s:925.0Mbps, rtt :43.28ms cwnd: 407.5 lossRate: 0.0 CC:19 score:-635.0 
1664834388.808182 -- INFO: Throughput @131.2s:915.0Mbps, rtt :43.4ms cwnd: 407.5 lossRate: 0.0 CC:19 score:-628.0 
1664834389.591079 -- INFO: Iteration 35 Ends, Took 3.9 Seconds. Best Params: [19] and Score: -652.3333333333334.
1664834389.591284 -- INFO: Iteration 36 Starts ...
1664834389.591659 -- INFO: Changing concurrency to 19 ******
1664834389.592895 -- INFO: Process Status Bits from change concurrency are: 1 1 1 1 1 1 1 1 1 1 1 1 1 1 1 1 1 1 1 0 0 0 0 0 0 0 0 0 0 0 0 0
1664834389.594988 -- INFO: Active CC: 19
1664834389.808928 -- INFO: Throughput @132.2s:945.0Mbps, rtt :43.49ms cwnd: 407.5 lossRate: 0.0 CC:19 score:-649.0 
1664834390.810776 -- INFO: Throughput @133.2s:925.0Mbps, rtt :43.24ms cwnd: 407.5 lossRate: 0.0 CC:19 score:-635.0 
1664834391.812810 -- INFO: Throughput @134.2s:930.0Mbps, rtt :43.12ms cwnd: 407.5 lossRate: 0.0 CC:19 score:-638.0 
1664834392.813489 -- INFO: Throughput @135.2s:930.0Mbps, rtt :42.83ms cwnd: 407.5 lossRate: 0.0 CC:19 score:-638.0 
1664834393.402614 -- INFO: Iteration 36 Ends, Took 3.81 Seconds. Best Params: [19] and Score: -652.3333333333334.
1664834393.402791 -- INFO: Iteration 37 Starts ...
1664834393.403092 -- INFO: Changing concurrency to 19 ******
1664834393.404518 -- INFO: Process Status Bits from change concurrency are: 1 1 1 1 1 1 1 1 1 1 1 1 1 1 1 1 1 1 1 0 0 0 0 0 0 0 0 0 0 0 0 0
1664834393.406077 -- INFO: Active CC: 19
1664834393.816472 -- INFO: Throughput @136.2s:940.0Mbps, rtt :42.47ms cwnd: 407.5 lossRate: 0.0 CC:19 score:-645.0 
1664834394.813830 -- INFO: Throughput @137.2s:940.0Mbps, rtt :42.56ms cwnd: 407.5 lossRate: 0.0 CC:19 score:-645.0 
1664834395.816049 -- INFO: Throughput @138.2s:935.0Mbps, rtt :42.18ms cwnd: 407.5 lossRate: 0.0 CC:19 score:-642.0 
1664834396.828794 -- INFO: Throughput @139.2s:940.0Mbps, rtt :42.09ms cwnd: 407.5 lossRate: 0.0 CC:19 score:-645.0 
1664834397.304675 -- INFO: Iteration 37 Ends, Took 3.9 Seconds. Best Params: [19] and Score: -652.3333333333334.
1664834397.304904 -- INFO: Iteration 38 Starts ...
1664834397.305315 -- INFO: Changing concurrency to 20 ******
1664834397.306412 -- INFO: Process Status Bits from change concurrency are: 1 1 1 1 1 1 1 1 1 1 1 1 1 1 1 1 1 1 1 1 0 0 0 0 0 0 0 0 0 0 0 0
1664834397.307143 -- INFO: Start Process :: 19
1664834397.307585 -- INFO: Active CC: 20
1664834397.350940 -- INFO: Process 19 get item 19 from queue and executing
1664834397.351277 -- INFO: starting 19, 19, /users/jamilm/files_to_Send/FILE3
1664834397.817590 -- INFO: Throughput @140.2s:950.0Mbps, rtt :43.38ms cwnd: 405.6 lossRate: 0.0 CC:20 score:-639.0 
1664834398.817774 -- INFO: Throughput @141.2s:960.0Mbps, rtt :43.53ms cwnd: 405.6 lossRate: 0.0 CC:20 score:-646.0 
1664834399.817899 -- INFO: Throughput @142.2s:955.0Mbps, rtt :43.46ms cwnd: 405.6 lossRate: 0.0 CC:20 score:-643.0 
1664834400.837788 -- INFO: Throughput @143.2s:945.0Mbps, rtt :43.33ms cwnd: 405.6 lossRate: 0.0 CC:20 score:-636.0 
1664834401.196694 -- INFO: Iteration 38 Ends, Took 3.89 Seconds. Best Params: [19] and Score: -652.3333333333334.
1664834401.196898 -- INFO: Iteration 39 Starts ...
1664834401.197165 -- INFO: Changing concurrency to 23 ******
1664834401.198169 -- INFO: Process Status Bits from change concurrency are: 1 1 1 1 1 1 1 1 1 1 1 1 1 1 1 1 1 1 1 1 1 1 1 0 0 0 0 0 0 0 0 0
1664834401.198851 -- INFO: Start Process :: 22
1664834401.198814 -- INFO: Start Process :: 21
1664834401.199238 -- INFO: Active CC: 23
1664834401.199270 -- INFO: Start Process :: 20
1664834401.242675 -- INFO: Process 21 get item 28 from queue and executing
1664834401.243013 -- INFO: starting 21, 28, /users/jamilm/files_to_Send/FILE2
1664834401.243704 -- INFO: Process 22 get item 15 from queue and executing
1664834401.243784 -- INFO: Process 20 get item 13 from queue and executing
1664834401.244059 -- INFO: starting 22, 15, /users/jamilm/files_to_Send/FILE3
1664834401.244204 -- INFO: starting 20, 13, /users/jamilm/files_to_Send/FILE1
1664834401.821046 -- INFO: Throughput @144.2s:1024.5Mbps, rtt :44.11ms cwnd: 386.9 lossRate: 0.0 CC:23 score:-650.0 
1664834402.821993 -- INFO: Throughput @145.2s:995.12Mbps, rtt :44.15ms cwnd: 386.9 lossRate: 0.0 CC:23 score:-631.0 
1664834403.823509 -- INFO: Throughput @146.2s:940.39Mbps, rtt :44.1ms cwnd: 386.9 lossRate: 0.0 CC:23 score:-596.0 
1664834404.841924 -- INFO: Throughput @147.2s:960.0Mbps, rtt :44.41ms cwnd: 386.9 lossRate: 0.0 CC:23 score:-609.0 
1664834404.953361 -- INFO: Iteration 39 Ends, Took 3.76 Seconds. Best Params: [19] and Score: -652.3333333333334.
1664834404.953824 -- INFO: Iteration 40 Starts ...
1664834404.954392 -- INFO: Changing concurrency to 27 ******
1664834404.955570 -- INFO: Process Status Bits from change concurrency are: 1 1 1 1 1 1 1 1 1 1 1 1 1 1 1 1 1 1 1 1 1 1 1 1 1 1 1 0 0 0 0 0
1664834404.956312 -- INFO: Active CC: 27
1664834404.956228 -- INFO: Start Process :: 24
1664834404.956307 -- INFO: Start Process :: 23
1664834404.956838 -- INFO: Start Process :: 25
1664834404.957634 -- INFO: Start Process :: 26
1664834405.000298 -- INFO: Process 25 get item 5 from queue and executing
1664834405.000627 -- INFO: starting 25, 5, /users/jamilm/files_to_Send/FILE1
1664834405.000730 -- INFO: Process 24 get item 14 from queue and executing
1664834405.001003 -- INFO: starting 24, 14, /users/jamilm/files_to_Send/FILE0
1664834405.001732 -- INFO: Process 23 get item 17 from queue and executing
1664834405.002077 -- INFO: starting 23, 17, /users/jamilm/files_to_Send/FILE1
1664834405.003347 -- INFO: Process 26 get item 12 from queue and executing
1664834405.003701 -- INFO: starting 26, 12, /users/jamilm/files_to_Send/FILE2
1664834405.825161 -- INFO: Throughput @148.2s:1006.71Mbps, rtt :44.81ms cwnd: 352.3 lossRate: 0.0 CC:27 score:-590.0 
1664834406.827285 -- INFO: Throughput @149.2s:982.63Mbps, rtt :44.66ms cwnd: 352.3 lossRate: 0.0 CC:27 score:-576.0 
1664834407.828609 -- INFO: Throughput @150.2s:933.68Mbps, rtt :44.69ms cwnd: 352.3 lossRate: 0.0 CC:27 score:-547.0 
1664834408.617890 -- INFO: Iteration 40 Ends, Took 3.66 Seconds. Best Params: [19] and Score: -652.3333333333334.
1664834408.618423 -- INFO: Iteration 41 Starts ...
1664834408.619058 -- INFO: Changing concurrency to 21 ******
1664834408.619855 -- INFO: Process Status Bits from change concurrency are: 1 1 1 1 1 1 1 1 1 1 1 1 1 1 1 1 1 1 1 1 1 0 0 0 0 0 0 0 0 0 0 0
1664834408.620554 -- INFO: Active CC: 21
1664834408.827221 -- INFO: Throughput @151.2s:939.49Mbps, rtt :44.74ms cwnd: 352.5 lossRate: 0.0 CC:21 score:-620.0 
1664834409.831213 -- INFO: Throughput @152.2s:892.2Mbps, rtt :43.99ms cwnd: 403.9 lossRate: 0.0 CC:21 score:-589.0 
1664834410.831431 -- INFO: Throughput @153.2s:945.0Mbps, rtt :44.06ms cwnd: 403.9 lossRate: 0.0 CC:21 score:-623.0 
1664834411.833966 -- INFO: Throughput @154.2s:925.0Mbps, rtt :43.74ms cwnd: 403.9 lossRate: 0.0 CC:21 score:-610.0 
1664834412.396498 -- INFO: Iteration 41 Ends, Took 3.78 Seconds. Best Params: [19] and Score: -652.3333333333334.
1664834412.396665 -- INFO: Iteration 42 Starts ...
1664834412.397036 -- INFO: Changing concurrency to 18 ******
1664834412.397836 -- INFO: Process Status Bits from change concurrency are: 1 1 1 1 1 1 1 1 1 1 1 1 1 1 1 1 1 1 0 0 0 0 0 0 0 0 0 0 0 0 0 0
1664834412.398780 -- INFO: Active CC: 18
1664834412.834966 -- INFO: Throughput @155.2s:900.0Mbps, rtt :43.75ms cwnd: 405.6 lossRate: 0.0 CC:18 score:-630.0 
1664834413.836647 -- INFO: Throughput @156.2s:900.0Mbps, rtt :43.17ms cwnd: 409.7 lossRate: 0 CC:18 score:-630.0 
1664834414.837534 -- INFO: Throughput @157.2s:870.0Mbps, rtt :42.7ms cwnd: 409.7 lossRate: 0.0 CC:18 score:-609.0 
1664834415.846411 -- INFO: Throughput @158.2s:910.0Mbps, rtt :42.46ms cwnd: 409.7 lossRate: 0.0 CC:18 score:-637.0 
1664834416.252250 -- INFO: Iteration 42 Ends, Took 3.86 Seconds. Best Params: [19] and Score: -652.3333333333334.
1664834416.252538 -- INFO: Iteration 43 Starts ...
1664834416.252963 -- INFO: Changing concurrency to 18 ******
1664834416.254624 -- INFO: Process Status Bits from change concurrency are: 1 1 1 1 1 1 1 1 1 1 1 1 1 1 1 1 1 1 0 0 0 0 0 0 0 0 0 0 0 0 0 0
1664834416.256293 -- INFO: Active CC: 18
1664834416.838224 -- INFO: Throughput @159.2s:885.0Mbps, rtt :42.26ms cwnd: 409.7 lossRate: 0.0 CC:18 score:-620.0 
1664834417.838909 -- INFO: Throughput @160.2s:905.0Mbps, rtt :41.82ms cwnd: 410.9 lossRate: 0.0 CC:18 score:-634.0 
1664834418.838705 -- INFO: Throughput @161.2s:905.0Mbps, rtt :41.71ms cwnd: 480.1 lossRate: 0.0 CC:18 score:-634.0 
1664834419.277150 -- INFO: Process 0 finished on working on file 1 
1664834419.279286 -- INFO: Process 0 get item 20 from queue and executing
1664834419.279873 -- INFO: starting 0, 20, /users/jamilm/files_to_Send/FILE2
1664834419.859322 -- INFO: Throughput @162.2s:905.0Mbps, rtt :40.16ms cwnd: 517.7 lossRate: 0.0 CC:18 score:-634.0 
1664834420.148291 -- INFO: Iteration 43 Ends, Took 3.9 Seconds. Best Params: [19] and Score: -652.3333333333334.
1664834420.148478 -- INFO: Iteration 44 Starts ...
1664834420.148849 -- INFO: Changing concurrency to 19 ******
1664834420.151105 -- INFO: Process Status Bits from change concurrency are: 1 1 1 1 1 1 1 1 1 1 1 1 1 1 1 1 1 1 1 0 0 0 0 0 0 0 0 0 0 0 0 0
1664834420.151003 -- INFO: Start Process :: 18
1664834420.153028 -- INFO: Active CC: 19
1664834420.190787 -- INFO: Process 18 get item 27 from queue and executing
1664834420.191172 -- INFO: starting 18, 27, /users/jamilm/files_to_Send/FILE3
1664834420.839952 -- INFO: Throughput @163.2s:925.0Mbps, rtt :41.42ms cwnd: 513.3 lossRate: 0.0 CC:19 score:-635.0 
1664834421.841627 -- INFO: Throughput @164.2s:950.0Mbps, rtt :42.68ms cwnd: 513.3 lossRate: 0.0 CC:19 score:-652.0 
1664834422.842505 -- INFO: Throughput @165.2s:950.0Mbps, rtt :43.36ms cwnd: 513.3 lossRate: 0.0 CC:19 score:-652.0 
1664834423.856058 -- INFO: Throughput @166.2s:940.0Mbps, rtt :43.93ms cwnd: 513.3 lossRate: 0.0 CC:19 score:-645.0 
1664834424.096210 -- INFO: Iteration 44 Ends, Took 3.95 Seconds. Best Params: [19] and Score: -652.3333333333334.
1664834424.096432 -- INFO: Iteration 45 Starts ...
1664834424.096900 -- INFO: Changing concurrency to 19 ******
1664834424.099280 -- INFO: Process Status Bits from change concurrency are: 1 1 1 1 1 1 1 1 1 1 1 1 1 1 1 1 1 1 1 0 0 0 0 0 0 0 0 0 0 0 0 0
1664834424.101115 -- INFO: Active CC: 19
1664834424.844603 -- INFO: Throughput @167.2s:950.0Mbps, rtt :44.4ms cwnd: 513.3 lossRate: 0.0 CC:19 score:-652.0 
1664834425.844942 -- INFO: Throughput @168.2s:955.0Mbps, rtt :44.27ms cwnd: 513.3 lossRate: 0.0 CC:19 score:-656.0 
1664834426.483305 -- INFO: Process 14 finished on working on file 4 
1664834426.484569 -- INFO: Process 14 get item 3 from queue and executing
1664834426.484969 -- INFO: starting 14, 3, /users/jamilm/files_to_Send/FILE3
1664834426.846869 -- INFO: Throughput @169.2s:950.0Mbps, rtt :43.97ms cwnd: 513.3 lossRate: 0.0 CC:19 score:-652.0 
1664834427.859491 -- INFO: Throughput @170.2s:950.0Mbps, rtt :43.51ms cwnd: 513.3 lossRate: 0.0 CC:19 score:-652.0 
1664834428.063537 -- INFO: Iteration 45 Ends, Took 3.97 Seconds. Best Params: [19] and Score: -653.3333333333334.
1664834428.063750 -- INFO: Iteration 46 Starts ...
1664834428.064200 -- INFO: Changing concurrency to 19 ******
1664834428.066194 -- INFO: Process Status Bits from change concurrency are: 1 1 1 1 1 1 1 1 1 1 1 1 1 1 1 1 1 1 1 0 0 0 0 0 0 0 0 0 0 0 0 0
1664834428.068080 -- INFO: Active CC: 19
1664834428.847367 -- INFO: Throughput @171.2s:945.0Mbps, rtt :44.45ms cwnd: 513.3 lossRate: 0.0 CC:19 score:-649.0 
1664834429.849668 -- INFO: Throughput @172.2s:950.0Mbps, rtt :44.48ms cwnd: 513.3 lossRate: 0.0 CC:19 score:-652.0 
1664834430.635866 -- INFO: Process 13 finished on working on file 2 
1664834430.636531 -- INFO: Process 13 get item 0 from queue and executing
1664834430.636736 -- INFO: starting 13, 0, /users/jamilm/files_to_Send/FILE2
1664834430.850642 -- INFO: Throughput @173.2s:950.0Mbps, rtt :44.42ms cwnd: 513.3 lossRate: 0.0 CC:19 score:-652.0 
1664834431.867368 -- INFO: Throughput @174.2s:935.0Mbps, rtt :44.07ms cwnd: 513.3 lossRate: 0.0 CC:19 score:-642.0 
1664834432.052375 -- INFO: Iteration 46 Ends, Took 3.99 Seconds. Best Params: [19] and Score: -653.3333333333334.
1664834432.052596 -- INFO: Iteration 47 Starts ...
1664834432.053049 -- INFO: Changing concurrency to 20 ******
1664834432.055047 -- INFO: Process Status Bits from change concurrency are: 1 1 1 1 1 1 1 1 1 1 1 1 1 1 1 1 1 1 1 1 0 0 0 0 0 0 0 0 0 0 0 0
1664834432.055101 -- INFO: Start Process :: 19
1664834432.056732 -- INFO: Active CC: 20
1664834432.097575 -- INFO: Process 19 get item 22 from queue and executing
1664834432.098005 -- INFO: starting 19, 22, /users/jamilm/files_to_Send/FILE0
1664834432.851659 -- INFO: Throughput @175.2s:975.0Mbps, rtt :44.73ms cwnd: 506.1 lossRate: 0.0 CC:20 score:-656.0 
1664834433.853408 -- INFO: Throughput @176.2s:965.0Mbps, rtt :44.99ms cwnd: 506.1 lossRate: 0.0 CC:20 score:-649.0 
1664834434.855365 -- INFO: Throughput @177.2s:960.0Mbps, rtt :44.96ms cwnd: 506.1 lossRate: 0.0 CC:20 score:-646.0 
1664834435.882087 -- INFO: Throughput @178.2s:960.0Mbps, rtt :44.82ms cwnd: 506.1 lossRate: 0.0 CC:20 score:-646.0 
1664834435.969350 -- INFO: Iteration 47 Ends, Took 3.92 Seconds. Best Params: [19] and Score: -653.3333333333334.
1664834435.969574 -- INFO: Iteration 48 Starts ...
1664834435.970037 -- INFO: Changing concurrency to 20 ******
1664834435.971853 -- INFO: Process Status Bits from change concurrency are: 1 1 1 1 1 1 1 1 1 1 1 1 1 1 1 1 1 1 1 1 0 0 0 0 0 0 0 0 0 0 0 0
1664834435.973085 -- INFO: Active CC: 20
1664834436.856892 -- INFO: Throughput @179.2s:955.0Mbps, rtt :45.0ms cwnd: 506.1 lossRate: 0.0 CC:20 score:-643.0 
1664834437.691963 -- INFO: Process 12 finished on working on file 16 
1664834437.692730 -- INFO: Process 12 get item 14 from queue and executing
1664834437.693020 -- INFO: starting 12, 14, /users/jamilm/files_to_Send/FILE0
1664834437.857496 -- INFO: Throughput @180.2s:955.0Mbps, rtt :45.09ms cwnd: 506.1 lossRate: 0.0 CC:20 score:-643.0 
1664834438.858287 -- INFO: Throughput @181.2s:945.0Mbps, rtt :45.16ms cwnd: 506.1 lossRate: 0.0 CC:20 score:-636.0 
1664834439.798062 -- INFO: Iteration 48 Ends, Took 3.83 Seconds. Best Params: [19] and Score: -653.3333333333334.
1664834439.798229 -- INFO: Iteration 49 Starts ...
1664834439.798530 -- INFO: Changing concurrency to 20 ******
1664834439.799980 -- INFO: Process Status Bits from change concurrency are: 1 1 1 1 1 1 1 1 1 1 1 1 1 1 1 1 1 1 1 1 0 0 0 0 0 0 0 0 0 0 0 0
1664834439.801419 -- INFO: Active CC: 20
1664834439.859889 -- INFO: Throughput @182.2s:950.0Mbps, rtt :45.22ms cwnd: 506.1 lossRate: 0.0 CC:20 score:-639.0 
1664834440.860895 -- INFO: Throughput @183.2s:940.0Mbps, rtt :45.23ms cwnd: 506.1 lossRate: 0.0 CC:20 score:-633.0 
1664834441.864858 -- INFO: Throughput @184.2s:935.0Mbps, rtt :45.17ms cwnd: 506.1 lossRate: 0.0 CC:20 score:-629.0 
1664834442.862393 -- INFO: Throughput @185.2s:950.0Mbps, rtt :45.21ms cwnd: 506.1 lossRate: 0.0 CC:20 score:-639.0 
1664834443.648052 -- INFO: Iteration 49 Ends, Took 3.85 Seconds. Best Params: [19] and Score: -653.3333333333334.
1664834443.648215 -- INFO: Iteration 50 Starts ...
1664834443.648532 -- INFO: Changing concurrency to 20 ******
1664834443.649727 -- INFO: Process Status Bits from change concurrency are: 1 1 1 1 1 1 1 1 1 1 1 1 1 1 1 1 1 1 1 1 0 0 0 0 0 0 0 0 0 0 0 0
1664834443.650825 -- INFO: Active CC: 20
1664834443.863754 -- INFO: Throughput @186.2s:935.0Mbps, rtt :44.64ms cwnd: 506.1 lossRate: 0.0 CC:20 score:-629.0 
1664834444.865628 -- INFO: Throughput @187.2s:945.0Mbps, rtt :44.86ms cwnd: 506.1 lossRate: 0.0 CC:20 score:-636.0 
1664834445.866812 -- INFO: Throughput @188.2s:945.0Mbps, rtt :44.75ms cwnd: 506.1 lossRate: 0.0 CC:20 score:-636.0 
1664834446.865852 -- INFO: Throughput @189.2s:935.0Mbps, rtt :44.82ms cwnd: 506.1 lossRate: 0.0 CC:20 score:-629.0 
1664834447.536162 -- INFO: Iteration 50 Ends, Took 3.89 Seconds. Best Params: [19] and Score: -653.3333333333334.
1664834447.536385 -- INFO: Iteration 51 Starts ...
1664834447.536730 -- INFO: Changing concurrency to 20 ******
1664834447.538493 -- INFO: Process Status Bits from change concurrency are: 1 1 1 1 1 1 1 1 1 1 1 1 1 1 1 1 1 1 1 1 0 0 0 0 0 0 0 0 0 0 0 0
1664834447.539788 -- INFO: Active CC: 20
1664834447.867618 -- INFO: Throughput @190.2s:945.0Mbps, rtt :44.63ms cwnd: 506.1 lossRate: 0.0 CC:20 score:-636.0 
1664834448.867555 -- INFO: Throughput @191.2s:950.0Mbps, rtt :44.91ms cwnd: 506.1 lossRate: 0.0 CC:20 score:-639.0 
1664834449.870086 -- INFO: Throughput @192.2s:945.0Mbps, rtt :44.82ms cwnd: 506.1 lossRate: 0.0 CC:20 score:-636.0 
1664834450.870011 -- INFO: Throughput @193.2s:950.0Mbps, rtt :44.55ms cwnd: 506.1 lossRate: 0.0 CC:20 score:-639.0 
1664834451.350168 -- INFO: Iteration 51 Ends, Took 3.81 Seconds. Best Params: [19] and Score: -653.3333333333334.
1664834451.350659 -- INFO: Iteration 52 Starts ...
1664834451.351454 -- INFO: Changing concurrency to 20 ******
1664834451.353661 -- INFO: Process Status Bits from change concurrency are: 1 1 1 1 1 1 1 1 1 1 1 1 1 1 1 1 1 1 1 1 0 0 0 0 0 0 0 0 0 0 0 0
1664834451.356505 -- INFO: Active CC: 20
1664834451.871933 -- INFO: Throughput @194.2s:930.0Mbps, rtt :44.76ms cwnd: 506.1 lossRate: 0.0 CC:20 score:-626.0 
1664834452.872389 -- INFO: Throughput @195.2s:935.0Mbps, rtt :44.29ms cwnd: 506.1 lossRate: 0.0 CC:20 score:-629.0 
1664834453.873060 -- INFO: Throughput @196.2s:960.0Mbps, rtt :44.58ms cwnd: 506.1 lossRate: 0.0 CC:20 score:-646.0 
1664834454.897105 -- INFO: Throughput @197.2s:925.0Mbps, rtt :44.71ms cwnd: 506.1 lossRate: 0.0 CC:20 score:-622.0 
1664834455.066846 -- INFO: Iteration 52 Ends, Took 3.72 Seconds. Best Params: [19] and Score: -653.3333333333334.
1664834455.067248 -- INFO: Iteration 53 Starts ...
1664834455.067868 -- INFO: Changing concurrency to 20 ******
1664834455.069793 -- INFO: Process Status Bits from change concurrency are: 1 1 1 1 1 1 1 1 1 1 1 1 1 1 1 1 1 1 1 1 0 0 0 0 0 0 0 0 0 0 0 0
1664834455.072406 -- INFO: Active CC: 20
1664834455.877527 -- INFO: Throughput @198.2s:950.0Mbps, rtt :44.79ms cwnd: 506.1 lossRate: 0.0 CC:20 score:-639.0 
1664834456.876209 -- INFO: Throughput @199.2s:945.0Mbps, rtt :44.91ms cwnd: 506.1 lossRate: 0.0 CC:20 score:-636.0 
1664834457.864518 -- INFO: episode expires
1664834457.864779 -- INFO: Process 22 shutdown itself from outest loop
1664834457.864813 -- INFO: Process 21 shutdown itself from outest loop
1664834457.864765 -- INFO: Process 27 shutdown itself from outest loop
1664834457.864823 -- INFO: Process 31 shutdown itself from outest loop
1664834457.864870 -- INFO: Process 23 shutdown itself from outest loop
1664834457.864777 -- INFO: Process 29 shutdown itself from outest loop
1664834457.864792 -- INFO: Process 26 shutdown itself from outest loop
1664834457.864965 -- INFO: Process 25 shutdown itself from outest loop
1664834457.864936 -- INFO: Process 20 shutdown itself from outest loop
1664834457.865266 -- INFO: Process Status Bits are: 1 1 1 1 1 1 1 1 1 1 1 1 1 1 1 1 1 1 1 1 0 0 0 0 0 0 0 0 0 0 0 0
1664834457.865267 -- INFO: Process Status Bits are: 1 1 1 1 1 1 1 1 1 1 1 1 1 1 1 1 1 1 1 1 0 0 0 0 0 0 0 0 0 0 0 0
1664834457.864970 -- INFO: Process 24 shutdown itself from outest loop
1664834457.864994 -- INFO: Process 28 shutdown itself from outest loop
1664834457.865068 -- INFO: Process 30 shutdown itself from outest loop
1664834457.865412 -- INFO: Process Status Bits are: 1 1 1 1 1 1 1 1 1 1 1 1 1 1 1 1 1 1 1 1 0 0 0 0 0 0 0 0 0 0 0 0
1664834457.865463 -- INFO: Process Status Bits are: 1 1 1 1 1 1 1 1 1 1 1 1 1 1 1 1 1 1 1 1 0 0 0 0 0 0 0 0 0 0 0 0
1664834457.865431 -- INFO: Process Status Bits are: 1 1 1 1 1 1 1 1 1 1 1 1 1 1 1 1 1 1 1 1 0 0 0 0 0 0 0 0 0 0 0 0
1664834457.865485 -- INFO: Process Status Bits are: 1 1 1 1 1 1 1 1 1 1 1 1 1 1 1 1 1 1 1 1 0 0 0 0 0 0 0 0 0 0 0 0
1664834457.865463 -- INFO: Process Status Bits are: 1 1 1 1 1 1 1 1 1 1 1 1 1 1 1 1 1 1 1 1 0 0 0 0 0 0 0 0 0 0 0 0
1664834457.865470 -- INFO: Process Status Bits are: 1 1 1 1 1 1 1 1 1 1 1 1 1 1 1 1 1 1 1 1 0 0 0 0 0 0 0 0 0 0 0 0
1664834457.865511 -- INFO: Process Status Bits are: 1 1 1 1 1 1 1 1 1 1 1 1 1 1 1 1 1 1 1 1 0 0 0 0 0 0 0 0 0 0 0 0
1664834457.865551 -- INFO: Process Status Bits are: 1 1 1 1 1 1 1 1 1 1 1 1 1 1 1 1 1 1 1 1 0 0 0 0 0 0 0 0 0 0 0 0
1664834457.865654 -- INFO: Process Status Bits are: 1 1 1 1 1 1 1 1 1 1 1 1 1 1 1 1 1 1 1 1 0 0 0 0 0 0 0 0 0 0 0 0
1664834457.865720 -- INFO: Process Status Bits are: 1 1 1 1 1 1 1 1 1 1 1 1 1 1 1 1 1 1 1 1 0 0 0 0 0 0 0 0 0 0 0 0
1664834458.664565 -- INFO: Iteration 53 Ends, Took 3.6 Seconds. Best Params: [19] and Score: -653.3333333333334.
1664834458.665029 -- INFO: Iteration 54 Starts ...
1664834458.665601 -- INFO: episode expires
1664834459.592306 -- INFO: Iteration 54 Ends, Took 0.93 Seconds. Best Params: [19] and Score: -653.3333333333334.
1664834459.592456 -- INFO: Bayseian Optimizer Exits ...
1664834459.864830 -- INFO: Throughput @0.1s:0.0Mbps, rtt :0.0ms cwnd: 0.0 lossRate: 0 CC:0 score:-0.0 
