1664851667.563415 -- INFO: Iteration 1 Starts ...
1664851667.564692 -- INFO: Changing concurrency to 20 ******
1664851667.567810 -- INFO: Start Process :: 1
1664851667.569771 -- INFO: Start Process :: 0
1664851667.569785 -- INFO: Start Process :: 2
1664851667.570644 -- INFO: Process Status Bits from change concurrency are: 1 1 1 1 1 1 1 1 1 1 1 1 1 1 1 1 1 1 1 1 0 0 0 0 0 0 0 0 0 0 0 0
1664851667.570706 -- INFO: Start Process :: 3
1664851667.571534 -- INFO: Start Process :: 5
1664851667.571869 -- INFO: Start Process :: 4
1664851667.573761 -- INFO: Active CC: 20
1664851667.573596 -- INFO: Start Process :: 11
1664851667.574088 -- INFO: Start Process :: 7
1664851667.575701 -- INFO: Start Process :: 8
1664851667.577178 -- INFO: Start Process :: 9
1664851667.577537 -- INFO: Start Process :: 6
1664851667.578231 -- INFO: Start Process :: 12
1664851667.579009 -- INFO: Start Process :: 10
1664851667.579650 -- INFO: Start Process :: 17
1664851667.579801 -- INFO: Start Process :: 16
1664851667.581563 -- INFO: Start Process :: 15
1664851667.582646 -- INFO: Start Process :: 13
1664851667.583132 -- INFO: Start Process :: 18
1664851667.583775 -- INFO: Start Process :: 14
1664851667.583931 -- INFO: Start Process :: 19
1664851667.607747 -- INFO: Process 1 get item 0 from queue and executing
1664851667.608140 -- INFO: starting 1, 0, /users/jamilm/files_to_Send/FILE2
1664851667.609350 -- INFO: Process 0 get item 1 from queue and executing
1664851667.609531 -- INFO: Process 2 get item 2 from queue and executing
1664851667.609897 -- INFO: starting 2, 2, /users/jamilm/files_to_Send/FILE0
1664851667.609862 -- INFO: starting 0, 1, /users/jamilm/files_to_Send/FILE1
1664851667.610031 -- INFO: Process 3 get item 3 from queue and executing
1664851667.610594 -- INFO: starting 3, 3, /users/jamilm/files_to_Send/FILE3
1664851667.611071 -- INFO: Process 5 get item 4 from queue and executing
1664851667.611438 -- INFO: starting 5, 4, /users/jamilm/files_to_Send/FILE2
1664851667.611674 -- INFO: Process 4 get item 5 from queue and executing
1664851667.612081 -- INFO: starting 4, 5, /users/jamilm/files_to_Send/FILE1
1664851667.612975 -- INFO: Process 11 get item 6 from queue and executing
1664851667.613246 -- INFO: starting 11, 6, /users/jamilm/files_to_Send/FILE0
1664851667.613984 -- INFO: Process 7 get item 7 from queue and executing
1664851667.614559 -- INFO: starting 7, 7, /users/jamilm/files_to_Send/FILE3
1664851667.615498 -- INFO: Process 8 get item 8 from queue and executing
1664851667.615754 -- INFO: starting 8, 8, /users/jamilm/files_to_Send/FILE2
1664851667.617100 -- INFO: Process 9 get item 9 from queue and executing
1664851667.617437 -- INFO: Process 6 get item 10 from queue and executing
1664851667.617715 -- INFO: starting 9, 9, /users/jamilm/files_to_Send/FILE1
1664851667.617824 -- INFO: Process 12 get item 11 from queue and executing
1664851667.617927 -- INFO: starting 6, 10, /users/jamilm/files_to_Send/FILE0
1664851667.618417 -- INFO: starting 12, 11, /users/jamilm/files_to_Send/FILE3
1664851667.618636 -- INFO: Process 10 get item 12 from queue and executing
1664851667.618932 -- INFO: starting 10, 12, /users/jamilm/files_to_Send/FILE2
1664851667.619604 -- INFO: Process 17 get item 13 from queue and executing
1664851667.619769 -- INFO: Process 16 get item 14 from queue and executing
1664851667.620106 -- INFO: starting 17, 13, /users/jamilm/files_to_Send/FILE1
1664851667.620147 -- INFO: starting 16, 14, /users/jamilm/files_to_Send/FILE0
1664851667.621355 -- INFO: Process 15 get item 15 from queue and executing
1664851667.621773 -- INFO: starting 15, 15, /users/jamilm/files_to_Send/FILE3
1664851667.623488 -- INFO: Process 13 get item 16 from queue and executing
1664851667.623722 -- INFO: Process 18 get item 17 from queue and executing
1664851667.623878 -- INFO: starting 13, 16, /users/jamilm/files_to_Send/FILE2
1664851667.624182 -- INFO: starting 18, 17, /users/jamilm/files_to_Send/FILE1
1664851667.624267 -- INFO: Process 14 get item 18 from queue and executing
1664851667.624580 -- INFO: starting 14, 18, /users/jamilm/files_to_Send/FILE0
1664851667.624267 -- INFO: Throughput @0.1s:0.0Mbps, rtt :38.54ms cwnd: 10.0 lossRate: 0.0 CC:20 score:-0.0 
1664851667.624730 -- INFO: Process 19 get item 19 from queue and executing
1664851667.625116 -- INFO: starting 19, 19, /users/jamilm/files_to_Send/FILE3
1664851668.618213 -- INFO: Throughput @1.1s:671.09Mbps, rtt :40.92ms cwnd: 195.8 lossRate: 7.062770371678291e-05 CC:20 score:-451.0 
1664851669.617594 -- INFO: Throughput @2.1s:1023.41Mbps, rtt :41.89ms cwnd: 232.8 lossRate: 0.0 CC:20 score:-689.0 
1664851670.622762 -- INFO: Throughput @3.1s:905.97Mbps, rtt :41.79ms cwnd: 227.0 lossRate: 0.00013497098123903362 CC:20 score:-608.0 
1664851670.776500 -- INFO: Iteration 1 Ends, Took 3.21 Seconds. Best Params: [20] and Score: -582.6666666666666.
1664851670.776924 -- INFO: Iteration 2 Starts ...
1664851670.777477 -- INFO: Changing concurrency to 32 ******
1664851670.778715 -- INFO: Process Status Bits from change concurrency are: 1 1 1 1 1 1 1 1 1 1 1 1 1 1 1 1 1 1 1 1 1 1 1 1 1 1 1 1 1 1 1 1
1664851670.778885 -- INFO: Active CC: 32
1664851670.782258 -- INFO: Start Process :: 24
1664851670.782733 -- INFO: Start Process :: 22
1664851670.783687 -- INFO: Start Process :: 25
1664851670.784426 -- INFO: Start Process :: 21
1664851670.784784 -- INFO: Start Process :: 30
1664851670.785316 -- INFO: Start Process :: 27
1664851670.786465 -- INFO: Start Process :: 29
1664851670.787221 -- INFO: Start Process :: 23
1664851670.788538 -- INFO: Start Process :: 20
1664851670.787819 -- INFO: Start Process :: 26
1664851670.789006 -- INFO: Start Process :: 28
1664851670.789260 -- INFO: Start Process :: 31
1664851670.824499 -- INFO: Process 24 get item 20 from queue and executing
1664851670.824835 -- INFO: starting 24, 20, /users/jamilm/files_to_Send/FILE2
1664851670.825922 -- INFO: Process 22 get item 21 from queue and executing
1664851670.826290 -- INFO: starting 22, 21, /users/jamilm/files_to_Send/FILE1
1664851670.827255 -- INFO: Process 30 get item 22 from queue and executing
1664851670.827412 -- INFO: Process 25 get item 23 from queue and executing
1664851670.827553 -- INFO: Process 21 get item 24 from queue and executing
1664851670.827600 -- INFO: starting 30, 22, /users/jamilm/files_to_Send/FILE0
1664851670.827709 -- INFO: starting 25, 23, /users/jamilm/files_to_Send/FILE3
1664851670.827914 -- INFO: starting 21, 24, /users/jamilm/files_to_Send/FILE2
1664851670.827955 -- INFO: Process 27 get item 25 from queue and executing
1664851670.828338 -- INFO: starting 27, 25, /users/jamilm/files_to_Send/FILE1
1664851670.828647 -- INFO: Process 29 get item 26 from queue and executing
1664851670.829041 -- INFO: starting 29, 26, /users/jamilm/files_to_Send/FILE0
1664851670.830883 -- INFO: Process 23 get item 27 from queue and executing
1664851670.831293 -- INFO: starting 23, 27, /users/jamilm/files_to_Send/FILE3
1664851670.831503 -- INFO: Process 28 get item 28 from queue and executing
1664851670.831879 -- INFO: starting 28, 28, /users/jamilm/files_to_Send/FILE2
1664851670.832017 -- INFO: Process 26 get item 29 from queue and executing
1664851670.832170 -- INFO: Process 31 get item 30 from queue and executing
1664851670.832315 -- INFO: Process 20 get item 31 from queue and executing
1664851670.832337 -- INFO: starting 26, 29, /users/jamilm/files_to_Send/FILE1
1664851670.832550 -- INFO: starting 31, 30, /users/jamilm/files_to_Send/FILE0
1664851670.832725 -- INFO: starting 20, 31, /users/jamilm/files_to_Send/FILE3
1664851671.625240 -- INFO: Throughput @4.1s:939.52Mbps, rtt :42.48ms cwnd: 166.5 lossRate: 0.00013510857816645378 CC:32 score:-497.0 
1664851672.624810 -- INFO: Throughput @5.1s:981.47Mbps, rtt :42.47ms cwnd: 160.6 lossRate: 0.00017222502429603022 CC:32 score:-519.0 
1664851673.625426 -- INFO: Throughput @6.1s:914.36Mbps, rtt :42.5ms cwnd: 157.4 lossRate: 0.00014749262536873156 CC:32 score:-484.0 
1664851673.979946 -- INFO: Iteration 2 Ends, Took 3.2 Seconds. Best Params: [20] and Score: -582.6666666666666.
1664851673.980054 -- INFO: Iteration 3 Starts ...
1664851673.980497 -- INFO: Changing concurrency to 14 ******
1664851673.980676 -- INFO: Process Status Bits from change concurrency are: 1 1 1 1 1 1 1 1 1 1 1 1 1 1 0 0 0 0 0 0 0 0 0 0 0 0 0 0 0 0 0 0
1664851673.980862 -- INFO: Active CC: 14
1664851674.628145 -- INFO: Throughput @7.1s:931.14Mbps, rtt :39.71ms cwnd: 241.5 lossRate: 0 CC:14 score:-706.0 
1664851675.628429 -- INFO: Throughput @8.1s:956.3Mbps, rtt :41.2ms cwnd: 289.8 lossRate: 0.0 CC:14 score:-725.0 
1664851676.631216 -- INFO: Throughput @9.1s:939.52Mbps, rtt :41.1ms cwnd: 284.7 lossRate: 0.00017180232914871946 CC:14 score:-710.0 
1664851677.623835 -- INFO: Iteration 3 Ends, Took 3.64 Seconds. Best Params: [14] and Score: -713.6666666666666.
1664851677.624090 -- INFO: Iteration 4 Starts ...
1664851677.625632 -- INFO: Changing concurrency to 14 ******
1664851677.634584 -- INFO: Throughput @10.1s:956.3Mbps, rtt :40.87ms cwnd: 280.9 lossRate: 9.813181556125266e-05 CC:14 score:-724.0 
1664851677.635939 -- INFO: Process Status Bits from change concurrency are: 1 1 1 1 1 1 1 1 1 1 1 1 1 1 0 0 0 0 0 0 0 0 0 0 0 0 0 0 0 0 0 0
1664851677.640561 -- INFO: Active CC: 14
1664851678.636142 -- INFO: Throughput @11.1s:922.75Mbps, rtt :41.09ms cwnd: 284.0 lossRate: 0.0 CC:14 score:-699.0 
1664851679.637386 -- INFO: Throughput @12.1s:956.3Mbps, rtt :41.09ms cwnd: 282.0 lossRate: 7.368020335736126e-05 CC:14 score:-724.0 
1664851680.636555 -- INFO: Throughput @13.1s:931.14Mbps, rtt :40.9ms cwnd: 283.2 lossRate: 6.150591071802e-05 CC:14 score:-705.0 
1664851681.281042 -- INFO: Iteration 4 Ends, Took 3.66 Seconds. Best Params: [14] and Score: -713.6666666666666.
1664851681.281191 -- INFO: Iteration 5 Starts ...
1664851681.281387 -- INFO: Changing concurrency to 14 ******
1664851681.284193 -- INFO: Process Status Bits from change concurrency are: 1 1 1 1 1 1 1 1 1 1 1 1 1 1 0 0 0 0 0 0 0 0 0 0 0 0 0 0 0 0 0 0
1664851681.288990 -- INFO: Active CC: 14
1664851681.630367 -- INFO: Throughput @14.1s:956.3Mbps, rtt :40.89ms cwnd: 256.2 lossRate: 0.0005191402049367762 CC:14 score:-720.0 
1664851682.637357 -- INFO: Throughput @15.1s:956.3Mbps, rtt :40.92ms cwnd: 264.5 lossRate: 2.452483139178418e-05 CC:14 score:-725.0 
1664851683.637447 -- INFO: Throughput @16.1s:931.14Mbps, rtt :41.1ms cwnd: 269.9 lossRate: 0.0 CC:14 score:-706.0 
1664851684.640073 -- INFO: Throughput @17.1s:947.91Mbps, rtt :41.28ms cwnd: 274.3 lossRate: 0.0 CC:14 score:-718.0 
1664851684.953191 -- INFO: Iteration 5 Ends, Took 3.67 Seconds. Best Params: [14] and Score: -717.0.
1664851684.953361 -- INFO: Iteration 6 Starts ...
1664851684.953588 -- INFO: Changing concurrency to 14 ******
1664851684.958144 -- INFO: Process Status Bits from change concurrency are: 1 1 1 1 1 1 1 1 1 1 1 1 1 1 0 0 0 0 0 0 0 0 0 0 0 0 0 0 0 0 0 0
1664851684.962775 -- INFO: Active CC: 14
1664851685.642550 -- INFO: Throughput @18.1s:931.14Mbps, rtt :41.1ms cwnd: 267.6 lossRate: 0.00019657710122492105 CC:14 score:-704.0 
1664851686.642044 -- INFO: Throughput @19.1s:956.3Mbps, rtt :41.17ms cwnd: 264.6 lossRate: 0.00024630845207453296 CC:14 score:-722.0 
1664851687.642049 -- INFO: Throughput @20.1s:931.14Mbps, rtt :41.06ms cwnd: 267.9 lossRate: 0.00011061946902654867 CC:14 score:-705.0 
1664851688.478667 -- INFO: Iteration 6 Ends, Took 3.52 Seconds. Best Params: [14] and Score: -717.0.
1664851688.478977 -- INFO: Iteration 7 Starts ...
1664851688.479493 -- INFO: Changing concurrency to 13 ******
1664851688.484489 -- INFO: Process Status Bits from change concurrency are: 1 1 1 1 1 1 1 1 1 1 1 1 1 0 0 0 0 0 0 0 0 0 0 0 0 0 0 0 0 0 0 0
1664851688.489101 -- INFO: Active CC: 13
1664851688.645125 -- INFO: Throughput @21.1s:956.3Mbps, rtt :41.0ms cwnd: 269.1 lossRate: 8.601727718453163e-05 CC:13 score:-738.0 
1664851689.645000 -- INFO: Throughput @22.1s:939.52Mbps, rtt :40.84ms cwnd: 280.5 lossRate: 0 CC:13 score:-726.0 
1664851690.644902 -- INFO: Throughput @23.1s:931.14Mbps, rtt :41.04ms cwnd: 281.8 lossRate: 0.0 CC:13 score:-720.0 
1664851691.645830 -- INFO: Throughput @24.1s:956.3Mbps, rtt :41.17ms cwnd: 285.8 lossRate: 0.00046708294409754657 CC:13 score:-735.0 
1664851691.973226 -- INFO: Iteration 7 Ends, Took 3.49 Seconds. Best Params: [13] and Score: -727.0.
1664851691.973550 -- INFO: Iteration 8 Starts ...
1664851691.973917 -- INFO: Changing concurrency to 12 ******
1664851691.978948 -- INFO: Process Status Bits from change concurrency are: 1 1 1 1 1 1 1 1 1 1 1 1 0 0 0 0 0 0 0 0 0 0 0 0 0 0 0 0 0 0 0 0
1664851691.985014 -- INFO: Active CC: 12
1664851692.649628 -- INFO: Throughput @25.1s:947.91Mbps, rtt :40.75ms cwnd: 305.1 lossRate: 0 CC:12 score:-747.0 
1664851693.647326 -- INFO: Throughput @26.1s:931.14Mbps, rtt :40.21ms cwnd: 300.8 lossRate: 0.00029550099731586593 CC:12 score:-731.0 
1664851694.650471 -- INFO: Throughput @27.1s:939.52Mbps, rtt :40.63ms cwnd: 315.9 lossRate: 0.0 CC:12 score:-741.0 
1664851695.412896 -- INFO: Iteration 8 Ends, Took 3.44 Seconds. Best Params: [12] and Score: -739.6666666666666.
1664851695.413149 -- INFO: Iteration 9 Starts ...
1664851695.413384 -- INFO: Changing concurrency to 1 ******
1664851695.417908 -- INFO: Process Status Bits from change concurrency are: 1 0 0 0 0 0 0 0 0 0 0 0 0 0 0 0 0 0 0 0 0 0 0 0 0 0 0 0 0 0 0 0
1664851695.423587 -- INFO: Active CC: 1
1664851695.657904 -- INFO: Throughput @28.1s:872.42Mbps, rtt :38.81ms cwnd: 258.7 lossRate: 0 CC:1 score:-855.0 
1664851696.653496 -- INFO: Throughput @29.1s:150.99Mbps, rtt :38.69ms cwnd: 478.0 lossRate: 0 CC:1 score:-148.0 
1664851697.653758 -- INFO: Throughput @30.1s:142.61Mbps, rtt :38.7ms cwnd: 497.0 lossRate: 0.0 CC:1 score:-140.0 
1664851698.663790 -- INFO: Throughput @31.1s:134.22Mbps, rtt :38.72ms cwnd: 390.0 lossRate: 0.0013132551216949746 CC:1 score:-130.0 
1664851699.181366 -- INFO: Iteration 9 Ends, Took 3.77 Seconds. Best Params: [12] and Score: -739.6666666666666.
1664851699.181641 -- INFO: Iteration 10 Starts ...
1664851699.182075 -- INFO: Changing concurrency to 12 ******
1664851699.182971 -- INFO: Start Process :: 1
1664851699.183337 -- INFO: Start Process :: 4
1664851699.183726 -- INFO: Start Process :: 2
1664851699.184168 -- INFO: Start Process :: 3
1664851699.184502 -- INFO: Start Process :: 6
1664851699.185073 -- INFO: Start Process :: 8
1664851699.185323 -- INFO: Start Process :: 7
1664851699.185772 -- INFO: Start Process :: 9
1664851699.185946 -- INFO: Start Process :: 5
1664851699.186150 -- INFO: Start Process :: 11
1664851699.186236 -- INFO: Start Process :: 10
1664851699.189364 -- INFO: Process Status Bits from change concurrency are: 1 1 1 1 1 1 1 1 1 1 1 1 0 0 0 0 0 0 0 0 0 0 0 0 0 0 0 0 0 0 0 0
1664851699.195801 -- INFO: Active CC: 12
1664851699.222425 -- INFO: Process 1 get item 18 from queue and executing
1664851699.222808 -- INFO: Process 4 get item 15 from queue and executing
1664851699.222954 -- INFO: starting 1, 18, /users/jamilm/files_to_Send/FILE0
1664851699.223414 -- INFO: Process 2 get item 22 from queue and executing
1664851699.223580 -- INFO: Process 3 get item 30 from queue and executing
1664851699.223844 -- INFO: starting 4, 15, /users/jamilm/files_to_Send/FILE3
1664851699.224074 -- INFO: starting 2, 22, /users/jamilm/files_to_Send/FILE0
1664851699.224102 -- INFO: Process 6 get item 19 from queue and executing
1664851699.224134 -- INFO: starting 3, 30, /users/jamilm/files_to_Send/FILE0
1664851699.224657 -- INFO: Process 8 get item 13 from queue and executing
1664851699.224826 -- INFO: starting 6, 19, /users/jamilm/files_to_Send/FILE3
1664851699.225180 -- INFO: Process 7 get item 24 from queue and executing
1664851699.225363 -- INFO: Process 5 get item 20 from queue and executing
1664851699.225400 -- INFO: starting 8, 13, /users/jamilm/files_to_Send/FILE1
1664851699.225532 -- INFO: Process 9 get item 14 from queue and executing
1664851699.225658 -- INFO: starting 7, 24, /users/jamilm/files_to_Send/FILE2
1664851699.225914 -- INFO: starting 5, 20, /users/jamilm/files_to_Send/FILE2
1664851699.225978 -- INFO: Process 10 get item 17 from queue and executing
1664851699.226071 -- INFO: starting 9, 14, /users/jamilm/files_to_Send/FILE0
1664851699.226273 -- INFO: Process 11 get item 28 from queue and executing
1664851699.226948 -- INFO: starting 11, 28, /users/jamilm/files_to_Send/FILE2
1664851699.226991 -- INFO: starting 10, 17, /users/jamilm/files_to_Send/FILE1
1664851699.652421 -- INFO: Throughput @32.1s:310.38Mbps, rtt :39.18ms cwnd: 197.9 lossRate: 0.0 CC:12 score:-245.0 
1664851700.657164 -- INFO: Throughput @33.1s:981.47Mbps, rtt :41.44ms cwnd: 356.2 lossRate: 0.0 CC:12 score:-774.0 
1664851701.656730 -- INFO: Throughput @34.1s:922.75Mbps, rtt :41.7ms cwnd: 357.6 lossRate: 0.0 CC:12 score:-728.0 
1664851702.655335 -- INFO: Throughput @35.1s:939.52Mbps, rtt :41.69ms cwnd: 361.3 lossRate: 0.0 CC:12 score:-741.0 
1664851702.670500 -- INFO: Iteration 10 Ends, Took 3.49 Seconds. Best Params: [12] and Score: -739.6666666666666.
1664851702.671115 -- INFO: Iteration 11 Starts ...
1664851702.671451 -- INFO: Changing concurrency to 15 ******
1664851702.674931 -- INFO: Start Process :: 13
1664851702.676730 -- INFO: Process Status Bits from change concurrency are: 1 1 1 1 1 1 1 1 1 1 1 1 1 1 1 0 0 0 0 0 0 0 0 0 0 0 0 0 0 0 0 0
1664851702.677058 -- INFO: Start Process :: 12
1664851702.677629 -- INFO: Start Process :: 14
1664851702.681622 -- INFO: Active CC: 15
1664851702.717638 -- INFO: Process 13 get item 29 from queue and executing
1664851702.718171 -- INFO: starting 13, 29, /users/jamilm/files_to_Send/FILE1
1664851702.720572 -- INFO: Process 12 get item 25 from queue and executing
1664851702.721387 -- INFO: starting 12, 25, /users/jamilm/files_to_Send/FILE1
1664851702.722639 -- INFO: Process 14 get item 27 from queue and executing
1664851702.723431 -- INFO: starting 14, 27, /users/jamilm/files_to_Send/FILE3
1664851703.660785 -- INFO: Throughput @36.1s:964.69Mbps, rtt :41.82ms cwnd: 301.5 lossRate: 0.00023262932353841444 CC:15 score:-715.0 
1664851704.662534 -- INFO: Throughput @37.1s:914.36Mbps, rtt :41.82ms cwnd: 303.5 lossRate: 0.0 CC:15 score:-679.0 
1664851705.659993 -- INFO: Throughput @38.1s:947.91Mbps, rtt :41.99ms cwnd: 305.6 lossRate: 0.0 CC:15 score:-704.0 
1664851706.239486 -- INFO: Iteration 11 Ends, Took 3.57 Seconds. Best Params: [12] and Score: -739.6666666666666.
1664851706.239828 -- INFO: Iteration 12 Starts ...
1664851706.240619 -- INFO: Changing concurrency to 15 ******
1664851706.246206 -- INFO: Process Status Bits from change concurrency are: 1 1 1 1 1 1 1 1 1 1 1 1 1 1 1 0 0 0 0 0 0 0 0 0 0 0 0 0 0 0 0 0
1664851706.252605 -- INFO: Active CC: 15
1664851706.662813 -- INFO: Throughput @39.1s:964.69Mbps, rtt :41.91ms cwnd: 299.7 lossRate: 0.00012301636117603641 CC:15 score:-716.0 
1664851707.662871 -- INFO: Throughput @40.1s:914.36Mbps, rtt :41.83ms cwnd: 300.9 lossRate: 0.0 CC:15 score:-679.0 
1664851708.663035 -- INFO: Throughput @41.1s:973.08Mbps, rtt :41.91ms cwnd: 292.2 lossRate: 7.367748907117246e-05 CC:15 score:-722.0 
1664851709.662492 -- INFO: Throughput @42.1s:922.75Mbps, rtt :41.93ms cwnd: 294.8 lossRate: 0.0 CC:15 score:-686.0 
1664851709.747371 -- INFO: Iteration 12 Ends, Took 3.51 Seconds. Best Params: [12] and Score: -739.6666666666666.
1664851709.748811 -- INFO: Iteration 13 Starts ...
1664851709.749481 -- INFO: Changing concurrency to 16 ******
1664851709.754957 -- INFO: Process Status Bits from change concurrency are: 1 1 1 1 1 1 1 1 1 1 1 1 1 1 1 1 0 0 0 0 0 0 0 0 0 0 0 0 0 0 0 0
1664851709.755085 -- INFO: Start Process :: 15
1664851709.759198 -- INFO: Active CC: 16
1664851709.797142 -- INFO: Process 15 get item 21 from queue and executing
1664851709.798138 -- INFO: starting 15, 21, /users/jamilm/files_to_Send/FILE1
1664851710.663443 -- INFO: Throughput @43.1s:973.08Mbps, rtt :41.88ms cwnd: 280.4 lossRate: 6.157862975233075e-05 CC:16 score:-708.0 
1664851711.665048 -- INFO: Throughput @44.1s:914.36Mbps, rtt :41.83ms cwnd: 281.6 lossRate: 0.0 CC:16 score:-666.0 
1664851712.664133 -- INFO: Throughput @45.1s:939.52Mbps, rtt :41.92ms cwnd: 282.6 lossRate: 0.0 CC:16 score:-684.0 
1664851713.279368 -- INFO: Iteration 13 Ends, Took 3.53 Seconds. Best Params: [12] and Score: -739.6666666666666.
1664851713.279563 -- INFO: Iteration 14 Starts ...
1664851713.279914 -- INFO: Changing concurrency to 15 ******
1664851713.283491 -- INFO: Process Status Bits from change concurrency are: 1 1 1 1 1 1 1 1 1 1 1 1 1 1 1 0 0 0 0 0 0 0 0 0 0 0 0 0 0 0 0 0
1664851713.287600 -- INFO: Active CC: 15
1664851713.670633 -- INFO: Throughput @46.1s:939.52Mbps, rtt :41.92ms cwnd: 282.6 lossRate: 0.0 CC:15 score:-698.0 
1664851714.665360 -- INFO: Throughput @47.1s:947.91Mbps, rtt :41.66ms cwnd: 287.4 lossRate: 0.00011065466063598766 CC:15 score:-703.0 
1664851715.670154 -- INFO: Throughput @48.1s:939.52Mbps, rtt :41.59ms cwnd: 280.6 lossRate: 7.343761474627305e-05 CC:15 score:-697.0 
1664851716.669422 -- INFO: Throughput @49.1s:956.3Mbps, rtt :41.82ms cwnd: 289.2 lossRate: 0.0 CC:15 score:-711.0 
1664851716.849895 -- INFO: Iteration 14 Ends, Took 3.57 Seconds. Best Params: [12] and Score: -739.6666666666666.
1664851716.850342 -- INFO: Iteration 15 Starts ...
1664851716.850974 -- INFO: Changing concurrency to 15 ******
1664851716.854889 -- INFO: Process Status Bits from change concurrency are: 1 1 1 1 1 1 1 1 1 1 1 1 1 1 1 0 0 0 0 0 0 0 0 0 0 0 0 0 0 0 0 0
1664851716.859383 -- INFO: Active CC: 15
1664851717.673506 -- INFO: Throughput @50.1s:931.14Mbps, rtt :41.71ms cwnd: 287.4 lossRate: 0.0001104497760323986 CC:15 score:-691.0 
1664851718.673275 -- INFO: Throughput @51.1s:956.3Mbps, rtt :41.76ms cwnd: 291.2 lossRate: 7.36386062666454e-05 CC:15 score:-710.0 
1664851719.673696 -- INFO: Throughput @52.1s:931.14Mbps, rtt :41.61ms cwnd: 286.1 lossRate: 0.0001231117731788691 CC:15 score:-691.0 
1664851720.394690 -- INFO: Iteration 15 Ends, Took 3.54 Seconds. Best Params: [12] and Score: -739.6666666666666.
1664851720.395065 -- INFO: Iteration 16 Starts ...
1664851720.395558 -- INFO: Changing concurrency to 10 ******
1664851720.401324 -- INFO: Process Status Bits from change concurrency are: 1 1 1 1 1 1 1 1 1 1 0 0 0 0 0 0 0 0 0 0 0 0 0 0 0 0 0 0 0 0 0 0
1664851720.404897 -- INFO: Active CC: 10
1664851720.675001 -- INFO: Throughput @53.1s:939.52Mbps, rtt :41.19ms cwnd: 279.6 lossRate: 0 CC:10 score:-771.0 
1664851721.677404 -- INFO: Throughput @54.1s:931.14Mbps, rtt :40.86ms cwnd: 365.8 lossRate: 0 CC:10 score:-764.0 
1664851722.678462 -- INFO: Throughput @55.1s:956.3Mbps, rtt :41.34ms cwnd: 399.0 lossRate: 7.386251723458736e-05 CC:10 score:-784.0 
1664851723.678179 -- INFO: Throughput @56.1s:931.14Mbps, rtt :41.43ms cwnd: 400.0 lossRate: 6.145828211809823e-05 CC:10 score:-763.0 
1664851724.000692 -- INFO: Iteration 16 Ends, Took 3.61 Seconds. Best Params: [10] and Score: -773.0.
1664851724.001941 -- INFO: Iteration 17 Starts ...
1664851724.002853 -- INFO: Changing concurrency to 9 ******
1664851724.011155 -- INFO: Process Status Bits from change concurrency are: 1 1 1 1 1 1 1 1 1 0 0 0 0 0 0 0 0 0 0 0 0 0 0 0 0 0 0 0 0 0 0 0
1664851724.018175 -- INFO: Active CC: 9
1664851724.684052 -- INFO: Throughput @57.1s:931.14Mbps, rtt :40.75ms cwnd: 401.4 lossRate: 0 CC:9 score:-779.0 
1664851725.682177 -- INFO: Throughput @58.1s:922.75Mbps, rtt :41.02ms cwnd: 408.8 lossRate: 0.0 CC:9 score:-772.0 
1664851726.686079 -- INFO: Throughput @59.1s:947.91Mbps, rtt :40.79ms cwnd: 395.2 lossRate: 0.00033052185728800693 CC:9 score:-790.0 
1664851727.660601 -- INFO: Iteration 17 Ends, Took 3.66 Seconds. Best Params: [9] and Score: -780.3333333333334.
1664851727.662122 -- INFO: Iteration 18 Starts ...
1664851727.663099 -- INFO: Changing concurrency to 9 ******
1664851727.667869 -- INFO: Process Status Bits from change concurrency are: 1 1 1 1 1 1 1 1 1 0 0 0 0 0 0 0 0 0 0 0 0 0 0 0 0 0 0 0 0 0 0 0
1664851727.672868 -- INFO: Active CC: 9
1664851727.681917 -- INFO: Throughput @60.1s:956.3Mbps, rtt :40.65ms cwnd: 391.8 lossRate: 0.00014808964359759109 CC:9 score:-799.0 
1664851728.688121 -- INFO: Throughput @61.1s:931.14Mbps, rtt :40.59ms cwnd: 399.2 lossRate: 0.0 CC:9 score:-779.0 
1664851729.685483 -- INFO: Throughput @62.1s:931.14Mbps, rtt :40.85ms cwnd: 399.9 lossRate: 0.00013550803193061988 CC:9 score:-778.0 
1664851730.690135 -- INFO: Throughput @63.1s:964.69Mbps, rtt :40.85ms cwnd: 387.8 lossRate: 0.0001346488114182192 CC:9 score:-806.0 
1664851731.367290 -- INFO: Iteration 18 Ends, Took 3.7 Seconds. Best Params: [9] and Score: -787.6666666666666.
1664851731.367555 -- INFO: Iteration 19 Starts ...
1664851731.368124 -- INFO: Changing concurrency to 9 ******
1664851731.372863 -- INFO: Process Status Bits from change concurrency are: 1 1 1 1 1 1 1 1 1 0 0 0 0 0 0 0 0 0 0 0 0 0 0 0 0 0 0 0 0 0 0 0
1664851731.376123 -- INFO: Active CC: 9
1664851731.689310 -- INFO: Throughput @64.1s:939.52Mbps, rtt :40.42ms cwnd: 382.7 lossRate: 0.00023399879305885686 CC:9 score:-784.0 
1664851732.690021 -- INFO: Throughput @65.1s:939.52Mbps, rtt :39.97ms cwnd: 413.2 lossRate: 0.0002458845080465705 CC:9 score:-784.0 
1664851733.692972 -- INFO: Throughput @66.1s:931.14Mbps, rtt :40.05ms cwnd: 420.7 lossRate: 6.146508168709357e-05 CC:9 score:-779.0 
1664851734.695893 -- INFO: Throughput @67.1s:947.91Mbps, rtt :40.38ms cwnd: 436.8 lossRate: 0.0 CC:9 score:-793.0 
1664851735.170623 -- INFO: Iteration 19 Ends, Took 3.8 Seconds. Best Params: [9] and Score: -787.6666666666666.
1664851735.170773 -- INFO: Iteration 20 Starts ...
1664851735.171048 -- INFO: Changing concurrency to 9 ******
1664851735.174367 -- INFO: Process Status Bits from change concurrency are: 1 1 1 1 1 1 1 1 1 0 0 0 0 0 0 0 0 0 0 0 0 0 0 0 0 0 0 0 0 0 0 0
1664851735.177083 -- INFO: Active CC: 9
1664851735.693465 -- INFO: Throughput @68.1s:956.3Mbps, rtt :40.46ms cwnd: 446.6 lossRate: 3.706815598280038e-05 CC:9 score:-800.0 
1664851736.693040 -- INFO: Throughput @69.1s:939.52Mbps, rtt :40.78ms cwnd: 455.2 lossRate: 0.00011065074935146366 CC:9 score:-785.0 
1664851737.695187 -- INFO: Throughput @70.1s:939.52Mbps, rtt :40.83ms cwnd: 407.9 lossRate: 0.0006989491238611421 CC:9 score:-780.0 
1664851738.691943 -- INFO: Throughput @71.1s:939.52Mbps, rtt :40.68ms cwnd: 390.2 lossRate: 0.00023477949262915962 CC:9 score:-784.0 
1664851738.833584 -- INFO: Iteration 20 Ends, Took 3.66 Seconds. Best Params: [9] and Score: -788.3333333333334.
1664851738.833696 -- INFO: Iteration 21 Starts ...
1664851738.833928 -- INFO: Changing concurrency to 9 ******
1664851738.836157 -- INFO: Process Status Bits from change concurrency are: 1 1 1 1 1 1 1 1 1 0 0 0 0 0 0 0 0 0 0 0 0 0 0 0 0 0 0 0 0 0 0 0
1664851738.838572 -- INFO: Active CC: 9
1664851739.696963 -- INFO: Throughput @72.1s:947.91Mbps, rtt :40.65ms cwnd: 396.3 lossRate: 0.0002693635673531356 CC:9 score:-791.0 
1664851740.698781 -- INFO: Throughput @73.1s:956.3Mbps, rtt :41.06ms cwnd: 412.0 lossRate: 0.0 CC:9 score:-800.0 
1664851741.700126 -- INFO: Throughput @74.1s:939.52Mbps, rtt :40.82ms cwnd: 402.2 lossRate: 6.140544789133692e-05 CC:9 score:-786.0 
1664851742.492023 -- INFO: Iteration 21 Ends, Took 3.66 Seconds. Best Params: [9] and Score: -792.3333333333334.
1664851742.492168 -- INFO: Iteration 22 Starts ...
1664851742.492389 -- INFO: Changing concurrency to 8 ******
1664851742.495196 -- INFO: Process Status Bits from change concurrency are: 1 1 1 1 1 1 1 1 0 0 0 0 0 0 0 0 0 0 0 0 0 0 0 0 0 0 0 0 0 0 0 0
1664851742.497652 -- INFO: Active CC: 8
1664851742.696450 -- INFO: Throughput @75.1s:947.91Mbps, rtt :40.34ms cwnd: 394.1 lossRate: 0.0002468008440588867 CC:8 score:-807.0 
1664851743.699159 -- INFO: Throughput @76.1s:914.36Mbps, rtt :40.46ms cwnd: 441.4 lossRate: 0 CC:8 score:-780.0 
1664851744.699297 -- INFO: Throughput @77.1s:956.3Mbps, rtt :40.82ms cwnd: 457.1 lossRate: 0.000343832504451403 CC:8 score:-813.0 
1664851744.852574 -- INFO: Process 0 finished on working on file 1 
1664851744.853761 -- INFO: Process 0 get item 31 from queue and executing
1664851744.854485 -- INFO: starting 0, 31, /users/jamilm/files_to_Send/FILE3
1664851745.697048 -- INFO: Throughput @78.1s:928.4Mbps, rtt :40.67ms cwnd: 445.5 lossRate: 0.00024611749649282565 CC:8 score:-790.0 
1664851746.167201 -- INFO: Iteration 22 Ends, Took 3.67 Seconds. Best Params: [8] and Score: -794.3333333333334.
1664851746.167371 -- INFO: Iteration 23 Starts ...
1664851746.167672 -- INFO: Changing concurrency to 8 ******
1664851746.170461 -- INFO: Process Status Bits from change concurrency are: 1 1 1 1 1 1 1 1 0 0 0 0 0 0 0 0 0 0 0 0 0 0 0 0 0 0 0 0 0 0 0 0
1664851746.173677 -- INFO: Active CC: 8
1664851746.703407 -- INFO: Throughput @79.1s:947.91Mbps, rtt :40.79ms cwnd: 463.0 lossRate: 7.358532218106895e-05 CC:8 score:-808.0 
1664851747.702241 -- INFO: Throughput @80.1s:947.91Mbps, rtt :40.95ms cwnd: 463.6 lossRate: 0.000184218606079214 CC:8 score:-807.0 
1664851748.710791 -- INFO: Throughput @81.1s:931.14Mbps, rtt :40.79ms cwnd: 450.4 lossRate: 0.00030523539753858175 CC:8 score:-792.0 
1664851749.710327 -- INFO: Throughput @82.1s:956.3Mbps, rtt :40.62ms cwnd: 439.4 lossRate: 0.0003328935850173228 CC:8 score:-813.0 
1664851749.844990 -- INFO: Iteration 23 Ends, Took 3.68 Seconds. Best Params: [8] and Score: -802.3333333333334.
1664851749.845528 -- INFO: Iteration 24 Starts ...
1664851749.846718 -- INFO: Changing concurrency to 8 ******
1664851749.849565 -- INFO: Process Status Bits from change concurrency are: 1 1 1 1 1 1 1 1 0 0 0 0 0 0 0 0 0 0 0 0 0 0 0 0 0 0 0 0 0 0 0 0
1664851749.851079 -- INFO: Active CC: 8
1664851750.528518 -- INFO: Process 1 finished on working on file 18 
1664851750.529379 -- INFO: Process 1 get item 26 from queue and executing
1664851750.530095 -- INFO: starting 1, 26, /users/jamilm/files_to_Send/FILE0
1664851750.704909 -- INFO: Throughput @83.1s:953.57Mbps, rtt :40.77ms cwnd: 454.4 lossRate: 0.0 CC:8 score:-814.0 
1664851751.705694 -- INFO: Throughput @84.1s:939.52Mbps, rtt :40.87ms cwnd: 458.4 lossRate: 0.0 CC:8 score:-802.0 
1664851752.708583 -- INFO: Throughput @85.1s:947.91Mbps, rtt :40.59ms cwnd: 442.8 lossRate: 6.13843396272743e-05 CC:8 score:-808.0 
1664851753.603508 -- INFO: Iteration 24 Ends, Took 3.76 Seconds. Best Params: [8] and Score: -808.0.
1664851753.604310 -- INFO: Iteration 25 Starts ...
1664851753.605614 -- INFO: Changing concurrency to 8 ******
1664851753.613560 -- INFO: Process Status Bits from change concurrency are: 1 1 1 1 1 1 1 1 0 0 0 0 0 0 0 0 0 0 0 0 0 0 0 0 0 0 0 0 0 0 0 0
1664851753.617429 -- INFO: Active CC: 8
1664851753.712026 -- INFO: Throughput @86.1s:939.52Mbps, rtt :40.58ms cwnd: 446.0 lossRate: 0.0 CC:8 score:-802.0 
1664851754.713732 -- INFO: Throughput @87.1s:931.14Mbps, rtt :40.5ms cwnd: 435.5 lossRate: 0.00015990553273143252 CC:8 score:-793.0 
1664851755.713526 -- INFO: Throughput @88.1s:939.52Mbps, rtt :40.62ms cwnd: 448.8 lossRate: 0.0 CC:8 score:-802.0 
1664851756.713589 -- INFO: Throughput @89.1s:947.91Mbps, rtt :40.5ms cwnd: 447.9 lossRate: 0.00013552472710248134 CC:8 score:-808.0 
1664851757.370985 -- INFO: Iteration 25 Ends, Took 3.77 Seconds. Best Params: [8] and Score: -808.0.
1664851757.371113 -- INFO: Iteration 26 Starts ...
1664851757.371419 -- INFO: Changing concurrency to 8 ******
1664851757.381499 -- INFO: Process Status Bits from change concurrency are: 1 1 1 1 1 1 1 1 0 0 0 0 0 0 0 0 0 0 0 0 0 0 0 0 0 0 0 0 0 0 0 0
1664851757.388888 -- INFO: Active CC: 8
1664851757.715221 -- INFO: Throughput @90.1s:931.14Mbps, rtt :41.46ms cwnd: 482.8 lossRate: 0.0 CC:8 score:-795.0 
1664851757.736882 -- INFO: Process 7 finished on working on file 24 
1664851757.737659 -- INFO: Process 7 get item 23 from queue and executing
1664851757.737976 -- INFO: starting 7, 23, /users/jamilm/files_to_Send/FILE3
1664851758.717500 -- INFO: Throughput @91.1s:961.96Mbps, rtt :41.43ms cwnd: 490.4 lossRate: 0.0 CC:8 score:-821.0 
1664851759.716920 -- INFO: Throughput @92.1s:931.14Mbps, rtt :41.59ms cwnd: 488.2 lossRate: 0.00017210857592446892 CC:8 score:-793.0 
1664851760.715952 -- INFO: Throughput @93.1s:947.91Mbps, rtt :41.32ms cwnd: 475.1 lossRate: 0.00023389797124285995 CC:8 score:-807.0 
1664851761.082200 -- INFO: Iteration 26 Ends, Took 3.71 Seconds. Best Params: [8] and Score: -808.0.
1664851761.082363 -- INFO: Iteration 27 Starts ...
1664851761.082642 -- INFO: Changing concurrency to 8 ******
1664851761.084939 -- INFO: Process Status Bits from change concurrency are: 1 1 1 1 1 1 1 1 0 0 0 0 0 0 0 0 0 0 0 0 0 0 0 0 0 0 0 0 0 0 0 0
1664851761.087857 -- INFO: Active CC: 8
1664851761.716288 -- INFO: Throughput @94.1s:947.91Mbps, rtt :41.55ms cwnd: 504.4 lossRate: 0.0 CC:8 score:-809.0 
1664851762.720932 -- INFO: Throughput @95.1s:931.14Mbps, rtt :41.17ms cwnd: 499.1 lossRate: 0.00024567308282867986 CC:8 score:-792.0 
1664851763.719389 -- INFO: Throughput @96.1s:956.3Mbps, rtt :40.85ms cwnd: 488.9 lossRate: 9.834896672116838e-05 CC:8 score:-815.0 
1664851764.718421 -- INFO: Throughput @97.1s:931.14Mbps, rtt :41.21ms cwnd: 496.2 lossRate: 7.399003600848419e-05 CC:8 score:-794.0 
1664851764.763711 -- INFO: Iteration 27 Ends, Took 3.68 Seconds. Best Params: [8] and Score: -808.0.
1664851764.763826 -- INFO: Iteration 28 Starts ...
1664851764.764088 -- INFO: Changing concurrency to 8 ******
1664851764.766267 -- INFO: Process Status Bits from change concurrency are: 1 1 1 1 1 1 1 1 0 0 0 0 0 0 0 0 0 0 0 0 0 0 0 0 0 0 0 0 0 0 0 0
1664851764.769513 -- INFO: Active CC: 8
1664851765.718303 -- INFO: Throughput @98.1s:956.3Mbps, rtt :41.35ms cwnd: 502.5 lossRate: 0.0 CC:8 score:-816.0 
1664851766.719265 -- INFO: Throughput @99.1s:947.91Mbps, rtt :41.09ms cwnd: 506.0 lossRate: 0.0 CC:8 score:-809.0 
1664851767.720374 -- INFO: Throughput @100.2s:846.49Mbps, rtt :41.02ms cwnd: 471.9 lossRate: 0.00041800880277361135 CC:8 score:-719.0 
1664851768.423835 -- INFO: Iteration 28 Ends, Took 3.66 Seconds. Best Params: [8] and Score: -808.0.
1664851768.424587 -- INFO: Iteration 29 Starts ...
1664851768.425361 -- INFO: Changing concurrency to 32 ******
1664851768.427579 -- INFO: Process Status Bits from change concurrency are: 1 1 1 1 1 1 1 1 1 1 1 1 1 1 1 1 1 1 1 1 1 1 1 1 1 1 1 1 1 1 1 1
1664851768.428257 -- INFO: Active CC: 32
1664851768.431603 -- INFO: Start Process :: 31
1664851768.432822 -- INFO: Start Process :: 29
1664851768.432813 -- INFO: Start Process :: 21
1664851768.430932 -- INFO: Start Process :: 26
1664851768.434377 -- INFO: Start Process :: 20
1664851768.434920 -- INFO: Start Process :: 9
1664851768.436026 -- INFO: Start Process :: 15
1664851768.436924 -- INFO: Start Process :: 14
1664851768.436873 -- INFO: Start Process :: 28
1664851768.437588 -- INFO: Start Process :: 23
1664851768.437725 -- INFO: Start Process :: 12
1664851768.437190 -- INFO: Start Process :: 10
1664851768.437822 -- INFO: Start Process :: 24
1664851768.438918 -- INFO: Start Process :: 19
1664851768.439014 -- INFO: Start Process :: 27
1664851768.439535 -- INFO: Start Process :: 16
1664851768.440730 -- INFO: Start Process :: 13
1664851768.444301 -- INFO: Start Process :: 30
1664851768.444825 -- INFO: Start Process :: 11
1664851768.441144 -- INFO: Start Process :: 18
1664851768.442371 -- INFO: Start Process :: 25
1664851768.442445 -- INFO: Start Process :: 8
1664851768.442867 -- INFO: Start Process :: 22
1664851768.441431 -- INFO: Start Process :: 17
1664851768.474073 -- INFO: Process 31 get item 16 from queue and executing
1664851768.474751 -- INFO: Process 29 get item 11 from queue and executing
1664851768.475107 -- INFO: starting 31, 16, /users/jamilm/files_to_Send/FILE2
1664851768.475139 -- INFO: Process 20 get item 2 from queue and executing
1664851768.475225 -- INFO: Process 21 get item 9 from queue and executing
1664851768.475322 -- INFO: starting 29, 11, /users/jamilm/files_to_Send/FILE3
1664851768.475813 -- INFO: starting 20, 2, /users/jamilm/files_to_Send/FILE0
1664851768.475943 -- INFO: starting 21, 9, /users/jamilm/files_to_Send/FILE1
1664851768.475926 -- INFO: Process 26 get item 3 from queue and executing
1664851768.476241 -- INFO: Process 9 get item 8 from queue and executing
1664851768.476889 -- INFO: starting 9, 8, /users/jamilm/files_to_Send/FILE2
1664851768.476902 -- INFO: starting 26, 3, /users/jamilm/files_to_Send/FILE3
1664851768.477107 -- INFO: Process 14 get item 6 from queue and executing
1664851768.477519 -- INFO: starting 14, 6, /users/jamilm/files_to_Send/FILE0
1664851768.478419 -- INFO: Process 28 get item 5 from queue and executing
1664851768.478626 -- INFO: Process 15 get item 0 from queue and executing
1664851768.478770 -- INFO: Process 10 get item 10 from queue and executing
1664851768.479121 -- INFO: starting 15, 0, /users/jamilm/files_to_Send/FILE2
1664851768.479367 -- INFO: starting 10, 10, /users/jamilm/files_to_Send/FILE0
1664851768.479616 -- INFO: starting 28, 5, /users/jamilm/files_to_Send/FILE1
1664851768.480268 -- INFO: Process 23 get item 7 from queue and executing
1664851768.480788 -- INFO: Process 12 get item 12 from queue and executing
1664851768.480855 -- INFO: Process 19 get item 4 from queue and executing
1664851768.480984 -- INFO: starting 23, 7, /users/jamilm/files_to_Send/FILE3
1664851768.481193 -- INFO: Process 27 get item 21 from queue and executing
1664851768.481687 -- INFO: starting 12, 12, /users/jamilm/files_to_Send/FILE2
1664851768.481836 -- INFO: Process 24 get item 17 from queue and executing
1664851768.481932 -- INFO: starting 27, 21, /users/jamilm/files_to_Send/FILE1
1664851768.482069 -- INFO: starting 19, 4, /users/jamilm/files_to_Send/FILE2
1664851768.483046 -- INFO: starting 24, 17, /users/jamilm/files_to_Send/FILE1
1664851768.484935 -- INFO: Process 13 get item 28 from queue and executing
1664851768.485507 -- INFO: starting 13, 28, /users/jamilm/files_to_Send/FILE2
1664851768.486759 -- INFO: Process 11 get item 29 from queue and executing
1664851768.486768 -- INFO: Process 18 get item 25 from queue and executing
1664851768.487228 -- INFO: Process 30 get item 27 from queue and executing
1664851768.487474 -- INFO: Process 25 get item 13 from queue and executing
1664851768.487534 -- INFO: starting 18, 25, /users/jamilm/files_to_Send/FILE1
1664851768.487797 -- INFO: starting 11, 29, /users/jamilm/files_to_Send/FILE1
1664851768.488284 -- INFO: starting 30, 27, /users/jamilm/files_to_Send/FILE3
1664851768.488313 -- INFO: Process 8 get item 14 from queue and executing
1664851768.488801 -- INFO: starting 25, 13, /users/jamilm/files_to_Send/FILE1
1664851768.488914 -- INFO: starting 8, 14, /users/jamilm/files_to_Send/FILE0
1664851768.721515 -- INFO: Throughput @101.2s:905.97Mbps, rtt :42.22ms cwnd: 192.7 lossRate: 0.0 CC:32 score:-481.0 
1664851769.722069 -- INFO: Throughput @102.2s:973.08Mbps, rtt :42.49ms cwnd: 188.7 lossRate: 0.00015972870693468325 CC:32 score:-515.0 
1664851770.724481 -- INFO: Throughput @103.2s:939.52Mbps, rtt :42.56ms cwnd: 189.3 lossRate: 0.0 CC:32 score:-499.0 
1664851771.722710 -- INFO: Throughput @104.2s:956.3Mbps, rtt :42.39ms cwnd: 182.3 lossRate: 0.000245736472207205 CC:32 score:-505.0 
1664851772.084274 -- INFO: Iteration 29 Ends, Took 3.66 Seconds. Best Params: [8] and Score: -808.0.
1664851772.084921 -- INFO: Iteration 30 Starts ...
1664851772.085682 -- INFO: Changing concurrency to 23 ******
1664851772.086231 -- INFO: Process Status Bits from change concurrency are: 1 1 1 1 1 1 1 1 1 1 1 1 1 1 1 1 1 1 1 1 1 1 1 0 0 0 0 0 0 0 0 0
1664851772.086817 -- INFO: Active CC: 23
1664851772.189902 -- INFO: Process 2 finished on working on file 22 
1664851772.195202 -- INFO: Start Process :: 2
1664851772.195425 -- INFO: Process 22 get item 5 from queue and executing
1664851772.195986 -- INFO: starting 22, 5, /users/jamilm/files_to_Send/FILE1
1664851772.200977 -- INFO: Process 16 get item 21 from queue and executing
1664851772.201552 -- INFO: starting 16, 21, /users/jamilm/files_to_Send/FILE1
1664851772.217711 -- INFO: Start Process :: 17
1664851772.238462 -- INFO: Process 2 get item 13 from queue and executing
1664851772.238756 -- INFO: starting 2, 13, /users/jamilm/files_to_Send/FILE1
1664851772.360492 -- INFO: Start Process :: 17
1664851772.402557 -- INFO: Process 17 get item 3 from queue and executing
1664851772.403043 -- INFO: starting 17, 3, /users/jamilm/files_to_Send/FILE3
1664851772.726627 -- INFO: Throughput @105.2s:953.57Mbps, rtt :42.0ms cwnd: 173.3 lossRate: 0 CC:23 score:-605.0 
1664851773.719691 -- INFO: Throughput @106.2s:939.52Mbps, rtt :42.08ms cwnd: 211.3 lossRate: 0.0 CC:23 score:-596.0 
1664851774.727427 -- INFO: Throughput @107.2s:922.75Mbps, rtt :42.09ms cwnd: 213.4 lossRate: 0.0 CC:23 score:-585.0 
1664851775.730932 -- INFO: Throughput @108.2s:989.86Mbps, rtt :42.05ms cwnd: 213.5 lossRate: 0.0 CC:23 score:-628.0 
1664851775.790397 -- INFO: Iteration 30 Ends, Took 3.71 Seconds. Best Params: [8] and Score: -808.0.
1664851775.790545 -- INFO: Iteration 31 Starts ...
1664851775.790846 -- INFO: Changing concurrency to 8 ******
1664851775.791377 -- INFO: Process Status Bits from change concurrency are: 1 1 1 1 1 1 1 1 0 0 0 0 0 0 0 0 0 0 0 0 0 0 0 0 0 0 0 0 0 0 0 0
1664851775.792280 -- INFO: Active CC: 8
1664851776.732945 -- INFO: Throughput @109.2s:889.19Mbps, rtt :40.64ms cwnd: 435.1 lossRate: 0 CC:8 score:-759.0 
1664851777.732810 -- INFO: Throughput @110.2s:939.52Mbps, rtt :41.04ms cwnd: 446.1 lossRate: 0.0002336534795922132 CC:8 score:-800.0 
1664851778.730810 -- INFO: Throughput @111.2s:947.91Mbps, rtt :41.01ms cwnd: 468.9 lossRate: 3.6878142325043944e-05 CC:8 score:-809.0 
1664851779.511517 -- INFO: Iteration 31 Ends, Took 3.72 Seconds. Best Params: [8] and Score: -808.0.
1664851779.512132 -- INFO: Iteration 32 Starts ...
1664851779.513343 -- INFO: Changing concurrency to 8 ******
1664851779.518312 -- INFO: Process Status Bits from change concurrency are: 1 1 1 1 1 1 1 1 0 0 0 0 0 0 0 0 0 0 0 0 0 0 0 0 0 0 0 0 0 0 0 0
1664851779.522107 -- INFO: Active CC: 8
1664851779.737270 -- INFO: Throughput @112.2s:931.14Mbps, rtt :41.12ms cwnd: 466.6 lossRate: 0.00030604250318284204 CC:8 score:-792.0 
1664851780.032042 -- INFO: Process 6 finished on working on file 19 
1664851780.033038 -- INFO: Process 6 get item 27 from queue and executing
1664851780.033704 -- INFO: starting 6, 27, /users/jamilm/files_to_Send/FILE3
1664851780.737895 -- INFO: Throughput @113.2s:945.18Mbps, rtt :41.5ms cwnd: 486.2 lossRate: 0.0 CC:8 score:-807.0 
1664851781.737090 -- INFO: Throughput @114.2s:939.52Mbps, rtt :41.33ms cwnd: 468.5 lossRate: 0.00017228224754497798 CC:8 score:-800.0 
1664851782.744307 -- INFO: Throughput @115.2s:956.3Mbps, rtt :41.41ms cwnd: 478.6 lossRate: 0.00035466630792373453 CC:8 score:-813.0 
1664851783.368079 -- INFO: Iteration 32 Ends, Took 3.86 Seconds. Best Params: [8] and Score: -808.0.
1664851783.368253 -- INFO: Iteration 33 Starts ...
1664851783.368572 -- INFO: Changing concurrency to 8 ******
1664851783.374073 -- INFO: Process Status Bits from change concurrency are: 1 1 1 1 1 1 1 1 0 0 0 0 0 0 0 0 0 0 0 0 0 0 0 0 0 0 0 0 0 0 0 0
1664851783.378349 -- INFO: Active CC: 8
1664851783.738130 -- INFO: Throughput @116.2s:922.75Mbps, rtt :41.64ms cwnd: 498.0 lossRate: 0.0 CC:8 score:-788.0 
1664851784.741486 -- INFO: Throughput @117.2s:947.91Mbps, rtt :41.88ms cwnd: 505.5 lossRate: 0.0 CC:8 score:-809.0 
1664851785.745040 -- INFO: Throughput @118.2s:947.91Mbps, rtt :41.77ms cwnd: 507.0 lossRate: 3.685322588570586e-05 CC:8 score:-809.0 
1664851786.745385 -- INFO: Throughput @119.2s:914.36Mbps, rtt :41.21ms cwnd: 487.2 lossRate: 0.00024578781138243354 CC:8 score:-778.0 
1664851787.134039 -- INFO: Iteration 33 Ends, Took 3.77 Seconds. Best Params: [8] and Score: -808.0.
1664851787.134185 -- INFO: Iteration 34 Starts ...
1664851787.134436 -- INFO: Changing concurrency to 7 ******
1664851787.137274 -- INFO: Process Status Bits from change concurrency are: 1 1 1 1 1 1 1 0 0 0 0 0 0 0 0 0 0 0 0 0 0 0 0 0 0 0 0 0 0 0 0 0
1664851787.140822 -- INFO: Active CC: 7
1664851787.743599 -- INFO: Throughput @120.2s:947.91Mbps, rtt :41.05ms cwnd: 514.6 lossRate: 0 CC:7 score:-825.0 
1664851788.746895 -- INFO: Throughput @121.2s:939.52Mbps, rtt :41.13ms cwnd: 522.9 lossRate: 0.0 CC:7 score:-818.0 
1664851789.258546 -- INFO: Process 3 finished on working on file 30 
1664851789.259525 -- INFO: Process 3 get item 7 from queue and executing
1664851789.260065 -- INFO: starting 3, 7, /users/jamilm/files_to_Send/FILE3
1664851789.748439 -- INFO: Throughput @122.2s:936.79Mbps, rtt :41.44ms cwnd: 522.4 lossRate: 0.00018398586988519283 CC:7 score:-814.0 
1664851790.749518 -- INFO: Throughput @123.2s:947.91Mbps, rtt :41.22ms cwnd: 530.3 lossRate: 0.0 CC:7 score:-825.0 
1664851790.855199 -- INFO: Iteration 34 Ends, Took 3.72 Seconds. Best Params: [7] and Score: -819.0.
1664851790.855381 -- INFO: Iteration 35 Starts ...
1664851790.855725 -- INFO: Changing concurrency to 7 ******
1664851790.858556 -- INFO: Process Status Bits from change concurrency are: 1 1 1 1 1 1 1 0 0 0 0 0 0 0 0 0 0 0 0 0 0 0 0 0 0 0 0 0 0 0 0 0
1664851790.862243 -- INFO: Active CC: 7
1664851791.745193 -- INFO: Throughput @124.2s:947.91Mbps, rtt :41.37ms cwnd: 535.1 lossRate: 0.0 CC:7 score:-825.0 
1664851792.744990 -- INFO: Throughput @125.2s:956.3Mbps, rtt :40.29ms cwnd: 489.9 lossRate: 0.0006516820775132795 CC:7 score:-826.0 
1664851793.747038 -- INFO: Throughput @126.2s:931.14Mbps, rtt :41.01ms cwnd: 501.6 lossRate: 0.00044156608772446274 CC:7 score:-807.0 
1664851794.645178 -- INFO: Iteration 35 Ends, Took 3.79 Seconds. Best Params: [7] and Score: -819.3333333333334.
1664851794.645444 -- INFO: Iteration 36 Starts ...
1664851794.645812 -- INFO: Changing concurrency to 7 ******
1664851794.653399 -- INFO: Process Status Bits from change concurrency are: 1 1 1 1 1 1 1 0 0 0 0 0 0 0 0 0 0 0 0 0 0 0 0 0 0 0 0 0 0 0 0 0
1664851794.668009 -- INFO: Active CC: 7
1664851794.751887 -- INFO: Throughput @127.2s:947.91Mbps, rtt :41.0ms cwnd: 510.3 lossRate: 0.0 CC:7 score:-825.0 
1664851795.753031 -- INFO: Throughput @128.2s:947.91Mbps, rtt :41.18ms cwnd: 515.1 lossRate: 0.0 CC:7 score:-825.0 
1664851796.753226 -- INFO: Throughput @129.2s:939.52Mbps, rtt :41.16ms cwnd: 519.6 lossRate: 0.0 CC:7 score:-818.0 
1664851797.755539 -- INFO: Throughput @130.2s:947.91Mbps, rtt :41.25ms cwnd: 524.0 lossRate: 0.0 CC:7 score:-825.0 
1664851798.178861 -- INFO: Iteration 36 Ends, Took 3.53 Seconds. Best Params: [7] and Score: -822.6666666666666.
1664851798.179549 -- INFO: Iteration 37 Starts ...
1664851798.180254 -- INFO: Changing concurrency to 2 ******
1664851798.188376 -- INFO: Process Status Bits from change concurrency are: 1 1 0 0 0 0 0 0 0 0 0 0 0 0 0 0 0 0 0 0 0 0 0 0 0 0 0 0 0 0 0 0
1664851798.196036 -- INFO: Active CC: 2
1664851798.762009 -- INFO: Throughput @131.2s:654.31Mbps, rtt :38.73ms cwnd: 629.5 lossRate: 0 CC:2 score:-629.0 
1664851799.764824 -- INFO: Throughput @132.2s:385.88Mbps, rtt :38.73ms cwnd: 660.0 lossRate: 0.0 CC:2 score:-371.0 
1664851800.761528 -- INFO: Throughput @133.2s:394.26Mbps, rtt :38.81ms cwnd: 703.5 lossRate: 0.0 CC:2 score:-379.0 
1664851801.432367 -- INFO: Process 1 finished on working on file 26 
1664851801.435463 -- INFO: Process 1 get item 17 from queue and executing
1664851801.435951 -- INFO: starting 1, 17, /users/jamilm/files_to_Send/FILE1
1664851801.766862 -- INFO: Throughput @134.2s:425.09Mbps, rtt :38.67ms cwnd: 761.5 lossRate: 0.0 CC:2 score:-409.0 
1664851801.984683 -- INFO: Iteration 37 Ends, Took 3.8 Seconds. Best Params: [7] and Score: -822.6666666666666.
1664851801.984816 -- INFO: Iteration 38 Starts ...
1664851801.985100 -- INFO: Changing concurrency to 7 ******
1664851801.987956 -- INFO: Start Process :: 4
1664851801.987467 -- INFO: Start Process :: 3
1664851801.989075 -- INFO: Start Process :: 6
1664851801.989362 -- INFO: Start Process :: 2
1664851801.990342 -- INFO: Start Process :: 5
1664851801.995457 -- INFO: Process Status Bits from change concurrency are: 1 1 1 1 1 1 1 0 0 0 0 0 0 0 0 0 0 0 0 0 0 0 0 0 0 0 0 0 0 0 0 0
1664851802.001823 -- INFO: Active CC: 7
1664851802.027478 -- INFO: Process 4 get item 11 from queue and executing
1664851802.027871 -- INFO: starting 4, 11, /users/jamilm/files_to_Send/FILE3
1664851802.028005 -- INFO: Process 3 get item 16 from queue and executing
1664851802.028543 -- INFO: starting 3, 16, /users/jamilm/files_to_Send/FILE2
1664851802.029876 -- INFO: Process 6 get item 10 from queue and executing
1664851802.030032 -- INFO: Process 2 get item 3 from queue and executing
1664851802.030464 -- INFO: starting 6, 10, /users/jamilm/files_to_Send/FILE0
1664851802.030657 -- INFO: starting 2, 3, /users/jamilm/files_to_Send/FILE3
1664851802.030821 -- INFO: Process 5 get item 8 from queue and executing
1664851802.031475 -- INFO: starting 5, 8, /users/jamilm/files_to_Send/FILE2
1664851802.765335 -- INFO: Throughput @135.2s:788.53Mbps, rtt :41.28ms cwnd: 598.6 lossRate: 0.00014128950218998728 CC:7 score:-685.0 
1664851803.762487 -- INFO: Throughput @136.2s:939.52Mbps, rtt :41.99ms cwnd: 624.1 lossRate: 0.000295927300526504 CC:7 score:-815.0 
1664851804.759997 -- INFO: Throughput @137.2s:956.3Mbps, rtt :41.65ms cwnd: 610.6 lossRate: 6.159304244992486e-05 CC:7 score:-832.0 
1664851805.761790 -- INFO: Throughput @138.2s:947.91Mbps, rtt :41.72ms cwnd: 616.1 lossRate: 0.0 CC:7 score:-825.0 
1664851805.808749 -- INFO: Iteration 38 Ends, Took 3.82 Seconds. Best Params: [7] and Score: -822.6666666666666.
1664851805.808892 -- INFO: Iteration 39 Starts ...
1664851805.809091 -- INFO: Changing concurrency to 6 ******
1664851805.813112 -- INFO: Process Status Bits from change concurrency are: 1 1 1 1 1 1 0 0 0 0 0 0 0 0 0 0 0 0 0 0 0 0 0 0 0 0 0 0 0 0 0 0
1664851805.818316 -- INFO: Active CC: 6
1664851806.766735 -- INFO: Throughput @139.2s:922.75Mbps, rtt :41.34ms cwnd: 710.0 lossRate: 0.0 CC:6 score:-819.0 
1664851807.764295 -- INFO: Throughput @140.2s:931.14Mbps, rtt :41.23ms cwnd: 689.3 lossRate: 0.00016074586079408456 CC:6 score:-825.0 
1664851808.768972 -- INFO: Throughput @141.2s:956.3Mbps, rtt :41.48ms cwnd: 690.8 lossRate: 0.0 CC:6 score:-849.0 
1664851809.592880 -- INFO: Iteration 39 Ends, Took 3.78 Seconds. Best Params: [6] and Score: -831.0.
1664851809.592999 -- INFO: Iteration 40 Starts ...
1664851809.593234 -- INFO: Changing concurrency to 6 ******
1664851809.605994 -- INFO: Process Status Bits from change concurrency are: 1 1 1 1 1 1 0 0 0 0 0 0 0 0 0 0 0 0 0 0 0 0 0 0 0 0 0 0 0 0 0 0
1664851809.612433 -- INFO: Active CC: 6
1664851809.769779 -- INFO: Throughput @142.2s:939.52Mbps, rtt :41.42ms cwnd: 672.8 lossRate: 6.144166728108334e-05 CC:6 score:-834.0 
1664851810.627712 -- INFO: Process 0 finished on working on file 31 
1664851810.628655 -- INFO: Process 0 get item 2 from queue and executing
1664851810.629485 -- INFO: starting 0, 2, /users/jamilm/files_to_Send/FILE0
1664851810.769681 -- INFO: Throughput @143.2s:936.79Mbps, rtt :41.28ms cwnd: 680.2 lossRate: 0.0 CC:6 score:-832.0 
1664851811.766941 -- INFO: Throughput @144.2s:947.91Mbps, rtt :41.34ms cwnd: 685.2 lossRate: 0.0 CC:6 score:-842.0 
1664851812.769716 -- INFO: Throughput @145.2s:931.14Mbps, rtt :41.44ms cwnd: 688.8 lossRate: 0.0 CC:6 score:-827.0 
1664851813.292514 -- INFO: Iteration 40 Ends, Took 3.7 Seconds. Best Params: [6] and Score: -833.6666666666666.
1664851813.292631 -- INFO: Iteration 41 Starts ...
1664851813.292864 -- INFO: Changing concurrency to 6 ******
1664851813.295416 -- INFO: Process Status Bits from change concurrency are: 1 1 1 1 1 1 0 0 0 0 0 0 0 0 0 0 0 0 0 0 0 0 0 0 0 0 0 0 0 0 0 0
1664851813.298690 -- INFO: Active CC: 6
1664851813.769937 -- INFO: Throughput @146.2s:947.91Mbps, rtt :41.36ms cwnd: 675.0 lossRate: 0.00011082106092695661 CC:6 score:-841.0 
1664851814.768454 -- INFO: Throughput @147.2s:939.52Mbps, rtt :40.68ms cwnd: 598.7 lossRate: 0.0006262355873721436 CC:6 score:-828.0 
1664851815.772310 -- INFO: Throughput @148.2s:931.14Mbps, rtt :41.02ms cwnd: 630.3 lossRate: 0.0 CC:6 score:-827.0 
1664851816.773119 -- INFO: Throughput @149.2s:956.3Mbps, rtt :40.86ms cwnd: 573.5 lossRate: 0.00045339247858639577 CC:6 score:-845.0 
1664851816.964266 -- INFO: Iteration 41 Ends, Took 3.67 Seconds. Best Params: [6] and Score: -833.6666666666666.
1664851816.964945 -- INFO: Iteration 42 Starts ...
1664851816.965703 -- INFO: Changing concurrency to 15 ******
1664851816.968026 -- INFO: Process Status Bits from change concurrency are: 1 1 1 1 1 1 1 1 1 1 1 1 1 1 1 0 0 0 0 0 0 0 0 0 0 0 0 0 0 0 0 0
1664851816.968078 -- INFO: Start Process :: 6
1664851816.968660 -- INFO: Start Process :: 13
1664851816.968529 -- INFO: Start Process :: 12
1664851816.968659 -- INFO: Start Process :: 14
1664851816.969199 -- INFO: Active CC: 15
1664851816.969167 -- INFO: Start Process :: 8
1664851816.969669 -- INFO: Start Process :: 10
1664851816.969734 -- INFO: Start Process :: 11
1664851816.969951 -- INFO: Start Process :: 7
1664851816.971885 -- INFO: Start Process :: 9
1664851817.010331 -- INFO: Process 13 get item 9 from queue and executing
1664851817.010273 -- INFO: Process 6 get item 4 from queue and executing
1664851817.010557 -- INFO: Process 12 get item 0 from queue and executing
1664851817.010653 -- INFO: starting 13, 9, /users/jamilm/files_to_Send/FILE1
1664851817.010915 -- INFO: starting 6, 4, /users/jamilm/files_to_Send/FILE2
1664851817.010973 -- INFO: starting 12, 0, /users/jamilm/files_to_Send/FILE2
1664851817.011089 -- INFO: Process 14 get item 29 from queue and executing
1664851817.011217 -- INFO: Process 7 get item 28 from queue and executing
1664851817.011360 -- INFO: Process 8 get item 14 from queue and executing
1664851817.011491 -- INFO: Process 10 get item 5 from queue and executing
1664851817.011620 -- INFO: starting 14, 29, /users/jamilm/files_to_Send/FILE1
1664851817.011762 -- INFO: Process 11 get item 6 from queue and executing
1664851817.011776 -- INFO: starting 10, 5, /users/jamilm/files_to_Send/FILE1
1664851817.011967 -- INFO: starting 7, 28, /users/jamilm/files_to_Send/FILE2
1664851817.011999 -- INFO: starting 8, 14, /users/jamilm/files_to_Send/FILE0
1664851817.012122 -- INFO: starting 11, 6, /users/jamilm/files_to_Send/FILE0
1664851817.013063 -- INFO: Process 9 get item 25 from queue and executing
1664851817.013420 -- INFO: starting 9, 25, /users/jamilm/files_to_Send/FILE1
1664851817.771100 -- INFO: Throughput @150.2s:1015.02Mbps, rtt :42.56ms cwnd: 401.9 lossRate: 6.160822100101038e-05 CC:15 score:-754.0 
1664851818.772067 -- INFO: Throughput @151.2s:964.69Mbps, rtt :42.42ms cwnd: 402.8 lossRate: 0.0 CC:15 score:-717.0 
1664851819.773090 -- INFO: Throughput @152.2s:922.75Mbps, rtt :42.2ms cwnd: 381.4 lossRate: 0.0003315690584666773 CC:15 score:-683.0 
1664851820.664517 -- INFO: Iteration 42 Ends, Took 3.7 Seconds. Best Params: [6] and Score: -833.6666666666666.
1664851820.664649 -- INFO: Iteration 43 Starts ...
1664851820.664896 -- INFO: Changing concurrency to 6 ******
1664851820.666209 -- INFO: Process Status Bits from change concurrency are: 1 1 1 1 1 1 0 0 0 0 0 0 0 0 0 0 0 0 0 0 0 0 0 0 0 0 0 0 0 0 0 0
1664851820.667479 -- INFO: Active CC: 6
1664851820.777059 -- INFO: Throughput @153.2s:939.52Mbps, rtt :42.33ms cwnd: 382.6 lossRate: 0.0 CC:6 score:-834.0 
1664851821.780764 -- INFO: Throughput @154.2s:872.42Mbps, rtt :41.14ms cwnd: 616.7 lossRate: 0 CC:6 score:-775.0 
1664851822.783209 -- INFO: Throughput @155.2s:947.91Mbps, rtt :40.92ms cwnd: 608.7 lossRate: 0.00019625640899835635 CC:6 score:-840.0 
1664851823.780908 -- INFO: Throughput @156.2s:931.14Mbps, rtt :41.16ms cwnd: 613.0 lossRate: 0.00011110013825794984 CC:6 score:-826.0 
1664851824.339343 -- INFO: Iteration 43 Ends, Took 3.67 Seconds. Best Params: [6] and Score: -833.6666666666666.
1664851824.339965 -- INFO: Iteration 44 Starts ...
1664851824.340708 -- INFO: Changing concurrency to 12 ******
1664851824.342365 -- INFO: Start Process :: 6
1664851824.342712 -- INFO: Start Process :: 9
1664851824.342834 -- INFO: Start Process :: 7
1664851824.343426 -- INFO: Start Process :: 10
1664851824.343412 -- INFO: Start Process :: 11
1664851824.343515 -- INFO: Start Process :: 8
1664851824.347681 -- INFO: Process Status Bits from change concurrency are: 1 1 1 1 1 1 1 1 1 1 1 1 0 0 0 0 0 0 0 0 0 0 0 0 0 0 0 0 0 0 0 0
1664851824.353220 -- INFO: Active CC: 12
1664851824.383813 -- INFO: Process 10 get item 21 from queue and executing
1664851824.383964 -- INFO: Process 8 get item 12 from queue and executing
1664851824.384116 -- INFO: starting 10, 21, /users/jamilm/files_to_Send/FILE1
1664851824.384088 -- INFO: Process 6 get item 23 from queue and executing
1664851824.384186 -- INFO: Process 7 get item 27 from queue and executing
1664851824.384314 -- INFO: Process 11 get item 13 from queue and executing
1664851824.384500 -- INFO: starting 6, 23, /users/jamilm/files_to_Send/FILE3
1664851824.384527 -- INFO: starting 7, 27, /users/jamilm/files_to_Send/FILE3
1664851824.384825 -- INFO: Process 9 get item 7 from queue and executing
1664851824.384849 -- INFO: starting 8, 12, /users/jamilm/files_to_Send/FILE2
1664851824.385149 -- INFO: starting 9, 7, /users/jamilm/files_to_Send/FILE3
1664851824.385212 -- INFO: starting 11, 13, /users/jamilm/files_to_Send/FILE1
1664851824.777452 -- INFO: Throughput @157.2s:1006.63Mbps, rtt :42.41ms cwnd: 442.3 lossRate: 0.0 CC:12 score:-794.0 
1664851825.781731 -- INFO: Throughput @158.2s:931.14Mbps, rtt :42.34ms cwnd: 466.0 lossRate: 0.00012278827617539077 CC:12 score:-733.0 
1664851826.780946 -- INFO: Throughput @159.2s:964.69Mbps, rtt :42.46ms cwnd: 455.8 lossRate: 0.00023375984251968504 CC:12 score:-758.0 
1664851827.805110 -- INFO: Throughput @160.2s:939.52Mbps, rtt :42.54ms cwnd: 464.6 lossRate: 0.0 CC:12 score:-741.0 
1664851828.081585 -- INFO: Iteration 44 Ends, Took 3.74 Seconds. Best Params: [6] and Score: -833.6666666666666.
1664851828.082289 -- INFO: Iteration 45 Starts ...
1664851828.083080 -- INFO: Changing concurrency to 19 ******
1664851828.086022 -- INFO: Process Status Bits from change concurrency are: 1 1 1 1 1 1 1 1 1 1 1 1 1 1 1 1 1 1 1 0 0 0 0 0 0 0 0 0 0 0 0 0
1664851828.086059 -- INFO: Start Process :: 14
1664851828.086784 -- INFO: Start Process :: 12
1664851828.086787 -- INFO: Start Process :: 16
1664851828.087035 -- INFO: Start Process :: 15
1664851828.087102 -- INFO: Start Process :: 18
1664851828.087182 -- INFO: Start Process :: 17
1664851828.087193 -- INFO: Start Process :: 13
1664851828.087628 -- INFO: Active CC: 19
1664851828.127877 -- INFO: Process 14 get item 15 from queue and executing
1664851828.127933 -- INFO: Process 16 get item 20 from queue and executing
1664851828.128212 -- INFO: starting 14, 15, /users/jamilm/files_to_Send/FILE3
1664851828.128366 -- INFO: starting 16, 20, /users/jamilm/files_to_Send/FILE2
1664851828.128574 -- INFO: Process 15 get item 10 from queue and executing
1664851828.128875 -- INFO: starting 15, 10, /users/jamilm/files_to_Send/FILE0
1664851828.129435 -- INFO: Process 17 get item 6 from queue and executing
1664851828.129677 -- INFO: Process 12 get item 5 from queue and executing
1664851828.129857 -- INFO: starting 17, 6, /users/jamilm/files_to_Send/FILE0
1664851828.129974 -- INFO: starting 12, 5, /users/jamilm/files_to_Send/FILE1
1664851828.130940 -- INFO: Process 13 get item 0 from queue and executing
1664851828.131260 -- INFO: starting 13, 0, /users/jamilm/files_to_Send/FILE2
1664851828.131501 -- INFO: Process 18 get item 4 from queue and executing
1664851828.132133 -- INFO: starting 18, 4, /users/jamilm/files_to_Send/FILE2
1664851828.777085 -- INFO: Throughput @161.2s:973.08Mbps, rtt :43.6ms cwnd: 369.1 lossRate: 0.0 CC:19 score:-668.0 
1664851829.780258 -- INFO: Throughput @162.2s:956.3Mbps, rtt :43.63ms cwnd: 366.6 lossRate: 4.9090596696202844e-05 CC:19 score:-656.0 
1664851830.102982 -- INFO: Process 16 finished on working on file 20 
1664851830.103549 -- INFO: Process 16 get item 14 from queue and executing
1664851830.103932 -- INFO: starting 16, 14, /users/jamilm/files_to_Send/FILE0
1664851830.782770 -- INFO: Throughput @163.2s:945.18Mbps, rtt :43.55ms cwnd: 361.3 lossRate: 0.00011056375228805542 CC:19 score:-648.0 
1664851831.785853 -- INFO: Throughput @164.2s:956.3Mbps, rtt :43.34ms cwnd: 363.1 lossRate: 0.0 CC:19 score:-656.0 
1664851831.798939 -- INFO: Iteration 45 Ends, Took 3.72 Seconds. Best Params: [6] and Score: -833.6666666666666.
1664851831.799466 -- INFO: Iteration 46 Starts ...
1664851831.800598 -- INFO: Changing concurrency to 6 ******
1664851831.804814 -- INFO: Process Status Bits from change concurrency are: 1 1 1 1 1 1 0 0 0 0 0 0 0 0 0 0 0 0 0 0 0 0 0 0 0 0 0 0 0 0 0 0
1664851831.808048 -- INFO: Active CC: 6
1664851832.796779 -- INFO: Throughput @165.2s:813.69Mbps, rtt :41.66ms cwnd: 677.7 lossRate: 0 CC:6 score:-723.0 
1664851833.791270 -- INFO: Throughput @166.2s:939.52Mbps, rtt :41.37ms cwnd: 615.0 lossRate: 0.0005316912728441774 CC:6 score:-829.0 
1664851834.793423 -- INFO: Throughput @167.2s:947.91Mbps, rtt :41.83ms cwnd: 652.7 lossRate: 0.0 CC:6 score:-842.0 
1664851835.507557 -- INFO: Iteration 46 Ends, Took 3.71 Seconds. Best Params: [6] and Score: -833.6666666666666.
1664851835.508230 -- INFO: Iteration 47 Starts ...
1664851835.508931 -- INFO: Changing concurrency to 27 ******
1664851835.510727 -- INFO: Start Process :: 6
1664851835.511006 -- INFO: Start Process :: 8
1664851835.511152 -- INFO: Start Process :: 7
1664851835.511537 -- INFO: Start Process :: 9
1664851835.511891 -- INFO: Start Process :: 13
1664851835.511983 -- INFO: Start Process :: 18
1664851835.512023 -- INFO: Start Process :: 10
1664851835.512356 -- INFO: Start Process :: 11
1664851835.512520 -- INFO: Process Status Bits from change concurrency are: 1 1 1 1 1 1 1 1 1 1 1 1 1 1 1 1 1 1 1 1 1 1 1 1 1 1 1 0 0 0 0 0
1664851835.512847 -- INFO: Start Process :: 15
1664851835.511715 -- INFO: Start Process :: 12
1664851835.513045 -- INFO: Start Process :: 17
1664851835.513186 -- INFO: Start Process :: 16
1664851835.513301 -- INFO: Start Process :: 14
1664851835.513550 -- INFO: Start Process :: 24
1664851835.513614 -- INFO: Active CC: 27
1664851835.513924 -- INFO: Start Process :: 20
1664851835.514061 -- INFO: Start Process :: 22
1664851835.514199 -- INFO: Start Process :: 26
1664851835.514206 -- INFO: Start Process :: 25
1664851835.515076 -- INFO: Start Process :: 23
1664851835.514787 -- INFO: Start Process :: 21
1664851835.516209 -- INFO: Start Process :: 19
1664851835.552150 -- INFO: Process 9 get item 29 from queue and executing
1664851835.552335 -- INFO: Process 7 get item 28 from queue and executing
1664851835.552416 -- INFO: starting 9, 29, /users/jamilm/files_to_Send/FILE1
1664851835.552410 -- INFO: Process 13 get item 25 from queue and executing
1664851835.552549 -- INFO: Process 6 get item 9 from queue and executing
1664851835.552601 -- INFO: starting 7, 28, /users/jamilm/files_to_Send/FILE2
1664851835.552687 -- INFO: starting 13, 25, /users/jamilm/files_to_Send/FILE1
1664851835.552666 -- INFO: Process 18 get item 12 from queue and executing
1664851835.552792 -- INFO: starting 6, 9, /users/jamilm/files_to_Send/FILE1
1664851835.552886 -- INFO: Process 8 get item 27 from queue and executing
1664851835.552991 -- INFO: Process 10 get item 7 from queue and executing
1664851835.552997 -- INFO: starting 18, 12, /users/jamilm/files_to_Send/FILE2
1664851835.553144 -- INFO: Process 12 get item 13 from queue and executing
1664851835.553214 -- INFO: Process 11 get item 0 from queue and executing
1664851835.553216 -- INFO: starting 10, 7, /users/jamilm/files_to_Send/FILE3
1664851835.553230 -- INFO: starting 8, 27, /users/jamilm/files_to_Send/FILE3
1664851835.553342 -- INFO: starting 12, 13, /users/jamilm/files_to_Send/FILE1
1664851835.553474 -- INFO: starting 11, 0, /users/jamilm/files_to_Send/FILE2
1664851835.553900 -- INFO: Process 17 get item 10 from queue and executing
1664851835.554088 -- INFO: starting 17, 10, /users/jamilm/files_to_Send/FILE0
1664851835.554188 -- INFO: Process 16 get item 21 from queue and executing
1664851835.554320 -- INFO: Process 15 get item 14 from queue and executing
1664851835.554404 -- INFO: Process 24 get item 15 from queue and executing
1664851835.554503 -- INFO: starting 16, 21, /users/jamilm/files_to_Send/FILE1
1664851835.554555 -- INFO: starting 15, 14, /users/jamilm/files_to_Send/FILE0
1664851835.554629 -- INFO: starting 24, 15, /users/jamilm/files_to_Send/FILE3
1664851835.554766 -- INFO: Process 22 get item 6 from queue and executing
1664851835.554871 -- INFO: Process 26 get item 4 from queue and executing
1664851835.554941 -- INFO: Process 14 get item 23 from queue and executing
1664851835.555096 -- INFO: starting 22, 6, /users/jamilm/files_to_Send/FILE0
1664851835.555122 -- INFO: starting 14, 23, /users/jamilm/files_to_Send/FILE3
1664851835.555191 -- INFO: Process 20 get item 5 from queue and executing
1664851835.555218 -- INFO: starting 26, 4, /users/jamilm/files_to_Send/FILE2
1664851835.555431 -- INFO: starting 20, 5, /users/jamilm/files_to_Send/FILE1
1664851835.589300 -- INFO: Process 5 finished on working on file 8 
1664851835.786505 -- INFO: Throughput @168.2s:886.46Mbps, rtt :41.28ms cwnd: 233.7 lossRate: 0 CC:27 score:-519.0 
1664851836.788738 -- INFO: Throughput @169.2s:1006.63Mbps, rtt :41.99ms cwnd: 254.0 lossRate: 0.00013517166801838335 CC:27 score:-588.0 
1664851837.787744 -- INFO: Throughput @170.2s:964.69Mbps, rtt :41.89ms cwnd: 254.1 lossRate: 2.458149996312775e-05 CC:27 score:-565.0 
1664851838.793171 -- INFO: Throughput @171.2s:914.36Mbps, rtt :41.93ms cwnd: 255.1 lossRate: 0.0 CC:27 score:-536.0 
1664851839.235470 -- INFO: Iteration 47 Ends, Took 3.73 Seconds. Best Params: [6] and Score: -833.6666666666666.
1664851839.235764 -- INFO: Iteration 48 Starts ...
1664851839.236153 -- INFO: Changing concurrency to 10 ******
1664851839.237342 -- INFO: Process Status Bits from change concurrency are: 1 1 1 1 1 1 1 1 1 1 0 0 0 0 0 0 0 0 0 0 0 0 0 0 0 0 0 0 0 0 0 0
1664851839.239176 -- INFO: Active CC: 10
1664851839.240337 -- INFO: Start Process :: 5
1664851839.281620 -- INFO: Process 5 get item 21 from queue and executing
1664851839.282018 -- INFO: starting 5, 21, /users/jamilm/files_to_Send/FILE1
1664851839.795799 -- INFO: Throughput @172.2s:939.52Mbps, rtt :40.74ms cwnd: 433.5 lossRate: 0 CC:10 score:-771.0 
1664851840.796809 -- INFO: Throughput @173.2s:989.86Mbps, rtt :41.91ms cwnd: 512.6 lossRate: 0.0 CC:10 score:-812.0 
1664851841.795305 -- INFO: Throughput @174.2s:931.14Mbps, rtt :41.88ms cwnd: 505.1 lossRate: 0.00013555645926528398 CC:10 score:-763.0 
1664851842.797339 -- INFO: Throughput @175.2s:947.91Mbps, rtt :41.79ms cwnd: 503.7 lossRate: 0.0001349809186065061 CC:10 score:-776.0 
1664851842.990206 -- INFO: Iteration 48 Ends, Took 3.75 Seconds. Best Params: [6] and Score: -833.6666666666666.
1664851842.991027 -- INFO: Iteration 49 Starts ...
1664851842.991598 -- INFO: Changing concurrency to 6 ******
1664851842.996815 -- INFO: Process Status Bits from change concurrency are: 1 1 1 1 1 1 0 0 0 0 0 0 0 0 0 0 0 0 0 0 0 0 0 0 0 0 0 0 0 0 0 0
1664851843.001446 -- INFO: Active CC: 6
1664851843.357635 -- INFO: Process 1 finished on working on file 17 
1664851843.358434 -- INFO: Process 1 get item 10 from queue and executing
1664851843.359361 -- INFO: starting 1, 10, /users/jamilm/files_to_Send/FILE0
1664851843.799082 -- INFO: Throughput @176.2s:903.24Mbps, rtt :41.15ms cwnd: 702.0 lossRate: 0 CC:6 score:-802.0 
1664851844.799454 -- INFO: Throughput @177.2s:947.91Mbps, rtt :41.83ms cwnd: 775.8 lossRate: 0.0 CC:6 score:-842.0 
1664851844.804375 -- INFO: Process 3 finished on working on file 16 
1664851844.805254 -- INFO: Process 3 get item 4 from queue and executing
1664851844.805640 -- INFO: starting 3, 4, /users/jamilm/files_to_Send/FILE2
1664851845.802785 -- INFO: Throughput @178.2s:936.79Mbps, rtt :41.35ms cwnd: 736.8 lossRate: 0.00017177914110429448 CC:6 score:-830.0 
1664851846.759156 -- INFO: Iteration 49 Ends, Took 3.77 Seconds. Best Params: [6] and Score: -833.6666666666666.
1664851846.759588 -- INFO: Iteration 50 Starts ...
1664851846.760626 -- INFO: Changing concurrency to 6 ******
1664851846.766585 -- INFO: Process Status Bits from change concurrency are: 1 1 1 1 1 1 0 0 0 0 0 0 0 0 0 0 0 0 0 0 0 0 0 0 0 0 0 0 0 0 0 0
1664851846.769843 -- INFO: Active CC: 6
1664851846.801087 -- INFO: Throughput @179.2s:922.75Mbps, rtt :41.47ms cwnd: 744.8 lossRate: 4.919504605886187e-05 CC:6 score:-819.0 
1664851847.806285 -- INFO: Throughput @180.2s:956.3Mbps, rtt :41.27ms cwnd: 708.5 lossRate: 0.00031871337860697735 CC:6 score:-846.0 
1664851848.808559 -- INFO: Throughput @181.2s:947.91Mbps, rtt :41.44ms cwnd: 716.2 lossRate: 0.0 CC:6 score:-842.0 
1664851849.806089 -- INFO: Throughput @182.2s:931.14Mbps, rtt :41.38ms cwnd: 668.0 lossRate: 0.00038200391862084265 CC:6 score:-823.0 
1664851850.540709 -- INFO: Iteration 50 Ends, Took 3.78 Seconds. Best Params: [6] and Score: -837.0.
1664851850.540929 -- INFO: Iteration 51 Starts ...
1664851850.541242 -- INFO: Changing concurrency to 6 ******
1664851850.543329 -- INFO: Process Status Bits from change concurrency are: 1 1 1 1 1 1 0 0 0 0 0 0 0 0 0 0 0 0 0 0 0 0 0 0 0 0 0 0 0 0 0 0
1664851850.546540 -- INFO: Active CC: 6
1664851850.807046 -- INFO: Throughput @183.2s:947.91Mbps, rtt :42.1ms cwnd: 694.7 lossRate: 0.0 CC:6 score:-842.0 
1664851851.809633 -- INFO: Throughput @184.2s:939.52Mbps, rtt :42.1ms cwnd: 666.5 lossRate: 0.0002824165029469548 CC:6 score:-832.0 
1664851852.809596 -- INFO: Throughput @185.2s:947.91Mbps, rtt :41.85ms cwnd: 681.3 lossRate: 0.0 CC:6 score:-842.0 
1664851853.812716 -- INFO: Throughput @186.2s:947.91Mbps, rtt :41.84ms cwnd: 689.2 lossRate: 0.0 CC:6 score:-842.0 
1664851854.309231 -- INFO: Iteration 51 Ends, Took 3.77 Seconds. Best Params: [6] and Score: -838.6666666666666.
1664851854.309511 -- INFO: Iteration 52 Starts ...
1664851854.309762 -- INFO: Changing concurrency to 5 ******
1664851854.320652 -- INFO: Process Status Bits from change concurrency are: 1 1 1 1 1 0 0 0 0 0 0 0 0 0 0 0 0 0 0 0 0 0 0 0 0 0 0 0 0 0 0 0
1664851854.330352 -- INFO: Active CC: 5
1664851854.810666 -- INFO: Throughput @187.2s:922.75Mbps, rtt :40.68ms cwnd: 720.6 lossRate: 0 CC:5 score:-836.0 
1664851854.889388 -- INFO: Process 0 finished on working on file 2 
1664851854.892348 -- INFO: Process 0 get item 7 from queue and executing
1664851854.892837 -- INFO: starting 0, 7, /users/jamilm/files_to_Send/FILE3
1664851855.820734 -- INFO: Throughput @188.2s:945.18Mbps, rtt :40.71ms cwnd: 736.8 lossRate: 0.0 CC:5 score:-856.0 
1664851856.817854 -- INFO: Throughput @189.2s:939.52Mbps, rtt :40.64ms cwnd: 715.4 lossRate: 0.0002586748457189313 CC:5 score:-849.0 
1664851857.807071 -- INFO: Throughput @190.2s:939.52Mbps, rtt :41.53ms cwnd: 814.8 lossRate: 0.0002853845867507104 CC:5 score:-848.0 
1664851858.037224 -- INFO: Iteration 52 Ends, Took 3.73 Seconds. Best Params: [5] and Score: -847.0.
1664851858.037342 -- INFO: Iteration 53 Starts ...
1664851858.037624 -- INFO: Changing concurrency to 5 ******
1664851858.040005 -- INFO: Process Status Bits from change concurrency are: 1 1 1 1 1 0 0 0 0 0 0 0 0 0 0 0 0 0 0 0 0 0 0 0 0 0 0 0 0 0 0 0
1664851858.044539 -- INFO: Active CC: 5
1664851858.566887 -- INFO: Process 4 finished on working on file 11 
1664851858.570039 -- INFO: Process 4 get item 5 from queue and executing
1664851858.570511 -- INFO: starting 4, 5, /users/jamilm/files_to_Send/FILE1
1664851858.815655 -- INFO: Throughput @191.2s:945.18Mbps, rtt :40.64ms cwnd: 833.8 lossRate: 0.0 CC:5 score:-856.0 
1664851859.816596 -- INFO: Throughput @192.2s:947.91Mbps, rtt :41.37ms cwnd: 847.0 lossRate: 0.0 CC:5 score:-859.0 
1664851860.814303 -- INFO: Throughput @193.2s:931.14Mbps, rtt :41.4ms cwnd: 847.8 lossRate: 3.6914898853177144e-05 CC:5 score:-843.0 
1664851861.775764 -- INFO: Iteration 53 Ends, Took 3.74 Seconds. Best Params: [5] and Score: -852.6666666666666.
1664851861.775906 -- INFO: Iteration 54 Starts ...
1664851861.776176 -- INFO: Changing concurrency to 5 ******
1664851861.778713 -- INFO: Process Status Bits from change concurrency are: 1 1 1 1 1 0 0 0 0 0 0 0 0 0 0 0 0 0 0 0 0 0 0 0 0 0 0 0 0 0 0 0
1664851861.782439 -- INFO: Active CC: 5
1664851861.818340 -- INFO: Throughput @194.2s:947.91Mbps, rtt :41.58ms cwnd: 854.8 lossRate: 0.0 CC:5 score:-859.0 
1664851862.818859 -- INFO: Throughput @195.2s:931.14Mbps, rtt :41.21ms cwnd: 820.0 lossRate: 0.0002577414485069406 CC:5 score:-841.0 
1664851863.816286 -- INFO: Throughput @196.2s:947.91Mbps, rtt :41.2ms cwnd: 833.0 lossRate: 0.0 CC:5 score:-859.0 
1664851864.249205 -- INFO: Process 3 finished on working on file 4 
1664851864.250557 -- INFO: Process 3 get item 23 from queue and executing
1664851864.250934 -- INFO: starting 3, 23, /users/jamilm/files_to_Send/FILE3
1664851864.823071 -- INFO: Throughput @197.2s:945.18Mbps, rtt :40.43ms cwnd: 775.0 lossRate: 0.0004157394047589934 CC:5 score:-852.0 
1664851865.510064 -- INFO: Iteration 54 Ends, Took 3.73 Seconds. Best Params: [5] and Score: -852.6666666666666.
1664851865.510202 -- INFO: Iteration 55 Starts ...
1664851865.510486 -- INFO: Changing concurrency to 5 ******
1664851865.512648 -- INFO: Process Status Bits from change concurrency are: 1 1 1 1 1 0 0 0 0 0 0 0 0 0 0 0 0 0 0 0 0 0 0 0 0 0 0 0 0 0 0 0
1664851865.516317 -- INFO: Active CC: 5
1664851865.823432 -- INFO: Throughput @198.2s:947.91Mbps, rtt :40.95ms cwnd: 762.6 lossRate: 6.16165723933109e-05 CC:5 score:-858.0 
1664851866.827157 -- INFO: Throughput @199.2s:939.52Mbps, rtt :40.61ms cwnd: 784.8 lossRate: 0.0 CC:5 score:-851.0 
1664851867.802468 -- INFO: episode expires
1664851867.803074 -- INFO: Process 8 shutdown itself from outest loop
1664851867.802793 -- INFO: Process 22 shutdown itself from outest loop
1664851867.803311 -- INFO: Process Status Bits are: 1 1 1 1 1 0 0 0 0 0 0 0 0 0 0 0 0 0 0 0 0 0 0 0 0 0 0 0 0 0 0 0
1664851867.803138 -- INFO: Process 29 shutdown itself from outest loop
1664851867.802907 -- INFO: Process 7 shutdown itself from outest loop
1664851867.803339 -- INFO: Process 16 shutdown itself from outest loop
1664851867.803041 -- INFO: Process 9 shutdown itself from outest loop
1664851867.803620 -- INFO: Process Status Bits are: 1 1 1 1 1 0 0 0 0 0 0 0 0 0 0 0 0 0 0 0 0 0 0 0 0 0 0 0 0 0 0 0
1664851867.802818 -- INFO: Process 28 shutdown itself from outest loop
1664851867.803115 -- INFO: Process 27 shutdown itself from outest loop
1664851867.803192 -- INFO: Process 6 shutdown itself from outest loop
1664851867.803361 -- INFO: Process 11 shutdown itself from outest loop
1664851867.803308 -- INFO: Process 31 shutdown itself from outest loop
1664851867.803892 -- INFO: Process Status Bits are: 1 1 1 1 1 0 0 0 0 0 0 0 0 0 0 0 0 0 0 0 0 0 0 0 0 0 0 0 0 0 0 0
1664851867.803442 -- INFO: Process 17 shutdown itself from outest loop
1664851867.803833 -- INFO: Process Status Bits are: 1 1 1 1 1 0 0 0 0 0 0 0 0 0 0 0 0 0 0 0 0 0 0 0 0 0 0 0 0 0 0 0
1664851867.803782 -- INFO: Process Status Bits are: 1 1 1 1 1 0 0 0 0 0 0 0 0 0 0 0 0 0 0 0 0 0 0 0 0 0 0 0 0 0 0 0
1664851867.803488 -- INFO: Process 21 shutdown itself from outest loop
1664851867.804024 -- INFO: Process 24 shutdown itself from outest loop
1664851867.803947 -- INFO: Process Status Bits are: 1 1 1 1 1 0 0 0 0 0 0 0 0 0 0 0 0 0 0 0 0 0 0 0 0 0 0 0 0 0 0 0
1664851867.803598 -- INFO: Process 19 shutdown itself from outest loop
1664851867.803867 -- INFO: Process 25 shutdown itself from outest loop
1664851867.804067 -- INFO: Process Status Bits are: 1 1 1 1 1 0 0 0 0 0 0 0 0 0 0 0 0 0 0 0 0 0 0 0 0 0 0 0 0 0 0 0
1664851867.803659 -- INFO: Process 18 shutdown itself from outest loop
1664851867.804153 -- INFO: Process Status Bits are: 1 1 1 1 1 0 0 0 0 0 0 0 0 0 0 0 0 0 0 0 0 0 0 0 0 0 0 0 0 0 0 0
1664851867.804061 -- INFO: Process Status Bits are: 1 1 1 1 1 0 0 0 0 0 0 0 0 0 0 0 0 0 0 0 0 0 0 0 0 0 0 0 0 0 0 0
1664851867.803748 -- INFO: Process 10 shutdown itself from outest loop
1664851867.803845 -- INFO: Process 20 shutdown itself from outest loop
1664851867.803834 -- INFO: Process 23 shutdown itself from outest loop
1664851867.804360 -- INFO: Process Status Bits are: 1 1 1 1 1 0 0 0 0 0 0 0 0 0 0 0 0 0 0 0 0 0 0 0 0 0 0 0 0 0 0 0
1664851867.804310 -- INFO: Process Status Bits are: 1 1 1 1 1 0 0 0 0 0 0 0 0 0 0 0 0 0 0 0 0 0 0 0 0 0 0 0 0 0 0 0
1664851867.804318 -- INFO: Process Status Bits are: 1 1 1 1 1 0 0 0 0 0 0 0 0 0 0 0 0 0 0 0 0 0 0 0 0 0 0 0 0 0 0 0
1664851867.804431 -- INFO: Process Status Bits are: 1 1 1 1 1 0 0 0 0 0 0 0 0 0 0 0 0 0 0 0 0 0 0 0 0 0 0 0 0 0 0 0
1664851867.804190 -- INFO: Process 14 shutdown itself from outest loop
1664851867.804448 -- INFO: Process Status Bits are: 1 1 1 1 1 0 0 0 0 0 0 0 0 0 0 0 0 0 0 0 0 0 0 0 0 0 0 0 0 0 0 0
1664851867.804600 -- INFO: Process Status Bits are: 1 1 1 1 1 0 0 0 0 0 0 0 0 0 0 0 0 0 0 0 0 0 0 0 0 0 0 0 0 0 0 0
1664851867.804523 -- INFO: Process Status Bits are: 1 1 1 1 1 0 0 0 0 0 0 0 0 0 0 0 0 0 0 0 0 0 0 0 0 0 0 0 0 0 0 0
1664851867.804693 -- INFO: Process Status Bits are: 1 1 1 1 1 0 0 0 0 0 0 0 0 0 0 0 0 0 0 0 0 0 0 0 0 0 0 0 0 0 0 0
1664851867.804767 -- INFO: Process Status Bits are: 1 1 1 1 1 0 0 0 0 0 0 0 0 0 0 0 0 0 0 0 0 0 0 0 0 0 0 0 0 0 0 0
1664851867.803943 -- INFO: Process 5 shutdown itself from outest loop
1664851867.804595 -- INFO: Process 26 shutdown itself from outest loop
1664851867.804714 -- INFO: Process 15 shutdown itself from outest loop
1664851867.805431 -- INFO: Process Status Bits are: 1 1 1 1 1 0 0 0 0 0 0 0 0 0 0 0 0 0 0 0 0 0 0 0 0 0 0 0 0 0 0 0
1664851867.805490 -- INFO: Process Status Bits are: 1 1 1 1 1 0 0 0 0 0 0 0 0 0 0 0 0 0 0 0 0 0 0 0 0 0 0 0 0 0 0 0
1664851867.805553 -- INFO: Process Status Bits are: 1 1 1 1 1 0 0 0 0 0 0 0 0 0 0 0 0 0 0 0 0 0 0 0 0 0 0 0 0 0 0 0
1664851867.805629 -- INFO: Process Status Bits are: 1 1 1 1 1 0 0 0 0 0 0 0 0 0 0 0 0 0 0 0 0 0 0 0 0 0 0 0 0 0 0 0
1664851867.805825 -- INFO: Process Status Bits are: 1 1 1 1 1 0 0 0 0 0 0 0 0 0 0 0 0 0 0 0 0 0 0 0 0 0 0 0 0 0 0 0
1664851867.806131 -- INFO: Process Status Bits are: 1 1 1 1 1 0 0 0 0 0 0 0 0 0 0 0 0 0 0 0 0 0 0 0 0 0 0 0 0 0 0 0
1664851867.805970 -- INFO: Process 30 shutdown itself from outest loop
1664851867.806532 -- INFO: Process Status Bits are: 1 1 1 1 1 0 0 0 0 0 0 0 0 0 0 0 0 0 0 0 0 0 0 0 0 0 0 0 0 0 0 0
1664851867.806148 -- INFO: Process 13 shutdown itself from outest loop
1664851867.806290 -- INFO: Process 12 shutdown itself from outest loop
1664851867.806850 -- INFO: Process Status Bits are: 1 1 1 1 1 0 0 0 0 0 0 0 0 0 0 0 0 0 0 0 0 0 0 0 0 0 0 0 0 0 0 0
1664851867.806897 -- INFO: Process Status Bits are: 1 1 1 1 1 0 0 0 0 0 0 0 0 0 0 0 0 0 0 0 0 0 0 0 0 0 0 0 0 0 0 0
1664851869.189559 -- INFO: Process 1 finished on working on file 10 
1664851869.190068 -- INFO: Process 1 get item 6 from queue and executing
1664851869.190248 -- INFO: starting 1, 6, /users/jamilm/files_to_Send/FILE0
1664851869.237784 -- INFO: Iteration 55 Ends, Took 3.73 Seconds. Best Params: [5] and Score: -853.6666666666666.
1664851869.237964 -- INFO: Iteration 56 Starts ...
1664851869.238229 -- INFO: episode expires
1664851869.778678 -- INFO: Iteration 56 Ends, Took 0.54 Seconds. Best Params: [5] and Score: -853.6666666666666.
1664851869.778809 -- INFO: Bayseian Optimizer Exits ...
