1665054536.319724 -- INFO: Iteration 1 Starts ...
1665054536.320491 -- INFO: Changing concurrency to 19 ******
1665054536.321474 -- INFO: Process Status Bits from change concurrency are: 1 1 1 1 1 1 1 1 1 1 1 1 1 1 1 1 1 1 1 0 0 0 0 0 0 0 0 0 0 0 0 0
1665054536.321910 -- INFO: Start Process :: 1
1665054536.322139 -- INFO: Active CC: 19
1665054536.322342 -- INFO: Start Process :: 0
1665054536.322627 -- INFO: Start Process :: 3
1665054536.323631 -- INFO: Start Process :: 5
1665054536.323753 -- INFO: Start Process :: 2
1665054536.323981 -- INFO: Start Process :: 7
1665054536.324185 -- INFO: Start Process :: 4
1665054536.324902 -- INFO: Start Process :: 8
1665054536.325104 -- INFO: Start Process :: 9
1665054536.325485 -- INFO: Start Process :: 6
1665054536.326054 -- INFO: Start Process :: 10
1665054536.326441 -- INFO: Start Process :: 12
1665054536.326539 -- INFO: Start Process :: 11
1665054536.327234 -- INFO: Start Process :: 14
1665054536.327675 -- INFO: Start Process :: 13
1665054536.328265 -- INFO: Start Process :: 16
1665054536.328339 -- INFO: Start Process :: 15
1665054536.328445 -- INFO: Start Process :: 18
1665054536.328700 -- INFO: Start Process :: 17
1665054536.356623 -- INFO: Process 1 get item 0 from queue and executing
1665054536.356802 -- INFO: Process 0 get item 1 from queue and executing
1665054536.356917 -- INFO: starting 1, 0, /home/cc/files_to_send/FILE3
1665054536.356996 -- INFO: starting 0, 1, /home/cc/files_to_send/FILE1
1665054536.357455 -- INFO: Process 2 get item 2 from queue and executing
1665054536.357690 -- INFO: starting 2, 2, /home/cc/files_to_send/FILE0
1665054536.357809 -- INFO: Process 3 get item 3 from queue and executing
1665054536.357979 -- INFO: starting 3, 3, /home/cc/files_to_send/FILE2
1665054536.358693 -- INFO: Process 4 get item 4 from queue and executing
1665054536.358819 -- INFO: Process 5 get item 5 from queue and executing
1665054536.358860 -- INFO: starting 4, 4, /home/cc/files_to_send/FILE3
1665054536.359009 -- INFO: Process 7 get item 6 from queue and executing
1665054536.359046 -- INFO: starting 5, 5, /home/cc/files_to_send/FILE1
1665054536.359196 -- INFO: starting 7, 6, /home/cc/files_to_send/FILE0
1665054536.359202 -- INFO: Process 8 get item 7 from queue and executing
1665054536.359263 -- INFO: Process 6 get item 8 from queue and executing
1665054536.359390 -- INFO: starting 8, 7, /home/cc/files_to_send/FILE2
1665054536.359437 -- INFO: starting 6, 8, /home/cc/files_to_send/FILE3
1665054536.359465 -- INFO: Process 9 get item 9 from queue and executing
1665054536.359639 -- INFO: starting 9, 9, /home/cc/files_to_send/FILE1
1665054536.360145 -- INFO: Process 12 get item 10 from queue and executing
1665054536.360246 -- INFO: Process 11 get item 11 from queue and executing
1665054536.360311 -- INFO: Process 10 get item 12 from queue and executing
1665054536.360399 -- INFO: starting 12, 10, /home/cc/files_to_send/FILE0
1665054536.360435 -- INFO: starting 11, 11, /home/cc/files_to_send/FILE2
1665054536.360455 -- INFO: starting 10, 12, /home/cc/files_to_send/FILE3
1665054536.361564 -- INFO: Process 14 get item 13 from queue and executing
1665054536.361733 -- INFO: starting 14, 13, /home/cc/files_to_send/FILE1
1665054536.362769 -- INFO: Process 13 get item 14 from queue and executing
1665054536.362837 -- INFO: Process 18 get item 15 from queue and executing
1665054536.362934 -- INFO: starting 13, 14, /home/cc/files_to_send/FILE0
1665054536.362963 -- INFO: Process 15 get item 16 from queue and executing
1665054536.363019 -- INFO: starting 18, 15, /home/cc/files_to_send/FILE2
1665054536.363104 -- INFO: Process 17 get item 17 from queue and executing
1665054536.363147 -- INFO: starting 15, 16, /home/cc/files_to_send/FILE3
1665054536.363304 -- INFO: starting 17, 17, /home/cc/files_to_send/FILE1
1665054536.363401 -- INFO: Process 16 get item 18 from queue and executing
1665054536.363568 -- INFO: starting 16, 18, /home/cc/files_to_send/FILE0
1665054536.373632 -- INFO: Throughput @0.1s:159.16Mbps, rtt :33.77ms cwnd: 10.0 lossRate: 0.0 CC:19 score:-109.0 
1665054537.372285 -- INFO: Throughput @1.1s:5820.11Mbps, rtt :37.13ms cwnd: 1422.5 lossRate: 8.965923378033895e-05 CC:19 score:-3990.0 
1665054538.374857 -- INFO: Throughput @2.1s:7074.35Mbps, rtt :36.8ms cwnd: 1452.9 lossRate: 0.0 CC:19 score:-4856.0 
1665054539.373296 -- INFO: Throughput @3.1s:7181.37Mbps, rtt :38.41ms cwnd: 1473.2 lossRate: 0.0 CC:19 score:-4930.0 
1665054539.523459 -- INFO: Iteration 1 Ends, Took 3.2 Seconds. Best Params: [19] and Score: -4592.0.
1665054539.523587 -- INFO: Iteration 2 Starts ...
1665054539.523915 -- INFO: Changing concurrency to 2 ******
1665054539.524637 -- INFO: Process Status Bits from change concurrency are: 1 1 0 0 0 0 0 0 0 0 0 0 0 0 0 0 0 0 0 0 0 0 0 0 0 0 0 0 0 0 0 0
1665054539.525229 -- INFO: Active CC: 2
1665054540.374371 -- INFO: Throughput @4.1s:1777.35Mbps, rtt :34.23ms cwnd: 966.0 lossRate: 0 CC:2 score:-1708.0 
1665054541.376544 -- INFO: Throughput @5.1s:649.67Mbps, rtt :34.04ms cwnd: 980.0 lossRate: 0.0 CC:2 score:-624.0 
1665054542.377142 -- INFO: Throughput @6.1s:666.45Mbps, rtt :34.15ms cwnd: 996.0 lossRate: 0.0 CC:2 score:-641.0 
1665054542.726151 -- INFO: Iteration 2 Ends, Took 3.2 Seconds. Best Params: [19] and Score: -4592.0.
1665054542.726274 -- INFO: Iteration 3 Starts ...
1665054542.726586 -- INFO: Changing concurrency to 30 ******
1665054542.727026 -- INFO: Start Process :: 2
1665054542.727161 -- INFO: Start Process :: 3
1665054542.727390 -- INFO: Start Process :: 9
1665054542.727468 -- INFO: Start Process :: 5
1665054542.727555 -- INFO: Process Status Bits from change concurrency are: 1 1 1 1 1 1 1 1 1 1 1 1 1 1 1 1 1 1 1 1 1 1 1 1 1 1 1 1 1 1 0 0
1665054542.727523 -- INFO: Start Process :: 12
1665054542.727575 -- INFO: Start Process :: 4
1665054542.727655 -- INFO: Start Process :: 7
1665054542.727762 -- INFO: Active CC: 30
1665054542.729561 -- INFO: Start Process :: 15
1665054542.729719 -- INFO: Start Process :: 6
1665054542.729784 -- INFO: Start Process :: 10
1665054542.730041 -- INFO: Start Process :: 14
1665054542.730115 -- INFO: Start Process :: 8
1665054542.730248 -- INFO: Start Process :: 11
1665054542.730711 -- INFO: Start Process :: 16
1665054542.730874 -- INFO: Start Process :: 13
1665054542.731041 -- INFO: Start Process :: 18
1665054542.730914 -- INFO: Start Process :: 17
1665054542.731758 -- INFO: Start Process :: 21
1665054542.732275 -- INFO: Start Process :: 19
1665054542.732961 -- INFO: Start Process :: 23
1665054542.733274 -- INFO: Start Process :: 22
1665054542.734276 -- INFO: Start Process :: 20
1665054542.734794 -- INFO: Start Process :: 24
1665054542.735336 -- INFO: Start Process :: 27
1665054542.735323 -- INFO: Start Process :: 26
1665054542.735528 -- INFO: Start Process :: 25
1665054542.735745 -- INFO: Start Process :: 29
1665054542.735852 -- INFO: Start Process :: 28
1665054542.760597 -- INFO: Process 2 get item 19 from queue and executing
1665054542.760808 -- INFO: Process 9 get item 20 from queue and executing
1665054542.760827 -- INFO: starting 2, 19, /home/cc/files_to_send/FILE2
1665054542.760958 -- INFO: Process 4 get item 21 from queue and executing
1665054542.761007 -- INFO: starting 9, 20, /home/cc/files_to_send/FILE3
1665054542.761186 -- INFO: starting 4, 21, /home/cc/files_to_send/FILE1
1665054542.761349 -- INFO: Process 3 get item 22 from queue and executing
1665054542.761527 -- INFO: starting 3, 22, /home/cc/files_to_send/FILE0
1665054542.761576 -- INFO: Process 12 get item 23 from queue and executing
1665054542.761788 -- INFO: starting 12, 23, /home/cc/files_to_send/FILE2
1665054542.761900 -- INFO: Process 7 get item 24 from queue and executing
1665054542.762111 -- INFO: starting 7, 24, /home/cc/files_to_send/FILE3
1665054542.762240 -- INFO: Process 5 get item 25 from queue and executing
1665054542.762419 -- INFO: starting 5, 25, /home/cc/files_to_send/FILE1
1665054542.763541 -- INFO: Process 14 get item 26 from queue and executing
1665054542.763738 -- INFO: starting 14, 26, /home/cc/files_to_send/FILE0
1665054542.763962 -- INFO: Process 10 get item 27 from queue and executing
1665054542.764016 -- INFO: Process 16 get item 28 from queue and executing
1665054542.764155 -- INFO: starting 10, 27, /home/cc/files_to_send/FILE2
1665054542.764227 -- INFO: starting 16, 28, /home/cc/files_to_send/FILE3
1665054542.764246 -- INFO: Process 11 get item 29 from queue and executing
1665054542.764400 -- INFO: Process 15 get item 30 from queue and executing
1665054542.764449 -- INFO: starting 11, 29, /home/cc/files_to_send/FILE1
1665054542.764531 -- INFO: Process 6 get item 31 from queue and executing
1665054542.764583 -- INFO: starting 15, 30, /home/cc/files_to_send/FILE0
1665054542.764724 -- INFO: starting 6, 31, /home/cc/files_to_send/FILE2
1665054542.764879 -- INFO: Process 8 get item 32 from queue and executing
1665054542.765014 -- INFO: Process 13 get item 33 from queue and executing
1665054542.765079 -- INFO: starting 8, 32, /home/cc/files_to_send/FILE3
1665054542.765237 -- INFO: starting 13, 33, /home/cc/files_to_send/FILE1
1665054542.765543 -- INFO: Process 21 get item 34 from queue and executing
1665054542.765703 -- INFO: starting 21, 34, /home/cc/files_to_send/FILE0
1665054542.765905 -- INFO: Process 18 get item 35 from queue and executing
1665054542.766091 -- INFO: starting 18, 35, /home/cc/files_to_send/FILE2
1665054542.766129 -- INFO: Process 19 get item 36 from queue and executing
1665054542.766229 -- INFO: Process 17 get item 37 from queue and executing
1665054542.766277 -- INFO: starting 19, 36, /home/cc/files_to_send/FILE3
1665054542.766686 -- INFO: Process 23 get item 38 from queue and executing
1665054542.766884 -- INFO: starting 23, 38, /home/cc/files_to_send/FILE0
1665054542.766876 -- INFO: starting 17, 37, /home/cc/files_to_send/FILE1
1665054542.767669 -- INFO: Process 22 get item 39 from queue and executing
1665054542.767820 -- INFO: starting 22, 39, /home/cc/files_to_send/FILE2
1665054542.769277 -- INFO: Process 20 get item 40 from queue and executing
1665054542.769329 -- INFO: Process 24 get item 41 from queue and executing
1665054542.769459 -- INFO: starting 20, 40, /home/cc/files_to_send/FILE3
1665054542.769489 -- INFO: starting 24, 41, /home/cc/files_to_send/FILE1
1665054542.769547 -- INFO: Process 29 get item 42 from queue and executing
1665054542.769602 -- INFO: Process 28 get item 43 from queue and executing
1665054542.769716 -- INFO: starting 29, 42, /home/cc/files_to_send/FILE0
1665054542.769793 -- INFO: starting 28, 43, /home/cc/files_to_send/FILE2
1665054542.769870 -- INFO: Process 25 get item 44 from queue and executing
1665054542.770018 -- INFO: starting 25, 44, /home/cc/files_to_send/FILE3
1665054542.770319 -- INFO: Process 27 get item 45 from queue and executing
1665054542.770372 -- INFO: Process 26 get item 46 from queue and executing
1665054542.770460 -- INFO: starting 27, 45, /home/cc/files_to_send/FILE1
1665054542.770535 -- INFO: starting 26, 46, /home/cc/files_to_send/FILE0
1665054543.380264 -- INFO: Throughput @7.1s:2117.96Mbps, rtt :33.89ms cwnd: 338.6 lossRate: 0.0003039199203341826 CC:30 score:-1163.0 
1665054544.381290 -- INFO: Throughput @8.1s:5648.87Mbps, rtt :34.57ms cwnd: 858.5 lossRate: 1.0135922723725154e-05 CC:30 score:-3118.0 
1665054545.382888 -- INFO: Throughput @9.1s:8815.68Mbps, rtt :51.19ms cwnd: 1376.4 lossRate: 0.0 CC:30 score:-4867.0 
1665054546.186754 -- INFO: Iteration 3 Ends, Took 3.46 Seconds. Best Params: [19] and Score: -4592.0.
1665054546.187642 -- INFO: Iteration 4 Starts ...
1665054546.187989 -- INFO: Changing concurrency to 21 ******
1665054546.188483 -- INFO: Process Status Bits from change concurrency are: 1 1 1 1 1 1 1 1 1 1 1 1 1 1 1 1 1 1 1 1 1 0 0 0 0 0 0 0 0 0 0 0
1665054546.188751 -- INFO: Active CC: 21
1665054546.383185 -- INFO: Throughput @10.1s:8427.77Mbps, rtt :34.99ms cwnd: 1043.9 lossRate: 0.00038535326120735735 CC:21 score:-5528.0 
1665054547.383254 -- INFO: Throughput @11.1s:7034.88Mbps, rtt :35.08ms cwnd: 1264.0 lossRate: 0 CC:21 score:-4641.0 
1665054548.385745 -- INFO: Throughput @12.1s:7341.33Mbps, rtt :36.55ms cwnd: 1323.5 lossRate: 0.0 CC:21 score:-4844.0 
1665054549.384157 -- INFO: Throughput @13.1s:7493.17Mbps, rtt :35.57ms cwnd: 1382.8 lossRate: 0.0 CC:21 score:-4944.0 
1665054549.606082 -- INFO: Iteration 4 Ends, Took 3.42 Seconds. Best Params: [21] and Score: -4809.666666666667.
1665054549.606242 -- INFO: Iteration 5 Starts ...
1665054549.606370 -- INFO: Changing concurrency to 23 ******
1665054549.607078 -- INFO: Process Status Bits from change concurrency are: 1 1 1 1 1 1 1 1 1 1 1 1 1 1 1 1 1 1 1 1 1 1 1 0 0 0 0 0 0 0 0 0
1665054549.607131 -- INFO: Start Process :: 21
1665054549.607276 -- INFO: Start Process :: 22
1665054549.607644 -- INFO: Active CC: 23
1665054549.641708 -- INFO: Process 21 get item 47 from queue and executing
1665054549.641976 -- INFO: starting 21, 47, /home/cc/files_to_send/FILE2
1665054549.641977 -- INFO: Process 22 get item 48 from queue and executing
1665054549.642233 -- INFO: starting 22, 48, /home/cc/files_to_send/FILE3
1665054550.385455 -- INFO: Throughput @14.1s:7707.22Mbps, rtt :35.13ms cwnd: 1348.9 lossRate: 1.513947238938723e-06 CC:23 score:-4887.0 
1665054551.386000 -- INFO: Throughput @15.1s:7905.11Mbps, rtt :35.74ms cwnd: 1434.3 lossRate: 5.989878566169166e-05 CC:23 score:-5008.0 
1665054552.387704 -- INFO: Throughput @16.1s:7948.9Mbps, rtt :35.92ms cwnd: 1381.9 lossRate: 0.0010560664664571089 CC:23 score:-4957.0 
1665054552.939655 -- INFO: Iteration 5 Ends, Took 3.33 Seconds. Best Params: [23] and Score: -4950.666666666667.
1665054552.939823 -- INFO: Iteration 6 Starts ...
1665054552.940001 -- INFO: Changing concurrency to 13 ******
1665054552.940603 -- INFO: Process Status Bits from change concurrency are: 1 1 1 1 1 1 1 1 1 1 1 1 1 0 0 0 0 0 0 0 0 0 0 0 0 0 0 0 0 0 0 0
1665054552.941362 -- INFO: Active CC: 13
1665054553.389340 -- INFO: Throughput @17.1s:6077.58Mbps, rtt :34.68ms cwnd: 1196.6 lossRate: 0 CC:13 score:-4698.0 
1665054554.390600 -- INFO: Throughput @18.1s:4124.83Mbps, rtt :34.72ms cwnd: 1260.5 lossRate: 3.645592338647485e-05 CC:13 score:-3187.0 
1665054555.391170 -- INFO: Throughput @19.1s:4433.55Mbps, rtt :34.47ms cwnd: 1339.2 lossRate: 0.0 CC:13 score:-3427.0 
1665054556.210042 -- INFO: Process 1 finished on working on file 0 
1665054556.210501 -- INFO: Process 1 get item 49 from queue and executing
1665054556.210751 -- INFO: starting 1, 49, /home/cc/files_to_send/FILE1
1665054556.211231 -- INFO: Process 0 finished on working on file 1 
1665054556.211704 -- INFO: Process 0 get item 50 from queue and executing
1665054556.211925 -- INFO: starting 0, 50, /home/cc/files_to_send/FILE0
1665054556.357589 -- INFO: Iteration 6 Ends, Took 3.42 Seconds. Best Params: [23] and Score: -4950.666666666667.
1665054556.357772 -- INFO: Iteration 7 Starts ...
1665054556.359435 -- INFO: Changing concurrency to 23 ******
1665054556.360490 -- INFO: Process Status Bits from change concurrency are: 1 1 1 1 1 1 1 1 1 1 1 1 1 1 1 1 1 1 1 1 1 1 1 0 0 0 0 0 0 0 0 0
1665054556.360506 -- INFO: Start Process :: 14
1665054556.360636 -- INFO: Start Process :: 13
1665054556.360742 -- INFO: Start Process :: 15
1665054556.360779 -- INFO: Start Process :: 18
1665054556.360801 -- INFO: Start Process :: 19
1665054556.360891 -- INFO: Start Process :: 22
1665054556.361243 -- INFO: Start Process :: 21
1665054556.361271 -- INFO: Active CC: 23
1665054556.361220 -- INFO: Start Process :: 17
1665054556.361381 -- INFO: Start Process :: 16
1665054556.361483 -- INFO: Start Process :: 20
1665054556.391236 -- INFO: Throughput @20.1s:4800.0Mbps, rtt :34.59ms cwnd: 813.7 lossRate: 0.0 CC:23 score:-3044.0 
1665054556.394311 -- INFO: Process 22 get item 51 from queue and executing
1665054556.394537 -- INFO: starting 22, 51, /home/cc/files_to_send/FILE2
1665054556.394947 -- INFO: Process 13 get item 52 from queue and executing
1665054556.395061 -- INFO: Process 18 get item 53 from queue and executing
1665054556.395139 -- INFO: Process 15 get item 54 from queue and executing
1665054556.395152 -- INFO: starting 13, 52, /home/cc/files_to_send/FILE3
1665054556.395182 -- INFO: Process 19 get item 55 from queue and executing
1665054556.395207 -- INFO: starting 18, 53, /home/cc/files_to_send/FILE1
1665054556.395322 -- INFO: starting 15, 54, /home/cc/files_to_send/FILE0
1665054556.395415 -- INFO: starting 19, 55, /home/cc/files_to_send/FILE2
1665054556.395525 -- INFO: Process 14 get item 56 from queue and executing
1665054556.395666 -- INFO: starting 14, 56, /home/cc/files_to_send/FILE3
1665054556.395718 -- INFO: Process 21 get item 57 from queue and executing
1665054556.395834 -- INFO: starting 21, 57, /home/cc/files_to_send/FILE1
1665054556.395852 -- INFO: Process 17 get item 58 from queue and executing
1665054556.395936 -- INFO: Process 20 get item 59 from queue and executing
1665054556.396065 -- INFO: starting 17, 58, /home/cc/files_to_send/FILE0
1665054556.396403 -- INFO: starting 20, 59, /home/cc/files_to_send/FILE2
1665054556.396532 -- INFO: Process 16 get item 60 from queue and executing
1665054556.396937 -- INFO: starting 16, 60, /home/cc/files_to_send/FILE3
1665054557.393076 -- INFO: Throughput @21.1s:6241.67Mbps, rtt :34.82ms cwnd: 1069.8 lossRate: 2.2720559834594324e-05 CC:23 score:-3957.0 
1665054558.394871 -- INFO: Throughput @22.1s:8007.8Mbps, rtt :40.65ms cwnd: 1476.3 lossRate: 1.000387292794782e-05 CC:23 score:-5077.0 
1665054559.394885 -- INFO: Throughput @23.1s:8821.93Mbps, rtt :44.66ms cwnd: 1611.0 lossRate: 0.0 CC:23 score:-5594.0 
1665054559.741388 -- INFO: Process 4 finished on working on file 21 
1665054559.741923 -- INFO: Process 4 get item 61 from queue and executing
1665054559.742084 -- INFO: starting 4, 61, /home/cc/files_to_send/FILE1
1665054559.772221 -- INFO: Iteration 7 Ends, Took 3.41 Seconds. Best Params: [23] and Score: -4950.666666666667.
1665054559.772380 -- INFO: Iteration 8 Starts ...
1665054559.772610 -- INFO: Changing concurrency to 23 ******
1665054559.773314 -- INFO: Process Status Bits from change concurrency are: 1 1 1 1 1 1 1 1 1 1 1 1 1 1 1 1 1 1 1 1 1 1 1 0 0 0 0 0 0 0 0 0
1665054559.774015 -- INFO: Active CC: 23
1665054559.802328 -- INFO: Process 9 finished on working on file 20 
1665054559.803050 -- INFO: Process 9 get item 62 from queue and executing
1665054559.816822 -- INFO: starting 9, 62, /home/cc/files_to_send/FILE0
1665054560.268064 -- INFO: Process 6 finished on working on file 31 
1665054560.268481 -- INFO: Process 6 get item 63 from queue and executing
1665054560.268625 -- INFO: starting 6, 63, /home/cc/files_to_send/FILE2
1665054560.395952 -- INFO: Throughput @24.1s:8861.36Mbps, rtt :40.73ms cwnd: 1626.5 lossRate: 3.930776406955902e-06 CC:23 score:-5619.0 
1665054561.397335 -- INFO: Throughput @25.1s:8803.25Mbps, rtt :41.71ms cwnd: 1639.8 lossRate: 0.0 CC:23 score:-5583.0 
1665054562.399157 -- INFO: Throughput @26.1s:8579.79Mbps, rtt :36.43ms cwnd: 1370.1 lossRate: 8.831209767046273e-05 CC:23 score:-5433.0 
1665054563.168533 -- INFO: Iteration 8 Ends, Took 3.4 Seconds. Best Params: [23] and Score: -5545.0.
1665054563.168725 -- INFO: Iteration 9 Starts ...
1665054563.168940 -- INFO: Changing concurrency to 25 ******
1665054563.169710 -- INFO: Process Status Bits from change concurrency are: 1 1 1 1 1 1 1 1 1 1 1 1 1 1 1 1 1 1 1 1 1 1 1 1 1 0 0 0 0 0 0 0
1665054563.169916 -- INFO: Start Process :: 24
1665054563.170002 -- INFO: Start Process :: 23
1665054563.170326 -- INFO: Active CC: 25
1665054563.208335 -- INFO: Process 24 get item 64 from queue and executing
1665054563.208647 -- INFO: starting 24, 64, /home/cc/files_to_send/FILE3
1665054563.208891 -- INFO: Process 23 get item 65 from queue and executing
1665054563.209141 -- INFO: starting 23, 65, /home/cc/files_to_send/FILE1
1665054563.399756 -- INFO: Throughput @27.1s:8041.59Mbps, rtt :37.39ms cwnd: 1318.2 lossRate: 0.0 CC:25 score:-4902.0 
1665054564.400064 -- INFO: Throughput @28.1s:8062.32Mbps, rtt :36.74ms cwnd: 1224.4 lossRate: 9.215222972398968e-05 CC:25 score:-4907.0 
1665054565.401302 -- INFO: Throughput @29.1s:8252.55Mbps, rtt :38.04ms cwnd: 1283.7 lossRate: 0.0 CC:25 score:-5030.0 
1665054565.505027 -- INFO: Process 2 finished on working on file 19 
1665054565.505484 -- INFO: Process 2 get item 66 from queue and executing
1665054565.505661 -- INFO: starting 2, 66, /home/cc/files_to_send/FILE0
1665054566.404644 -- INFO: Throughput @30.1s:8487.38Mbps, rtt :38.06ms cwnd: 1335.7 lossRate: 0.0 CC:25 score:-5173.0 
1665054566.684731 -- INFO: Iteration 9 Ends, Took 3.52 Seconds. Best Params: [23] and Score: -5545.0.
1665054566.684932 -- INFO: Iteration 10 Starts ...
1665054566.685158 -- INFO: Changing concurrency to 24 ******
1665054566.685769 -- INFO: Process Status Bits from change concurrency are: 1 1 1 1 1 1 1 1 1 1 1 1 1 1 1 1 1 1 1 1 1 1 1 1 0 0 0 0 0 0 0 0
1665054566.686425 -- INFO: Active CC: 24
1665054567.404840 -- INFO: Throughput @31.1s:8678.0Mbps, rtt :41.72ms cwnd: 1435.0 lossRate: 0 CC:24 score:-5395.0 
1665054568.405435 -- INFO: Throughput @32.1s:8734.53Mbps, rtt :43.5ms cwnd: 1480.8 lossRate: 0.0 CC:24 score:-5430.0 
1665054568.671886 -- INFO: Process 10 finished on working on file 27 
1665054568.672368 -- INFO: Process 10 get item 67 from queue and executing
1665054568.672547 -- INFO: starting 10, 67, /home/cc/files_to_send/FILE2
1665054568.690177 -- INFO: Process 12 finished on working on file 23 
1665054568.690611 -- INFO: Process 12 get item 68 from queue and executing
1665054568.690776 -- INFO: starting 12, 68, /home/cc/files_to_send/FILE3
1665054568.702565 -- INFO: Process 7 finished on working on file 24 
1665054568.703055 -- INFO: Process 7 get item 69 from queue and executing
1665054568.703187 -- INFO: starting 7, 69, /home/cc/files_to_send/FILE1
1665054569.409767 -- INFO: Throughput @33.1s:8739.69Mbps, rtt :48.36ms cwnd: 1524.2 lossRate: 0.0 CC:24 score:-5434.0 
1665054570.051310 -- INFO: Iteration 10 Ends, Took 3.37 Seconds. Best Params: [23] and Score: -5545.0.
1665054570.051476 -- INFO: Iteration 11 Starts ...
1665054570.051778 -- INFO: Changing concurrency to 25 ******
1665054570.052559 -- INFO: Process Status Bits from change concurrency are: 1 1 1 1 1 1 1 1 1 1 1 1 1 1 1 1 1 1 1 1 1 1 1 1 1 0 0 0 0 0 0 0
1665054570.052726 -- INFO: Start Process :: 24
1665054570.053251 -- INFO: Active CC: 25
1665054570.099643 -- INFO: Process 24 get item 70 from queue and executing
1665054570.100148 -- INFO: starting 24, 70, /home/cc/files_to_send/FILE0
1665054570.387425 -- INFO: Process 3 finished on working on file 22 
1665054570.388162 -- INFO: Process 3 get item 71 from queue and executing
1665054570.407139 -- INFO: Throughput @34.1s:8741.76Mbps, rtt :48.23ms cwnd: 1464.5 lossRate: 1.3266628724108517e-05 CC:25 score:-5327.0 
1665054570.416992 -- INFO: starting 3, 71, /home/cc/files_to_send/FILE2
1665054570.831561 -- INFO: Process 11 finished on working on file 29 
1665054570.832212 -- INFO: Process 11 get item 72 from queue and executing
1665054570.847250 -- INFO: starting 11, 72, /home/cc/files_to_send/FILE3
1665054571.411111 -- INFO: Throughput @35.1s:8783.02Mbps, rtt :48.07ms cwnd: 1518.2 lossRate: 0.0 CC:25 score:-5354.0 
1665054572.212007 -- INFO: Process 0 finished on working on file 50 
1665054572.212467 -- INFO: Process 0 get item 73 from queue and executing
1665054572.212617 -- INFO: starting 0, 73, /home/cc/files_to_send/FILE1
1665054572.411398 -- INFO: Throughput @36.1s:8734.87Mbps, rtt :47.94ms cwnd: 1445.3 lossRate: 0.00013586196424432775 CC:25 score:-5312.0 
1665054573.410134 -- INFO: Iteration 11 Ends, Took 3.36 Seconds. Best Params: [23] and Score: -5545.0.
1665054573.410304 -- INFO: Iteration 12 Starts ...
1665054573.410514 -- INFO: Changing concurrency to 24 ******
1665054573.411078 -- INFO: Process Status Bits from change concurrency are: 1 1 1 1 1 1 1 1 1 1 1 1 1 1 1 1 1 1 1 1 1 1 1 1 0 0 0 0 0 0 0 0
1665054573.411092 -- INFO: Throughput @37.1s:8722.59Mbps, rtt :49.8ms cwnd: 1521.6 lossRate: 2.6512786454087144e-06 CC:25 score:-5316.0 
1665054573.411633 -- INFO: Active CC: 24
1665054573.452317 -- INFO: Process 18 finished on working on file 53 
1665054573.452722 -- INFO: Process 18 get item 74 from queue and executing
1665054573.452860 -- INFO: starting 18, 74, /home/cc/files_to_send/FILE0
1665054573.538112 -- INFO: Process 17 finished on working on file 58 
1665054573.539009 -- INFO: Process 17 get item 75 from queue and executing
1665054573.540115 -- INFO: Process 22 finished on working on file 51 
1665054573.540554 -- INFO: Process 22 get item 76 from queue and executing
1665054573.549592 -- INFO: starting 22, 76, /home/cc/files_to_send/FILE3
1665054573.550287 -- INFO: starting 17, 75, /home/cc/files_to_send/FILE2
1665054573.563013 -- INFO: Process 13 finished on working on file 52 
1665054573.563388 -- INFO: Process 13 get item 77 from queue and executing
1665054573.588488 -- INFO: starting 13, 77, /home/cc/files_to_send/FILE1
1665054574.415728 -- INFO: Throughput @38.1s:8373.78Mbps, rtt :36.43ms cwnd: 1037.2 lossRate: 0.002809786166582663 CC:24 score:-4971.0 
1665054575.277975 -- INFO: Process 16 finished on working on file 60 
1665054575.278665 -- INFO: Process 16 get item 78 from queue and executing
1665054575.303843 -- INFO: starting 16, 78, /home/cc/files_to_send/FILE0
1665054575.414547 -- INFO: Throughput @39.1s:7539.28Mbps, rtt :36.56ms cwnd: 1078.2 lossRate: 0.00019270169315415672 CC:24 score:-4673.0 
1665054576.414753 -- INFO: Throughput @40.1s:7663.74Mbps, rtt :34.95ms cwnd: 1086.2 lossRate: 0.0002836541290535759 CC:24 score:-4743.0 
1665054576.453804 -- INFO: Process 6 finished on working on file 63 
1665054576.454262 -- INFO: Process 6 get item 79 from queue and executing
1665054576.454395 -- INFO: starting 6, 79, /home/cc/files_to_send/FILE2
1665054576.783720 -- INFO: Iteration 12 Ends, Took 3.37 Seconds. Best Params: [23] and Score: -5545.0.
1665054576.783886 -- INFO: Iteration 13 Starts ...
1665054576.784120 -- INFO: Changing concurrency to 22 ******
1665054576.784880 -- INFO: Process Status Bits from change concurrency are: 1 1 1 1 1 1 1 1 1 1 1 1 1 1 1 1 1 1 1 1 1 1 0 0 0 0 0 0 0 0 0 0
1665054576.785586 -- INFO: Active CC: 22
1665054577.346564 -- INFO: Process 1 finished on working on file 49 
1665054577.347100 -- INFO: Process 1 get item 80 from queue and executing
1665054577.372049 -- INFO: starting 1, 80, /home/cc/files_to_send/FILE3
1665054577.380356 -- INFO: Process 20 finished on working on file 59 
1665054577.380985 -- INFO: Process 20 get item 81 from queue and executing
1665054577.394197 -- INFO: starting 20, 81, /home/cc/files_to_send/FILE1
1665054577.415222 -- INFO: Throughput @41.1s:7472.08Mbps, rtt :34.48ms cwnd: 1116.6 lossRate: 0 CC:22 score:-4833.0 
1665054577.506003 -- INFO: Process 8 finished on working on file 32 
1665054577.506777 -- INFO: Process 8 get item 82 from queue and executing
1665054577.725378 -- INFO: starting 8, 82, /home/cc/files_to_send/FILE0
1665054578.416163 -- INFO: Throughput @42.1s:7301.18Mbps, rtt :34.85ms cwnd: 1145.0 lossRate: 0.0 CC:22 score:-4723.0 
1665054579.418807 -- INFO: Throughput @43.1s:7058.29Mbps, rtt :34.54ms cwnd: 1039.7 lossRate: 0.00010399471772862331 CC:22 score:-4558.0 
1665054580.158605 -- INFO: Iteration 13 Ends, Took 3.37 Seconds. Best Params: [23] and Score: -5545.0.
1665054580.158788 -- INFO: Iteration 14 Starts ...
1665054580.159021 -- INFO: Changing concurrency to 25 ******
1665054580.159813 -- INFO: Process Status Bits from change concurrency are: 1 1 1 1 1 1 1 1 1 1 1 1 1 1 1 1 1 1 1 1 1 1 1 1 1 0 0 0 0 0 0 0
1665054580.159925 -- INFO: Start Process :: 24
1665054580.160005 -- INFO: Start Process :: 22
1665054580.160064 -- INFO: Start Process :: 23
1665054580.160495 -- INFO: Active CC: 25
1665054580.193696 -- INFO: Process 22 get item 83 from queue and executing
1665054580.193876 -- INFO: starting 22, 83, /home/cc/files_to_send/FILE2
1665054580.194299 -- INFO: Process 23 get item 84 from queue and executing
1665054580.194459 -- INFO: starting 23, 84, /home/cc/files_to_send/FILE3
1665054580.195058 -- INFO: Process 24 get item 85 from queue and executing
1665054580.195296 -- INFO: starting 24, 85, /home/cc/files_to_send/FILE1
1665054580.417405 -- INFO: Throughput @44.1s:6824.89Mbps, rtt :34.27ms cwnd: 861.2 lossRate: 0.0001055959015164934 CC:25 score:-4153.0 
1665054581.419350 -- INFO: Throughput @45.1s:7083.83Mbps, rtt :34.28ms cwnd: 953.7 lossRate: 0.0 CC:25 score:-4318.0 
1665054581.505750 -- INFO: Process 2 finished on working on file 66 
1665054581.506181 -- INFO: Process 2 get item 86 from queue and executing
1665054581.506325 -- INFO: starting 2, 86, /home/cc/files_to_send/FILE0
1665054582.420891 -- INFO: Throughput @46.1s:7708.16Mbps, rtt :34.44ms cwnd: 1007.2 lossRate: 9.735989910518764e-05 CC:25 score:-4691.0 
1665054583.421290 -- INFO: Throughput @47.1s:7858.06Mbps, rtt :34.87ms cwnd: 1036.1 lossRate: 0.0 CC:25 score:-4790.0 
1665054583.521556 -- INFO: Iteration 14 Ends, Took 3.36 Seconds. Best Params: [23] and Score: -5545.0.
1665054583.521723 -- INFO: Iteration 15 Starts ...
1665054583.521974 -- INFO: Changing concurrency to 17 ******
1665054583.522672 -- INFO: Process Status Bits from change concurrency are: 1 1 1 1 1 1 1 1 1 1 1 1 1 1 1 1 1 0 0 0 0 0 0 0 0 0 0 0 0 0 0 0
1665054583.523346 -- INFO: Active CC: 17
1665054584.420940 -- INFO: Throughput @48.1s:5441.28Mbps, rtt :34.17ms cwnd: 943.4 lossRate: 0 CC:17 score:-3886.0 
1665054584.948474 -- INFO: Process 9 finished on working on file 62 
1665054584.948999 -- INFO: Process 9 get item 87 from queue and executing
1665054584.963191 -- INFO: starting 9, 87, /home/cc/files_to_send/FILE2
1665054585.422291 -- INFO: Throughput @49.1s:5158.72Mbps, rtt :34.16ms cwnd: 957.1 lossRate: 0.0 CC:17 score:-3684.0 
1665054585.969659 -- INFO: Process 12 finished on working on file 68 
1665054585.970091 -- INFO: Process 12 get item 88 from queue and executing
1665054585.988853 -- INFO: starting 12, 88, /home/cc/files_to_send/FILE3
1665054586.422958 -- INFO: Throughput @50.1s:5275.17Mbps, rtt :34.13ms cwnd: 968.5 lossRate: 0.0 CC:17 score:-3767.0 
1665054586.515378 -- INFO: Process 4 finished on working on file 61 
1665054586.515775 -- INFO: Process 4 get item 89 from queue and executing
1665054586.537360 -- INFO: starting 4, 89, /home/cc/files_to_send/FILE1
1665054586.883841 -- INFO: Iteration 15 Ends, Took 3.36 Seconds. Best Params: [23] and Score: -5545.0.
1665054586.884013 -- INFO: Iteration 16 Starts ...
1665054586.884315 -- INFO: Changing concurrency to 23 ******
1665054586.885352 -- INFO: Start Process :: 18
1665054586.885442 -- INFO: Process Status Bits from change concurrency are: 1 1 1 1 1 1 1 1 1 1 1 1 1 1 1 1 1 1 1 1 1 1 1 0 0 0 0 0 0 0 0 0
1665054586.885438 -- INFO: Start Process :: 21
1665054586.885636 -- INFO: Start Process :: 20
1665054586.885695 -- INFO: Start Process :: 19
1665054586.885772 -- INFO: Start Process :: 22
1665054586.885919 -- INFO: Start Process :: 17
1665054586.886219 -- INFO: Active CC: 23
1665054586.919232 -- INFO: Process 19 get item 90 from queue and executing
1665054586.919364 -- INFO: Process 22 get item 91 from queue and executing
1665054586.919407 -- INFO: starting 19, 90, /home/cc/files_to_send/FILE0
1665054586.919557 -- INFO: starting 22, 91, /home/cc/files_to_send/FILE2
1665054586.919728 -- INFO: Process 17 get item 92 from queue and executing
1665054586.919926 -- INFO: Process 21 get item 93 from queue and executing
1665054586.920093 -- INFO: starting 17, 92, /home/cc/files_to_send/FILE3
1665054586.920115 -- INFO: starting 21, 93, /home/cc/files_to_send/FILE1
1665054586.920177 -- INFO: Process 18 get item 94 from queue and executing
1665054586.920341 -- INFO: starting 18, 94, /home/cc/files_to_send/FILE0
1665054586.920706 -- INFO: Process 20 get item 95 from queue and executing
1665054586.920932 -- INFO: starting 20, 95, /home/cc/files_to_send/FILE2
1665054587.425159 -- INFO: Throughput @51.1s:6100.33Mbps, rtt :34.54ms cwnd: 1095.1 lossRate: 1.3354114879727118e-05 CC:23 score:-3868.0 
1665054588.426449 -- INFO: Throughput @52.1s:7775.65Mbps, rtt :34.54ms cwnd: 1166.6 lossRate: 0.0 CC:23 score:-4931.0 
1665054589.220732 -- INFO: Process 3 finished on working on file 71 
1665054589.221451 -- INFO: Process 3 get item 96 from queue and executing
1665054589.235174 -- INFO: starting 3, 96, /home/cc/files_to_send/FILE3
1665054589.425465 -- INFO: Process 0 finished on working on file 73 
1665054589.425940 -- INFO: Process 0 get item 97 from queue and executing
1665054589.426291 -- INFO: Throughput @53.1s:7725.58Mbps, rtt :36.01ms cwnd: 1186.2 lossRate: 0.0 CC:23 score:-4899.0 
1665054589.435219 -- INFO: starting 0, 97, /home/cc/files_to_send/FILE1
1665054590.240308 -- INFO: Iteration 16 Ends, Took 3.36 Seconds. Best Params: [23] and Score: -5545.0.
1665054590.240492 -- INFO: Iteration 17 Starts ...
1665054590.240865 -- INFO: Changing concurrency to 23 ******
1665054590.241787 -- INFO: Process Status Bits from change concurrency are: 1 1 1 1 1 1 1 1 1 1 1 1 1 1 1 1 1 1 1 1 1 1 1 0 0 0 0 0 0 0 0 0
1665054590.242563 -- INFO: Active CC: 23
1665054590.430568 -- INFO: Throughput @54.1s:7940.05Mbps, rtt :34.84ms cwnd: 1212.1 lossRate: 0.0 CC:23 score:-5035.0 
1665054590.954034 -- INFO: Process 14 finished on working on file 56 
1665054590.954797 -- INFO: Process 14 get item 98 from queue and executing
1665054590.984599 -- INFO: starting 14, 98, /home/cc/files_to_send/FILE0
1665054591.430507 -- INFO: Throughput @55.1s:8084.22Mbps, rtt :34.62ms cwnd: 1246.2 lossRate: 0.0 CC:23 score:-5127.0 
1665054592.431398 -- INFO: Throughput @56.1s:8174.5Mbps, rtt :34.83ms cwnd: 1168.5 lossRate: 9.350931976220296e-05 CC:23 score:-5176.0 
1665054592.893625 -- INFO: Process 6 finished on working on file 79 
1665054592.894217 -- INFO: Process 6 get item 99 from queue and executing
1665054592.909499 -- INFO: starting 6, 99, /home/cc/files_to_send/FILE2
1665054593.431837 -- INFO: Throughput @57.1s:8316.78Mbps, rtt :34.47ms cwnd: 1235.4 lossRate: 0.0 CC:23 score:-5274.0 
1665054593.609452 -- INFO: Iteration 17 Ends, Took 3.37 Seconds. Best Params: [23] and Score: -5545.0.
1665054593.609610 -- INFO: Iteration 18 Starts ...
1665054593.609850 -- INFO: Changing concurrency to 23 ******
1665054593.610678 -- INFO: Process Status Bits from change concurrency are: 1 1 1 1 1 1 1 1 1 1 1 1 1 1 1 1 1 1 1 1 1 1 1 0 0 0 0 0 0 0 0 0
1665054593.611357 -- INFO: Active CC: 23
1665054593.853541 -- INFO: Process 11 finished on working on file 72 
1665054593.853964 -- INFO: Process 11 get item 100 from queue and executing
1665054593.862808 -- INFO: starting 11, 100, /home/cc/files_to_send/FILE3
1665054594.127290 -- INFO: Process 7 finished on working on file 69 
1665054594.127746 -- INFO: Process 7 get item 101 from queue and executing
1665054594.201459 -- INFO: starting 7, 101, /home/cc/files_to_send/FILE1
1665054594.433980 -- INFO: Throughput @58.1s:8250.33Mbps, rtt :34.22ms cwnd: 1104.8 lossRate: 0.0001725809552005096 CC:23 score:-5218.0 
1665054595.435567 -- INFO: Throughput @59.1s:7983.22Mbps, rtt :34.91ms cwnd: 1189.3 lossRate: 0.0 CC:23 score:-5063.0 
1665054596.436483 -- INFO: Throughput @60.1s:8216.45Mbps, rtt :34.77ms cwnd: 1266.0 lossRate: 0.0 CC:23 score:-5211.0 
1665054596.982537 -- INFO: Iteration 18 Ends, Took 3.37 Seconds. Best Params: [23] and Score: -5545.0.
1665054596.982733 -- INFO: Iteration 19 Starts ...
1665054596.983189 -- INFO: Changing concurrency to 23 ******
1665054596.983879 -- INFO: Process Status Bits from change concurrency are: 1 1 1 1 1 1 1 1 1 1 1 1 1 1 1 1 1 1 1 1 1 1 1 0 0 0 0 0 0 0 0 0
1665054596.984596 -- INFO: Active CC: 23
1665054597.436275 -- INFO: Throughput @61.1s:8317.44Mbps, rtt :35.19ms cwnd: 1326.2 lossRate: 0.0 CC:23 score:-5275.0 
1665054597.516284 -- INFO: Process 2 finished on working on file 86 
1665054597.516721 -- INFO: Process 2 get item 102 from queue and executing
1665054597.516868 -- INFO: starting 2, 102, /home/cc/files_to_send/FILE0
1665054598.438376 -- INFO: Throughput @62.1s:8316.11Mbps, rtt :35.04ms cwnd: 1324.9 lossRate: 4.0266424882984383e-05 CC:23 score:-5270.0 
1665054599.440658 -- INFO: Throughput @63.1s:8433.55Mbps, rtt :35.91ms cwnd: 1358.5 lossRate: 0.0 CC:23 score:-5348.0 
1665054599.446310 -- INFO: Process 13 finished on working on file 77 
1665054599.446769 -- INFO: Process 13 get item 103 from queue and executing
1665054599.446913 -- INFO: starting 13, 103, /home/cc/files_to_send/FILE2
1665054600.419186 -- INFO: Iteration 19 Ends, Took 3.44 Seconds. Best Params: [23] and Score: -5545.0.
1665054600.419388 -- INFO: Iteration 20 Starts ...
1665054600.419700 -- INFO: Changing concurrency to 23 ******
1665054600.420621 -- INFO: Process Status Bits from change concurrency are: 1 1 1 1 1 1 1 1 1 1 1 1 1 1 1 1 1 1 1 1 1 1 1 0 0 0 0 0 0 0 0 0
1665054600.421394 -- INFO: Active CC: 23
1665054600.438081 -- INFO: Throughput @64.1s:8466.45Mbps, rtt :35.62ms cwnd: 1386.2 lossRate: 0.0 CC:23 score:-5369.0 
1665054601.044050 -- INFO: Process 10 finished on working on file 67 
1665054601.044731 -- INFO: Process 10 get item 104 from queue and executing
1665054601.100303 -- INFO: starting 10, 104, /home/cc/files_to_send/FILE3
1665054601.441847 -- INFO: Throughput @65.1s:8390.95Mbps, rtt :36.46ms cwnd: 1404.0 lossRate: 0.0 CC:23 score:-5321.0 
1665054601.655375 -- INFO: Process 5 finished on working on file 25 
1665054601.655943 -- INFO: Process 5 get item 105 from queue and executing
1665054601.695967 -- INFO: starting 5, 105, /home/cc/files_to_send/FILE1
1665054602.443386 -- INFO: Throughput @66.1s:8350.33Mbps, rtt :37.52ms cwnd: 1415.0 lossRate: 0.0 CC:23 score:-5295.0 
1665054602.751546 -- INFO: Process 16 finished on working on file 78 
1665054602.752237 -- INFO: Process 16 get item 106 from queue and executing
1665054602.774703 -- INFO: starting 16, 106, /home/cc/files_to_send/FILE0
1665054603.102768 -- INFO: Process 22 finished on working on file 91 
1665054603.103181 -- INFO: Process 22 get item 107 from queue and executing
1665054603.103326 -- INFO: starting 22, 107, /home/cc/files_to_send/FILE2
1665054603.111210 -- INFO: Process 20 finished on working on file 95 
1665054603.111814 -- INFO: Process 20 get item 108 from queue and executing
1665054603.111998 -- INFO: starting 20, 108, /home/cc/files_to_send/FILE3
1665054603.112170 -- INFO: Process 18 finished on working on file 94 
1665054603.112659 -- INFO: Process 18 get item 109 from queue and executing
1665054603.112827 -- INFO: starting 18, 109, /home/cc/files_to_send/FILE1
1665054603.443768 -- INFO: Throughput @67.1s:8383.55Mbps, rtt :36.52ms cwnd: 1420.2 lossRate: 0.0 CC:23 score:-5316.0 
1665054603.797932 -- INFO: Iteration 20 Ends, Took 3.38 Seconds. Best Params: [23] and Score: -5545.0.
1665054603.798097 -- INFO: Iteration 21 Starts ...
1665054603.798412 -- INFO: Changing concurrency to 23 ******
1665054603.799176 -- INFO: Process Status Bits from change concurrency are: 1 1 1 1 1 1 1 1 1 1 1 1 1 1 1 1 1 1 1 1 1 1 1 0 0 0 0 0 0 0 0 0
1665054603.800059 -- INFO: Active CC: 23
1665054604.445465 -- INFO: Throughput @68.1s:8408.72Mbps, rtt :36.31ms cwnd: 1424.0 lossRate: 0.0 CC:23 score:-5332.0 
1665054604.506362 -- INFO: Process 4 finished on working on file 89 
1665054604.506885 -- INFO: Process 4 get item 110 from queue and executing
1665054604.507061 -- INFO: starting 4, 110, /home/cc/files_to_send/FILE0
1665054605.446396 -- INFO: Throughput @69.1s:8424.83Mbps, rtt :36.35ms cwnd: 1430.1 lossRate: 0.0 CC:23 score:-5343.0 
1665054605.521476 -- INFO: Process 17 finished on working on file 92 
1665054605.522134 -- INFO: Process 17 get item 111 from queue and executing
1665054605.542389 -- INFO: starting 17, 111, /home/cc/files_to_send/FILE2
1665054606.448143 -- INFO: Throughput @70.1s:8275.17Mbps, rtt :34.71ms cwnd: 1211.0 lossRate: 0.00014075764208428286 CC:23 score:-5236.0 
1665054607.181104 -- INFO: Iteration 21 Ends, Took 3.38 Seconds. Best Params: [23] and Score: -5545.0.
1665054607.181267 -- INFO: Iteration 22 Starts ...
1665054607.181520 -- INFO: Changing concurrency to 23 ******
1665054607.182350 -- INFO: Process Status Bits from change concurrency are: 1 1 1 1 1 1 1 1 1 1 1 1 1 1 1 1 1 1 1 1 1 1 1 0 0 0 0 0 0 0 0 0
1665054607.183119 -- INFO: Active CC: 23
1665054607.448843 -- INFO: Throughput @71.1s:8482.56Mbps, rtt :37.27ms cwnd: 1272.7 lossRate: 0.0 CC:23 score:-5379.0 
1665054607.586534 -- INFO: Process 3 finished on working on file 96 
1665054607.587250 -- INFO: Process 3 get item 112 from queue and executing
1665054607.600987 -- INFO: starting 3, 112, /home/cc/files_to_send/FILE3
1665054607.745726 -- INFO: Process 14 finished on working on file 98 
1665054607.746162 -- INFO: Process 14 get item 113 from queue and executing
1665054607.746311 -- INFO: starting 14, 113, /home/cc/files_to_send/FILE1
1665054607.809573 -- INFO: Process 0 finished on working on file 97 
1665054607.810074 -- INFO: Process 0 get item 114 from queue and executing
1665054607.831237 -- INFO: starting 0, 114, /home/cc/files_to_send/FILE0
1665054608.450130 -- INFO: Throughput @72.1s:8667.11Mbps, rtt :35.97ms cwnd: 1330.2 lossRate: 0.0 CC:23 score:-5496.0 
1665054608.666829 -- INFO: Process 21 finished on working on file 93 
1665054608.667592 -- INFO: Process 21 get item 115 from queue and executing
1665054608.686966 -- INFO: starting 21, 115, /home/cc/files_to_send/FILE2
1665054608.979486 -- INFO: Process 6 finished on working on file 99 
1665054608.979910 -- INFO: Process 6 get item 116 from queue and executing
1665054608.980039 -- INFO: starting 6, 116, /home/cc/files_to_send/FILE3
1665054609.450236 -- INFO: Throughput @73.1s:8800.0Mbps, rtt :36.59ms cwnd: 1385.9 lossRate: 0.0 CC:23 score:-5581.0 
1665054609.862905 -- INFO: Process 11 finished on working on file 100 
1665054609.863381 -- INFO: Process 11 get item 117 from queue and executing
1665054609.863546 -- INFO: starting 11, 117, /home/cc/files_to_send/FILE1
1665054609.961891 -- INFO: Process 9 finished on working on file 87 
1665054609.962375 -- INFO: Process 9 get item 118 from queue and executing
1665054609.985665 -- INFO: starting 9, 118, /home/cc/files_to_send/FILE0
1665054610.451626 -- INFO: Throughput @74.1s:8833.55Mbps, rtt :37.07ms cwnd: 1441.4 lossRate: 0.0 CC:23 score:-5602.0 
1665054610.570729 -- INFO: Iteration 22 Ends, Took 3.39 Seconds. Best Params: [23] and Score: -5545.0.
1665054610.570901 -- INFO: Iteration 23 Starts ...
1665054610.571190 -- INFO: Changing concurrency to 23 ******
1665054610.571855 -- INFO: Process Status Bits from change concurrency are: 1 1 1 1 1 1 1 1 1 1 1 1 1 1 1 1 1 1 1 1 1 1 1 0 0 0 0 0 0 0 0 0
1665054610.572523 -- INFO: Active CC: 23
1665054611.451916 -- INFO: Throughput @75.1s:8674.83Mbps, rtt :42.13ms cwnd: 1499.3 lossRate: 0.0 CC:23 score:-5501.0 
1665054611.915333 -- INFO: Process 12 finished on working on file 88 
1665054611.915813 -- INFO: Process 12 get item 119 from queue and executing
1665054611.946678 -- INFO: starting 12, 119, /home/cc/files_to_send/FILE2
1665054612.451048 -- INFO: Throughput @76.1s:8490.62Mbps, rtt :35.62ms cwnd: 1256.3 lossRate: 0.00017756952741728563 CC:23 score:-5369.0 
1665054613.266523 -- INFO: Process 1 finished on working on file 80 
1665054613.266992 -- INFO: Process 1 get item 120 from queue and executing
1665054613.313125 -- INFO: starting 1, 120, /home/cc/files_to_send/FILE3
1665054613.452499 -- INFO: Throughput @77.1s:8433.89Mbps, rtt :37.12ms cwnd: 1333.1 lossRate: 0.0 CC:23 score:-5348.0 
1665054613.476475 -- INFO: Process 15 finished on working on file 54 
1665054613.477302 -- INFO: Process 15 get item 121 from queue and executing
1665054613.478886 -- INFO: starting 15, 121, /home/cc/files_to_send/FILE1
1665054613.678973 -- INFO: Process 2 finished on working on file 102 
1665054613.679413 -- INFO: Process 2 get item 122 from queue and executing
1665054613.679552 -- INFO: starting 2, 122, /home/cc/files_to_send/FILE0
1665054613.966046 -- INFO: Iteration 23 Ends, Took 3.39 Seconds. Best Params: [23] and Score: -5545.0.
1665054613.966212 -- INFO: Iteration 24 Starts ...
1665054613.966506 -- INFO: Changing concurrency to 23 ******
1665054613.967351 -- INFO: Process Status Bits from change concurrency are: 1 1 1 1 1 1 1 1 1 1 1 1 1 1 1 1 1 1 1 1 1 1 1 0 0 0 0 0 0 0 0 0
1665054613.968137 -- INFO: Active CC: 23
1665054614.453691 -- INFO: Throughput @78.1s:8742.27Mbps, rtt :39.38ms cwnd: 1402.9 lossRate: 0.0 CC:23 score:-5544.0 
1665054615.454717 -- INFO: Throughput @79.1s:8782.56Mbps, rtt :41.61ms cwnd: 1468.6 lossRate: 0.0 CC:23 score:-5570.0 
1665054615.549009 -- INFO: Process 13 finished on working on file 103 
1665054615.549485 -- INFO: Process 13 get item 123 from queue and executing
1665054615.549628 -- INFO: starting 13, 123, /home/cc/files_to_send/FILE2
1665054616.456100 -- INFO: Throughput @80.1s:8792.27Mbps, rtt :44.43ms cwnd: 1521.6 lossRate: 0.0 CC:23 score:-5576.0 
1665054616.879340 -- INFO: Process 8 finished on working on file 82 
1665054616.879866 -- INFO: Process 8 get item 124 from queue and executing
1665054616.911310 -- INFO: starting 8, 124, /home/cc/files_to_send/FILE3
1665054617.365600 -- INFO: Iteration 24 Ends, Took 3.4 Seconds. Best Params: [23] and Score: -5563.333333333333.
1665054617.365786 -- INFO: Iteration 25 Starts ...
1665054617.366102 -- INFO: Changing concurrency to 23 ******
1665054617.366785 -- INFO: Process Status Bits from change concurrency are: 1 1 1 1 1 1 1 1 1 1 1 1 1 1 1 1 1 1 1 1 1 1 1 0 0 0 0 0 0 0 0 0
1665054617.367472 -- INFO: Active CC: 23
1665054617.456271 -- INFO: Throughput @81.1s:8749.34Mbps, rtt :44.2ms cwnd: 1530.2 lossRate: 5.281964468225023e-06 CC:23 score:-5548.0 
1665054618.457053 -- INFO: Throughput @82.1s:8817.44Mbps, rtt :43.44ms cwnd: 1524.2 lossRate: 3.941513199470786e-06 CC:23 score:-5591.0 
1665054619.104567 -- INFO: Process 22 finished on working on file 107 
1665054619.105036 -- INFO: Process 22 get item 125 from queue and executing
1665054619.105191 -- INFO: starting 22, 125, /home/cc/files_to_send/FILE1
1665054619.149198 -- INFO: Process 20 finished on working on file 108 
1665054619.149784 -- INFO: Process 20 get item 126 from queue and executing
1665054619.149981 -- INFO: starting 20, 126, /home/cc/files_to_send/FILE0
1665054619.457817 -- INFO: Throughput @83.1s:8782.23Mbps, rtt :42.73ms cwnd: 1540.7 lossRate: 0.0 CC:23 score:-5569.0 
1665054620.085371 -- INFO: Process 7 finished on working on file 101 
1665054620.086004 -- INFO: Process 7 get item 127 from queue and executing
1665054620.105507 -- INFO: starting 7, 127, /home/cc/files_to_send/FILE2
1665054620.462414 -- INFO: Throughput @84.1s:8842.94Mbps, rtt :43.2ms cwnd: 1554.6 lossRate: 0.0 CC:23 score:-5608.0 
1665054620.557212 -- INFO: Process 4 finished on working on file 110 
1665054620.557668 -- INFO: Process 4 get item 5 from queue and executing
1665054620.585720 -- INFO: starting 4, 5, /home/cc/files_to_send/FILE1
1665054620.776395 -- INFO: Iteration 25 Ends, Took 3.41 Seconds. Best Params: [23] and Score: -5589.333333333333.
1665054620.776558 -- INFO: Iteration 26 Starts ...
1665054620.776903 -- INFO: Changing concurrency to 23 ******
1665054620.777673 -- INFO: Process Status Bits from change concurrency are: 1 1 1 1 1 1 1 1 1 1 1 1 1 1 1 1 1 1 1 1 1 1 1 0 0 0 0 0 0 0 0 0
1665054620.778403 -- INFO: Active CC: 23
1665054621.462610 -- INFO: Throughput @85.1s:8816.45Mbps, rtt :44.6ms cwnd: 1542.3 lossRate: 1.7065003222660223e-05 CC:23 score:-5589.0 
1665054622.461516 -- INFO: Throughput @86.1s:8808.72Mbps, rtt :37.41ms cwnd: 1360.6 lossRate: 0.00013170392956633487 CC:23 score:-5575.0 
1665054623.463695 -- INFO: Throughput @87.1s:8699.67Mbps, rtt :40.99ms cwnd: 1408.8 lossRate: 0.0 CC:23 score:-5517.0 
1665054623.796605 -- INFO: Process 18 finished on working on file 109 
1665054623.797056 -- INFO: Process 18 get item 15 from queue and executing
1665054623.815221 -- INFO: starting 18, 15, /home/cc/files_to_send/FILE2
1665054623.820170 -- INFO: Process 5 finished on working on file 105 
1665054623.820611 -- INFO: Process 5 get item 16 from queue and executing
1665054623.820822 -- INFO: starting 5, 16, /home/cc/files_to_send/FILE3
1665054624.192515 -- INFO: Iteration 26 Ends, Took 3.42 Seconds. Best Params: [23] and Score: -5589.333333333333.
1665054624.192683 -- INFO: Iteration 27 Starts ...
1665054624.193031 -- INFO: Changing concurrency to 23 ******
1665054624.193941 -- INFO: Process Status Bits from change concurrency are: 1 1 1 1 1 1 1 1 1 1 1 1 1 1 1 1 1 1 1 1 1 1 1 0 0 0 0 0 0 0 0 0
1665054624.194674 -- INFO: Active CC: 23
1665054624.381568 -- INFO: Process 17 finished on working on file 111 
1665054624.382206 -- INFO: Process 17 get item 12 from queue and executing
1665054624.406062 -- INFO: starting 17, 12, /home/cc/files_to_send/FILE3
1665054624.463457 -- INFO: Throughput @88.1s:8682.89Mbps, rtt :39.06ms cwnd: 1303.2 lossRate: 8.708759001842237e-05 CC:23 score:-5499.0 
1665054625.464006 -- INFO: Throughput @89.1s:8500.0Mbps, rtt :38.1ms cwnd: 1370.6 lossRate: 0.0 CC:23 score:-5390.0 
1665054625.863642 -- INFO: Process 11 finished on working on file 117 
1665054625.864086 -- INFO: Process 11 get item 17 from queue and executing
1665054625.864232 -- INFO: starting 11, 17, /home/cc/files_to_send/FILE1
1665054626.242533 -- INFO: Process 6 finished on working on file 116 
1665054626.242971 -- INFO: Process 6 get item 2 from queue and executing
1665054626.255726 -- INFO: starting 6, 2, /home/cc/files_to_send/FILE0
1665054626.334765 -- INFO: Process 0 finished on working on file 114 
1665054626.335643 -- INFO: Process 0 get item 3 from queue and executing
1665054626.351910 -- INFO: starting 0, 3, /home/cc/files_to_send/FILE2
1665054626.465825 -- INFO: Throughput @90.1s:8674.83Mbps, rtt :40.07ms cwnd: 1429.1 lossRate: 0.0 CC:23 score:-5501.0 
1665054627.312778 -- INFO: Process 3 finished on working on file 112 
1665054627.313232 -- INFO: Process 3 get item 14 from queue and executing
1665054627.327113 -- INFO: starting 3, 14, /home/cc/files_to_send/FILE0
1665054627.467140 -- INFO: Throughput @91.1s:8750.33Mbps, rtt :42.0ms cwnd: 1479.1 lossRate: 0.0 CC:23 score:-5549.0 
1665054627.616891 -- INFO: Iteration 27 Ends, Took 3.42 Seconds. Best Params: [23] and Score: -5589.333333333333.
1665054627.617090 -- INFO: Iteration 28 Starts ...
1665054627.617412 -- INFO: Changing concurrency to 23 ******
1665054627.618148 -- INFO: Process Status Bits from change concurrency are: 1 1 1 1 1 1 1 1 1 1 1 1 1 1 1 1 1 1 1 1 1 1 1 0 0 0 0 0 0 0 0 0
1665054627.618843 -- INFO: Active CC: 23
1665054628.238455 -- INFO: Process 12 finished on working on file 119 
1665054628.238920 -- INFO: Process 12 get item 18 from queue and executing
1665054628.239143 -- INFO: starting 12, 18, /home/cc/files_to_send/FILE0
1665054628.284143 -- INFO: Process 19 finished on working on file 90 
1665054628.284734 -- INFO: Process 19 get item 7 from queue and executing
1665054628.306445 -- INFO: starting 19, 7, /home/cc/files_to_send/FILE2
1665054628.471238 -- INFO: Throughput @92.1s:8758.39Mbps, rtt :42.13ms cwnd: 1462.1 lossRate: 1.584773496248049e-05 CC:23 score:-5553.0 
1665054629.472713 -- INFO: Throughput @93.1s:8617.11Mbps, rtt :40.9ms cwnd: 1434.0 lossRate: 0.00010193802972566598 CC:23 score:-5456.0 
1665054629.550483 -- INFO: Process 15 finished on working on file 121 
1665054629.550955 -- INFO: Process 15 get item 10 from queue and executing
1665054629.551149 -- INFO: starting 15, 10, /home/cc/files_to_send/FILE0
1665054630.312983 -- INFO: Process 2 finished on working on file 122 
1665054630.313443 -- INFO: Process 2 get item 11 from queue and executing
1665054630.336721 -- INFO: starting 2, 11, /home/cc/files_to_send/FILE2
1665054630.473611 -- INFO: Throughput @94.1s:8508.06Mbps, rtt :42.92ms cwnd: 1481.5 lossRate: 2.5891625830576103e-05 CC:23 score:-5393.0 
1665054631.023886 -- INFO: Iteration 28 Ends, Took 3.41 Seconds. Best Params: [23] and Score: -5589.333333333333.
1665054631.024091 -- INFO: Iteration 29 Starts ...
1665054631.024415 -- INFO: Changing concurrency to 1 ******
1665054631.025223 -- INFO: Process Status Bits from change concurrency are: 1 0 0 0 0 0 0 0 0 0 0 0 0 0 0 0 0 0 0 0 0 0 0 0 0 0 0 0 0 0 0 0
1665054631.026222 -- INFO: Active CC: 1
1665054631.471572 -- INFO: Throughput @95.1s:5191.61Mbps, rtt :34.02ms cwnd: 1706.0 lossRate: 0 CC:1 score:-5090.0 
1665054632.471282 -- INFO: Throughput @96.1s:500.0Mbps, rtt :34.16ms cwnd: 1719.0 lossRate: 0.0 CC:1 score:-490.0 
1665054633.472463 -- INFO: Throughput @97.2s:454.55Mbps, rtt :34.31ms cwnd: 1725.0 lossRate: 0.0 CC:1 score:-446.0 
1665054634.387968 -- INFO: Iteration 29 Ends, Took 3.36 Seconds. Best Params: [23] and Score: -5589.333333333333.
1665054634.388155 -- INFO: Iteration 30 Starts ...
1665054634.388447 -- INFO: Changing concurrency to 32 ******
1665054634.388829 -- INFO: Start Process :: 1
1665054634.388933 -- INFO: Start Process :: 2
1665054634.389059 -- INFO: Start Process :: 4
1665054634.389131 -- INFO: Start Process :: 5
1665054634.389236 -- INFO: Start Process :: 7
1665054634.389390 -- INFO: Start Process :: 9
1665054634.389533 -- INFO: Start Process :: 8
1665054634.389607 -- INFO: Start Process :: 10
1665054634.389744 -- INFO: Process Status Bits from change concurrency are: 1 1 1 1 1 1 1 1 1 1 1 1 1 1 1 1 1 1 1 1 1 1 1 1 1 1 1 1 1 1 1 1
1665054634.389728 -- INFO: Start Process :: 13
1665054634.389911 -- INFO: Active CC: 32
1665054634.389857 -- INFO: Start Process :: 21
1665054634.389902 -- INFO: Start Process :: 19
1665054634.390002 -- INFO: Start Process :: 11
1665054634.390188 -- INFO: Start Process :: 15
1665054634.390150 -- INFO: Start Process :: 16
1665054634.390275 -- INFO: Start Process :: 14
1665054634.390433 -- INFO: Start Process :: 6
1665054634.390539 -- INFO: Start Process :: 22
1665054634.390466 -- INFO: Start Process :: 26
1665054634.390612 -- INFO: Start Process :: 23
1665054634.390770 -- INFO: Start Process :: 20
1665054634.390926 -- INFO: Start Process :: 18
1665054634.391087 -- INFO: Start Process :: 12
1665054634.391060 -- INFO: Start Process :: 25
1665054634.391385 -- INFO: Start Process :: 27
1665054634.391431 -- INFO: Start Process :: 3
1665054634.391325 -- INFO: Start Process :: 17
1665054634.391647 -- INFO: Start Process :: 24
1665054634.392010 -- INFO: Start Process :: 29
1665054634.392510 -- INFO: Start Process :: 28
1665054634.394145 -- INFO: Start Process :: 31
1665054634.394444 -- INFO: Start Process :: 30
1665054634.422684 -- INFO: Process 4 get item 9 from queue and executing
1665054634.422875 -- INFO: starting 4, 9, /home/cc/files_to_send/FILE1
1665054634.423191 -- INFO: Process 1 get item 6 from queue and executing
1665054634.423351 -- INFO: starting 1, 6, /home/cc/files_to_send/FILE0
1665054634.423378 -- INFO: Process 19 get item 4 from queue and executing
1665054634.423521 -- INFO: starting 19, 4, /home/cc/files_to_send/FILE3
1665054634.423527 -- INFO: Process 8 get item 13 from queue and executing
1665054634.423613 -- INFO: Process 5 get item 8 from queue and executing
1665054634.423664 -- INFO: starting 8, 13, /home/cc/files_to_send/FILE1
1665054634.423676 -- INFO: Process 11 get item 38 from queue and executing
1665054634.423752 -- INFO: starting 5, 8, /home/cc/files_to_send/FILE3
1665054634.423782 -- INFO: Process 2 get item 39 from queue and executing
1665054634.423847 -- INFO: starting 11, 38, /home/cc/files_to_send/FILE0
1665054634.424022 -- INFO: Process 10 get item 41 from queue and executing
1665054634.424030 -- INFO: starting 2, 39, /home/cc/files_to_send/FILE2
1665054634.424104 -- INFO: Process 9 get item 43 from queue and executing
1665054634.424188 -- INFO: starting 10, 41, /home/cc/files_to_send/FILE1
1665054634.424237 -- INFO: starting 9, 43, /home/cc/files_to_send/FILE2
1665054634.424279 -- INFO: Process 7 get item 42 from queue and executing
1665054634.424367 -- INFO: Process 16 get item 44 from queue and executing
1665054634.424420 -- INFO: starting 7, 42, /home/cc/files_to_send/FILE0
1665054634.424519 -- INFO: Process 14 get item 34 from queue and executing
1665054634.424610 -- INFO: starting 16, 44, /home/cc/files_to_send/FILE3
1665054634.424634 -- INFO: starting 14, 34, /home/cc/files_to_send/FILE0
1665054634.424680 -- INFO: Process 13 get item 46 from queue and executing
1665054634.424820 -- INFO: starting 13, 46, /home/cc/files_to_send/FILE0
1665054634.424819 -- INFO: Process 12 get item 45 from queue and executing
1665054634.424951 -- INFO: starting 12, 45, /home/cc/files_to_send/FILE1
1665054634.425086 -- INFO: Process 23 get item 26 from queue and executing
1665054634.425227 -- INFO: Process 26 get item 35 from queue and executing
1665054634.425236 -- INFO: starting 23, 26, /home/cc/files_to_send/FILE0
1665054634.425287 -- INFO: Process 21 get item 47 from queue and executing
1665054634.425400 -- INFO: starting 21, 47, /home/cc/files_to_send/FILE2
1665054634.425459 -- INFO: starting 26, 35, /home/cc/files_to_send/FILE2
1665054634.425490 -- INFO: Process 15 get item 28 from queue and executing
1665054634.425607 -- INFO: starting 15, 28, /home/cc/files_to_send/FILE3
1665054634.425763 -- INFO: Process 6 get item 30 from queue and executing
1665054634.425847 -- INFO: Process 20 get item 36 from queue and executing
1665054634.425894 -- INFO: starting 6, 30, /home/cc/files_to_send/FILE0
1665054634.425967 -- INFO: Process 27 get item 48 from queue and executing
1665054634.426038 -- INFO: Process 22 get item 37 from queue and executing
1665054634.426097 -- INFO: starting 20, 36, /home/cc/files_to_send/FILE3
1665054634.426118 -- INFO: Process 18 get item 33 from queue and executing
1665054634.426160 -- INFO: starting 27, 48, /home/cc/files_to_send/FILE3
1665054634.426162 -- INFO: starting 22, 37, /home/cc/files_to_send/FILE1
1665054634.426198 -- INFO: Process 3 get item 40 from queue and executing
1665054634.426232 -- INFO: starting 18, 33, /home/cc/files_to_send/FILE1
1665054634.426289 -- INFO: Process 24 get item 64 from queue and executing
1665054634.426312 -- INFO: starting 3, 40, /home/cc/files_to_send/FILE3
1665054634.426380 -- INFO: Process 25 get item 70 from queue and executing
1665054634.426426 -- INFO: starting 24, 64, /home/cc/files_to_send/FILE3
1665054634.426538 -- INFO: Process 17 get item 76 from queue and executing
1665054634.426677 -- INFO: starting 25, 70, /home/cc/files_to_send/FILE0
1665054634.426780 -- INFO: starting 17, 76, /home/cc/files_to_send/FILE3
1665054634.427617 -- INFO: Process 28 get item 65 from queue and executing
1665054634.427664 -- INFO: Process 29 get item 74 from queue and executing
1665054634.428085 -- INFO: starting 29, 74, /home/cc/files_to_send/FILE0
1665054634.428091 -- INFO: starting 28, 65, /home/cc/files_to_send/FILE1
1665054634.429197 -- INFO: Process 31 get item 75 from queue and executing
1665054634.429497 -- INFO: starting 31, 75, /home/cc/files_to_send/FILE2
1665054634.430017 -- INFO: Process 30 get item 84 from queue and executing
1665054634.430284 -- INFO: starting 30, 84, /home/cc/files_to_send/FILE3
1665054634.474411 -- INFO: Throughput @98.2s:539.85Mbps, rtt :33.82ms cwnd: 73.3 lossRate: 0.0 CC:32 score:-286.0 
1665054635.474310 -- INFO: Throughput @99.2s:7000.73Mbps, rtt :39.15ms cwnd: 994.1 lossRate: 5.236004160877973e-05 CC:32 score:-3711.0 
1665054636.479291 -- INFO: Throughput @100.2s:8682.67Mbps, rtt :54.67ms cwnd: 1415.6 lossRate: 0.0 CC:32 score:-4607.0 
1665054637.480474 -- INFO: Throughput @101.2s:8720.85Mbps, rtt :61.86ms cwnd: 1559.6 lossRate: 0.0 CC:32 score:-4628.0 
1665054637.796690 -- INFO: Iteration 30 Ends, Took 3.41 Seconds. Best Params: [23] and Score: -5589.333333333333.
1665054637.796881 -- INFO: Iteration 31 Starts ...
1665054637.797247 -- INFO: Changing concurrency to 22 ******
1665054637.797400 -- INFO: Process Status Bits from change concurrency are: 1 1 1 1 1 1 1 1 1 1 1 1 1 1 1 1 1 1 1 1 1 1 0 0 0 0 0 0 0 0 0 0
1665054637.797567 -- INFO: Active CC: 22
1665054638.477215 -- INFO: Throughput @102.2s:8066.4Mbps, rtt :34.84ms cwnd: 1204.9 lossRate: 0 CC:22 score:-5218.0 
1665054639.478209 -- INFO: Throughput @103.2s:7307.44Mbps, rtt :34.92ms cwnd: 1256.2 lossRate: 0.0 CC:22 score:-4727.0 
1665054640.479124 -- INFO: Throughput @104.2s:7456.54Mbps, rtt :34.85ms cwnd: 1297.0 lossRate: 0.0 CC:22 score:-4823.0 
1665054641.214161 -- INFO: Iteration 31 Ends, Took 3.42 Seconds. Best Params: [23] and Score: -5589.333333333333.
1665054641.214351 -- INFO: Iteration 32 Starts ...
1665054641.214705 -- INFO: Changing concurrency to 24 ******
1665054641.215553 -- INFO: Start Process :: 22
1665054641.215670 -- INFO: Process Status Bits from change concurrency are: 1 1 1 1 1 1 1 1 1 1 1 1 1 1 1 1 1 1 1 1 1 1 1 1 0 0 0 0 0 0 0 0
1665054641.215725 -- INFO: Start Process :: 23
1665054641.216430 -- INFO: Active CC: 24
1665054641.250471 -- INFO: Process 22 get item 83 from queue and executing
1665054641.250712 -- INFO: starting 22, 83, /home/cc/files_to_send/FILE2
1665054641.251927 -- INFO: Process 23 get item 81 from queue and executing
1665054641.252196 -- INFO: starting 23, 81, /home/cc/files_to_send/FILE1
1665054641.481934 -- INFO: Throughput @105.2s:7600.73Mbps, rtt :34.76ms cwnd: 1265.6 lossRate: 1.379204658646847e-05 CC:24 score:-4724.0 
1665054641.521678 -- INFO: Process 0 finished on working on file 3 
1665054641.522146 -- INFO: Process 0 get item 85 from queue and executing
1665054641.551805 -- INFO: starting 0, 85, /home/cc/files_to_send/FILE1
1665054641.897976 -- INFO: Process 20 finished on working on file 36 
1665054641.898576 -- INFO: Process 20 get item 57 from queue and executing
1665054641.898808 -- INFO: starting 20, 57, /home/cc/files_to_send/FILE1
1665054642.482685 -- INFO: Throughput @106.2s:7775.32Mbps, rtt :35.86ms cwnd: 1216.8 lossRate: 4.447514876937263e-05 CC:24 score:-4831.0 
1665054643.483709 -- INFO: Throughput @107.2s:8000.9Mbps, rtt :35.65ms cwnd: 1250.1 lossRate: 0.0 CC:24 score:-4974.0 
1665054644.486260 -- INFO: Throughput @108.2s:8032.46Mbps, rtt :35.68ms cwnd: 1275.2 lossRate: 0.0 CC:24 score:-4994.0 
1665054644.642206 -- INFO: Iteration 32 Ends, Took 3.43 Seconds. Best Params: [23] and Score: -5589.333333333333.
1665054644.642410 -- INFO: Iteration 33 Starts ...
1665054644.642801 -- INFO: Changing concurrency to 22 ******
1665054644.643480 -- INFO: Process Status Bits from change concurrency are: 1 1 1 1 1 1 1 1 1 1 1 1 1 1 1 1 1 1 1 1 1 1 0 0 0 0 0 0 0 0 0 0
1665054644.644133 -- INFO: Active CC: 22
1665054645.487231 -- INFO: Throughput @109.2s:7803.33Mbps, rtt :35.2ms cwnd: 1355.1 lossRate: 0 CC:22 score:-5047.0 
1665054646.488199 -- INFO: Throughput @110.2s:7705.47Mbps, rtt :34.93ms cwnd: 1372.3 lossRate: 0.0 CC:22 score:-4984.0 
1665054647.490575 -- INFO: Throughput @111.2s:7526.48Mbps, rtt :35.8ms cwnd: 1186.9 lossRate: 0.0035902080195174242 CC:22 score:-4598.0 
1665054647.836943 -- INFO: Process 20 finished on working on file 57 
1665054647.837519 -- INFO: Process 20 get item 55 from queue and executing
1665054647.839357 -- INFO: starting 20, 55, /home/cc/files_to_send/FILE2
1665054648.052496 -- INFO: Iteration 33 Ends, Took 3.41 Seconds. Best Params: [23] and Score: -5589.333333333333.
1665054648.052716 -- INFO: Iteration 34 Starts ...
1665054648.053032 -- INFO: Changing concurrency to 10 ******
1665054648.053788 -- INFO: Process Status Bits from change concurrency are: 1 1 1 1 1 1 1 1 1 1 0 0 0 0 0 0 0 0 0 0 0 0 0 0 0 0 0 0 0 0 0 0
1665054648.054715 -- INFO: Active CC: 10
1665054648.377339 -- INFO: Process 4 finished on working on file 9 
1665054648.377812 -- INFO: Process 4 get item 5 from queue and executing
1665054648.377975 -- INFO: starting 4, 5, /home/cc/files_to_send/FILE1
1665054648.488473 -- INFO: Throughput @112.2s:5710.32Mbps, rtt :34.32ms cwnd: 1276.4 lossRate: 0 CC:10 score:-4684.0 
1665054649.061021 -- INFO: Process 2 finished on working on file 39 
1665054649.061495 -- INFO: Process 2 get item 2 from queue and executing
1665054649.061667 -- INFO: starting 2, 2, /home/cc/files_to_send/FILE0
1665054649.248126 -- INFO: Process 9 finished on working on file 43 
1665054649.248435 -- INFO: Process 9 get item 17 from queue and executing
1665054649.248562 -- INFO: starting 9, 17, /home/cc/files_to_send/FILE1
1665054649.489735 -- INFO: Throughput @113.2s:3508.39Mbps, rtt :34.2ms cwnd: 1313.2 lossRate: 0.0 CC:10 score:-2878.0 
1665054650.009632 -- INFO: Process 1 finished on working on file 6 
1665054650.010074 -- INFO: Process 1 get item 124 from queue and executing
1665054650.010259 -- INFO: starting 1, 124, /home/cc/files_to_send/FILE3
1665054650.490084 -- INFO: Throughput @114.2s:3575.17Mbps, rtt :34.8ms cwnd: 1339.4 lossRate: 0.0 CC:10 score:-2933.0 
1665054651.478392 -- INFO: Iteration 34 Ends, Took 3.43 Seconds. Best Params: [23] and Score: -5589.333333333333.
1665054651.478586 -- INFO: Iteration 35 Starts ...
1665054651.478888 -- INFO: Changing concurrency to 28 ******
1665054651.479893 -- INFO: Start Process :: 11
1665054651.480027 -- INFO: Start Process :: 13
1665054651.480127 -- INFO: Start Process :: 19
1665054651.480197 -- INFO: Process Status Bits from change concurrency are: 1 1 1 1 1 1 1 1 1 1 1 1 1 1 1 1 1 1 1 1 1 1 1 1 1 1 1 1 0 0 0 0
1665054651.480632 -- INFO: Start Process :: 16
1665054651.480696 -- INFO: Start Process :: 22
1665054651.480801 -- INFO: Start Process :: 25
1665054651.480903 -- INFO: Start Process :: 12
1665054651.480971 -- INFO: Active CC: 28
1665054651.481089 -- INFO: Start Process :: 21
1665054651.481254 -- INFO: Start Process :: 20
1665054651.481382 -- INFO: Start Process :: 23
1665054651.481382 -- INFO: Start Process :: 26
1665054651.481446 -- INFO: Start Process :: 27
1665054651.481525 -- INFO: Start Process :: 14
1665054651.481667 -- INFO: Start Process :: 17
1665054651.482336 -- INFO: Start Process :: 18
1665054651.482322 -- INFO: Start Process :: 15
1665054651.482500 -- INFO: Start Process :: 10
1665054651.482666 -- INFO: Start Process :: 24
1665054651.491597 -- INFO: Throughput @115.2s:3633.22Mbps, rtt :34.52ms cwnd: 490.8 lossRate: 0.0 CC:28 score:-2087.0 
1665054651.514073 -- INFO: Process 11 get item 115 from queue and executing
1665054651.514255 -- INFO: starting 11, 115, /home/cc/files_to_send/FILE2
1665054651.514866 -- INFO: Process 13 get item 126 from queue and executing
1665054651.514887 -- INFO: Process 12 get item 123 from queue and executing
1665054651.515017 -- INFO: starting 13, 126, /home/cc/files_to_send/FILE0
1665054651.515057 -- INFO: starting 12, 123, /home/cc/files_to_send/FILE2
1665054651.515182 -- INFO: Process 19 get item 106 from queue and executing
1665054651.515243 -- INFO: Process 21 get item 7 from queue and executing
1665054651.515314 -- INFO: starting 19, 106, /home/cc/files_to_send/FILE0
1665054651.515412 -- INFO: starting 21, 7, /home/cc/files_to_send/FILE2
1665054651.515481 -- INFO: Process 25 get item 120 from queue and executing
1665054651.515623 -- INFO: Process 22 get item 127 from queue and executing
1665054651.515634 -- INFO: starting 25, 120, /home/cc/files_to_send/FILE3
1665054651.515764 -- INFO: Process 23 get item 12 from queue and executing
1665054651.515796 -- INFO: starting 22, 127, /home/cc/files_to_send/FILE2
1665054651.515883 -- INFO: starting 23, 12, /home/cc/files_to_send/FILE3
1665054651.515881 -- INFO: Process 16 get item 16 from queue and executing
1665054651.516166 -- INFO: starting 16, 16, /home/cc/files_to_send/FILE3
1665054651.516289 -- INFO: Process 14 get item 14 from queue and executing
1665054651.516400 -- INFO: Process 20 get item 104 from queue and executing
1665054651.516493 -- INFO: starting 14, 14, /home/cc/files_to_send/FILE0
1665054651.516547 -- INFO: Process 17 get item 11 from queue and executing
1665054651.516608 -- INFO: Process 27 get item 18 from queue and executing
1665054651.516609 -- INFO: starting 20, 104, /home/cc/files_to_send/FILE3
1665054651.516732 -- INFO: starting 27, 18, /home/cc/files_to_send/FILE0
1665054651.516726 -- INFO: starting 17, 11, /home/cc/files_to_send/FILE2
1665054651.516808 -- INFO: Process 26 get item 15 from queue and executing
1665054651.516951 -- INFO: starting 26, 15, /home/cc/files_to_send/FILE2
1665054651.517924 -- INFO: Process 18 get item 113 from queue and executing
1665054651.518007 -- INFO: Process 24 get item 125 from queue and executing
1665054651.518028 -- INFO: Process 10 get item 118 from queue and executing
1665054651.518116 -- INFO: Process 15 get item 10 from queue and executing
1665054651.518394 -- INFO: starting 18, 113, /home/cc/files_to_send/FILE1
1665054651.518466 -- INFO: starting 15, 10, /home/cc/files_to_send/FILE0
1665054651.518473 -- INFO: starting 10, 118, /home/cc/files_to_send/FILE0
1665054651.518475 -- INFO: starting 24, 125, /home/cc/files_to_send/FILE1
1665054652.492837 -- INFO: Throughput @116.2s:6462.61Mbps, rtt :34.88ms cwnd: 978.3 lossRate: 9.706037715422707e-05 CC:28 score:-3706.0 
1665054652.578447 -- INFO: Process 4 finished on working on file 5 
1665054652.578952 -- INFO: Process 4 get item 48 from queue and executing
1665054652.579108 -- INFO: starting 4, 48, /home/cc/files_to_send/FILE3
1665054653.223881 -- INFO: Process 10 finished on working on file 118 
1665054653.224600 -- INFO: Process 10 get item 37 from queue and executing
1665054653.241405 -- INFO: starting 10, 37, /home/cc/files_to_send/FILE1
1665054653.497616 -- INFO: Throughput @117.2s:8532.79Mbps, rtt :49.22ms cwnd: 1423.9 lossRate: 6.665529083036495e-06 CC:28 score:-4900.0 
1665054653.518345 -- INFO: Process 19 finished on working on file 106 
1665054653.519112 -- INFO: Process 19 get item 35 from queue and executing
1665054653.539062 -- INFO: starting 19, 35, /home/cc/files_to_send/FILE2
1665054654.064098 -- INFO: Process 8 finished on working on file 13 
1665054654.064546 -- INFO: Process 8 get item 70 from queue and executing
1665054654.110267 -- INFO: starting 8, 70, /home/cc/files_to_send/FILE0
1665054654.497942 -- INFO: Throughput @118.2s:8609.85Mbps, rtt :36.75ms cwnd: 1029.8 lossRate: 0.0001159515186238601 CC:28 score:-4935.0 
1665054654.892540 -- INFO: Iteration 35 Ends, Took 3.41 Seconds. Best Params: [23] and Score: -5589.333333333333.
1665054654.893422 -- INFO: Iteration 36 Starts ...
1665054654.894166 -- INFO: Changing concurrency to 24 ******
1665054654.894878 -- INFO: Process Status Bits from change concurrency are: 1 1 1 1 1 1 1 1 1 1 1 1 1 1 1 1 1 1 1 1 1 1 1 1 0 0 0 0 0 0 0 0
1665054654.895245 -- INFO: Active CC: 24
1665054655.498522 -- INFO: Throughput @119.2s:7706.01Mbps, rtt :36.89ms cwnd: 1080.8 lossRate: 0 CC:24 score:-4791.0 
1665054655.659215 -- INFO: Process 6 finished on working on file 30 
1665054655.659661 -- INFO: Process 6 get item 75 from queue and executing
1665054655.679695 -- INFO: Process 3 finished on working on file 40 
1665054655.680131 -- INFO: Process 3 get item 74 from queue and executing
1665054655.702494 -- INFO: starting 6, 75, /home/cc/files_to_send/FILE2
1665054655.720373 -- INFO: starting 3, 74, /home/cc/files_to_send/FILE0
1665054655.870461 -- INFO: Process 0 finished on working on file 85 
1665054655.871146 -- INFO: Process 0 get item 84 from queue and executing
1665054655.880922 -- INFO: starting 0, 84, /home/cc/files_to_send/FILE3
1665054656.496770 -- INFO: Throughput @120.2s:7656.82Mbps, rtt :37.07ms cwnd: 1147.4 lossRate: 0.0 CC:24 score:-4760.0 
1665054656.973883 -- INFO: Process 12 finished on working on file 123 
1665054656.974397 -- INFO: Process 12 get item 65 from queue and executing
1665054656.982582 -- INFO: starting 12, 65, /home/cc/files_to_send/FILE1
1665054657.499960 -- INFO: Throughput @121.2s:7939.51Mbps, rtt :36.55ms cwnd: 1203.9 lossRate: 0.0 CC:24 score:-4936.0 
1665054658.048023 -- INFO: Process 20 finished on working on file 104 
1665054658.048557 -- INFO: Process 20 get item 64 from queue and executing
1665054658.048734 -- INFO: starting 20, 64, /home/cc/files_to_send/FILE3
1665054658.316964 -- INFO: Iteration 36 Ends, Took 3.42 Seconds. Best Params: [23] and Score: -5589.333333333333.
1665054658.318367 -- INFO: Iteration 37 Starts ...
1665054658.318951 -- INFO: Changing concurrency to 22 ******
1665054658.319958 -- INFO: Process Status Bits from change concurrency are: 1 1 1 1 1 1 1 1 1 1 1 1 1 1 1 1 1 1 1 1 1 1 0 0 0 0 0 0 0 0 0 0
1665054658.320704 -- INFO: Active CC: 22
1665054658.499203 -- INFO: Throughput @122.2s:7684.4Mbps, rtt :35.27ms cwnd: 1090.7 lossRate: 0.00015955618832539644 CC:22 score:-4958.0 
1665054659.441767 -- INFO: Process 10 finished on working on file 37 
1665054659.442341 -- INFO: Process 10 get item 26 from queue and executing
1665054659.442521 -- INFO: starting 10, 26, /home/cc/files_to_send/FILE0
1665054659.502403 -- INFO: Throughput @123.2s:6992.69Mbps, rtt :34.64ms cwnd: 1141.1 lossRate: 0 CC:22 score:-4523.0 
1665054659.547090 -- INFO: Process 18 finished on working on file 113 
1665054659.547719 -- INFO: Process 18 get item 83 from queue and executing
1665054659.554495 -- INFO: starting 18, 83, /home/cc/files_to_send/FILE2
1665054659.640970 -- INFO: Process 19 finished on working on file 35 
1665054659.641356 -- INFO: Process 19 get item 81 from queue and executing
1665054659.641513 -- INFO: starting 19, 81, /home/cc/files_to_send/FILE1
1665054659.666044 -- INFO: Process 11 finished on working on file 115 
1665054659.666458 -- INFO: Process 11 get item 33 from queue and executing
1665054659.702765 -- INFO: starting 11, 33, /home/cc/files_to_send/FILE1
1665054659.767032 -- INFO: Process 2 finished on working on file 2 
1665054659.767403 -- INFO: Process 2 get item 28 from queue and executing
1665054659.801810 -- INFO: starting 2, 28, /home/cc/files_to_send/FILE3
1665054660.501106 -- INFO: Throughput @124.2s:7093.11Mbps, rtt :36.18ms cwnd: 1184.1 lossRate: 0.0 CC:22 score:-4588.0 
1665054661.501792 -- INFO: Throughput @125.2s:7288.33Mbps, rtt :37.16ms cwnd: 1222.5 lossRate: 0.0 CC:22 score:-4714.0 
1665054661.737754 -- INFO: Iteration 37 Ends, Took 3.42 Seconds. Best Params: [23] and Score: -5589.333333333333.
1665054661.738359 -- INFO: Iteration 38 Starts ...
1665054661.738568 -- INFO: Changing concurrency to 6 ******
1665054661.739675 -- INFO: Process Status Bits from change concurrency are: 1 1 1 1 1 1 0 0 0 0 0 0 0 0 0 0 0 0 0 0 0 0 0 0 0 0 0 0 0 0 0 0
1665054661.740300 -- INFO: Active CC: 6
1665054661.948814 -- INFO: Process 1 finished on working on file 124 
1665054661.949238 -- INFO: Process 1 get item 34 from queue and executing
1665054661.970134 -- INFO: starting 1, 34, /home/cc/files_to_send/FILE0
1665054662.002109 -- INFO: Process 2 finished on working on file 28 
1665054662.002460 -- INFO: Process 2 get item 46 from queue and executing
1665054662.002609 -- INFO: starting 2, 46, /home/cc/files_to_send/FILE0
1665054662.503586 -- INFO: Throughput @126.2s:3660.18Mbps, rtt :34.11ms cwnd: 1448.5 lossRate: 0 CC:6 score:-3250.0 
1665054663.504348 -- INFO: Throughput @127.2s:2358.06Mbps, rtt :34.26ms cwnd: 1464.2 lossRate: 0.0 CC:6 score:-2094.0 
1665054664.504704 -- INFO: Throughput @128.2s:2375.17Mbps, rtt :33.99ms cwnd: 1473.2 lossRate: 0.0 CC:6 score:-2109.0 
1665054665.215881 -- INFO: Iteration 38 Ends, Took 3.48 Seconds. Best Params: [23] and Score: -5589.333333333333.
1665054665.216091 -- INFO: Iteration 39 Starts ...
1665054665.216314 -- INFO: Changing concurrency to 14 ******
1665054665.217284 -- INFO: Start Process :: 9
1665054665.217566 -- INFO: Start Process :: 8
1665054665.217888 -- INFO: Start Process :: 12
1665054665.218083 -- INFO: Start Process :: 11
1665054665.218171 -- INFO: Start Process :: 13
1665054665.218115 -- INFO: Start Process :: 10
1665054665.218701 -- INFO: Process Status Bits from change concurrency are: 1 1 1 1 1 1 1 1 1 1 1 1 1 1 0 0 0 0 0 0 0 0 0 0 0 0 0 0 0 0 0 0
1665054665.219435 -- INFO: Start Process :: 7
1665054665.220102 -- INFO: Active CC: 14
1665054665.219383 -- INFO: Start Process :: 6
1665054665.251284 -- INFO: Process 8 get item 76 from queue and executing
1665054665.251492 -- INFO: starting 8, 76, /home/cc/files_to_send/FILE3
1665054665.252007 -- INFO: Process 9 get item 4 from queue and executing
1665054665.252161 -- INFO: Process 11 get item 47 from queue and executing
1665054665.252202 -- INFO: starting 9, 4, /home/cc/files_to_send/FILE3
1665054665.252284 -- INFO: Process 13 get item 41 from queue and executing
1665054665.252324 -- INFO: starting 11, 47, /home/cc/files_to_send/FILE2
1665054665.252474 -- INFO: starting 13, 41, /home/cc/files_to_send/FILE1
1665054665.252823 -- INFO: Process 12 get item 44 from queue and executing
1665054665.253002 -- INFO: starting 12, 44, /home/cc/files_to_send/FILE3
1665054665.253134 -- INFO: Process 10 get item 55 from queue and executing
1665054665.253443 -- INFO: starting 10, 55, /home/cc/files_to_send/FILE2
1665054665.253951 -- INFO: Process 6 get item 38 from queue and executing
1665054665.254510 -- INFO: starting 6, 38, /home/cc/files_to_send/FILE0
1665054665.254505 -- INFO: Process 7 get item 45 from queue and executing
1665054665.255007 -- INFO: starting 7, 45, /home/cc/files_to_send/FILE1
1665054665.444473 -- INFO: Process 3 finished on working on file 74 
1665054665.444843 -- INFO: Process 3 get item 125 from queue and executing
1665054665.491205 -- INFO: starting 3, 125, /home/cc/files_to_send/FILE1
1665054665.505692 -- INFO: Throughput @129.2s:2499.36Mbps, rtt :33.8ms cwnd: 715.6 lossRate: 9.44849154832431e-06 CC:14 score:-1894.0 
1665054666.103003 -- INFO: Process 2 finished on working on file 46 
1665054666.103442 -- INFO: Process 2 get item 120 from queue and executing
1665054666.103591 -- INFO: starting 2, 120, /home/cc/files_to_send/FILE3
1665054666.506421 -- INFO: Throughput @130.2s:3293.21Mbps, rtt :34.03ms cwnd: 930.4 lossRate: 6.497796164134331e-05 CC:14 score:-2494.0 
1665054666.647376 -- INFO: Process 9 finished on working on file 4 
1665054666.647851 -- INFO: Process 9 get item 18 from queue and executing
1665054666.688814 -- INFO: Process 8 finished on working on file 76 
1665054666.689188 -- INFO: Process 8 get item 15 from queue and executing
1665054666.712174 -- INFO: starting 9, 18, /home/cc/files_to_send/FILE0
1665054666.722019 -- INFO: starting 8, 15, /home/cc/files_to_send/FILE2
1665054667.302456 -- INFO: Process 4 finished on working on file 48 
1665054667.302811 -- INFO: Process 4 get item 127 from queue and executing
1665054667.302950 -- INFO: starting 4, 127, /home/cc/files_to_send/FILE2
1665054667.400720 -- INFO: Process 11 finished on working on file 47 
1665054667.401110 -- INFO: Process 11 get item 12 from queue and executing
1665054667.429430 -- INFO: starting 11, 12, /home/cc/files_to_send/FILE3
1665054667.509105 -- INFO: Throughput @131.2s:4736.11Mbps, rtt :34.35ms cwnd: 1475.4 lossRate: 0.0 CC:14 score:-3589.0 
1665054667.881378 -- INFO: Process 0 finished on working on file 84 
1665054667.881802 -- INFO: Process 0 get item 81 from queue and executing
1665054667.884497 -- INFO: starting 0, 81, /home/cc/files_to_send/FILE1
1665054668.508989 -- INFO: Throughput @132.2s:5313.64Mbps, rtt :34.28ms cwnd: 1541.1 lossRate: 0.0 CC:14 score:-4027.0 
1665054668.621366 -- INFO: Iteration 39 Ends, Took 3.41 Seconds. Best Params: [23] and Score: -5589.333333333333.
1665054668.621529 -- INFO: Iteration 40 Starts ...
1665054668.621736 -- INFO: Changing concurrency to 30 ******
1665054668.622720 -- INFO: Process Status Bits from change concurrency are: 1 1 1 1 1 1 1 1 1 1 1 1 1 1 1 1 1 1 1 1 1 1 1 1 1 1 1 1 1 1 0 0
1665054668.622875 -- INFO: Active CC: 30
1665054668.623080 -- INFO: Start Process :: 27
1665054668.623197 -- INFO: Start Process :: 19
1665054668.623338 -- INFO: Start Process :: 25
1665054668.623408 -- INFO: Start Process :: 15
1665054668.623512 -- INFO: Start Process :: 28
1665054668.623629 -- INFO: Start Process :: 21
1665054668.623623 -- INFO: Start Process :: 29
1665054668.623740 -- INFO: Start Process :: 18
1665054668.623893 -- INFO: Start Process :: 24
1665054668.624057 -- INFO: Start Process :: 16
1665054668.624104 -- INFO: Start Process :: 26
1665054668.624022 -- INFO: Start Process :: 23
1665054668.624264 -- INFO: Start Process :: 22
1665054668.624412 -- INFO: Start Process :: 17
1665054668.624542 -- INFO: Start Process :: 20
1665054668.624715 -- INFO: Start Process :: 14
1665054668.656940 -- INFO: Process 27 get item 14 from queue and executing
1665054668.657088 -- INFO: Process 19 get item 26 from queue and executing
1665054668.657195 -- INFO: starting 27, 14, /home/cc/files_to_send/FILE0
1665054668.657262 -- INFO: Process 25 get item 70 from queue and executing
1665054668.657297 -- INFO: starting 19, 26, /home/cc/files_to_send/FILE0
1665054668.657489 -- INFO: starting 25, 70, /home/cc/files_to_send/FILE0
1665054668.657491 -- INFO: Process 28 get item 64 from queue and executing
1665054668.657527 -- INFO: Process 21 get item 11 from queue and executing
1665054668.657726 -- INFO: starting 28, 64, /home/cc/files_to_send/FILE3
1665054668.657762 -- INFO: starting 21, 11, /home/cc/files_to_send/FILE2
1665054668.658244 -- INFO: Process 22 get item 16 from queue and executing
1665054668.658352 -- INFO: Process 29 get item 7 from queue and executing
1665054668.658398 -- INFO: starting 22, 16, /home/cc/files_to_send/FILE3
1665054668.658413 -- INFO: Process 15 get item 10 from queue and executing
1665054668.658459 -- INFO: Process 16 get item 17 from queue and executing
1665054668.658592 -- INFO: starting 15, 10, /home/cc/files_to_send/FILE0
1665054668.658711 -- INFO: starting 29, 7, /home/cc/files_to_send/FILE2
1665054668.658802 -- INFO: starting 16, 17, /home/cc/files_to_send/FILE1
1665054668.659170 -- INFO: Process 24 get item 33 from queue and executing
1665054668.659317 -- INFO: Process 26 get item 75 from queue and executing
1665054668.659354 -- INFO: Process 18 get item 83 from queue and executing
1665054668.659359 -- INFO: starting 24, 33, /home/cc/files_to_send/FILE1
1665054668.659419 -- INFO: Process 17 get item 42 from queue and executing
1665054668.659490 -- INFO: starting 26, 75, /home/cc/files_to_send/FILE2
1665054668.659529 -- INFO: starting 18, 83, /home/cc/files_to_send/FILE2
1665054668.659585 -- INFO: Process 23 get item 65 from queue and executing
1665054668.659639 -- INFO: starting 17, 42, /home/cc/files_to_send/FILE0
1665054668.659675 -- INFO: Process 20 get item 126 from queue and executing
1665054668.659904 -- INFO: starting 20, 126, /home/cc/files_to_send/FILE0
1665054668.659937 -- INFO: starting 23, 65, /home/cc/files_to_send/FILE1
1665054668.888933 -- INFO: Process 3 finished on working on file 125 
1665054669.003328 -- INFO: Process 4 finished on working on file 127 
1665054669.510888 -- INFO: Throughput @133.2s:5867.62Mbps, rtt :34.0ms cwnd: 838.0 lossRate: 0 CC:30 score:-3239.0 
1665054669.767020 -- INFO: Process 16 finished on working on file 17 
1665054670.329699 -- INFO: Process 11 finished on working on file 12 
1665054670.514429 -- INFO: Throughput @134.2s:6685.23Mbps, rtt :35.03ms cwnd: 1049.4 lossRate: 2.4687152065450576e-05 CC:30 score:-3689.0 
1665054671.514156 -- INFO: Throughput @135.2s:7935.18Mbps, rtt :35.53ms cwnd: 1294.4 lossRate: 0.0 CC:30 score:-4381.0 
1665054671.874532 -- INFO: Process 27 finished on working on file 14 
1665054672.030471 -- INFO: Iteration 40 Ends, Took 3.41 Seconds. Best Params: [23] and Score: -5589.333333333333.
1665054672.031206 -- INFO: Iteration 41 Starts ...
1665054672.031609 -- INFO: Changing concurrency to 25 ******
1665054672.032041 -- INFO: Process Status Bits from change concurrency are: 1 1 1 1 1 1 1 1 1 1 1 1 1 1 1 1 1 1 1 1 1 1 1 1 1 0 0 0 0 0 0 0
1665054672.032348 -- INFO: Active CC: 25
1665054672.038353 -- INFO: Start Process :: 4
1665054672.038394 -- INFO: Start Process :: 3
1665054672.038489 -- INFO: Start Process :: 14
1665054672.038584 -- INFO: Start Process :: 11
1665054672.038687 -- INFO: Start Process :: 16
1665054672.074417 -- INFO: Process 3 get item 7 from queue and executing
1665054672.074633 -- INFO: Process 14 get item 75 from queue and executing
1665054672.074764 -- INFO: starting 3, 7, /home/cc/files_to_send/FILE2
1665054672.075119 -- INFO: starting 14, 75, /home/cc/files_to_send/FILE2
1665054672.090382 -- INFO: Start Process :: 4
1665054672.090441 -- INFO: Start Process :: 11
1665054672.090545 -- INFO: Start Process :: 16
1665054672.124326 -- INFO: Process 4 get item 64 from queue and executing
1665054672.124495 -- INFO: starting 4, 64, /home/cc/files_to_send/FILE3
1665054672.124566 -- INFO: Process 11 get item 70 from queue and executing
1665054672.124726 -- INFO: starting 11, 70, /home/cc/files_to_send/FILE0
1665054672.510208 -- INFO: Process 8 finished on working on file 15 
1665054672.515712 -- INFO: Throughput @136.2s:7555.64Mbps, rtt :34.98ms cwnd: 1198.4 lossRate: 0.00015744777162200727 CC:25 score:-4593.0 
1665054672.670403 -- INFO: Process 1 finished on working on file 34 
1665054673.337038 -- INFO: Process 3 finished on working on file 7 
1665054673.399495 -- INFO: Process 14 finished on working on file 75 
1665054673.514595 -- INFO: Throughput @137.2s:6968.7Mbps, rtt :34.95ms cwnd: 1018.8 lossRate: 0 CC:25 score:-4248.0 
1665054674.517472 -- INFO: Throughput @138.2s:6266.16Mbps, rtt :34.8ms cwnd: 1196.7 lossRate: 6.16193158665763e-05 CC:25 score:-3816.0 
1665054674.584592 -- INFO: Process 0 finished on working on file 81 
1665054674.868222 -- INFO: Process 12 finished on working on file 44 
1665054674.989440 -- INFO: Process 2 finished on working on file 120 
1665054675.354846 -- INFO: Process 6 finished on working on file 38 
1665054675.445764 -- INFO: Iteration 41 Ends, Took 3.41 Seconds. Best Params: [23] and Score: -5589.333333333333.
1665054675.446510 -- INFO: Iteration 42 Starts ...
1665054675.446906 -- INFO: Changing concurrency to 18 ******
1665054675.447655 -- INFO: Process Status Bits from change concurrency are: 1 1 1 1 1 1 1 1 1 1 1 1 1 1 1 1 1 1 0 0 0 0 0 0 0 0 0 0 0 0 0 0
1665054675.448218 -- INFO: Active CC: 18
1665054675.449788 -- INFO: Start Process :: 8
1665054675.449941 -- INFO: Start Process :: 2
1665054675.449977 -- INFO: Start Process :: 6
1665054675.449929 -- INFO: Start Process :: 16
1665054675.450043 -- INFO: Start Process :: 3
1665054675.450194 -- INFO: Start Process :: 12
1665054675.450242 -- INFO: Start Process :: 1
1665054675.450282 -- INFO: Start Process :: 0
1665054675.450577 -- INFO: Start Process :: 14
1665054675.484146 -- INFO: Process 0 get item 33 from queue and executing
1665054675.484411 -- INFO: starting 0, 33, /home/cc/files_to_send/FILE1
1665054675.484537 -- INFO: Process 8 get item 83 from queue and executing
1665054675.484795 -- INFO: starting 8, 83, /home/cc/files_to_send/FILE2
1665054675.485151 -- INFO: Process 14 get item 26 from queue and executing
1665054675.485299 -- INFO: Process 6 get item 16 from queue and executing
1665054675.485484 -- INFO: starting 14, 26, /home/cc/files_to_send/FILE0
1665054675.485509 -- INFO: Process 3 get item 11 from queue and executing
1665054675.485560 -- INFO: starting 6, 16, /home/cc/files_to_send/FILE3
1665054675.485682 -- INFO: starting 3, 11, /home/cc/files_to_send/FILE2
1665054675.485796 -- INFO: Process 2 get item 65 from queue and executing
1665054675.486101 -- INFO: starting 2, 65, /home/cc/files_to_send/FILE1
1665054675.504975 -- INFO: Process 12 get item 126 from queue and executing
1665054675.505132 -- INFO: starting 12, 126, /home/cc/files_to_send/FILE0
1665054675.516425 -- INFO: Throughput @139.2s:5449.27Mbps, rtt :34.06ms cwnd: 615.5 lossRate: 0 CC:18 score:-3815.0 
1665054675.858837 -- INFO: Process 6 finished on working on file 16 
1665054676.102084 -- INFO: Process 13 finished on working on file 41 
1665054676.266991 -- INFO: Process 12 finished on working on file 126 
1665054676.517274 -- INFO: Throughput @140.2s:4353.39Mbps, rtt :34.36ms cwnd: 1071.9 lossRate: 0 CC:18 score:-3048.0 
1665054676.833982 -- INFO: Process 5 finished on working on file 8 
1665054677.514009 -- INFO: Process 2 finished on working on file 65 
1665054677.518614 -- INFO: Throughput @141.2s:3977.07Mbps, rtt :34.11ms cwnd: 1115.0 lossRate: 0 CC:18 score:-2785.0 
1665054678.105389 -- INFO: Process 7 finished on working on file 45 
1665054678.520996 -- INFO: Throughput @142.2s:3349.33Mbps, rtt :34.22ms cwnd: 985.5 lossRate: 0 CC:18 score:-2345.0 
1665054678.766021 -- INFO: Process 14 finished on working on file 26 
1665054678.866206 -- INFO: Iteration 42 Ends, Took 3.42 Seconds. Best Params: [23] and Score: -5589.333333333333.
1665054678.866359 -- INFO: Iteration 43 Starts ...
1665054678.866983 -- INFO: Changing concurrency to 23 ******
1665054678.868464 -- INFO: Process Status Bits from change concurrency are: 1 1 1 1 1 1 1 1 1 1 1 1 1 1 1 1 1 1 1 1 1 1 1 0 0 0 0 0 0 0 0 0
1665054678.869270 -- INFO: Active CC: 23
1665054679.520880 -- INFO: Throughput @143.2s:2969.62Mbps, rtt :34.31ms cwnd: 1040.8 lossRate: 0 CC:23 score:-1883.0 
1665054680.410073 -- INFO: Process 17 finished on working on file 42 
1665054680.524997 -- INFO: Throughput @144.2s:3110.93Mbps, rtt :34.11ms cwnd: 1144.0 lossRate: 0 CC:23 score:-1973.0 
1665054680.604221 -- INFO: Process 9 finished on working on file 18 
1665054681.458761 -- INFO: Process 11 finished on working on file 70 
1665054681.526765 -- INFO: Throughput @145.2s:2463.66Mbps, rtt :34.13ms cwnd: 981.0 lossRate: 0 CC:23 score:-1562.0 
1665054682.259456 -- INFO: Iteration 43 Ends, Took 3.39 Seconds. Best Params: [23] and Score: -5589.333333333333.
1665054682.259727 -- INFO: Iteration 44 Starts ...
1665054682.259973 -- INFO: Changing concurrency to 26 ******
1665054682.260731 -- INFO: Process Status Bits from change concurrency are: 1 1 1 1 1 1 1 1 1 1 1 1 1 1 1 1 1 1 1 1 1 1 1 1 1 1 0 0 0 0 0 0
1665054682.261254 -- INFO: Active CC: 26
1665054682.531026 -- INFO: Throughput @146.2s:2014.4Mbps, rtt :34.59ms cwnd: 1065.6 lossRate: 0.0 CC:26 score:-1204.0 
1665054683.339334 -- INFO: Process 0 finished on working on file 33 
1665054683.528180 -- INFO: Throughput @147.2s:2032.6Mbps, rtt :34.49ms cwnd: 1093.3 lossRate: 0 CC:26 score:-1215.0 
1665054683.714377 -- INFO: Process 3 finished on working on file 11 
1665054684.530557 -- INFO: Throughput @148.2s:1364.02Mbps, rtt :34.32ms cwnd: 939.0 lossRate: 0 CC:26 score:-815.0 
1665054685.530120 -- INFO: Throughput @149.2s:1296.91Mbps, rtt :35.05ms cwnd: 1018.4 lossRate: 0.0 CC:26 score:-775.0 
1665054685.676362 -- INFO: Iteration 44 Ends, Took 3.42 Seconds. Best Params: [23] and Score: -5589.333333333333.
1665054685.676535 -- INFO: Iteration 45 Starts ...
1665054685.676788 -- INFO: Changing concurrency to 21 ******
1665054685.677356 -- INFO: Process Status Bits from change concurrency are: 1 1 1 1 1 1 1 1 1 1 1 1 1 1 1 1 1 1 1 1 1 0 0 0 0 0 0 0 0 0 0 0
1665054685.678012 -- INFO: Active CC: 21
1665054686.147750 -- INFO: Process 10 finished on working on file 55 
1665054686.532164 -- INFO: Throughput @150.2s:1144.86Mbps, rtt :34.52ms cwnd: 807.2 lossRate: 0 CC:21 score:-755.0 
1665054687.528588 -- INFO: Throughput @151.2s:866.45Mbps, rtt :34.17ms cwnd: 841.8 lossRate: 0.0 CC:21 score:-572.0 
1665054688.529382 -- INFO: Process 15 finished on working on file 10 
1665054688.529825 -- INFO: Throughput @152.2s:925.17Mbps, rtt :34.34ms cwnd: 885.5 lossRate: 0.0 CC:21 score:-610.0 
1665054689.145977 -- INFO: Iteration 45 Ends, Took 3.47 Seconds. Best Params: [23] and Score: -5589.333333333333.
1665054689.146127 -- INFO: Iteration 46 Starts ...
1665054689.146358 -- INFO: Changing concurrency to 29 ******
1665054689.147183 -- INFO: Process Status Bits from change concurrency are: 1 1 1 1 1 1 1 1 1 1 1 1 1 1 1 1 1 1 1 1 1 1 1 1 1 1 1 1 1 0 0 0
1665054689.147610 -- INFO: Active CC: 29
1665054689.531895 -- INFO: Throughput @153.2s:500.33Mbps, rtt :34.2ms cwnd: 525.0 lossRate: 0 CC:29 score:-282.0 
1665054690.535125 -- INFO: Throughput @154.2s:558.06Mbps, rtt :34.51ms cwnd: 611.0 lossRate: 0.0 CC:29 score:-314.0 
1665054691.533706 -- INFO: Throughput @155.2s:658.39Mbps, rtt :34.27ms cwnd: 715.0 lossRate: 0.0 CC:29 score:-371.0 
1665054692.537487 -- INFO: Throughput @156.2s:758.06Mbps, rtt :34.17ms cwnd: 838.7 lossRate: 0.0 CC:29 score:-427.0 
1665054692.614125 -- INFO: Iteration 46 Ends, Took 3.47 Seconds. Best Params: [23] and Score: -5589.333333333333.
1665054692.614359 -- INFO: Iteration 47 Starts ...
1665054692.614566 -- INFO: Changing concurrency to 31 ******
1665054692.615100 -- INFO: Process Status Bits from change concurrency are: 1 1 1 1 1 1 1 1 1 1 1 1 1 1 1 1 1 1 1 1 1 1 1 1 1 1 1 1 1 1 1 0
1665054692.615285 -- INFO: Active CC: 31
1665054692.671270 -- INFO: Process 8 finished on working on file 83 
1665054693.540301 -- INFO: Throughput @157.2s:575.17Mbps, rtt :34.66ms cwnd: 965.0 lossRate: 0 CC:31 score:-311.0 
1665054694.540189 -- INFO: Throughput @158.2s:500.0Mbps, rtt :35.02ms cwnd: 1096.0 lossRate: 0.0 CC:31 score:-271.0 
1665054695.547709 -- INFO: Throughput @159.2s:500.0Mbps, rtt :35.37ms cwnd: 1096.0 lossRate: 0.0 CC:31 score:-271.0 
1665054695.960004 -- INFO: Process 4 finished on working on file 64 
1665054695.960166 -- INFO: Process 8 shutdown itself from outest loop
1665054695.960336 -- INFO: Process 4 shutdown itself from outest loop
1665054695.960407 -- INFO: Process Status Bits are: 1 1 1 1 0 1 1 1 0 0 1 1 1 1 1 1 1 1 1 1 1 1 1 1 1 1 1 1 1 1 1 0
1665054695.960413 -- INFO: Process Status Bits are: 1 1 1 1 0 1 1 1 0 0 1 1 1 1 1 1 1 1 1 1 1 1 1 1 1 1 1 1 1 1 1 0
1665054695.960200 -- INFO: Process 31 shutdown itself from outest loop
1665054695.960307 -- INFO: Process 9 shutdown itself from outest loop
1665054695.960511 -- INFO: Process 15 shutdown itself from outest loop
1665054695.960574 -- INFO: Process 0 shutdown itself from outest loop
1665054695.960680 -- INFO: Process Status Bits are: 0 1 1 1 0 1 1 1 0 0 1 1 1 1 1 0 1 1 1 1 1 1 1 1 1 1 1 1 1 1 0 0
1665054695.960633 -- INFO: Process Status Bits are: 0 1 1 1 0 1 1 1 0 0 1 1 1 1 1 0 1 1 1 1 1 1 1 1 1 1 1 1 1 1 1 0
1665054695.960804 -- INFO: Process Status Bits are: 0 1 1 1 0 1 0 1 0 0 1 1 1 1 1 0 1 1 1 1 1 1 1 1 1 1 1 1 1 1 0 0
1665054695.960756 -- INFO: Process 30 shutdown itself from outest loop
1665054695.960823 -- INFO: Process 6 shutdown itself from outest loop
1665054695.960940 -- INFO: Process 26 shutdown itself from outest loop
1665054695.960953 -- INFO: Process Status Bits are: 0 1 1 0 0 1 0 1 0 0 1 1 1 1 1 0 1 1 1 1 1 1 1 1 1 1 0 1 1 1 0 0
1665054695.960964 -- INFO: Process 3 shutdown itself from outest loop
1665054695.961080 -- INFO: Process Status Bits are: 0 1 1 0 0 1 0 1 0 0 1 1 1 1 1 0 1 1 1 1 1 1 1 1 1 1 0 1 1 1 0 0
1665054695.961135 -- INFO: Process Status Bits are: 0 1 1 0 0 1 0 1 0 0 0 1 1 1 1 0 1 1 1 1 1 1 1 1 1 1 0 1 1 1 0 0
1665054695.961160 -- INFO: Process Status Bits are: 0 1 1 0 0 1 0 1 0 0 0 1 1 1 1 0 1 1 1 1 1 1 1 1 1 1 0 1 1 1 0 0
1665054695.961250 -- INFO: Process Status Bits are: 0 1 1 0 0 1 0 1 0 0 0 1 1 1 1 0 1 1 1 1 1 1 1 1 1 1 0 1 1 1 0 0
1665054695.961187 -- INFO: Process 10 shutdown itself from outest loop
1665054695.961328 -- INFO: Process 22 shutdown itself from outest loop
1665054695.961503 -- INFO: Process Status Bits are: 0 1 1 0 0 1 0 1 0 0 0 1 1 1 1 0 1 1 1 1 1 1 0 1 0 1 0 1 1 1 0 0
1665054695.961465 -- INFO: Process 24 shutdown itself from outest loop
1665054695.961599 -- INFO: Process Status Bits are: 0 1 1 0 0 1 0 1 0 0 0 1 1 1 1 0 1 1 1 1 1 1 0 1 0 1 0 1 1 1 0 0
1665054695.961746 -- INFO: Process Status Bits are: 0 1 1 0 0 1 0 1 0 0 0 1 1 1 1 0 1 1 1 1 1 1 0 1 0 1 0 1 1 1 0 0
1665054695.962004 -- INFO: Process 19 shutdown itself from outest loop
1665054695.962184 -- INFO: Process 11 shutdown itself from outest loop
1665054695.962243 -- INFO: Process Status Bits are: 0 1 1 0 0 1 0 1 0 0 0 0 1 1 1 0 1 1 1 0 1 1 0 1 0 1 0 0 1 1 0 0
1665054695.962397 -- INFO: Process Status Bits are: 0 1 0 0 0 1 0 1 0 0 0 0 1 0 1 0 1 1 1 0 1 1 0 1 0 1 0 0 1 1 0 0
1665054695.962348 -- INFO: Process 13 shutdown itself from outest loop
1665054695.962424 -- INFO: Process 2 shutdown itself from outest loop
1665054695.962545 -- INFO: Process 12 shutdown itself from outest loop
1665054695.962750 -- INFO: Process Status Bits are: 0 1 0 0 0 1 0 1 0 0 0 0 0 0 1 0 1 1 0 0 1 1 0 1 0 1 0 0 1 1 0 0
1665054695.962787 -- INFO: Process Status Bits are: 0 1 0 0 0 1 0 1 0 0 0 0 0 0 1 0 1 1 0 0 1 1 0 1 0 1 0 0 1 1 0 0
1665054695.962778 -- INFO: Process Status Bits are: 0 1 0 0 0 1 0 1 0 0 0 0 0 0 1 0 1 1 0 0 1 1 0 1 0 1 0 0 1 1 0 0
1665054695.962829 -- INFO: Process 18 shutdown itself from outest loop
1665054695.963027 -- INFO: Process 28 shutdown itself from outest loop
1665054695.963132 -- INFO: Process Status Bits are: 0 0 0 0 0 1 0 1 0 0 0 0 0 0 1 0 1 1 0 0 1 1 0 1 0 1 0 0 0 1 0 0
1665054695.962603 -- INFO: Process 27 shutdown itself from outest loop
1665054695.963280 -- INFO: Process Status Bits are: 0 0 0 0 0 1 0 1 0 0 0 0 0 0 1 0 1 1 0 0 1 1 0 1 0 1 0 0 0 0 0 0
1665054695.963178 -- INFO: Process 1 shutdown itself from outest loop
1665054695.963254 -- INFO: Process 29 shutdown itself from outest loop
1665054695.963356 -- INFO: Process Status Bits are: 0 0 0 0 0 1 0 1 0 0 0 0 0 0 0 0 1 1 0 0 1 1 0 1 0 1 0 0 0 0 0 0
1665054695.963333 -- INFO: Process 14 shutdown itself from outest loop
1665054695.963450 -- INFO: Process Status Bits are: 0 0 0 0 0 0 0 0 0 0 0 0 0 0 0 0 1 1 0 0 1 1 0 1 0 1 0 0 0 0 0 0
1665054695.963470 -- INFO: Process Status Bits are: 0 0 0 0 0 0 0 0 0 0 0 0 0 0 0 0 1 1 0 0 1 1 0 1 0 1 0 0 0 0 0 0
1665054695.963391 -- INFO: Process 5 shutdown itself from outest loop
1665054695.963501 -- INFO: Process Status Bits are: 0 0 0 0 0 0 0 0 0 0 0 0 0 0 0 0 1 1 0 0 1 1 0 1 0 1 0 0 0 0 0 0
1665054695.963457 -- INFO: Process 7 shutdown itself from outest loop
1665054695.963561 -- INFO: Process 17 shutdown itself from outest loop
1665054695.963683 -- INFO: Process Status Bits are: 0 0 0 0 0 0 0 0 0 0 0 0 0 0 0 0 1 0 0 0 1 1 0 1 0 1 0 0 0 0 0 0
1665054695.963682 -- INFO: Process Status Bits are: 0 0 0 0 0 0 0 0 0 0 0 0 0 0 0 0 1 0 0 0 1 1 0 1 0 1 0 0 0 0 0 0
1665054695.963706 -- INFO: Process Status Bits are: 0 0 0 0 0 0 0 0 0 0 0 0 0 0 0 0 1 0 0 0 1 1 0 1 0 1 0 0 0 0 0 0
1665054695.963814 -- INFO: Process 20 shutdown itself from outest loop
1665054695.964036 -- INFO: Process Status Bits are: 0 0 0 0 0 0 0 0 0 0 0 0 0 0 0 0 1 0 0 0 0 0 0 1 0 1 0 0 0 0 0 0
1665054695.963995 -- INFO: Process 21 shutdown itself from outest loop
1665054695.964165 -- INFO: Process 23 shutdown itself from outest loop
1665054695.964271 -- INFO: Process Status Bits are: 0 0 0 0 0 0 0 0 0 0 0 0 0 0 0 0 1 0 0 0 0 0 0 0 0 1 0 0 0 0 0 0
1665054695.964412 -- INFO: Process Status Bits are: 0 0 0 0 0 0 0 0 0 0 0 0 0 0 0 0 1 0 0 0 0 0 0 0 0 0 0 0 0 0 0 0
1665054695.964405 -- INFO: Process 25 shutdown itself from outest loop
1665054695.964667 -- INFO: Process Status Bits are: 0 0 0 0 0 0 0 0 0 0 0 0 0 0 0 0 1 0 0 0 0 0 0 0 0 0 0 0 0 0 0 0
1665054696.107261 -- INFO: Iteration 47 Ends, Took 3.49 Seconds. Best Params: [23] and Score: -5589.333333333333.
1665054696.107453 -- INFO: Iteration 48 Starts ...
1665054696.348045 -- INFO: Iteration 48 Ends, Took 0.24 Seconds. Best Params: [23] and Score: -5589.333333333333.
1665054696.348125 -- INFO: Bayseian Optimizer Exits ...
1665054696.425837 -- INFO: Process 16 shutdown itself 
1665054696.426042 -- INFO: Process 16 failed to get item 17 from queue
1665054696.426247 -- INFO: Process 16 shutdown itself from outest loop
1665054696.426363 -- INFO: Process Status Bits are: 0 0 0 0 0 0 0 0 0 0 0 0 0 0 0 0 0 0 0 0 0 0 0 0 0 0 0 0 0 0 0 0
1665054696.566372 -- INFO: Throughput @0.1s:0.0Mbps, rtt :0.0ms cwnd: 0.0 lossRate: 0 CC:0 score:-0.0 
