1664847418.041794 -- INFO: Changing concurrency to 1 ******
1664847418.044806 -- INFO: Start Process :: 0
1664847418.052682 -- INFO: Process Status Bits from change concurrency are: 1 0 0 0 0 0 0 0 0 0 0 0 0 0 0 0 0 0 0 0 0 0 0 0 0 0 0 0 0 0 0 0
1664847418.063037 -- INFO: Active CC: 1
1664847418.084453 -- INFO: Process 0 get item 0 from queue and executing
1664847418.085299 -- INFO: starting 0, 0, /users/jamilm/files_to_Send/FILE2
1664847418.115762 -- INFO: Throughput @0.1s:8.57Mbps, rtt :38.53ms cwnd: 10.0 lossRate: 0.0 CC:1 score:-8.0 
1664847419.106284 -- INFO: Throughput @1.1s:5.63Mbps, rtt :38.62ms cwnd: 21.0 lossRate: 0.004210526315789474 CC:1 score:-5.0 
1664847420.109089 -- INFO: Throughput @2.1s:6.26Mbps, rtt :39.01ms cwnd: 26.0 lossRate: 0.003656307129798903 CC:1 score:-6.0 
1664847421.111311 -- INFO: Throughput @3.1s:7.26Mbps, rtt :38.63ms cwnd: 19.0 lossRate: 0.007042253521126761 CC:1 score:-7.0 
1664847421.266079 -- INFO: Changing concurrency to 2 ******
1664847421.268603 -- INFO: Start Process :: 1
1664847421.275336 -- INFO: Process Status Bits from change concurrency are: 1 1 0 0 0 0 0 0 0 0 0 0 0 0 0 0 0 0 0 0 0 0 0 0 0 0 0 0 0 0 0 0
1664847421.280307 -- INFO: Active CC: 2
1664847421.308371 -- INFO: Process 1 get item 1 from queue and executing
1664847421.308783 -- INFO: starting 1, 1, /users/jamilm/files_to_Send/FILE1
1664847422.109881 -- INFO: Throughput @4.1s:12.48Mbps, rtt :38.86ms cwnd: 25.5 lossRate: 0.0019646365422396855 CC:2 score:-12.0 
1664847423.110555 -- INFO: Throughput @5.1s:17.72Mbps, rtt :38.6ms cwnd: 32.0 lossRate: 0.0013783597518952446 CC:2 score:-17.0 
1664847424.109752 -- INFO: Throughput @6.1s:20.33Mbps, rtt :38.84ms cwnd: 32.0 lossRate: 0.002357100766057749 CC:2 score:-19.0 
1664847424.481471 -- INFO: Gradient_Fast: -10.0, Gredient_Fast Change: 1.6666666666666667, Theta: 1, Previous CC: 2, Choosen CC: 6
1664847424.481575 -- INFO: Changing concurrency to 6 ******
1664847424.486458 -- INFO: Start Process :: 4
1664847424.486664 -- INFO: Start Process :: 2
1664847424.486802 -- INFO: Start Process :: 3
1664847424.487204 -- INFO: Start Process :: 5
1664847424.488193 -- INFO: Process Status Bits from change concurrency are: 1 1 1 1 1 1 0 0 0 0 0 0 0 0 0 0 0 0 0 0 0 0 0 0 0 0 0 0 0 0 0 0
1664847424.494200 -- INFO: Active CC: 6
1664847424.526555 -- INFO: Process 4 get item 2 from queue and executing
1664847424.526696 -- INFO: Process 2 get item 3 from queue and executing
1664847424.526826 -- INFO: Process 3 get item 4 from queue and executing
1664847424.526939 -- INFO: starting 4, 2, /users/jamilm/files_to_Send/FILE0
1664847424.527311 -- INFO: starting 2, 3, /users/jamilm/files_to_Send/FILE3
1664847424.527453 -- INFO: Process 5 get item 5 from queue and executing
1664847424.527680 -- INFO: starting 3, 4, /users/jamilm/files_to_Send/FILE2
1664847424.527858 -- INFO: starting 5, 5, /users/jamilm/files_to_Send/FILE1
1664847425.112591 -- INFO: Throughput @7.1s:34.35Mbps, rtt :39.07ms cwnd: 24.0 lossRate: 0.00228310502283105 CC:6 score:-30.0 
1664847426.114477 -- INFO: Throughput @8.1s:52.7Mbps, rtt :39.26ms cwnd: 29.0 lossRate: 0.0029485144023588114 CC:6 score:-45.0 
1664847427.114413 -- INFO: Throughput @9.1s:54.4Mbps, rtt :39.26ms cwnd: 28.3 lossRate: 0.0035778175313059034 CC:6 score:-46.0 
1664847427.695449 -- INFO: Gradient_Fast: -6.083333333333334, Gredient_Fast Change: 0.38020833333333337, Theta: 2, Previous CC: 6, Choosen CC: 12
1664847427.695584 -- INFO: Changing concurrency to 12 ******
1664847427.699047 -- INFO: Process Status Bits from change concurrency are: 1 1 1 1 1 1 1 1 1 1 1 1 0 0 0 0 0 0 0 0 0 0 0 0 0 0 0 0 0 0 0 0
1664847427.701775 -- INFO: Start Process :: 9
1664847427.701905 -- INFO: Start Process :: 8
1664847427.702934 -- INFO: Start Process :: 10
1664847427.703290 -- INFO: Start Process :: 11
1664847427.704445 -- INFO: Active CC: 12
1664847427.704070 -- INFO: Start Process :: 6
1664847427.704484 -- INFO: Start Process :: 7
1664847427.741797 -- INFO: Process 8 get item 6 from queue and executing
1664847427.741961 -- INFO: Process 9 get item 7 from queue and executing
1664847427.742335 -- INFO: starting 9, 7, /users/jamilm/files_to_Send/FILE3
1664847427.742330 -- INFO: starting 8, 6, /users/jamilm/files_to_Send/FILE0
1664847427.743210 -- INFO: Process 11 get item 8 from queue and executing
1664847427.743411 -- INFO: Process 10 get item 9 from queue and executing
1664847427.743646 -- INFO: starting 11, 8, /users/jamilm/files_to_Send/FILE2
1664847427.744077 -- INFO: starting 10, 9, /users/jamilm/files_to_Send/FILE1
1664847427.744285 -- INFO: Process 6 get item 10 from queue and executing
1664847427.744667 -- INFO: Process 7 get item 11 from queue and executing
1664847427.744724 -- INFO: starting 6, 10, /users/jamilm/files_to_Send/FILE0
1664847427.745030 -- INFO: starting 7, 11, /users/jamilm/files_to_Send/FILE3
1664847428.113619 -- INFO: Throughput @10.1s:61.32Mbps, rtt :39.52ms cwnd: 22.8 lossRate: 0.0036319612590799033 CC:12 score:-46.0 
1664847429.115030 -- INFO: Throughput @11.1s:107.76Mbps, rtt :39.01ms cwnd: 32.8 lossRate: 0.002249971875351558 CC:12 score:-83.0 
1664847430.115343 -- INFO: Throughput @12.1s:116.91Mbps, rtt :39.16ms cwnd: 30.5 lossRate: 0.0035154680594616313 CC:12 score:-88.0 
1664847430.905634 -- INFO: Gradient_Fast: -5.333333333333332, Gredient_Fast Change: 0.13223140495867766, Theta: 3, Previous CC: 12, Choosen CC: 18
1664847430.905771 -- INFO: Changing concurrency to 18 ******
1664847430.909683 -- INFO: Process Status Bits from change concurrency are: 1 1 1 1 1 1 1 1 1 1 1 1 1 1 1 1 1 1 0 0 0 0 0 0 0 0 0 0 0 0 0 0
1664847430.912005 -- INFO: Active CC: 18
1664847430.911985 -- INFO: Start Process :: 12
1664847430.913743 -- INFO: Start Process :: 17
1664847430.914055 -- INFO: Start Process :: 14
1664847430.914670 -- INFO: Start Process :: 15
1664847430.915935 -- INFO: Start Process :: 13
1664847430.916209 -- INFO: Start Process :: 16
1664847430.951915 -- INFO: Process 12 get item 12 from queue and executing
1664847430.952351 -- INFO: starting 12, 12, /users/jamilm/files_to_Send/FILE2
1664847430.953388 -- INFO: Process 17 get item 13 from queue and executing
1664847430.953699 -- INFO: starting 17, 13, /users/jamilm/files_to_Send/FILE1
1664847430.954054 -- INFO: Process 14 get item 14 from queue and executing
1664847430.954526 -- INFO: starting 14, 14, /users/jamilm/files_to_Send/FILE0
1664847430.954637 -- INFO: Process 15 get item 15 from queue and executing
1664847430.955040 -- INFO: starting 15, 15, /users/jamilm/files_to_Send/FILE3
1664847430.956188 -- INFO: Process 13 get item 16 from queue and executing
1664847430.956466 -- INFO: Process 16 get item 17 from queue and executing
1664847430.956770 -- INFO: starting 13, 16, /users/jamilm/files_to_Send/FILE2
1664847430.956923 -- INFO: starting 16, 17, /users/jamilm/files_to_Send/FILE1
1664847431.115122 -- INFO: Throughput @13.1s:119.23Mbps, rtt :38.84ms cwnd: 24.9 lossRate: 0.002552322613578356 CC:18 score:-80.0 
1664847432.118021 -- INFO: Throughput @14.1s:141.49Mbps, rtt :38.83ms cwnd: 26.7 lossRate: 0.004432084817936908 CC:18 score:-93.0 
1664847433.115876 -- INFO: Throughput @15.1s:153.66Mbps, rtt :39.02ms cwnd: 28.0 lossRate: 0.003653802237953871 CC:18 score:-102.0 
1664847434.113067 -- INFO: Gradient_Fast: -3.2222222222222237, Gredient_Fast Change: 0.04454685099846392, Theta: 4, Previous CC: 18, Choosen CC: 22
1664847434.113233 -- INFO: Changing concurrency to 22 ******
1664847434.114954 -- INFO: Process Status Bits from change concurrency are: 1 1 1 1 1 1 1 1 1 1 1 1 1 1 1 1 1 1 1 1 1 1 0 0 0 0 0 0 0 0 0 0
1664847434.115854 -- INFO: Active CC: 22
1664847434.117937 -- INFO: Start Process :: 20
1664847434.118246 -- INFO: Start Process :: 21
1664847434.118762 -- INFO: Start Process :: 19
1664847434.119679 -- INFO: Throughput @16.1s:153.51Mbps, rtt :39.22ms cwnd: 28.5 lossRate: 0.003167001390390854 CC:18 score:-103.0 
1664847434.119463 -- INFO: Start Process :: 18
1664847434.157851 -- INFO: Process 20 get item 18 from queue and executing
1664847434.157924 -- INFO: Process 21 get item 19 from queue and executing
1664847434.158248 -- INFO: starting 21, 19, /users/jamilm/files_to_Send/FILE3
1664847434.158294 -- INFO: starting 20, 18, /users/jamilm/files_to_Send/FILE0
1664847434.158511 -- INFO: Process 19 get item 20 from queue and executing
1664847434.159129 -- INFO: starting 19, 20, /users/jamilm/files_to_Send/FILE2
1664847434.159512 -- INFO: Process 18 get item 21 from queue and executing
1664847434.159956 -- INFO: starting 18, 21, /users/jamilm/files_to_Send/FILE1
1664847435.120936 -- INFO: Throughput @17.1s:171.9Mbps, rtt :39.26ms cwnd: 27.7 lossRate: 0.0033353345340537657 CC:22 score:-105.0 
1664847436.121831 -- INFO: Throughput @18.1s:212.3Mbps, rtt :39.09ms cwnd: 35.3 lossRate: 0.0020286261692775837 CC:22 score:-133.0 
1664847437.122536 -- INFO: Throughput @19.1s:228.66Mbps, rtt :39.13ms cwnd: 33.5 lossRate: 0.0032530562988614302 CC:22 score:-140.0 
1664847437.316879 -- INFO: Gradient_Fast: -8.583333333333332, Gredient_Fast Change: 0.09363636363636361, Theta: 5, Previous CC: 22, Choosen CC: 32
1664847437.317033 -- INFO: Changing concurrency to 32 ******
1664847437.317582 -- INFO: Process Status Bits from change concurrency are: 1 1 1 1 1 1 1 1 1 1 1 1 1 1 1 1 1 1 1 1 1 1 1 1 1 1 1 1 1 1 1 1
1664847437.317762 -- INFO: Active CC: 32
1664847437.319962 -- INFO: Start Process :: 22
1664847437.320611 -- INFO: Start Process :: 23
1664847437.323089 -- INFO: Start Process :: 31
1664847437.322677 -- INFO: Start Process :: 26
1664847437.323231 -- INFO: Start Process :: 25
1664847437.324609 -- INFO: Start Process :: 24
1664847437.325666 -- INFO: Start Process :: 29
1664847437.326065 -- INFO: Start Process :: 30
1664847437.326848 -- INFO: Start Process :: 28
1664847437.327247 -- INFO: Start Process :: 27
1664847437.359662 -- INFO: Process 22 get item 22 from queue and executing
1664847437.359950 -- INFO: starting 22, 22, /users/jamilm/files_to_Send/FILE0
1664847437.360859 -- INFO: Process 23 get item 23 from queue and executing
1664847437.361159 -- INFO: starting 23, 23, /users/jamilm/files_to_Send/FILE3
1664847437.362564 -- INFO: Process 31 get item 24 from queue and executing
1664847437.362839 -- INFO: starting 31, 24, /users/jamilm/files_to_Send/FILE2
1664847437.362839 -- INFO: Process 26 get item 25 from queue and executing
1664847437.363084 -- INFO: starting 26, 25, /users/jamilm/files_to_Send/FILE1
1664847437.363367 -- INFO: Process 25 get item 26 from queue and executing
1664847437.363724 -- INFO: starting 25, 26, /users/jamilm/files_to_Send/FILE0
1664847437.365264 -- INFO: Process 29 get item 27 from queue and executing
1664847437.365381 -- INFO: Process 24 get item 28 from queue and executing
1664847437.365575 -- INFO: starting 29, 27, /users/jamilm/files_to_Send/FILE3
1664847437.365730 -- INFO: starting 24, 28, /users/jamilm/files_to_Send/FILE2
1664847437.365812 -- INFO: Process 30 get item 29 from queue and executing
1664847437.366102 -- INFO: starting 30, 29, /users/jamilm/files_to_Send/FILE1
1664847437.366974 -- INFO: Process 28 get item 30 from queue and executing
1664847437.367222 -- INFO: starting 28, 30, /users/jamilm/files_to_Send/FILE0
1664847437.367222 -- INFO: Process 27 get item 31 from queue and executing
1664847437.367617 -- INFO: starting 27, 31, /users/jamilm/files_to_Send/FILE3
1664847438.121001 -- INFO: Throughput @20.1s:250.68Mbps, rtt :39.43ms cwnd: 28.9 lossRate: 0.0027203741707631365 CC:32 score:-126.0 
1664847439.124880 -- INFO: Throughput @21.1s:319.48Mbps, rtt :39.04ms cwnd: 32.3 lossRate: 0.0027441545748439966 CC:32 score:-161.0 
1664847440.126399 -- INFO: Throughput @22.1s:327.99Mbps, rtt :38.99ms cwnd: 33.8 lossRate: 0.0023258272544666456 CC:32 score:-166.0 
1664847440.518813 -- INFO: Gradient_Fast: -2.5, Gredient_Fast Change: 0.01984126984126984, Theta: 6, Previous CC: 32, Choosen CC: 32
1664847440.518941 -- INFO: Changing concurrency to 32 ******
1664847440.519098 -- INFO: Process Status Bits from change concurrency are: 1 1 1 1 1 1 1 1 1 1 1 1 1 1 1 1 1 1 1 1 1 1 1 1 1 1 1 1 1 1 1 1
1664847440.519252 -- INFO: Active CC: 32
1664847441.127122 -- INFO: Throughput @23.1s:308.9Mbps, rtt :39.38ms cwnd: 30.2 lossRate: 0.003244793238756414 CC:32 score:-154.0 
1664847442.128000 -- INFO: Throughput @24.1s:293.02Mbps, rtt :39.26ms cwnd: 30.3 lossRate: 0.0028395456726923694 CC:32 score:-147.0 
1664847443.128959 -- INFO: Throughput @25.1s:287.21Mbps, rtt :39.24ms cwnd: 29.4 lossRate: 0.0032711808963035655 CC:32 score:-143.0 
1664847443.720294 -- INFO: Gradient_Fast: -3.0, Gredient_Fast Change: 0.019867549668874173, Theta: 7, Previous CC: 32, Choosen CC: 32
1664847443.720440 -- INFO: Changing concurrency to 32 ******
1664847443.720590 -- INFO: Process Status Bits from change concurrency are: 1 1 1 1 1 1 1 1 1 1 1 1 1 1 1 1 1 1 1 1 1 1 1 1 1 1 1 1 1 1 1 1
1664847443.720744 -- INFO: Active CC: 32
1664847444.130421 -- INFO: Throughput @26.1s:283.71Mbps, rtt :39.33ms cwnd: 30.1 lossRate: 0.002807073826041625 CC:32 score:-143.0 
1664847445.131313 -- INFO: Throughput @27.1s:287.72Mbps, rtt :39.01ms cwnd: 31.3 lossRate: 0.0027202598457166057 CC:32 score:-145.0 
1664847446.132443 -- INFO: Throughput @28.1s:293.47Mbps, rtt :38.95ms cwnd: 30.2 lossRate: 0.00353820465929872 CC:32 score:-145.0 
1664847446.921698 -- INFO: Gradient_Fast: -3.666666666666657, Gredient_Fast Change: 0.02477477477477471, Theta: 8, Previous CC: 32, Choosen CC: 32
1664847446.921835 -- INFO: Changing concurrency to 32 ******
1664847446.921983 -- INFO: Process Status Bits from change concurrency are: 1 1 1 1 1 1 1 1 1 1 1 1 1 1 1 1 1 1 1 1 1 1 1 1 1 1 1 1 1 1 1 1
1664847446.922142 -- INFO: Active CC: 32
1664847447.133420 -- INFO: Throughput @29.1s:296.62Mbps, rtt :39.04ms cwnd: 32.9 lossRate: 0.0022504481824770187 CC:32 score:-151.0 
1664847448.134859 -- INFO: Throughput @30.1s:321.62Mbps, rtt :38.98ms cwnd: 32.5 lossRate: 0.0030986019403150245 CC:32 score:-161.0 
1664847449.135647 -- INFO: Throughput @31.1s:305.47Mbps, rtt :39.18ms cwnd: 32.2 lossRate: 0.0026765799256505576 CC:32 score:-154.0 
1664847450.123206 -- INFO: Gradient_Fast: 11.0, Gredient_Fast Change: 0.07621247113163972, Theta: -1, Previous CC: 32, Choosen CC: 29
1664847450.123373 -- INFO: Changing concurrency to 29 ******
1664847450.123532 -- INFO: Process Status Bits from change concurrency are: 1 1 1 1 1 1 1 1 1 1 1 1 1 1 1 1 1 1 1 1 1 1 1 1 1 1 1 1 1 0 0 0
1664847450.123688 -- INFO: Active CC: 29
1664847450.136792 -- INFO: Throughput @32.1s:305.57Mbps, rtt :39.08ms cwnd: 30.4 lossRate: 0.002939828955406231 CC:32 score:-153.0 
1664847451.138152 -- INFO: Throughput @33.1s:273.68Mbps, rtt :39.2ms cwnd: 31.8 lossRate: 0 CC:29 score:-154.0 
1664847452.139285 -- INFO: Throughput @34.1s:262.34Mbps, rtt :39.14ms cwnd: 29.7 lossRate: 0.0032445886483843727 CC:29 score:-139.0 
1664847453.140453 -- INFO: Throughput @35.1s:247.63Mbps, rtt :39.11ms cwnd: 29.2 lossRate: 0.0035265904923120327 CC:29 score:-131.0 
1664847453.324696 -- INFO: Gradient_Fast: -4.666666666666667, Gredient_Fast Change: 0.030042918454935622, Theta: 1, Previous CC: 29, Choosen CC: 30
1664847453.324854 -- INFO: Changing concurrency to 30 ******
1664847453.325158 -- INFO: Process Status Bits from change concurrency are: 1 1 1 1 1 1 1 1 1 1 1 1 1 1 1 1 1 1 1 1 1 1 1 1 1 1 1 1 1 1 0 0
1664847453.325438 -- INFO: Active CC: 30
1664847453.325468 -- INFO: Start Process :: 29
1664847453.364674 -- INFO: Process 29 get item 29 from queue and executing
1664847453.365082 -- INFO: starting 29, 29, /users/jamilm/files_to_Send/FILE1
1664847454.141357 -- INFO: Throughput @36.1s:265.97Mbps, rtt :39.21ms cwnd: 30.7 lossRate: 0.002626855216496651 CC:30 score:-140.0 
1664847455.142490 -- INFO: Throughput @37.1s:260.38Mbps, rtt :39.15ms cwnd: 28.6 lossRate: 0.003565297768387693 CC:30 score:-134.0 
1664847456.143674 -- INFO: Throughput @38.1s:249.47Mbps, rtt :39.24ms cwnd: 27.9 lossRate: 0.003339982372315257 CC:30 score:-129.0 
1664847456.526509 -- INFO: Gradient_Fast: 7.0, Gredient_Fast Change: 0.04952830188679245, Theta: -1, Previous CC: 30, Choosen CC: 28
1664847456.526664 -- INFO: Changing concurrency to 28 ******
1664847456.526955 -- INFO: Process Status Bits from change concurrency are: 1 1 1 1 1 1 1 1 1 1 1 1 1 1 1 1 1 1 1 1 1 1 1 1 1 1 1 1 0 0 0 0
1664847456.527200 -- INFO: Active CC: 28
1664847457.144583 -- INFO: Throughput @39.1s:253.71Mbps, rtt :38.97ms cwnd: 29.0 lossRate: 0.001053001053001053 CC:28 score:-143.0 
1664847458.145612 -- INFO: Throughput @40.1s:242.85Mbps, rtt :39.17ms cwnd: 30.2 lossRate: 0.0030152196802909928 CC:28 score:-132.0 
1664847459.146566 -- INFO: Throughput @41.1s:244.45Mbps, rtt :39.04ms cwnd: 27.6 lossRate: 0.0035042419771302105 CC:28 score:-132.0 
1664847459.728292 -- INFO: Gradient_Fast: 0.6666666666666572, Gredient_Fast Change: 0.004962779156327472, Theta: -2, Previous CC: 28, Choosen CC: 26
1664847459.728448 -- INFO: Changing concurrency to 26 ******
1664847459.728798 -- INFO: Process Status Bits from change concurrency are: 1 1 1 1 1 1 1 1 1 1 1 1 1 1 1 1 1 1 1 1 1 1 1 1 1 1 0 0 0 0 0 0
1664847459.729159 -- INFO: Active CC: 26
1664847460.148317 -- INFO: Throughput @42.1s:234.07Mbps, rtt :39.34ms cwnd: 32.5 lossRate: 0 CC:26 score:-140.0 
1664847461.148941 -- INFO: Throughput @43.1s:256.77Mbps, rtt :38.85ms cwnd: 33.6 lossRate: 0.0011737089201877935 CC:26 score:-150.0 
1664847462.149786 -- INFO: Throughput @44.1s:251.37Mbps, rtt :39.3ms cwnd: 31.9 lossRate: 0.002882380288238029 CC:26 score:-143.0 
1664847462.930192 -- INFO: Gradient_Fast: 4.333333333333343, Gredient_Fast Change: 0.03194103194103201, Theta: -3, Previous CC: 26, Choosen CC: 23
1664847462.930352 -- INFO: Changing concurrency to 23 ******
1664847462.930865 -- INFO: Process Status Bits from change concurrency are: 1 1 1 1 1 1 1 1 1 1 1 1 1 1 1 1 1 1 1 1 1 1 1 0 0 0 0 0 0 0 0 0
1664847462.931346 -- INFO: Active CC: 23
1664847463.151242 -- INFO: Throughput @45.1s:251.88Mbps, rtt :39.04ms cwnd: 32.6 lossRate: 0.002687051192958073 CC:23 score:-153.0 
1664847464.151078 -- INFO: Throughput @46.1s:212.27Mbps, rtt :39.23ms cwnd: 30.9 lossRate: 0 CC:23 score:-135.0 
1664847465.153729 -- INFO: Throughput @47.1s:201.79Mbps, rtt :39.19ms cwnd: 30.1 lossRate: 0.0030223540145985404 CC:23 score:-122.0 
1664847466.132393 -- INFO: Gradient_Fast: -2.555555555555562, Gredient_Fast Change: 0.017705927636643616, Theta: 1, Previous CC: 23, Choosen CC: 24
1664847466.132566 -- INFO: Changing concurrency to 24 ******
1664847466.133109 -- INFO: Process Status Bits from change concurrency are: 1 1 1 1 1 1 1 1 1 1 1 1 1 1 1 1 1 1 1 1 1 1 1 1 0 0 0 0 0 0 0 0
1664847466.133558 -- INFO: Start Process :: 23
1664847466.133724 -- INFO: Active CC: 24
1664847466.154366 -- INFO: Throughput @48.1s:202.03Mbps, rtt :39.01ms cwnd: 31.3 lossRate: 0.002780615140165702 CC:24 score:-120.0 
1664847466.172992 -- INFO: Process 23 get item 27 from queue and executing
1664847466.173393 -- INFO: starting 23, 27, /users/jamilm/files_to_Send/FILE3
1664847467.155750 -- INFO: Throughput @49.1s:237.68Mbps, rtt :39.0ms cwnd: 34.0 lossRate: 0.002178541367529831 CC:24 score:-143.0 
1664847468.157075 -- INFO: Throughput @50.1s:243.38Mbps, rtt :39.1ms cwnd: 32.8 lossRate: 0.002716873212583413 CC:24 score:-145.0 
1664847469.157108 -- INFO: Throughput @51.1s:227.36Mbps, rtt :39.14ms cwnd: 32.9 lossRate: 0.0026074311788597503 CC:24 score:-135.0 
1664847469.334861 -- INFO: Gradient_Fast: -4.333333333333343, Gredient_Fast Change: 0.0317073170731708, Theta: 2, Previous CC: 24, Choosen CC: 26
1664847469.335026 -- INFO: Changing concurrency to 26 ******
1664847469.335517 -- INFO: Process Status Bits from change concurrency are: 1 1 1 1 1 1 1 1 1 1 1 1 1 1 1 1 1 1 1 1 1 1 1 1 1 1 0 0 0 0 0 0
1664847469.335737 -- INFO: Start Process :: 25
1664847469.336084 -- INFO: Active CC: 26
1664847469.336139 -- INFO: Start Process :: 24
1664847469.374941 -- INFO: Process 25 get item 24 from queue and executing
1664847469.375329 -- INFO: starting 25, 24, /users/jamilm/files_to_Send/FILE2
1664847469.375608 -- INFO: Process 24 get item 29 from queue and executing
1664847469.376048 -- INFO: starting 24, 29, /users/jamilm/files_to_Send/FILE1
1664847470.158171 -- INFO: Throughput @52.1s:256.51Mbps, rtt :39.43ms cwnd: 33.6 lossRate: 0.002532694787253638 CC:26 score:-147.0 
1664847471.159653 -- INFO: Throughput @53.1s:231.54Mbps, rtt :39.12ms cwnd: 28.7 lossRate: 0.004081008008978218 CC:26 score:-129.0 
1664847472.161301 -- INFO: Throughput @54.1s:241.44Mbps, rtt :39.22ms cwnd: 31.4 lossRate: 0.0022041207474844276 CC:26 score:-139.0 
1664847472.537196 -- INFO: Gradient_Fast: 1.3333333333333286, Gredient_Fast Change: 0.009456264775413678, Theta: -1, Previous CC: 26, Choosen CC: 25
1664847472.537369 -- INFO: Changing concurrency to 25 ******
1664847472.537843 -- INFO: Process Status Bits from change concurrency are: 1 1 1 1 1 1 1 1 1 1 1 1 1 1 1 1 1 1 1 1 1 1 1 1 1 0 0 0 0 0 0 0
1664847472.538466 -- INFO: Active CC: 25
1664847473.161772 -- INFO: Throughput @55.1s:235.8Mbps, rtt :39.23ms cwnd: 30.4 lossRate: 0.0031829920124917424 CC:25 score:-136.0 
1664847474.162521 -- INFO: Throughput @56.1s:221.43Mbps, rtt :39.25ms cwnd: 29.2 lossRate: 0.0036492489951343346 CC:25 score:-127.0 
1664847475.163913 -- INFO: Throughput @57.1s:220.6Mbps, rtt :39.08ms cwnd: 31.1 lossRate: 0.0023366912451968013 CC:25 score:-129.0 
1664847475.739585 -- INFO: Gradient_Fast: -7.666666666666686, Gredient_Fast Change: 0.05542168674698809, Theta: 1, Previous CC: 25, Choosen CC: 27
1664847475.739754 -- INFO: Changing concurrency to 27 ******
1664847475.740332 -- INFO: Process Status Bits from change concurrency are: 1 1 1 1 1 1 1 1 1 1 1 1 1 1 1 1 1 1 1 1 1 1 1 1 1 1 1 0 0 0 0 0
1664847475.740618 -- INFO: Start Process :: 25
1664847475.740765 -- INFO: Active CC: 27
1664847475.740761 -- INFO: Start Process :: 26
1664847475.780002 -- INFO: Process 25 get item 30 from queue and executing
1664847475.780097 -- INFO: Process 26 get item 25 from queue and executing
1664847475.780262 -- INFO: starting 25, 30, /users/jamilm/files_to_Send/FILE0
1664847475.780520 -- INFO: starting 26, 25, /users/jamilm/files_to_Send/FILE1
1664847476.161799 -- INFO: Throughput @58.1s:244.18Mbps, rtt :39.35ms cwnd: 30.1 lossRate: 0.0032712274214194282 CC:27 score:-135.0 
1664847477.163055 -- INFO: Throughput @59.1s:263.24Mbps, rtt :39.26ms cwnd: 35.0 lossRate: 0.0026456212725886733 CC:27 score:-147.0 
1664847478.165320 -- INFO: Throughput @60.1s:263.63Mbps, rtt :39.14ms cwnd: 31.5 lossRate: 0.0034147855780744156 CC:27 score:-145.0 
1664847478.941753 -- INFO: Gradient_Fast: -5.833333333333343, Gredient_Fast Change: 0.04464285714285722, Theta: 2, Previous CC: 27, Choosen CC: 31
1664847478.941908 -- INFO: Changing concurrency to 31 ******
1664847478.942305 -- INFO: Process Status Bits from change concurrency are: 1 1 1 1 1 1 1 1 1 1 1 1 1 1 1 1 1 1 1 1 1 1 1 1 1 1 1 1 1 1 1 0
1664847478.942581 -- INFO: Active CC: 31
1664847478.942720 -- INFO: Start Process :: 29
1664847478.942903 -- INFO: Start Process :: 27
1664847478.943074 -- INFO: Start Process :: 28
1664847478.943408 -- INFO: Start Process :: 30
1664847478.982135 -- INFO: Process 29 get item 31 from queue and executing
1664847478.982371 -- INFO: Process 27 get item 26 from queue and executing
1664847478.982402 -- INFO: starting 29, 31, /users/jamilm/files_to_Send/FILE3
1664847478.982529 -- INFO: Process 28 get item 28 from queue and executing
1664847478.982728 -- INFO: starting 27, 26, /users/jamilm/files_to_Send/FILE0
1664847478.982940 -- INFO: starting 28, 28, /users/jamilm/files_to_Send/FILE2
1664847478.983283 -- INFO: Process 30 get item 23 from queue and executing
1664847478.983915 -- INFO: starting 30, 23, /users/jamilm/files_to_Send/FILE3
1664847479.167156 -- INFO: Throughput @61.1s:261.47Mbps, rtt :39.2ms cwnd: 32.1 lossRate: 0.0026619743728568852 CC:31 score:-135.0 
1664847480.169445 -- INFO: Throughput @62.1s:286.95Mbps, rtt :39.0ms cwnd: 31.7 lossRate: 0.0032910579547278857 CC:31 score:-146.0 
1664847481.170194 -- INFO: Throughput @63.1s:281.51Mbps, rtt :38.94ms cwnd: 30.5 lossRate: 0.0029766826525549858 CC:31 score:-144.0 
1664847482.143606 -- INFO: Gradient_Fast: 0.1666666666666714, Gredient_Fast Change: 0.0011709601873536632, Theta: -1, Previous CC: 31, Choosen CC: 30
1664847482.143757 -- INFO: Changing concurrency to 30 ******
1664847482.143961 -- INFO: Process Status Bits from change concurrency are: 1 1 1 1 1 1 1 1 1 1 1 1 1 1 1 1 1 1 1 1 1 1 1 1 1 1 1 1 1 1 0 0
1664847482.144161 -- INFO: Active CC: 30
1664847482.171099 -- INFO: Throughput @64.1s:290.08Mbps, rtt :39.23ms cwnd: 33.6 lossRate: 0.002232053888158157 CC:30 score:-154.0 
1664847483.172178 -- INFO: Throughput @65.1s:298.03Mbps, rtt :39.0ms cwnd: 33.1 lossRate: 0.002624442306009973 CC:30 score:-157.0 
1664847484.173461 -- INFO: Throughput @66.1s:284.41Mbps, rtt :39.25ms cwnd: 31.6 lossRate: 0.003116797900262467 CC:30 score:-148.0 
1664847485.174612 -- INFO: Throughput @67.1s:288.12Mbps, rtt :39.21ms cwnd: 31.2 lossRate: 0.0029299259379832344 CC:30 score:-151.0 
1664847485.345094 -- INFO: Gradient_Fast: 10.333333333333343, Gredient_Fast Change: 0.0729411764705883, Theta: -2, Previous CC: 30, Choosen CC: 24
1664847485.345223 -- INFO: Changing concurrency to 24 ******
1664847485.345456 -- INFO: Process Status Bits from change concurrency are: 1 1 1 1 1 1 1 1 1 1 1 1 1 1 1 1 1 1 1 1 1 1 1 1 0 0 0 0 0 0 0 0
1664847485.345674 -- INFO: Active CC: 24
1664847486.173694 -- INFO: Throughput @68.1s:229.66Mbps, rtt :39.01ms cwnd: 31.5 lossRate: 0 CC:24 score:-143.0 
1664847487.176994 -- INFO: Throughput @69.1s:246.91Mbps, rtt :38.99ms cwnd: 34.6 lossRate: 0.000744205826068467 CC:24 score:-152.0 
1664847488.178143 -- INFO: Throughput @70.1s:238.53Mbps, rtt :39.27ms cwnd: 31.8 lossRate: 0.0030919368085414755 CC:24 score:-141.0 
1664847488.546723 -- INFO: Gradient_Fast: -1.1111111111111096, Gredient_Fast Change: 0.007309941520467826, Theta: 1, Previous CC: 24, Choosen CC: 25
1664847488.546898 -- INFO: Changing concurrency to 25 ******
1664847488.547464 -- INFO: Process Status Bits from change concurrency are: 1 1 1 1 1 1 1 1 1 1 1 1 1 1 1 1 1 1 1 1 1 1 1 1 1 0 0 0 0 0 0 0
1664847488.547685 -- INFO: Start Process :: 24
1664847488.547946 -- INFO: Active CC: 25
1664847488.586781 -- INFO: Process 24 get item 24 from queue and executing
1664847488.587120 -- INFO: starting 24, 24, /users/jamilm/files_to_Send/FILE2
1664847489.179479 -- INFO: Throughput @71.1s:235.95Mbps, rtt :38.97ms cwnd: 34.9 lossRate: 0.0019794332061990054 CC:25 score:-139.0 
1664847490.180919 -- INFO: Throughput @72.1s:265.37Mbps, rtt :39.11ms cwnd: 35.0 lossRate: 0.002322320567873105 CC:25 score:-156.0 
1664847491.177860 -- INFO: Throughput @73.1s:246.16Mbps, rtt :38.95ms cwnd: 30.8 lossRate: 0.0031841079745271363 CC:25 score:-142.0 
1664847491.752530 -- INFO: Gradient_Fast: -0.3333333333333144, Gredient_Fast Change: 0.0022935779816512457, Theta: 2, Previous CC: 25, Choosen CC: 27
1664847491.752710 -- INFO: Changing concurrency to 27 ******
1664847491.753155 -- INFO: Process Status Bits from change concurrency are: 1 1 1 1 1 1 1 1 1 1 1 1 1 1 1 1 1 1 1 1 1 1 1 1 1 1 1 0 0 0 0 0
1664847491.753441 -- INFO: Start Process :: 25
1664847491.753565 -- INFO: Active CC: 27
1664847491.753761 -- INFO: Start Process :: 26
1664847491.792578 -- INFO: Process 25 get item 23 from queue and executing
1664847491.792873 -- INFO: starting 25, 23, /users/jamilm/files_to_Send/FILE3
1664847491.793057 -- INFO: Process 26 get item 28 from queue and executing
1664847491.793286 -- INFO: starting 26, 28, /users/jamilm/files_to_Send/FILE2
1664847492.182993 -- INFO: Throughput @74.1s:231.33Mbps, rtt :38.94ms cwnd: 31.1 lossRate: 0.0024686481682630592 CC:27 score:-130.0 
1664847493.183559 -- INFO: Throughput @75.1s:258.1Mbps, rtt :39.05ms cwnd: 31.9 lossRate: 0.0028960191229199226 CC:27 score:-144.0 
1664847494.184631 -- INFO: Throughput @76.1s:247.85Mbps, rtt :39.36ms cwnd: 31.4 lossRate: 0.0028315462099057697 CC:27 score:-138.0 
1664847494.954655 -- INFO: Gradient_Fast: 4.166666666666657, Gredient_Fast Change: 0.028604118993134947, Theta: -1, Previous CC: 27, Choosen CC: 26
1664847494.954855 -- INFO: Changing concurrency to 26 ******
1664847494.955285 -- INFO: Process Status Bits from change concurrency are: 1 1 1 1 1 1 1 1 1 1 1 1 1 1 1 1 1 1 1 1 1 1 1 1 1 1 0 0 0 0 0 0
1664847494.955721 -- INFO: Active CC: 26
1664847495.185950 -- INFO: Throughput @77.1s:263.19Mbps, rtt :39.28ms cwnd: 30.6 lossRate: 0.0029362605592447035 CC:26 score:-150.0 
1664847496.186884 -- INFO: Throughput @78.1s:233.58Mbps, rtt :39.16ms cwnd: 31.8 lossRate: 0.0025989495912068874 CC:26 score:-134.0 
1664847497.188064 -- INFO: Throughput @79.1s:248.73Mbps, rtt :38.98ms cwnd: 32.5 lossRate: 0.002761540939844433 CC:26 score:-142.0 
1664847498.156813 -- INFO: Gradient_Fast: 4.666666666666657, Gredient_Fast Change: 0.033980582524271774, Theta: -2, Previous CC: 26, Choosen CC: 24
1664847498.156974 -- INFO: Changing concurrency to 24 ******
1664847498.157472 -- INFO: Process Status Bits from change concurrency are: 1 1 1 1 1 1 1 1 1 1 1 1 1 1 1 1 1 1 1 1 1 1 1 1 0 0 0 0 0 0 0 0
1664847498.157984 -- INFO: Active CC: 24
1664847498.188905 -- INFO: Throughput @80.1s:249.84Mbps, rtt :39.02ms cwnd: 30.7 lossRate: 0.0036214843382560437 CC:24 score:-146.0 
1664847499.190015 -- INFO: Throughput @81.1s:212.47Mbps, rtt :39.35ms cwnd: 28.8 lossRate: 0.005357142857142857 CC:24 score:-121.0 
1664847500.191182 -- INFO: Throughput @82.1s:214.71Mbps, rtt :39.01ms cwnd: 29.9 lossRate: 0.0028578989150568933 CC:24 score:-127.0 
1664847501.192010 -- INFO: Throughput @83.1s:199.94Mbps, rtt :39.25ms cwnd: 28.8 lossRate: 0.0036802760207015526 CC:24 score:-117.0 
1664847501.358983 -- INFO: Gradient_Fast: -10.166666666666664, Gredient_Fast Change: 0.07159624413145538, Theta: 1, Previous CC: 24, Choosen CC: 26
1664847501.359144 -- INFO: Changing concurrency to 26 ******
1664847501.359707 -- INFO: Process Status Bits from change concurrency are: 1 1 1 1 1 1 1 1 1 1 1 1 1 1 1 1 1 1 1 1 1 1 1 1 1 1 0 0 0 0 0 0
1664847501.359983 -- INFO: Start Process :: 25
1664847501.360181 -- INFO: Active CC: 26
1664847501.360145 -- INFO: Start Process :: 24
1664847501.399292 -- INFO: Process 25 get item 26 from queue and executing
1664847501.399444 -- INFO: Process 24 get item 30 from queue and executing
1664847501.399515 -- INFO: starting 25, 26, /users/jamilm/files_to_Send/FILE0
1664847501.399681 -- INFO: starting 24, 30, /users/jamilm/files_to_Send/FILE0
1664847502.193789 -- INFO: Throughput @84.1s:227.21Mbps, rtt :39.17ms cwnd: 31.7 lossRate: 0.0025822444869080204 CC:26 score:-130.0 
1664847503.194682 -- INFO: Throughput @85.1s:245.39Mbps, rtt :39.28ms cwnd: 31.2 lossRate: 0.0032520325203252032 CC:26 score:-139.0 
1664847504.195959 -- INFO: Throughput @86.1s:225.62Mbps, rtt :39.15ms cwnd: 28.5 lossRate: 0.003851684470008217 CC:26 score:-126.0 
1664847504.561211 -- INFO: Gradient_Fast: -4.999999999999993, Gredient_Fast Change: 0.041095890410958846, Theta: 2, Previous CC: 26, Choosen CC: 30
1664847504.561374 -- INFO: Changing concurrency to 30 ******
1664847504.561830 -- INFO: Process Status Bits from change concurrency are: 1 1 1 1 1 1 1 1 1 1 1 1 1 1 1 1 1 1 1 1 1 1 1 1 1 1 1 1 1 1 0 0
1664847504.562134 -- INFO: Active CC: 30
1664847504.562264 -- INFO: Start Process :: 26
1664847504.562411 -- INFO: Start Process :: 28
1664847504.562560 -- INFO: Start Process :: 27
1664847504.562810 -- INFO: Start Process :: 29
1664847504.601818 -- INFO: Process 26 get item 31 from queue and executing
1664847504.601927 -- INFO: Process 28 get item 29 from queue and executing
1664847504.602054 -- INFO: starting 26, 31, /users/jamilm/files_to_Send/FILE3
1664847504.602116 -- INFO: starting 28, 29, /users/jamilm/files_to_Send/FILE1
1664847504.602162 -- INFO: Process 27 get item 25 from queue and executing
1664847504.602263 -- INFO: Process 29 get item 28 from queue and executing
1664847504.602412 -- INFO: starting 27, 25, /users/jamilm/files_to_Send/FILE1
1664847504.602589 -- INFO: starting 29, 28, /users/jamilm/files_to_Send/FILE2
1664847505.196778 -- INFO: Throughput @87.1s:238.21Mbps, rtt :39.38ms cwnd: 28.8 lossRate: 0.004186210722751803 CC:30 score:-122.0 
1664847506.197604 -- INFO: Throughput @88.1s:287.44Mbps, rtt :39.48ms cwnd: 34.9 lossRate: 0.0028351052741296644 CC:30 score:-151.0 
1664847507.198818 -- INFO: Throughput @89.1s:288.1Mbps, rtt :39.28ms cwnd: 35.2 lossRate: 0.0026128445925477127 CC:30 score:-152.0 
1664847507.763183 -- INFO: Gradient_Fast: -2.5, Gredient_Fast Change: 0.0189873417721519, Theta: 3, Previous CC: 30, Choosen CC: 32
1664847507.763345 -- INFO: Changing concurrency to 32 ******
1664847507.763598 -- INFO: Process Status Bits from change concurrency are: 1 1 1 1 1 1 1 1 1 1 1 1 1 1 1 1 1 1 1 1 1 1 1 1 1 1 1 1 1 1 1 1
1664847507.763787 -- INFO: Active CC: 32
1664847507.764429 -- INFO: Start Process :: 30
1664847507.764522 -- INFO: Start Process :: 31
1664847507.804220 -- INFO: Process 30 get item 24 from queue and executing
1664847507.804387 -- INFO: Process 31 get item 23 from queue and executing
1664847507.804559 -- INFO: starting 30, 24, /users/jamilm/files_to_Send/FILE2
1664847507.804863 -- INFO: starting 31, 23, /users/jamilm/files_to_Send/FILE3
1664847508.199630 -- INFO: Throughput @90.1s:319.42Mbps, rtt :39.04ms cwnd: 31.4 lossRate: 0.0030809022098817087 CC:32 score:-160.0 
1664847509.200377 -- INFO: Throughput @91.1s:292.23Mbps, rtt :39.31ms cwnd: 28.8 lossRate: 0.0036013434224901873 CC:32 score:-145.0 
1664847510.201520 -- INFO: Throughput @92.1s:273.2Mbps, rtt :39.47ms cwnd: 29.4 lossRate: 0.0033412688468445893 CC:32 score:-136.0 
1664847510.964732 -- INFO: Gradient_Fast: -2.6666666666666714, Gredient_Fast Change: 0.01882352941176474, Theta: 4, Previous CC: 32, Choosen CC: 32
1664847510.964882 -- INFO: Changing concurrency to 32 ******
1664847510.965046 -- INFO: Process Status Bits from change concurrency are: 1 1 1 1 1 1 1 1 1 1 1 1 1 1 1 1 1 1 1 1 1 1 1 1 1 1 1 1 1 1 1 1
1664847510.965199 -- INFO: Active CC: 32
1664847511.202690 -- INFO: Throughput @93.1s:296.4Mbps, rtt :39.02ms cwnd: 32.3 lossRate: 0.0021770400031100572 CC:32 score:-151.0 
1664847512.203995 -- INFO: Throughput @94.1s:310.79Mbps, rtt :39.22ms cwnd: 31.9 lossRate: 0.002579150001868949 CC:32 score:-157.0 
1664847513.205017 -- INFO: Throughput @95.2s:266.02Mbps, rtt :39.29ms cwnd: 30.9 lossRate: 0.003299811439346323 CC:32 score:-132.0 
1664847514.166169 -- INFO: Gradient_Fast: -0.3333333333333428, Gredient_Fast Change: 0.002267573696145189, Theta: 5, Previous CC: 32, Choosen CC: 32
1664847514.166323 -- INFO: Changing concurrency to 32 ******
1664847514.166492 -- INFO: Process Status Bits from change concurrency are: 1 1 1 1 1 1 1 1 1 1 1 1 1 1 1 1 1 1 1 1 1 1 1 1 1 1 1 1 1 1 1 1
1664847514.166651 -- INFO: Active CC: 32
1664847514.205939 -- INFO: Throughput @96.2s:296.92Mbps, rtt :39.26ms cwnd: 32.0 lossRate: 0.002880752027897809 CC:32 score:-149.0 
1664847515.205938 -- INFO: Throughput @97.2s:306.91Mbps, rtt :39.16ms cwnd: 30.8 lossRate: 0.0029384109073812884 CC:32 score:-154.0 
1664847516.208251 -- INFO: Throughput @98.2s:281.56Mbps, rtt :39.1ms cwnd: 32.7 lossRate: 0.002745367192862045 CC:32 score:-142.0 
1664847517.209097 -- INFO: Throughput @99.2s:305.0Mbps, rtt :39.06ms cwnd: 32.4 lossRate: 0.0027330587794833394 CC:32 score:-154.0 
1664847517.367580 -- INFO: Gradient_Fast: 3.333333333333343, Gredient_Fast Change: 0.022727272727272794, Theta: -1, Previous CC: 32, Choosen CC: 31
1664847517.367725 -- INFO: Changing concurrency to 31 ******
1664847517.367885 -- INFO: Process Status Bits from change concurrency are: 1 1 1 1 1 1 1 1 1 1 1 1 1 1 1 1 1 1 1 1 1 1 1 1 1 1 1 1 1 1 1 0
1664847517.368038 -- INFO: Active CC: 31
1664847518.210357 -- INFO: Throughput @100.2s:309.89Mbps, rtt :39.11ms cwnd: 31.6 lossRate: 0.0020528862603255292 CC:31 score:-161.0 
1664847519.211142 -- INFO: Throughput @101.2s:291.21Mbps, rtt :39.19ms cwnd: 31.6 lossRate: 0.0028563382548175563 CC:31 score:-149.0 
1664847520.212402 -- INFO: Throughput @102.2s:282.22Mbps, rtt :39.28ms cwnd: 32.5 lossRate: 0.002429891650732951 CC:31 score:-146.0 
1664847520.569004 -- INFO: Gradient_Fast: 2.0, Gredient_Fast Change: 0.013333333333333334, Theta: -2, Previous CC: 31, Choosen CC: 29
1664847520.569183 -- INFO: Changing concurrency to 29 ******
1664847520.569402 -- INFO: Process Status Bits from change concurrency are: 1 1 1 1 1 1 1 1 1 1 1 1 1 1 1 1 1 1 1 1 1 1 1 1 1 1 1 1 1 0 0 0
1664847520.569623 -- INFO: Active CC: 29
1664847521.213548 -- INFO: Throughput @103.2s:297.6Mbps, rtt :38.99ms cwnd: 30.8 lossRate: 0 CC:29 score:-168.0 
1664847522.214612 -- INFO: Throughput @104.2s:241.32Mbps, rtt :39.36ms cwnd: 28.2 lossRate: 0.004120942723526416 CC:29 score:-126.0 
1664847523.215618 -- INFO: Throughput @105.2s:227.26Mbps, rtt :39.29ms cwnd: 26.3 lossRate: 0.004208924949290061 CC:29 score:-118.0 
1664847523.770643 -- INFO: Gradient_Fast: -7.333333333333329, Gredient_Fast Change: 0.04824561403508769, Theta: 1, Previous CC: 29, Choosen CC: 31
1664847523.770804 -- INFO: Changing concurrency to 31 ******
1664847523.771080 -- INFO: Process Status Bits from change concurrency are: 1 1 1 1 1 1 1 1 1 1 1 1 1 1 1 1 1 1 1 1 1 1 1 1 1 1 1 1 1 1 1 0
1664847523.771298 -- INFO: Active CC: 31
1664847523.771361 -- INFO: Start Process :: 30
1664847523.771472 -- INFO: Start Process :: 29
1664847523.810509 -- INFO: Process 30 get item 23 from queue and executing
1664847523.810745 -- INFO: starting 30, 23, /users/jamilm/files_to_Send/FILE3
1664847523.810822 -- INFO: Process 29 get item 24 from queue and executing
1664847523.810998 -- INFO: starting 29, 24, /users/jamilm/files_to_Send/FILE2
1664847524.216712 -- INFO: Throughput @106.2s:251.39Mbps, rtt :39.14ms cwnd: 30.8 lossRate: 0.0024012930039251906 CC:31 score:-130.0 
1664847525.217810 -- INFO: Throughput @107.2s:297.63Mbps, rtt :39.13ms cwnd: 30.6 lossRate: 0.003038684794888776 CC:31 score:-152.0 
1664847526.218752 -- INFO: Throughput @108.2s:274.0Mbps, rtt :39.28ms cwnd: 26.8 lossRate: 0.003924443677764361 CC:31 score:-138.0 
1664847526.972222 -- INFO: Gradient_Fast: -1.3333333333333286, Gredient_Fast Change: 0.009708737864077634, Theta: 2, Previous CC: 31, Choosen CC: 32
1664847526.972368 -- INFO: Changing concurrency to 32 ******
1664847526.972591 -- INFO: Process Status Bits from change concurrency are: 1 1 1 1 1 1 1 1 1 1 1 1 1 1 1 1 1 1 1 1 1 1 1 1 1 1 1 1 1 1 1 1
1664847526.972746 -- INFO: Active CC: 32
1664847526.973353 -- INFO: Start Process :: 31
1664847527.013046 -- INFO: Process 31 get item 28 from queue and executing
1664847527.013315 -- INFO: starting 31, 28, /users/jamilm/files_to_Send/FILE2
1664847527.219743 -- INFO: Throughput @109.2s:241.68Mbps, rtt :39.39ms cwnd: 28.8 lossRate: 0.0034956776418347585 CC:32 score:-120.0 
1664847528.221125 -- INFO: Throughput @110.2s:293.22Mbps, rtt :39.33ms cwnd: 34.2 lossRate: 0.00208 CC:32 score:-149.0 
1664847529.222008 -- INFO: Throughput @111.2s:325.81Mbps, rtt :39.58ms cwnd: 30.2 lossRate: 0.0036595840023899325 CC:32 score:-161.0 
1664847530.173666 -- INFO: Gradient_Fast: -3.333333333333343, Gredient_Fast Change: 0.023809523809523878, Theta: 3, Previous CC: 32, Choosen CC: 32
1664847530.173814 -- INFO: Changing concurrency to 32 ******
1664847530.173970 -- INFO: Process Status Bits from change concurrency are: 1 1 1 1 1 1 1 1 1 1 1 1 1 1 1 1 1 1 1 1 1 1 1 1 1 1 1 1 1 1 1 1
1664847530.174124 -- INFO: Active CC: 32
1664847530.223064 -- INFO: Throughput @112.2s:270.24Mbps, rtt :39.22ms cwnd: 30.8 lossRate: 0.0030657055265556382 CC:32 score:-135.0 
1664847531.224038 -- INFO: Throughput @113.2s:292.98Mbps, rtt :39.26ms cwnd: 30.8 lossRate: 0.0031355427664219093 CC:32 score:-146.0 
1664847532.225069 -- INFO: Throughput @114.2s:301.12Mbps, rtt :39.16ms cwnd: 32.4 lossRate: 0.002250791591958189 CC:32 score:-153.0 
1664847533.226245 -- INFO: Throughput @115.2s:296.28Mbps, rtt :39.21ms cwnd: 31.7 lossRate: 0.0031268094962362478 CC:32 score:-148.0 
1664847533.375026 -- INFO: Gradient_Fast: 5.666666666666657, Gredient_Fast Change: 0.03953488372093016, Theta: -1, Previous CC: 32, Choosen CC: 30
1664847533.375165 -- INFO: Changing concurrency to 30 ******
1664847533.375335 -- INFO: Process Status Bits from change concurrency are: 1 1 1 1 1 1 1 1 1 1 1 1 1 1 1 1 1 1 1 1 1 1 1 1 1 1 1 1 1 1 0 0
1664847533.375489 -- INFO: Active CC: 30
1664847534.227557 -- INFO: Throughput @116.2s:279.95Mbps, rtt :39.39ms cwnd: 29.3 lossRate: 0.0033927056827820186 CC:30 score:-145.0 
1664847535.228379 -- INFO: Throughput @117.2s:245.95Mbps, rtt :39.33ms cwnd: 28.8 lossRate: 0.011152416356877323 CC:30 score:-108.0 
1664847536.229739 -- INFO: Throughput @118.2s:263.8Mbps, rtt :39.21ms cwnd: 30.2 lossRate: 0.0030320340993979875 CC:30 score:-138.0 
1664847536.576446 -- INFO: Gradient_Fast: -9.333333333333329, Gredient_Fast Change: 0.06263982102908275, Theta: 1, Previous CC: 30, Choosen CC: 32
1664847536.576596 -- INFO: Changing concurrency to 32 ******
1664847536.576923 -- INFO: Process Status Bits from change concurrency are: 1 1 1 1 1 1 1 1 1 1 1 1 1 1 1 1 1 1 1 1 1 1 1 1 1 1 1 1 1 1 1 1
1664847536.577124 -- INFO: Active CC: 32
1664847536.577339 -- INFO: Start Process :: 31
1664847536.577430 -- INFO: Start Process :: 30
1664847536.616637 -- INFO: Process 30 get item 28 from queue and executing
1664847536.616777 -- INFO: Process 31 get item 23 from queue and executing
1664847536.616839 -- INFO: starting 30, 28, /users/jamilm/files_to_Send/FILE2
1664847536.616992 -- INFO: starting 31, 23, /users/jamilm/files_to_Send/FILE3
1664847537.230468 -- INFO: Throughput @119.2s:282.29Mbps, rtt :39.09ms cwnd: 30.0 lossRate: 0.0034791463362891933 CC:32 score:-140.0 
1664847538.231563 -- INFO: Throughput @120.2s:290.26Mbps, rtt :39.28ms cwnd: 30.5 lossRate: 0.0027756849994052105 CC:32 score:-146.0 
1664847539.232620 -- INFO: Throughput @121.2s:287.2Mbps, rtt :39.13ms cwnd: 31.0 lossRate: 0.002959053103007038 CC:32 score:-144.0 
1664847539.778059 -- INFO: Gradient_Fast: -6.5, Gredient_Fast Change: 0.049872122762148335, Theta: 2, Previous CC: 32, Choosen CC: 32
1664847539.778209 -- INFO: Changing concurrency to 32 ******
1664847539.778366 -- INFO: Process Status Bits from change concurrency are: 1 1 1 1 1 1 1 1 1 1 1 1 1 1 1 1 1 1 1 1 1 1 1 1 1 1 1 1 1 1 1 1
1664847539.778530 -- INFO: Active CC: 32
1664847540.233974 -- INFO: Throughput @122.2s:282.14Mbps, rtt :39.22ms cwnd: 28.0 lossRate: 0.003761263123088369 CC:32 score:-139.0 
1664847541.234709 -- INFO: Throughput @123.2s:277.99Mbps, rtt :39.05ms cwnd: 30.9 lossRate: 0.0025621639784946235 CC:32 score:-140.0 
1664847542.236017 -- INFO: Throughput @124.2s:298.56Mbps, rtt :39.52ms cwnd: 32.8 lossRate: 0.002428962486023827 CC:32 score:-151.0 
1664847542.979623 -- INFO: Gradient_Fast: 0.0, Gredient_Fast Change: 0.0, Theta: 3, Previous CC: 32, Choosen CC: 32
1664847542.979768 -- INFO: Changing concurrency to 32 ******
1664847542.979914 -- INFO: Process Status Bits from change concurrency are: 1 1 1 1 1 1 1 1 1 1 1 1 1 1 1 1 1 1 1 1 1 1 1 1 1 1 1 1 1 1 1 1
1664847542.980065 -- INFO: Active CC: 32
1664847543.236875 -- INFO: Throughput @125.2s:314.53Mbps, rtt :39.05ms cwnd: 33.8 lossRate: 0.002360056051331219 CC:32 score:-159.0 
1664847544.238183 -- INFO: Throughput @126.2s:292.16Mbps, rtt :39.18ms cwnd: 28.9 lossRate: 0.00398098403741352 CC:32 score:-143.0 
1664847545.239005 -- INFO: Throughput @127.2s:290.26Mbps, rtt :39.17ms cwnd: 29.8 lossRate: 0.0030081300813008132 CC:32 score:-145.0 
1664847546.180971 -- INFO: Gradient_Fast: 5.666666666666657, Gredient_Fast Change: 0.03953488372093016, Theta: -1, Previous CC: 32, Choosen CC: 30
1664847546.181105 -- INFO: Changing concurrency to 30 ******
1664847546.181262 -- INFO: Process Status Bits from change concurrency are: 1 1 1 1 1 1 1 1 1 1 1 1 1 1 1 1 1 1 1 1 1 1 1 1 1 1 1 1 1 1 0 0
1664847546.181409 -- INFO: Active CC: 30
1664847546.239928 -- INFO: Throughput @128.2s:275.93Mbps, rtt :39.35ms cwnd: 28.1 lossRate: 0.0039293560926145004 CC:30 score:-141.0 
1664847547.239620 -- INFO: Throughput @129.2s:243.28Mbps, rtt :39.36ms cwnd: 29.3 lossRate: 0.002449920737858481 CC:30 score:-128.0 
1664847548.241990 -- INFO: Throughput @130.2s:273.98Mbps, rtt :39.27ms cwnd: 30.5 lossRate: 0.0026595744680851063 CC:30 score:-144.0 
1664847549.243128 -- INFO: Throughput @131.2s:251.43Mbps, rtt :39.51ms cwnd: 29.7 lossRate: 0.003443187407771766 CC:30 score:-130.0 
1664847549.382260 -- INFO: Gradient_Fast: -7.5, Gredient_Fast Change: 0.050335570469798654, Theta: 1, Previous CC: 30, Choosen CC: 32
1664847549.382426 -- INFO: Changing concurrency to 32 ******
1664847549.382670 -- INFO: Process Status Bits from change concurrency are: 1 1 1 1 1 1 1 1 1 1 1 1 1 1 1 1 1 1 1 1 1 1 1 1 1 1 1 1 1 1 1 1
1664847549.382824 -- INFO: Active CC: 32
1664847549.383060 -- INFO: Start Process :: 30
1664847549.383726 -- INFO: Start Process :: 31
1664847549.422402 -- INFO: Process 30 get item 23 from queue and executing
1664847549.422660 -- INFO: starting 30, 23, /users/jamilm/files_to_Send/FILE3
1664847549.422873 -- INFO: Process 31 get item 28 from queue and executing
1664847549.423069 -- INFO: starting 31, 28, /users/jamilm/files_to_Send/FILE2
1664847550.244041 -- INFO: Throughput @132.2s:280.42Mbps, rtt :39.41ms cwnd: 27.8 lossRate: 0.003723921966907875 CC:32 score:-138.0 
1664847551.244771 -- INFO: Throughput @133.2s:257.96Mbps, rtt :39.27ms cwnd: 28.1 lossRate: 0.003646677471636953 CC:32 score:-127.0 
1664847552.246614 -- INFO: Throughput @134.2s:269.71Mbps, rtt :39.22ms cwnd: 30.1 lossRate: 0.002915576898340694 CC:32 score:-135.0 
1664847552.583683 -- INFO: Gradient_Fast: 0.3333333333333286, Gredient_Fast Change: 0.002487562189054691, Theta: -1, Previous CC: 32, Choosen CC: 31
1664847552.583814 -- INFO: Changing concurrency to 31 ******
1664847552.583971 -- INFO: Process Status Bits from change concurrency are: 1 1 1 1 1 1 1 1 1 1 1 1 1 1 1 1 1 1 1 1 1 1 1 1 1 1 1 1 1 1 1 0
1664847552.584123 -- INFO: Active CC: 31
1664847553.247287 -- INFO: Throughput @135.2s:288.59Mbps, rtt :39.15ms cwnd: 32.2 lossRate: 0.0022100884035361414 CC:31 score:-150.0 
1664847554.248318 -- INFO: Throughput @136.2s:310.69Mbps, rtt :39.26ms cwnd: 32.6 lossRate: 0.0023790642347343376 CC:31 score:-161.0 
1664847555.249332 -- INFO: Throughput @137.2s:283.12Mbps, rtt :39.13ms cwnd: 30.1 lossRate: 0.0033290029230269567 CC:31 score:-144.0 
1664847555.785023 -- INFO: Gradient_Fast: 18.333333333333314, Gredient_Fast Change: 0.13749999999999984, Theta: -2, Previous CC: 31, Choosen CC: 21
1664847555.785161 -- INFO: Changing concurrency to 21 ******
1664847555.785384 -- INFO: Process Status Bits from change concurrency are: 1 1 1 1 1 1 1 1 1 1 1 1 1 1 1 1 1 1 1 1 1 0 0 0 0 0 0 0 0 0 0 0
1664847555.785603 -- INFO: Active CC: 21
1664847556.251709 -- INFO: Throughput @138.2s:250.4Mbps, rtt :39.63ms cwnd: 28.7 lossRate: 0 CC:21 score:-165.0 
1664847557.251574 -- INFO: Throughput @139.2s:180.23Mbps, rtt :39.27ms cwnd: 29.3 lossRate: 0 CC:21 score:-119.0 
1664847558.251577 -- INFO: Throughput @140.2s:177.2Mbps, rtt :39.17ms cwnd: 28.4 lossRate: 0.0032763715790826158 CC:21 score:-111.0 
1664847558.986465 -- INFO: Gradient_Fast: -2.0, Gredient_Fast Change: 0.013186813186813187, Theta: 1, Previous CC: 21, Choosen CC: 22
1664847558.986598 -- INFO: Changing concurrency to 22 ******
1664847558.987545 -- INFO: Process Status Bits from change concurrency are: 1 1 1 1 1 1 1 1 1 1 1 1 1 1 1 1 1 1 1 1 1 1 0 0 0 0 0 0 0 0 0 0
1664847558.988630 -- INFO: Active CC: 22
1664847558.989848 -- INFO: Start Process :: 21
1664847559.030361 -- INFO: Process 21 get item 28 from queue and executing
1664847559.031095 -- INFO: starting 21, 28, /users/jamilm/files_to_Send/FILE2
1664847559.253668 -- INFO: Throughput @141.2s:187.05Mbps, rtt :39.22ms cwnd: 28.2 lossRate: 0.0031801459125771654 CC:22 score:-115.0 
1664847560.255536 -- INFO: Throughput @142.2s:186.65Mbps, rtt :38.98ms cwnd: 28.2 lossRate: 0.003554280725821538 CC:22 score:-114.0 
1664847561.255864 -- INFO: Throughput @143.2s:198.74Mbps, rtt :38.93ms cwnd: 31.8 lossRate: 0.0022797685158122407 CC:22 score:-124.0 
1664847562.189550 -- INFO: Gradient_Fast: 13.999999999999986, Gredient_Fast Change: 0.10632911392405053, Theta: -1, Previous CC: 22, Choosen CC: 19
1664847562.189688 -- INFO: Changing concurrency to 19 ******
1664847562.190579 -- INFO: Process Status Bits from change concurrency are: 1 1 1 1 1 1 1 1 1 1 1 1 1 1 1 1 1 1 1 0 0 0 0 0 0 0 0 0 0 0 0 0
1664847562.191473 -- INFO: Active CC: 19
1664847562.257491 -- INFO: Throughput @144.2s:193.79Mbps, rtt :39.09ms cwnd: 29.5 lossRate: 0.0038926570333235036 CC:19 score:-125.0 
1664847563.258706 -- INFO: Throughput @145.2s:161.78Mbps, rtt :39.43ms cwnd: 28.2 lossRate: 0 CC:19 score:-111.0 
1664847564.260400 -- INFO: Throughput @146.2s:166.93Mbps, rtt :39.12ms cwnd: 29.4 lossRate: 0.002624490641618896 CC:19 score:-110.0 
1664847565.260246 -- INFO: Throughput @147.2s:153.31Mbps, rtt :39.16ms cwnd: 28.4 lossRate: 0.0034195658638120725 CC:19 score:-100.0 
1664847565.392392 -- INFO: Gradient_Fast: -3.555555555555557, Gredient_Fast Change: 0.030217186024551475, Theta: 1, Previous CC: 19, Choosen CC: 20
1664847565.392539 -- INFO: Changing concurrency to 20 ******
1664847565.394059 -- INFO: Process Status Bits from change concurrency are: 1 1 1 1 1 1 1 1 1 1 1 1 1 1 1 1 1 1 1 1 0 0 0 0 0 0 0 0 0 0 0 0
1664847565.394034 -- INFO: Start Process :: 19
1664847565.395202 -- INFO: Active CC: 20
1664847565.433949 -- INFO: Process 19 get item 30 from queue and executing
1664847565.434536 -- INFO: starting 19, 30, /users/jamilm/files_to_Send/FILE0
1664847566.260308 -- INFO: Throughput @148.2s:174.36Mbps, rtt :39.27ms cwnd: 31.8 lossRate: 0.0025965379494007988 CC:20 score:-113.0 
1664847567.259972 -- INFO: Throughput @149.2s:187.95Mbps, rtt :39.51ms cwnd: 29.8 lossRate: 0.003516848903382569 CC:20 score:-120.0 
1664847568.262119 -- INFO: Throughput @150.2s:173.45Mbps, rtt :39.2ms cwnd: 28.0 lossRate: 0.0031799597637744174 CC:20 score:-111.0 
1664847568.596072 -- INFO: Gradient_Fast: -7.666666666666671, Gredient_Fast Change: 0.07165109034267918, Theta: 2, Previous CC: 20, Choosen CC: 24
1664847568.596214 -- INFO: Changing concurrency to 24 ******
1664847568.596991 -- INFO: Process Status Bits from change concurrency are: 1 1 1 1 1 1 1 1 1 1 1 1 1 1 1 1 1 1 1 1 1 1 1 1 0 0 0 0 0 0 0 0
1664847568.597280 -- INFO: Start Process :: 20
1664847568.597543 -- INFO: Start Process :: 21
1664847568.597850 -- INFO: Active CC: 24
1664847568.597729 -- INFO: Start Process :: 23
1664847568.598864 -- INFO: Start Process :: 22
1664847568.636812 -- INFO: Process 20 get item 19 from queue and executing
1664847568.636897 -- INFO: Process 21 get item 25 from queue and executing
1664847568.637135 -- INFO: Process 23 get item 31 from queue and executing
1664847568.637230 -- INFO: starting 21, 25, /users/jamilm/files_to_Send/FILE1
1664847568.637246 -- INFO: starting 20, 19, /users/jamilm/files_to_Send/FILE3
1664847568.637385 -- INFO: starting 23, 31, /users/jamilm/files_to_Send/FILE3
1664847568.638525 -- INFO: Process 22 get item 29 from queue and executing
1664847568.638947 -- INFO: starting 22, 29, /users/jamilm/files_to_Send/FILE1
1664847569.263976 -- INFO: Throughput @151.2s:190.62Mbps, rtt :39.22ms cwnd: 30.0 lossRate: 0.003194888178913738 CC:24 score:-112.0 
1664847570.264759 -- INFO: Throughput @152.2s:247.97Mbps, rtt :39.12ms cwnd: 36.0 lossRate: 0.0027404085700049826 CC:24 score:-147.0 
1664847571.265420 -- INFO: Throughput @153.2s:271.13Mbps, rtt :39.29ms cwnd: 37.2 lossRate: 0.0026613720851639067 CC:24 score:-161.0 
1664847571.798573 -- INFO: Gradient_Fast: -6.333333333333332, Gredient_Fast Change: 0.05523255813953487, Theta: 3, Previous CC: 24, Choosen CC: 30
1664847571.798709 -- INFO: Changing concurrency to 30 ******
1664847571.799221 -- INFO: Process Status Bits from change concurrency are: 1 1 1 1 1 1 1 1 1 1 1 1 1 1 1 1 1 1 1 1 1 1 1 1 1 1 1 1 1 1 0 0
1664847571.799528 -- INFO: Active CC: 30
1664847571.799532 -- INFO: Start Process :: 26
1664847571.799803 -- INFO: Start Process :: 24
1664847571.799992 -- INFO: Start Process :: 29
1664847571.800114 -- INFO: Start Process :: 27
1664847571.800151 -- INFO: Start Process :: 28
1664847571.800241 -- INFO: Start Process :: 25
1664847571.838903 -- INFO: Process 26 get item 27 from queue and executing
1664847571.839029 -- INFO: Process 24 get item 26 from queue and executing
1664847571.839225 -- INFO: starting 26, 27, /users/jamilm/files_to_Send/FILE3
1664847571.839306 -- INFO: starting 24, 26, /users/jamilm/files_to_Send/FILE0
1664847571.839662 -- INFO: Process 28 get item 24 from queue and executing
1664847571.839725 -- INFO: Process 27 get item 23 from queue and executing
1664847571.839814 -- INFO: Process 29 get item 22 from queue and executing
1664847571.839928 -- INFO: Process 25 get item 20 from queue and executing
1664847571.839967 -- INFO: starting 27, 23, /users/jamilm/files_to_Send/FILE3
1664847571.839979 -- INFO: starting 28, 24, /users/jamilm/files_to_Send/FILE2
1664847571.840160 -- INFO: starting 25, 20, /users/jamilm/files_to_Send/FILE2
1664847571.840162 -- INFO: starting 29, 22, /users/jamilm/files_to_Send/FILE0
1664847572.263090 -- INFO: Throughput @154.2s:286.1Mbps, rtt :39.1ms cwnd: 34.5 lossRate: 0.0022244191794364805 CC:30 score:-152.0 
1664847573.265640 -- INFO: Throughput @155.2s:337.07Mbps, rtt :39.01ms cwnd: 37.8 lossRate: 0.0022494815647956137 CC:30 score:-179.0 
1664847574.268427 -- INFO: Throughput @156.2s:323.41Mbps, rtt :39.06ms cwnd: 32.7 lossRate: 0.0031825919621049515 CC:30 score:-168.0 
1664847575.000463 -- INFO: Gradient_Fast: -4.38888888888889, Gredient_Fast Change: 0.031349206349206356, Theta: 4, Previous CC: 30, Choosen CC: 32
1664847575.000617 -- INFO: Changing concurrency to 32 ******
1664847575.000833 -- INFO: Process Status Bits from change concurrency are: 1 1 1 1 1 1 1 1 1 1 1 1 1 1 1 1 1 1 1 1 1 1 1 1 1 1 1 1 1 1 1 1
1664847575.000988 -- INFO: Active CC: 32
1664847575.001509 -- INFO: Start Process :: 31
1664847575.001557 -- INFO: Start Process :: 30
1664847575.041030 -- INFO: Process 31 get item 28 from queue and executing
1664847575.041154 -- INFO: Process 30 get item 18 from queue and executing
1664847575.041299 -- INFO: starting 31, 28, /users/jamilm/files_to_Send/FILE2
1664847575.041396 -- INFO: starting 30, 18, /users/jamilm/files_to_Send/FILE0
1664847575.268461 -- INFO: Throughput @157.2s:272.09Mbps, rtt :39.17ms cwnd: 31.6 lossRate: 0.0027946942521064485 CC:32 score:-137.0 
1664847576.269838 -- INFO: Throughput @158.2s:292.03Mbps, rtt :39.38ms cwnd: 31.2 lossRate: 0.0029299618703592214 CC:32 score:-146.0 
1664847577.271013 -- INFO: Throughput @159.2s:292.96Mbps, rtt :39.41ms cwnd: 31.9 lossRate: 0.0030056157557541725 CC:32 score:-147.0 
1664847578.201791 -- INFO: Gradient_Fast: 11.5, Gredient_Fast Change: 0.06913827655310621, Theta: -1, Previous CC: 32, Choosen CC: 29
1664847578.201909 -- INFO: Changing concurrency to 29 ******
1664847578.202062 -- INFO: Process Status Bits from change concurrency are: 1 1 1 1 1 1 1 1 1 1 1 1 1 1 1 1 1 1 1 1 1 1 1 1 1 1 1 1 1 0 0 0
1664847578.202215 -- INFO: Active CC: 29
1664847578.272436 -- INFO: Throughput @160.2s:295.64Mbps, rtt :39.37ms cwnd: 28.0 lossRate: 0.0037151460639005124 CC:29 score:-155.0 
1664847579.272292 -- INFO: Throughput @161.2s:249.05Mbps, rtt :39.16ms cwnd: 28.2 lossRate: 0.001878391540281063 CC:29 score:-136.0 
1664847580.276129 -- INFO: Throughput @162.2s:277.32Mbps, rtt :39.27ms cwnd: 34.9 lossRate: 0.00145724040303106 CC:29 score:-152.0 
1664847581.271083 -- INFO: Throughput @163.2s:278.1Mbps, rtt :39.25ms cwnd: 30.3 lossRate: 0.003214628647768547 CC:29 score:-148.0 
1664847581.403083 -- INFO: Gradient_Fast: 0.6666666666666666, Gredient_Fast Change: 0.0046511627906976735, Theta: -2, Previous CC: 29, Choosen CC: 27
1664847581.403206 -- INFO: Changing concurrency to 27 ******
1664847581.403538 -- INFO: Process Status Bits from change concurrency are: 1 1 1 1 1 1 1 1 1 1 1 1 1 1 1 1 1 1 1 1 1 1 1 1 1 1 1 0 0 0 0 0
1664847581.403880 -- INFO: Active CC: 27
1664847582.277076 -- INFO: Throughput @164.2s:239.73Mbps, rtt :39.28ms cwnd: 27.1 lossRate: 0.004579943946954679 CC:27 score:-129.0 
1664847583.279077 -- INFO: Throughput @165.2s:223.37Mbps, rtt :39.2ms cwnd: 26.9 lossRate: 0.002710249671484888 CC:27 score:-125.0 
1664847584.280435 -- INFO: Throughput @166.2s:213.79Mbps, rtt :39.23ms cwnd: 28.6 lossRate: 0.0034317463776010458 CC:27 score:-118.0 
1664847584.604804 -- INFO: Gradient_Fast: -10.666666666666671, Gredient_Fast Change: 0.07339449541284407, Theta: 1, Previous CC: 27, Choosen CC: 29
1664847584.604957 -- INFO: Changing concurrency to 29 ******
1664847584.605350 -- INFO: Process Status Bits from change concurrency are: 1 1 1 1 1 1 1 1 1 1 1 1 1 1 1 1 1 1 1 1 1 1 1 1 1 1 1 1 1 0 0 0
1664847584.605690 -- INFO: Active CC: 29
1664847584.605654 -- INFO: Start Process :: 28
1664847584.605707 -- INFO: Start Process :: 27
1664847584.644847 -- INFO: Process 27 get item 28 from queue and executing
1664847584.644933 -- INFO: Process 28 get item 18 from queue and executing
1664847584.645100 -- INFO: starting 27, 28, /users/jamilm/files_to_Send/FILE2
1664847584.645158 -- INFO: starting 28, 18, /users/jamilm/files_to_Send/FILE0
1664847585.281261 -- INFO: Throughput @167.2s:243.06Mbps, rtt :39.14ms cwnd: 29.2 lossRate: 0.0030372057706909645 CC:29 score:-129.0 
1664847586.280645 -- INFO: Throughput @168.2s:248.09Mbps, rtt :39.18ms cwnd: 29.9 lossRate: 0.003795510988238602 CC:29 score:-130.0 
1664847587.282646 -- INFO: Throughput @169.2s:271.87Mbps, rtt :39.3ms cwnd: 31.1 lossRate: 0.003770772131363178 CC:29 score:-143.0 
1664847587.806568 -- INFO: Gradient_Fast: -5.0, Gredient_Fast Change: 0.04032258064516129, Theta: 2, Previous CC: 29, Choosen CC: 32
1664847587.806701 -- INFO: Changing concurrency to 32 ******
1664847587.807019 -- INFO: Process Status Bits from change concurrency are: 1 1 1 1 1 1 1 1 1 1 1 1 1 1 1 1 1 1 1 1 1 1 1 1 1 1 1 1 1 1 1 1
1664847587.807236 -- INFO: Active CC: 32
1664847587.807405 -- INFO: Start Process :: 30
1664847587.807574 -- INFO: Start Process :: 29
1664847587.807917 -- INFO: Start Process :: 31
1664847587.846878 -- INFO: Process 30 get item 22 from queue and executing
1664847587.847071 -- INFO: starting 30, 22, /users/jamilm/files_to_Send/FILE0
1664847587.847199 -- INFO: Process 29 get item 24 from queue and executing
1664847587.847301 -- INFO: Process 31 get item 23 from queue and executing
1664847587.847539 -- INFO: starting 31, 23, /users/jamilm/files_to_Send/FILE3
1664847587.847533 -- INFO: starting 29, 24, /users/jamilm/files_to_Send/FILE2
1664847588.284225 -- INFO: Throughput @170.2s:262.19Mbps, rtt :39.42ms cwnd: 27.0 lossRate: 0.00344149459193707 CC:32 score:-130.0 
1664847589.285388 -- INFO: Throughput @171.2s:261.26Mbps, rtt :39.31ms cwnd: 28.5 lossRate: 0.0033377250768555117 CC:32 score:-130.0 
1664847590.286522 -- INFO: Throughput @172.2s:286.08Mbps, rtt :39.3ms cwnd: 30.9 lossRate: 0.0025901493382977864 CC:32 score:-144.0 
1664847591.008017 -- INFO: Gradient_Fast: -0.22222222222221907, Gredient_Fast Change: 0.0016583747927031273, Theta: 3, Previous CC: 32, Choosen CC: 32
1664847591.008129 -- INFO: Changing concurrency to 32 ******
1664847591.008276 -- INFO: Process Status Bits from change concurrency are: 1 1 1 1 1 1 1 1 1 1 1 1 1 1 1 1 1 1 1 1 1 1 1 1 1 1 1 1 1 1 1 1
1664847591.008418 -- INFO: Active CC: 32
1664847591.287628 -- INFO: Throughput @173.2s:286.12Mbps, rtt :39.25ms cwnd: 27.6 lossRate: 0.0037321169396641093 CC:32 score:-141.0 
1664847592.288831 -- INFO: Throughput @174.2s:272.34Mbps, rtt :39.34ms cwnd: 29.9 lossRate: 0.0030084745762711863 CC:32 score:-136.0 
1664847593.289779 -- INFO: Throughput @175.2s:292.31Mbps, rtt :39.29ms cwnd: 33.5 lossRate: 0.002015972706831046 CC:32 score:-149.0 
1664847594.209230 -- INFO: Gradient_Fast: 7.333333333333343, Gredient_Fast Change: 0.05445544554455453, Theta: -1, Previous CC: 32, Choosen CC: 30
1664847594.209362 -- INFO: Changing concurrency to 30 ******
1664847594.209505 -- INFO: Process Status Bits from change concurrency are: 1 1 1 1 1 1 1 1 1 1 1 1 1 1 1 1 1 1 1 1 1 1 1 1 1 1 1 1 1 1 0 0
1664847594.209656 -- INFO: Active CC: 30
1664847594.290838 -- INFO: Throughput @176.2s:320.49Mbps, rtt :39.48ms cwnd: 33.4 lossRate: 0.0026371694381364004 CC:30 score:-168.0 
1664847595.291831 -- INFO: Throughput @177.2s:271.72Mbps, rtt :39.22ms cwnd: 30.1 lossRate: 0.004066721808657293 CC:30 score:-139.0 
1664847596.293117 -- INFO: Throughput @178.2s:274.55Mbps, rtt :39.21ms cwnd: 29.3 lossRate: 0.0031129750529638118 CC:30 score:-143.0 
1664847597.294026 -- INFO: Throughput @179.2s:257.45Mbps, rtt :39.16ms cwnd: 29.2 lossRate: 0.0031708283789139914 CC:30 score:-134.0 
1664847597.410430 -- INFO: Gradient_Fast: -1.6666666666666714, Gredient_Fast Change: 0.011737089201877968, Theta: 1, Previous CC: 30, Choosen CC: 31
1664847597.410554 -- INFO: Changing concurrency to 31 ******
1664847597.410820 -- INFO: Process Status Bits from change concurrency are: 1 1 1 1 1 1 1 1 1 1 1 1 1 1 1 1 1 1 1 1 1 1 1 1 1 1 1 1 1 1 1 0
1664847597.411024 -- INFO: Active CC: 31
1664847597.411187 -- INFO: Start Process :: 30
1664847597.450402 -- INFO: Process 30 get item 23 from queue and executing
1664847597.450634 -- INFO: starting 30, 23, /users/jamilm/files_to_Send/FILE3
1664847598.295131 -- INFO: Throughput @180.2s:283.26Mbps, rtt :39.48ms cwnd: 32.4 lossRate: 0.002507117664556155 CC:31 score:-146.0 
1664847599.296124 -- INFO: Throughput @181.2s:289.28Mbps, rtt :39.2ms cwnd: 30.6 lossRate: 0.0031549473518160667 CC:31 score:-147.0 
1664847600.297327 -- INFO: Throughput @182.2s:285.87Mbps, rtt :39.33ms cwnd: 31.4 lossRate: 0.002885645972462693 CC:31 score:-146.0 
1664847600.611866 -- INFO: Gradient_Fast: -7.666666666666686, Gredient_Fast Change: 0.05528846153846168, Theta: 2, Previous CC: 31, Choosen CC: 32
1664847600.611999 -- INFO: Changing concurrency to 32 ******
1664847600.612180 -- INFO: Process Status Bits from change concurrency are: 1 1 1 1 1 1 1 1 1 1 1 1 1 1 1 1 1 1 1 1 1 1 1 1 1 1 1 1 1 1 1 1
1664847600.612333 -- INFO: Active CC: 32
1664847600.612517 -- INFO: Start Process :: 31
1664847600.651829 -- INFO: Process 31 get item 22 from queue and executing
1664847600.652080 -- INFO: starting 31, 22, /users/jamilm/files_to_Send/FILE0
1664847601.298375 -- INFO: Throughput @183.2s:291.98Mbps, rtt :39.1ms cwnd: 33.7 lossRate: 0.002306759979669234 CC:32 score:-148.0 
1664847602.299391 -- INFO: Throughput @184.2s:309.27Mbps, rtt :39.17ms cwnd: 31.9 lossRate: 0.003153626670671272 CC:32 score:-154.0 
1664847603.300384 -- INFO: Throughput @185.2s:288.85Mbps, rtt :39.37ms cwnd: 29.3 lossRate: 0.003593009962436714 CC:32 score:-143.0 
1664847603.813119 -- INFO: Gradient_Fast: -2.0, Gredient_Fast Change: 0.013667425968109338, Theta: 3, Previous CC: 32, Choosen CC: 32
1664847603.813228 -- INFO: Changing concurrency to 32 ******
1664847603.813369 -- INFO: Process Status Bits from change concurrency are: 1 1 1 1 1 1 1 1 1 1 1 1 1 1 1 1 1 1 1 1 1 1 1 1 1 1 1 1 1 1 1 1
1664847603.813517 -- INFO: Active CC: 32
1664847604.301525 -- INFO: Throughput @186.2s:265.18Mbps, rtt :39.39ms cwnd: 29.4 lossRate: 0.0033798056611744824 CC:32 score:-132.0 
1664847605.302567 -- INFO: Throughput @187.2s:280.12Mbps, rtt :39.17ms cwnd: 30.3 lossRate: 0.0029236154004529543 CC:32 score:-140.0 
1664847606.303579 -- INFO: Throughput @188.2s:300.76Mbps, rtt :39.47ms cwnd: 30.3 lossRate: 0.0029120791447263443 CC:32 score:-151.0 
1664847607.014286 -- INFO: Gradient_Fast: -7.333333333333343, Gredient_Fast Change: 0.049438202247191074, Theta: 4, Previous CC: 32, Choosen CC: 32
1664847607.014405 -- INFO: Changing concurrency to 32 ******
1664847607.014548 -- INFO: Process Status Bits from change concurrency are: 1 1 1 1 1 1 1 1 1 1 1 1 1 1 1 1 1 1 1 1 1 1 1 1 1 1 1 1 1 1 1 1
1664847607.014699 -- INFO: Active CC: 32
1664847607.304661 -- INFO: Throughput @189.3s:252.13Mbps, rtt :39.33ms cwnd: 32.0 lossRate: 0.002895216942968192 CC:32 score:-126.0 
1664847608.305992 -- INFO: Throughput @190.3s:303.54Mbps, rtt :39.28ms cwnd: 31.9 lossRate: 0.0025293170843872156 CC:32 score:-153.0 
1664847609.306804 -- INFO: Throughput @191.3s:321.24Mbps, rtt :39.25ms cwnd: 34.9 lossRate: 0.002246694412728813 CC:32 score:-163.0 
1664847610.215488 -- INFO: Gradient_Fast: 6.333333333333343, Gredient_Fast Change: 0.044917257683215195, Theta: -1, Previous CC: 32, Choosen CC: 30
1664847610.215614 -- INFO: Changing concurrency to 30 ******
1664847610.215752 -- INFO: Process Status Bits from change concurrency are: 1 1 1 1 1 1 1 1 1 1 1 1 1 1 1 1 1 1 1 1 1 1 1 1 1 1 1 1 1 1 0 0
1664847610.215898 -- INFO: Active CC: 30
1664847610.308088 -- INFO: Throughput @192.3s:327.34Mbps, rtt :39.07ms cwnd: 34.6 lossRate: 0.002292223804396902 CC:30 score:-173.0 
1664847611.309130 -- INFO: Throughput @193.3s:295.99Mbps, rtt :39.05ms cwnd: 33.7 lossRate: 0.002869814766501435 CC:30 score:-155.0 
1664847612.310088 -- INFO: Throughput @194.3s:289.65Mbps, rtt :40.44ms cwnd: 33.4 lossRate: 0.0029779630732578916 CC:30 score:-151.0 
1664847613.311166 -- INFO: Throughput @195.3s:284.31Mbps, rtt :39.29ms cwnd: 32.8 lossRate: 0.0029814665592264302 CC:30 score:-148.0 
1664847613.416650 -- INFO: Gradient_Fast: 2.0, Gredient_Fast Change: 0.013574660633484162, Theta: -2, Previous CC: 30, Choosen CC: 28
1664847613.416763 -- INFO: Changing concurrency to 28 ******
1664847613.417022 -- INFO: Process Status Bits from change concurrency are: 1 1 1 1 1 1 1 1 1 1 1 1 1 1 1 1 1 1 1 1 1 1 1 1 1 1 1 1 0 0 0 0
1664847613.417279 -- INFO: Active CC: 28
1664847614.312488 -- INFO: Throughput @196.3s:267.22Mbps, rtt :43.52ms cwnd: 33.4 lossRate: 0.00027624309392265195 CC:28 score:-153.0 
1664847615.313610 -- INFO: Throughput @197.3s:239.52Mbps, rtt :41.84ms cwnd: 31.1 lossRate: 0 CC:28 score:-138.0 
1664847616.314747 -- INFO: Throughput @198.3s:236.88Mbps, rtt :42.93ms cwnd: 33.9 lossRate: 0.0019675592667242536 CC:28 score:-131.0 
1664847616.618165 -- INFO: Gradient_Fast: -5.333333333333343, Gredient_Fast Change: 0.03524229074889874, Theta: 1, Previous CC: 28, Choosen CC: 29
1664847616.618305 -- INFO: Changing concurrency to 29 ******
1664847616.618622 -- INFO: Process Status Bits from change concurrency are: 1 1 1 1 1 1 1 1 1 1 1 1 1 1 1 1 1 1 1 1 1 1 1 1 1 1 1 1 1 0 0 0
1664847616.618996 -- INFO: Active CC: 29
1664847616.618987 -- INFO: Start Process :: 28
1664847616.664954 -- INFO: Process 28 get item 23 from queue and executing
1664847616.665241 -- INFO: starting 28, 23, /users/jamilm/files_to_Send/FILE3
1664847617.315555 -- INFO: Throughput @199.3s:259.46Mbps, rtt :46.17ms cwnd: 35.1 lossRate: 0.0021874709112910734 CC:29 score:-140.0 
1664847618.300142 -- INFO: episode expires
1664847618.300165 -- INFO: Process 30 shutdown itself from outest loop
1664847618.300169 -- INFO: Process 29 shutdown itself from outest loop
1664847618.300389 -- INFO: Process Status Bits are: 1 1 1 1 1 1 1 1 1 1 1 1 1 1 1 1 1 1 1 1 1 1 1 1 1 1 1 1 1 0 0 0
1664847618.300384 -- INFO: Process Status Bits are: 1 1 1 1 1 1 1 1 1 1 1 1 1 1 1 1 1 1 1 1 1 1 1 1 1 1 1 1 1 0 0 0
1664847618.300272 -- INFO: Process 31 shutdown itself from outest loop
1664847618.300682 -- INFO: Process Status Bits are: 1 1 1 1 1 1 1 1 1 1 1 1 1 1 1 1 1 1 1 1 1 1 1 1 1 1 1 1 1 0 0 0
1664847619.819771 -- INFO: Gradient_Fast: 4.333333333333314, Gredient_Fast Change: 0.030805687203791336, Theta: -1, Previous CC: 29, Choosen CC: 28
1664847619.819888 -- INFO: episode expires
1664847619.991750 -- INFO: GD_Fast Optimizer Exits ...
1664847620.278128 -- INFO: Throughput @0.1s:0.0Mbps, rtt :39.44ms cwnd: 27.6 lossRate: 0.002858382095328256 CC:0 score:-0.0 
