1665020379.645192 -- INFO: Changing concurrency to 1 ******
1665020379.646555 -- INFO: Start Process :: 0
1665020379.647126 -- INFO: Process Status Bits from change concurrency are: 1 0 0 0 0 0 0 0 0 0 0 0 0 0 0 0 0 0 0 0 0 0 0 0 0 0 0 0 0 0 0 0
1665020379.648889 -- INFO: Active CC: 1
1665020379.714956 -- INFO: Throughput @0.1s:0.0Mbps, rtt :0.0ms cwnd: 10.0 lossRate: 0 CC:1 score:-0.0 
1665020380.702251 -- INFO: Throughput @1.1s:0.0Mbps, rtt :0.0ms cwnd: 1.0 lossRate: 0 CC:1 score:-0.0 
1665020381.701971 -- INFO: Throughput @2.1s:0.0Mbps, rtt :0.0ms cwnd: 1.0 lossRate: 0 CC:1 score:-0.0 
1665020382.650356 -- INFO: Start Process :: 0
1665020382.703579 -- INFO: Throughput @3.1s:0.0Mbps, rtt :0.0ms cwnd: 10.0 lossRate: 0 CC:1 score:-0.0 
1665020382.849948 -- INFO: Changing concurrency to 3 ******
1665020382.851384 -- INFO: Start Process :: 1
1665020382.851714 -- INFO: Process Status Bits from change concurrency are: 1 1 1 0 0 0 0 0 0 0 0 0 0 0 0 0 0 0 0 0 0 0 0 0 0 0 0 0 0 0 0 0
1665020382.851651 -- INFO: Start Process :: 2
1665020382.853261 -- INFO: Active CC: 3
1665020383.705364 -- INFO: Throughput @4.1s:0.0Mbps, rtt :0.0ms cwnd: 7.0 lossRate: 0 CC:3 score:-0.0 
1665020384.706862 -- INFO: Throughput @5.1s:0.0Mbps, rtt :0.0ms cwnd: 1.0 lossRate: 0 CC:3 score:-0.0 
1665020385.654251 -- INFO: Start Process :: 0
1665020385.707708 -- INFO: Throughput @6.1s:0.0Mbps, rtt :0.0ms cwnd: 4.0 lossRate: 0 CC:3 score:-0.0 
1665020385.855196 -- INFO: Start Process :: 1
1665020385.855409 -- INFO: Start Process :: 2
