1664844118.944262 -- INFO: Changing concurrency to 1 ******
1664844118.946634 -- INFO: Start Process :: 0
1664844118.952714 -- INFO: Process Status Bits from change concurrency are: 1 0 0 0 0 0 0 0 0 0 0 0 0 0 0 0 0 0 0 0 0 0 0 0 0 0 0 0 0 0 0 0
1664844118.959388 -- INFO: Active CC: 1
1664844118.986284 -- INFO: Process 0 get item 0 from queue and executing
1664844118.987297 -- INFO: starting 0, 0, /users/jamilm/files_to_Send/FILE2
1664844119.013253 -- INFO: Throughput @0.1s:8.34Mbps, rtt :38.58ms cwnd: 10.0 lossRate: 0.0 CC:1 score:-8.0 
1664844120.013831 -- INFO: Throughput @1.1s:9.17Mbps, rtt :38.82ms cwnd: 31.0 lossRate: 0.0056657223796034 CC:1 score:-8.0 
1664844121.012429 -- INFO: Throughput @2.1s:6.44Mbps, rtt :39.14ms cwnd: 14.0 lossRate: 0.014519056261343012 CC:1 score:-5.0 
1664844122.010686 -- INFO: Throughput @3.1s:4.69Mbps, rtt :38.63ms cwnd: 16.0 lossRate: 0.0048543689320388345 CC:1 score:-4.0 
1664844122.166176 -- INFO: Changing concurrency to 3 ******
1664844122.170110 -- INFO: Start Process :: 1
1664844122.170033 -- INFO: Start Process :: 2
1664844122.172500 -- INFO: Process Status Bits from change concurrency are: 1 1 1 0 0 0 0 0 0 0 0 0 0 0 0 0 0 0 0 0 0 0 0 0 0 0 0 0 0 0 0 0
1664844122.178128 -- INFO: Active CC: 3
1664844122.210264 -- INFO: Process 2 get item 1 from queue and executing
1664844122.210565 -- INFO: Process 1 get item 2 from queue and executing
1664844122.210960 -- INFO: starting 2, 1, /users/jamilm/files_to_Send/FILE1
1664844122.210952 -- INFO: starting 1, 2, /users/jamilm/files_to_Send/FILE0
1664844123.013316 -- INFO: Throughput @4.1s:32.01Mbps, rtt :38.59ms cwnd: 50.0 lossRate: 0.001784121320249777 CC:3 score:-30.0 
1664844124.012865 -- INFO: Throughput @5.1s:24.98Mbps, rtt :39.05ms cwnd: 17.3 lossRate: 0.014955134596211365 CC:3 score:-20.0 
1664844125.009917 -- INFO: Throughput @6.1s:14.08Mbps, rtt :39.95ms cwnd: 20.7 lossRate: 0.004447739065974796 CC:3 score:-13.0 
1664844125.379485 -- INFO: Gradient: -7.666666666666666, Gredient Change: 1.352941176470588, Theta: 1, Previous CC: 2, Choosen CC: 5
1664844125.379607 -- INFO: Changing concurrency to 4 ******
1664844125.382166 -- INFO: Start Process :: 3
1664844125.384839 -- INFO: Process Status Bits from change concurrency are: 1 1 1 1 0 0 0 0 0 0 0 0 0 0 0 0 0 0 0 0 0 0 0 0 0 0 0 0 0 0 0 0
1664844125.392640 -- INFO: Active CC: 4
1664844125.422719 -- INFO: Process 3 get item 3 from queue and executing
1664844125.423297 -- INFO: starting 3, 3, /users/jamilm/files_to_Send/FILE3
1664844126.012746 -- INFO: Throughput @7.1s:26.09Mbps, rtt :39.12ms cwnd: 28.2 lossRate: 0.005594405594405594 CC:4 score:-23.0 
1664844127.015748 -- INFO: Throughput @8.1s:35.15Mbps, rtt :39.13ms cwnd: 26.8 lossRate: 0.0040747028862478775 CC:4 score:-31.0 
1664844128.015767 -- INFO: Throughput @9.1s:30.94Mbps, rtt :39.11ms cwnd: 28.8 lossRate: 0.004574914220358368 CC:4 score:-27.0 
1664844128.593818 -- INFO: Changing concurrency to 6 ******
1664844128.598216 -- INFO: Start Process :: 4
1664844128.598220 -- INFO: Start Process :: 5
1664844128.601333 -- INFO: Process Status Bits from change concurrency are: 1 1 1 1 1 1 0 0 0 0 0 0 0 0 0 0 0 0 0 0 0 0 0 0 0 0 0 0 0 0 0 0
1664844128.607140 -- INFO: Active CC: 6
1664844128.638161 -- INFO: Process 4 get item 4 from queue and executing
1664844128.638558 -- INFO: starting 4, 4, /users/jamilm/files_to_Send/FILE2
1664844128.638782 -- INFO: Process 5 get item 5 from queue and executing
1664844128.639194 -- INFO: starting 5, 5, /users/jamilm/files_to_Send/FILE1
1664844129.016372 -- INFO: Throughput @10.1s:46.47Mbps, rtt :39.3ms cwnd: 26.5 lossRate: 0.0049764998617638926 CC:6 score:-39.0 
1664844130.021873 -- INFO: Throughput @11.1s:44.62Mbps, rtt :39.32ms cwnd: 27.7 lossRate: 0.004899432697266632 CC:6 score:-37.0 
1664844131.018637 -- INFO: Throughput @12.1s:45.02Mbps, rtt :39.19ms cwnd: 29.3 lossRate: 0.003099974166881943 CC:6 score:-39.0 
1664844131.808401 -- INFO: Gradient: -5.666666666666668, Gredient Change: 0.2098765432098766, Theta: 2, Previous CC: 5, Choosen CC: 9
1664844131.808567 -- INFO: Changing concurrency to 8 ******
1664844131.813408 -- INFO: Process Status Bits from change concurrency are: 1 1 1 1 1 1 1 1 0 0 0 0 0 0 0 0 0 0 0 0 0 0 0 0 0 0 0 0 0 0 0 0
1664844131.813968 -- INFO: Start Process :: 6
1664844131.815208 -- INFO: Start Process :: 7
1664844131.819288 -- INFO: Active CC: 8
1664844131.854139 -- INFO: Process 6 get item 6 from queue and executing
1664844131.854679 -- INFO: starting 6, 6, /users/jamilm/files_to_Send/FILE0
1664844131.855408 -- INFO: Process 7 get item 7 from queue and executing
1664844131.855870 -- INFO: starting 7, 7, /users/jamilm/files_to_Send/FILE3
1664844132.023360 -- INFO: Throughput @13.1s:53.52Mbps, rtt :39.13ms cwnd: 28.1 lossRate: 0.005219454329774615 CC:8 score:-43.0 
1664844133.023504 -- INFO: Throughput @14.1s:61.15Mbps, rtt :39.5ms cwnd: 25.8 lossRate: 0.005700171005130154 CC:8 score:-49.0 
1664844134.025968 -- INFO: Throughput @15.1s:63.46Mbps, rtt :39.47ms cwnd: 25.0 lossRate: 0.004477611940298508 CC:8 score:-51.0 
1664844135.020528 -- INFO: Changing concurrency to 10 ******
1664844135.025236 -- INFO: Process Status Bits from change concurrency are: 1 1 1 1 1 1 1 1 1 1 0 0 0 0 0 0 0 0 0 0 0 0 0 0 0 0 0 0 0 0 0 0
1664844135.025711 -- INFO: Throughput @16.1s:54.23Mbps, rtt :39.44ms cwnd: 24.9 lossRate: 0.004973062577704103 CC:8 score:-44.0 
1664844135.025306 -- INFO: Start Process :: 8
1664844135.027761 -- INFO: Start Process :: 9
1664844135.029204 -- INFO: Active CC: 10
1664844135.065269 -- INFO: Process 8 get item 8 from queue and executing
1664844135.065714 -- INFO: starting 8, 8, /users/jamilm/files_to_Send/FILE2
1664844135.068134 -- INFO: Process 9 get item 9 from queue and executing
1664844135.068649 -- INFO: starting 9, 9, /users/jamilm/files_to_Send/FILE1
1664844136.024054 -- INFO: Throughput @17.1s:109.68Mbps, rtt :39.13ms cwnd: 42.0 lossRate: 0.003017291400719508 CC:10 score:-87.0 
1664844137.027112 -- INFO: Throughput @18.1s:99.85Mbps, rtt :39.97ms cwnd: 24.9 lossRate: 0.006102877070619006 CC:10 score:-76.0 
1664844138.028564 -- INFO: Throughput @19.1s:67.55Mbps, rtt :39.12ms cwnd: 23.3 lossRate: 0.004893165878323275 CC:10 score:-52.0 
1664844138.230462 -- INFO: Gradient: -12.000000000000004, Gredient Change: 0.25174825174825183, Theta: 3, Previous CC: 9, Choosen CC: 18
1664844138.230610 -- INFO: Changing concurrency to 17 ******
1664844138.234414 -- INFO: Process Status Bits from change concurrency are: 1 1 1 1 1 1 1 1 1 1 1 1 1 1 1 1 1 0 0 0 0 0 0 0 0 0 0 0 0 0 0 0
1664844138.236262 -- INFO: Start Process :: 16
1664844138.237624 -- INFO: Active CC: 17
1664844138.237211 -- INFO: Start Process :: 12
1664844138.239688 -- INFO: Start Process :: 15
1664844138.240525 -- INFO: Start Process :: 11
1664844138.240803 -- INFO: Start Process :: 10
1664844138.241053 -- INFO: Start Process :: 13
1664844138.241598 -- INFO: Start Process :: 14
1664844138.276191 -- INFO: Process 16 get item 10 from queue and executing
1664844138.276587 -- INFO: starting 16, 10, /users/jamilm/files_to_Send/FILE0
1664844138.277240 -- INFO: Process 12 get item 11 from queue and executing
1664844138.277657 -- INFO: starting 12, 11, /users/jamilm/files_to_Send/FILE3
1664844138.279596 -- INFO: Process 15 get item 12 from queue and executing
1664844138.279910 -- INFO: starting 15, 12, /users/jamilm/files_to_Send/FILE2
1664844138.280545 -- INFO: Process 11 get item 13 from queue and executing
1664844138.280810 -- INFO: starting 11, 13, /users/jamilm/files_to_Send/FILE1
1664844138.281122 -- INFO: Process 10 get item 14 from queue and executing
1664844138.281522 -- INFO: Process 13 get item 15 from queue and executing
1664844138.281599 -- INFO: starting 10, 14, /users/jamilm/files_to_Send/FILE0
1664844138.281968 -- INFO: starting 13, 15, /users/jamilm/files_to_Send/FILE3
1664844138.281989 -- INFO: Process 14 get item 16 from queue and executing
1664844138.282373 -- INFO: starting 14, 16, /users/jamilm/files_to_Send/FILE2
1664844139.026510 -- INFO: Throughput @20.1s:140.86Mbps, rtt :39.28ms cwnd: 25.8 lossRate: 0.005856383457969187 CC:17 score:-92.0 
1664844140.026965 -- INFO: Throughput @21.1s:129.54Mbps, rtt :39.4ms cwnd: 23.8 lossRate: 0.004920273348519362 CC:17 score:-86.0 
1664844141.030085 -- INFO: Throughput @22.1s:117.25Mbps, rtt :39.28ms cwnd: 23.5 lossRate: 0.005094905094905095 CC:17 score:-78.0 
1664844141.438637 -- INFO: Changing concurrency to 19 ******
1664844141.440008 -- INFO: Process Status Bits from change concurrency are: 1 1 1 1 1 1 1 1 1 1 1 1 1 1 1 1 1 1 1 0 0 0 0 0 0 0 0 0 0 0 0 0
1664844141.441653 -- INFO: Active CC: 19
1664844141.441790 -- INFO: Start Process :: 17
1664844141.443485 -- INFO: Start Process :: 18
1664844141.481503 -- INFO: Process 17 get item 17 from queue and executing
1664844141.481806 -- INFO: starting 17, 17, /users/jamilm/files_to_Send/FILE1
1664844141.483716 -- INFO: Process 18 get item 18 from queue and executing
1664844141.484181 -- INFO: starting 18, 18, /users/jamilm/files_to_Send/FILE0
1664844142.028294 -- INFO: Throughput @23.1s:122.26Mbps, rtt :39.66ms cwnd: 22.2 lossRate: 0.006685130360042021 CC:19 score:-76.0 
1664844143.030259 -- INFO: Throughput @24.1s:121.54Mbps, rtt :39.41ms cwnd: 20.4 lossRate: 0.00691494616220488 CC:19 score:-75.0 
1664844144.031231 -- INFO: Throughput @25.1s:116.24Mbps, rtt :40.22ms cwnd: 20.6 lossRate: 0.0056179775280898875 CC:19 score:-73.0 
1664844144.642876 -- INFO: Gradient: 5.333333333333329, Gredient Change: 0.062499999999999944, Theta: -1, Previous CC: 18, Choosen CC: 16
1664844144.643043 -- INFO: Changing concurrency to 15 ******
1664844144.644510 -- INFO: Process Status Bits from change concurrency are: 1 1 1 1 1 1 1 1 1 1 1 1 1 1 1 0 0 0 0 0 0 0 0 0 0 0 0 0 0 0 0 0
1664844144.646015 -- INFO: Active CC: 15
1664844145.034948 -- INFO: Throughput @26.1s:112.37Mbps, rtt :39.81ms cwnd: 23.1 lossRate: 0.0051005394801373225 CC:15 score:-78.0 
1664844146.035479 -- INFO: Throughput @27.1s:99.77Mbps, rtt :39.63ms cwnd: 22.8 lossRate: 0 CC:15 score:-74.0 
1664844147.037389 -- INFO: Throughput @28.1s:101.97Mbps, rtt :39.11ms cwnd: 23.5 lossRate: 0.004784143979952159 CC:15 score:-71.0 
1664844147.847299 -- INFO: Changing concurrency to 17 ******
1664844147.849344 -- INFO: Process Status Bits from change concurrency are: 1 1 1 1 1 1 1 1 1 1 1 1 1 1 1 1 1 0 0 0 0 0 0 0 0 0 0 0 0 0 0 0
1664844147.849551 -- INFO: Start Process :: 16
1664844147.850022 -- INFO: Start Process :: 15
1664844147.851192 -- INFO: Active CC: 17
1664844147.888892 -- INFO: Process 16 get item 19 from queue and executing
1664844147.889585 -- INFO: starting 16, 19, /users/jamilm/files_to_Send/FILE3
1664844147.889838 -- INFO: Process 15 get item 20 from queue and executing
1664844147.890440 -- INFO: starting 15, 20, /users/jamilm/files_to_Send/FILE2
1664844148.037308 -- INFO: Throughput @29.1s:107.36Mbps, rtt :39.2ms cwnd: 21.3 lossRate: 0.005298013245033113 CC:17 score:-71.0 
1664844149.040838 -- INFO: Throughput @30.1s:109.13Mbps, rtt :39.84ms cwnd: 20.7 lossRate: 0.006613900032527377 CC:17 score:-71.0 
1664844150.039134 -- INFO: Throughput @31.1s:105.3Mbps, rtt :39.79ms cwnd: 21.5 lossRate: 0.005239602663464687 CC:17 score:-70.0 
1664844151.038483 -- INFO: Throughput @32.1s:118.41Mbps, rtt :39.24ms cwnd: 26.1 lossRate: 0.0032464432349852 CC:17 score:-81.0 
1664844151.052461 -- INFO: Gradient: 0.1666666666666643, Gredient Change: 0.0022421524663676813, Theta: -2, Previous CC: 16, Choosen CC: 14
1664844151.052635 -- INFO: Changing concurrency to 13 ******
1664844151.054689 -- INFO: Process Status Bits from change concurrency are: 1 1 1 1 1 1 1 1 1 1 1 1 1 0 0 0 0 0 0 0 0 0 0 0 0 0 0 0 0 0 0 0
1664844151.056350 -- INFO: Active CC: 13
1664844152.039180 -- INFO: Throughput @33.1s:110.83Mbps, rtt :39.64ms cwnd: 22.6 lossRate: 0 CC:13 score:-86.0 
1664844153.039064 -- INFO: Throughput @34.1s:86.48Mbps, rtt :39.67ms cwnd: 21.5 lossRate: 0.0057080728458820335 CC:13 score:-62.0 
1664844154.042419 -- INFO: Throughput @35.1s:84.64Mbps, rtt :39.14ms cwnd: 23.4 lossRate: 0.004062377145852444 CC:13 score:-62.0 
1664844154.257524 -- INFO: Changing concurrency to 15 ******
1664844154.259193 -- INFO: Start Process :: 14
1664844154.259384 -- INFO: Start Process :: 13
1664844154.260108 -- INFO: Process Status Bits from change concurrency are: 1 1 1 1 1 1 1 1 1 1 1 1 1 1 1 0 0 0 0 0 0 0 0 0 0 0 0 0 0 0 0 0
1664844154.263110 -- INFO: Active CC: 15
1664844154.298757 -- INFO: Process 14 get item 21 from queue and executing
1664844154.298838 -- INFO: Process 13 get item 22 from queue and executing
1664844154.299460 -- INFO: starting 13, 22, /users/jamilm/files_to_Send/FILE0
1664844154.299640 -- INFO: starting 14, 21, /users/jamilm/files_to_Send/FILE1
1664844155.045477 -- INFO: Throughput @36.1s:95.75Mbps, rtt :39.38ms cwnd: 21.9 lossRate: 0.005649023701338573 CC:15 score:-66.0 
1664844156.047093 -- INFO: Throughput @37.1s:107.27Mbps, rtt :39.7ms cwnd: 24.7 lossRate: 0.004684363149676556 CC:15 score:-75.0 
1664844157.043333 -- INFO: Throughput @38.1s:104.26Mbps, rtt :39.51ms cwnd: 22.9 lossRate: 0.0054255679891488644 CC:15 score:-72.0 
1664844157.464416 -- INFO: Gradient: -0.5, Gredient Change: 0.007142857142857143, Theta: 1, Previous CC: 14, Choosen CC: 15
1664844157.464586 -- INFO: Changing concurrency to 14 ******
1664844157.466192 -- INFO: Process Status Bits from change concurrency are: 1 1 1 1 1 1 1 1 1 1 1 1 1 1 0 0 0 0 0 0 0 0 0 0 0 0 0 0 0 0 0 0
1664844157.468704 -- INFO: Active CC: 14
1664844158.048887 -- INFO: Throughput @39.1s:97.12Mbps, rtt :39.32ms cwnd: 24.3 lossRate: 0.0032397408207343412 CC:14 score:-70.0 
1664844159.050289 -- INFO: Throughput @40.1s:108.95Mbps, rtt :39.76ms cwnd: 24.6 lossRate: 0.004576160383525822 CC:14 score:-78.0 
1664844160.050709 -- INFO: Throughput @41.1s:103.93Mbps, rtt :38.97ms cwnd: 25.8 lossRate: 0.004156836310526907 CC:14 score:-74.0 
1664844160.669860 -- INFO: Changing concurrency to 16 ******
1664844160.672764 -- INFO: Process Status Bits from change concurrency are: 1 1 1 1 1 1 1 1 1 1 1 1 1 1 1 1 0 0 0 0 0 0 0 0 0 0 0 0 0 0 0 0
1664844160.672589 -- INFO: Start Process :: 14
1664844160.672730 -- INFO: Start Process :: 15
1664844160.675769 -- INFO: Active CC: 16
1664844160.712302 -- INFO: Process 14 get item 23 from queue and executing
1664844160.712397 -- INFO: Process 15 get item 24 from queue and executing
1664844160.712765 -- INFO: starting 14, 23, /users/jamilm/files_to_Send/FILE3
1664844160.712923 -- INFO: starting 15, 24, /users/jamilm/files_to_Send/FILE2
1664844161.050139 -- INFO: Throughput @42.1s:109.03Mbps, rtt :39.62ms cwnd: 23.5 lossRate: 0.004864028299801017 CC:16 score:-74.0 
1664844162.052747 -- INFO: Throughput @43.1s:119.63Mbps, rtt :39.07ms cwnd: 24.2 lossRate: 0.004320927035254837 CC:16 score:-82.0 
1664844163.050729 -- INFO: Throughput @44.1s:114.88Mbps, rtt :39.4ms cwnd: 25.1 lossRate: 0.004303442754203362 CC:16 score:-79.0 
1664844163.877032 -- INFO: Gradient: -2.1666666666666643, Gredient Change: 0.029279279279279247, Theta: 2, Previous CC: 15, Choosen CC: 17
1664844163.877202 -- INFO: Changing concurrency to 16 ******
1664844163.879726 -- INFO: Process Status Bits from change concurrency are: 1 1 1 1 1 1 1 1 1 1 1 1 1 1 1 1 0 0 0 0 0 0 0 0 0 0 0 0 0 0 0 0
1664844163.882299 -- INFO: Active CC: 16
1664844164.052566 -- INFO: Throughput @45.1s:101.29Mbps, rtt :39.47ms cwnd: 21.6 lossRate: 0.006688608132498142 CC:16 score:-67.0 
1664844165.055158 -- INFO: Throughput @46.1s:118.02Mbps, rtt :39.34ms cwnd: 24.9 lossRate: 0.003384615384615385 CC:16 score:-82.0 
1664844166.056720 -- INFO: Throughput @47.1s:113.9Mbps, rtt :39.5ms cwnd: 25.4 lossRate: 0.004156769596199525 CC:16 score:-78.0 
1664844167.057413 -- INFO: Throughput @48.1s:117.93Mbps, rtt :39.72ms cwnd: 22.9 lossRate: 0.005836981446737544 CC:16 score:-79.0 
1664844167.083559 -- INFO: Changing concurrency to 18 ******
1664844167.086030 -- INFO: Process Status Bits from change concurrency are: 1 1 1 1 1 1 1 1 1 1 1 1 1 1 1 1 1 1 0 0 0 0 0 0 0 0 0 0 0 0 0 0
1664844167.086200 -- INFO: Start Process :: 17
1664844167.087885 -- INFO: Active CC: 18
1664844167.087484 -- INFO: Start Process :: 16
1664844167.126179 -- INFO: Process 17 get item 25 from queue and executing
1664844167.126779 -- INFO: starting 17, 25, /users/jamilm/files_to_Send/FILE1
1664844167.128053 -- INFO: Process 16 get item 26 from queue and executing
1664844167.128863 -- INFO: starting 16, 26, /users/jamilm/files_to_Send/FILE0
1664844168.056784 -- INFO: Throughput @49.1s:109.03Mbps, rtt :39.33ms cwnd: 20.6 lossRate: 0.005887129516849371 CC:18 score:-70.0 
1664844169.058092 -- INFO: Throughput @50.1s:119.85Mbps, rtt :40.01ms cwnd: 22.6 lossRate: 0.0044217352854475775 CC:18 score:-79.0 
1664844170.059638 -- INFO: Throughput @51.1s:115.45Mbps, rtt :39.51ms cwnd: 23.5 lossRate: 0.0049485736464195615 CC:18 score:-75.0 
1664844170.289050 -- INFO: Gradient: 2.5, Gredient Change: 0.03138075313807531, Theta: -1, Previous CC: 17, Choosen CC: 16
1664844170.289214 -- INFO: Changing concurrency to 15 ******
1664844170.290914 -- INFO: Process Status Bits from change concurrency are: 1 1 1 1 1 1 1 1 1 1 1 1 1 1 1 0 0 0 0 0 0 0 0 0 0 0 0 0 0 0 0 0
1664844170.293052 -- INFO: Active CC: 15
1664844171.061733 -- INFO: Throughput @52.1s:115.71Mbps, rtt :39.74ms cwnd: 24.7 lossRate: 0.0009082652134423251 CC:15 score:-85.0 
1664844172.061932 -- INFO: Throughput @53.1s:100.53Mbps, rtt :39.42ms cwnd: 21.1 lossRate: 0.005743084857008907 CC:15 score:-69.0 
1664844173.062692 -- INFO: Throughput @54.1s:95.62Mbps, rtt :39.71ms cwnd: 25.5 lossRate: 0.003917953445494353 CC:15 score:-67.0 
1664844173.494218 -- INFO: Changing concurrency to 17 ******
1664844173.495897 -- INFO: Start Process :: 16
1664844173.496449 -- INFO: Process Status Bits from change concurrency are: 1 1 1 1 1 1 1 1 1 1 1 1 1 1 1 1 1 0 0 0 0 0 0 0 0 0 0 0 0 0 0 0
1664844173.496684 -- INFO: Start Process :: 15
1664844173.498800 -- INFO: Active CC: 17
1664844173.535241 -- INFO: Process 16 get item 27 from queue and executing
1664844173.535665 -- INFO: starting 16, 27, /users/jamilm/files_to_Send/FILE3
1664844173.536380 -- INFO: Process 15 get item 28 from queue and executing
1664844173.536830 -- INFO: starting 15, 28, /users/jamilm/files_to_Send/FILE2
1664844174.063596 -- INFO: Throughput @55.1s:116.1Mbps, rtt :39.43ms cwnd: 22.6 lossRate: 0.005866882460044507 CC:17 score:-76.0 
1664844175.065333 -- INFO: Throughput @56.1s:112.31Mbps, rtt :39.73ms cwnd: 20.7 lossRate: 0.006276807197405586 CC:17 score:-73.0 
1664844176.063407 -- INFO: Throughput @57.1s:110.05Mbps, rtt :39.61ms cwnd: 23.4 lossRate: 0.0038914490527393753 CC:17 score:-74.0 
1664844176.699938 -- INFO: Gradient: -0.3333333333333286, Gredient Change: 0.00452488687782799, Theta: 1, Previous CC: 16, Choosen CC: 17
1664844176.700123 -- INFO: Changing concurrency to 16 ******
1664844176.703376 -- INFO: Process Status Bits from change concurrency are: 1 1 1 1 1 1 1 1 1 1 1 1 1 1 1 1 0 0 0 0 0 0 0 0 0 0 0 0 0 0 0 0
1664844176.705775 -- INFO: Active CC: 16
1664844177.064318 -- INFO: Throughput @58.1s:116.53Mbps, rtt :39.4ms cwnd: 22.8 lossRate: 0.005202175455190352 CC:16 score:-79.0 
1664844178.068556 -- INFO: Throughput @59.1s:107.52Mbps, rtt :39.42ms cwnd: 22.6 lossRate: 0.0050772159932303785 CC:16 score:-73.0 
1664844179.066991 -- INFO: Throughput @60.1s:107.75Mbps, rtt :39.51ms cwnd: 23.3 lossRate: 0.005208898534997287 CC:16 score:-73.0 
1664844179.906959 -- INFO: Changing concurrency to 18 ******
1664844179.908878 -- INFO: Start Process :: 17
1664844179.909480 -- INFO: Process Status Bits from change concurrency are: 1 1 1 1 1 1 1 1 1 1 1 1 1 1 1 1 1 1 0 0 0 0 0 0 0 0 0 0 0 0 0 0
1664844179.909669 -- INFO: Start Process :: 16
1664844179.912143 -- INFO: Active CC: 18
1664844179.948323 -- INFO: Process 17 get item 29 from queue and executing
1664844179.948735 -- INFO: starting 17, 29, /users/jamilm/files_to_Send/FILE1
1664844179.949296 -- INFO: Process 16 get item 30 from queue and executing
1664844179.949857 -- INFO: starting 16, 30, /users/jamilm/files_to_Send/FILE0
1664844180.067569 -- INFO: Throughput @61.1s:106.0Mbps, rtt :39.23ms cwnd: 23.2 lossRate: 0.004943725675817819 CC:18 score:-69.0 
1664844181.070724 -- INFO: Throughput @62.1s:118.62Mbps, rtt :39.28ms cwnd: 22.9 lossRate: 0.005369394451625733 CC:18 score:-77.0 
1664844182.069590 -- INFO: Throughput @63.1s:123.48Mbps, rtt :39.51ms cwnd: 23.7 lossRate: 0.00488974113135187 CC:18 score:-80.0 
1664844183.072122 -- INFO: Throughput @64.1s:128.11Mbps, rtt :39.25ms cwnd: 27.2 lossRate: 0.0028193832599118945 CC:18 score:-86.0 
1664844183.113313 -- INFO: Gradient: -3.0, Gredient Change: 0.04, Theta: 2, Previous CC: 17, Choosen CC: 19
1664844183.113506 -- INFO: Changing concurrency to 18 ******
1664844183.115401 -- INFO: Process Status Bits from change concurrency are: 1 1 1 1 1 1 1 1 1 1 1 1 1 1 1 1 1 1 0 0 0 0 0 0 0 0 0 0 0 0 0 0
1664844183.117421 -- INFO: Active CC: 18
1664844184.073403 -- INFO: Throughput @65.1s:142.06Mbps, rtt :39.36ms cwnd: 27.0 lossRate: 0.0042695688572624525 CC:18 score:-93.0 
1664844185.075221 -- INFO: Throughput @66.1s:144.77Mbps, rtt :39.38ms cwnd: 27.7 lossRate: 0.003712480252764613 CC:18 score:-96.0 
1664844186.076565 -- INFO: Throughput @67.1s:134.72Mbps, rtt :39.45ms cwnd: 24.2 lossRate: 0.005698497668796408 CC:18 score:-87.0 
1664844186.318741 -- INFO: Changing concurrency to 20 ******
1664844186.320626 -- INFO: Process Status Bits from change concurrency are: 1 1 1 1 1 1 1 1 1 1 1 1 1 1 1 1 1 1 1 1 0 0 0 0 0 0 0 0 0 0 0 0
1664844186.321367 -- INFO: Start Process :: 18
1664844186.322776 -- INFO: Active CC: 20
1664844186.322791 -- INFO: Start Process :: 19
1664844186.361419 -- INFO: Process 18 get item 31 from queue and executing
1664844186.362090 -- INFO: starting 18, 31, /users/jamilm/files_to_Send/FILE3
1664844186.362599 -- INFO: Process 19 get item 17 from queue and executing
1664844186.362911 -- INFO: starting 19, 17, /users/jamilm/files_to_Send/FILE1
1664844187.071447 -- INFO: Throughput @68.1s:142.07Mbps, rtt :39.16ms cwnd: 24.2 lossRate: 0.0038041278834479966 CC:20 score:-90.0 
1664844188.075578 -- INFO: Throughput @69.1s:148.76Mbps, rtt :39.27ms cwnd: 24.2 lossRate: 0.004662557294136242 CC:20 score:-93.0 
1664844189.074968 -- INFO: Throughput @70.1s:135.01Mbps, rtt :39.2ms cwnd: 24.3 lossRate: 0.005055611729019211 CC:20 score:-84.0 
1664844189.523958 -- INFO: Gradient: 1.5, Gredient Change: 0.016304347826086956, Theta: -1, Previous CC: 19, Choosen CC: 18
1664844189.524114 -- INFO: Changing concurrency to 17 ******
1664844189.525220 -- INFO: Process Status Bits from change concurrency are: 1 1 1 1 1 1 1 1 1 1 1 1 1 1 1 1 1 0 0 0 0 0 0 0 0 0 0 0 0 0 0 0
1664844189.526083 -- INFO: Active CC: 17
1664844190.077369 -- INFO: Throughput @71.1s:135.18Mbps, rtt :39.34ms cwnd: 23.8 lossRate: 0.008501594048884165 CC:17 score:-85.0 
1664844191.081665 -- INFO: Throughput @72.1s:101.51Mbps, rtt :39.65ms cwnd: 20.7 lossRate: 0.006226516371443907 CC:17 score:-66.0 
1664844192.080564 -- INFO: Throughput @73.1s:116.44Mbps, rtt :39.2ms cwnd: 21.4 lossRate: 0.0049297251940423744 CC:17 score:-77.0 
1664844192.727179 -- INFO: Changing concurrency to 19 ******
1664844192.728837 -- INFO: Start Process :: 17
1664844192.728973 -- INFO: Start Process :: 18
1664844192.729445 -- INFO: Process Status Bits from change concurrency are: 1 1 1 1 1 1 1 1 1 1 1 1 1 1 1 1 1 1 1 0 0 0 0 0 0 0 0 0 0 0 0 0
1664844192.730810 -- INFO: Active CC: 19
1664844192.768357 -- INFO: Process 17 get item 12 from queue and executing
1664844192.768501 -- INFO: Process 18 get item 18 from queue and executing
1664844192.768708 -- INFO: starting 17, 12, /users/jamilm/files_to_Send/FILE2
1664844192.768868 -- INFO: starting 18, 18, /users/jamilm/files_to_Send/FILE0
1664844193.080504 -- INFO: Throughput @74.1s:114.11Mbps, rtt :39.53ms cwnd: 23.4 lossRate: 0.0045045045045045045 CC:19 score:-73.0 
1664844194.079833 -- INFO: Throughput @75.1s:146.69Mbps, rtt :39.4ms cwnd: 24.3 lossRate: 0.00438382854359474 CC:19 score:-94.0 
1664844195.081722 -- INFO: Throughput @76.1s:129.67Mbps, rtt :39.59ms cwnd: 23.3 lossRate: 0.004700452952739082 CC:19 score:-83.0 
1664844195.931948 -- INFO: Gradient: -3.6666666666666643, Gredient Change: 0.04824561403508769, Theta: 1, Previous CC: 18, Choosen CC: 19
1664844195.932116 -- INFO: Changing concurrency to 18 ******
1664844195.933171 -- INFO: Process Status Bits from change concurrency are: 1 1 1 1 1 1 1 1 1 1 1 1 1 1 1 1 1 1 0 0 0 0 0 0 0 0 0 0 0 0 0 0
1664844195.934252 -- INFO: Active CC: 18
1664844196.082315 -- INFO: Throughput @77.1s:131.2Mbps, rtt :39.46ms cwnd: 25.0 lossRate: 0.004178149168815006 CC:18 score:-86.0 
1664844197.084834 -- INFO: Throughput @78.1s:135.2Mbps, rtt :39.55ms cwnd: 24.9 lossRate: 0.004797258709308966 CC:18 score:-88.0 
1664844198.087236 -- INFO: Throughput @79.1s:130.74Mbps, rtt :39.43ms cwnd: 24.8 lossRate: 0.0039026820559661213 CC:18 score:-86.0 
1664844199.086865 -- INFO: Throughput @80.1s:129.24Mbps, rtt :39.1ms cwnd: 24.1 lossRate: 0.005384194196021172 CC:18 score:-84.0 
1664844199.135447 -- INFO: Changing concurrency to 20 ******
1664844199.136724 -- INFO: Start Process :: 19
1664844199.137077 -- INFO: Process Status Bits from change concurrency are: 1 1 1 1 1 1 1 1 1 1 1 1 1 1 1 1 1 1 1 1 0 0 0 0 0 0 0 0 0 0 0 0
1664844199.136977 -- INFO: Start Process :: 18
1664844199.138699 -- INFO: Active CC: 20
1664844199.176102 -- INFO: Process 19 get item 10 from queue and executing
1664844199.176509 -- INFO: Process 18 get item 20 from queue and executing
1664844199.176627 -- INFO: starting 19, 10, /users/jamilm/files_to_Send/FILE0
1664844199.176891 -- INFO: starting 18, 20, /users/jamilm/files_to_Send/FILE2
1664844200.085384 -- INFO: Throughput @81.1s:133.14Mbps, rtt :39.61ms cwnd: 21.3 lossRate: 0.006597717546362339 CC:20 score:-81.0 
1664844201.085374 -- INFO: Throughput @82.1s:126.05Mbps, rtt :39.57ms cwnd: 22.6 lossRate: 0.005424464334147003 CC:20 score:-78.0 
1664844202.087708 -- INFO: Throughput @83.1s:142.23Mbps, rtt :39.76ms cwnd: 22.6 lossRate: 0.004921928038017651 CC:20 score:-89.0 
1664844202.339980 -- INFO: Gradient: 1.6666666666666643, Gredient Change: 0.019379844961240282, Theta: -1, Previous CC: 19, Choosen CC: 18
1664844202.340143 -- INFO: Changing concurrency to 17 ******
1664844202.341387 -- INFO: Process Status Bits from change concurrency are: 1 1 1 1 1 1 1 1 1 1 1 1 1 1 1 1 1 0 0 0 0 0 0 0 0 0 0 0 0 0 0 0
1664844202.342435 -- INFO: Active CC: 17
1664844203.090076 -- INFO: Throughput @84.1s:125.01Mbps, rtt :39.8ms cwnd: 24.5 lossRate: 0 CC:17 score:-89.0 
1664844204.091810 -- INFO: Throughput @85.1s:121.24Mbps, rtt :39.25ms cwnd: 22.2 lossRate: 0.0052470902499523 CC:17 score:-80.0 
1664844205.093878 -- INFO: Throughput @86.1s:111.86Mbps, rtt :39.42ms cwnd: 25.6 lossRate: 0.0036055349834340283 CC:17 score:-76.0 
1664844205.543653 -- INFO: Changing concurrency to 19 ******
1664844205.544854 -- INFO: Start Process :: 17
1664844205.545216 -- INFO: Process Status Bits from change concurrency are: 1 1 1 1 1 1 1 1 1 1 1 1 1 1 1 1 1 1 1 0 0 0 0 0 0 0 0 0 0 0 0 0
1664844205.545075 -- INFO: Start Process :: 18
1664844205.546969 -- INFO: Active CC: 19
1664844205.584381 -- INFO: Process 17 get item 19 from queue and executing
1664844205.584502 -- INFO: Process 18 get item 15 from queue and executing
1664844205.584743 -- INFO: starting 17, 19, /users/jamilm/files_to_Send/FILE3
1664844205.584930 -- INFO: starting 18, 15, /users/jamilm/files_to_Send/FILE3
1664844206.092173 -- INFO: Throughput @87.1s:141.7Mbps, rtt :39.77ms cwnd: 24.1 lossRate: 0.005579773321708806 CC:19 score:-89.0 
1664844207.092986 -- INFO: Throughput @88.1s:156.22Mbps, rtt :39.36ms cwnd: 27.1 lossRate: 0.003800217155266015 CC:19 score:-101.0 
1664844208.094777 -- INFO: Throughput @89.1s:127.96Mbps, rtt :39.18ms cwnd: 19.1 lossRate: 0.007437641723356009 CC:19 score:-78.0 
1664844208.747958 -- INFO: Gradient: -3.8333333333333286, Gredient Change: 0.04693877551020402, Theta: 1, Previous CC: 18, Choosen CC: 19
1664844208.748124 -- INFO: Changing concurrency to 18 ******
1664844208.749234 -- INFO: Process Status Bits from change concurrency are: 1 1 1 1 1 1 1 1 1 1 1 1 1 1 1 1 1 1 0 0 0 0 0 0 0 0 0 0 0 0 0 0
1664844208.750439 -- INFO: Active CC: 18
1664844209.096754 -- INFO: Throughput @90.1s:110.42Mbps, rtt :39.25ms cwnd: 20.5 lossRate: 0.005894694774702768 CC:18 score:-71.0 
1664844210.098560 -- INFO: Throughput @91.1s:116.06Mbps, rtt :39.28ms cwnd: 22.1 lossRate: 0.004554655870445344 CC:18 score:-76.0 
1664844211.097460 -- INFO: Throughput @92.1s:110.49Mbps, rtt :39.46ms cwnd: 20.6 lossRate: 0.007195745124621963 CC:18 score:-69.0 
1664844211.951561 -- INFO: Changing concurrency to 20 ******
1664844211.952770 -- INFO: Start Process :: 19
1664844211.953043 -- INFO: Process Status Bits from change concurrency are: 1 1 1 1 1 1 1 1 1 1 1 1 1 1 1 1 1 1 1 1 0 0 0 0 0 0 0 0 0 0 0 0
1664844211.953012 -- INFO: Start Process :: 18
1664844211.954490 -- INFO: Active CC: 20
1664844211.992049 -- INFO: Process 19 get item 16 from queue and executing
1664844211.992425 -- INFO: Process 18 get item 21 from queue and executing
1664844211.992450 -- INFO: starting 19, 16, /users/jamilm/files_to_Send/FILE2
1664844211.992760 -- INFO: starting 18, 21, /users/jamilm/files_to_Send/FILE1
1664844212.098681 -- INFO: Throughput @93.1s:118.4Mbps, rtt :39.32ms cwnd: 21.7 lossRate: 0.0042594385285575995 CC:20 score:-75.0 
1664844213.097363 -- INFO: Throughput @94.1s:137.11Mbps, rtt :39.58ms cwnd: 26.0 lossRate: 0.00429590170976888 CC:20 score:-86.0 
1664844214.101586 -- INFO: Throughput @95.1s:149.32Mbps, rtt :39.12ms cwnd: 23.5 lossRate: 0.00528022931281587 CC:20 score:-93.0 
1664844215.101370 -- INFO: Throughput @96.1s:142.78Mbps, rtt :39.55ms cwnd: 25.0 lossRate: 0.00412076360272475 CC:20 score:-90.0 
1664844215.155623 -- INFO: Gradient: -8.833333333333336, Gredient Change: 0.12268518518518522, Theta: 2, Previous CC: 19, Choosen CC: 25
1664844215.155795 -- INFO: Changing concurrency to 24 ******
1664844215.157135 -- INFO: Process Status Bits from change concurrency are: 1 1 1 1 1 1 1 1 1 1 1 1 1 1 1 1 1 1 1 1 1 1 1 1 0 0 0 0 0 0 0 0
1664844215.158054 -- INFO: Active CC: 24
1664844215.159803 -- INFO: Start Process :: 23
1664844215.160936 -- INFO: Start Process :: 22
1664844215.161158 -- INFO: Start Process :: 21
1664844215.161578 -- INFO: Start Process :: 20
1664844215.200040 -- INFO: Process 23 get item 25 from queue and executing
1664844215.200424 -- INFO: starting 23, 25, /users/jamilm/files_to_Send/FILE1
1664844215.200820 -- INFO: Process 22 get item 24 from queue and executing
1664844215.200925 -- INFO: Process 21 get item 26 from queue and executing
1664844215.201110 -- INFO: starting 22, 24, /users/jamilm/files_to_Send/FILE2
1664844215.201232 -- INFO: starting 21, 26, /users/jamilm/files_to_Send/FILE0
1664844215.201358 -- INFO: Process 20 get item 27 from queue and executing
1664844215.201708 -- INFO: starting 20, 27, /users/jamilm/files_to_Send/FILE3
1664844216.100414 -- INFO: Throughput @97.1s:166.16Mbps, rtt :39.61ms cwnd: 22.8 lossRate: 0.0057509400575094 CC:24 score:-94.0 
1664844217.103373 -- INFO: Throughput @98.1s:159.37Mbps, rtt :39.36ms cwnd: 23.6 lossRate: 0.004930966469428008 CC:24 score:-91.0 
1664844218.102962 -- INFO: Throughput @99.1s:159.72Mbps, rtt :39.76ms cwnd: 21.3 lossRate: 0.005908096280087528 CC:24 score:-90.0 
1664844218.358976 -- INFO: Changing concurrency to 26 ******
1664844218.359524 -- INFO: Process Status Bits from change concurrency are: 1 1 1 1 1 1 1 1 1 1 1 1 1 1 1 1 1 1 1 1 1 1 1 1 1 1 0 0 0 0 0 0
1664844218.360024 -- INFO: Active CC: 26
1664844218.362444 -- INFO: Start Process :: 25
1664844218.362849 -- INFO: Start Process :: 24
1664844218.402661 -- INFO: Process 25 get item 29 from queue and executing
1664844218.402913 -- INFO: starting 25, 29, /users/jamilm/files_to_Send/FILE1
1664844218.403043 -- INFO: Process 24 get item 17 from queue and executing
1664844218.403349 -- INFO: starting 24, 17, /users/jamilm/files_to_Send/FILE1
1664844219.102508 -- INFO: Throughput @100.2s:148.73Mbps, rtt :39.54ms cwnd: 22.8 lossRate: 0.004729680564651095 CC:26 score:-82.0 
1664844220.104201 -- INFO: Throughput @101.2s:177.69Mbps, rtt :39.24ms cwnd: 22.9 lossRate: 0.005416116248348745 CC:26 score:-97.0 
1664844221.107150 -- INFO: Throughput @102.2s:170.34Mbps, rtt :39.38ms cwnd: 22.6 lossRate: 0.005432959957072909 CC:26 score:-93.0 
1664844221.561225 -- INFO: Gradient: 0.5, Gredient Change: 0.005454545454545454, Theta: -1, Previous CC: 25, Choosen CC: 24
1664844221.561394 -- INFO: Changing concurrency to 23 ******
1664844221.561810 -- INFO: Process Status Bits from change concurrency are: 1 1 1 1 1 1 1 1 1 1 1 1 1 1 1 1 1 1 1 1 1 1 1 0 0 0 0 0 0 0 0 0
1664844221.562290 -- INFO: Active CC: 23
1664844222.110097 -- INFO: Throughput @103.2s:160.84Mbps, rtt :39.28ms cwnd: 23.3 lossRate: 0.00481637567730283 CC:23 score:-94.0 
1664844223.110288 -- INFO: Throughput @104.2s:158.9Mbps, rtt :39.64ms cwnd: 23.6 lossRate: 0.004689942678478374 CC:23 score:-93.0 
1664844224.110575 -- INFO: Throughput @105.2s:152.32Mbps, rtt :39.81ms cwnd: 21.4 lossRate: 0.006005771780672334 CC:23 score:-87.0 
1664844224.763544 -- INFO: Changing concurrency to 25 ******
1664844224.764092 -- INFO: Process Status Bits from change concurrency are: 1 1 1 1 1 1 1 1 1 1 1 1 1 1 1 1 1 1 1 1 1 1 1 1 1 0 0 0 0 0 0 0
1664844224.764175 -- INFO: Start Process :: 23
1664844224.764666 -- INFO: Active CC: 25
1664844224.764581 -- INFO: Start Process :: 24
1664844224.803189 -- INFO: Process 23 get item 31 from queue and executing
1664844224.803491 -- INFO: starting 23, 31, /users/jamilm/files_to_Send/FILE3
1664844224.803815 -- INFO: Process 24 get item 18 from queue and executing
1664844224.804198 -- INFO: starting 24, 18, /users/jamilm/files_to_Send/FILE0
1664844225.112376 -- INFO: Throughput @106.2s:151.53Mbps, rtt :39.66ms cwnd: 21.6 lossRate: 0.005058894593778315 CC:25 score:-85.0 
1664844226.112035 -- INFO: Throughput @107.2s:174.07Mbps, rtt :39.43ms cwnd: 23.9 lossRate: 0.004860510020640522 CC:25 score:-98.0 
1664844227.114350 -- INFO: Throughput @108.2s:172.01Mbps, rtt :39.45ms cwnd: 23.5 lossRate: 0.005620577927659856 CC:25 score:-95.0 
1664844227.965839 -- INFO: Gradient: -0.6666666666666714, Gredient Change: 0.007299270072992753, Theta: 1, Previous CC: 24, Choosen CC: 25
1664844227.966008 -- INFO: Changing concurrency to 24 ******
1664844227.966493 -- INFO: Process Status Bits from change concurrency are: 1 1 1 1 1 1 1 1 1 1 1 1 1 1 1 1 1 1 1 1 1 1 1 1 0 0 0 0 0 0 0 0
1664844227.967097 -- INFO: Active CC: 24
1664844228.112316 -- INFO: Throughput @109.2s:171.28Mbps, rtt :39.18ms cwnd: 24.8 lossRate: 0.004740964683248592 CC:24 score:-98.0 
1664844229.116341 -- INFO: Throughput @110.2s:168.18Mbps, rtt :39.58ms cwnd: 23.0 lossRate: 0.006457413764917443 CC:24 score:-94.0 
1664844230.117794 -- INFO: Throughput @111.2s:151.84Mbps, rtt :39.34ms cwnd: 22.1 lossRate: 0.005608856088560886 CC:24 score:-86.0 
1664844231.114186 -- INFO: Throughput @112.2s:154.19Mbps, rtt :39.75ms cwnd: 22.0 lossRate: 0.005445202852979523 CC:24 score:-87.0 
1664844231.168120 -- INFO: Changing concurrency to 26 ******
1664844231.168818 -- INFO: Process Status Bits from change concurrency are: 1 1 1 1 1 1 1 1 1 1 1 1 1 1 1 1 1 1 1 1 1 1 1 1 1 1 0 0 0 0 0 0
1664844231.169009 -- INFO: Start Process :: 25
1664844231.169082 -- INFO: Start Process :: 24
1664844231.169367 -- INFO: Active CC: 26
1664844231.208226 -- INFO: Process 24 get item 20 from queue and executing
1664844231.208318 -- INFO: Process 25 get item 12 from queue and executing
1664844231.208454 -- INFO: starting 24, 20, /users/jamilm/files_to_Send/FILE2
1664844231.208636 -- INFO: starting 25, 12, /users/jamilm/files_to_Send/FILE2
1664844232.119307 -- INFO: Throughput @113.2s:170.78Mbps, rtt :39.64ms cwnd: 24.2 lossRate: 0.004624974864267042 CC:26 score:-94.0 
1664844233.121156 -- INFO: Throughput @114.2s:185.85Mbps, rtt :39.49ms cwnd: 22.8 lossRate: 0.0052794231264486225 CC:26 score:-101.0 
1664844234.122088 -- INFO: Throughput @115.2s:162.71Mbps, rtt :39.88ms cwnd: 21.6 lossRate: 0.0057390817469204925 CC:26 score:-88.0 
1664844234.370570 -- INFO: Gradient: -2.6666666666666643, Gredient Change: 0.029962546816479373, Theta: 2, Previous CC: 25, Choosen CC: 27
1664844234.370730 -- INFO: Changing concurrency to 26 ******
1664844234.371202 -- INFO: Process Status Bits from change concurrency are: 1 1 1 1 1 1 1 1 1 1 1 1 1 1 1 1 1 1 1 1 1 1 1 1 1 1 0 0 0 0 0 0
1664844234.371750 -- INFO: Active CC: 26
1664844235.123044 -- INFO: Throughput @116.2s:172.93Mbps, rtt :39.77ms cwnd: 23.3 lossRate: 0.004336802775553776 CC:26 score:-96.0 
1664844236.124628 -- INFO: Throughput @117.2s:191.6Mbps, rtt :39.35ms cwnd: 25.8 lossRate: 0.00360243311876218 CC:26 score:-108.0 
1664844237.125455 -- INFO: Throughput @118.2s:201.89Mbps, rtt :39.24ms cwnd: 26.6 lossRate: 0.0035410764872521247 CC:26 score:-113.0 
1664844237.572892 -- INFO: Changing concurrency to 28 ******
1664844237.573440 -- INFO: Process Status Bits from change concurrency are: 1 1 1 1 1 1 1 1 1 1 1 1 1 1 1 1 1 1 1 1 1 1 1 1 1 1 1 1 0 0 0 0
1664844237.573726 -- INFO: Active CC: 28
1664844237.576188 -- INFO: Start Process :: 27
1664844237.576410 -- INFO: Start Process :: 26
1664844237.615769 -- INFO: Process 27 get item 10 from queue and executing
1664844237.616047 -- INFO: starting 27, 10, /users/jamilm/files_to_Send/FILE0
1664844237.616639 -- INFO: Process 26 get item 15 from queue and executing
1664844237.616873 -- INFO: starting 26, 15, /users/jamilm/files_to_Send/FILE3
1664844238.123806 -- INFO: Throughput @119.2s:203.84Mbps, rtt :39.12ms cwnd: 25.7 lossRate: 0.00407889590434151 CC:28 score:-109.0 
1664844239.128111 -- INFO: Throughput @120.2s:192.03Mbps, rtt :39.45ms cwnd: 22.9 lossRate: 0.006344794247386549 CC:28 score:-98.0 
1664844240.129221 -- INFO: Throughput @121.2s:190.14Mbps, rtt :39.54ms cwnd: 21.2 lossRate: 0.005468846012043751 CC:28 score:-99.0 
1664844240.774939 -- INFO: Gradient: 1.8333333333333357, Gredient Change: 0.017350157728706645, Theta: -1, Previous CC: 27, Choosen CC: 26
1664844240.775116 -- INFO: Changing concurrency to 25 ******
1664844240.775489 -- INFO: Process Status Bits from change concurrency are: 1 1 1 1 1 1 1 1 1 1 1 1 1 1 1 1 1 1 1 1 1 1 1 1 1 0 0 0 0 0 0 0
1664844240.775841 -- INFO: Active CC: 25
1664844241.130095 -- INFO: Throughput @122.2s:167.84Mbps, rtt :39.62ms cwnd: 21.5 lossRate: 0.006676007582625897 CC:25 score:-91.0 
1664844242.131172 -- INFO: Throughput @123.2s:164.19Mbps, rtt :39.39ms cwnd: 23.6 lossRate: 0.005515973339462192 CC:25 score:-91.0 
1664844243.132118 -- INFO: Throughput @124.2s:169.9Mbps, rtt :39.3ms cwnd: 22.7 lossRate: 0.005549389567147614 CC:25 score:-94.0 
1664844243.976904 -- INFO: Changing concurrency to 27 ******
1664844243.977497 -- INFO: Process Status Bits from change concurrency are: 1 1 1 1 1 1 1 1 1 1 1 1 1 1 1 1 1 1 1 1 1 1 1 1 1 1 1 0 0 0 0 0
1664844243.977608 -- INFO: Start Process :: 26
1664844243.977749 -- INFO: Start Process :: 25
1664844243.977958 -- INFO: Active CC: 27
1664844244.016676 -- INFO: Process 26 get item 17 from queue and executing
1664844244.017007 -- INFO: starting 26, 17, /users/jamilm/files_to_Send/FILE1
1664844244.017003 -- INFO: Process 25 get item 25 from queue and executing
1664844244.017182 -- INFO: starting 25, 25, /users/jamilm/files_to_Send/FILE1
1664844244.132816 -- INFO: Throughput @125.2s:176.82Mbps, rtt :39.82ms cwnd: 23.8 lossRate: 0.004145009540101323 CC:27 score:-96.0 
1664844245.133358 -- INFO: Throughput @126.2s:181.02Mbps, rtt :39.58ms cwnd: 23.5 lossRate: 0.005022601707684581 CC:27 score:-97.0 
1664844246.134192 -- INFO: Throughput @127.2s:172.51Mbps, rtt :39.41ms cwnd: 19.5 lossRate: 0.007431649280698166 CC:27 score:-88.0 
1664844247.135520 -- INFO: Throughput @128.2s:161.96Mbps, rtt :39.71ms cwnd: 21.8 lossRate: 0.005319148936170213 CC:27 score:-86.0 
1664844247.179101 -- INFO: Gradient: 0.8333333333333357, Gredient Change: 0.00905797101449278, Theta: -2, Previous CC: 26, Choosen CC: 24
1664844247.179253 -- INFO: Changing concurrency to 23 ******
1664844247.179593 -- INFO: Process Status Bits from change concurrency are: 1 1 1 1 1 1 1 1 1 1 1 1 1 1 1 1 1 1 1 1 1 1 1 0 0 0 0 0 0 0 0 0
1664844247.179959 -- INFO: Active CC: 23
1664844248.134310 -- INFO: Throughput @129.2s:145.99Mbps, rtt :39.99ms cwnd: 21.6 lossRate: 0 CC:23 score:-93.0 
1664844249.133537 -- INFO: Throughput @130.2s:153.46Mbps, rtt :39.89ms cwnd: 22.0 lossRate: 0.005197584651838264 CC:23 score:-89.0 
1664844250.131204 -- INFO: Throughput @131.2s:146.74Mbps, rtt :39.77ms cwnd: 21.5 lossRate: 0.005681369841395092 CC:23 score:-85.0 
1664844250.381090 -- INFO: Changing concurrency to 25 ******
1664844250.381661 -- INFO: Process Status Bits from change concurrency are: 1 1 1 1 1 1 1 1 1 1 1 1 1 1 1 1 1 1 1 1 1 1 1 1 1 0 0 0 0 0 0 0
1664844250.381744 -- INFO: Start Process :: 24
1664844250.381917 -- INFO: Start Process :: 23
1664844250.382195 -- INFO: Active CC: 25
1664844250.420871 -- INFO: Process 24 get item 29 from queue and executing
1664844250.421151 -- INFO: starting 24, 29, /users/jamilm/files_to_Send/FILE1
1664844250.421235 -- INFO: Process 23 get item 18 from queue and executing
1664844250.421484 -- INFO: starting 23, 18, /users/jamilm/files_to_Send/FILE0
1664844251.139363 -- INFO: Throughput @132.2s:157.1Mbps, rtt :39.7ms cwnd: 21.6 lossRate: 0.005626948521025017 CC:25 score:-87.0 
1664844252.140293 -- INFO: Throughput @133.2s:165.82Mbps, rtt :39.76ms cwnd: 24.6 lossRate: 0.004124129538232709 CC:25 score:-94.0 
1664844253.142032 -- INFO: Throughput @134.2s:178.95Mbps, rtt :39.27ms cwnd: 23.7 lossRate: 0.0048234613158402466 CC:25 score:-100.0 
1664844253.583403 -- INFO: Gradient: -2.3333333333333357, Gredient Change: 0.0262172284644195, Theta: 1, Previous CC: 24, Choosen CC: 25
1664844253.583579 -- INFO: Changing concurrency to 24 ******
1664844253.584181 -- INFO: Process Status Bits from change concurrency are: 1 1 1 1 1 1 1 1 1 1 1 1 1 1 1 1 1 1 1 1 1 1 1 1 0 0 0 0 0 0 0 0
1664844253.584749 -- INFO: Active CC: 24
1664844254.143199 -- INFO: Throughput @135.2s:165.35Mbps, rtt :39.76ms cwnd: 21.0 lossRate: 0.007258273567787091 CC:24 score:-91.0 
1664844255.144343 -- INFO: Throughput @136.2s:143.07Mbps, rtt :39.5ms cwnd: 22.3 lossRate: 0.0059634448574969025 CC:24 score:-80.0 
1664844256.142797 -- INFO: Throughput @137.2s:168.53Mbps, rtt :39.34ms cwnd: 23.1 lossRate: 0.0042429814015981894 CC:24 score:-98.0 
1664844256.785730 -- INFO: Changing concurrency to 26 ******
1664844256.786436 -- INFO: Process Status Bits from change concurrency are: 1 1 1 1 1 1 1 1 1 1 1 1 1 1 1 1 1 1 1 1 1 1 1 1 1 1 0 0 0 0 0 0
1664844256.786658 -- INFO: Start Process :: 25
1664844256.786748 -- INFO: Start Process :: 24
1664844256.787023 -- INFO: Active CC: 26
1664844256.825889 -- INFO: Process 25 get item 15 from queue and executing
1664844256.825974 -- INFO: Process 24 get item 10 from queue and executing
1664844256.826090 -- INFO: starting 25, 15, /users/jamilm/files_to_Send/FILE3
1664844256.826279 -- INFO: starting 24, 10, /users/jamilm/files_to_Send/FILE0
1664844257.146844 -- INFO: Throughput @138.2s:164.91Mbps, rtt :39.44ms cwnd: 23.4 lossRate: 0.005051903114186851 CC:26 score:-90.0 
1664844258.147534 -- INFO: Throughput @139.2s:187.06Mbps, rtt :39.22ms cwnd: 26.2 lossRate: 0.0035811311434922203 CC:26 score:-105.0 
1664844259.148354 -- INFO: Throughput @140.2s:201.71Mbps, rtt :39.43ms cwnd: 24.5 lossRate: 0.005109150023223409 CC:26 score:-110.0 
1664844259.988159 -- INFO: Gradient: -6.0, Gredient Change: 0.06691449814126393, Theta: 2, Previous CC: 25, Choosen CC: 29
1664844259.988344 -- INFO: Changing concurrency to 28 ******
1664844259.988831 -- INFO: Process Status Bits from change concurrency are: 1 1 1 1 1 1 1 1 1 1 1 1 1 1 1 1 1 1 1 1 1 1 1 1 1 1 1 1 0 0 0 0
1664844259.989092 -- INFO: Start Process :: 26
1664844259.989153 -- INFO: Active CC: 28
1664844259.989680 -- INFO: Start Process :: 27
1664844260.028224 -- INFO: Process 26 get item 12 from queue and executing
1664844260.028446 -- INFO: starting 26, 12, /users/jamilm/files_to_Send/FILE2
1664844260.029158 -- INFO: Process 27 get item 25 from queue and executing
1664844260.029548 -- INFO: starting 27, 25, /users/jamilm/files_to_Send/FILE1
1664844260.149584 -- INFO: Throughput @141.2s:186.14Mbps, rtt :39.15ms cwnd: 23.5 lossRate: 0.005014237959638479 CC:28 score:-98.0 
1664844261.151482 -- INFO: Throughput @142.2s:200.87Mbps, rtt :39.35ms cwnd: 25.5 lossRate: 0.00404975412207116 CC:28 score:-107.0 
1664844262.152645 -- INFO: Throughput @143.2s:202.8Mbps, rtt :39.62ms cwnd: 23.4 lossRate: 0.005105933446798521 CC:28 score:-106.0 
1664844263.153758 -- INFO: Throughput @144.2s:206.1Mbps, rtt :39.34ms cwnd: 24.9 lossRate: 0.003967379325545515 CC:28 score:-110.0 
1664844263.190367 -- INFO: Changing concurrency to 30 ******
1664844263.190836 -- INFO: Process Status Bits from change concurrency are: 1 1 1 1 1 1 1 1 1 1 1 1 1 1 1 1 1 1 1 1 1 1 1 1 1 1 1 1 1 1 0 0
1664844263.191077 -- INFO: Active CC: 30
1664844263.193375 -- INFO: Start Process :: 28
1664844263.194135 -- INFO: Start Process :: 29
1664844263.232827 -- INFO: Process 28 get item 31 from queue and executing
1664844263.233123 -- INFO: starting 28, 31, /users/jamilm/files_to_Send/FILE3
1664844263.234138 -- INFO: Process 29 get item 17 from queue and executing
1664844263.234558 -- INFO: starting 29, 17, /users/jamilm/files_to_Send/FILE1
1664844264.154709 -- INFO: Throughput @145.2s:201.49Mbps, rtt :39.56ms cwnd: 22.2 lossRate: 0.005722961924783929 CC:30 score:-100.0 
1664844265.156098 -- INFO: Throughput @146.2s:204.02Mbps, rtt :39.28ms cwnd: 24.9 lossRate: 0.0038995990553083977 CC:30 score:-105.0 
1664844266.156850 -- INFO: Throughput @147.2s:233.46Mbps, rtt :39.34ms cwnd: 27.5 lossRate: 0.003359574788146217 CC:30 score:-121.0 
1664844266.392174 -- INFO: Gradient: -0.5, Gredient Change: 0.0046439628482972135, Theta: 3, Previous CC: 29, Choosen CC: 31
1664844266.392320 -- INFO: Changing concurrency to 30 ******
1664844266.392545 -- INFO: Process Status Bits from change concurrency are: 1 1 1 1 1 1 1 1 1 1 1 1 1 1 1 1 1 1 1 1 1 1 1 1 1 1 1 1 1 1 0 0
1664844266.392766 -- INFO: Active CC: 30
1664844267.158039 -- INFO: Throughput @148.2s:226.13Mbps, rtt :39.81ms cwnd: 24.5 lossRate: 0.0051316262123466926 CC:30 score:-113.0 
1664844268.158853 -- INFO: Throughput @149.2s:214.53Mbps, rtt :39.67ms cwnd: 26.2 lossRate: 0.004043628624634211 CC:30 score:-110.0 
1664844269.160137 -- INFO: Throughput @150.2s:223.17Mbps, rtt :39.6ms cwnd: 24.5 lossRate: 0.004676697844652297 CC:30 score:-113.0 
1664844269.593902 -- INFO: Changing concurrency to 32 ******
1664844269.594242 -- INFO: Process Status Bits from change concurrency are: 1 1 1 1 1 1 1 1 1 1 1 1 1 1 1 1 1 1 1 1 1 1 1 1 1 1 1 1 1 1 1 1
1664844269.594420 -- INFO: Active CC: 32
1664844269.600015 -- INFO: Start Process :: 30
1664844269.600070 -- INFO: Start Process :: 31
1664844269.639766 -- INFO: Process 30 get item 20 from queue and executing
1664844269.639895 -- INFO: Process 31 get item 29 from queue and executing
1664844269.640090 -- INFO: starting 30, 20, /users/jamilm/files_to_Send/FILE2
1664844269.640278 -- INFO: starting 31, 29, /users/jamilm/files_to_Send/FILE1
1664844270.160986 -- INFO: Throughput @151.2s:223.83Mbps, rtt :39.37ms cwnd: 24.2 lossRate: 0.005408879130295079 CC:32 score:-107.0 
1664844271.161872 -- INFO: Throughput @152.2s:226.6Mbps, rtt :39.53ms cwnd: 24.4 lossRate: 0.004553781732530751 CC:32 score:-110.0 
1664844272.163036 -- INFO: Throughput @153.2s:232.56Mbps, rtt :39.54ms cwnd: 24.5 lossRate: 0.004249506753680376 CC:32 score:-114.0 
1664844272.795576 -- INFO: Gradient: 0.8333333333333357, Gredient Change: 0.007440476190476212, Theta: -1, Previous CC: 31, Choosen CC: 30
1664844272.795727 -- INFO: Changing concurrency to 29 ******
1664844272.795850 -- INFO: Process Status Bits from change concurrency are: 1 1 1 1 1 1 1 1 1 1 1 1 1 1 1 1 1 1 1 1 1 1 1 1 1 1 1 1 1 0 0 0
1664844272.795987 -- INFO: Active CC: 29
1664844273.164541 -- INFO: Throughput @154.2s:225.48Mbps, rtt :39.41ms cwnd: 25.8 lossRate: 0.004314994606256742 CC:29 score:-117.0 
1664844274.165293 -- INFO: Throughput @155.2s:226.7Mbps, rtt :39.76ms cwnd: 23.7 lossRate: 0.007043308856586243 CC:29 score:-112.0 
1664844275.166182 -- INFO: Throughput @156.2s:182.42Mbps, rtt :40.05ms cwnd: 20.4 lossRate: 0.006561196958547952 CC:29 score:-91.0 
1664844275.997088 -- INFO: Changing concurrency to 31 ******
1664844275.997493 -- INFO: Process Status Bits from change concurrency are: 1 1 1 1 1 1 1 1 1 1 1 1 1 1 1 1 1 1 1 1 1 1 1 1 1 1 1 1 1 1 1 0
1664844275.997739 -- INFO: Active CC: 31
1664844275.997751 -- INFO: Start Process :: 30
1664844275.997970 -- INFO: Start Process :: 29
1664844276.036970 -- INFO: Process 30 get item 17 from queue and executing
1664844276.037283 -- INFO: Process 29 get item 20 from queue and executing
1664844276.037307 -- INFO: starting 30, 17, /users/jamilm/files_to_Send/FILE1
1664844276.037624 -- INFO: starting 29, 20, /users/jamilm/files_to_Send/FILE2
1664844276.161123 -- INFO: Throughput @157.2s:180.38Mbps, rtt :39.45ms cwnd: 19.5 lossRate: 0.006444960041247744 CC:31 score:-86.0 
1664844277.167851 -- INFO: Throughput @158.2s:189.79Mbps, rtt :39.76ms cwnd: 22.5 lossRate: 0.00478733198306021 CC:31 score:-94.0 
1664844278.169167 -- INFO: Throughput @159.2s:219.1Mbps, rtt :39.48ms cwnd: 23.3 lossRate: 0.004132231404958678 CC:31 score:-110.0 
1664844279.170686 -- INFO: Throughput @160.2s:201.89Mbps, rtt :39.37ms cwnd: 23.3 lossRate: 0.004993191103041307 CC:31 score:-99.0 
1664844279.198885 -- INFO: Gradient: 2.8333333333333357, Gredient Change: 0.02656250000000002, Theta: -2, Previous CC: 30, Choosen CC: 28
1664844279.199036 -- INFO: Changing concurrency to 27 ******
1664844279.199232 -- INFO: Process Status Bits from change concurrency are: 1 1 1 1 1 1 1 1 1 1 1 1 1 1 1 1 1 1 1 1 1 1 1 1 1 1 1 0 0 0 0 0
1664844279.199471 -- INFO: Active CC: 27
1664844280.170131 -- INFO: Throughput @161.2s:194.45Mbps, rtt :39.75ms cwnd: 22.6 lossRate: 0 CC:27 score:-114.0 
1664844281.171613 -- INFO: Throughput @162.2s:186.19Mbps, rtt :39.22ms cwnd: 24.6 lossRate: 0.0022968705139247776 CC:27 score:-105.0 
1664844282.169783 -- INFO: Throughput @163.2s:198.85Mbps, rtt :39.79ms cwnd: 23.9 lossRate: 0.004572446555819477 CC:27 score:-107.0 
1664844282.400658 -- INFO: Changing concurrency to 29 ******
1664844282.401083 -- INFO: Process Status Bits from change concurrency are: 1 1 1 1 1 1 1 1 1 1 1 1 1 1 1 1 1 1 1 1 1 1 1 1 1 1 1 1 1 0 0 0
1664844282.401338 -- INFO: Start Process :: 28
1664844282.401427 -- INFO: Active CC: 29
1664844282.402379 -- INFO: Start Process :: 27
1664844282.440448 -- INFO: Process 28 get item 29 from queue and executing
1664844282.440786 -- INFO: starting 28, 29, /users/jamilm/files_to_Send/FILE1
1664844282.442326 -- INFO: Process 27 get item 17 from queue and executing
1664844282.442651 -- INFO: starting 27, 17, /users/jamilm/files_to_Send/FILE1
1664844283.173984 -- INFO: Throughput @164.2s:196.72Mbps, rtt :39.52ms cwnd: 22.8 lossRate: 0.005253623188405797 CC:29 score:-100.0 
1664844284.175312 -- INFO: Throughput @165.2s:201.46Mbps, rtt :39.55ms cwnd: 24.8 lossRate: 0.0041279669762641896 CC:29 score:-105.0 
1664844285.176520 -- INFO: Throughput @166.2s:208.14Mbps, rtt :39.29ms cwnd: 24.4 lossRate: 0.004064600043355734 CC:29 score:-109.0 
1664844285.602605 -- INFO: Gradient: 2.0, Gredient Change: 0.01840490797546012, Theta: -3, Previous CC: 28, Choosen CC: 25
1664844285.602771 -- INFO: Changing concurrency to 24 ******
1664844285.603062 -- INFO: Process Status Bits from change concurrency are: 1 1 1 1 1 1 1 1 1 1 1 1 1 1 1 1 1 1 1 1 1 1 1 1 0 0 0 0 0 0 0 0
1664844285.603370 -- INFO: Active CC: 24
1664844286.176408 -- INFO: Throughput @167.2s:188.23Mbps, rtt :39.49ms cwnd: 23.8 lossRate: 0 CC:24 score:-117.0 
1664844287.178694 -- INFO: Throughput @168.2s:187.46Mbps, rtt :39.49ms cwnd: 26.8 lossRate: 0 CC:24 score:-117.0 
1664844288.179358 -- INFO: Throughput @169.2s:163.85Mbps, rtt :39.58ms cwnd: 23.2 lossRate: 0.0061990666573796755 CC:24 score:-92.0 
1664844288.804368 -- INFO: Changing concurrency to 26 ******
1664844288.805099 -- INFO: Process Status Bits from change concurrency are: 1 1 1 1 1 1 1 1 1 1 1 1 1 1 1 1 1 1 1 1 1 1 1 1 1 1 0 0 0 0 0 0
1664844288.805255 -- INFO: Start Process :: 24
1664844288.805389 -- INFO: Start Process :: 25
1664844288.805605 -- INFO: Active CC: 26
1664844288.844371 -- INFO: Process 24 get item 25 from queue and executing
1664844288.844637 -- INFO: starting 24, 25, /users/jamilm/files_to_Send/FILE1
1664844288.844738 -- INFO: Process 25 get item 20 from queue and executing
1664844288.844962 -- INFO: starting 25, 20, /users/jamilm/files_to_Send/FILE2
1664844289.180997 -- INFO: Throughput @170.2s:171.02Mbps, rtt :39.64ms cwnd: 22.7 lossRate: 0.004694506726457399 CC:26 score:-94.0 
1664844290.181828 -- INFO: Throughput @171.2s:179.77Mbps, rtt :39.37ms cwnd: 24.2 lossRate: 0.004922377887163953 CC:26 score:-99.0 
1664844291.183372 -- INFO: Throughput @172.2s:185.09Mbps, rtt :39.61ms cwnd: 21.4 lossRate: 0.005568 CC:26 score:-100.0 
1664844292.006771 -- INFO: Gradient: 5.5, Gredient Change: 0.05061349693251534, Theta: -4, Previous CC: 25, Choosen CC: 17
1664844292.006963 -- INFO: Changing concurrency to 16 ******
1664844292.007412 -- INFO: Process Status Bits from change concurrency are: 1 1 1 1 1 1 1 1 1 1 1 1 1 1 1 1 0 0 0 0 0 0 0 0 0 0 0 0 0 0 0 0
1664844292.007926 -- INFO: Active CC: 16
1664844292.180410 -- INFO: Throughput @173.2s:178.9Mbps, rtt :39.43ms cwnd: 24.7 lossRate: 0.0036380172805820826 CC:16 score:-124.0 
1664844293.188252 -- INFO: Throughput @174.2s:112.07Mbps, rtt :39.51ms cwnd: 24.9 lossRate: 0 CC:16 score:-82.0 
1664844294.187432 -- INFO: Throughput @175.2s:116.24Mbps, rtt :39.34ms cwnd: 22.8 lossRate: 0 CC:16 score:-85.0 
1664844295.187930 -- INFO: Throughput @176.2s:109.11Mbps, rtt :39.23ms cwnd: 23.6 lossRate: 0.004311774461028192 CC:16 score:-75.0 
1664844295.209907 -- INFO: Changing concurrency to 18 ******
1664844295.211451 -- INFO: Process Status Bits from change concurrency are: 1 1 1 1 1 1 1 1 1 1 1 1 1 1 1 1 1 1 0 0 0 0 0 0 0 0 0 0 0 0 0 0
1664844295.211317 -- INFO: Start Process :: 17
1664844295.211645 -- INFO: Start Process :: 16
1664844295.212803 -- INFO: Active CC: 18
1664844295.251071 -- INFO: Process 17 get item 31 from queue and executing
1664844295.251201 -- INFO: Process 16 get item 10 from queue and executing
1664844295.251521 -- INFO: starting 17, 31, /users/jamilm/files_to_Send/FILE3
1664844295.251760 -- INFO: starting 16, 10, /users/jamilm/files_to_Send/FILE0
1664844296.187382 -- INFO: Throughput @177.2s:117.61Mbps, rtt :39.5ms cwnd: 24.0 lossRate: 0.004674717569146864 CC:18 score:-77.0 
1664844297.189564 -- INFO: Throughput @178.2s:119.18Mbps, rtt :39.86ms cwnd: 21.7 lossRate: 0.005408996014423989 CC:18 score:-77.0 
1664844298.188184 -- INFO: Throughput @179.2s:114.99Mbps, rtt :39.97ms cwnd: 19.1 lossRate: 0.006559766763848397 CC:18 score:-73.0 
1664844298.414541 -- INFO: Gradient: 2.5, Gredient Change: 0.03099173553719008, Theta: -5, Previous CC: 17, Choosen CC: 12
1664844298.414846 -- INFO: Changing concurrency to 11 ******
1664844298.415586 -- INFO: Process Status Bits from change concurrency are: 1 1 1 1 1 1 1 1 1 1 1 0 0 0 0 0 0 0 0 0 0 0 0 0 0 0 0 0 0 0 0 0
1664844298.416710 -- INFO: Active CC: 11
1664844299.191200 -- INFO: Throughput @180.2s:85.83Mbps, rtt :39.61ms cwnd: 22.1 lossRate: 0 CC:11 score:-69.0 
1664844300.193856 -- INFO: Throughput @181.2s:81.28Mbps, rtt :39.3ms cwnd: 26.9 lossRate: 0 CC:11 score:-65.0 
1664844301.194228 -- INFO: Throughput @182.2s:84.04Mbps, rtt :39.71ms cwnd: 26.1 lossRate: 0.0041449391629897045 CC:11 score:-64.0 
1664844301.617839 -- INFO: Changing concurrency to 13 ******
1664844301.619486 -- INFO: Start Process :: 11
1664844301.619431 -- INFO: Start Process :: 12
1664844301.621607 -- INFO: Process Status Bits from change concurrency are: 1 1 1 1 1 1 1 1 1 1 1 1 1 0 0 0 0 0 0 0 0 0 0 0 0 0 0 0 0 0 0 0
1664844301.624490 -- INFO: Active CC: 13
1664844301.659029 -- INFO: Process 11 get item 15 from queue and executing
1664844301.659238 -- INFO: Process 12 get item 29 from queue and executing
1664844301.659748 -- INFO: starting 11, 15, /users/jamilm/files_to_Send/FILE3
1664844301.659851 -- INFO: starting 12, 29, /users/jamilm/files_to_Send/FILE1
1664844302.195775 -- INFO: Throughput @183.2s:91.36Mbps, rtt :39.06ms cwnd: 23.1 lossRate: 0.004682900722504683 CC:13 score:-66.0 
1664844303.198665 -- INFO: Throughput @184.2s:88.96Mbps, rtt :39.4ms cwnd: 24.2 lossRate: 0.004787784679089027 CC:13 score:-65.0 
1664844304.194332 -- INFO: Throughput @185.2s:89.65Mbps, rtt :39.12ms cwnd: 23.5 lossRate: 0.005772931366260423 CC:13 score:-64.0 
1664844304.825605 -- INFO: Gradient: 0.5, Gredient Change: 0.007575757575757576, Theta: -6, Previous CC: 12, Choosen CC: 6
1664844304.825764 -- INFO: Changing concurrency to 5 ******
1664844304.827837 -- INFO: Process Status Bits from change concurrency are: 1 1 1 1 1 0 0 0 0 0 0 0 0 0 0 0 0 0 0 0 0 0 0 0 0 0 0 0 0 0 0 0
1664844304.829403 -- INFO: Active CC: 5
1664844305.200867 -- INFO: Throughput @186.2s:87.56Mbps, rtt :39.97ms cwnd: 25.4 lossRate: 0.003816131830008673 CC:5 score:-76.0 
1664844306.199413 -- INFO: Throughput @187.2s:27.1Mbps, rtt :39.9ms cwnd: 19.4 lossRate: 0 CC:5 score:-25.0 
1664844307.198665 -- INFO: Throughput @188.2s:33.26Mbps, rtt :39.84ms cwnd: 20.8 lossRate: 0.005914972273567467 CC:5 score:-28.0 
1664844308.030512 -- INFO: Changing concurrency to 7 ******
1664844308.031648 -- INFO: Start Process :: 5
1664844308.032256 -- INFO: Start Process :: 6
1664844308.034137 -- INFO: Process Status Bits from change concurrency are: 1 1 1 1 1 1 1 0 0 0 0 0 0 0 0 0 0 0 0 0 0 0 0 0 0 0 0 0 0 0 0 0
1664844308.039959 -- INFO: Active CC: 7
1664844308.071384 -- INFO: Process 5 get item 17 from queue and executing
1664844308.071800 -- INFO: Process 6 get item 12 from queue and executing
1664844308.072015 -- INFO: starting 5, 17, /users/jamilm/files_to_Send/FILE1
1664844308.072498 -- INFO: starting 6, 12, /users/jamilm/files_to_Send/FILE2
1664844308.201074 -- INFO: Throughput @189.2s:35.36Mbps, rtt :39.88ms cwnd: 22.6 lossRate: 0.004898758981058132 CC:7 score:-29.0 
1664844309.202514 -- INFO: Throughput @190.2s:44.64Mbps, rtt :39.38ms cwnd: 24.7 lossRate: 0.004830917874396135 CC:7 score:-37.0 
1664844310.201267 -- INFO: Throughput @191.2s:47.96Mbps, rtt :39.51ms cwnd: 21.3 lossRate: 0.006464445549477871 CC:7 score:-39.0 
1664844311.204721 -- INFO: Throughput @192.2s:42.62Mbps, rtt :38.8ms cwnd: 21.4 lossRate: 0.005790997630955514 CC:7 score:-35.0 
1664844311.241064 -- INFO: Gradient: 3.0, Gredient Change: 0.06976744186046512, Theta: -7, Previous CC: 6, Choosen CC: 2
1664844311.241223 -- INFO: Changing concurrency to 1 ******
1664844311.245064 -- INFO: Process Status Bits from change concurrency are: 1 0 0 0 0 0 0 0 0 0 0 0 0 0 0 0 0 0 0 0 0 0 0 0 0 0 0 0 0 0 0 0
1664844311.247968 -- INFO: Active CC: 1
1664844312.207799 -- INFO: Throughput @193.2s:17.85Mbps, rtt :38.96ms cwnd: 19.0 lossRate: 0 CC:1 score:-18.0 
1664844313.208257 -- INFO: Throughput @194.2s:3.65Mbps, rtt :38.59ms cwnd: 12.0 lossRate: 0 CC:1 score:-4.0 
1664844314.207964 -- INFO: Throughput @195.2s:4.69Mbps, rtt :40.08ms cwnd: 18.0 lossRate: 0.0049504950495049506 CC:1 score:-4.0 
1664844314.449087 -- INFO: Changing concurrency to 3 ******
1664844314.449962 -- INFO: Start Process :: 1
1664844314.450305 -- INFO: Start Process :: 2
1664844314.456100 -- INFO: Process Status Bits from change concurrency are: 1 1 1 0 0 0 0 0 0 0 0 0 0 0 0 0 0 0 0 0 0 0 0 0 0 0 0 0 0 0 0 0
1664844314.465989 -- INFO: Active CC: 3
1664844314.489641 -- INFO: Process 1 get item 24 from queue and executing
1664844314.489755 -- INFO: Process 2 get item 25 from queue and executing
1664844314.490182 -- INFO: starting 1, 24, /users/jamilm/files_to_Send/FILE2
1664844314.490537 -- INFO: starting 2, 25, /users/jamilm/files_to_Send/FILE1
1664844315.208974 -- INFO: Throughput @196.3s:18.01Mbps, rtt :39.18ms cwnd: 28.7 lossRate: 0.0026755852842809363 CC:3 score:-16.0 
1664844316.209867 -- INFO: Throughput @197.3s:27.64Mbps, rtt :38.82ms cwnd: 34.7 lossRate: 0.0012526096033402922 CC:3 score:-26.0 
1664844317.212185 -- INFO: Throughput @198.3s:25.54Mbps, rtt :40.34ms cwnd: 27.3 lossRate: 0.005760921747479597 CC:3 score:-23.0 
1664844317.667101 -- INFO: Gradient: -6.500000000000001, Gredient Change: 0.7500000000000001, Theta: 1, Previous CC: 2, Choosen CC: 4
1664844317.667251 -- INFO: Changing concurrency to 3 ******
1664844317.675791 -- INFO: Process Status Bits from change concurrency are: 1 1 1 0 0 0 0 0 0 0 0 0 0 0 0 0 0 0 0 0 0 0 0 0 0 0 0 0 0 0 0 0
1664844317.680777 -- INFO: Active CC: 3
1664844318.213454 -- INFO: Throughput @199.3s:25.02Mbps, rtt :38.63ms cwnd: 35.0 lossRate: 0.001693480101608806 CC:3 score:-23.0 
1664844319.193563 -- INFO: episode expires
1664844319.193856 -- INFO: Process 4 shutdown itself from outest loop
1664844319.193923 -- INFO: Process 5 shutdown itself from outest loop
1664844319.194020 -- INFO: Process 11 shutdown itself from outest loop
1664844319.194302 -- INFO: Process 6 shutdown itself from outest loop
1664844319.194412 -- INFO: Process 10 shutdown itself from outest loop
1664844319.194124 -- INFO: Process 20 shutdown itself from outest loop
1664844319.193964 -- INFO: Process 14 shutdown itself from outest loop
1664844319.194599 -- INFO: Process 8 shutdown itself from outest loop
1664844319.194706 -- INFO: Process 25 shutdown itself from outest loop
1664844319.194713 -- INFO: Process Status Bits are: 1 1 1 0 0 0 0 0 0 0 0 0 0 0 0 0 0 0 0 0 0 0 0 0 0 0 0 0 0 0 0 0
1664844319.194730 -- INFO: Process Status Bits are: 1 1 1 0 0 0 0 0 0 0 0 0 0 0 0 0 0 0 0 0 0 0 0 0 0 0 0 0 0 0 0 0
1664844319.194307 -- INFO: Process 23 shutdown itself from outest loop
1664844319.194813 -- INFO: Process Status Bits are: 1 1 1 0 0 0 0 0 0 0 0 0 0 0 0 0 0 0 0 0 0 0 0 0 0 0 0 0 0 0 0 0
1664844319.194942 -- INFO: Process Status Bits are: 1 1 1 0 0 0 0 0 0 0 0 0 0 0 0 0 0 0 0 0 0 0 0 0 0 0 0 0 0 0 0 0
1664844319.194351 -- INFO: Process 17 shutdown itself from outest loop
1664844319.194505 -- INFO: Process 31 shutdown itself from outest loop
1664844319.194326 -- INFO: Process 16 shutdown itself from outest loop
1664844319.195126 -- INFO: Process Status Bits are: 1 1 1 0 0 0 0 0 0 0 0 0 0 0 0 0 0 0 0 0 0 0 0 0 0 0 0 0 0 0 0 0
1664844319.194558 -- INFO: Process 21 shutdown itself from outest loop
1664844319.194620 -- INFO: Process 24 shutdown itself from outest loop
1664844319.194400 -- INFO: Process 29 shutdown itself from outest loop
1664844319.195175 -- INFO: Process Status Bits are: 1 1 1 0 0 0 0 0 0 0 0 0 0 0 0 0 0 0 0 0 0 0 0 0 0 0 0 0 0 0 0 0
1664844319.195060 -- INFO: Process Status Bits are: 1 1 1 0 0 0 0 0 0 0 0 0 0 0 0 0 0 0 0 0 0 0 0 0 0 0 0 0 0 0 0 0
1664844319.195185 -- INFO: Process Status Bits are: 1 1 1 0 0 0 0 0 0 0 0 0 0 0 0 0 0 0 0 0 0 0 0 0 0 0 0 0 0 0 0 0
1664844319.194608 -- INFO: Process 12 shutdown itself from outest loop
1664844319.194802 -- INFO: Process 19 shutdown itself from outest loop
1664844319.194768 -- INFO: Process 3 shutdown itself from outest loop
1664844319.194816 -- INFO: Process 28 shutdown itself from outest loop
1664844319.195119 -- INFO: Process Status Bits are: 1 1 1 0 0 0 0 0 0 0 0 0 0 0 0 0 0 0 0 0 0 0 0 0 0 0 0 0 0 0 0 0
1664844319.195366 -- INFO: Process Status Bits are: 1 1 1 0 0 0 0 0 0 0 0 0 0 0 0 0 0 0 0 0 0 0 0 0 0 0 0 0 0 0 0 0
1664844319.195093 -- INFO: Process 27 shutdown itself from outest loop
1664844319.195507 -- INFO: Process Status Bits are: 1 1 1 0 0 0 0 0 0 0 0 0 0 0 0 0 0 0 0 0 0 0 0 0 0 0 0 0 0 0 0 0
1664844319.195068 -- INFO: Process 18 shutdown itself from outest loop
1664844319.195557 -- INFO: Process Status Bits are: 1 1 1 0 0 0 0 0 0 0 0 0 0 0 0 0 0 0 0 0 0 0 0 0 0 0 0 0 0 0 0 0
1664844319.195211 -- INFO: Process 15 shutdown itself from outest loop
1664844319.195658 -- INFO: Process 30 shutdown itself from outest loop
1664844319.195697 -- INFO: Process Status Bits are: 1 1 1 0 0 0 0 0 0 0 0 0 0 0 0 0 0 0 0 0 0 0 0 0 0 0 0 0 0 0 0 0
1664844319.195750 -- INFO: Process Status Bits are: 1 1 1 0 0 0 0 0 0 0 0 0 0 0 0 0 0 0 0 0 0 0 0 0 0 0 0 0 0 0 0 0
1664844319.195749 -- INFO: Process Status Bits are: 1 1 1 0 0 0 0 0 0 0 0 0 0 0 0 0 0 0 0 0 0 0 0 0 0 0 0 0 0 0 0 0
1664844319.195777 -- INFO: Process Status Bits are: 1 1 1 0 0 0 0 0 0 0 0 0 0 0 0 0 0 0 0 0 0 0 0 0 0 0 0 0 0 0 0 0
1664844319.195290 -- INFO: Process 9 shutdown itself from outest loop
1664844319.195715 -- INFO: Process Status Bits are: 1 1 1 0 0 0 0 0 0 0 0 0 0 0 0 0 0 0 0 0 0 0 0 0 0 0 0 0 0 0 0 0
1664844319.195826 -- INFO: Process Status Bits are: 1 1 1 0 0 0 0 0 0 0 0 0 0 0 0 0 0 0 0 0 0 0 0 0 0 0 0 0 0 0 0 0
1664844319.195378 -- INFO: Process 26 shutdown itself from outest loop
1664844319.195879 -- INFO: Process Status Bits are: 1 1 1 0 0 0 0 0 0 0 0 0 0 0 0 0 0 0 0 0 0 0 0 0 0 0 0 0 0 0 0 0
1664844319.195167 -- INFO: Process 13 shutdown itself from outest loop
1664844319.196013 -- INFO: Process Status Bits are: 1 1 1 0 0 0 0 0 0 0 0 0 0 0 0 0 0 0 0 0 0 0 0 0 0 0 0 0 0 0 0 0
1664844319.196026 -- INFO: Process Status Bits are: 1 1 1 0 0 0 0 0 0 0 0 0 0 0 0 0 0 0 0 0 0 0 0 0 0 0 0 0 0 0 0 0
1664844319.196114 -- INFO: Process Status Bits are: 1 1 1 0 0 0 0 0 0 0 0 0 0 0 0 0 0 0 0 0 0 0 0 0 0 0 0 0 0 0 0 0
1664844319.196188 -- INFO: Process Status Bits are: 1 1 1 0 0 0 0 0 0 0 0 0 0 0 0 0 0 0 0 0 0 0 0 0 0 0 0 0 0 0 0 0
1664844319.196262 -- INFO: Process Status Bits are: 1 1 1 0 0 0 0 0 0 0 0 0 0 0 0 0 0 0 0 0 0 0 0 0 0 0 0 0 0 0 0 0
1664844319.196264 -- INFO: Process Status Bits are: 1 1 1 0 0 0 0 0 0 0 0 0 0 0 0 0 0 0 0 0 0 0 0 0 0 0 0 0 0 0 0 0
1664844319.195275 -- INFO: Process 22 shutdown itself from outest loop
1664844319.196623 -- INFO: Process Status Bits are: 1 1 1 0 0 0 0 0 0 0 0 0 0 0 0 0 0 0 0 0 0 0 0 0 0 0 0 0 0 0 0 0
1664844319.196824 -- INFO: Process Status Bits are: 1 1 1 0 0 0 0 0 0 0 0 0 0 0 0 0 0 0 0 0 0 0 0 0 0 0 0 0 0 0 0 0
1664844319.196897 -- INFO: Process Status Bits are: 1 1 1 0 0 0 0 0 0 0 0 0 0 0 0 0 0 0 0 0 0 0 0 0 0 0 0 0 0 0 0 0
1664844319.197971 -- INFO: Process 7 shutdown itself from outest loop
1664844319.199546 -- INFO: Process Status Bits are: 1 1 1 0 0 0 0 0 0 0 0 0 0 0 0 0 0 0 0 0 0 0 0 0 0 0 0 0 0 0 0 0
1664844320.881947 -- INFO: episode expires
1664844320.902478 -- INFO: GD Optimizer Exits ...
1664844321.174676 -- INFO: Throughput @0.1s:0.0Mbps, rtt :39.77ms cwnd: 16.3 lossRate: 0.004787421931953975 CC:0 score:-0.0 
