1665052322.199675 -- INFO: Changing concurrency to 1 ******
1665052322.200709 -- INFO: Start Process :: 0
1665052322.201349 -- INFO: Process Status Bits from change concurrency are: 1 0 0 0 0 0 0 0 0 0 0 0 0 0 0 0 0 0 0 0 0 0 0 0 0 0 0 0 0 0 0 0
1665052322.202746 -- INFO: Active CC: 1
1665052322.235295 -- INFO: Process 0 get item 0 from queue and executing
1665052322.235542 -- INFO: starting 0, 0, /home/cc/files_to_send/FILE3
1665052322.256713 -- INFO: Throughput @0.1s:8.57Mbps, rtt :33.9ms cwnd: 10.0 lossRate: 0.0 CC:1 score:-8.0 
1665052323.255777 -- INFO: Throughput @1.1s:449.14Mbps, rtt :34.92ms cwnd: 4370.0 lossRate: 2.573671342169605e-05 CC:1 score:-440.0 
1665052324.256570 -- INFO: Throughput @2.1s:500.0Mbps, rtt :34.69ms cwnd: 4370.0 lossRate: 0.0 CC:1 score:-490.0 
1665052325.257840 -- INFO: Throughput @3.1s:500.0Mbps, rtt :35.0ms cwnd: 4370.0 lossRate: 0.0 CC:1 score:-490.0 
1665052325.403967 -- INFO: Changing concurrency to 3 ******
1665052325.405219 -- INFO: Process Status Bits from change concurrency are: 1 1 1 0 0 0 0 0 0 0 0 0 0 0 0 0 0 0 0 0 0 0 0 0 0 0 0 0 0 0 0 0
1665052325.405264 -- INFO: Start Process :: 1
1665052325.405387 -- INFO: Start Process :: 2
1665052325.406527 -- INFO: Active CC: 3
1665052325.438954 -- INFO: Process 2 get item 1 from queue and executing
1665052325.439212 -- INFO: starting 2, 1, /home/cc/files_to_send/FILE1
1665052325.439708 -- INFO: Process 1 get item 2 from queue and executing
1665052325.439914 -- INFO: starting 1, 2, /home/cc/files_to_send/FILE0
1665052326.258816 -- INFO: Throughput @4.1s:1200.0Mbps, rtt :35.09ms cwnd: 3956.0 lossRate: 0.000414785661920747 CC:3 score:-1126.0 
1665052327.259784 -- INFO: Throughput @5.1s:1500.0Mbps, rtt :35.17ms cwnd: 3956.0 lossRate: 0.0 CC:3 score:-1413.0 
1665052328.260649 -- INFO: Throughput @6.1s:1500.0Mbps, rtt :35.51ms cwnd: 3956.0 lossRate: 0.0 CC:3 score:-1413.0 
1665052328.607217 -- INFO: Gradient: -422.0, Gredient Change: 0.8915492957746479, Theta: 1, Previous CC: 2, Choosen CC: 4
1665052328.607317 -- INFO: Changing concurrency to 3 ******
1665052328.608588 -- INFO: Process Status Bits from change concurrency are: 1 1 1 0 0 0 0 0 0 0 0 0 0 0 0 0 0 0 0 0 0 0 0 0 0 0 0 0 0 0 0 0
1665052328.609949 -- INFO: Active CC: 3
1665052329.262325 -- INFO: Throughput @7.1s:1500.0Mbps, rtt :35.1ms cwnd: 3956.0 lossRate: 0.0 CC:3 score:-1413.0 
1665052330.262364 -- INFO: Throughput @8.1s:1500.0Mbps, rtt :34.62ms cwnd: 3956.0 lossRate: 0.0 CC:3 score:-1413.0 
1665052331.263979 -- INFO: Throughput @9.1s:1500.0Mbps, rtt :35.01ms cwnd: 3956.0 lossRate: 0.0 CC:3 score:-1413.0 
1665052331.818450 -- INFO: Changing concurrency to 5 ******
1665052331.821476 -- INFO: Process Status Bits from change concurrency are: 1 1 1 1 1 0 0 0 0 0 0 0 0 0 0 0 0 0 0 0 0 0 0 0 0 0 0 0 0 0 0 0
1665052331.821289 -- INFO: Start Process :: 3
1665052331.821522 -- INFO: Start Process :: 4
1665052331.823022 -- INFO: Active CC: 5
1665052331.855709 -- INFO: Process 3 get item 3 from queue and executing
1665052331.855904 -- INFO: Process 4 get item 4 from queue and executing
1665052331.855961 -- INFO: starting 3, 3, /home/cc/files_to_send/FILE2
1665052331.856145 -- INFO: starting 4, 4, /home/cc/files_to_send/FILE3
1665052332.265824 -- INFO: Throughput @10.1s:1750.33Mbps, rtt :35.0ms cwnd: 4118.0 lossRate: 1.3233202104079134e-05 CC:5 score:-1585.0 
1665052333.267270 -- INFO: Throughput @11.1s:2500.0Mbps, rtt :35.74ms cwnd: 4118.0 lossRate: 0.0 CC:5 score:-2264.0 
1665052334.267671 -- INFO: Throughput @12.1s:2458.72Mbps, rtt :35.88ms cwnd: 3669.2 lossRate: 0.00015073861923424781 CC:5 score:-2223.0 
1665052335.024612 -- INFO: Gradient: -305.5, Gredient Change: 0.216206652512385, Theta: 2, Previous CC: 4, Choosen CC: 6
1665052335.024805 -- INFO: Changing concurrency to 5 ******
1665052335.026171 -- INFO: Process Status Bits from change concurrency are: 1 1 1 1 1 0 0 0 0 0 0 0 0 0 0 0 0 0 0 0 0 0 0 0 0 0 0 0 0 0 0 0
1665052335.027695 -- INFO: Active CC: 5
1665052335.268485 -- INFO: Throughput @13.1s:2541.28Mbps, rtt :35.92ms cwnd: 3678.0 lossRate: 0.0 CC:5 score:-2302.0 
1665052336.269860 -- INFO: Throughput @14.1s:2500.0Mbps, rtt :36.03ms cwnd: 3678.0 lossRate: 0.0 CC:5 score:-2264.0 
1665052337.271266 -- INFO: Throughput @15.1s:2500.0Mbps, rtt :35.95ms cwnd: 2973.8 lossRate: 0.0003020137346553791 CC:5 score:-2257.0 
1665052338.228895 -- INFO: Changing concurrency to 7 ******
1665052338.230396 -- INFO: Process Status Bits from change concurrency are: 1 1 1 1 1 1 1 0 0 0 0 0 0 0 0 0 0 0 0 0 0 0 0 0 0 0 0 0 0 0 0 0
1665052338.230362 -- INFO: Start Process :: 5
1665052338.232032 -- INFO: Active CC: 7
1665052338.233171 -- INFO: Start Process :: 6
1665052338.265664 -- INFO: Process 5 get item 5 from queue and executing
1665052338.265847 -- INFO: starting 5, 5, /home/cc/files_to_send/FILE1
1665052338.268217 -- INFO: Process 6 get item 6 from queue and executing
1665052338.268629 -- INFO: starting 6, 6, /home/cc/files_to_send/FILE0
1665052338.271150 -- INFO: Throughput @16.1s:2508.39Mbps, rtt :35.28ms cwnd: 2133.1 lossRate: 0.0 CC:7 score:-2184.0 
1665052338.413705 -- INFO: Process 0 finished on working on file 0 
1665052338.414158 -- INFO: Process 0 get item 7 from queue and executing
1665052338.414364 -- INFO: starting 0, 7, /home/cc/files_to_send/FILE2
1665052339.271903 -- INFO: Throughput @17.1s:3325.17Mbps, rtt :35.87ms cwnd: 3388.7 lossRate: 1.7414685455951293e-05 CC:7 score:-2894.0 
1665052340.272416 -- INFO: Throughput @18.1s:3500.0Mbps, rtt :36.08ms cwnd: 3388.7 lossRate: 0.0 CC:7 score:-3047.0 
1665052341.274513 -- INFO: Throughput @19.1s:3516.45Mbps, rtt :35.69ms cwnd: 3388.7 lossRate: 0.0 CC:7 score:-3061.0 
1665052341.433079 -- INFO: Gradient: -363.1666666666665, Gredient Change: 0.1596804924520005, Theta: 3, Previous CC: 6, Choosen CC: 9
1665052341.433251 -- INFO: Changing concurrency to 8 ******
1665052341.434634 -- INFO: Process Status Bits from change concurrency are: 1 1 1 1 1 1 1 1 0 0 0 0 0 0 0 0 0 0 0 0 0 0 0 0 0 0 0 0 0 0 0 0
1665052341.434730 -- INFO: Start Process :: 7
1665052341.435738 -- INFO: Active CC: 8
1665052341.469064 -- INFO: Process 7 get item 8 from queue and executing
1665052341.469249 -- INFO: starting 7, 8, /home/cc/files_to_send/FILE3
1665052341.611526 -- INFO: Process 2 finished on working on file 1 
1665052341.611935 -- INFO: Process 2 get item 9 from queue and executing
1665052341.612180 -- INFO: starting 2, 9, /home/cc/files_to_send/FILE1
1665052341.613362 -- INFO: Process 1 finished on working on file 2 
1665052341.613761 -- INFO: Process 1 get item 10 from queue and executing
1665052341.613965 -- INFO: starting 1, 10, /home/cc/files_to_send/FILE0
1665052342.275943 -- INFO: Throughput @20.1s:3825.17Mbps, rtt :35.36ms cwnd: 3510.1 lossRate: 0.0 CC:8 score:-3265.0 
1665052343.276749 -- INFO: Throughput @21.1s:4000.0Mbps, rtt :35.46ms cwnd: 3510.1 lossRate: 0.0 CC:8 score:-3414.0 
1665052344.277382 -- INFO: Throughput @22.1s:4000.0Mbps, rtt :35.36ms cwnd: 3510.1 lossRate: 0.0 CC:8 score:-3414.0 
1665052344.637027 -- INFO: Changing concurrency to 10 ******
1665052344.638541 -- INFO: Process Status Bits from change concurrency are: 1 1 1 1 1 1 1 1 1 1 0 0 0 0 0 0 0 0 0 0 0 0 0 0 0 0 0 0 0 0 0 0
1665052344.639092 -- INFO: Start Process :: 9
1665052344.639359 -- INFO: Start Process :: 8
1665052344.639846 -- INFO: Active CC: 10
1665052344.673873 -- INFO: Process 9 get item 11 from queue and executing
1665052344.674048 -- INFO: starting 9, 11, /home/cc/files_to_send/FILE2
1665052344.674328 -- INFO: Process 8 get item 12 from queue and executing
1665052344.674520 -- INFO: starting 8, 12, /home/cc/files_to_send/FILE3
1665052345.278587 -- INFO: Throughput @23.1s:4458.72Mbps, rtt :35.33ms cwnd: 3679.4 lossRate: 5.462064660441647e-05 CC:10 score:-3655.0 
1665052346.279573 -- INFO: Throughput @24.1s:5025.17Mbps, rtt :35.36ms cwnd: 3679.4 lossRate: 0.0 CC:10 score:-4122.0 
1665052347.280514 -- INFO: Throughput @25.1s:5016.78Mbps, rtt :35.22ms cwnd: 3679.4 lossRate: 0.0 CC:10 score:-4116.0 
1665052347.840817 -- INFO: Gradient: -300.0, Gredient Change: 0.08917071237491331, Theta: 4, Previous CC: 9, Choosen CC: 13
1665052347.841026 -- INFO: Changing concurrency to 12 ******
1665052347.842320 -- INFO: Process Status Bits from change concurrency are: 1 1 1 1 1 1 1 1 1 1 1 1 0 0 0 0 0 0 0 0 0 0 0 0 0 0 0 0 0 0 0 0
1665052347.842830 -- INFO: Start Process :: 10
1665052347.842960 -- INFO: Start Process :: 11
1665052347.843820 -- INFO: Active CC: 12
1665052347.876552 -- INFO: Process 10 get item 13 from queue and executing
1665052347.876752 -- INFO: starting 10, 13, /home/cc/files_to_send/FILE1
1665052347.876870 -- INFO: Process 11 get item 14 from queue and executing
1665052347.877070 -- INFO: starting 11, 14, /home/cc/files_to_send/FILE0
1665052348.029127 -- INFO: Process 3 finished on working on file 3 
1665052348.029591 -- INFO: Process 3 get item 15 from queue and executing
1665052348.029827 -- INFO: starting 3, 15, /home/cc/files_to_send/FILE2
1665052348.037103 -- INFO: Process 4 finished on working on file 4 
1665052348.037519 -- INFO: Process 4 get item 16 from queue and executing
1665052348.037736 -- INFO: starting 4, 16, /home/cc/files_to_send/FILE3
1665052348.281520 -- INFO: Throughput @26.1s:5258.39Mbps, rtt :34.98ms cwnd: 3795.8 lossRate: 0.0 CC:12 score:-4146.0 
1665052349.282865 -- INFO: Throughput @27.1s:5991.94Mbps, rtt :35.08ms cwnd: 3795.8 lossRate: 0.0 CC:12 score:-4725.0 
1665052350.283902 -- INFO: Throughput @28.1s:6016.45Mbps, rtt :35.2ms cwnd: 3795.8 lossRate: 0.0 CC:12 score:-4744.0 
1665052351.044891 -- INFO: Changing concurrency to 14 ******
1665052351.046199 -- INFO: Process Status Bits from change concurrency are: 1 1 1 1 1 1 1 1 1 1 1 1 1 1 0 0 0 0 0 0 0 0 0 0 0 0 0 0 0 0 0 0
1665052351.046767 -- INFO: Start Process :: 12
1665052351.047282 -- INFO: Active CC: 14
1665052351.048337 -- INFO: Start Process :: 13
1665052351.081581 -- INFO: Process 12 get item 17 from queue and executing
1665052351.081821 -- INFO: starting 12, 17, /home/cc/files_to_send/FILE1
1665052351.083498 -- INFO: Process 13 get item 18 from queue and executing
1665052351.083784 -- INFO: starting 13, 18, /home/cc/files_to_send/FILE0
1665052351.284275 -- INFO: Throughput @29.1s:6056.65Mbps, rtt :34.62ms cwnd: 3299.1 lossRate: 0.0 CC:14 score:-4590.0 
1665052352.285943 -- INFO: Throughput @30.1s:6634.96Mbps, rtt :35.18ms cwnd: 3489.4 lossRate: 0.0 CC:14 score:-5028.0 
1665052353.286754 -- INFO: Throughput @31.1s:6641.61Mbps, rtt :34.54ms cwnd: 3492.4 lossRate: 0.0 CC:14 score:-5034.0 
1665052354.248440 -- INFO: Gradient: -172.83333333333348, Gredient Change: 0.03808299669482192, Theta: 5, Previous CC: 13, Choosen CC: 18
1665052354.248617 -- INFO: Changing concurrency to 17 ******
1665052354.249878 -- INFO: Process Status Bits from change concurrency are: 1 1 1 1 1 1 1 1 1 1 1 1 1 1 1 1 1 0 0 0 0 0 0 0 0 0 0 0 0 0 0 0
1665052354.251054 -- INFO: Active CC: 17
1665052354.251311 -- INFO: Start Process :: 14
1665052354.251590 -- INFO: Start Process :: 15
1665052354.251580 -- INFO: Start Process :: 16
1665052354.286777 -- INFO: Process 14 get item 19 from queue and executing
1665052354.286981 -- INFO: starting 14, 19, /home/cc/files_to_send/FILE2
1665052354.287188 -- INFO: Throughput @32.1s:6658.39Mbps, rtt :34.49ms cwnd: 2879.6 lossRate: 0.0 CC:17 score:-4755.0 
1665052354.287477 -- INFO: Process 16 get item 20 from queue and executing
1665052354.287567 -- INFO: Process 15 get item 21 from queue and executing
1665052354.287681 -- INFO: starting 16, 20, /home/cc/files_to_send/FILE3
1665052354.287752 -- INFO: starting 15, 21, /home/cc/files_to_send/FILE1
1665052354.414452 -- INFO: Process 0 finished on working on file 7 
1665052354.414892 -- INFO: Process 0 get item 22 from queue and executing
1665052354.415069 -- INFO: starting 0, 22, /home/cc/files_to_send/FILE0
1665052354.436938 -- INFO: Process 6 finished on working on file 6 
1665052354.437553 -- INFO: Process 6 get item 23 from queue and executing
1665052354.437948 -- INFO: starting 6, 23, /home/cc/files_to_send/FILE2
1665052354.471397 -- INFO: Process 5 finished on working on file 5 
1665052354.471837 -- INFO: Process 5 get item 24 from queue and executing
1665052354.472119 -- INFO: starting 5, 24, /home/cc/files_to_send/FILE3
1665052355.288679 -- INFO: Throughput @33.1s:7908.72Mbps, rtt :36.02ms cwnd: 3552.3 lossRate: 7.355851064612325e-06 CC:17 score:-5648.0 
1665052356.289414 -- INFO: Throughput @34.1s:8166.78Mbps, rtt :35.05ms cwnd: 3269.4 lossRate: 9.233675926386294e-05 CC:17 score:-5825.0 
1665052357.290514 -- INFO: Throughput @35.1s:8200.0Mbps, rtt :35.28ms cwnd: 3269.6 lossRate: 0.0 CC:17 score:-5856.0 
1665052357.452081 -- INFO: Changing concurrency to 19 ******
1665052357.453120 -- INFO: Process Status Bits from change concurrency are: 1 1 1 1 1 1 1 1 1 1 1 1 1 1 1 1 1 1 1 0 0 0 0 0 0 0 0 0 0 0 0 0
1665052357.453736 -- INFO: Start Process :: 18
1665052357.453974 -- INFO: Active CC: 19
1665052357.456787 -- INFO: Start Process :: 17
1665052357.489079 -- INFO: Process 18 get item 25 from queue and executing
1665052357.489314 -- INFO: starting 18, 25, /home/cc/files_to_send/FILE1
1665052357.491465 -- INFO: Process 17 get item 26 from queue and executing
1665052357.491724 -- INFO: starting 17, 26, /home/cc/files_to_send/FILE0
1665052357.612270 -- INFO: Process 2 finished on working on file 9 
1665052357.612690 -- INFO: Process 2 get item 27 from queue and executing
1665052357.612850 -- INFO: starting 2, 27, /home/cc/files_to_send/FILE2
1665052357.614043 -- INFO: Process 1 finished on working on file 10 
1665052357.614395 -- INFO: Process 1 get item 28 from queue and executing
1665052357.614536 -- INFO: starting 1, 28, /home/cc/files_to_send/FILE3
1665052357.661275 -- INFO: Process 7 finished on working on file 8 
1665052357.661734 -- INFO: Process 7 get item 29 from queue and executing
1665052357.662004 -- INFO: starting 7, 29, /home/cc/files_to_send/FILE1
1665052358.292265 -- INFO: Throughput @36.1s:8592.27Mbps, rtt :51.18ms cwnd: 3336.9 lossRate: 0.0 CC:19 score:-5898.0 
1665052359.294045 -- INFO: Throughput @37.1s:9108.72Mbps, rtt :42.72ms cwnd: 3199.0 lossRate: 2.683692351732387e-05 CC:19 score:-6250.0 
1665052360.293356 -- INFO: Throughput @38.1s:9032.56Mbps, rtt :50.47ms cwnd: 3114.3 lossRate: 2.039775624681285e-05 CC:19 score:-6198.0 
1665052360.654860 -- INFO: Gradient: -169.5, Gredient Change: 0.029343874430146, Theta: 6, Previous CC: 18, Choosen CC: 24
1665052360.655026 -- INFO: Changing concurrency to 23 ******
1665052360.656062 -- INFO: Process Status Bits from change concurrency are: 1 1 1 1 1 1 1 1 1 1 1 1 1 1 1 1 1 1 1 1 1 1 1 0 0 0 0 0 0 0 0 0
1665052360.656640 -- INFO: Active CC: 23
1665052360.657057 -- INFO: Start Process :: 19
1665052360.657689 -- INFO: Start Process :: 20
1665052360.657802 -- INFO: Start Process :: 22
1665052360.658940 -- INFO: Start Process :: 21
1665052360.694328 -- INFO: Process 19 get item 30 from queue and executing
1665052360.694616 -- INFO: starting 19, 30, /home/cc/files_to_send/FILE0
1665052360.695882 -- INFO: Process 22 get item 31 from queue and executing
1665052360.695956 -- INFO: Process 20 get item 32 from queue and executing
1665052360.696075 -- INFO: starting 22, 31, /home/cc/files_to_send/FILE2
1665052360.696143 -- INFO: starting 20, 32, /home/cc/files_to_send/FILE3
1665052360.698488 -- INFO: Process 21 get item 33 from queue and executing
1665052360.698808 -- INFO: starting 21, 33, /home/cc/files_to_send/FILE1
1665052360.857888 -- INFO: Process 8 finished on working on file 12 
1665052360.858345 -- INFO: Process 8 get item 34 from queue and executing
1665052360.858597 -- INFO: starting 8, 34, /home/cc/files_to_send/FILE0
1665052360.880191 -- INFO: Process 9 finished on working on file 11 
1665052360.880553 -- INFO: Process 9 get item 35 from queue and executing
1665052360.889489 -- INFO: starting 9, 35, /home/cc/files_to_send/FILE2
1665052361.295357 -- INFO: Throughput @39.1s:9107.26Mbps, rtt :46.28ms cwnd: 2441.2 lossRate: 8.359558769627279e-05 CC:23 score:-5768.0 
1665052362.296191 -- INFO: Throughput @40.1s:9118.9Mbps, rtt :51.44ms cwnd: 2375.7 lossRate: 7.867730756101616e-05 CC:23 score:-5776.0 
1665052363.299882 -- INFO: Throughput @41.1s:9150.66Mbps, rtt :44.03ms cwnd: 2121.0 lossRate: 0.00020970009074294837 CC:23 score:-5784.0 
1665052363.857661 -- INFO: Changing concurrency to 25 ******
1665052363.858488 -- INFO: Process Status Bits from change concurrency are: 1 1 1 1 1 1 1 1 1 1 1 1 1 1 1 1 1 1 1 1 1 1 1 1 1 0 0 0 0 0 0 0
1665052363.859063 -- INFO: Active CC: 25
1665052363.859948 -- INFO: Start Process :: 23
1665052363.859958 -- INFO: Start Process :: 24
1665052363.896680 -- INFO: Process 23 get item 36 from queue and executing
1665052363.897028 -- INFO: starting 23, 36, /home/cc/files_to_send/FILE3
1665052363.906001 -- INFO: Process 24 get item 37 from queue and executing
1665052363.906195 -- INFO: starting 24, 37, /home/cc/files_to_send/FILE1
1665052364.212265 -- INFO: Process 11 finished on working on file 14 
1665052364.213088 -- INFO: Process 11 get item 38 from queue and executing
1665052364.230604 -- INFO: starting 11, 38, /home/cc/files_to_send/FILE0
1665052364.298330 -- INFO: Throughput @42.1s:9147.19Mbps, rtt :43.58ms cwnd: 1724.7 lossRate: 0.00010012039794689817 CC:25 score:-5566.0 
1665052364.434942 -- INFO: Process 4 finished on working on file 16 
1665052364.435411 -- INFO: Process 4 get item 39 from queue and executing
1665052364.444181 -- INFO: starting 4, 39, /home/cc/files_to_send/FILE2
1665052365.300909 -- INFO: Throughput @43.1s:9116.48Mbps, rtt :43.43ms cwnd: 1810.8 lossRate: 5.609204194154954e-05 CC:25 score:-5552.0 
1665052365.496324 -- INFO: Process 3 finished on working on file 15 
1665052365.497055 -- INFO: Process 3 get item 40 from queue and executing
1665052365.522161 -- INFO: starting 3, 40, /home/cc/files_to_send/FILE3
1665052366.304530 -- INFO: Throughput @44.1s:9094.71Mbps, rtt :44.28ms cwnd: 1807.8 lossRate: 9.31752332571764e-05 CC:25 score:-5535.0 
1665052366.813472 -- INFO: Process 10 finished on working on file 13 
1665052366.814234 -- INFO: Process 10 get item 41 from queue and executing
1665052366.852740 -- INFO: starting 10, 41, /home/cc/files_to_send/FILE1
1665052367.059965 -- INFO: Gradient: 112.5, Gredient Change: 0.019477146814404434, Theta: -1, Previous CC: 24, Choosen CC: 23
1665052367.060131 -- INFO: Changing concurrency to 22 ******
1665052367.060776 -- INFO: Process Status Bits from change concurrency are: 1 1 1 1 1 1 1 1 1 1 1 1 1 1 1 1 1 1 1 1 1 1 0 0 0 0 0 0 0 0 0 0
1665052367.061257 -- INFO: Active CC: 22
1665052367.301538 -- INFO: Throughput @45.1s:8858.39Mbps, rtt :34.79ms cwnd: 1399.9 lossRate: 0.0002903302561236763 CC:22 score:-5704.0 
1665052368.302587 -- INFO: Throughput @46.1s:8299.34Mbps, rtt :36.22ms cwnd: 1504.0 lossRate: 0 CC:22 score:-5368.0 
1665052369.302246 -- INFO: Throughput @47.1s:8533.55Mbps, rtt :35.48ms cwnd: 1542.5 lossRate: 0.0 CC:22 score:-5520.0 
1665052370.262190 -- INFO: Changing concurrency to 24 ******
1665052370.263213 -- INFO: Process Status Bits from change concurrency are: 1 1 1 1 1 1 1 1 1 1 1 1 1 1 1 1 1 1 1 1 1 1 1 1 0 0 0 0 0 0 0 0
1665052370.263288 -- INFO: Start Process :: 23
1665052370.263504 -- INFO: Start Process :: 22
1665052370.263927 -- INFO: Active CC: 24
1665052370.297753 -- INFO: Process 23 get item 42 from queue and executing
1665052370.298056 -- INFO: starting 23, 42, /home/cc/files_to_send/FILE0
1665052370.299304 -- INFO: Process 22 get item 43 from queue and executing
1665052370.299620 -- INFO: starting 22, 43, /home/cc/files_to_send/FILE2
1665052370.304087 -- INFO: Throughput @48.1s:8600.0Mbps, rtt :35.6ms cwnd: 1441.8 lossRate: 0.0 CC:24 score:-5347.0 
1665052370.497830 -- INFO: Process 14 finished on working on file 19 
1665052370.498293 -- INFO: Process 14 get item 44 from queue and executing
1665052370.498515 -- INFO: starting 14, 44, /home/cc/files_to_send/FILE3
1665052371.141260 -- INFO: Process 0 finished on working on file 22 
1665052371.141919 -- INFO: Process 0 get item 45 from queue and executing
1665052371.161804 -- INFO: starting 0, 45, /home/cc/files_to_send/FILE1
1665052371.305899 -- INFO: Throughput @49.1s:8751.22Mbps, rtt :39.95ms cwnd: 1488.7 lossRate: 0.0 CC:24 score:-5441.0 
1665052371.606140 -- INFO: Process 13 finished on working on file 18 
1665052371.606983 -- INFO: Process 13 get item 46 from queue and executing
1665052371.638718 -- INFO: starting 13, 46, /home/cc/files_to_send/FILE0
1665052372.309146 -- INFO: Throughput @50.1s:8599.11Mbps, rtt :43.3ms cwnd: 1543.1 lossRate: 2.6955776353314753e-06 CC:24 score:-5346.0 
1665052372.784448 -- INFO: Process 6 finished on working on file 23 
1665052372.785142 -- INFO: Process 6 get item 47 from queue and executing
1665052372.802177 -- INFO: starting 6, 47, /home/cc/files_to_send/FILE2
1665052373.310409 -- INFO: Throughput @51.1s:8725.5Mbps, rtt :46.11ms cwnd: 1575.8 lossRate: 1.4583463148251509e-05 CC:24 score:-5424.0 
1665052373.465068 -- INFO: Gradient: 63.5, Gredient Change: 0.011481436837029893, Theta: -2, Previous CC: 23, Choosen CC: 21
1665052373.465240 -- INFO: Changing concurrency to 20 ******
1665052373.465811 -- INFO: Process Status Bits from change concurrency are: 1 1 1 1 1 1 1 1 1 1 1 1 1 1 1 1 1 1 1 1 0 0 0 0 0 0 0 0 0 0 0 0
1665052373.466511 -- INFO: Active CC: 20
1665052373.673252 -- INFO: Process 7 finished on working on file 29 
1665052373.673743 -- INFO: Process 7 get item 48 from queue and executing
1665052373.673910 -- INFO: starting 7, 48, /home/cc/files_to_send/FILE3
1665052373.683112 -- INFO: Process 17 finished on working on file 26 
1665052373.683725 -- INFO: Process 17 get item 49 from queue and executing
1665052373.684116 -- INFO: starting 17, 49, /home/cc/files_to_send/FILE1
1665052373.696852 -- INFO: Process 18 finished on working on file 25 
1665052373.697203 -- INFO: Process 18 get item 50 from queue and executing
1665052373.697474 -- INFO: starting 18, 50, /home/cc/files_to_send/FILE0
1665052374.308922 -- INFO: Throughput @52.1s:8290.95Mbps, rtt :37.12ms cwnd: 1660.6 lossRate: 0 CC:20 score:-5580.0 
1665052374.488697 -- INFO: Process 1 finished on working on file 28 
1665052374.489150 -- INFO: Process 1 get item 51 from queue and executing
1665052374.503830 -- INFO: starting 1, 51, /home/cc/files_to_send/FILE2
1665052375.312543 -- INFO: Throughput @53.1s:8233.55Mbps, rtt :36.1ms cwnd: 1672.8 lossRate: 0.0 CC:20 score:-5541.0 
1665052375.509081 -- INFO: Process 2 finished on working on file 27 
1665052375.509501 -- INFO: Process 2 get item 52 from queue and executing
1665052375.509696 -- INFO: starting 2, 52, /home/cc/files_to_send/FILE3
1665052375.879073 -- INFO: Process 15 finished on working on file 21 
1665052375.879558 -- INFO: Process 15 get item 53 from queue and executing
1665052375.902799 -- INFO: starting 15, 53, /home/cc/files_to_send/FILE1
1665052376.094462 -- INFO: Process 16 finished on working on file 20 
1665052376.094896 -- INFO: Process 16 get item 54 from queue and executing
1665052376.117767 -- INFO: starting 16, 54, /home/cc/files_to_send/FILE0
1665052376.311779 -- INFO: Throughput @54.1s:8133.89Mbps, rtt :35.28ms cwnd: 1624.8 lossRate: 0.0002909505811880482 CC:20 score:-5450.0 
1665052376.667733 -- INFO: Changing concurrency to 22 ******
1665052376.668672 -- INFO: Process Status Bits from change concurrency are: 1 1 1 1 1 1 1 1 1 1 1 1 1 1 1 1 1 1 1 1 1 1 0 0 0 0 0 0 0 0 0 0
1665052376.668686 -- INFO: Start Process :: 20
1665052376.668854 -- INFO: Start Process :: 21
1665052376.669354 -- INFO: Active CC: 22
1665052376.703001 -- INFO: Process 20 get item 55 from queue and executing
1665052376.703314 -- INFO: starting 20, 55, /home/cc/files_to_send/FILE2
1665052376.704119 -- INFO: Process 21 get item 56 from queue and executing
1665052376.704615 -- INFO: starting 21, 56, /home/cc/files_to_send/FILE3
1665052376.888265 -- INFO: Process 8 finished on working on file 34 
1665052376.888670 -- INFO: Process 8 get item 57 from queue and executing
1665052376.888867 -- INFO: starting 8, 57, /home/cc/files_to_send/FILE1
1665052377.312342 -- INFO: Throughput @55.1s:8258.39Mbps, rtt :35.69ms cwnd: 1530.5 lossRate: 3.094176899719133e-05 CC:22 score:-5339.0 
1665052378.313459 -- INFO: Throughput @56.1s:8516.11Mbps, rtt :35.86ms cwnd: 1604.8 lossRate: 0.0 CC:22 score:-5509.0 
1665052378.686850 -- INFO: Process 5 finished on working on file 24 
1665052378.687266 -- INFO: Process 5 get item 58 from queue and executing
1665052378.715152 -- INFO: starting 5, 58, /home/cc/files_to_send/FILE0
1665052379.313767 -- INFO: Throughput @57.1s:8708.06Mbps, rtt :37.42ms cwnd: 1652.9 lossRate: 0.0 CC:22 score:-5633.0 
1665052379.824225 -- INFO: Process 9 finished on working on file 35 
1665052379.824679 -- INFO: Process 9 get item 59 from queue and executing
1665052379.862152 -- INFO: starting 9, 59, /home/cc/files_to_send/FILE2
1665052379.870691 -- INFO: Gradient: 15.0, Gredient Change: 0.0027155874720897954, Theta: -3, Previous CC: 21, Choosen CC: 18
1665052379.870858 -- INFO: Changing concurrency to 17 ******
1665052379.871742 -- INFO: Process Status Bits from change concurrency are: 1 1 1 1 1 1 1 1 1 1 1 1 1 1 1 1 1 0 0 0 0 0 0 0 0 0 0 0 0 0 0 0
1665052379.872573 -- INFO: Active CC: 17
1665052380.314961 -- INFO: Throughput @58.1s:8091.61Mbps, rtt :34.39ms cwnd: 1628.2 lossRate: 0 CC:17 score:-5779.0 
1665052380.807065 -- INFO: Process 11 finished on working on file 38 
1665052380.807463 -- INFO: Process 11 get item 60 from queue and executing
1665052380.807619 -- INFO: starting 11, 60, /home/cc/files_to_send/FILE3
1665052381.316524 -- INFO: Throughput @59.1s:7350.66Mbps, rtt :34.86ms cwnd: 1666.1 lossRate: 0.0 CC:17 score:-5250.0 
1665052381.503320 -- INFO: Process 4 finished on working on file 39 
1665052381.503734 -- INFO: Process 4 get item 61 from queue and executing
1665052381.503938 -- INFO: starting 4, 61, /home/cc/files_to_send/FILE1
1665052382.317360 -- INFO: Throughput @60.1s:7507.39Mbps, rtt :35.07ms cwnd: 1714.4 lossRate: 0.0 CC:17 score:-5361.0 
1665052383.073679 -- INFO: Changing concurrency to 19 ******
1665052383.074662 -- INFO: Start Process :: 18
1665052383.074752 -- INFO: Process Status Bits from change concurrency are: 1 1 1 1 1 1 1 1 1 1 1 1 1 1 1 1 1 1 1 0 0 0 0 0 0 0 0 0 0 0 0 0
1665052383.074763 -- INFO: Start Process :: 17
1665052383.075578 -- INFO: Active CC: 19
1665052383.109441 -- INFO: Process 18 get item 62 from queue and executing
1665052383.109777 -- INFO: starting 18, 62, /home/cc/files_to_send/FILE0
1665052383.110598 -- INFO: Process 17 get item 63 from queue and executing
1665052383.110878 -- INFO: starting 17, 63, /home/cc/files_to_send/FILE2
1665052383.318285 -- INFO: Throughput @61.1s:7739.07Mbps, rtt :34.98ms cwnd: 1611.7 lossRate: 0.0 CC:19 score:-5312.0 
1665052383.404173 -- INFO: Process 3 finished on working on file 40 
1665052383.404608 -- INFO: Process 3 get item 64 from queue and executing
1665052383.404752 -- INFO: starting 3, 64, /home/cc/files_to_send/FILE3
1665052384.319354 -- INFO: Throughput @62.1s:8153.07Mbps, rtt :35.86ms cwnd: 1721.8 lossRate: 0.0 CC:19 score:-5597.0 
1665052385.322967 -- INFO: Throughput @63.1s:8496.01Mbps, rtt :35.81ms cwnd: 1861.3 lossRate: 0.0 CC:19 score:-5832.0 
1665052386.276690 -- INFO: Gradient: -58.5, Gredient Change: 0.010707748627211714, Theta: 1, Previous CC: 18, Choosen CC: 19
1665052386.276861 -- INFO: Changing concurrency to 18 ******
1665052386.277831 -- INFO: Process Status Bits from change concurrency are: 1 1 1 1 1 1 1 1 1 1 1 1 1 1 1 1 1 1 0 0 0 0 0 0 0 0 0 0 0 0 0 0
1665052386.278514 -- INFO: Active CC: 18
1665052386.323146 -- INFO: Throughput @64.1s:8361.18Mbps, rtt :36.06ms cwnd: 1754.1 lossRate: 5.270465007579761e-05 CC:18 score:-5850.0 
1665052386.498590 -- INFO: Process 14 finished on working on file 44 
1665052386.499133 -- INFO: Process 14 get item 65 from queue and executing
1665052386.499297 -- INFO: starting 14, 65, /home/cc/files_to_send/FILE1
1665052387.323895 -- INFO: Throughput @65.1s:8366.78Mbps, rtt :37.16ms cwnd: 1922.3 lossRate: 0.0 CC:18 score:-5858.0 
1665052387.547177 -- INFO: Process 0 finished on working on file 45 
1665052387.547629 -- INFO: Process 0 get item 66 from queue and executing
1665052387.564182 -- INFO: starting 0, 66, /home/cc/files_to_send/FILE0
1665052388.323706 -- INFO: Throughput @66.1s:8674.5Mbps, rtt :38.67ms cwnd: 1990.3 lossRate: 0.0 CC:18 score:-6074.0 
1665052388.727941 -- INFO: Process 12 finished on working on file 17 
1665052388.728383 -- INFO: Process 12 get item 67 from queue and executing
1665052388.747930 -- INFO: starting 12, 67, /home/cc/files_to_send/FILE2
1665052389.325227 -- INFO: Throughput @67.1s:8750.66Mbps, rtt :37.09ms cwnd: 2047.9 lossRate: 0.0 CC:18 score:-6127.0 
1665052389.479421 -- INFO: Changing concurrency to 20 ******
1665052389.480454 -- INFO: Start Process :: 18
1665052389.480615 -- INFO: Process Status Bits from change concurrency are: 1 1 1 1 1 1 1 1 1 1 1 1 1 1 1 1 1 1 1 1 0 0 0 0 0 0 0 0 0 0 0 0
1665052389.480567 -- INFO: Start Process :: 19
1665052389.481565 -- INFO: Active CC: 20
1665052389.517598 -- INFO: Process 19 get item 68 from queue and executing
1665052389.517896 -- INFO: starting 19, 68, /home/cc/files_to_send/FILE3
1665052389.517930 -- INFO: Process 18 get item 69 from queue and executing
1665052389.518197 -- INFO: starting 18, 69, /home/cc/files_to_send/FILE1
1665052389.710797 -- INFO: Process 6 finished on working on file 47 
1665052389.711454 -- INFO: Process 6 get item 70 from queue and executing
1665052389.711660 -- INFO: starting 6, 70, /home/cc/files_to_send/FILE0
1665052389.723441 -- INFO: Process 7 finished on working on file 48 
1665052389.723907 -- INFO: Process 7 get item 71 from queue and executing
1665052389.724121 -- INFO: starting 7, 71, /home/cc/files_to_send/FILE2
1665052390.325081 -- INFO: Throughput @68.1s:8874.2Mbps, rtt :39.32ms cwnd: 1908.0 lossRate: 0.0 CC:20 score:-5972.0 
1665052390.536339 -- INFO: Process 1 finished on working on file 51 
1665052390.536824 -- INFO: Process 1 get item 72 from queue and executing
1665052390.537027 -- INFO: starting 1, 72, /home/cc/files_to_send/FILE3
1665052391.055988 -- INFO: Process 13 finished on working on file 46 
1665052391.056552 -- INFO: Process 13 get item 73 from queue and executing
1665052391.056778 -- INFO: starting 13, 73, /home/cc/files_to_send/FILE1
1665052391.328304 -- INFO: Throughput @69.1s:8983.86Mbps, rtt :48.49ms cwnd: 2007.2 lossRate: 0.0 CC:20 score:-6046.0 
1665052391.509778 -- INFO: Process 2 finished on working on file 52 
1665052391.510195 -- INFO: Process 2 get item 74 from queue and executing
1665052391.510348 -- INFO: starting 2, 74, /home/cc/files_to_send/FILE0
1665052392.328109 -- INFO: Throughput @70.1s:8941.94Mbps, rtt :48.21ms cwnd: 1985.6 lossRate: 5.1834621639658666e-05 CC:20 score:-6013.0 
1665052392.682521 -- INFO: Gradient: 4.66666666666697, Gredient Change: 0.0007752367240711506, Theta: -1, Previous CC: 19, Choosen CC: 18
1665052392.682695 -- INFO: Changing concurrency to 17 ******
1665052392.683601 -- INFO: Process Status Bits from change concurrency are: 1 1 1 1 1 1 1 1 1 1 1 1 1 1 1 1 1 0 0 0 0 0 0 0 0 0 0 0 0 0 0 0
1665052392.684476 -- INFO: Active CC: 17
1665052392.888982 -- INFO: Process 8 finished on working on file 57 
1665052392.889403 -- INFO: Process 8 get item 75 from queue and executing
1665052392.889574 -- INFO: starting 8, 75, /home/cc/files_to_send/FILE2
1665052393.328512 -- INFO: Throughput @71.1s:8425.5Mbps, rtt :35.56ms cwnd: 1900.9 lossRate: 0.00011801650178564098 CC:17 score:-6007.0 
1665052393.587814 -- INFO: Process 10 finished on working on file 41 
1665052393.588239 -- INFO: Process 10 get item 76 from queue and executing
1665052393.588376 -- INFO: starting 10, 76, /home/cc/files_to_send/FILE3
1665052394.329331 -- INFO: Throughput @72.1s:8058.39Mbps, rtt :36.99ms cwnd: 1920.0 lossRate: 1.4397770073371035e-06 CC:17 score:-5755.0 
1665052394.651280 -- INFO: Process 16 finished on working on file 54 
1665052394.651696 -- INFO: Process 16 get item 77 from queue and executing
1665052394.670745 -- INFO: starting 16, 77, /home/cc/files_to_send/FILE1
1665052394.729289 -- INFO: Process 15 finished on working on file 53 
1665052394.729815 -- INFO: Process 15 get item 78 from queue and executing
1665052394.747106 -- INFO: starting 15, 78, /home/cc/files_to_send/FILE0
1665052395.331105 -- INFO: Throughput @73.1s:7758.39Mbps, rtt :34.82ms cwnd: 1826.7 lossRate: 9.698525078147731e-05 CC:17 score:-5533.0 
1665052395.885249 -- INFO: Changing concurrency to 19 ******
1665052395.886383 -- INFO: Start Process :: 18
1665052395.886572 -- INFO: Process Status Bits from change concurrency are: 1 1 1 1 1 1 1 1 1 1 1 1 1 1 1 1 1 1 1 0 0 0 0 0 0 0 0 0 0 0 0 0
1665052395.886488 -- INFO: Start Process :: 17
1665052395.887604 -- INFO: Active CC: 19
1665052395.920620 -- INFO: Process 17 get item 79 from queue and executing
1665052395.920872 -- INFO: starting 17, 79, /home/cc/files_to_send/FILE2
1665052395.921464 -- INFO: Process 18 get item 80 from queue and executing
1665052395.921652 -- INFO: starting 18, 80, /home/cc/files_to_send/FILE3
1665052396.332535 -- INFO: Throughput @74.1s:7964.77Mbps, rtt :35.49ms cwnd: 1726.6 lossRate: 0.0 CC:19 score:-5467.0 
1665052396.807709 -- INFO: Process 11 finished on working on file 60 
1665052396.808105 -- INFO: Process 11 get item 81 from queue and executing
1665052396.808265 -- INFO: starting 11, 81, /home/cc/files_to_send/FILE1
1665052397.332879 -- INFO: Throughput @75.1s:8266.96Mbps, rtt :35.34ms cwnd: 1396.4 lossRate: 0.00013814178370345564 CC:19 score:-5663.0 
1665052398.334000 -- INFO: Throughput @76.1s:7793.26Mbps, rtt :35.03ms cwnd: 1449.2 lossRate: 0.00010779750239175709 CC:19 score:-5341.0 
1665052398.457250 -- INFO: Process 4 finished on working on file 61 
1665052398.457752 -- INFO: Process 4 get item 82 from queue and executing
1665052398.481774 -- INFO: starting 4, 82, /home/cc/files_to_send/FILE0
1665052399.088602 -- INFO: Gradient: 137.33333333333348, Gredient Change: 0.023821913847932957, Theta: -2, Previous CC: 18, Choosen CC: 16
1665052399.088771 -- INFO: Changing concurrency to 15 ******
1665052399.090317 -- INFO: Process Status Bits from change concurrency are: 1 1 1 1 1 1 1 1 1 1 1 1 1 1 1 0 0 0 0 0 0 0 0 0 0 0 0 0 0 0 0 0
1665052399.091175 -- INFO: Active CC: 15
1665052399.335836 -- INFO: Throughput @77.1s:6437.01Mbps, rtt :34.01ms cwnd: 1134.9 lossRate: 0 CC:15 score:-4783.0 
1665052399.408931 -- INFO: Process 3 finished on working on file 64 
1665052399.409349 -- INFO: Process 3 get item 83 from queue and executing
1665052399.421338 -- INFO: starting 3, 83, /home/cc/files_to_send/FILE2
1665052400.336529 -- INFO: Throughput @78.1s:5358.06Mbps, rtt :34.11ms cwnd: 1192.9 lossRate: 0.0 CC:15 score:-3981.0 
1665052401.337461 -- INFO: Throughput @79.1s:5474.83Mbps, rtt :34.06ms cwnd: 1227.9 lossRate: 5.923230699258538e-05 CC:15 score:-4065.0 
1665052401.770663 -- INFO: Process 5 finished on working on file 58 
1665052401.771085 -- INFO: Process 5 get item 84 from queue and executing
1665052401.828009 -- INFO: starting 5, 84, /home/cc/files_to_send/FILE3
1665052402.292167 -- INFO: Changing concurrency to 17 ******
1665052402.293097 -- INFO: Start Process :: 15
1665052402.293174 -- INFO: Start Process :: 16
1665052402.293416 -- INFO: Process Status Bits from change concurrency are: 1 1 1 1 1 1 1 1 1 1 1 1 1 1 1 1 1 0 0 0 0 0 0 0 0 0 0 0 0 0 0 0
1665052402.294454 -- INFO: Active CC: 17
1665052402.328661 -- INFO: Process 15 get item 85 from queue and executing
1665052402.328864 -- INFO: starting 15, 85, /home/cc/files_to_send/FILE1
1665052402.328864 -- INFO: Process 16 get item 86 from queue and executing
1665052402.329027 -- INFO: starting 16, 86, /home/cc/files_to_send/FILE0
1665052402.339504 -- INFO: Throughput @80.1s:5493.61Mbps, rtt :34.35ms cwnd: 1116.5 lossRate: 0.0 CC:17 score:-3923.0 
1665052402.508818 -- INFO: Process 14 finished on working on file 65 
1665052402.509236 -- INFO: Process 14 get item 87 from queue and executing
1665052402.509379 -- INFO: starting 14, 87, /home/cc/files_to_send/FILE2
1665052403.340484 -- INFO: Throughput @81.1s:5537.28Mbps, rtt :33.91ms cwnd: 1027.4 lossRate: 0.000136398165129914 CC:17 score:-3947.0 
1665052404.343967 -- INFO: Throughput @82.1s:5656.77Mbps, rtt :34.05ms cwnd: 1141.1 lossRate: 0.0 CC:17 score:-4040.0 
1665052405.343870 -- INFO: Throughput @83.1s:5896.56Mbps, rtt :34.0ms cwnd: 1166.9 lossRate: 0.0 CC:17 score:-4211.0 
1665052405.495443 -- INFO: Gradient: 105.16666666666652, Gredient Change: 0.024592719619611784, Theta: -3, Previous CC: 16, Choosen CC: 13
1665052405.495609 -- INFO: Changing concurrency to 12 ******
1665052405.496934 -- INFO: Process Status Bits from change concurrency are: 1 1 1 1 1 1 1 1 1 1 1 1 0 0 0 0 0 0 0 0 0 0 0 0 0 0 0 0 0 0 0 0
1665052405.498213 -- INFO: Active CC: 12
1665052406.343061 -- INFO: Throughput @84.1s:4598.37Mbps, rtt :33.88ms cwnd: 1185.8 lossRate: 0 CC:12 score:-3626.0 
1665052406.582077 -- INFO: Process 1 finished on working on file 72 
1665052406.582534 -- INFO: Process 1 get item 88 from queue and executing
1665052406.582693 -- INFO: starting 1, 88, /home/cc/files_to_send/FILE3
1665052406.650499 -- INFO: Process 7 finished on working on file 71 
1665052406.651027 -- INFO: Process 7 get item 89 from queue and executing
1665052406.674418 -- INFO: starting 7, 89, /home/cc/files_to_send/FILE1
1665052407.344223 -- INFO: Throughput @85.1s:4391.61Mbps, rtt :34.13ms cwnd: 1199.4 lossRate: 0.0 CC:12 score:-3463.0 
1665052408.273645 -- INFO: Process 2 finished on working on file 74 
1665052408.274176 -- INFO: Process 2 get item 90 from queue and executing
1665052408.294170 -- INFO: Process 0 finished on working on file 66 
1665052408.294551 -- INFO: starting 2, 90, /home/cc/files_to_send/FILE0
1665052408.294809 -- INFO: Process 0 get item 91 from queue and executing
1665052408.316698 -- INFO: starting 0, 91, /home/cc/files_to_send/FILE2
1665052408.344924 -- INFO: Throughput @86.1s:4424.83Mbps, rtt :34.13ms cwnd: 1209.3 lossRate: 0.0 CC:12 score:-3489.0 
1665052408.699062 -- INFO: Changing concurrency to 14 ******
1665052408.700238 -- INFO: Start Process :: 12
1665052408.700386 -- INFO: Start Process :: 13
1665052408.700747 -- INFO: Process Status Bits from change concurrency are: 1 1 1 1 1 1 1 1 1 1 1 1 1 1 0 0 0 0 0 0 0 0 0 0 0 0 0 0 0 0 0 0
1665052408.701997 -- INFO: Active CC: 14
1665052408.733905 -- INFO: Process 12 get item 92 from queue and executing
1665052408.734150 -- INFO: starting 12, 92, /home/cc/files_to_send/FILE3
1665052408.735650 -- INFO: Process 13 get item 93 from queue and executing
1665052408.735914 -- INFO: starting 13, 93, /home/cc/files_to_send/FILE1
1665052409.345740 -- INFO: Throughput @87.1s:4565.14Mbps, rtt :33.95ms cwnd: 1090.9 lossRate: 0.0 CC:14 score:-3460.0 
1665052410.345398 -- INFO: Throughput @88.1s:4942.91Mbps, rtt :34.12ms cwnd: 1235.0 lossRate: 0.0 CC:14 score:-3746.0 
1665052410.808268 -- INFO: Process 10 finished on working on file 76 
1665052410.808634 -- INFO: Process 10 get item 94 from queue and executing
1665052410.827869 -- INFO: starting 10, 94, /home/cc/files_to_send/FILE0
1665052411.347227 -- INFO: Throughput @89.1s:5533.55Mbps, rtt :34.32ms cwnd: 1370.6 lossRate: 5.0023969818871544e-05 CC:14 score:-4191.0 
1665052411.903142 -- INFO: Gradient: -136.5, Gredient Change: 0.03871242200794101, Theta: 1, Previous CC: 13, Choosen CC: 14
1665052411.903356 -- INFO: Changing concurrency to 13 ******
1665052411.904432 -- INFO: Process Status Bits from change concurrency are: 1 1 1 1 1 1 1 1 1 1 1 1 1 0 0 0 0 0 0 0 0 0 0 0 0 0 0 0 0 0 0 0
1665052411.905509 -- INFO: Active CC: 13
1665052412.348963 -- INFO: Throughput @90.1s:5316.78Mbps, rtt :34.13ms cwnd: 1321.0 lossRate: 4.6510864390735035e-05 CC:13 score:-4108.0 
1665052412.808347 -- INFO: Process 11 finished on working on file 81 
1665052412.808799 -- INFO: Process 11 get item 95 from queue and executing
1665052412.809015 -- INFO: starting 11, 95, /home/cc/files_to_send/FILE2
1665052413.351710 -- INFO: Throughput @91.1s:4991.61Mbps, rtt :34.13ms cwnd: 1322.2 lossRate: 7.636325770285436e-05 CC:13 score:-3855.0 
1665052414.125781 -- INFO: Process 6 finished on working on file 70 
1665052414.126385 -- INFO: Process 6 get item 96 from queue and executing
1665052414.140464 -- INFO: starting 6, 96, /home/cc/files_to_send/FILE3
1665052414.353077 -- INFO: Throughput @92.1s:5142.27Mbps, rtt :34.49ms cwnd: 1363.6 lossRate: 0.0 CC:13 score:-3975.0 
1665052414.534462 -- INFO: Process 8 finished on working on file 75 
1665052414.534949 -- INFO: Process 8 get item 97 from queue and executing
1665052414.550180 -- INFO: starting 8, 97, /home/cc/files_to_send/FILE1
1665052415.106616 -- INFO: Changing concurrency to 15 ******
1665052415.107607 -- INFO: Start Process :: 13
1665052415.107688 -- INFO: Start Process :: 14
1665052415.107934 -- INFO: Process Status Bits from change concurrency are: 1 1 1 1 1 1 1 1 1 1 1 1 1 1 1 0 0 0 0 0 0 0 0 0 0 0 0 0 0 0 0 0
1665052415.109130 -- INFO: Active CC: 15
1665052415.141307 -- INFO: Process 13 get item 98 from queue and executing
1665052415.141532 -- INFO: starting 13, 98, /home/cc/files_to_send/FILE0
1665052415.142602 -- INFO: Process 14 get item 99 from queue and executing
1665052415.142802 -- INFO: starting 14, 99, /home/cc/files_to_send/FILE2
1665052415.352130 -- INFO: Throughput @93.1s:5384.93Mbps, rtt :34.6ms cwnd: 1286.3 lossRate: 0.0 CC:15 score:-4001.0 
1665052416.304265 -- INFO: Process 4 finished on working on file 82 
1665052416.304727 -- INFO: Process 4 get item 100 from queue and executing
1665052416.304913 -- INFO: starting 4, 100, /home/cc/files_to_send/FILE3
1665052416.352784 -- INFO: Throughput @94.1s:6348.62Mbps, rtt :34.35ms cwnd: 1539.1 lossRate: 5.967547392272207e-05 CC:15 score:-4713.0 
1665052416.428052 -- INFO: Process 3 finished on working on file 83 
1665052416.428475 -- INFO: Process 3 get item 101 from queue and executing
1665052416.447398 -- INFO: starting 3, 101, /home/cc/files_to_send/FILE1
1665052417.354295 -- INFO: Throughput @95.1s:6608.06Mbps, rtt :34.32ms cwnd: 1529.7 lossRate: 4.906332849125008e-05 CC:15 score:-4907.0 
1665052417.829840 -- INFO: Process 9 finished on working on file 59 
1665052417.830322 -- INFO: Process 9 get item 102 from queue and executing
1665052417.884866 -- INFO: starting 9, 102, /home/cc/files_to_send/FILE0
1665052418.310027 -- INFO: Gradient: -280.4999999999998, Gredient Change: 0.07048919416987764, Theta: 2, Previous CC: 14, Choosen CC: 16
1665052418.310179 -- INFO: Changing concurrency to 15 ******
1665052418.311253 -- INFO: Process Status Bits from change concurrency are: 1 1 1 1 1 1 1 1 1 1 1 1 1 1 1 0 0 0 0 0 0 0 0 0 0 0 0 0 0 0 0 0
1665052418.312332 -- INFO: Active CC: 15
1665052418.354413 -- INFO: Throughput @96.1s:6649.34Mbps, rtt :34.24ms cwnd: 1606.1 lossRate: 0.0 CC:15 score:-4941.0 
1665052419.356395 -- INFO: Throughput @97.2s:6014.95Mbps, rtt :34.67ms cwnd: 1637.3 lossRate: 4.7088944039150096e-05 CC:15 score:-4466.0 
1665052420.357092 -- INFO: Throughput @98.2s:6583.22Mbps, rtt :34.58ms cwnd: 1703.2 lossRate: 0.0 CC:15 score:-4891.0 
1665052421.357180 -- INFO: Throughput @99.2s:6625.17Mbps, rtt :34.75ms cwnd: 1747.5 lossRate: 0.0 CC:15 score:-4923.0 
1665052421.513317 -- INFO: Changing concurrency to 17 ******
1665052421.514249 -- INFO: Start Process :: 15
1665052421.514350 -- INFO: Start Process :: 16
1665052421.514434 -- INFO: Process Status Bits from change concurrency are: 1 1 1 1 1 1 1 1 1 1 1 1 1 1 1 1 1 0 0 0 0 0 0 0 0 0 0 0 0 0 0 0
1665052421.515511 -- INFO: Active CC: 17
1665052421.548095 -- INFO: Process 15 get item 103 from queue and executing
1665052421.548286 -- INFO: starting 15, 103, /home/cc/files_to_send/FILE2
1665052421.548753 -- INFO: Process 16 get item 104 from queue and executing
1665052421.548934 -- INFO: starting 16, 104, /home/cc/files_to_send/FILE3
1665052422.360928 -- INFO: Throughput @100.2s:6825.5Mbps, rtt :34.36ms cwnd: 1412.0 lossRate: 0.0002037542142021824 CC:17 score:-4861.0 
1665052422.753850 -- INFO: Process 1 finished on working on file 88 
1665052422.754317 -- INFO: Process 1 get item 105 from queue and executing
1665052422.754525 -- INFO: starting 1, 105, /home/cc/files_to_send/FILE1
1665052423.360532 -- INFO: Throughput @101.2s:7166.78Mbps, rtt :35.36ms cwnd: 1546.0 lossRate: 0.0 CC:17 score:-5118.0 
1665052424.362297 -- INFO: Throughput @102.2s:7233.55Mbps, rtt :34.97ms cwnd: 1581.1 lossRate: 0.0 CC:17 score:-5166.0 
1665052424.716400 -- INFO: Gradient: -144.16666666666652, Gredient Change: 0.030287114845938344, Theta: 3, Previous CC: 16, Choosen CC: 19
1665052424.716559 -- INFO: Changing concurrency to 18 ******
1665052424.717543 -- INFO: Process Status Bits from change concurrency are: 1 1 1 1 1 1 1 1 1 1 1 1 1 1 1 1 1 1 0 0 0 0 0 0 0 0 0 0 0 0 0 0
1665052424.717565 -- INFO: Start Process :: 17
1665052424.718532 -- INFO: Active CC: 18
1665052424.752672 -- INFO: Process 17 get item 106 from queue and executing
1665052424.752955 -- INFO: starting 17, 106, /home/cc/files_to_send/FILE0
1665052425.363174 -- INFO: Throughput @103.2s:7374.83Mbps, rtt :35.02ms cwnd: 1546.2 lossRate: 8.957757103344229e-05 CC:18 score:-5157.0 
1665052425.406181 -- INFO: Process 2 finished on working on file 90 
1665052425.406774 -- INFO: Process 2 get item 107 from queue and executing
1665052425.415923 -- INFO: starting 2, 107, /home/cc/files_to_send/FILE2
1665052425.955627 -- INFO: Process 12 finished on working on file 92 
1665052425.956077 -- INFO: Process 12 get item 108 from queue and executing
1665052425.956221 -- INFO: starting 12, 108, /home/cc/files_to_send/FILE3
1665052426.364557 -- INFO: Throughput @104.2s:7525.17Mbps, rtt :35.1ms cwnd: 1530.2 lossRate: 0.0006074669092422853 CC:18 score:-5223.0 
1665052426.989929 -- INFO: Process 0 finished on working on file 91 
1665052426.990441 -- INFO: Process 0 get item 109 from queue and executing
1665052426.990604 -- INFO: starting 0, 109, /home/cc/files_to_send/FILE1
1665052427.363803 -- INFO: Throughput @105.2s:7574.83Mbps, rtt :35.5ms cwnd: 1545.4 lossRate: 1.53233925378143e-05 CC:18 score:-5302.0 
1665052427.919580 -- INFO: Changing concurrency to 20 ******
1665052427.920525 -- INFO: Start Process :: 18
1665052427.920686 -- INFO: Process Status Bits from change concurrency are: 1 1 1 1 1 1 1 1 1 1 1 1 1 1 1 1 1 1 1 1 0 0 0 0 0 0 0 0 0 0 0 0
1665052427.921834 -- INFO: Active CC: 20
1665052427.921913 -- INFO: Start Process :: 19
1665052427.955412 -- INFO: Process 18 get item 110 from queue and executing
1665052427.955700 -- INFO: starting 18, 110, /home/cc/files_to_send/FILE0
1665052427.957290 -- INFO: Process 19 get item 111 from queue and executing
1665052427.957729 -- INFO: starting 19, 111, /home/cc/files_to_send/FILE2
1665052428.364969 -- INFO: Throughput @106.2s:7675.61Mbps, rtt :35.78ms cwnd: 1430.0 lossRate: 0.0 CC:20 score:-5165.0 
1665052429.320832 -- INFO: Process 11 finished on working on file 95 
1665052429.321354 -- INFO: Process 11 get item 112 from queue and executing
1665052429.333520 -- INFO: Process 10 finished on working on file 94 
1665052429.333826 -- INFO: Process 10 get item 113 from queue and executing
1665052429.336819 -- INFO: starting 11, 112, /home/cc/files_to_send/FILE3
1665052429.348243 -- INFO: starting 10, 113, /home/cc/files_to_send/FILE1
1665052429.364646 -- INFO: Throughput @107.2s:7849.35Mbps, rtt :35.32ms cwnd: 1481.4 lossRate: 0.0 CC:20 score:-5282.0 
1665052430.365725 -- INFO: Throughput @108.2s:8164.64Mbps, rtt :35.29ms cwnd: 1550.0 lossRate: 0.0 CC:20 score:-5495.0 
1665052430.422613 -- INFO: Process 5 finished on working on file 84 
1665052430.423094 -- INFO: Process 5 get item 114 from queue and executing
1665052430.447929 -- INFO: starting 5, 114, /home/cc/files_to_send/FILE0
1665052430.802984 -- INFO: Process 6 finished on working on file 96 
1665052430.803637 -- INFO: Process 6 get item 115 from queue and executing
1665052430.803883 -- INFO: starting 6, 115, /home/cc/files_to_send/FILE2
1665052430.941709 -- INFO: Process 8 finished on working on file 97 
1665052430.942111 -- INFO: Process 8 get item 116 from queue and executing
1665052430.942262 -- INFO: starting 8, 116, /home/cc/files_to_send/FILE3
1665052431.122918 -- INFO: Gradient: -43.333333333333485, Gredient Change: 0.008289758959316443, Theta: 4, Previous CC: 19, Choosen CC: 23
1665052431.123076 -- INFO: Changing concurrency to 22 ******
1665052431.124106 -- INFO: Process Status Bits from change concurrency are: 1 1 1 1 1 1 1 1 1 1 1 1 1 1 1 1 1 1 1 1 1 1 0 0 0 0 0 0 0 0 0 0
1665052431.124063 -- INFO: Start Process :: 20
1665052431.124292 -- INFO: Start Process :: 21
1665052431.124876 -- INFO: Active CC: 22
1665052431.158568 -- INFO: Process 20 get item 117 from queue and executing
1665052431.158866 -- INFO: starting 20, 117, /home/cc/files_to_send/FILE1
1665052431.158986 -- INFO: Process 21 get item 118 from queue and executing
1665052431.159264 -- INFO: starting 21, 118, /home/cc/files_to_send/FILE0
1665052431.350566 -- INFO: Process 13 finished on working on file 98 
1665052431.351081 -- INFO: Process 13 get item 119 from queue and executing
1665052431.351266 -- INFO: starting 13, 119, /home/cc/files_to_send/FILE2
1665052431.370346 -- INFO: Throughput @109.2s:8234.36Mbps, rtt :35.81ms cwnd: 1321.5 lossRate: 3.3725675356649016e-05 CC:22 score:-5324.0 
1665052431.395565 -- INFO: Process 14 finished on working on file 99 
1665052431.396012 -- INFO: Process 14 get item 120 from queue and executing
1665052431.396156 -- INFO: starting 14, 120, /home/cc/files_to_send/FILE3
1665052432.371690 -- INFO: Throughput @110.2s:8768.65Mbps, rtt :41.51ms cwnd: 1536.9 lossRate: 5.2799146765788264e-05 CC:22 score:-5667.0 
1665052432.415501 -- INFO: Process 4 finished on working on file 100 
1665052432.416020 -- INFO: Process 4 get item 121 from queue and executing
1665052432.416213 -- INFO: starting 4, 121, /home/cc/files_to_send/FILE1
1665052432.611903 -- INFO: Process 3 finished on working on file 101 
1665052432.612296 -- INFO: Process 3 get item 122 from queue and executing
1665052432.616790 -- INFO: starting 3, 122, /home/cc/files_to_send/FILE0
1665052433.370152 -- INFO: Throughput @111.2s:8815.36Mbps, rtt :41.77ms cwnd: 1575.1 lossRate: 2.620030130346499e-06 CC:22 score:-5702.0 
1665052433.492006 -- INFO: Process 7 finished on working on file 89 
1665052433.492480 -- INFO: Process 7 get item 123 from queue and executing
1665052433.528623 -- INFO: starting 7, 123, /home/cc/files_to_send/FILE2
1665052434.325818 -- INFO: Changing concurrency to 24 ******
1665052434.326667 -- INFO: Process Status Bits from change concurrency are: 1 1 1 1 1 1 1 1 1 1 1 1 1 1 1 1 1 1 1 1 1 1 1 1 0 0 0 0 0 0 0 0
1665052434.327255 -- INFO: Active CC: 24
1665052434.328226 -- INFO: Start Process :: 22
1665052434.328417 -- INFO: Start Process :: 23
1665052434.371027 -- INFO: Process 22 get item 124 from queue and executing
1665052434.371364 -- INFO: starting 22, 124, /home/cc/files_to_send/FILE3
1665052434.372010 -- INFO: Process 23 get item 125 from queue and executing
1665052434.372418 -- INFO: starting 23, 125, /home/cc/files_to_send/FILE1
1665052434.372819 -- INFO: Throughput @112.2s:8933.64Mbps, rtt :42.33ms cwnd: 1481.0 lossRate: 0.0 CC:24 score:-5554.0 
1665052435.375690 -- INFO: Throughput @113.2s:8987.15Mbps, rtt :47.87ms cwnd: 1565.8 lossRate: 0.0 CC:24 score:-5588.0 
1665052436.375655 -- INFO: Throughput @114.2s:8921.42Mbps, rtt :47.69ms cwnd: 1527.3 lossRate: 9.441075403153319e-05 CC:24 score:-5538.0 
1665052437.377508 -- INFO: Throughput @115.2s:8904.78Mbps, rtt :44.31ms cwnd: 1450.3 lossRate: 0.00014112168217045147 CC:24 score:-5524.0 
1665052437.528318 -- INFO: Gradient: 7.166666666666515, Gredient Change: 0.0012879650152758369, Theta: -1, Previous CC: 23, Choosen CC: 22
1665052437.528474 -- INFO: Changing concurrency to 21 ******
1665052437.529114 -- INFO: Process Status Bits from change concurrency are: 1 1 1 1 1 1 1 1 1 1 1 1 1 1 1 1 1 1 1 1 1 0 0 0 0 0 0 0 0 0 0 0
1665052437.529691 -- INFO: Active CC: 21
1665052438.378360 -- INFO: Throughput @116.2s:8502.22Mbps, rtt :35.34ms cwnd: 1458.3 lossRate: 0 CC:21 score:-5610.0 
1665052439.379545 -- INFO: Throughput @117.2s:8401.51Mbps, rtt :36.32ms cwnd: 1530.9 lossRate: 0.0 CC:21 score:-5543.0 
1665052439.901943 -- INFO: Process 1 finished on working on file 105 
1665052439.902675 -- INFO: Process 1 get item 126 from queue and executing
1665052439.918635 -- INFO: starting 1, 126, /home/cc/files_to_send/FILE0
1665052440.380124 -- INFO: Throughput @118.2s:8491.22Mbps, rtt :37.01ms cwnd: 1590.3 lossRate: 0.0 CC:21 score:-5602.0 
1665052440.444972 -- INFO: Process 15 finished on working on file 103 
1665052440.445501 -- INFO: Process 15 get item 127 from queue and executing
1665052440.465899 -- INFO: starting 15, 127, /home/cc/files_to_send/FILE2
1665052440.730553 -- INFO: Changing concurrency to 23 ******
1665052440.731568 -- INFO: Process Status Bits from change concurrency are: 1 1 1 1 1 1 1 1 1 1 1 1 1 1 1 1 1 1 1 1 1 1 1 0 0 0 0 0 0 0 0 0
1665052440.731689 -- INFO: Start Process :: 22
1665052440.731851 -- INFO: Start Process :: 21
1665052440.732134 -- INFO: Active CC: 23
1665052440.771957 -- INFO: Process 21 get item 36 from queue and executing
1665052440.772173 -- INFO: Process 22 get item 31 from queue and executing
1665052440.772260 -- INFO: starting 21, 36, /home/cc/files_to_send/FILE3
1665052440.772458 -- INFO: starting 22, 31, /home/cc/files_to_send/FILE2
1665052441.380917 -- INFO: Throughput @119.2s:8716.02Mbps, rtt :43.29ms cwnd: 1556.1 lossRate: 0.0 CC:23 score:-5527.0 
1665052441.917176 -- INFO: Process 2 finished on working on file 107 
1665052441.917646 -- INFO: Process 2 get item 37 from queue and executing
1665052441.936547 -- INFO: starting 2, 37, /home/cc/files_to_send/FILE1
1665052441.956307 -- INFO: Process 12 finished on working on file 108 
1665052441.956727 -- INFO: Process 12 get item 42 from queue and executing
1665052441.956894 -- INFO: starting 12, 42, /home/cc/files_to_send/FILE0
1665052442.384348 -- INFO: Throughput @120.2s:8936.4Mbps, rtt :49.85ms cwnd: 1653.7 lossRate: 0.0 CC:23 score:-5667.0 
1665052443.140531 -- INFO: Process 0 finished on working on file 109 
1665052443.141230 -- INFO: Process 0 get item 32 from queue and executing
1665052443.164437 -- INFO: starting 0, 32, /home/cc/files_to_send/FILE3
1665052443.384268 -- INFO: Throughput @121.2s:8866.11Mbps, rtt :48.79ms cwnd: 1640.7 lossRate: 6.395472527529898e-05 CC:23 score:-5617.0 
1665052443.933078 -- INFO: Gradient: -9.333333333333485, Gredient Change: 0.0016711429424052793, Theta: 1, Previous CC: 22, Choosen CC: 23
1665052443.933228 -- INFO: Changing concurrency to 22 ******
1665052443.934091 -- INFO: Process Status Bits from change concurrency are: 1 1 1 1 1 1 1 1 1 1 1 1 1 1 1 1 1 1 1 1 1 1 0 0 0 0 0 0 0 0 0 0
1665052443.934752 -- INFO: Active CC: 22
1665052444.385470 -- INFO: Throughput @122.2s:8858.72Mbps, rtt :43.54ms cwnd: 1587.0 lossRate: 6.042688573426975e-05 CC:22 score:-5725.0 
1665052444.455599 -- INFO: Process 17 finished on working on file 106 
1665052444.456299 -- INFO: Process 17 get item 33 from queue and executing
1665052444.474679 -- INFO: starting 17, 33, /home/cc/files_to_send/FILE1
1665052445.320724 -- INFO: Process 19 finished on working on file 111 
1665052445.321801 -- INFO: Process 19 get item 43 from queue and executing
1665052445.339358 -- INFO: starting 19, 43, /home/cc/files_to_send/FILE2
1665052445.386019 -- INFO: Throughput @123.2s:8916.45Mbps, rtt :42.72ms cwnd: 1604.4 lossRate: 3.900024180149917e-05 CC:22 score:-5764.0 
1665052446.354817 -- INFO: Process 10 finished on working on file 113 
1665052446.355274 -- INFO: Process 10 get item 55 from queue and executing
1665052446.355437 -- INFO: starting 10, 55, /home/cc/files_to_send/FILE2
1665052446.387621 -- INFO: Throughput @124.2s:8866.78Mbps, rtt :38.66ms cwnd: 1563.0 lossRate: 5.76900132031462e-05 CC:22 score:-5730.0 
1665052447.135695 -- INFO: Changing concurrency to 24 ******
1665052447.136554 -- INFO: Process Status Bits from change concurrency are: 1 1 1 1 1 1 1 1 1 1 1 1 1 1 1 1 1 1 1 1 1 1 1 1 0 0 0 0 0 0 0 0
1665052447.136759 -- INFO: Start Process :: 22
1665052447.136945 -- INFO: Start Process :: 23
1665052447.137196 -- INFO: Active CC: 24
1665052447.178824 -- INFO: Process 23 get item 49 from queue and executing
1665052447.179224 -- INFO: starting 23, 49, /home/cc/files_to_send/FILE1
1665052447.179839 -- INFO: Process 22 get item 30 from queue and executing
1665052447.180108 -- INFO: starting 22, 30, /home/cc/files_to_send/FILE0
1665052447.388065 -- INFO: Throughput @125.2s:8905.7Mbps, rtt :42.91ms cwnd: 1504.4 lossRate: 0.0 CC:24 score:-5537.0 
1665052447.855278 -- INFO: Process 20 finished on working on file 117 
1665052447.855712 -- INFO: Process 20 get item 56 from queue and executing
1665052447.864990 -- INFO: starting 20, 56, /home/cc/files_to_send/FILE3
1665052448.388602 -- INFO: Throughput @126.2s:8802.36Mbps, rtt :48.01ms cwnd: 1508.9 lossRate: 7.535476228877531e-05 CC:24 score:-5466.0 
1665052449.138682 -- INFO: Process 11 finished on working on file 112 
1665052449.139158 -- INFO: Process 11 get item 50 from queue and executing
1665052449.170054 -- INFO: starting 11, 50, /home/cc/files_to_send/FILE0
1665052449.389766 -- INFO: Throughput @127.2s:8775.5Mbps, rtt :49.68ms cwnd: 1588.4 lossRate: 1.7085143153786002e-05 CC:24 score:-5454.0 
1665052449.627789 -- INFO: Process 13 finished on working on file 119 
1665052449.628432 -- INFO: Process 13 get item 62 from queue and executing
1665052449.650325 -- INFO: starting 13, 62, /home/cc/files_to_send/FILE0
1665052449.948961 -- INFO: Process 8 finished on working on file 116 
1665052449.949641 -- INFO: Process 8 get item 63 from queue and executing
1665052449.975054 -- INFO: starting 8, 63, /home/cc/files_to_send/FILE2
1665052450.251673 -- INFO: Process 4 finished on working on file 121 
1665052450.252178 -- INFO: Process 4 get item 69 from queue and executing
1665052450.270819 -- INFO: starting 4, 69, /home/cc/files_to_send/FILE1
1665052450.338013 -- INFO: Gradient: 127.0, Gredient Change: 0.022126720483187177, Theta: -1, Previous CC: 23, Choosen CC: 22
1665052450.338162 -- INFO: Changing concurrency to 21 ******
1665052450.338905 -- INFO: Process Status Bits from change concurrency are: 1 1 1 1 1 1 1 1 1 1 1 1 1 1 1 1 1 1 1 1 1 0 0 0 0 0 0 0 0 0 0 0
1665052450.339541 -- INFO: Active CC: 21
1665052450.390561 -- INFO: Throughput @128.2s:8859.05Mbps, rtt :40.41ms cwnd: 1467.1 lossRate: 0.0001894577298753789 CC:21 score:-5828.0 
1665052450.611255 -- INFO: Process 14 finished on working on file 120 
1665052450.612068 -- INFO: Process 14 get item 68 from queue and executing
1665052450.628793 -- INFO: starting 14, 68, /home/cc/files_to_send/FILE3
1665052451.175457 -- INFO: Process 7 finished on working on file 123 
1665052451.175940 -- INFO: Process 7 get item 77 from queue and executing
1665052451.176170 -- INFO: starting 7, 77, /home/cc/files_to_send/FILE1
1665052451.391749 -- INFO: Throughput @129.2s:8466.11Mbps, rtt :35.28ms cwnd: 1495.1 lossRate: 0 CC:21 score:-5586.0 
1665052451.400047 -- INFO: Process 6 finished on working on file 115 
1665052451.400657 -- INFO: Process 6 get item 79 from queue and executing
1665052451.417963 -- INFO: starting 6, 79, /home/cc/files_to_send/FILE2
1665052451.570354 -- INFO: Process 0 finished on working on file 32 
1665052451.570901 -- INFO: Process 0 get item 80 from queue and executing
1665052451.594189 -- INFO: starting 0, 80, /home/cc/files_to_send/FILE3
1665052451.957075 -- INFO: Process 3 finished on working on file 122 
1665052451.957570 -- INFO: Process 3 get item 78 from queue and executing
1665052451.967833 -- INFO: starting 3, 78, /home/cc/files_to_send/FILE0
1665052452.392828 -- INFO: Throughput @130.2s:8324.5Mbps, rtt :37.25ms cwnd: 1522.5 lossRate: 0.0 CC:21 score:-5492.0 
1665052453.393636 -- INFO: Throughput @131.2s:8316.78Mbps, rtt :37.23ms cwnd: 1542.0 lossRate: 0.0 CC:21 score:-5487.0 
1665052453.540401 -- INFO: Changing concurrency to 23 ******
1665052453.541266 -- INFO: Process Status Bits from change concurrency are: 1 1 1 1 1 1 1 1 1 1 1 1 1 1 1 1 1 1 1 1 1 1 1 0 0 0 0 0 0 0 0 0
1665052453.541379 -- INFO: Start Process :: 21
1665052453.541514 -- INFO: Start Process :: 22
1665052453.541945 -- INFO: Active CC: 23
1665052453.575858 -- INFO: Process 21 get item 85 from queue and executing
1665052453.576071 -- INFO: starting 21, 85, /home/cc/files_to_send/FILE1
1665052453.576199 -- INFO: Process 22 get item 67 from queue and executing
1665052453.576469 -- INFO: starting 22, 67, /home/cc/files_to_send/FILE2
1665052454.395683 -- INFO: Throughput @132.2s:8416.1Mbps, rtt :37.25ms cwnd: 1464.8 lossRate: 0.0 CC:23 score:-5337.0 
1665052454.583938 -- INFO: Process 9 finished on working on file 102 
1665052454.584342 -- INFO: Process 9 get item 86 from queue and executing
1665052454.584473 -- INFO: starting 9, 86, /home/cc/files_to_send/FILE0
1665052455.395964 -- INFO: Throughput @133.2s:8307.2Mbps, rtt :38.28ms cwnd: 1361.7 lossRate: 0.00013847800088122365 CC:23 score:-5257.0 
1665052455.621218 -- INFO: Process 16 finished on working on file 104 
1665052455.621650 -- INFO: Process 16 get item 87 from queue and executing
1665052455.651792 -- INFO: Process 17 finished on working on file 33 
1665052455.652187 -- INFO: starting 16, 87, /home/cc/files_to_send/FILE2
1665052455.652378 -- INFO: Process 17 get item 73 from queue and executing
1665052455.670645 -- INFO: starting 17, 73, /home/cc/files_to_send/FILE1
1665052456.257233 -- INFO: Process 12 finished on working on file 42 
1665052456.257692 -- INFO: Process 12 get item 93 from queue and executing
1665052456.257841 -- INFO: starting 12, 93, /home/cc/files_to_send/FILE1
1665052456.396778 -- INFO: Throughput @134.2s:8316.11Mbps, rtt :35.67ms cwnd: 1390.8 lossRate: 0.0 CC:23 score:-5274.0 
1665052456.694535 -- INFO: Process 22 finished on working on file 67 
1665052456.695173 -- INFO: Process 22 get item 125 from queue and executing
1665052456.695357 -- INFO: starting 22, 125, /home/cc/files_to_send/FILE1
1665052456.742707 -- INFO: Gradient: 116.16666666666697, Gredient Change: 0.021038333836402107, Theta: -2, Previous CC: 22, Choosen CC: 20
1665052456.742857 -- INFO: Changing concurrency to 19 ******
1665052456.743572 -- INFO: Process Status Bits from change concurrency are: 1 1 1 1 1 1 1 1 1 1 1 1 1 1 1 1 1 1 1 0 0 0 0 0 0 0 0 0 0 0 0 0
1665052456.744224 -- INFO: Active CC: 19
1665052457.397909 -- INFO: Throughput @135.2s:7958.34Mbps, rtt :35.25ms cwnd: 1370.4 lossRate: 0 CC:19 score:-5463.0 
1665052458.399129 -- INFO: Throughput @136.2s:7290.95Mbps, rtt :34.82ms cwnd: 1332.5 lossRate: 5.2581513295952655e-05 CC:19 score:-5001.0 
1665052459.399030 -- INFO: Throughput @137.2s:7609.38Mbps, rtt :34.85ms cwnd: 1375.5 lossRate: 0.0 CC:19 score:-5223.0 
1665052459.944985 -- INFO: Changing concurrency to 21 ******
1665052459.945897 -- INFO: Start Process :: 20
1665052459.946026 -- INFO: Process Status Bits from change concurrency are: 1 1 1 1 1 1 1 1 1 1 1 1 1 1 1 1 1 1 1 1 1 0 0 0 0 0 0 0 0 0 0 0
1665052459.946071 -- INFO: Start Process :: 19
1665052459.946828 -- INFO: Active CC: 21
1665052459.955818 -- INFO: Process 10 finished on working on file 55 
1665052459.956241 -- INFO: Process 10 get item 118 from queue and executing
1665052459.956404 -- INFO: starting 10, 118, /home/cc/files_to_send/FILE0
1665052459.980506 -- INFO: Process 20 get item 124 from queue and executing
1665052459.980696 -- INFO: starting 20, 124, /home/cc/files_to_send/FILE3
1665052459.982001 -- INFO: Process 19 get item 31 from queue and executing
1665052459.982228 -- INFO: starting 19, 31, /home/cc/files_to_send/FILE2
1665052460.402037 -- INFO: Throughput @138.2s:7908.73Mbps, rtt :35.02ms cwnd: 1305.7 lossRate: 2.950052658439953e-06 CC:21 score:-5218.0 
1665052460.492748 -- INFO: Process 8 finished on working on file 63 
1665052460.493516 -- INFO: Process 8 get item 30 from queue and executing
1665052460.510413 -- INFO: starting 8, 30, /home/cc/files_to_send/FILE0
1665052460.891395 -- INFO: Process 18 finished on working on file 110 
1665052460.891861 -- INFO: Process 18 get item 36 from queue and executing
1665052460.909892 -- INFO: starting 18, 36, /home/cc/files_to_send/FILE3
1665052460.963043 -- INFO: Process 2 finished on working on file 37 
1665052460.963413 -- INFO: Process 2 get item 49 from queue and executing
1665052460.979459 -- INFO: starting 2, 49, /home/cc/files_to_send/FILE1
1665052461.402330 -- INFO: Throughput @139.2s:7986.21Mbps, rtt :36.18ms cwnd: 1368.8 lossRate: 0.0 CC:21 score:-5269.0 
1665052462.401682 -- INFO: Throughput @140.2s:8303.59Mbps, rtt :35.29ms cwnd: 1454.6 lossRate: 0.0 CC:21 score:-5479.0 
1665052463.147645 -- INFO: Gradient: -46.5, Gredient Change: 0.00889271371199082, Theta: 1, Previous CC: 20, Choosen CC: 21
1665052463.147812 -- INFO: Changing concurrency to 20 ******
1665052463.148678 -- INFO: Process Status Bits from change concurrency are: 1 1 1 1 1 1 1 1 1 1 1 1 1 1 1 1 1 1 1 1 0 0 0 0 0 0 0 0 0 0 0 0
1665052463.149413 -- INFO: Active CC: 20
1665052463.302333 -- INFO: Process 17 finished on working on file 73 
1665052463.302964 -- INFO: Process 17 get item 125 from queue and executing
1665052463.303151 -- INFO: starting 17, 125, /home/cc/files_to_send/FILE1
1665052463.401853 -- INFO: Throughput @141.2s:8191.7Mbps, rtt :35.71ms cwnd: 1440.2 lossRate: 0.0 CC:20 score:-5513.0 
1665052463.877626 -- INFO: Process 7 finished on working on file 77 
1665052463.878053 -- INFO: Process 7 get item 56 from queue and executing
1665052463.878224 -- INFO: starting 7, 56, /home/cc/files_to_send/FILE3
1665052463.998609 -- INFO: Process 15 finished on working on file 127 
1665052463.999097 -- INFO: Process 15 get item 43 from queue and executing
1665052464.021130 -- INFO: starting 15, 43, /home/cc/files_to_send/FILE2
1665052464.404590 -- INFO: Throughput @142.2s:7951.32Mbps, rtt :36.14ms cwnd: 1467.0 lossRate: 0.0 CC:20 score:-5351.0 
1665052464.720279 -- INFO: Process 5 finished on working on file 114 
1665052464.720825 -- INFO: Process 5 get item 85 from queue and executing
1665052464.746632 -- INFO: starting 5, 85, /home/cc/files_to_send/FILE1
1665052465.405980 -- INFO: Throughput @143.2s:8400.06Mbps, rtt :35.26ms cwnd: 1497.0 lossRate: 0.0 CC:20 score:-5653.0 
1665052465.520135 -- INFO: Process 1 finished on working on file 126 
1665052465.520610 -- INFO: Process 1 get item 124 from queue and executing
1665052465.543972 -- INFO: starting 1, 124, /home/cc/files_to_send/FILE3
1665052466.003983 -- INFO: Process 3 finished on working on file 78 
1665052466.350233 -- INFO: Changing concurrency to 22 ******
1665052466.351258 -- INFO: Process Status Bits from change concurrency are: 1 1 1 1 1 1 1 1 1 1 1 1 1 1 1 1 1 1 1 1 1 1 0 0 0 0 0 0 0 0 0 0
1665052466.352058 -- INFO: Active CC: 22
1665052466.408575 -- INFO: Throughput @144.2s:8316.45Mbps, rtt :35.54ms cwnd: 1530.7 lossRate: 0 CC:22 score:-5379.0 
1665052466.593811 -- INFO: Process 4 finished on working on file 69 
1665052466.631558 -- INFO: Process 11 finished on working on file 50 
1665052467.408117 -- INFO: Throughput @145.2s:7692.27Mbps, rtt :35.15ms cwnd: 1620.4 lossRate: 0 CC:22 score:-4976.0 
1665052467.530178 -- INFO: Process 8 finished on working on file 30 
1665052467.970896 -- INFO: Process 0 finished on working on file 80 
1665052468.385220 -- INFO: Process 9 finished on working on file 86 
1665052468.409174 -- INFO: Throughput @146.2s:6973.51Mbps, rtt :34.53ms cwnd: 1590.9 lossRate: 0 CC:22 score:-4511.0 
1665052468.602668 -- INFO: Process 2 finished on working on file 49 
1665052468.693631 -- INFO: Process 13 finished on working on file 62 
1665052469.410314 -- INFO: Throughput @147.2s:5475.5Mbps, rtt :34.58ms cwnd: 1589.8 lossRate: 0 CC:22 score:-3542.0 
1665052469.554584 -- INFO: Gradient: 581.3333333333335, Gredient Change: 0.10558818187322155, Theta: -1, Previous CC: 21, Choosen CC: 18
1665052469.554885 -- INFO: Changing concurrency to 17 ******
1665052469.555824 -- INFO: Process Status Bits from change concurrency are: 1 1 1 1 1 1 1 1 1 1 1 1 1 1 1 1 1 0 0 0 0 0 0 0 0 0 0 0 0 0 0 0
1665052469.556826 -- INFO: Active CC: 17
1665052469.560202 -- INFO: Start Process :: 13
1665052469.560234 -- INFO: Start Process :: 0
1665052469.560274 -- INFO: Start Process :: 2
1665052469.560364 -- INFO: Start Process :: 4
1665052469.560492 -- INFO: Start Process :: 11
1665052469.560549 -- INFO: Start Process :: 3
1665052469.560607 -- INFO: Start Process :: 8
1665052469.560648 -- INFO: Start Process :: 9
1665052469.595219 -- INFO: Process 3 get item 36 from queue and executing
1665052469.595364 -- INFO: Process 13 get item 31 from queue and executing
1665052469.595489 -- INFO: starting 3, 36, /home/cc/files_to_send/FILE3
1665052469.595607 -- INFO: starting 13, 31, /home/cc/files_to_send/FILE2
1665052469.603662 -- INFO: Start Process :: 8
1665052469.603719 -- INFO: Start Process :: 2
1665052469.603824 -- INFO: Start Process :: 9
1665052469.603858 -- INFO: Start Process :: 11
1665052469.603959 -- INFO: Process 4 get item 125 from queue and executing
1665052469.604219 -- INFO: starting 4, 125, /home/cc/files_to_send/FILE1
1665052469.764307 -- INFO: Process 3 finished on working on file 36 
1665052469.790696 -- INFO: Process 10 finished on working on file 118 
1665052470.058521 -- INFO: Process 12 finished on working on file 93 
1665052470.378841 -- INFO: Process 7 finished on working on file 56 
1665052470.410396 -- INFO: Throughput @148.2s:4408.75Mbps, rtt :34.09ms cwnd: 1529.3 lossRate: 0 CC:17 score:-3149.0 
1665052470.900525 -- INFO: Process 6 finished on working on file 79 
1665052470.926194 -- INFO: Process 15 finished on working on file 43 
1665052471.414202 -- INFO: Throughput @149.2s:3108.06Mbps, rtt :34.35ms cwnd: 1497.9 lossRate: 0 CC:17 score:-2220.0 
1665052471.978938 -- INFO: Process 16 finished on working on file 87 
1665052472.415227 -- INFO: Throughput @150.2s:2458.39Mbps, rtt :34.53ms cwnd: 1443.5 lossRate: 0 CC:17 score:-1756.0 
1665052472.758197 -- INFO: Changing concurrency to 19 ******
1665052472.759551 -- INFO: Process Status Bits from change concurrency are: 1 1 1 1 1 1 1 1 1 1 1 1 1 1 1 1 1 1 1 0 0 0 0 0 0 0 0 0 0 0 0 0
1665052472.760565 -- INFO: Active CC: 19
1665052473.413446 -- INFO: Throughput @151.2s:2183.22Mbps, rtt :34.88ms cwnd: 1466.8 lossRate: 0.0 CC:19 score:-1499.0 
1665052474.419360 -- INFO: Throughput @152.2s:2241.94Mbps, rtt :34.29ms cwnd: 1496.3 lossRate: 0.0 CC:19 score:-1539.0 
1665052474.545146 -- INFO: Process 14 finished on working on file 68 
1665052475.203107 -- INFO: Process 13 finished on working on file 31 
1665052475.419240 -- INFO: Throughput @153.2s:1841.28Mbps, rtt :34.96ms cwnd: 1421.2 lossRate: 0 CC:19 score:-1264.0 
1665052475.963383 -- INFO: Gradient: 470.5, Gredient Change: 0.19810526315789473, Theta: -2, Previous CC: 18, Choosen CC: 10
1665052475.963566 -- INFO: Changing concurrency to 9 ******
1665052475.964799 -- INFO: Process Status Bits from change concurrency are: 1 1 1 1 1 1 1 1 1 0 0 0 0 0 0 0 0 0 0 0 0 0 0 0 0 0 0 0 0 0 0 0
1665052475.966588 -- INFO: Active CC: 9
1665052476.414796 -- INFO: Throughput @154.2s:1424.83Mbps, rtt :34.41ms cwnd: 1450.0 lossRate: 0.0 CC:9 score:-1192.0 
1665052477.416317 -- INFO: Throughput @155.2s:1466.78Mbps, rtt :34.54ms cwnd: 1484.8 lossRate: 0.0 CC:9 score:-1227.0 
1665052477.757258 -- INFO: Process 4 finished on working on file 125 
1665052477.792199 -- INFO: Process 1 finished on working on file 124 
1665052478.416482 -- INFO: Throughput @156.2s:900.33Mbps, rtt :34.36ms cwnd: 822.0 lossRate: 0 CC:9 score:-753.0 
1665052479.168069 -- INFO: Changing concurrency to 11 ******
1665052479.170340 -- INFO: Process Status Bits from change concurrency are: 1 1 1 1 1 1 1 1 1 1 1 0 0 0 0 0 0 0 0 0 0 0 0 0 0 0 0 0 0 0 0 0
1665052479.171710 -- INFO: Active CC: 11
1665052479.419131 -- INFO: Throughput @157.2s:508.06Mbps, rtt :34.39ms cwnd: 920.0 lossRate: 0.0 CC:11 score:-409.0 
1665052480.422430 -- INFO: Throughput @158.2s:500.0Mbps, rtt :35.84ms cwnd: 1029.5 lossRate: 0.0 CC:11 score:-402.0 
1665052481.421851 -- INFO: Throughput @159.2s:500.0Mbps, rtt :34.38ms cwnd: 1099.5 lossRate: 0.0 CC:11 score:-402.0 
1665052482.373387 -- INFO: Gradient: 326.5, Gredient Change: 0.3087957124842371, Theta: -3, Previous CC: 10, Choosen CC: 2
1665052482.373581 -- INFO: Changing concurrency to 1 ******
1665052482.373795 -- INFO: Start Process :: 2
1665052482.375952 -- INFO: Process Status Bits from change concurrency are: 1 0 0 0 0 0 0 0 0 0 0 0 0 0 0 0 0 0 0 0 0 0 0 0 0 0 0 0 0 0 0 0
1665052482.377625 -- INFO: Active CC: 1
1665052482.383779 -- INFO: Process 0 get item 85 from queue and executing
1665052482.384053 -- INFO: starting 0, 85, /home/cc/files_to_send/FILE1
1665052482.421259 -- INFO: Throughput @160.2s:484.39Mbps, rtt :34.0ms cwnd: 737.3 lossRate: 0.0 CC:1 score:-475.0 
1665052483.422206 -- INFO: Throughput @161.2s:324.33Mbps, rtt :33.96ms cwnd: 1063.0 lossRate: 0 CC:1 score:-318.0 
1665052484.423258 -- INFO: Throughput @162.2s:358.39Mbps, rtt :33.92ms cwnd: 1077.0 lossRate: 0.0 CC:1 score:-351.0 
1665052484.497772 -- INFO: Process 0 finished on working on file 85 
1665052484.497836 -- INFO: Process 11 shutdown itself from outest loop
1665052484.497882 -- INFO: Process 2 shutdown itself from outest loop
1665052484.497861 -- INFO: Process 10 shutdown itself from outest loop
1665052484.497914 -- INFO: Process 12 shutdown itself from outest loop
1665052484.497922 -- INFO: Process 3 shutdown itself from outest loop
1665052484.497931 -- INFO: Process 4 shutdown itself from outest loop
1665052484.497928 -- INFO: Process 8 shutdown itself from outest loop
1665052484.498044 -- INFO: Process Status Bits are: 1 0 0 0 0 0 0 0 0 0 0 0 0 0 0 0 0 0 0 0 0 0 0 0 0 0 0 0 0 0 0 0
1665052484.498086 -- INFO: Process Status Bits are: 1 0 0 0 0 0 0 0 0 0 0 0 0 0 0 0 0 0 0 0 0 0 0 0 0 0 0 0 0 0 0 0
1665052484.498037 -- INFO: Process 9 shutdown itself from outest loop
1665052484.498026 -- INFO: Process 7 shutdown itself from outest loop
1665052484.498101 -- INFO: Process Status Bits are: 1 0 0 0 0 0 0 0 0 0 0 0 0 0 0 0 0 0 0 0 0 0 0 0 0 0 0 0 0 0 0 0
1665052484.497953 -- INFO: Process 6 shutdown itself from outest loop
1665052484.498002 -- INFO: Process 13 shutdown itself from outest loop
1665052484.498039 -- INFO: Process 1 shutdown itself from outest loop
1665052484.498012 -- INFO: Process 19 shutdown itself from outest loop
1665052484.497970 -- INFO: Process 23 shutdown itself from outest loop
1665052484.498183 -- INFO: Process Status Bits are: 1 0 0 0 0 0 0 0 0 0 0 0 0 0 0 0 0 0 0 0 0 0 0 0 0 0 0 0 0 0 0 0
1665052484.498014 -- INFO: Process 22 shutdown itself from outest loop
1665052484.498202 -- INFO: Process 15 shutdown itself from outest loop
1665052484.498317 -- INFO: Process Status Bits are: 1 0 0 0 0 0 0 0 0 0 0 0 0 0 0 0 0 0 0 0 0 0 0 0 0 0 0 0 0 0 0 0
1665052484.498140 -- INFO: Process 21 shutdown itself from outest loop
1665052484.498029 -- INFO: Process 17 shutdown itself from outest loop
1665052484.498468 -- INFO: Process Status Bits are: 1 0 0 0 0 0 0 0 0 0 0 0 0 0 0 0 0 0 0 0 0 0 0 0 0 0 0 0 0 0 0 0
1665052484.498358 -- INFO: Process Status Bits are: 1 0 0 0 0 0 0 0 0 0 0 0 0 0 0 0 0 0 0 0 0 0 0 0 0 0 0 0 0 0 0 0
1665052484.498185 -- INFO: Process 16 shutdown itself from outest loop
1665052484.498360 -- INFO: Process 20 shutdown itself from outest loop
1665052484.498487 -- INFO: Process Status Bits are: 1 0 0 0 0 0 0 0 0 0 0 0 0 0 0 0 0 0 0 0 0 0 0 0 0 0 0 0 0 0 0 0
1665052484.498496 -- INFO: Process Status Bits are: 1 0 0 0 0 0 0 0 0 0 0 0 0 0 0 0 0 0 0 0 0 0 0 0 0 0 0 0 0 0 0 0
1665052484.498507 -- INFO: Process Status Bits are: 1 0 0 0 0 0 0 0 0 0 0 0 0 0 0 0 0 0 0 0 0 0 0 0 0 0 0 0 0 0 0 0
1665052484.498685 -- INFO: Process Status Bits are: 1 0 0 0 0 0 0 0 0 0 0 0 0 0 0 0 0 0 0 0 0 0 0 0 0 0 0 0 0 0 0 0
1665052484.498700 -- INFO: Process Status Bits are: 1 0 0 0 0 0 0 0 0 0 0 0 0 0 0 0 0 0 0 0 0 0 0 0 0 0 0 0 0 0 0 0
1665052484.498719 -- INFO: Process Status Bits are: 1 0 0 0 0 0 0 0 0 0 0 0 0 0 0 0 0 0 0 0 0 0 0 0 0 0 0 0 0 0 0 0
1665052484.498734 -- INFO: Process 0 shutdown itself from outest loop
1665052484.498740 -- INFO: Process 14 shutdown itself from outest loop
1665052484.498529 -- INFO: Process 31 shutdown itself from outest loop
1665052484.498908 -- INFO: Process Status Bits are: 0 0 0 0 0 0 0 0 0 0 0 0 0 0 0 0 0 0 0 0 0 0 0 0 0 0 0 0 0 0 0 0
1665052484.498929 -- INFO: Process Status Bits are: 0 0 0 0 0 0 0 0 0 0 0 0 0 0 0 0 0 0 0 0 0 0 0 0 0 0 0 0 0 0 0 0
1665052484.498171 -- INFO: Process 25 shutdown itself from outest loop
1665052484.498938 -- INFO: Process Status Bits are: 0 0 0 0 0 0 0 0 0 0 0 0 0 0 0 0 0 0 0 0 0 0 0 0 0 0 0 0 0 0 0 0
1665052484.499000 -- INFO: Process Status Bits are: 0 0 0 0 0 0 0 0 0 0 0 0 0 0 0 0 0 0 0 0 0 0 0 0 0 0 0 0 0 0 0 0
1665052484.499018 -- INFO: Process Status Bits are: 0 0 0 0 0 0 0 0 0 0 0 0 0 0 0 0 0 0 0 0 0 0 0 0 0 0 0 0 0 0 0 0
1665052484.499023 -- INFO: Process Status Bits are: 0 0 0 0 0 0 0 0 0 0 0 0 0 0 0 0 0 0 0 0 0 0 0 0 0 0 0 0 0 0 0 0
1665052484.499055 -- INFO: Process Status Bits are: 0 0 0 0 0 0 0 0 0 0 0 0 0 0 0 0 0 0 0 0 0 0 0 0 0 0 0 0 0 0 0 0
1665052484.499094 -- INFO: Process Status Bits are: 0 0 0 0 0 0 0 0 0 0 0 0 0 0 0 0 0 0 0 0 0 0 0 0 0 0 0 0 0 0 0 0
1665052484.499197 -- INFO: Process Status Bits are: 0 0 0 0 0 0 0 0 0 0 0 0 0 0 0 0 0 0 0 0 0 0 0 0 0 0 0 0 0 0 0 0
1665052484.499390 -- INFO: Process Status Bits are: 0 0 0 0 0 0 0 0 0 0 0 0 0 0 0 0 0 0 0 0 0 0 0 0 0 0 0 0 0 0 0 0
1665052484.499409 -- INFO: Process Status Bits are: 0 0 0 0 0 0 0 0 0 0 0 0 0 0 0 0 0 0 0 0 0 0 0 0 0 0 0 0 0 0 0 0
1665052484.500075 -- INFO: Process 18 shutdown itself from outest loop
1665052484.500314 -- INFO: Process 5 shutdown itself from outest loop
1665052484.500537 -- INFO: Process 24 shutdown itself from outest loop
1665052484.502003 -- INFO: Process Status Bits are: 0 0 0 0 0 0 0 0 0 0 0 0 0 0 0 0 0 0 0 0 0 0 0 0 0 0 0 0 0 0 0 0
1665052484.502068 -- INFO: Process Status Bits are: 0 0 0 0 0 0 0 0 0 0 0 0 0 0 0 0 0 0 0 0 0 0 0 0 0 0 0 0 0 0 0 0
1665052484.502212 -- INFO: Process Status Bits are: 0 0 0 0 0 0 0 0 0 0 0 0 0 0 0 0 0 0 0 0 0 0 0 0 0 0 0 0 0 0 0 0
1665052484.500680 -- INFO: Process 30 shutdown itself from outest loop
1665052484.500924 -- INFO: Process 29 shutdown itself from outest loop
1665052484.502918 -- INFO: Process Status Bits are: 0 0 0 0 0 0 0 0 0 0 0 0 0 0 0 0 0 0 0 0 0 0 0 0 0 0 0 0 0 0 0 0
1665052484.503065 -- INFO: Process Status Bits are: 0 0 0 0 0 0 0 0 0 0 0 0 0 0 0 0 0 0 0 0 0 0 0 0 0 0 0 0 0 0 0 0
1665052484.502488 -- INFO: Process 27 shutdown itself from outest loop
1665052484.503757 -- INFO: Process Status Bits are: 0 0 0 0 0 0 0 0 0 0 0 0 0 0 0 0 0 0 0 0 0 0 0 0 0 0 0 0 0 0 0 0
1665052484.503008 -- INFO: Process 28 shutdown itself from outest loop
1665052484.501083 -- INFO: Process 26 shutdown itself from outest loop
1665052484.504350 -- INFO: Process Status Bits are: 0 0 0 0 0 0 0 0 0 0 0 0 0 0 0 0 0 0 0 0 0 0 0 0 0 0 0 0 0 0 0 0
1665052484.504377 -- INFO: Process Status Bits are: 0 0 0 0 0 0 0 0 0 0 0 0 0 0 0 0 0 0 0 0 0 0 0 0 0 0 0 0 0 0 0 0
1665052485.578714 -- INFO: GD Optimizer Exits ...
1665052485.767935 -- INFO: Throughput @0.1s:0.0Mbps, rtt :0.0ms cwnd: 0.0 lossRate: 0 CC:0 score:-0.0 
