1664857029.885066 -- INFO: Changing concurrency to 1 ******
1664857029.887243 -- INFO: Start Process :: 0
1664857029.893592 -- INFO: Process Status Bits from change concurrency are: 1 0 0 0 0 0 0 0 0 0 0 0 0 0 0 0 0 0 0 0 0 0 0 0 0 0 0 0 0 0 0 0
1664857029.901582 -- INFO: Active CC: 1
1664857029.927621 -- INFO: Process 0 get item 0 from queue and executing
1664857029.928809 -- INFO: starting 0, 0, /users/jamilm/files_to_Send/FILE2
1664857029.963092 -- INFO: Throughput @0.1s:0.0Mbps, rtt :38.59ms cwnd: 10.0 lossRate: 0.0 CC:1 score:-0.0 
1664857030.953279 -- INFO: Throughput @1.1s:16.78Mbps, rtt :38.53ms cwnd: 61.0 lossRate: 0.0013726835964310226 CC:1 score:-16.0 
1664857031.947386 -- INFO: Throughput @2.1s:16.78Mbps, rtt :38.63ms cwnd: 52.0 lossRate: 0.0013360053440213762 CC:1 score:-16.0 
1664857032.951571 -- INFO: Throughput @3.1s:16.78Mbps, rtt :38.56ms cwnd: 66.0 lossRate: 0.0 CC:1 score:-16.0 
1664857033.108365 -- INFO: Changing concurrency to 2 ******
1664857033.112754 -- INFO: Start Process :: 1
1664857033.117054 -- INFO: Process Status Bits from change concurrency are: 1 1 0 0 0 0 0 0 0 0 0 0 0 0 0 0 0 0 0 0 0 0 0 0 0 0 0 0 0 0 0 0
1664857033.124576 -- INFO: Active CC: 2
1664857033.152755 -- INFO: Process 1 get item 1 from queue and executing
1664857033.153787 -- INFO: starting 1, 1, /users/jamilm/files_to_Send/FILE1
1664857033.952600 -- INFO: Throughput @4.1s:25.17Mbps, rtt :38.61ms cwnd: 47.5 lossRate: 0.0016122531237404273 CC:2 score:-24.0 
1664857034.952863 -- INFO: Throughput @5.1s:33.55Mbps, rtt :38.56ms cwnd: 53.0 lossRate: 0.0007399186089530152 CC:2 score:-32.0 
1664857035.954067 -- INFO: Throughput @6.1s:33.55Mbps, rtt :38.6ms cwnd: 53.0 lossRate: 0.0007613247049866769 CC:2 score:-32.0 
1664857036.325902 -- INFO: Gradient_Fast: -13.333333333333332, Gredient_Fast Change: 0.8333333333333333, Theta: 1, Previous CC: 2, Choosen CC: 4
1664857036.326004 -- INFO: Changing concurrency to 4 ******
1664857036.329347 -- INFO: Start Process :: 2
1664857036.330076 -- INFO: Start Process :: 3
1664857036.332292 -- INFO: Process Status Bits from change concurrency are: 1 1 1 1 0 0 0 0 0 0 0 0 0 0 0 0 0 0 0 0 0 0 0 0 0 0 0 0 0 0 0 0
1664857036.338876 -- INFO: Active CC: 4
1664857036.369112 -- INFO: Process 2 get item 2 from queue and executing
1664857036.369490 -- INFO: starting 2, 2, /users/jamilm/files_to_Send/FILE0
1664857036.370145 -- INFO: Process 3 get item 3 from queue and executing
1664857036.370771 -- INFO: starting 3, 3, /users/jamilm/files_to_Send/FILE3
1664857036.952971 -- INFO: Throughput @7.1s:50.33Mbps, rtt :38.6ms cwnd: 69.0 lossRate: 0.0 CC:4 score:-46.0 
1664857037.954051 -- INFO: Throughput @8.1s:142.61Mbps, rtt :38.67ms cwnd: 159.2 lossRate: 0.00018448482612305137 CC:4 score:-131.0 
1664857038.957155 -- INFO: Throughput @9.1s:335.54Mbps, rtt :38.93ms cwnd: 458.8 lossRate: 6.741951795044665e-05 CC:4 score:-310.0 
1664857039.540266 -- INFO: Gradient_Fast: -66.5, Gredient_Fast Change: 2.2670454545454546, Theta: 2, Previous CC: 4, Choosen CC: 14
1664857039.540417 -- INFO: Changing concurrency to 14 ******
1664857039.545675 -- INFO: Process Status Bits from change concurrency are: 1 1 1 1 1 1 1 1 1 1 1 1 1 1 0 0 0 0 0 0 0 0 0 0 0 0 0 0 0 0 0 0
1664857039.545765 -- INFO: Start Process :: 4
1664857039.547197 -- INFO: Start Process :: 6
1664857039.548803 -- INFO: Start Process :: 7
1664857039.549090 -- INFO: Start Process :: 11
1664857039.550188 -- INFO: Active CC: 14
1664857039.549823 -- INFO: Start Process :: 5
1664857039.550417 -- INFO: Start Process :: 12
1664857039.551304 -- INFO: Start Process :: 10
1664857039.551951 -- INFO: Start Process :: 8
1664857039.552358 -- INFO: Start Process :: 9
1664857039.552848 -- INFO: Start Process :: 13
1664857039.586030 -- INFO: Process 4 get item 4 from queue and executing
1664857039.586538 -- INFO: starting 4, 4, /users/jamilm/files_to_Send/FILE2
1664857039.587220 -- INFO: Process 6 get item 5 from queue and executing
1664857039.587599 -- INFO: starting 6, 5, /users/jamilm/files_to_Send/FILE1
1664857039.588995 -- INFO: Process 7 get item 6 from queue and executing
1664857039.589382 -- INFO: starting 7, 6, /users/jamilm/files_to_Send/FILE0
1664857039.589558 -- INFO: Process 11 get item 7 from queue and executing
1664857039.590012 -- INFO: starting 11, 7, /users/jamilm/files_to_Send/FILE3
1664857039.590294 -- INFO: Process 5 get item 8 from queue and executing
1664857039.590700 -- INFO: starting 5, 8, /users/jamilm/files_to_Send/FILE2
1664857039.590868 -- INFO: Process 12 get item 9 from queue and executing
1664857039.591402 -- INFO: starting 12, 9, /users/jamilm/files_to_Send/FILE1
1664857039.592411 -- INFO: Process 8 get item 10 from queue and executing
1664857039.592537 -- INFO: Process 10 get item 11 from queue and executing
1664857039.592864 -- INFO: starting 8, 10, /users/jamilm/files_to_Send/FILE0
1664857039.593174 -- INFO: starting 10, 11, /users/jamilm/files_to_Send/FILE3
1664857039.593304 -- INFO: Process 9 get item 12 from queue and executing
1664857039.593440 -- INFO: Process 13 get item 13 from queue and executing
1664857039.593879 -- INFO: starting 9, 12, /users/jamilm/files_to_Send/FILE2
1664857039.594010 -- INFO: starting 13, 13, /users/jamilm/files_to_Send/FILE1
1664857039.959123 -- INFO: Throughput @10.1s:771.75Mbps, rtt :40.84ms cwnd: 299.0 lossRate: 0.0 CC:14 score:-585.0 
1664857040.960301 -- INFO: Throughput @11.1s:973.08Mbps, rtt :41.01ms cwnd: 351.2 lossRate: 8.598663522012578e-05 CC:14 score:-737.0 
1664857041.958894 -- INFO: Throughput @12.1s:1006.63Mbps, rtt :41.84ms cwnd: 423.4 lossRate: 0.00028246852932146147 CC:14 score:-760.0 
1664857042.751482 -- INFO: Gradient_Fast: -53.166666666666664, Gredient_Fast Change: 0.32751540041067756, Theta: 3, Previous CC: 14, Choosen CC: 24
1664857042.751652 -- INFO: Changing concurrency to 24 ******
1664857042.754008 -- INFO: Process Status Bits from change concurrency are: 1 1 1 1 1 1 1 1 1 1 1 1 1 1 1 1 1 1 1 1 1 1 1 1 0 0 0 0 0 0 0 0
1664857042.755113 -- INFO: Active CC: 24
1664857042.757165 -- INFO: Start Process :: 21
1664857042.760047 -- INFO: Start Process :: 14
1664857042.760764 -- INFO: Start Process :: 17
1664857042.760963 -- INFO: Start Process :: 23
1664857042.761207 -- INFO: Start Process :: 19
1664857042.761578 -- INFO: Start Process :: 15
1664857042.762826 -- INFO: Start Process :: 20
1664857042.763457 -- INFO: Start Process :: 22
1664857042.763660 -- INFO: Start Process :: 16
1664857042.763714 -- INFO: Start Process :: 18
1664857042.801950 -- INFO: Process 21 get item 14 from queue and executing
1664857042.802345 -- INFO: starting 21, 14, /users/jamilm/files_to_Send/FILE0
1664857042.802437 -- INFO: Process 19 get item 15 from queue and executing
1664857042.802754 -- INFO: starting 19, 15, /users/jamilm/files_to_Send/FILE3
1664857042.802958 -- INFO: Process 15 get item 16 from queue and executing
1664857042.803324 -- INFO: starting 15, 16, /users/jamilm/files_to_Send/FILE2
1664857042.803578 -- INFO: Process 16 get item 17 from queue and executing
1664857042.803747 -- INFO: Process 22 get item 18 from queue and executing
1664857042.803855 -- INFO: starting 16, 17, /users/jamilm/files_to_Send/FILE1
1664857042.804173 -- INFO: Process 17 get item 19 from queue and executing
1664857042.804376 -- INFO: Process 23 get item 20 from queue and executing
1664857042.804361 -- INFO: starting 22, 18, /users/jamilm/files_to_Send/FILE0
1664857042.804541 -- INFO: starting 17, 19, /users/jamilm/files_to_Send/FILE3
1664857042.804636 -- INFO: starting 23, 20, /users/jamilm/files_to_Send/FILE2
1664857042.805026 -- INFO: Process 14 get item 21 from queue and executing
1664857042.805242 -- INFO: Process 20 get item 22 from queue and executing
1664857042.805459 -- INFO: starting 14, 21, /users/jamilm/files_to_Send/FILE1
1664857042.805567 -- INFO: starting 20, 22, /users/jamilm/files_to_Send/FILE0
1664857042.806134 -- INFO: Process 18 get item 23 from queue and executing
1664857042.806544 -- INFO: starting 18, 23, /users/jamilm/files_to_Send/FILE3
1664857042.957378 -- INFO: Throughput @13.1s:939.52Mbps, rtt :42.3ms cwnd: 269.0 lossRate: 4.9318784291967204e-05 CC:24 score:-584.0 
1664857043.959017 -- INFO: Throughput @14.1s:973.08Mbps, rtt :42.97ms cwnd: 267.9 lossRate: 0.0004299543019999017 CC:24 score:-601.0 
1664857044.961522 -- INFO: Throughput @15.1s:914.36Mbps, rtt :43.14ms cwnd: 267.1 lossRate: 0.00029453996539155404 CC:24 score:-566.0 
1664857045.956692 -- INFO: Gradient_Fast: 11.033333333333337, Gredient_Fast Change: 0.015898174831892417, Theta: -1, Previous CC: 24, Choosen CC: 23
1664857045.957002 -- INFO: Changing concurrency to 23 ******
1664857045.958007 -- INFO: Process Status Bits from change concurrency are: 1 1 1 1 1 1 1 1 1 1 1 1 1 1 1 1 1 1 1 1 1 1 1 0 0 0 0 0 0 0 0 0
1664857045.959105 -- INFO: Active CC: 23
1664857045.961857 -- INFO: Throughput @16.1s:956.3Mbps, rtt :42.83ms cwnd: 266.7 lossRate: 0.0004793097938967886 CC:24 score:-590.0 
1664857046.960751 -- INFO: Throughput @17.1s:947.91Mbps, rtt :42.83ms cwnd: 276.4 lossRate: 0.00011700924373025469 CC:23 score:-600.0 
1664857047.958311 -- INFO: Throughput @18.1s:939.52Mbps, rtt :42.77ms cwnd: 270.5 lossRate: 0.00011077059409961969 CC:23 score:-595.0 
1664857048.962254 -- INFO: Throughput @19.1s:947.91Mbps, rtt :42.58ms cwnd: 187.7 lossRate: 0.0007742886990720826 CC:23 score:-594.0 
1664857049.160480 -- INFO: Gradient_Fast: 12.666666666666742, Gredient_Fast Change: 0.021701884637350215, Theta: -2, Previous CC: 23, Choosen CC: 21
1664857049.160632 -- INFO: Changing concurrency to 21 ******
1664857049.161321 -- INFO: Process Status Bits from change concurrency are: 1 1 1 1 1 1 1 1 1 1 1 1 1 1 1 1 1 1 1 1 1 0 0 0 0 0 0 0 0 0 0 0
1664857049.162107 -- INFO: Active CC: 21
1664857049.961611 -- INFO: Throughput @20.1s:914.36Mbps, rtt :41.54ms cwnd: 205.5 lossRate: 0 CC:21 score:-603.0 
1664857050.961635 -- INFO: Throughput @21.1s:964.69Mbps, rtt :41.74ms cwnd: 207.2 lossRate: 0.0001106262675926495 CC:21 score:-635.0 
1664857051.963163 -- INFO: Throughput @22.1s:964.69Mbps, rtt :41.81ms cwnd: 204.9 lossRate: 0.0004668648794751456 CC:21 score:-632.0 
1664857052.363473 -- INFO: Gradient_Fast: 13.5, Gredient_Fast Change: 0.022638345444382334, Theta: -3, Previous CC: 21, Choosen CC: 18
1664857052.363616 -- INFO: Changing concurrency to 18 ******
1664857052.364661 -- INFO: Process Status Bits from change concurrency are: 1 1 1 1 1 1 1 1 1 1 1 1 1 1 1 1 1 1 0 0 0 0 0 0 0 0 0 0 0 0 0 0
1664857052.365505 -- INFO: Active CC: 18
1664857052.968611 -- INFO: Throughput @23.1s:922.75Mbps, rtt :40.08ms cwnd: 208.1 lossRate: 0 CC:18 score:-646.0 
1664857053.969246 -- INFO: Throughput @24.1s:922.75Mbps, rtt :40.69ms cwnd: 220.3 lossRate: 0.00015965808606798978 CC:18 score:-645.0 
1664857054.971862 -- INFO: Throughput @25.1s:956.3Mbps, rtt :40.26ms cwnd: 217.8 lossRate: 0.00035619096748836236 CC:18 score:-666.0 
1664857055.566732 -- INFO: Gradient_Fast: 9.666666666666666, Gredient_Fast Change: 0.01550802139037433, Theta: -4, Previous CC: 18, Choosen CC: 14
1664857055.566892 -- INFO: Changing concurrency to 14 ******
1664857055.568259 -- INFO: Process Status Bits from change concurrency are: 1 1 1 1 1 1 1 1 1 1 1 1 1 1 0 0 0 0 0 0 0 0 0 0 0 0 0 0 0 0 0 0
1664857055.569731 -- INFO: Active CC: 14
1664857055.975559 -- INFO: Throughput @26.1s:931.14Mbps, rtt :39.7ms cwnd: 228.3 lossRate: 0.0 CC:14 score:-706.0 
1664857056.973905 -- INFO: Throughput @27.1s:956.3Mbps, rtt :39.79ms cwnd: 255.8 lossRate: 6.149179084592207e-05 CC:14 score:-724.0 
1664857057.974894 -- INFO: Throughput @28.1s:939.52Mbps, rtt :40.01ms cwnd: 255.3 lossRate: 4.9181738820375995e-05 CC:14 score:-712.0 
1664857058.771294 -- INFO: Gradient_Fast: 15.416666666666657, Gredient_Fast Change: 0.023633111905978523, Theta: -5, Previous CC: 14, Choosen CC: 9
1664857058.771593 -- INFO: Changing concurrency to 9 ******
1664857058.774620 -- INFO: Process Status Bits from change concurrency are: 1 1 1 1 1 1 1 1 1 0 0 0 0 0 0 0 0 0 0 0 0 0 0 0 0 0 0 0 0 0 0 0
1664857058.778129 -- INFO: Active CC: 9
1664857058.977666 -- INFO: Throughput @29.1s:939.52Mbps, rtt :39.01ms cwnd: 238.9 lossRate: 0.0026638869585360204 CC:9 score:-761.0 
1664857059.974118 -- INFO: Throughput @30.1s:822.08Mbps, rtt :38.92ms cwnd: 316.3 lossRate: 0 CC:9 score:-688.0 
1664857060.979547 -- INFO: Throughput @31.1s:721.42Mbps, rtt :39.01ms cwnd: 285.7 lossRate: 0.0007153189527730531 CC:9 score:-598.0 
1664857061.980178 -- INFO: Gradient_Fast: -6.333333333333326, Gredient_Fast Change: 0.008870214752567683, Theta: 1, Previous CC: 9, Choosen CC: 10
1664857061.980488 -- INFO: Changing concurrency to 10 ******
1664857061.981581 -- INFO: Throughput @32.1s:713.03Mbps, rtt :38.95ms cwnd: 252.3 lossRate: 0.0002494180246092451 CC:9 score:-595.0 
1664857061.981812 -- INFO: Start Process :: 9
1664857061.983999 -- INFO: Process Status Bits from change concurrency are: 1 1 1 1 1 1 1 1 1 1 0 0 0 0 0 0 0 0 0 0 0 0 0 0 0 0 0 0 0 0 0 0
1664857061.986636 -- INFO: Active CC: 10
1664857062.021260 -- INFO: Process 9 get item 24 from queue and executing
1664857062.021902 -- INFO: starting 9, 24, /users/jamilm/files_to_Send/FILE2
1664857062.982181 -- INFO: Throughput @33.1s:687.87Mbps, rtt :38.83ms cwnd: 236.9 lossRate: 0.0002683618188222271 CC:10 score:-562.0 
1664857063.982780 -- INFO: Throughput @34.1s:671.09Mbps, rtt :38.89ms cwnd: 235.7 lossRate: 0.0006235080343463855 CC:10 score:-546.0 
1664857064.981811 -- INFO: Throughput @35.1s:813.69Mbps, rtt :39.75ms cwnd: 336.9 lossRate: 0.0 CC:10 score:-668.0 
1664857065.188412 -- INFO: Gradient_Fast: 90.33333333333337, Gredient_Fast Change: 0.13238886174890088, Theta: -1, Previous CC: 10, Choosen CC: 8
1664857065.188696 -- INFO: Changing concurrency to 8 ******
1664857065.192667 -- INFO: Process Status Bits from change concurrency are: 1 1 1 1 1 1 1 1 0 0 0 0 0 0 0 0 0 0 0 0 0 0 0 0 0 0 0 0 0 0 0 0
1664857065.194842 -- INFO: Active CC: 8
1664857065.986147 -- INFO: Throughput @36.1s:662.7Mbps, rtt :38.8ms cwnd: 201.6 lossRate: 0 CC:8 score:-566.0 
1664857066.986354 -- INFO: Throughput @37.1s:486.54Mbps, rtt :38.83ms cwnd: 208.4 lossRate: 0.0001901411798260208 CC:8 score:-414.0 
1664857067.987239 -- INFO: Throughput @38.1s:503.32Mbps, rtt :38.79ms cwnd: 188.0 lossRate: 0.00046869141357330335 CC:8 score:-427.0 
1664857068.395950 -- INFO: Gradient_Fast: -61.5, Gredient_Fast Change: 0.10388513513513513, Theta: 1, Previous CC: 8, Choosen CC: 9
1664857068.396103 -- INFO: Changing concurrency to 9 ******
1664857068.397879 -- INFO: Start Process :: 8
1664857068.399594 -- INFO: Process Status Bits from change concurrency are: 1 1 1 1 1 1 1 1 1 0 0 0 0 0 0 0 0 0 0 0 0 0 0 0 0 0 0 0 0 0 0 0
1664857068.403869 -- INFO: Active CC: 9
1664857068.437310 -- INFO: Process 8 get item 25 from queue and executing
1664857068.438141 -- INFO: starting 8, 25, /users/jamilm/files_to_Send/FILE1
1664857068.986505 -- INFO: Throughput @39.1s:452.98Mbps, rtt :38.65ms cwnd: 178.6 lossRate: 0.00040801754475442445 CC:9 score:-377.0 
1664857069.987789 -- INFO: Throughput @40.1s:511.71Mbps, rtt :38.79ms cwnd: 184.0 lossRate: 0.0006466512702078522 CC:9 score:-425.0 
1664857070.991160 -- INFO: Throughput @41.1s:494.93Mbps, rtt :38.74ms cwnd: 196.4 lossRate: 0.0001125087194257555 CC:9 score:-414.0 
1664857071.605025 -- INFO: Gradient_Fast: 63.666666666666686, Gredient_Fast Change: 0.13574982231698654, Theta: -1, Previous CC: 9, Choosen CC: 7
1664857071.605175 -- INFO: Changing concurrency to 7 ******
1664857071.609766 -- INFO: Process Status Bits from change concurrency are: 1 1 1 1 1 1 1 0 0 0 0 0 0 0 0 0 0 0 0 0 0 0 0 0 0 0 0 0 0 0 0 0
1664857071.615263 -- INFO: Active CC: 7
1664857071.987641 -- INFO: Throughput @42.1s:511.71Mbps, rtt :38.76ms cwnd: 172.4 lossRate: 4.296640027498496e-05 CC:7 score:-445.0 
1664857072.993022 -- INFO: Throughput @43.1s:369.1Mbps, rtt :38.75ms cwnd: 174.1 lossRate: 0 CC:7 score:-321.0 
1664857073.992604 -- INFO: Throughput @44.1s:369.1Mbps, rtt :38.76ms cwnd: 191.7 lossRate: 0.0 CC:7 score:-321.0 
1664857074.816349 -- INFO: Gradient_Fast: -21.5, Gredient_Fast Change: 0.05304276315789474, Theta: 1, Previous CC: 7, Choosen CC: 8
1664857074.816494 -- INFO: Changing concurrency to 8 ******
1664857074.817741 -- INFO: Start Process :: 7
1664857074.819729 -- INFO: Process Status Bits from change concurrency are: 1 1 1 1 1 1 1 1 0 0 0 0 0 0 0 0 0 0 0 0 0 0 0 0 0 0 0 0 0 0 0 0
1664857074.823676 -- INFO: Active CC: 8
1664857074.857145 -- INFO: Process 7 get item 26 from queue and executing
1664857074.857828 -- INFO: starting 7, 26, /users/jamilm/files_to_Send/FILE0
1664857074.994487 -- INFO: Throughput @45.1s:402.65Mbps, rtt :38.64ms cwnd: 190.2 lossRate: 0.00017102300259384887 CC:8 score:-343.0 
1664857075.993688 -- INFO: Throughput @46.1s:528.48Mbps, rtt :38.75ms cwnd: 239.5 lossRate: 9.101251422070535e-05 CC:8 score:-451.0 
1664857076.993924 -- INFO: Throughput @47.1s:637.53Mbps, rtt :39.41ms cwnd: 346.5 lossRate: 0.00022822633029616755 CC:8 score:-543.0 
1664857077.997592 -- INFO: Throughput @48.1s:880.8Mbps, rtt :39.21ms cwnd: 379.8 lossRate: 0.0007751937984496124 CC:8 score:-745.0 
1664857078.024927 -- INFO: Gradient_Fast: -217.33333333333331, Gredient_Fast Change: 0.5998160073597056, Theta: 2, Previous CC: 8, Choosen CC: 18
1664857078.025061 -- INFO: Changing concurrency to 18 ******
1664857078.026831 -- INFO: Start Process :: 11
1664857078.027320 -- INFO: Start Process :: 8
1664857078.027635 -- INFO: Start Process :: 9
1664857078.027537 -- INFO: Start Process :: 13
1664857078.027726 -- INFO: Start Process :: 12
1664857078.028222 -- INFO: Start Process :: 16
1664857078.027767 -- INFO: Start Process :: 10
1664857078.028908 -- INFO: Process Status Bits from change concurrency are: 1 1 1 1 1 1 1 1 1 1 1 1 1 1 1 1 1 1 0 0 0 0 0 0 0 0 0 0 0 0 0 0
1664857078.028494 -- INFO: Start Process :: 14
1664857078.029528 -- INFO: Start Process :: 15
1664857078.030321 -- INFO: Start Process :: 17
1664857078.031878 -- INFO: Active CC: 18
1664857078.066445 -- INFO: Process 11 get item 27 from queue and executing
1664857078.067052 -- INFO: starting 11, 27, /users/jamilm/files_to_Send/FILE3
1664857078.067166 -- INFO: Process 9 get item 28 from queue and executing
1664857078.067573 -- INFO: starting 9, 28, /users/jamilm/files_to_Send/FILE2
1664857078.067935 -- INFO: Process 8 get item 29 from queue and executing
1664857078.067983 -- INFO: Process 13 get item 30 from queue and executing
1664857078.068439 -- INFO: starting 8, 29, /users/jamilm/files_to_Send/FILE1
1664857078.068482 -- INFO: Process 12 get item 31 from queue and executing
1664857078.068660 -- INFO: starting 13, 30, /users/jamilm/files_to_Send/FILE0
1664857078.068775 -- INFO: Process 16 get item 20 from queue and executing
1664857078.068917 -- INFO: Process 10 get item 18 from queue and executing
1664857078.069298 -- INFO: starting 12, 31, /users/jamilm/files_to_Send/FILE3
1664857078.069367 -- INFO: starting 16, 20, /users/jamilm/files_to_Send/FILE2
1664857078.069448 -- INFO: Process 14 get item 14 from queue and executing
1664857078.069798 -- INFO: starting 10, 18, /users/jamilm/files_to_Send/FILE0
1664857078.070248 -- INFO: Process 15 get item 15 from queue and executing
1664857078.070349 -- INFO: starting 14, 14, /users/jamilm/files_to_Send/FILE0
1664857078.070408 -- INFO: Process 17 get item 23 from queue and executing
1664857078.071027 -- INFO: starting 17, 23, /users/jamilm/files_to_Send/FILE3
1664857078.071036 -- INFO: starting 15, 15, /users/jamilm/files_to_Send/FILE3
1664857078.996633 -- INFO: Throughput @49.1s:973.08Mbps, rtt :41.29ms cwnd: 251.5 lossRate: 0.0005696523882057188 CC:18 score:-676.0 
1664857079.998282 -- INFO: Throughput @50.1s:989.86Mbps, rtt :41.9ms cwnd: 279.4 lossRate: 0.00023336649594065122 CC:18 score:-691.0 
1664857080.995824 -- INFO: Throughput @51.1s:964.69Mbps, rtt :41.62ms cwnd: 248.6 lossRate: 0.0007499661900488093 CC:18 score:-668.0 
1664857081.233173 -- INFO: Gradient_Fast: -9.866666666666674, Gredient_Fast Change: 0.017021276595744695, Theta: 3, Previous CC: 18, Choosen CC: 21
1664857081.233332 -- INFO: Changing concurrency to 21 ******
1664857081.235251 -- INFO: Process Status Bits from change concurrency are: 1 1 1 1 1 1 1 1 1 1 1 1 1 1 1 1 1 1 1 1 1 0 0 0 0 0 0 0 0 0 0 0
1664857081.236506 -- INFO: Active CC: 21
1664857081.236027 -- INFO: Start Process :: 18
1664857081.236125 -- INFO: Start Process :: 20
1664857081.236059 -- INFO: Start Process :: 19
1664857081.277968 -- INFO: Process 19 get item 22 from queue and executing
1664857081.278611 -- INFO: Process 18 get item 21 from queue and executing
1664857081.278716 -- INFO: Process 20 get item 19 from queue and executing
1664857081.278760 -- INFO: starting 19, 22, /users/jamilm/files_to_Send/FILE0
1664857081.279295 -- INFO: starting 20, 19, /users/jamilm/files_to_Send/FILE3
1664857081.279318 -- INFO: starting 18, 21, /users/jamilm/files_to_Send/FILE1
1664857081.999218 -- INFO: Throughput @52.1s:931.14Mbps, rtt :41.58ms cwnd: 207.2 lossRate: 0.0006510656593575333 CC:21 score:-608.0 
1664857082.999337 -- INFO: Throughput @53.1s:964.69Mbps, rtt :41.74ms cwnd: 212.6 lossRate: 0.000159821000479463 CC:21 score:-635.0 
1664857083.999039 -- INFO: Throughput @54.1s:914.36Mbps, rtt :41.47ms cwnd: 203.2 lossRate: 0.0003689129365469749 CC:21 score:-600.0 
1664857084.437717 -- INFO: Gradient_Fast: 21.333333333333332, Gredient_Fast Change: 0.03144963144963145, Theta: -1, Previous CC: 21, Choosen CC: 20
1664857084.437900 -- INFO: Changing concurrency to 20 ******
1664857084.439148 -- INFO: Process Status Bits from change concurrency are: 1 1 1 1 1 1 1 1 1 1 1 1 1 1 1 1 1 1 1 1 0 0 0 0 0 0 0 0 0 0 0 0
1664857084.440148 -- INFO: Active CC: 20
1664857084.999935 -- INFO: Throughput @55.1s:973.08Mbps, rtt :41.54ms cwnd: 203.4 lossRate: 0.00014755428768167621 CC:20 score:-653.0 
1664857086.001389 -- INFO: Throughput @56.1s:939.52Mbps, rtt :41.01ms cwnd: 193.2 lossRate: 0.00045384994424129256 CC:20 score:-628.0 
1664857087.005831 -- INFO: Throughput @57.1s:922.75Mbps, rtt :40.91ms cwnd: 193.2 lossRate: 0.0002700579397034273 CC:20 score:-618.0 
1664857087.641232 -- INFO: Gradient_Fast: 18.66666666666663, Gredient_Fast Change: 0.030385241454150776, Theta: -2, Previous CC: 20, Choosen CC: 18
1664857087.641376 -- INFO: Changing concurrency to 18 ******
1664857087.642069 -- INFO: Process Status Bits from change concurrency are: 1 1 1 1 1 1 1 1 1 1 1 1 1 1 1 1 1 1 0 0 0 0 0 0 0 0 0 0 0 0 0 0
1664857087.643606 -- INFO: Active CC: 18
1664857088.003770 -- INFO: Throughput @58.1s:931.14Mbps, rtt :40.81ms cwnd: 193.2 lossRate: 2.64298551643937e-05 CC:18 score:-652.0 
1664857089.007560 -- INFO: Throughput @59.1s:947.91Mbps, rtt :40.02ms cwnd: 188.1 lossRate: 0.0003612917569896059 CC:18 score:-660.0 
1664857090.008839 -- INFO: Throughput @60.1s:922.75Mbps, rtt :40.31ms cwnd: 185.3 lossRate: 0.00027010435850214856 CC:18 score:-644.0 
1664857090.844600 -- INFO: Gradient_Fast: 9.5, Gredient_Fast Change: 0.015007898894154818, Theta: -3, Previous CC: 18, Choosen CC: 15
1664857090.844739 -- INFO: Changing concurrency to 15 ******
1664857090.846149 -- INFO: Process Status Bits from change concurrency are: 1 1 1 1 1 1 1 1 1 1 1 1 1 1 1 0 0 0 0 0 0 0 0 0 0 0 0 0 0 0 0 0
1664857090.848584 -- INFO: Active CC: 15
1664857091.010650 -- INFO: Throughput @61.1s:931.14Mbps, rtt :40.52ms cwnd: 184.6 lossRate: 0.00022155754957350172 CC:15 score:-690.0 
1664857092.011782 -- INFO: Throughput @62.1s:771.75Mbps, rtt :38.79ms cwnd: 168.1 lossRate: 0 CC:15 score:-573.0 
1664857093.012550 -- INFO: Throughput @63.1s:763.36Mbps, rtt :38.97ms cwnd: 177.8 lossRate: 7.536022186049316e-05 CC:15 score:-567.0 
1664857094.013934 -- INFO: Throughput @64.1s:796.92Mbps, rtt :38.86ms cwnd: 184.1 lossRate: 0.0002029132545836655 CC:15 score:-591.0 
1664857094.049789 -- INFO: Gradient_Fast: -25.0, Gredient_Fast Change: 0.03834355828220859, Theta: 1, Previous CC: 15, Choosen CC: 16
1664857094.049939 -- INFO: Changing concurrency to 16 ******
1664857094.051651 -- INFO: Process Status Bits from change concurrency are: 1 1 1 1 1 1 1 1 1 1 1 1 1 1 1 1 0 0 0 0 0 0 0 0 0 0 0 0 0 0 0 0
1664857094.052453 -- INFO: Start Process :: 15
1664857094.054015 -- INFO: Active CC: 16
1664857094.092252 -- INFO: Process 15 get item 17 from queue and executing
1664857094.092822 -- INFO: starting 15, 17, /users/jamilm/files_to_Send/FILE1
1664857095.015158 -- INFO: Throughput @65.1s:864.03Mbps, rtt :39.08ms cwnd: 181.1 lossRate: 0.00040404040404040404 CC:16 score:-626.0 
1664857096.015293 -- INFO: Throughput @66.1s:905.97Mbps, rtt :39.19ms cwnd: 201.8 lossRate: 0.00015796540557617883 CC:16 score:-659.0 
1664857096.240253 -- INFO: Process 3 finished on working on file 3 
1664857096.242634 -- INFO: Process 3 get item 16 from queue and executing
1664857096.243480 -- INFO: starting 3, 16, /users/jamilm/files_to_Send/FILE2
1664857097.016759 -- INFO: Throughput @67.1s:945.18Mbps, rtt :38.97ms cwnd: 198.4 lossRate: 0.0005057794554852398 CC:16 score:-684.0 
1664857097.255092 -- INFO: Gradient_Fast: -79.33333333333337, Gredient_Fast Change: 0.13749277874061241, Theta: 2, Previous CC: 16, Choosen CC: 22
1664857097.255225 -- INFO: Changing concurrency to 22 ******
1664857097.257639 -- INFO: Process Status Bits from change concurrency are: 1 1 1 1 1 1 1 1 1 1 1 1 1 1 1 1 1 1 1 1 1 1 0 0 0 0 0 0 0 0 0 0
1664857097.257505 -- INFO: Start Process :: 17
1664857097.258103 -- INFO: Start Process :: 16
1664857097.258237 -- INFO: Start Process :: 19
1664857097.258423 -- INFO: Start Process :: 20
1664857097.258494 -- INFO: Start Process :: 18
1664857097.259340 -- INFO: Active CC: 22
1664857097.259526 -- INFO: Start Process :: 21
1664857097.297449 -- INFO: Process 17 get item 9 from queue and executing
1664857097.298140 -- INFO: starting 17, 9, /users/jamilm/files_to_Send/FILE1
1664857097.298756 -- INFO: Process 20 get item 13 from queue and executing
1664857097.298862 -- INFO: Process 18 get item 11 from queue and executing
1664857097.298997 -- INFO: Process 19 get item 12 from queue and executing
1664857097.299118 -- INFO: starting 20, 13, /users/jamilm/files_to_Send/FILE1
1664857097.299192 -- INFO: Process 16 get item 7 from queue and executing
1664857097.299400 -- INFO: starting 18, 11, /users/jamilm/files_to_Send/FILE3
1664857097.299407 -- INFO: starting 19, 12, /users/jamilm/files_to_Send/FILE2
1664857097.299562 -- INFO: starting 16, 7, /users/jamilm/files_to_Send/FILE3
1664857097.299607 -- INFO: Process 21 get item 24 from queue and executing
1664857097.300201 -- INFO: starting 21, 24, /users/jamilm/files_to_Send/FILE2
1664857098.013535 -- INFO: Throughput @68.1s:931.14Mbps, rtt :40.79ms cwnd: 172.8 lossRate: 0.0001971147330943317 CC:22 score:-600.0 
1664857099.015923 -- INFO: Throughput @69.1s:939.52Mbps, rtt :40.93ms cwnd: 171.0 lossRate: 0.00034378606684183383 CC:22 score:-604.0 
1664857100.018467 -- INFO: Throughput @70.1s:947.91Mbps, rtt :40.83ms cwnd: 171.7 lossRate: 0.00014737850484506835 CC:22 score:-612.0 
1664857100.460367 -- INFO: Gradient_Fast: 8.5, Gredient_Fast Change: 0.012950736414423564, Theta: -1, Previous CC: 22, Choosen CC: 21
1664857100.460507 -- INFO: Changing concurrency to 21 ******
1664857100.461316 -- INFO: Process Status Bits from change concurrency are: 1 1 1 1 1 1 1 1 1 1 1 1 1 1 1 1 1 1 1 1 1 0 0 0 0 0 0 0 0 0 0 0
1664857100.462291 -- INFO: Active CC: 21
1664857101.017706 -- INFO: Throughput @71.1s:939.52Mbps, rtt :40.7ms cwnd: 169.8 lossRate: 0.00041722876653268987 CC:21 score:-616.0 
1664857102.019027 -- INFO: Throughput @72.1s:939.52Mbps, rtt :40.87ms cwnd: 168.7 lossRate: 0.00019660125579052136 CC:21 score:-618.0 
1664857103.021337 -- INFO: Throughput @73.1s:973.08Mbps, rtt :40.82ms cwnd: 170.4 lossRate: 0.0002332433095998036 CC:21 score:-640.0 
1664857103.663076 -- INFO: Gradient_Fast: 19.333333333333258, Gredient_Fast Change: 0.0319383259911893, Theta: -2, Previous CC: 21, Choosen CC: 19
1664857103.663213 -- INFO: Changing concurrency to 19 ******
1664857103.664073 -- INFO: Process Status Bits from change concurrency are: 1 1 1 1 1 1 1 1 1 1 1 1 1 1 1 1 1 1 1 0 0 0 0 0 0 0 0 0 0 0 0 0
1664857103.664928 -- INFO: Active CC: 19
1664857104.022378 -- INFO: Throughput @74.1s:914.36Mbps, rtt :40.53ms cwnd: 172.7 lossRate: 0.00030756427188681636 CC:19 score:-625.0 
1664857105.021788 -- INFO: Throughput @75.1s:931.14Mbps, rtt :40.25ms cwnd: 177.0 lossRate: 0.00012772660829087607 CC:19 score:-638.0 
1664857106.024842 -- INFO: Throughput @76.1s:964.69Mbps, rtt :39.65ms cwnd: 173.6 lossRate: 0.000282784567339612 CC:19 score:-659.0 
1664857106.865936 -- INFO: Gradient_Fast: 8.0, Gredient_Fast Change: 0.012806830309498399, Theta: -3, Previous CC: 19, Choosen CC: 16
1664857106.866091 -- INFO: Changing concurrency to 16 ******
1664857106.867438 -- INFO: Process Status Bits from change concurrency are: 1 1 1 1 1 1 1 1 1 1 1 1 1 1 1 1 0 0 0 0 0 0 0 0 0 0 0 0 0 0 0 0
1664857106.868790 -- INFO: Active CC: 16
1664857107.024196 -- INFO: Throughput @77.1s:922.75Mbps, rtt :39.62ms cwnd: 174.4 lossRate: 0.0001965843469713724 CC:16 score:-670.0 
1664857108.026552 -- INFO: Throughput @78.1s:889.19Mbps, rtt :38.97ms cwnd: 184.2 lossRate: 0 CC:16 score:-648.0 
1664857109.028525 -- INFO: Throughput @79.1s:880.8Mbps, rtt :38.98ms cwnd: 181.8 lossRate: 0.00022923099742452231 CC:16 score:-640.0 
1664857110.029508 -- INFO: Throughput @80.1s:822.08Mbps, rtt :38.79ms cwnd: 163.2 lossRate: 0.0006419800303233121 CC:16 score:-594.0 
1664857110.069845 -- INFO: Gradient_Fast: -4.444444444444419, Gredient_Fast Change: 0.00693721817551158, Theta: 1, Previous CC: 16, Choosen CC: 17
1664857110.069973 -- INFO: Changing concurrency to 17 ******
1664857110.071925 -- INFO: Start Process :: 16
1664857110.072820 -- INFO: Process Status Bits from change concurrency are: 1 1 1 1 1 1 1 1 1 1 1 1 1 1 1 1 1 0 0 0 0 0 0 0 0 0 0 0 0 0 0 0
1664857110.075548 -- INFO: Active CC: 17
1664857110.111435 -- INFO: Process 16 get item 10 from queue and executing
1664857110.111826 -- INFO: starting 16, 10, /users/jamilm/files_to_Send/FILE0
1664857111.031023 -- INFO: Throughput @81.1s:788.53Mbps, rtt :38.93ms cwnd: 158.8 lossRate: 0.00037868460116937807 CC:17 score:-560.0 
1664857112.031822 -- INFO: Throughput @82.1s:855.64Mbps, rtt :39.01ms cwnd: 183.2 lossRate: 0.00021751543000081568 CC:17 score:-609.0 
1664857113.033012 -- INFO: Throughput @83.1s:931.14Mbps, rtt :39.89ms cwnd: 199.7 lossRate: 0.00028309434426733953 CC:17 score:-662.0 
1664857113.276531 -- INFO: Gradient_Fast: 17.0, Gredient_Fast Change: 0.027098831030818275, Theta: -1, Previous CC: 17, Choosen CC: 16
1664857113.276664 -- INFO: Changing concurrency to 16 ******
1664857113.278908 -- INFO: Process Status Bits from change concurrency are: 1 1 1 1 1 1 1 1 1 1 1 1 1 1 1 1 0 0 0 0 0 0 0 0 0 0 0 0 0 0 0 0
1664857113.281020 -- INFO: Active CC: 16
1664857114.032934 -- INFO: Throughput @84.1s:855.64Mbps, rtt :39.01ms cwnd: 181.1 lossRate: 0.000184660839591284 CC:16 score:-622.0 
1664857115.032776 -- INFO: Throughput @85.1s:897.58Mbps, rtt :39.23ms cwnd: 181.9 lossRate: 0.0003572657263079895 CC:16 score:-651.0 
1664857116.034722 -- INFO: Throughput @86.1s:855.64Mbps, rtt :39.13ms cwnd: 187.9 lossRate: 0.0003487451879870696 CC:16 score:-620.0 
1664857116.482100 -- INFO: Gradient_Fast: 20.66666666666663, Gredient_Fast Change: 0.03386127799016924, Theta: -2, Previous CC: 16, Choosen CC: 14
1664857116.482231 -- INFO: Changing concurrency to 14 ******
1664857116.484443 -- INFO: Process Status Bits from change concurrency are: 1 1 1 1 1 1 1 1 1 1 1 1 1 1 0 0 0 0 0 0 0 0 0 0 0 0 0 0 0 0 0 0
1664857116.487172 -- INFO: Active CC: 14
1664857117.036478 -- INFO: Throughput @87.1s:864.03Mbps, rtt :39.18ms cwnd: 201.1 lossRate: 0 CC:14 score:-655.0 
1664857118.037162 -- INFO: Throughput @88.1s:864.03Mbps, rtt :39.11ms cwnd: 222.7 lossRate: 0 CC:14 score:-655.0 
1664857119.037245 -- INFO: Throughput @89.1s:889.19Mbps, rtt :38.94ms cwnd: 201.5 lossRate: 0.0007102367902657357 CC:14 score:-668.0 
1664857119.688212 -- INFO: Gradient_Fast: 14.166666666666686, Gredient_Fast Change: 0.022451135763338646, Theta: -3, Previous CC: 14, Choosen CC: 11
1664857119.688346 -- INFO: Changing concurrency to 11 ******
1664857119.690102 -- INFO: Process Status Bits from change concurrency are: 1 1 1 1 1 1 1 1 1 1 1 0 0 0 0 0 0 0 0 0 0 0 0 0 0 0 0 0 0 0 0 0
1664857119.693590 -- INFO: Active CC: 11
1664857120.039694 -- INFO: Throughput @90.1s:830.47Mbps, rtt :39.01ms cwnd: 217.3 lossRate: 0 CC:11 score:-668.0 
1664857121.041039 -- INFO: Throughput @91.1s:771.75Mbps, rtt :39.04ms cwnd: 245.5 lossRate: 0 CC:11 score:-621.0 
1664857122.040653 -- INFO: Throughput @92.1s:780.14Mbps, rtt :39.15ms cwnd: 248.1 lossRate: 0.00026396445278702467 CC:11 score:-625.0 
1664857122.894563 -- INFO: Gradient_Fast: -7.111111111111124, Gredient_Fast Change: 0.01078530502190767, Theta: 1, Previous CC: 11, Choosen CC: 12
1664857122.894737 -- INFO: Changing concurrency to 12 ******
1664857122.896099 -- INFO: Start Process :: 11
1664857122.898616 -- INFO: Process Status Bits from change concurrency are: 1 1 1 1 1 1 1 1 1 1 1 1 0 0 0 0 0 0 0 0 0 0 0 0 0 0 0 0 0 0 0 0
1664857122.901650 -- INFO: Active CC: 12
1664857122.935351 -- INFO: Process 11 get item 25 from queue and executing
1664857122.935733 -- INFO: starting 11, 25, /users/jamilm/files_to_Send/FILE1
1664857123.043236 -- INFO: Throughput @93.1s:788.53Mbps, rtt :38.98ms cwnd: 233.8 lossRate: 0.0002019910546818641 CC:12 score:-620.0 
1664857124.045907 -- INFO: Throughput @94.1s:847.25Mbps, rtt :39.12ms cwnd: 241.6 lossRate: 0.0001539559685929824 CC:12 score:-667.0 
1664857125.046685 -- INFO: Throughput @95.1s:847.25Mbps, rtt :39.15ms cwnd: 243.7 lossRate: 0.00020236906721351285 CC:12 score:-666.0 
1664857126.045920 -- INFO: Throughput @96.1s:788.53Mbps, rtt :38.97ms cwnd: 217.3 lossRate: 0.00010653192914104828 CC:12 score:-621.0 
1664857126.102518 -- INFO: Gradient_Fast: -13.333333333333371, Gredient_Fast Change: 0.02089864158829682, Theta: 2, Previous CC: 12, Choosen CC: 14
1664857126.102648 -- INFO: Changing concurrency to 14 ******
1664857126.105043 -- INFO: Start Process :: 12
1664857126.105819 -- INFO: Process Status Bits from change concurrency are: 1 1 1 1 1 1 1 1 1 1 1 1 1 1 0 0 0 0 0 0 0 0 0 0 0 0 0 0 0 0 0 0
1664857126.105769 -- INFO: Start Process :: 13
1664857126.108701 -- INFO: Active CC: 14
1664857126.144724 -- INFO: Process 12 get item 6 from queue and executing
1664857126.145171 -- INFO: starting 12, 6, /users/jamilm/files_to_Send/FILE0
1664857126.146024 -- INFO: Process 13 get item 19 from queue and executing
1664857126.146615 -- INFO: starting 13, 19, /users/jamilm/files_to_Send/FILE3
1664857127.046178 -- INFO: Throughput @97.1s:805.31Mbps, rtt :38.98ms cwnd: 212.4 lossRate: 9.939793252300352e-05 CC:14 score:-610.0 
1664857127.295938 -- INFO: Process 8 finished on working on file 29 
1664857127.296875 -- INFO: Process 8 get item 22 from queue and executing
1664857127.297601 -- INFO: starting 8, 22, /users/jamilm/files_to_Send/FILE0
1664857128.046112 -- INFO: Throughput @98.1s:936.79Mbps, rtt :39.55ms cwnd: 252.3 lossRate: 0.0002769838971634331 CC:14 score:-707.0 
1664857129.048726 -- INFO: Throughput @99.1s:922.75Mbps, rtt :39.47ms cwnd: 240.6 lossRate: 0.0004536092585327579 CC:14 score:-695.0 
1664857129.309863 -- INFO: Gradient_Fast: -9.666666666666629, Gredient_Fast Change: 0.014841351074718467, Theta: 3, Previous CC: 14, Choosen CC: 17
1664857129.309999 -- INFO: Changing concurrency to 17 ******
1664857129.311782 -- INFO: Start Process :: 16
1664857129.312265 -- INFO: Start Process :: 15
1664857129.312751 -- INFO: Process Status Bits from change concurrency are: 1 1 1 1 1 1 1 1 1 1 1 1 1 1 1 1 1 0 0 0 0 0 0 0 0 0 0 0 0 0 0 0
1664857129.312569 -- INFO: Start Process :: 14
1664857129.315102 -- INFO: Active CC: 17
1664857129.351528 -- INFO: Process 16 get item 21 from queue and executing
1664857129.352018 -- INFO: starting 16, 21, /users/jamilm/files_to_Send/FILE1
1664857129.352319 -- INFO: Process 15 get item 15 from queue and executing
1664857129.352868 -- INFO: starting 15, 15, /users/jamilm/files_to_Send/FILE3
1664857129.353083 -- INFO: Process 14 get item 20 from queue and executing
1664857129.353646 -- INFO: starting 14, 20, /users/jamilm/files_to_Send/FILE2
1664857130.050049 -- INFO: Throughput @100.2s:869.36Mbps, rtt :40.13ms cwnd: 223.6 lossRate: 0.00017200707686259093 CC:17 score:-619.0 
1664857131.049545 -- INFO: Throughput @101.2s:964.69Mbps, rtt :40.79ms cwnd: 247.1 lossRate: 0.0002089196396750685 CC:17 score:-687.0 
1664857132.050426 -- INFO: Throughput @102.2s:947.91Mbps, rtt :40.99ms cwnd: 245.9 lossRate: 0.0003685775364277465 CC:17 score:-673.0 
1664857132.516057 -- INFO: Gradient_Fast: 3.6666666666666665, Gredient_Fast Change: 0.0054671968190854875, Theta: -1, Previous CC: 17, Choosen CC: 16
1664857132.516239 -- INFO: Changing concurrency to 16 ******
1664857132.517766 -- INFO: Process Status Bits from change concurrency are: 1 1 1 1 1 1 1 1 1 1 1 1 1 1 1 1 0 0 0 0 0 0 0 0 0 0 0 0 0 0 0 0
1664857132.520493 -- INFO: Active CC: 16
1664857133.052043 -- INFO: Throughput @103.2s:939.52Mbps, rtt :40.25ms cwnd: 244.8 lossRate: 0.00048527984471044967 CC:16 score:-680.0 
1664857134.053114 -- INFO: Throughput @104.2s:947.91Mbps, rtt :40.67ms cwnd: 255.4 lossRate: 0.0 CC:16 score:-691.0 
1664857135.053986 -- INFO: Throughput @105.2s:939.52Mbps, rtt :40.47ms cwnd: 218.4 lossRate: 0.0007001166861143524 CC:16 score:-678.0 
1664857135.721500 -- INFO: Gradient_Fast: 23.33333333333337, Gredient_Fast Change: 0.03537139969681664, Theta: -2, Previous CC: 16, Choosen CC: 14
1664857135.721643 -- INFO: Changing concurrency to 14 ******
1664857135.725103 -- INFO: Process Status Bits from change concurrency are: 1 1 1 1 1 1 1 1 1 1 1 1 1 1 0 0 0 0 0 0 0 0 0 0 0 0 0 0 0 0 0 0
1664857135.727328 -- INFO: Active CC: 14
1664857136.054727 -- INFO: Throughput @106.2s:931.14Mbps, rtt :40.5ms cwnd: 211.8 lossRate: 0.0002823887633827718 CC:14 score:-703.0 
1664857137.054247 -- INFO: Throughput @107.2s:905.97Mbps, rtt :39.08ms cwnd: 221.2 lossRate: 0 CC:14 score:-687.0 
1664857138.057769 -- INFO: Throughput @108.2s:864.03Mbps, rtt :39.22ms cwnd: 207.7 lossRate: 0.000469596951644931 CC:14 score:-651.0 
1664857138.928441 -- INFO: Gradient_Fast: -1.3333333333333144, Gredient_Fast Change: 0.0019521717911175906, Theta: 1, Previous CC: 14, Choosen CC: 15
1664857138.928583 -- INFO: Changing concurrency to 15 ******
1664857138.931577 -- INFO: Start Process :: 14
1664857138.932208 -- INFO: Process Status Bits from change concurrency are: 1 1 1 1 1 1 1 1 1 1 1 1 1 1 1 0 0 0 0 0 0 0 0 0 0 0 0 0 0 0 0 0
1664857138.934331 -- INFO: Active CC: 15
1664857138.971503 -- INFO: Process 14 get item 23 from queue and executing
1664857138.971915 -- INFO: starting 14, 23, /users/jamilm/files_to_Send/FILE3
1664857139.058668 -- INFO: Throughput @109.2s:864.03Mbps, rtt :38.98ms cwnd: 204.1 lossRate: 0.000213321956162338 CC:15 score:-640.0 
1664857140.059817 -- INFO: Throughput @110.2s:947.91Mbps, rtt :39.97ms cwnd: 223.0 lossRate: 0.00032359640061234397 CC:15 score:-701.0 
1664857141.061743 -- INFO: Throughput @111.2s:947.91Mbps, rtt :40.39ms cwnd: 235.0 lossRate: 8.602256248924718e-05 CC:15 score:-703.0 
1664857142.063566 -- INFO: Throughput @112.2s:956.3Mbps, rtt :40.38ms cwnd: 240.8 lossRate: 0.0001473694552242472 CC:15 score:-709.0 
1664857142.135346 -- INFO: Gradient_Fast: -24.0, Gredient_Fast Change: 0.03527682508574228, Theta: 2, Previous CC: 15, Choosen CC: 17
1664857142.135482 -- INFO: Changing concurrency to 17 ******
1664857142.138311 -- INFO: Process Status Bits from change concurrency are: 1 1 1 1 1 1 1 1 1 1 1 1 1 1 1 1 1 0 0 0 0 0 0 0 0 0 0 0 0 0 0 0
1664857142.138109 -- INFO: Start Process :: 15
1664857142.139863 -- INFO: Active CC: 17
1664857142.138229 -- INFO: Start Process :: 16
1664857142.178497 -- INFO: Process 15 get item 24 from queue and executing
1664857142.179031 -- INFO: starting 15, 24, /users/jamilm/files_to_Send/FILE2
1664857142.182086 -- INFO: Process 16 get item 12 from queue and executing
1664857142.182595 -- INFO: starting 16, 12, /users/jamilm/files_to_Send/FILE2
1664857142.319798 -- INFO: Process 2 finished on working on file 2 
1664857142.322485 -- INFO: Process 2 get item 13 from queue and executing
1664857142.323134 -- INFO: starting 2, 13, /users/jamilm/files_to_Send/FILE1
1664857143.062555 -- INFO: Throughput @113.2s:936.79Mbps, rtt :41.56ms cwnd: 245.1 lossRate: 8.614854470494123e-05 CC:17 score:-668.0 
1664857144.064409 -- INFO: Throughput @114.2s:939.52Mbps, rtt :41.69ms cwnd: 249.7 lossRate: 7.367296570523447e-05 CC:17 score:-670.0 
1664857145.066258 -- INFO: Throughput @115.2s:931.14Mbps, rtt :41.32ms cwnd: 232.5 lossRate: 0.00020886060397572303 CC:17 score:-663.0 
1664857145.340822 -- INFO: Gradient_Fast: 18.666666666666686, Gredient_Fast Change: 0.02650260293421678, Theta: -1, Previous CC: 17, Choosen CC: 16
1664857145.340967 -- INFO: Changing concurrency to 16 ******
1664857145.343335 -- INFO: Process Status Bits from change concurrency are: 1 1 1 1 1 1 1 1 1 1 1 1 1 1 1 1 0 0 0 0 0 0 0 0 0 0 0 0 0 0 0 0
1664857145.344962 -- INFO: Active CC: 16
1664857146.066655 -- INFO: Throughput @116.2s:956.3Mbps, rtt :40.13ms cwnd: 211.0 lossRate: 0.0007786610651359036 CC:16 score:-689.0 
1664857147.068694 -- INFO: Throughput @117.2s:956.3Mbps, rtt :40.69ms cwnd: 220.2 lossRate: 0.0001963358816094634 CC:16 score:-695.0 
1664857148.066612 -- INFO: Throughput @118.2s:931.14Mbps, rtt :39.99ms cwnd: 208.1 lossRate: 0.0005042430205386791 CC:16 score:-674.0 
1664857148.546017 -- INFO: Gradient_Fast: 19.0, Gredient_Fast Change: 0.02848575712143928, Theta: -2, Previous CC: 16, Choosen CC: 14
1664857148.546175 -- INFO: Changing concurrency to 14 ******
1664857148.548870 -- INFO: Process Status Bits from change concurrency are: 1 1 1 1 1 1 1 1 1 1 1 1 1 1 0 0 0 0 0 0 0 0 0 0 0 0 0 0 0 0 0 0
1664857148.550892 -- INFO: Active CC: 14
1664857149.069017 -- INFO: Throughput @119.2s:880.8Mbps, rtt :38.83ms cwnd: 181.3 lossRate: 0 CC:14 score:-668.0 
1664857150.070983 -- INFO: Throughput @120.2s:721.42Mbps, rtt :38.82ms cwnd: 164.9 lossRate: 0.0005785589191893921 CC:14 score:-543.0 
1664857151.071901 -- INFO: Throughput @121.2s:721.42Mbps, rtt :38.77ms cwnd: 179.9 lossRate: 0.0 CC:14 score:-547.0 
1664857151.752051 -- INFO: Gradient_Fast: -50.0, Gredient_Fast Change: 0.0728862973760933, Theta: 1, Previous CC: 14, Choosen CC: 16
1664857151.752193 -- INFO: Changing concurrency to 16 ******
1664857151.753993 -- INFO: Start Process :: 14
1664857151.754557 -- INFO: Process Status Bits from change concurrency are: 1 1 1 1 1 1 1 1 1 1 1 1 1 1 1 1 0 0 0 0 0 0 0 0 0 0 0 0 0 0 0 0
1664857151.754909 -- INFO: Start Process :: 15
1664857151.756788 -- INFO: Active CC: 16
1664857151.793480 -- INFO: Process 14 get item 7 from queue and executing
1664857151.793872 -- INFO: starting 14, 7, /users/jamilm/files_to_Send/FILE3
1664857151.795063 -- INFO: Process 15 get item 9 from queue and executing
1664857151.795661 -- INFO: starting 15, 9, /users/jamilm/files_to_Send/FILE1
1664857152.074238 -- INFO: Throughput @122.2s:721.42Mbps, rtt :38.79ms cwnd: 164.6 lossRate: 0.000537209669774056 CC:16 score:-522.0 
1664857153.072844 -- INFO: Throughput @123.2s:855.64Mbps, rtt :39.19ms cwnd: 200.1 lossRate: 0.00032316533419510755 CC:16 score:-621.0 
1664857154.075561 -- INFO: Throughput @124.2s:939.52Mbps, rtt :40.96ms cwnd: 228.6 lossRate: 0.0001225460160290189 CC:16 score:-683.0 
1664857154.957858 -- INFO: Gradient_Fast: -11.333333333333314, Gredient_Fast Change: 0.019340159271899852, Theta: 2, Previous CC: 16, Choosen CC: 18
1664857154.958005 -- INFO: Changing concurrency to 18 ******
1664857154.960038 -- INFO: Start Process :: 16
1664857154.960383 -- INFO: Process Status Bits from change concurrency are: 1 1 1 1 1 1 1 1 1 1 1 1 1 1 1 1 1 1 0 0 0 0 0 0 0 0 0 0 0 0 0 0
1664857154.960457 -- INFO: Start Process :: 17
1664857154.963631 -- INFO: Active CC: 18
1664857155.001162 -- INFO: Process 16 get item 11 from queue and executing
1664857155.001589 -- INFO: starting 16, 11, /users/jamilm/files_to_Send/FILE3
1664857155.002852 -- INFO: Process 17 get item 10 from queue and executing
1664857155.003411 -- INFO: starting 17, 10, /users/jamilm/files_to_Send/FILE0
1664857155.074097 -- INFO: Throughput @125.2s:956.3Mbps, rtt :40.87ms cwnd: 203.1 lossRate: 0.00014774504130705114 CC:18 score:-668.0 
1664857156.073756 -- INFO: Throughput @126.2s:947.91Mbps, rtt :40.46ms cwnd: 195.1 lossRate: 0.0005534238488783944 CC:18 score:-658.0 
1664857157.076626 -- INFO: Throughput @127.2s:939.52Mbps, rtt :41.14ms cwnd: 213.4 lossRate: 0.00011041048163505655 CC:18 score:-657.0 
1664857158.075315 -- INFO: Throughput @128.2s:956.3Mbps, rtt :41.1ms cwnd: 206.8 lossRate: 0.00015981903567652628 CC:18 score:-668.0 
1664857158.164510 -- INFO: Gradient_Fast: -26.166666666666686, Gredient_Fast Change: 0.042990142387732785, Theta: 3, Previous CC: 18, Choosen CC: 21
1664857158.164650 -- INFO: Changing concurrency to 21 ******
1664857158.166692 -- INFO: Process Status Bits from change concurrency are: 1 1 1 1 1 1 1 1 1 1 1 1 1 1 1 1 1 1 1 1 1 0 0 0 0 0 0 0 0 0 0 0
1664857158.166517 -- INFO: Start Process :: 18
1664857158.166955 -- INFO: Start Process :: 20
1664857158.167132 -- INFO: Start Process :: 19
1664857158.167842 -- INFO: Active CC: 21
1664857158.208000 -- INFO: Process 18 get item 17 from queue and executing
1664857158.208446 -- INFO: starting 18, 17, /users/jamilm/files_to_Send/FILE1
1664857158.209227 -- INFO: Process 20 get item 14 from queue and executing
1664857158.209638 -- INFO: starting 20, 14, /users/jamilm/files_to_Send/FILE0
1664857158.209893 -- INFO: Process 19 get item 30 from queue and executing
1664857158.210376 -- INFO: starting 19, 30, /users/jamilm/files_to_Send/FILE0
1664857159.077406 -- INFO: Throughput @129.2s:931.14Mbps, rtt :41.66ms cwnd: 193.0 lossRate: 0.00017214243556954554 CC:21 score:-613.0 
1664857160.080735 -- INFO: Throughput @130.2s:947.91Mbps, rtt :41.51ms cwnd: 186.3 lossRate: 0.000220948359458431 CC:21 score:-623.0 
1664857161.079661 -- INFO: Throughput @131.2s:947.91Mbps, rtt :40.85ms cwnd: 175.3 lossRate: 0.0004177314723805779 CC:21 score:-621.0 
1664857161.368823 -- INFO: Gradient_Fast: 14.0, Gredient_Fast Change: 0.02118003025718608, Theta: -1, Previous CC: 21, Choosen CC: 20
1664857161.368973 -- INFO: Changing concurrency to 20 ******
1664857161.370788 -- INFO: Process Status Bits from change concurrency are: 1 1 1 1 1 1 1 1 1 1 1 1 1 1 1 1 1 1 1 1 0 0 0 0 0 0 0 0 0 0 0 0
1664857161.372419 -- INFO: Active CC: 20
1664857162.082989 -- INFO: Throughput @132.2s:947.91Mbps, rtt :41.01ms cwnd: 178.7 lossRate: 0.00017545990741115654 CC:20 score:-636.0 
1664857163.084708 -- INFO: Throughput @133.2s:939.52Mbps, rtt :40.95ms cwnd: 180.0 lossRate: 0.00019643229838066124 CC:20 score:-630.0 
1664857164.085413 -- INFO: Throughput @134.2s:956.3Mbps, rtt :40.56ms cwnd: 176.0 lossRate: 0.00025815334308579296 CC:20 score:-641.0 
1664857164.573385 -- INFO: Gradient_Fast: 16.66666666666663, Gredient_Fast Change: 0.026925148088314425, Theta: -2, Previous CC: 20, Choosen CC: 18
1664857164.573542 -- INFO: Changing concurrency to 18 ******
1664857164.575537 -- INFO: Process Status Bits from change concurrency are: 1 1 1 1 1 1 1 1 1 1 1 1 1 1 1 1 1 1 0 0 0 0 0 0 0 0 0 0 0 0 0 0
1664857164.577689 -- INFO: Active CC: 18
1664857165.085982 -- INFO: Throughput @135.2s:931.14Mbps, rtt :40.55ms cwnd: 189.2 lossRate: 0.0 CC:18 score:-652.0 
1664857166.086412 -- INFO: Throughput @136.2s:956.3Mbps, rtt :40.76ms cwnd: 197.7 lossRate: 0.00025805500258055 CC:18 score:-667.0 
1664857167.088626 -- INFO: Throughput @137.2s:931.14Mbps, rtt :41.04ms cwnd: 204.3 lossRate: 0.000441864175861942 CC:18 score:-648.0 
1664857167.778703 -- INFO: Gradient_Fast: 10.0, Gredient_Fast Change: 0.015731515469323547, Theta: -3, Previous CC: 18, Choosen CC: 15
1664857167.778849 -- INFO: Changing concurrency to 15 ******
1664857167.780435 -- INFO: Process Status Bits from change concurrency are: 1 1 1 1 1 1 1 1 1 1 1 1 1 1 1 0 0 0 0 0 0 0 0 0 0 0 0 0 0 0 0 0
1664857167.783041 -- INFO: Active CC: 15
1664857168.091515 -- INFO: Throughput @138.2s:931.14Mbps, rtt :40.06ms cwnd: 193.9 lossRate: 0 CC:15 score:-692.0 
1664857169.090642 -- INFO: Throughput @139.2s:939.52Mbps, rtt :39.58ms cwnd: 223.1 lossRate: 0 CC:15 score:-698.0 
1664857170.093105 -- INFO: Throughput @140.2s:922.75Mbps, rtt :39.85ms cwnd: 229.3 lossRate: 0.00015951898889502423 CC:15 score:-684.0 
1664857170.984078 -- INFO: Gradient_Fast: 11.888888888888914, Gredient_Fast Change: 0.01813251991187938, Theta: -4, Previous CC: 15, Choosen CC: 11
1664857170.984216 -- INFO: Changing concurrency to 11 ******
1664857170.986847 -- INFO: Process Status Bits from change concurrency are: 1 1 1 1 1 1 1 1 1 1 1 0 0 0 0 0 0 0 0 0 0 0 0 0 0 0 0 0 0 0 0 0
1664857170.989185 -- INFO: Active CC: 11
1664857171.090399 -- INFO: Throughput @141.2s:931.14Mbps, rtt :40.38ms cwnd: 232.0 lossRate: 0.00016057312252964426 CC:11 score:-747.0 
1664857172.094336 -- INFO: Throughput @142.2s:478.15Mbps, rtt :38.76ms cwnd: 139.1 lossRate: 0 CC:11 score:-385.0 
1664857173.094285 -- INFO: Throughput @143.2s:452.98Mbps, rtt :38.76ms cwnd: 137.8 lossRate: 0.0003651729354687255 CC:11 score:-363.0 
1664857174.094069 -- INFO: Throughput @144.2s:452.98Mbps, rtt :38.68ms cwnd: 138.4 lossRate: 0.00023337828026138367 CC:11 score:-363.0 
1664857174.190109 -- INFO: Gradient_Fast: -80.25000000000001, Gredient_Fast Change: 0.11608003857280619, Theta: 1, Previous CC: 11, Choosen CC: 13
1664857174.190237 -- INFO: Changing concurrency to 13 ******
1664857174.192153 -- INFO: Start Process :: 11
1664857174.192839 -- INFO: Start Process :: 12
1664857174.194313 -- INFO: Process Status Bits from change concurrency are: 1 1 1 1 1 1 1 1 1 1 1 1 1 0 0 0 0 0 0 0 0 0 0 0 0 0 0 0 0 0 0 0
1664857174.198294 -- INFO: Active CC: 13
1664857174.232128 -- INFO: Process 11 get item 31 from queue and executing
1664857174.232570 -- INFO: starting 11, 31, /users/jamilm/files_to_Send/FILE3
1664857174.232785 -- INFO: Process 12 get item 27 from queue and executing
1664857174.233533 -- INFO: starting 12, 27, /users/jamilm/files_to_Send/FILE3
1664857175.096099 -- INFO: Throughput @145.2s:486.54Mbps, rtt :38.74ms cwnd: 141.2 lossRate: 9.232544720138489e-05 CC:13 score:-376.0 
1664857176.095634 -- INFO: Throughput @146.2s:629.15Mbps, rtt :38.97ms cwnd: 182.9 lossRate: 3.773656106718995e-05 CC:13 score:-486.0 
1664857177.097328 -- INFO: Throughput @147.2s:830.47Mbps, rtt :39.29ms cwnd: 257.2 lossRate: 0.00010918818583829229 CC:13 score:-641.0 
1664857177.399267 -- INFO: Gradient_Fast: -65.33333333333334, Gredient_Fast Change: 0.17641764176417646, Theta: 2, Previous CC: 13, Choosen CC: 19
1664857177.399417 -- INFO: Changing concurrency to 19 ******
1664857177.403356 -- INFO: Start Process :: 17
1664857177.403923 -- INFO: Process Status Bits from change concurrency are: 1 1 1 1 1 1 1 1 1 1 1 1 1 1 1 1 1 1 1 0 0 0 0 0 0 0 0 0 0 0 0 0
1664857177.403419 -- INFO: Start Process :: 14
1664857177.403825 -- INFO: Start Process :: 18
1664857177.403789 -- INFO: Start Process :: 13
1664857177.404065 -- INFO: Start Process :: 16
1664857177.404064 -- INFO: Start Process :: 15
1664857177.405928 -- INFO: Active CC: 19
1664857177.444087 -- INFO: Process 18 get item 21 from queue and executing
1664857177.444463 -- INFO: starting 18, 21, /users/jamilm/files_to_Send/FILE1
1664857177.444491 -- INFO: Process 17 get item 15 from queue and executing
1664857177.444609 -- INFO: Process 14 get item 20 from queue and executing
1664857177.444705 -- INFO: Process 16 get item 12 from queue and executing
1664857177.444944 -- INFO: Process 15 get item 24 from queue and executing
1664857177.445053 -- INFO: starting 17, 15, /users/jamilm/files_to_Send/FILE3
1664857177.445123 -- INFO: Process 13 get item 23 from queue and executing
1664857177.445222 -- INFO: starting 16, 12, /users/jamilm/files_to_Send/FILE2
1664857177.445405 -- INFO: starting 14, 20, /users/jamilm/files_to_Send/FILE2
1664857177.445504 -- INFO: starting 15, 24, /users/jamilm/files_to_Send/FILE2
1664857177.445676 -- INFO: starting 13, 23, /users/jamilm/files_to_Send/FILE3
1664857178.095572 -- INFO: Throughput @148.2s:914.36Mbps, rtt :40.55ms cwnd: 193.3 lossRate: 0.00010049746243907341 CC:19 score:-627.0 
1664857179.098363 -- INFO: Throughput @149.2s:973.08Mbps, rtt :40.58ms cwnd: 200.3 lossRate: 0.0004304619471638707 CC:19 score:-664.0 
1664857180.098272 -- INFO: Throughput @150.2s:947.91Mbps, rtt :40.57ms cwnd: 180.4 lossRate: 0.0007364854912358227 CC:19 score:-644.0 
1664857180.606853 -- INFO: Gradient_Fast: -24.0, Gredient_Fast Change: 0.04790419161676647, Theta: 3, Previous CC: 19, Choosen CC: 22
1664857180.607000 -- INFO: Changing concurrency to 22 ******
1664857180.608810 -- INFO: Process Status Bits from change concurrency are: 1 1 1 1 1 1 1 1 1 1 1 1 1 1 1 1 1 1 1 1 1 1 0 0 0 0 0 0 0 0 0 0
1664857180.609444 -- INFO: Start Process :: 19
1664857180.609386 -- INFO: Start Process :: 20
1664857180.610368 -- INFO: Active CC: 22
1664857180.610465 -- INFO: Start Process :: 21
1664857180.650214 -- INFO: Process 19 get item 14 from queue and executing
1664857180.650304 -- INFO: Process 20 get item 17 from queue and executing
1664857180.650692 -- INFO: starting 19, 14, /users/jamilm/files_to_Send/FILE0
1664857180.650721 -- INFO: starting 20, 17, /users/jamilm/files_to_Send/FILE1
1664857180.651309 -- INFO: Process 21 get item 30 from queue and executing
1664857180.651722 -- INFO: starting 21, 30, /users/jamilm/files_to_Send/FILE0
1664857181.099572 -- INFO: Throughput @151.2s:956.3Mbps, rtt :41.05ms cwnd: 167.7 lossRate: 0.0002582168283595854 CC:22 score:-616.0 
1664857182.102466 -- INFO: Throughput @152.2s:931.14Mbps, rtt :40.86ms cwnd: 166.4 lossRate: 0.00040522121394452154 CC:22 score:-599.0 
1664857183.102950 -- INFO: Throughput @153.2s:947.91Mbps, rtt :40.89ms cwnd: 167.5 lossRate: 0.00014752707736565815 CC:22 score:-612.0 
1664857183.811368 -- INFO: Gradient_Fast: 12.0, Gredient_Fast Change: 0.018604651162790697, Theta: -1, Previous CC: 22, Choosen CC: 21
1664857183.811522 -- INFO: Changing concurrency to 21 ******
1664857183.812662 -- INFO: Process Status Bits from change concurrency are: 1 1 1 1 1 1 1 1 1 1 1 1 1 1 1 1 1 1 1 1 1 0 0 0 0 0 0 0 0 0 0 0
1664857183.814135 -- INFO: Active CC: 21
1664857184.103850 -- INFO: Throughput @154.2s:939.52Mbps, rtt :40.79ms cwnd: 168.6 lossRate: 0.00012222510809282996 CC:21 score:-619.0 
1664857185.104837 -- INFO: Throughput @155.2s:922.75Mbps, rtt :41.11ms cwnd: 176.2 lossRate: 8.601199252924408e-05 CC:21 score:-608.0 
1664857186.106686 -- INFO: Throughput @156.2s:981.47Mbps, rtt :40.35ms cwnd: 164.2 lossRate: 0.000700314527226263 CC:21 score:-641.0 
1664857187.015162 -- INFO: Gradient_Fast: 13.666666666666629, Gredient_Fast Change: 0.022441160372194794, Theta: -2, Previous CC: 21, Choosen CC: 19
1664857187.015322 -- INFO: Changing concurrency to 19 ******
1664857187.017129 -- INFO: Process Status Bits from change concurrency are: 1 1 1 1 1 1 1 1 1 1 1 1 1 1 1 1 1 1 1 0 0 0 0 0 0 0 0 0 0 0 0 0
1664857187.018519 -- INFO: Active CC: 19
1664857187.107819 -- INFO: Throughput @157.2s:931.14Mbps, rtt :40.45ms cwnd: 166.2 lossRate: 0.00028260041529974076 CC:19 score:-637.0 
1664857188.108632 -- INFO: Throughput @158.2s:939.52Mbps, rtt :40.48ms cwnd: 184.6 lossRate: 5.644721244849192e-05 CC:19 score:-644.0 
1664857189.108726 -- INFO: Throughput @159.2s:939.52Mbps, rtt :40.37ms cwnd: 180.6 lossRate: 0.00040586911336047324 CC:19 score:-641.0 
1664857190.109859 -- INFO: Throughput @160.2s:931.14Mbps, rtt :40.02ms cwnd: 176.3 lossRate: 0.0005406335241933502 CC:19 score:-634.0 
1664857190.219567 -- INFO: Gradient_Fast: 8.5, Gredient_Fast Change: 0.013650963597430408, Theta: -3, Previous CC: 19, Choosen CC: 16
1664857190.219709 -- INFO: Changing concurrency to 16 ******
1664857190.221718 -- INFO: Process Status Bits from change concurrency are: 1 1 1 1 1 1 1 1 1 1 1 1 1 1 1 1 0 0 0 0 0 0 0 0 0 0 0 0 0 0 0 0
1664857190.223763 -- INFO: Active CC: 16
1664857191.111692 -- INFO: Throughput @161.2s:905.97Mbps, rtt :39.26ms cwnd: 185.4 lossRate: 0 CC:16 score:-660.0 
1664857192.112305 -- INFO: Throughput @162.2s:872.42Mbps, rtt :39.17ms cwnd: 189.7 lossRate: 0.0002538885028595863 CC:16 score:-633.0 
1664857193.114085 -- INFO: Throughput @163.2s:889.19Mbps, rtt :38.99ms cwnd: 175.9 lossRate: 0.0005379373943337261 CC:16 score:-643.0 
1664857193.424805 -- INFO: Gradient_Fast: 1.8888888888889142, Gredient_Fast Change: 0.0029529268716345716, Theta: -4, Previous CC: 16, Choosen CC: 12
1664857193.424951 -- INFO: Changing concurrency to 12 ******
1664857193.427507 -- INFO: Process Status Bits from change concurrency are: 1 1 1 1 1 1 1 1 1 1 1 1 0 0 0 0 0 0 0 0 0 0 0 0 0 0 0 0 0 0 0 0
1664857193.430054 -- INFO: Active CC: 12
1664857194.114555 -- INFO: Throughput @164.2s:738.2Mbps, rtt :38.92ms cwnd: 182.2 lossRate: 0 CC:12 score:-582.0 
1664857195.115172 -- INFO: Throughput @165.2s:654.31Mbps, rtt :38.95ms cwnd: 185.6 lossRate: 0.00024786218862312553 CC:12 score:-514.0 
1664857196.116622 -- INFO: Throughput @166.2s:654.31Mbps, rtt :38.95ms cwnd: 182.5 lossRate: 0.0002836275969651847 CC:12 score:-514.0 
1664857196.631111 -- INFO: Gradient_Fast: -27.166666666666686, Gredient_Fast Change: 0.042097107438016555, Theta: 1, Previous CC: 12, Choosen CC: 13
1664857196.631245 -- INFO: Changing concurrency to 13 ******
1664857196.632667 -- INFO: Start Process :: 12
1664857196.634499 -- INFO: Process Status Bits from change concurrency are: 1 1 1 1 1 1 1 1 1 1 1 1 1 0 0 0 0 0 0 0 0 0 0 0 0 0 0 0 0 0 0 0
1664857196.637839 -- INFO: Active CC: 13
1664857196.672304 -- INFO: Process 12 get item 11 from queue and executing
1664857196.672680 -- INFO: starting 12, 11, /users/jamilm/files_to_Send/FILE3
1664857197.118317 -- INFO: Throughput @167.2s:662.7Mbps, rtt :38.87ms cwnd: 180.9 lossRate: 0.00012188963763952011 CC:13 score:-511.0 
1664857197.498479 -- INFO: Process 5 finished on working on file 8 
1664857197.499207 -- INFO: Process 5 get item 9 from queue and executing
1664857197.499905 -- INFO: starting 5, 9, /users/jamilm/files_to_Send/FILE1
1664857198.117419 -- INFO: Throughput @168.2s:643.19Mbps, rtt :38.81ms cwnd: 167.9 lossRate: 0.0005270523235737782 CC:13 score:-494.0 
1664857199.120504 -- INFO: Throughput @169.2s:679.48Mbps, rtt :39.1ms cwnd: 176.7 lossRate: 0.00012190874259839777 CC:13 score:-524.0 
1664857199.838782 -- INFO: Gradient_Fast: 26.999999999999943, Gredient_Fast Change: 0.05031055900621108, Theta: -1, Previous CC: 13, Choosen CC: 12
1664857199.838914 -- INFO: Changing concurrency to 12 ******
1664857199.841251 -- INFO: Process Status Bits from change concurrency are: 1 1 1 1 1 1 1 1 1 1 1 1 0 0 0 0 0 0 0 0 0 0 0 0 0 0 0 0 0 0 0 0
1664857199.845884 -- INFO: Active CC: 12
1664857200.121019 -- INFO: Throughput @170.2s:679.48Mbps, rtt :38.88ms cwnd: 177.8 lossRate: 0.00013415101571483327 CC:12 score:-535.0 
1664857201.121799 -- INFO: Throughput @171.2s:637.53Mbps, rtt :38.98ms cwnd: 188.0 lossRate: 8.89632226037756e-05 CC:12 score:-502.0 
1664857202.121589 -- INFO: Throughput @172.2s:704.64Mbps, rtt :38.85ms cwnd: 201.2 lossRate: 0.0 CC:12 score:-556.0 
1664857203.046898 -- INFO: Gradient_Fast: 21.333333333333314, Gredient_Fast Change: 0.04185742315238714, Theta: -2, Previous CC: 12, Choosen CC: 10
1664857203.047047 -- INFO: Changing concurrency to 10 ******
1664857203.050089 -- INFO: Process Status Bits from change concurrency are: 1 1 1 1 1 1 1 1 1 1 0 0 0 0 0 0 0 0 0 0 0 0 0 0 0 0 0 0 0 0 0 0
1664857203.053883 -- INFO: Active CC: 10
1664857203.122823 -- INFO: Throughput @173.2s:671.09Mbps, rtt :38.85ms cwnd: 191.2 lossRate: 0.00038217407198165565 CC:10 score:-548.0 
1664857204.125132 -- INFO: Throughput @174.2s:603.98Mbps, rtt :38.81ms cwnd: 201.9 lossRate: 0 CC:10 score:-495.0 
1664857205.124893 -- INFO: Throughput @175.2s:620.76Mbps, rtt :38.76ms cwnd: 198.3 lossRate: 0.0002879023435250763 CC:10 score:-507.0 
1664857206.127214 -- INFO: Throughput @176.2s:545.26Mbps, rtt :38.79ms cwnd: 180.3 lossRate: 0.0007099158540914122 CC:10 score:-443.0 
1664857206.254875 -- INFO: Gradient_Fast: -24.666666666666657, Gredient_Fast Change: 0.046453232893910845, Theta: 1, Previous CC: 10, Choosen CC: 11
1664857206.255018 -- INFO: Changing concurrency to 11 ******
1664857206.257030 -- INFO: Start Process :: 10
1664857206.258727 -- INFO: Process Status Bits from change concurrency are: 1 1 1 1 1 1 1 1 1 1 1 0 0 0 0 0 0 0 0 0 0 0 0 0 0 0 0 0 0 0 0 0
1664857206.261954 -- INFO: Active CC: 11
1664857206.296859 -- INFO: Process 10 get item 10 from queue and executing
1664857206.297699 -- INFO: starting 10, 10, /users/jamilm/files_to_Send/FILE0
1664857207.126109 -- INFO: Throughput @177.2s:553.65Mbps, rtt :38.81ms cwnd: 163.2 lossRate: 0.0004252152652280217 CC:11 score:-443.0 
1664857208.126596 -- INFO: Throughput @178.2s:536.87Mbps, rtt :38.79ms cwnd: 158.5 lossRate: 0.000491747199178996 CC:11 score:-429.0 
1664857209.131036 -- INFO: Throughput @179.2s:520.09Mbps, rtt :38.71ms cwnd: 152.4 lossRate: 0.0004563084645220169 CC:11 score:-416.0 
1664857209.462998 -- INFO: Gradient_Fast: 52.33333333333337, Gredient_Fast Change: 0.10865051903114194, Theta: -1, Previous CC: 11, Choosen CC: 9
1664857209.463139 -- INFO: Changing concurrency to 9 ******
1664857209.466906 -- INFO: Process Status Bits from change concurrency are: 1 1 1 1 1 1 1 1 1 0 0 0 0 0 0 0 0 0 0 0 0 0 0 0 0 0 0 0 0 0 0 0
1664857209.470195 -- INFO: Active CC: 9
1664857210.129510 -- INFO: Throughput @180.2s:444.6Mbps, rtt :38.8ms cwnd: 155.6 lossRate: 0 CC:9 score:-372.0 
1664857211.131629 -- INFO: Throughput @181.2s:402.65Mbps, rtt :38.74ms cwnd: 161.7 lossRate: 0.0002476337222099934 CC:9 score:-336.0 
1664857212.133232 -- INFO: Throughput @182.2s:452.98Mbps, rtt :38.72ms cwnd: 165.7 lossRate: 0.000319310289774088 CC:9 score:-378.0 
1664857212.671181 -- INFO: Gradient_Fast: -33.66666666666666, Gredient_Fast Change: 0.07841614906832296, Theta: 1, Previous CC: 9, Choosen CC: 10
1664857212.671311 -- INFO: Changing concurrency to 10 ******
1664857212.672955 -- INFO: Start Process :: 9
1664857212.675970 -- INFO: Process Status Bits from change concurrency are: 1 1 1 1 1 1 1 1 1 1 0 0 0 0 0 0 0 0 0 0 0 0 0 0 0 0 0 0 0 0 0 0
1664857212.678788 -- INFO: Active CC: 10
1664857212.688816 -- INFO: Process 7 finished on working on file 26 
1664857212.691506 -- INFO: Process 7 get item 7 from queue and executing
1664857212.691949 -- INFO: starting 7, 7, /users/jamilm/files_to_Send/FILE3
1664857212.712374 -- INFO: Process 9 get item 25 from queue and executing
1664857212.713081 -- INFO: starting 9, 25, /users/jamilm/files_to_Send/FILE1
1664857213.135605 -- INFO: Throughput @183.2s:483.81Mbps, rtt :38.73ms cwnd: 173.7 lossRate: 0.00017304031839418584 CC:10 score:-396.0 
1664857214.133640 -- INFO: Throughput @184.2s:553.65Mbps, rtt :39.11ms cwnd: 212.6 lossRate: 0.0003351066057889666 CC:10 score:-452.0 
1664857215.133617 -- INFO: Throughput @185.2s:746.59Mbps, rtt :39.41ms cwnd: 326.4 lossRate: 0.00015256926644696692 CC:10 score:-611.0 
1664857215.879915 -- INFO: Gradient_Fast: -124.33333333333331, Gredient_Fast Change: 0.34346224677716386, Theta: 2, Previous CC: 10, Choosen CC: 18
1664857215.880058 -- INFO: Changing concurrency to 18 ******
1664857215.882123 -- INFO: Start Process :: 10
1664857215.882471 -- INFO: Start Process :: 11
1664857215.883192 -- INFO: Start Process :: 13
1664857215.883338 -- INFO: Start Process :: 17
1664857215.883468 -- INFO: Start Process :: 16
1664857215.884050 -- INFO: Process Status Bits from change concurrency are: 1 1 1 1 1 1 1 1 1 1 1 1 1 1 1 1 1 1 0 0 0 0 0 0 0 0 0 0 0 0 0 0
1664857215.883664 -- INFO: Start Process :: 15
1664857215.883226 -- INFO: Start Process :: 12
1664857215.883360 -- INFO: Start Process :: 14
1664857215.886458 -- INFO: Active CC: 18
1664857215.922250 -- INFO: Process 10 get item 6 from queue and executing
1664857215.922704 -- INFO: starting 10, 6, /users/jamilm/files_to_Send/FILE0
1664857215.922710 -- INFO: Process 11 get item 19 from queue and executing
1664857215.923238 -- INFO: starting 11, 19, /users/jamilm/files_to_Send/FILE3
1664857215.923689 -- INFO: Process 17 get item 30 from queue and executing
1664857215.923892 -- INFO: Process 16 get item 14 from queue and executing
1664857215.924005 -- INFO: Process 13 get item 17 from queue and executing
1664857215.924148 -- INFO: starting 17, 30, /users/jamilm/files_to_Send/FILE0
1664857215.924378 -- INFO: starting 16, 14, /users/jamilm/files_to_Send/FILE0
1664857215.924371 -- INFO: Process 15 get item 15 from queue and executing
1664857215.924467 -- INFO: starting 13, 17, /users/jamilm/files_to_Send/FILE1
1664857215.924646 -- INFO: Process 14 get item 21 from queue and executing
1664857215.924884 -- INFO: starting 15, 15, /users/jamilm/files_to_Send/FILE3
1664857215.925110 -- INFO: Process 12 get item 12 from queue and executing
1664857215.925272 -- INFO: starting 14, 21, /users/jamilm/files_to_Send/FILE1
1664857215.925859 -- INFO: starting 12, 12, /users/jamilm/files_to_Send/FILE2
1664857216.138262 -- INFO: Throughput @186.2s:880.8Mbps, rtt :40.19ms cwnd: 189.3 lossRate: 0.0005941156717381758 CC:18 score:-611.0 
1664857217.136340 -- INFO: Throughput @187.2s:998.24Mbps, rtt :41.67ms cwnd: 253.5 lossRate: 8.610192007281762e-05 CC:18 score:-698.0 
1664857217.981180 -- INFO: Process 4 finished on working on file 4 
1664857217.982099 -- INFO: Process 4 get item 20 from queue and executing
1664857217.982579 -- INFO: starting 4, 20, /users/jamilm/files_to_Send/FILE2
1664857218.137414 -- INFO: Throughput @188.2s:970.35Mbps, rtt :41.77ms cwnd: 264.6 lossRate: 0.00017206627009488227 CC:18 score:-678.0 
1664857219.087554 -- INFO: Gradient_Fast: -22.000000000000007, Gredient_Fast Change: 0.04523646333104868, Theta: 3, Previous CC: 18, Choosen CC: 21
1664857219.087715 -- INFO: Changing concurrency to 21 ******
1664857219.089836 -- INFO: Process Status Bits from change concurrency are: 1 1 1 1 1 1 1 1 1 1 1 1 1 1 1 1 1 1 1 1 1 0 0 0 0 0 0 0 0 0 0 0
1664857219.089631 -- INFO: Start Process :: 18
1664857219.089881 -- INFO: Start Process :: 20
1664857219.090286 -- INFO: Start Process :: 19
1664857219.091201 -- INFO: Active CC: 21
1664857219.119421 -- INFO: Process 6 finished on working on file 5 
1664857219.120175 -- INFO: Process 6 get item 24 from queue and executing
1664857219.120710 -- INFO: starting 6, 24, /users/jamilm/files_to_Send/FILE2
1664857219.131313 -- INFO: Process 20 get item 27 from queue and executing
1664857219.131749 -- INFO: starting 20, 27, /users/jamilm/files_to_Send/FILE3
1664857219.132275 -- INFO: Process 19 get item 23 from queue and executing
1664857219.132368 -- INFO: Process 18 get item 11 from queue and executing
1664857219.132823 -- INFO: starting 18, 11, /users/jamilm/files_to_Send/FILE3
1664857219.133175 -- INFO: starting 19, 23, /users/jamilm/files_to_Send/FILE3
1664857219.137254 -- INFO: Throughput @189.2s:953.57Mbps, rtt :41.55ms cwnd: 214.3 lossRate: 0.00047961630695443646 CC:21 score:-625.0 
1664857220.139938 -- INFO: Throughput @190.2s:931.14Mbps, rtt :41.88ms cwnd: 218.6 lossRate: 0.0002945544250665816 CC:21 score:-612.0 
1664857221.140577 -- INFO: Throughput @191.2s:939.52Mbps, rtt :41.57ms cwnd: 206.4 lossRate: 0.00043023970497848803 CC:21 score:-616.0 
1664857222.141350 -- INFO: Throughput @192.2s:922.75Mbps, rtt :41.6ms cwnd: 202.8 lossRate: 0.00011065074935146366 CC:21 score:-608.0 
1664857222.292204 -- INFO: Gradient_Fast: 16.77777777777779, Gredient_Fast Change: 0.025331320248280505, Theta: -1, Previous CC: 21, Choosen CC: 20
1664857222.292356 -- INFO: Changing concurrency to 20 ******
1664857222.294017 -- INFO: Process Status Bits from change concurrency are: 1 1 1 1 1 1 1 1 1 1 1 1 1 1 1 1 1 1 1 1 0 0 0 0 0 0 0 0 0 0 0 0
1664857222.295811 -- INFO: Active CC: 20
1664857223.142279 -- INFO: Throughput @193.2s:964.69Mbps, rtt :41.74ms cwnd: 207.6 lossRate: 0.0002270754023909704 CC:20 score:-647.0 
1664857224.143366 -- INFO: Throughput @194.2s:939.52Mbps, rtt :41.16ms cwnd: 197.5 lossRate: 0.00044224414333624067 CC:20 score:-628.0 
1664857225.146317 -- INFO: Throughput @195.2s:939.52Mbps, rtt :41.07ms cwnd: 187.6 lossRate: 0.00040529088832393795 CC:20 score:-628.0 
1664857225.496820 -- INFO: Gradient_Fast: 22.33333333333337, Gredient_Fast Change: 0.036492374727668905, Theta: -2, Previous CC: 20, Choosen CC: 18
1664857225.496981 -- INFO: Changing concurrency to 18 ******
1664857225.499110 -- INFO: Process Status Bits from change concurrency are: 1 1 1 1 1 1 1 1 1 1 1 1 1 1 1 1 1 1 0 0 0 0 0 0 0 0 0 0 0 0 0 0
1664857225.500448 -- INFO: Active CC: 18
1664857226.147841 -- INFO: Throughput @196.2s:931.14Mbps, rtt :41.05ms cwnd: 195.8 lossRate: 0.00032094142818935543 CC:18 score:-649.0 
1664857227.147165 -- INFO: Throughput @197.2s:947.91Mbps, rtt :40.31ms cwnd: 193.2 lossRate: 0.0006271057226471239 CC:18 score:-658.0 
1664857228.149113 -- INFO: Throughput @198.2s:947.91Mbps, rtt :40.25ms cwnd: 190.1 lossRate: 0.0002946665357037619 CC:18 score:-661.0 
1664857228.701548 -- INFO: Gradient_Fast: 10.833333333333314, Gredient_Fast Change: 0.017078297425118204, Theta: -3, Previous CC: 18, Choosen CC: 15
1664857228.701698 -- INFO: Changing concurrency to 15 ******
1664857228.703991 -- INFO: Process Status Bits from change concurrency are: 1 1 1 1 1 1 1 1 1 1 1 1 1 1 1 0 0 0 0 0 0 0 0 0 0 0 0 0 0 0 0 0
1664857228.705817 -- INFO: Active CC: 15
1664857229.149807 -- INFO: Throughput @199.3s:846.49Mbps, rtt :39.13ms cwnd: 206.0 lossRate: 0 CC:15 score:-629.0 
1664857230.132246 -- INFO: episode expires
1664857230.132296 -- INFO: Process 17 shutdown itself from outest loop
1664857230.132497 -- INFO: Process 15 shutdown itself from outest loop
1664857230.132616 -- INFO: Process 19 shutdown itself from outest loop
1664857230.132644 -- INFO: Process 20 shutdown itself from outest loop
1664857230.132674 -- INFO: Process 16 shutdown itself from outest loop
1664857230.132818 -- INFO: Process Status Bits are: 1 1 1 1 1 1 1 1 1 1 1 1 1 1 1 0 0 0 0 0 0 0 0 0 0 0 0 0 0 0 0 0
1664857230.132846 -- INFO: Process Status Bits are: 1 1 1 1 1 1 1 1 1 1 1 1 1 1 1 0 0 0 0 0 0 0 0 0 0 0 0 0 0 0 0 0
1664857230.133029 -- INFO: Process Status Bits are: 1 1 1 1 1 1 1 1 1 1 1 1 1 1 1 0 0 0 0 0 0 0 0 0 0 0 0 0 0 0 0 0
1664857230.133014 -- INFO: Process Status Bits are: 1 1 1 1 1 1 1 1 1 1 1 1 1 1 1 0 0 0 0 0 0 0 0 0 0 0 0 0 0 0 0 0
1664857230.132633 -- INFO: Process 22 shutdown itself from outest loop
1664857230.133061 -- INFO: Process Status Bits are: 1 1 1 1 1 1 1 1 1 1 1 1 1 1 1 0 0 0 0 0 0 0 0 0 0 0 0 0 0 0 0 0
1664857230.132824 -- INFO: Process 18 shutdown itself from outest loop
1664857230.133444 -- INFO: Process Status Bits are: 1 1 1 1 1 1 1 1 1 1 1 1 1 1 1 0 0 0 0 0 0 0 0 0 0 0 0 0 0 0 0 0
1664857230.133126 -- INFO: Process 21 shutdown itself from outest loop
1664857230.133698 -- INFO: Process Status Bits are: 1 1 1 1 1 1 1 1 1 1 1 1 1 1 1 0 0 0 0 0 0 0 0 0 0 0 0 0 0 0 0 0
1664857230.133005 -- INFO: Process 29 shutdown itself from outest loop
1664857230.133080 -- INFO: Process 30 shutdown itself from outest loop
1664857230.134011 -- INFO: Process Status Bits are: 1 1 1 1 1 1 1 1 1 1 1 1 1 1 1 0 0 0 0 0 0 0 0 0 0 0 0 0 0 0 0 0
1664857230.133080 -- INFO: Process 23 shutdown itself from outest loop
1664857230.133352 -- INFO: Process 31 shutdown itself from outest loop
1664857230.133802 -- INFO: Process 28 shutdown itself from outest loop
1664857230.134528 -- INFO: Process Status Bits are: 1 1 1 1 1 1 1 1 1 1 1 1 1 1 1 0 0 0 0 0 0 0 0 0 0 0 0 0 0 0 0 0
1664857230.134587 -- INFO: Process Status Bits are: 1 1 1 1 1 1 1 1 1 1 1 1 1 1 1 0 0 0 0 0 0 0 0 0 0 0 0 0 0 0 0 0
1664857230.134592 -- INFO: Process Status Bits are: 1 1 1 1 1 1 1 1 1 1 1 1 1 1 1 0 0 0 0 0 0 0 0 0 0 0 0 0 0 0 0 0
1664857230.134755 -- INFO: Process Status Bits are: 1 1 1 1 1 1 1 1 1 1 1 1 1 1 1 0 0 0 0 0 0 0 0 0 0 0 0 0 0 0 0 0
1664857230.134830 -- INFO: Process Status Bits are: 1 1 1 1 1 1 1 1 1 1 1 1 1 1 1 0 0 0 0 0 0 0 0 0 0 0 0 0 0 0 0 0
1664857230.134088 -- INFO: Process 27 shutdown itself from outest loop
1664857230.133243 -- INFO: Process 26 shutdown itself from outest loop
1664857230.133507 -- INFO: Process 25 shutdown itself from outest loop
1664857230.135406 -- INFO: Process Status Bits are: 1 1 1 1 1 1 1 1 1 1 1 1 1 1 1 0 0 0 0 0 0 0 0 0 0 0 0 0 0 0 0 0
1664857230.135488 -- INFO: Process Status Bits are: 1 1 1 1 1 1 1 1 1 1 1 1 1 1 1 0 0 0 0 0 0 0 0 0 0 0 0 0 0 0 0 0
1664857230.135783 -- INFO: Process Status Bits are: 1 1 1 1 1 1 1 1 1 1 1 1 1 1 1 0 0 0 0 0 0 0 0 0 0 0 0 0 0 0 0 0
1664857230.134056 -- INFO: Process 24 shutdown itself from outest loop
1664857230.137291 -- INFO: Process Status Bits are: 1 1 1 1 1 1 1 1 1 1 1 1 1 1 1 0 0 0 0 0 0 0 0 0 0 0 0 0 0 0 0 0
1664857231.907014 -- INFO: Gradient_Fast: -2.2222222222222094, Gredient_Fast Change: 0.003387533875338734, Theta: 1, Previous CC: 15, Choosen CC: 16
1664857231.907180 -- INFO: episode expires
1664857231.994097 -- INFO: GD_Fast Optimizer Exits ...
1664857232.276456 -- INFO: Throughput @0.1s:0.0Mbps, rtt :38.76ms cwnd: 158.5 lossRate: 0.0002923751716757667 CC:0 score:-0.0 
