1664818000.242910 -- INFO: Iteration 1 Starts ...
1664818000.244189 -- INFO: Changing concurrency to 4 ******
1664818000.246232 -- INFO: Start Process :: 0
1664818000.248031 -- INFO: Start Process :: 2
1664818000.248311 -- INFO: Start Process :: 3
1664818000.248311 -- INFO: Start Process :: 1
1664818000.252231 -- INFO: Process Status Bits from change concurrency are: 1 1 1 1 0 0 0 0 0 0 0 0 0 0 0 0 0 0 0 0 0 0 0 0 0 0 0 0 0 0 0 0
1664818000.258719 -- INFO: Active CC: 4
1664818000.285979 -- INFO: Process 0 get item 0 from queue and executing
1664818000.286369 -- INFO: starting 0, 0, /users/jamilm/files_to_Send/FILE2
1664818000.287798 -- INFO: Process 2 get item 1 from queue and executing
1664818000.288047 -- INFO: Process 1 get item 2 from queue and executing
1664818000.288168 -- INFO: starting 2, 1, /users/jamilm/files_to_Send/FILE1
1664818000.288220 -- INFO: Process 3 get item 3 from queue and executing
1664818000.288951 -- INFO: starting 1, 2, /users/jamilm/files_to_Send/FILE0
1664818000.289207 -- INFO: starting 3, 3, /users/jamilm/files_to_Send/FILE3
1664818000.305248 -- INFO: Throughput @0.1s:0.0Mbps, rtt :38.5ms cwnd: 10.0 lossRate: 0.0 CC:4 score:-0.0 
1664818001.302311 -- INFO: Throughput @1.1s:771.75Mbps, rtt :40.57ms cwnd: 1088.0 lossRate: 0.0 CC:4 score:-713.0 
1664818002.303322 -- INFO: Throughput @2.1s:947.91Mbps, rtt :40.41ms cwnd: 1088.0 lossRate: 0.0 CC:4 score:-876.0 
1664818003.303092 -- INFO: Throughput @3.1s:939.52Mbps, rtt :40.79ms cwnd: 1088.0 lossRate: 0.0 CC:4 score:-868.0 
1664818003.461405 -- INFO: Iteration 1 Ends, Took 3.22 Seconds. Best Params: [4] and Score: -819.0.
1664818003.461786 -- INFO: Iteration 2 Starts ...
1664818003.462218 -- INFO: Changing concurrency to 17 ******
1664818003.468096 -- INFO: Process Status Bits from change concurrency are: 1 1 1 1 1 1 1 1 1 1 1 1 1 1 1 1 1 0 0 0 0 0 0 0 0 0 0 0 0 0 0 0
1664818003.468109 -- INFO: Start Process :: 6
1664818003.469115 -- INFO: Start Process :: 4
1664818003.471370 -- INFO: Active CC: 17
1664818003.471436 -- INFO: Start Process :: 5
1664818003.472378 -- INFO: Start Process :: 8
1664818003.472742 -- INFO: Start Process :: 9
1664818003.472965 -- INFO: Start Process :: 12
1664818003.474955 -- INFO: Start Process :: 11
1664818003.474808 -- INFO: Start Process :: 7
1664818003.476508 -- INFO: Start Process :: 10
1664818003.476903 -- INFO: Start Process :: 13
1664818003.477552 -- INFO: Start Process :: 16
1664818003.477830 -- INFO: Start Process :: 14
1664818003.478028 -- INFO: Start Process :: 15
1664818003.508244 -- INFO: Process 6 get item 4 from queue and executing
1664818003.508710 -- INFO: starting 6, 4, /users/jamilm/files_to_Send/FILE2
1664818003.511106 -- INFO: Process 4 get item 5 from queue and executing
1664818003.511424 -- INFO: Process 5 get item 6 from queue and executing
1664818003.511517 -- INFO: starting 4, 5, /users/jamilm/files_to_Send/FILE1
1664818003.511776 -- INFO: starting 5, 6, /users/jamilm/files_to_Send/FILE0
1664818003.513090 -- INFO: Process 9 get item 7 from queue and executing
1664818003.513200 -- INFO: Process 8 get item 8 from queue and executing
1664818003.513477 -- INFO: starting 9, 7, /users/jamilm/files_to_Send/FILE3
1664818003.513735 -- INFO: starting 8, 8, /users/jamilm/files_to_Send/FILE2
1664818003.515184 -- INFO: Process 11 get item 9 from queue and executing
1664818003.515307 -- INFO: Process 12 get item 10 from queue and executing
1664818003.515503 -- INFO: starting 11, 9, /users/jamilm/files_to_Send/FILE1
1664818003.515774 -- INFO: starting 12, 10, /users/jamilm/files_to_Send/FILE0
1664818003.516447 -- INFO: Process 10 get item 11 from queue and executing
1664818003.516819 -- INFO: starting 10, 11, /users/jamilm/files_to_Send/FILE3
1664818003.517577 -- INFO: Process 7 get item 12 from queue and executing
1664818003.517979 -- INFO: Process 14 get item 13 from queue and executing
1664818003.518098 -- INFO: starting 7, 12, /users/jamilm/files_to_Send/FILE2
1664818003.518553 -- INFO: starting 14, 13, /users/jamilm/files_to_Send/FILE1
1664818003.519580 -- INFO: Process 15 get item 14 from queue and executing
1664818003.519865 -- INFO: Process 13 get item 15 from queue and executing
1664818003.519987 -- INFO: Process 16 get item 16 from queue and executing
1664818003.520028 -- INFO: starting 15, 14, /users/jamilm/files_to_Send/FILE0
1664818003.520332 -- INFO: starting 13, 15, /users/jamilm/files_to_Send/FILE3
1664818003.520477 -- INFO: starting 16, 16, /users/jamilm/files_to_Send/FILE2
1664818004.303695 -- INFO: Throughput @4.1s:1115.68Mbps, rtt :44.67ms cwnd: 597.5 lossRate: 0.0 CC:17 score:-797.0 
1664818005.303697 -- INFO: Throughput @5.1s:939.52Mbps, rtt :44.67ms cwnd: 597.5 lossRate: 0.0 CC:17 score:-671.0 
1664818006.306611 -- INFO: Throughput @6.1s:931.14Mbps, rtt :44.67ms cwnd: 597.5 lossRate: 0.0 CC:17 score:-665.0 
1664818006.672522 -- INFO: Iteration 2 Ends, Took 3.21 Seconds. Best Params: [4] and Score: -819.0.
1664818006.672638 -- INFO: Iteration 3 Starts ...
1664818006.673046 -- INFO: Changing concurrency to 3 ******
1664818006.674888 -- INFO: Process Status Bits from change concurrency are: 1 1 1 0 0 0 0 0 0 0 0 0 0 0 0 0 0 0 0 0 0 0 0 0 0 0 0 0 0 0 0 0
1664818006.676866 -- INFO: Active CC: 3
1664818007.306652 -- INFO: Throughput @7.1s:771.75Mbps, rtt :40.32ms cwnd: 1207.0 lossRate: 0 CC:3 score:-727.0 
1664818008.309358 -- INFO: Throughput @8.1s:931.14Mbps, rtt :40.66ms cwnd: 1258.0 lossRate: 0.0 CC:3 score:-877.0 
1664818009.311675 -- INFO: Throughput @9.1s:947.91Mbps, rtt :40.75ms cwnd: 1280.0 lossRate: 0.0 CC:3 score:-893.0 
1664818010.315698 -- INFO: Throughput @10.1s:939.52Mbps, rtt :41.21ms cwnd: 1280.0 lossRate: 0.0 CC:3 score:-885.0 
1664818010.410233 -- INFO: Iteration 3 Ends, Took 3.74 Seconds. Best Params: [3] and Score: -832.3333333333334.
1664818010.410346 -- INFO: Iteration 4 Starts ...
1664818010.410493 -- INFO: Changing concurrency to 1 ******
1664818010.422722 -- INFO: Process Status Bits from change concurrency are: 1 0 0 0 0 0 0 0 0 0 0 0 0 0 0 0 0 0 0 0 0 0 0 0 0 0 0 0 0 0 0 0
1664818010.435103 -- INFO: Active CC: 1
1664818011.318138 -- INFO: Throughput @11.1s:587.2Mbps, rtt :39.89ms cwnd: 2193.0 lossRate: 0 CC:1 score:-576.0 
1664818012.319703 -- INFO: Throughput @12.1s:587.2Mbps, rtt :39.25ms cwnd: 2193.0 lossRate: 0.0 CC:1 score:-576.0 
1664818013.322402 -- INFO: Throughput @13.1s:595.59Mbps, rtt :39.08ms cwnd: 2193.0 lossRate: 0.0 CC:1 score:-584.0 
1664818014.102171 -- INFO: Iteration 4 Ends, Took 3.69 Seconds. Best Params: [3] and Score: -832.3333333333334.
1664818014.102277 -- INFO: Iteration 5 Starts ...
1664818014.102940 -- INFO: Changing concurrency to 3 ******
1664818014.103505 -- INFO: Start Process :: 1
1664818014.103912 -- INFO: Start Process :: 2
1664818014.115902 -- INFO: Process Status Bits from change concurrency are: 1 1 1 0 0 0 0 0 0 0 0 0 0 0 0 0 0 0 0 0 0 0 0 0 0 0 0 0 0 0 0 0
1664818014.130097 -- INFO: Active CC: 3
1664818014.143533 -- INFO: Process 2 get item 17 from queue and executing
1664818014.143689 -- INFO: Process 1 get item 18 from queue and executing
1664818014.144266 -- INFO: starting 1, 18, /users/jamilm/files_to_Send/FILE0
1664818014.144495 -- INFO: starting 2, 17, /users/jamilm/files_to_Send/FILE1
1664818014.320503 -- INFO: Throughput @14.1s:587.2Mbps, rtt :39.27ms cwnd: 835.7 lossRate: 0.0 CC:3 score:-553.0 
1664818015.321374 -- INFO: Throughput @15.1s:947.91Mbps, rtt :41.26ms cwnd: 1516.3 lossRate: 0.0 CC:3 score:-893.0 
1664818016.320631 -- INFO: Throughput @16.1s:956.3Mbps, rtt :41.05ms cwnd: 1516.3 lossRate: 0.0 CC:3 score:-901.0 
1664818017.322501 -- INFO: Throughput @17.1s:939.52Mbps, rtt :41.35ms cwnd: 1516.3 lossRate: 0.0 CC:3 score:-885.0 
1664818017.481983 -- INFO: Iteration 5 Ends, Took 3.38 Seconds. Best Params: [3] and Score: -893.0.
1664818017.482329 -- INFO: Iteration 6 Starts ...
1664818017.482719 -- INFO: Changing concurrency to 32 ******
1664818017.485003 -- INFO: Process Status Bits from change concurrency are: 1 1 1 1 1 1 1 1 1 1 1 1 1 1 1 1 1 1 1 1 1 1 1 1 1 1 1 1 1 1 1 1
1664818017.485755 -- INFO: Active CC: 32
1664818017.485343 -- INFO: Start Process :: 4
1664818017.486074 -- INFO: Start Process :: 6
1664818017.487495 -- INFO: Start Process :: 5
1664818017.487505 -- INFO: Start Process :: 8
1664818017.487694 -- INFO: Start Process :: 13
1664818017.490683 -- INFO: Start Process :: 14
1664818017.491011 -- INFO: Start Process :: 7
1664818017.491152 -- INFO: Start Process :: 3
1664818017.491459 -- INFO: Start Process :: 11
1664818017.492558 -- INFO: Start Process :: 16
1664818017.492938 -- INFO: Start Process :: 9
1664818017.494143 -- INFO: Start Process :: 10
1664818017.494671 -- INFO: Start Process :: 12
1664818017.495641 -- INFO: Start Process :: 15
1664818017.497149 -- INFO: Start Process :: 26
1664818017.499205 -- INFO: Start Process :: 19
1664818017.499180 -- INFO: Start Process :: 17
1664818017.499440 -- INFO: Start Process :: 20
1664818017.500667 -- INFO: Start Process :: 21
1664818017.504152 -- INFO: Start Process :: 22
1664818017.503794 -- INFO: Start Process :: 25
1664818017.505536 -- INFO: Start Process :: 31
1664818017.505380 -- INFO: Start Process :: 30
1664818017.504844 -- INFO: Start Process :: 24
1664818017.508459 -- INFO: Start Process :: 28
1664818017.508497 -- INFO: Start Process :: 18
1664818017.508383 -- INFO: Start Process :: 23
1664818017.509093 -- INFO: Start Process :: 27
1664818017.512026 -- INFO: Start Process :: 29
1664818017.525915 -- INFO: Process 4 get item 19 from queue and executing
1664818017.526434 -- INFO: starting 4, 19, /users/jamilm/files_to_Send/FILE3
1664818017.527001 -- INFO: Process 6 get item 20 from queue and executing
1664818017.527623 -- INFO: starting 6, 20, /users/jamilm/files_to_Send/FILE2
1664818017.528403 -- INFO: Process 8 get item 21 from queue and executing
1664818017.528559 -- INFO: Process 13 get item 22 from queue and executing
1664818017.528667 -- INFO: Process 5 get item 23 from queue and executing
1664818017.528886 -- INFO: starting 8, 21, /users/jamilm/files_to_Send/FILE1
1664818017.529065 -- INFO: starting 13, 22, /users/jamilm/files_to_Send/FILE0
1664818017.529300 -- INFO: starting 5, 23, /users/jamilm/files_to_Send/FILE3
1664818017.531114 -- INFO: Process 14 get item 24 from queue and executing
1664818017.531534 -- INFO: Process 3 get item 25 from queue and executing
1664818017.531747 -- INFO: starting 14, 24, /users/jamilm/files_to_Send/FILE2
1664818017.532031 -- INFO: starting 3, 25, /users/jamilm/files_to_Send/FILE1
1664818017.532827 -- INFO: Process 16 get item 26 from queue and executing
1664818017.532909 -- INFO: Process 7 get item 27 from queue and executing
1664818017.533206 -- INFO: Process 9 get item 28 from queue and executing
1664818017.533396 -- INFO: starting 7, 27, /users/jamilm/files_to_Send/FILE3
1664818017.533437 -- INFO: starting 16, 26, /users/jamilm/files_to_Send/FILE0
1664818017.533437 -- INFO: Process 11 get item 29 from queue and executing
1664818017.533819 -- INFO: starting 9, 28, /users/jamilm/files_to_Send/FILE2
1664818017.534081 -- INFO: starting 11, 29, /users/jamilm/files_to_Send/FILE1
1664818017.534653 -- INFO: Process 10 get item 30 from queue and executing
1664818017.535220 -- INFO: starting 10, 30, /users/jamilm/files_to_Send/FILE0
1664818017.536715 -- INFO: Process 12 get item 31 from queue and executing
1664818017.537150 -- INFO: starting 12, 31, /users/jamilm/files_to_Send/FILE3
1664818017.538129 -- INFO: Process 26 get item 11 from queue and executing
1664818017.538543 -- INFO: starting 26, 11, /users/jamilm/files_to_Send/FILE3
1664818017.538734 -- INFO: Process 15 get item 15 from queue and executing
1664818017.539328 -- INFO: starting 15, 15, /users/jamilm/files_to_Send/FILE3
1664818017.539808 -- INFO: Process 17 get item 3 from queue and executing
1664818017.539929 -- INFO: Process 20 get item 6 from queue and executing
1664818017.540194 -- INFO: Process 19 get item 14 from queue and executing
1664818017.540281 -- INFO: starting 17, 3, /users/jamilm/files_to_Send/FILE3
1664818017.540405 -- INFO: starting 20, 6, /users/jamilm/files_to_Send/FILE0
1664818017.540519 -- INFO: starting 19, 14, /users/jamilm/files_to_Send/FILE0
1664818017.543402 -- INFO: Process 21 get item 16 from queue and executing
1664818017.543872 -- INFO: starting 21, 16, /users/jamilm/files_to_Send/FILE2
1664818017.544684 -- INFO: Process 22 get item 4 from queue and executing
1664818017.544892 -- INFO: Process 25 get item 9 from queue and executing
1664818017.545204 -- INFO: starting 22, 4, /users/jamilm/files_to_Send/FILE2
1664818017.545238 -- INFO: starting 25, 9, /users/jamilm/files_to_Send/FILE1
1664818017.545565 -- INFO: Process 31 get item 12 from queue and executing
1664818017.545685 -- INFO: Process 30 get item 10 from queue and executing
1664818017.546043 -- INFO: starting 30, 10, /users/jamilm/files_to_Send/FILE0
1664818017.546022 -- INFO: starting 31, 12, /users/jamilm/files_to_Send/FILE2
1664818017.546456 -- INFO: Process 24 get item 13 from queue and executing
1664818017.546914 -- INFO: starting 24, 13, /users/jamilm/files_to_Send/FILE1
1664818017.548522 -- INFO: Process 18 get item 7 from queue and executing
1664818017.548810 -- INFO: starting 18, 7, /users/jamilm/files_to_Send/FILE3
1664818017.549099 -- INFO: Process 28 get item 5 from queue and executing
1664818017.549512 -- INFO: starting 28, 5, /users/jamilm/files_to_Send/FILE1
1664818017.549952 -- INFO: Process 23 get item 8 from queue and executing
1664818017.550365 -- INFO: starting 23, 8, /users/jamilm/files_to_Send/FILE2
1664818017.551413 -- INFO: Process 27 get item 2 from queue and executing
1664818017.551831 -- INFO: starting 27, 2, /users/jamilm/files_to_Send/FILE0
1664818017.554330 -- INFO: Process 29 get item 1 from queue and executing
1664818017.554809 -- INFO: starting 29, 1, /users/jamilm/files_to_Send/FILE1
1664818018.316756 -- INFO: Throughput @18.1s:1090.52Mbps, rtt :45.38ms cwnd: 351.2 lossRate: 0.0 CC:32 score:-579.0 
1664818019.315482 -- INFO: Throughput @19.1s:956.3Mbps, rtt :45.3ms cwnd: 351.2 lossRate: 0.0 CC:32 score:-507.0 
1664818020.301694 -- INFO: episode expires
1664818021.089470 -- INFO: Iteration 6 Ends, Took 3.61 Seconds. Best Params: [3] and Score: -893.0.
1664818021.089773 -- INFO: Iteration 7 Starts ...
1664818021.090143 -- INFO: episode expires
1664818021.771312 -- INFO: Iteration 7 Ends, Took 0.68 Seconds. Best Params: [3] and Score: -893.0.
1664818021.771439 -- INFO: Bayseian Optimizer Exits ...
1664818022.014665 -- INFO: Throughput @0.1s:0.0Mbps, rtt :0.0ms cwnd: 0.0 lossRate: 0 CC:0 score:-0.0 
