1665031393.452258 -- INFO: Iteration 1 Starts ...
1665031393.453016 -- INFO: Changing concurrency to 28 ******
1665031393.453887 -- INFO: Process Status Bits from change concurrency are: 1 1 1 1 1 1 1 1 1 1 1 1 1 1 1 1 1 1 1 1 1 1 1 1 1 1 1 1 0 0 0 0
1665031393.454201 -- INFO: Active CC: 28
1665031393.454380 -- INFO: Start Process :: 0
1665031393.454628 -- INFO: Start Process :: 3
1665031393.454702 -- INFO: Start Process :: 1
1665031393.456315 -- INFO: Start Process :: 4
1665031393.456537 -- INFO: Start Process :: 2
1665031393.456939 -- INFO: Start Process :: 7
1665031393.457193 -- INFO: Start Process :: 5
1665031393.457619 -- INFO: Start Process :: 6
1665031393.457798 -- INFO: Start Process :: 9
1665031393.458075 -- INFO: Start Process :: 8
1665031393.459011 -- INFO: Start Process :: 11
1665031393.459203 -- INFO: Start Process :: 10
1665031393.459326 -- INFO: Start Process :: 12
1665031393.459816 -- INFO: Start Process :: 14
1665031393.460042 -- INFO: Start Process :: 17
1665031393.460612 -- INFO: Start Process :: 15
1665031393.461186 -- INFO: Start Process :: 13
1665031393.461355 -- INFO: Start Process :: 16
1665031393.461576 -- INFO: Start Process :: 18
1665031393.464969 -- INFO: Start Process :: 21
1665031393.465052 -- INFO: Start Process :: 20
1665031393.465458 -- INFO: Start Process :: 19
1665031393.465778 -- INFO: Start Process :: 24
1665031393.466189 -- INFO: Start Process :: 22
1665031393.466330 -- INFO: Start Process :: 23
1665031393.466848 -- INFO: Start Process :: 26
1665031393.466960 -- INFO: Start Process :: 25
1665031393.467394 -- INFO: Start Process :: 27
1665031393.489220 -- INFO: Process 3 get item 0 from queue and executing
1665031393.489420 -- INFO: starting 3, 0, /home/cc/files_to_send/FILE3
1665031393.489471 -- INFO: Process 0 get item 1 from queue and executing
1665031393.489639 -- INFO: starting 0, 1, /home/cc/files_to_send/FILE1
1665031393.490168 -- INFO: Process 1 get item 2 from queue and executing
1665031393.490271 -- INFO: Process 4 get item 3 from queue and executing
1665031393.490393 -- INFO: starting 1, 2, /home/cc/files_to_send/FILE0
1665031393.490463 -- INFO: starting 4, 3, /home/cc/files_to_send/FILE2
1665031393.490717 -- INFO: Process 7 get item 4 from queue and executing
1665031393.490881 -- INFO: starting 7, 4, /home/cc/files_to_send/FILE3
1665031393.491055 -- INFO: Process 5 get item 5 from queue and executing
1665031393.491191 -- INFO: Process 2 get item 6 from queue and executing
1665031393.491228 -- INFO: starting 5, 5, /home/cc/files_to_send/FILE1
1665031393.491426 -- INFO: starting 2, 6, /home/cc/files_to_send/FILE0
1665031393.491448 -- INFO: Process 9 get item 7 from queue and executing
1665031393.491616 -- INFO: starting 9, 7, /home/cc/files_to_send/FILE2
1665031393.491832 -- INFO: Process 8 get item 8 from queue and executing
1665031393.492016 -- INFO: Process 6 get item 9 from queue and executing
1665031393.492061 -- INFO: starting 8, 8, /home/cc/files_to_send/FILE3
1665031393.492186 -- INFO: starting 6, 9, /home/cc/files_to_send/FILE1
1665031393.492885 -- INFO: Process 12 get item 10 from queue and executing
1665031393.493037 -- INFO: starting 12, 10, /home/cc/files_to_send/FILE0
1665031393.493471 -- INFO: Process 11 get item 11 from queue and executing
1665031393.493575 -- INFO: Process 14 get item 12 from queue and executing
1665031393.493620 -- INFO: starting 11, 11, /home/cc/files_to_send/FILE2
1665031393.493615 -- INFO: Process 10 get item 13 from queue and executing
1665031393.493794 -- INFO: starting 14, 12, /home/cc/files_to_send/FILE3
1665031393.493812 -- INFO: starting 10, 13, /home/cc/files_to_send/FILE1
1665031393.494751 -- INFO: Process 13 get item 14 from queue and executing
1665031393.494906 -- INFO: starting 13, 14, /home/cc/files_to_send/FILE0
1665031393.494991 -- INFO: Process 15 get item 15 from queue and executing
1665031393.495084 -- INFO: Process 17 get item 16 from queue and executing
1665031393.495147 -- INFO: starting 15, 15, /home/cc/files_to_send/FILE2
1665031393.495238 -- INFO: starting 17, 16, /home/cc/files_to_send/FILE3
1665031393.495846 -- INFO: Process 18 get item 17 from queue and executing
1665031393.496006 -- INFO: starting 18, 17, /home/cc/files_to_send/FILE1
1665031393.496351 -- INFO: Process 16 get item 18 from queue and executing
1665031393.496539 -- INFO: starting 16, 18, /home/cc/files_to_send/FILE0
1665031393.498624 -- INFO: Process 21 get item 19 from queue and executing
1665031393.498799 -- INFO: starting 21, 19, /home/cc/files_to_send/FILE2
1665031393.499132 -- INFO: Process 19 get item 20 from queue and executing
1665031393.499300 -- INFO: starting 19, 20, /home/cc/files_to_send/FILE3
1665031393.499451 -- INFO: Process 20 get item 21 from queue and executing
1665031393.499619 -- INFO: starting 20, 21, /home/cc/files_to_send/FILE1
1665031393.500087 -- INFO: Process 23 get item 22 from queue and executing
1665031393.500244 -- INFO: starting 23, 22, /home/cc/files_to_send/FILE0
1665031393.500529 -- INFO: Process 22 get item 23 from queue and executing
1665031393.500687 -- INFO: starting 22, 23, /home/cc/files_to_send/FILE2
1665031393.500754 -- INFO: Process 25 get item 24 from queue and executing
1665031393.500909 -- INFO: starting 25, 24, /home/cc/files_to_send/FILE3
1665031393.500906 -- INFO: Process 24 get item 25 from queue and executing
1665031393.501069 -- INFO: starting 24, 25, /home/cc/files_to_send/FILE1
1665031393.501367 -- INFO: Process 26 get item 26 from queue and executing
1665031393.501509 -- INFO: starting 26, 26, /home/cc/files_to_send/FILE0
1665031393.502425 -- INFO: Process 27 get item 27 from queue and executing
1665031393.502786 -- INFO: starting 27, 27, /home/cc/files_to_send/FILE2
1665031393.506630 -- INFO: Throughput @0.1s:0.0Mbps, rtt :33.52ms cwnd: 10.0 lossRate: 0.0 CC:28 score:-0.0 
1665031394.505288 -- INFO: Throughput @1.1s:7189.04Mbps, rtt :44.35ms cwnd: 1248.9 lossRate: 0.00018788680791651346 CC:28 score:-4116.0 
1665031395.509336 -- INFO: Throughput @2.1s:8816.43Mbps, rtt :41.41ms cwnd: 1170.5 lossRate: 0.00014085174498199203 CC:28 score:-5052.0 
1665031396.509790 -- INFO: Throughput @3.1s:8799.65Mbps, rtt :47.19ms cwnd: 1217.0 lossRate: 1.705329548376264e-05 CC:28 score:-5053.0 
1665031396.655682 -- INFO: Iteration 1 Ends, Took 3.2 Seconds. Best Params: [28] and Score: -4740.333333333333.
1665031396.655815 -- INFO: Iteration 2 Starts ...
1665031396.656216 -- INFO: Changing concurrency to 4 ******
1665031396.656548 -- INFO: Process Status Bits from change concurrency are: 1 1 1 1 0 0 0 0 0 0 0 0 0 0 0 0 0 0 0 0 0 0 0 0 0 0 0 0 0 0 0 0
1665031396.656919 -- INFO: Active CC: 4
1665031397.507825 -- INFO: Throughput @4.1s:3229.61Mbps, rtt :34.64ms cwnd: 1549.5 lossRate: 0 CC:4 score:-2984.0 
1665031398.508803 -- INFO: Throughput @5.1s:2021.65Mbps, rtt :34.63ms cwnd: 1553.8 lossRate: 0.0 CC:4 score:-1868.0 
1665031399.509913 -- INFO: Throughput @6.1s:2030.04Mbps, rtt :34.81ms cwnd: 1558.0 lossRate: 0.0 CC:4 score:-1875.0 
1665031399.857637 -- INFO: Iteration 2 Ends, Took 3.2 Seconds. Best Params: [28] and Score: -4740.333333333333.
1665031399.857747 -- INFO: Iteration 3 Starts ...
1665031399.858055 -- INFO: Changing concurrency to 13 ******
1665031399.858659 -- INFO: Start Process :: 6
1665031399.858770 -- INFO: Start Process :: 4
1665031399.858874 -- INFO: Start Process :: 9
1665031399.858981 -- INFO: Start Process :: 7
1665031399.859082 -- INFO: Start Process :: 11
1665031399.859164 -- INFO: Start Process :: 12
1665031399.859267 -- INFO: Start Process :: 5
1665031399.859310 -- INFO: Process Status Bits from change concurrency are: 1 1 1 1 1 1 1 1 1 1 1 1 1 0 0 0 0 0 0 0 0 0 0 0 0 0 0 0 0 0 0 0
1665031399.859347 -- INFO: Start Process :: 8
1665031399.859524 -- INFO: Start Process :: 10
1665031399.860306 -- INFO: Active CC: 13
1665031399.892142 -- INFO: Process 6 get item 28 from queue and executing
1665031399.892388 -- INFO: starting 6, 28, /home/cc/files_to_send/FILE3
1665031399.892644 -- INFO: Process 9 get item 29 from queue and executing
1665031399.892910 -- INFO: starting 9, 29, /home/cc/files_to_send/FILE1
1665031399.892979 -- INFO: Process 4 get item 30 from queue and executing
1665031399.893061 -- INFO: Process 5 get item 31 from queue and executing
1665031399.893199 -- INFO: starting 4, 30, /home/cc/files_to_send/FILE0
1665031399.893260 -- INFO: starting 5, 31, /home/cc/files_to_send/FILE2
1665031399.893509 -- INFO: Process 11 get item 32 from queue and executing
1665031399.893600 -- INFO: Process 12 get item 33 from queue and executing
1665031399.893704 -- INFO: starting 11, 32, /home/cc/files_to_send/FILE3
1665031399.893820 -- INFO: starting 12, 33, /home/cc/files_to_send/FILE1
1665031399.894137 -- INFO: Process 10 get item 34 from queue and executing
1665031399.894381 -- INFO: starting 10, 34, /home/cc/files_to_send/FILE0
1665031399.894464 -- INFO: Process 7 get item 35 from queue and executing
1665031399.894674 -- INFO: starting 7, 35, /home/cc/files_to_send/FILE2
1665031399.894903 -- INFO: Process 8 get item 36 from queue and executing
1665031399.895144 -- INFO: starting 8, 36, /home/cc/files_to_send/FILE3
1665031400.511370 -- INFO: Throughput @7.1s:2667.58Mbps, rtt :34.13ms cwnd: 776.2 lossRate: 4.065481352992194e-05 CC:13 score:-2061.0 
1665031401.512965 -- INFO: Throughput @8.1s:4026.53Mbps, rtt :34.99ms cwnd: 1219.7 lossRate: 2.533227500717748e-05 CC:13 score:-3112.0 
1665031402.512763 -- INFO: Throughput @9.1s:5377.1Mbps, rtt :34.41ms cwnd: 1271.8 lossRate: 8.833636765165307e-05 CC:13 score:-4152.0 
1665031403.260598 -- INFO: Iteration 3 Ends, Took 3.4 Seconds. Best Params: [28] and Score: -4740.333333333333.
1665031403.260705 -- INFO: Iteration 4 Starts ...
1665031403.261378 -- INFO: Changing concurrency to 28 ******
1665031403.262470 -- INFO: Start Process :: 18
1665031403.262609 -- INFO: Process Status Bits from change concurrency are: 1 1 1 1 1 1 1 1 1 1 1 1 1 1 1 1 1 1 1 1 1 1 1 1 1 1 1 1 0 0 0 0
1665031403.262771 -- INFO: Start Process :: 19
1665031403.262707 -- INFO: Start Process :: 17
1665031403.262912 -- INFO: Active CC: 28
1665031403.263021 -- INFO: Start Process :: 21
1665031403.263267 -- INFO: Start Process :: 16
1665031403.263258 -- INFO: Start Process :: 15
1665031403.263201 -- INFO: Start Process :: 20
1665031403.263412 -- INFO: Start Process :: 26
1665031403.263523 -- INFO: Start Process :: 14
1665031403.263629 -- INFO: Start Process :: 24
1665031403.263843 -- INFO: Start Process :: 23
1665031403.263812 -- INFO: Start Process :: 22
1665031403.264045 -- INFO: Start Process :: 27
1665031403.264541 -- INFO: Start Process :: 25
1665031403.264573 -- INFO: Start Process :: 13
1665031403.296338 -- INFO: Process 17 get item 37 from queue and executing
1665031403.296391 -- INFO: Process 19 get item 38 from queue and executing
1665031403.296621 -- INFO: starting 19, 38, /home/cc/files_to_send/FILE0
1665031403.296675 -- INFO: starting 17, 37, /home/cc/files_to_send/FILE1
1665031403.296774 -- INFO: Process 21 get item 39 from queue and executing
1665031403.297038 -- INFO: Process 18 get item 40 from queue and executing
1665031403.297047 -- INFO: starting 21, 39, /home/cc/files_to_send/FILE2
1665031403.297246 -- INFO: Process 14 get item 41 from queue and executing
1665031403.297252 -- INFO: starting 18, 40, /home/cc/files_to_send/FILE3
1665031403.297390 -- INFO: Process 16 get item 42 from queue and executing
1665031403.297570 -- INFO: Process 22 get item 43 from queue and executing
1665031403.297601 -- INFO: Process 26 get item 44 from queue and executing
1665031403.297704 -- INFO: starting 16, 42, /home/cc/files_to_send/FILE0
1665031403.297702 -- INFO: starting 14, 41, /home/cc/files_to_send/FILE1
1665031403.297724 -- INFO: Process 23 get item 45 from queue and executing
1665031403.297943 -- INFO: starting 22, 43, /home/cc/files_to_send/FILE2
1665031403.297951 -- INFO: starting 26, 44, /home/cc/files_to_send/FILE3
1665031403.297961 -- INFO: Process 20 get item 46 from queue and executing
1665031403.298041 -- INFO: Process 24 get item 47 from queue and executing
1665031403.298151 -- INFO: starting 23, 45, /home/cc/files_to_send/FILE1
1665031403.298170 -- INFO: Process 15 get item 48 from queue and executing
1665031403.298286 -- INFO: starting 20, 46, /home/cc/files_to_send/FILE0
1665031403.298324 -- INFO: starting 24, 47, /home/cc/files_to_send/FILE2
1665031403.298330 -- INFO: Process 27 get item 49 from queue and executing
1665031403.298469 -- INFO: starting 15, 48, /home/cc/files_to_send/FILE3
1665031403.298628 -- INFO: starting 27, 49, /home/cc/files_to_send/FILE1
1665031403.298920 -- INFO: Process 25 get item 50 from queue and executing
1665031403.299198 -- INFO: starting 25, 50, /home/cc/files_to_send/FILE0
1665031403.299727 -- INFO: Process 13 get item 51 from queue and executing
1665031403.300076 -- INFO: starting 13, 51, /home/cc/files_to_send/FILE2
1665031403.513960 -- INFO: Throughput @10.1s:5427.43Mbps, rtt :36.02ms cwnd: 658.8 lossRate: 0.00016471144072663753 CC:28 score:-3108.0 
1665031404.516100 -- INFO: Throughput @11.1s:6794.77Mbps, rtt :35.22ms cwnd: 854.5 lossRate: 1.19496951974175e-05 CC:28 score:-3902.0 
1665031405.516953 -- INFO: Throughput @12.1s:8363.44Mbps, rtt :44.99ms cwnd: 1224.2 lossRate: 0.0 CC:28 score:-4804.0 
1665031406.518442 -- INFO: Throughput @13.1s:8547.99Mbps, rtt :42.92ms cwnd: 1199.2 lossRate: 4.459206369368225e-05 CC:28 score:-4906.0 
1665031406.542226 -- INFO: Iteration 4 Ends, Took 3.28 Seconds. Best Params: [28] and Score: -4740.333333333333.
1665031406.542361 -- INFO: Iteration 5 Starts ...
1665031406.542504 -- INFO: Changing concurrency to 32 ******
1665031406.542828 -- INFO: Process Status Bits from change concurrency are: 1 1 1 1 1 1 1 1 1 1 1 1 1 1 1 1 1 1 1 1 1 1 1 1 1 1 1 1 1 1 1 1
1665031406.542934 -- INFO: Active CC: 32
1665031406.544236 -- INFO: Start Process :: 29
1665031406.544466 -- INFO: Start Process :: 31
1665031406.547286 -- INFO: Start Process :: 30
1665031406.548202 -- INFO: Start Process :: 28
1665031406.583941 -- INFO: Process 31 get item 52 from queue and executing
1665031406.584130 -- INFO: starting 31, 52, /home/cc/files_to_send/FILE3
1665031406.584623 -- INFO: Process 29 get item 53 from queue and executing
1665031406.584803 -- INFO: starting 29, 53, /home/cc/files_to_send/FILE1
1665031406.587757 -- INFO: Process 28 get item 54 from queue and executing
1665031406.588070 -- INFO: starting 28, 54, /home/cc/files_to_send/FILE0
1665031406.588492 -- INFO: Process 30 get item 55 from queue and executing
1665031406.588788 -- INFO: starting 30, 55, /home/cc/files_to_send/FILE2
1665031407.134170 -- INFO: Process 3 finished on working on file 0 
1665031407.134600 -- INFO: Process 3 get item 56 from queue and executing
1665031407.134823 -- INFO: starting 3, 56, /home/cc/files_to_send/FILE3
1665031407.518456 -- INFO: Throughput @14.1s:8478.15Mbps, rtt :42.96ms cwnd: 1064.7 lossRate: 4.565331975723501e-05 CC:32 score:-4495.0 
1665031407.961434 -- INFO: Process 1 finished on working on file 2 
1665031407.961837 -- INFO: Process 1 get item 57 from queue and executing
1665031407.962067 -- INFO: starting 1, 57, /home/cc/files_to_send/FILE1
1665031408.519283 -- INFO: Throughput @15.1s:8905.97Mbps, rtt :46.99ms cwnd: 1249.4 lossRate: 0.0 CC:32 score:-4726.0 
1665031408.531566 -- INFO: Process 2 finished on working on file 6 
1665031408.532066 -- INFO: Process 2 get item 58 from queue and executing
1665031408.532340 -- INFO: starting 2, 58, /home/cc/files_to_send/FILE0
1665031409.520605 -- INFO: Throughput @16.1s:9040.19Mbps, rtt :49.44ms cwnd: 1264.4 lossRate: 1.2817259208559879e-05 CC:32 score:-4796.0 
1665031409.817177 -- INFO: Iteration 5 Ends, Took 3.27 Seconds. Best Params: [28] and Score: -4740.333333333333.
1665031409.817304 -- INFO: Iteration 6 Starts ...
1665031409.817496 -- INFO: Changing concurrency to 32 ******
1665031409.817600 -- INFO: Process Status Bits from change concurrency are: 1 1 1 1 1 1 1 1 1 1 1 1 1 1 1 1 1 1 1 1 1 1 1 1 1 1 1 1 1 1 1 1
1665031409.817702 -- INFO: Active CC: 32
1665031410.520893 -- INFO: Throughput @17.1s:8984.2Mbps, rtt :44.42ms cwnd: 1168.8 lossRate: 0.0008173646908899091 CC:32 score:-4694.0 
1665031411.523301 -- INFO: Throughput @18.1s:8623.49Mbps, rtt :52.67ms cwnd: 1229.9 lossRate: 0.0 CC:32 score:-4576.0 
1665031412.524015 -- INFO: Throughput @19.1s:8757.71Mbps, rtt :43.83ms cwnd: 1049.5 lossRate: 0.0003882562491244221 CC:32 score:-4613.0 
1665031413.092002 -- INFO: Iteration 6 Ends, Took 3.27 Seconds. Best Params: [28] and Score: -4740.333333333333.
1665031413.092110 -- INFO: Iteration 7 Starts ...
1665031413.092296 -- INFO: Changing concurrency to 32 ******
1665031413.092398 -- INFO: Process Status Bits from change concurrency are: 1 1 1 1 1 1 1 1 1 1 1 1 1 1 1 1 1 1 1 1 1 1 1 1 1 1 1 1 1 1 1 1
1665031413.092496 -- INFO: Active CC: 32
1665031413.524800 -- INFO: Throughput @20.1s:8791.26Mbps, rtt :45.06ms cwnd: 1114.2 lossRate: 0.0 CC:32 score:-4665.0 
1665031414.525966 -- INFO: Throughput @21.1s:8942.26Mbps, rtt :45.95ms cwnd: 1154.2 lossRate: 7.770541101629612e-06 CC:32 score:-4744.0 
1665031415.355394 -- INFO: Process 7 finished on working on file 35 
1665031415.356007 -- INFO: Process 7 get item 59 from queue and executing
1665031415.356200 -- INFO: starting 7, 59, /home/cc/files_to_send/FILE2
1665031415.404356 -- INFO: Process 5 finished on working on file 31 
1665031415.404852 -- INFO: Process 5 get item 60 from queue and executing
1665031415.404975 -- INFO: starting 5, 60, /home/cc/files_to_send/FILE3
1665031415.527361 -- INFO: Throughput @22.1s:8458.64Mbps, rtt :53.23ms cwnd: 1205.7 lossRate: 0.0 CC:32 score:-4488.0 
1665031416.373804 -- INFO: Iteration 7 Ends, Took 3.28 Seconds. Best Params: [28] and Score: -4740.333333333333.
1665031416.373935 -- INFO: Iteration 8 Starts ...
1665031416.374127 -- INFO: Changing concurrency to 32 ******
1665031416.374231 -- INFO: Process Status Bits from change concurrency are: 1 1 1 1 1 1 1 1 1 1 1 1 1 1 1 1 1 1 1 1 1 1 1 1 1 1 1 1 1 1 1 1
1665031416.374334 -- INFO: Active CC: 32
1665031416.528082 -- INFO: Throughput @23.1s:8363.44Mbps, rtt :50.22ms cwnd: 1129.5 lossRate: 0.00012930656919083285 CC:32 score:-4427.0 
1665031417.529144 -- INFO: Throughput @24.1s:8363.44Mbps, rtt :53.09ms cwnd: 1193.3 lossRate: 0.0 CC:32 score:-4438.0 
1665031418.531094 -- INFO: Throughput @25.1s:8673.82Mbps, rtt :52.0ms cwnd: 1244.1 lossRate: 3.461326992892298e-05 CC:32 score:-4600.0 
1665031419.535386 -- INFO: Throughput @26.1s:8589.93Mbps, rtt :35.5ms cwnd: 731.2 lossRate: 0.0004898093585143821 CC:32 score:-4516.0 
1665031419.657921 -- INFO: Iteration 8 Ends, Took 3.28 Seconds. Best Params: [28] and Score: -4740.333333333333.
1665031419.658037 -- INFO: Iteration 9 Starts ...
1665031419.658220 -- INFO: Changing concurrency to 32 ******
1665031419.658325 -- INFO: Process Status Bits from change concurrency are: 1 1 1 1 1 1 1 1 1 1 1 1 1 1 1 1 1 1 1 1 1 1 1 1 1 1 1 1 1 1 1 1
1665031419.658426 -- INFO: Active CC: 32
1665031419.808722 -- INFO: Process 8 finished on working on file 36 
1665031419.809533 -- INFO: Process 8 get item 61 from queue and executing
1665031419.809869 -- INFO: starting 8, 61, /home/cc/files_to_send/FILE1
1665031420.534217 -- INFO: Throughput @27.1s:7714.79Mbps, rtt :36.86ms cwnd: 748.7 lossRate: 9.795692005358996e-05 CC:32 score:-4086.0 
1665031421.536716 -- INFO: Throughput @28.1s:8027.9Mbps, rtt :35.08ms cwnd: 798.1 lossRate: 0.0 CC:32 score:-4260.0 
1665031422.535653 -- INFO: Throughput @29.1s:7994.34Mbps, rtt :34.0ms cwnd: 756.8 lossRate: 9.030042368376209e-05 CC:32 score:-4235.0 
1665031423.066623 -- INFO: Iteration 9 Ends, Took 3.41 Seconds. Best Params: [28] and Score: -4740.333333333333.
1665031423.066744 -- INFO: Iteration 10 Starts ...
1665031423.066946 -- INFO: Changing concurrency to 32 ******
1665031423.067054 -- INFO: Process Status Bits from change concurrency are: 1 1 1 1 1 1 1 1 1 1 1 1 1 1 1 1 1 1 1 1 1 1 1 1 1 1 1 1 1 1 1 1
1665031423.067161 -- INFO: Active CC: 32
1665031423.536856 -- INFO: Throughput @30.1s:8153.73Mbps, rtt :34.12ms cwnd: 785.4 lossRate: 0.0 CC:32 score:-4327.0 
1665031424.247709 -- INFO: Process 24 finished on working on file 47 
1665031424.248548 -- INFO: Process 24 get item 62 from queue and executing
1665031424.248835 -- INFO: starting 24, 62, /home/cc/files_to_send/FILE0
1665031424.315078 -- INFO: Process 17 finished on working on file 37 
1665031424.315680 -- INFO: Process 17 get item 63 from queue and executing
1665031424.315825 -- INFO: starting 17, 63, /home/cc/files_to_send/FILE2
1665031424.538156 -- INFO: Throughput @31.1s:8374.76Mbps, rtt :35.01ms cwnd: 805.8 lossRate: 0.0 CC:32 score:-4444.0 
1665031424.630159 -- INFO: Process 29 finished on working on file 53 
1665031424.631109 -- INFO: Process 29 get item 64 from queue and executing
1665031424.631480 -- INFO: starting 29, 64, /home/cc/files_to_send/FILE3
1665031425.139577 -- INFO: Process 21 finished on working on file 39 
1665031425.140169 -- INFO: Process 21 get item 65 from queue and executing
1665031425.140288 -- INFO: starting 21, 65, /home/cc/files_to_send/FILE1
1665031425.313591 -- INFO: Process 13 finished on working on file 51 
1665031425.314276 -- INFO: Process 13 get item 66 from queue and executing
1665031425.314566 -- INFO: starting 13, 66, /home/cc/files_to_send/FILE0
1665031425.541008 -- INFO: Throughput @32.1s:7935.82Mbps, rtt :34.33ms cwnd: 729.5 lossRate: 0.00013590351727070664 CC:32 score:-4200.0 
1665031426.373906 -- INFO: Iteration 10 Ends, Took 3.31 Seconds. Best Params: [28] and Score: -4740.333333333333.
1665031426.374026 -- INFO: Iteration 11 Starts ...
1665031426.374181 -- INFO: Changing concurrency to 32 ******
1665031426.374298 -- INFO: Process Status Bits from change concurrency are: 1 1 1 1 1 1 1 1 1 1 1 1 1 1 1 1 1 1 1 1 1 1 1 1 1 1 1 1 1 1 1 1
1665031426.374402 -- INFO: Active CC: 32
1665031426.539643 -- INFO: Throughput @33.1s:7667.19Mbps, rtt :34.0ms cwnd: 692.3 lossRate: 0.00010487278475240903 CC:32 score:-4060.0 
1665031427.097223 -- INFO: Process 30 finished on working on file 55 
1665031427.098351 -- INFO: Process 30 get item 67 from queue and executing
1665031427.098824 -- INFO: starting 30, 67, /home/cc/files_to_send/FILE2
1665031427.542940 -- INFO: Throughput @34.1s:7513.46Mbps, rtt :34.99ms cwnd: 719.2 lossRate: 0.0 CC:32 score:-3987.0 
1665031427.885826 -- INFO: Process 31 finished on working on file 52 
1665031427.886400 -- INFO: Process 31 get item 68 from queue and executing
1665031427.886639 -- INFO: starting 31, 68, /home/cc/files_to_send/FILE3
1665031428.546469 -- INFO: Throughput @35.1s:7572.18Mbps, rtt :34.32ms cwnd: 713.6 lossRate: 5.3738428964706136e-05 CC:32 score:-4014.0 
1665031429.545213 -- INFO: Throughput @36.1s:7700.74Mbps, rtt :34.67ms cwnd: 734.0 lossRate: 0.0 CC:32 score:-4086.0 
1665031429.664409 -- INFO: Iteration 11 Ends, Took 3.29 Seconds. Best Params: [28] and Score: -4740.333333333333.
1665031429.664520 -- INFO: Iteration 12 Starts ...
1665031429.664723 -- INFO: Changing concurrency to 32 ******
1665031429.664832 -- INFO: Process Status Bits from change concurrency are: 1 1 1 1 1 1 1 1 1 1 1 1 1 1 1 1 1 1 1 1 1 1 1 1 1 1 1 1 1 1 1 1
1665031429.664936 -- INFO: Active CC: 32
1665031430.122958 -- INFO: Process 4 finished on working on file 30 
1665031430.123830 -- INFO: Process 4 get item 69 from queue and executing
1665031430.124174 -- INFO: starting 4, 69, /home/cc/files_to_send/FILE1
1665031430.545405 -- INFO: Throughput @37.1s:7857.39Mbps, rtt :34.32ms cwnd: 751.0 lossRate: 0.0 CC:32 score:-4169.0 
1665031430.631490 -- INFO: Process 27 finished on working on file 49 
1665031430.632369 -- INFO: Process 27 get item 70 from queue and executing
1665031430.632651 -- INFO: starting 27, 70, /home/cc/files_to_send/FILE0
1665031430.710043 -- INFO: Process 23 finished on working on file 45 
1665031430.710815 -- INFO: Process 23 get item 71 from queue and executing
1665031430.711075 -- INFO: starting 23, 71, /home/cc/files_to_send/FILE2
1665031431.509570 -- INFO: Process 25 finished on working on file 50 
1665031431.510385 -- INFO: Process 25 get item 72 from queue and executing
1665031431.510738 -- INFO: starting 25, 72, /home/cc/files_to_send/FILE3
1665031431.547865 -- INFO: Throughput @38.1s:7994.54Mbps, rtt :34.18ms cwnd: 767.7 lossRate: 0.0 CC:32 score:-4242.0 
1665031431.851856 -- INFO: Process 28 finished on working on file 54 
1665031431.852494 -- INFO: Process 28 get item 73 from queue and executing
1665031431.852938 -- INFO: starting 28, 73, /home/cc/files_to_send/FILE1
1665031432.253646 -- INFO: Process 18 finished on working on file 40 
1665031432.254256 -- INFO: Process 18 get item 74 from queue and executing
1665031432.254494 -- INFO: starting 18, 74, /home/cc/files_to_send/FILE0
1665031432.530292 -- INFO: Process 20 finished on working on file 46 
1665031432.531407 -- INFO: Process 20 get item 75 from queue and executing
1665031432.531697 -- INFO: starting 20, 75, /home/cc/files_to_send/FILE2
1665031432.549711 -- INFO: Throughput @39.1s:8279.75Mbps, rtt :34.12ms cwnd: 788.2 lossRate: 0.0 CC:32 score:-4394.0 
1665031433.002839 -- INFO: Iteration 12 Ends, Took 3.34 Seconds. Best Params: [28] and Score: -4740.333333333333.
1665031433.002945 -- INFO: Iteration 13 Starts ...
1665031433.003110 -- INFO: Changing concurrency to 26 ******
1665031433.003211 -- INFO: Process Status Bits from change concurrency are: 1 1 1 1 1 1 1 1 1 1 1 1 1 1 1 1 1 1 1 1 1 1 1 1 1 1 0 0 0 0 0 0
1665031433.003310 -- INFO: Active CC: 26
1665031433.550340 -- INFO: Throughput @40.1s:7507.8Mbps, rtt :33.89ms cwnd: 780.7 lossRate: 0 CC:26 score:-4487.0 
1665031434.550761 -- INFO: Throughput @41.1s:6761.22Mbps, rtt :34.27ms cwnd: 810.7 lossRate: 0.0 CC:26 score:-4040.0 
1665031434.953890 -- INFO: Process 10 finished on working on file 34 
1665031434.954306 -- INFO: Process 10 get item 76 from queue and executing
1665031434.954485 -- INFO: starting 10, 76, /home/cc/files_to_send/FILE3
1665031435.553084 -- INFO: Throughput @42.1s:7094.03Mbps, rtt :34.77ms cwnd: 845.9 lossRate: 0.0 CC:26 score:-4239.0 
1665031436.168538 -- INFO: Process 8 finished on working on file 61 
1665031436.169181 -- INFO: Process 8 get item 77 from queue and executing
1665031436.169386 -- INFO: starting 8, 77, /home/cc/files_to_send/FILE1
1665031436.333710 -- INFO: Iteration 13 Ends, Took 3.33 Seconds. Best Params: [28] and Score: -4740.333333333333.
1665031436.333807 -- INFO: Iteration 14 Starts ...
1665031436.334001 -- INFO: Changing concurrency to 32 ******
1665031436.334484 -- INFO: Process Status Bits from change concurrency are: 1 1 1 1 1 1 1 1 1 1 1 1 1 1 1 1 1 1 1 1 1 1 1 1 1 1 1 1 1 1 1 1
1665031436.334589 -- INFO: Active CC: 32
1665031436.334777 -- INFO: Start Process :: 31
1665031436.334936 -- INFO: Start Process :: 29
1665031436.335135 -- INFO: Start Process :: 28
1665031436.335321 -- INFO: Start Process :: 30
1665031436.335350 -- INFO: Start Process :: 27
1665031436.337017 -- INFO: Start Process :: 26
1665031436.369261 -- INFO: Process 29 get item 78 from queue and executing
1665031436.369474 -- INFO: starting 29, 78, /home/cc/files_to_send/FILE0
1665031436.369779 -- INFO: Process 31 get item 79 from queue and executing
1665031436.369893 -- INFO: Process 30 get item 80 from queue and executing
1665031436.369931 -- INFO: starting 31, 79, /home/cc/files_to_send/FILE2
1665031436.370271 -- INFO: starting 30, 80, /home/cc/files_to_send/FILE3
1665031436.370377 -- INFO: Process 28 get item 81 from queue and executing
1665031436.370573 -- INFO: starting 28, 81, /home/cc/files_to_send/FILE1
1665031436.371105 -- INFO: Process 27 get item 82 from queue and executing
1665031436.371406 -- INFO: starting 27, 82, /home/cc/files_to_send/FILE0
1665031436.371866 -- INFO: Process 26 get item 83 from queue and executing
1665031436.372257 -- INFO: starting 26, 83, /home/cc/files_to_send/FILE2
1665031436.551276 -- INFO: Throughput @43.1s:7538.63Mbps, rtt :35.34ms cwnd: 773.5 lossRate: 4.662946671433235e-06 CC:32 score:-4000.0 
1665031437.555963 -- INFO: Throughput @44.1s:8816.43Mbps, rtt :40.51ms cwnd: 1005.2 lossRate: 0.0001235566630856911 CC:32 score:-4667.0 
1665031438.555499 -- INFO: Throughput @45.1s:8791.26Mbps, rtt :43.1ms cwnd: 1038.8 lossRate: 2.9066272422317085e-05 CC:32 score:-4662.0 
1665031438.593679 -- INFO: Process 22 finished on working on file 43 
1665031438.594429 -- INFO: Process 22 get item 84 from queue and executing
1665031438.594718 -- INFO: starting 22, 84, /home/cc/files_to_send/FILE3
1665031439.396437 -- INFO: Process 15 finished on working on file 48 
1665031439.397146 -- INFO: Process 15 get item 85 from queue and executing
1665031439.397390 -- INFO: starting 15, 85, /home/cc/files_to_send/FILE1
1665031439.556615 -- INFO: Throughput @46.1s:8399.92Mbps, rtt :35.85ms cwnd: 832.3 lossRate: 0.002001788004819839 CC:32 score:-4289.0 
1665031439.668647 -- INFO: Iteration 14 Ends, Took 3.33 Seconds. Best Params: [28] and Score: -4740.333333333333.
1665031439.668736 -- INFO: Iteration 15 Starts ...
1665031439.668937 -- INFO: Changing concurrency to 32 ******
1665031439.669036 -- INFO: Process Status Bits from change concurrency are: 1 1 1 1 1 1 1 1 1 1 1 1 1 1 1 1 1 1 1 1 1 1 1 1 1 1 1 1 1 1 1 1
1665031439.669136 -- INFO: Active CC: 32
1665031440.556559 -- INFO: Throughput @47.1s:8791.26Mbps, rtt :37.06ms cwnd: 902.8 lossRate: 0.0 CC:32 score:-4665.0 
1665031440.764307 -- INFO: Process 1 finished on working on file 57 
1665031440.764735 -- INFO: Process 1 get item 86 from queue and executing
1665031440.764854 -- INFO: starting 1, 86, /home/cc/files_to_send/FILE0
1665031441.559240 -- INFO: Throughput @48.1s:8864.03Mbps, rtt :41.81ms cwnd: 960.6 lossRate: 0.0 CC:32 score:-4704.0 
1665031442.325145 -- INFO: Process 3 finished on working on file 56 
1665031442.325693 -- INFO: Process 3 get item 87 from queue and executing
1665031442.325820 -- INFO: starting 3, 87, /home/cc/files_to_send/FILE2
1665031442.489512 -- INFO: Process 5 finished on working on file 60 
1665031442.489992 -- INFO: Process 5 get item 88 from queue and executing
1665031442.490145 -- INFO: starting 5, 88, /home/cc/files_to_send/FILE3
1665031442.562104 -- INFO: Throughput @49.1s:8458.64Mbps, rtt :46.02ms cwnd: 1000.2 lossRate: 0.0 CC:32 score:-4488.0 
1665031442.909262 -- INFO: Process 9 finished on working on file 29 
1665031442.910342 -- INFO: Process 9 get item 89 from queue and executing
1665031442.910556 -- INFO: starting 9, 89, /home/cc/files_to_send/FILE1
1665031442.993833 -- INFO: Iteration 15 Ends, Took 3.32 Seconds. Best Params: [28] and Score: -4740.333333333333.
1665031442.993969 -- INFO: Iteration 16 Starts ...
1665031442.994175 -- INFO: Changing concurrency to 32 ******
1665031442.994277 -- INFO: Process Status Bits from change concurrency are: 1 1 1 1 1 1 1 1 1 1 1 1 1 1 1 1 1 1 1 1 1 1 1 1 1 1 1 1 1 1 1 1
1665031442.994378 -- INFO: Active CC: 32
1665031443.562429 -- INFO: Throughput @50.1s:8385.88Mbps, rtt :43.43ms cwnd: 1027.5 lossRate: 0.0 CC:32 score:-4450.0 
1665031443.968753 -- INFO: Process 0 finished on working on file 1 
1665031443.969340 -- INFO: Process 0 get item 90 from queue and executing
1665031443.969648 -- INFO: starting 0, 90, /home/cc/files_to_send/FILE0
1665031444.510061 -- INFO: Process 14 finished on working on file 41 
1665031444.510832 -- INFO: Process 14 get item 91 from queue and executing
1665031444.511034 -- INFO: starting 14, 91, /home/cc/files_to_send/FILE2
1665031444.529286 -- INFO: Process 16 finished on working on file 42 
1665031444.530159 -- INFO: Process 16 get item 92 from queue and executing
1665031444.530441 -- INFO: starting 16, 92, /home/cc/files_to_send/FILE3
1665031444.563027 -- INFO: Throughput @51.1s:8741.12Mbps, rtt :44.22ms cwnd: 1047.2 lossRate: 0.0 CC:32 score:-4638.0 
1665031445.563016 -- INFO: Throughput @52.1s:8774.48Mbps, rtt :47.18ms cwnd: 1061.0 lossRate: 0.0 CC:32 score:-4656.0 
1665031445.634671 -- INFO: Process 17 finished on working on file 63 
1665031445.635219 -- INFO: Process 17 get item 93 from queue and executing
1665031445.635421 -- INFO: starting 17, 93, /home/cc/files_to_send/FILE1
1665031446.086403 -- INFO: Process 2 finished on working on file 58 
1665031446.087039 -- INFO: Process 2 get item 94 from queue and executing
1665031446.087277 -- INFO: starting 2, 94, /home/cc/files_to_send/FILE0
1665031446.293301 -- INFO: Iteration 16 Ends, Took 3.3 Seconds. Best Params: [28] and Score: -4740.333333333333.
1665031446.293401 -- INFO: Iteration 17 Starts ...
1665031446.293608 -- INFO: Changing concurrency to 32 ******
1665031446.293706 -- INFO: Process Status Bits from change concurrency are: 1 1 1 1 1 1 1 1 1 1 1 1 1 1 1 1 1 1 1 1 1 1 1 1 1 1 1 1 1 1 1 1
1665031446.293803 -- INFO: Active CC: 32
1665031446.564411 -- INFO: Throughput @53.1s:8735.47Mbps, rtt :47.83ms cwnd: 1072.8 lossRate: 0.0 CC:32 score:-4635.0 
1665031447.506230 -- INFO: Process 24 finished on working on file 62 
1665031447.507244 -- INFO: Process 24 get item 95 from queue and executing
1665031447.507567 -- INFO: starting 24, 95, /home/cc/files_to_send/FILE2
1665031447.566047 -- INFO: Throughput @54.1s:8746.59Mbps, rtt :46.15ms cwnd: 1084.9 lossRate: 0.0 CC:32 score:-4641.0 
1665031448.568801 -- INFO: Throughput @55.1s:8648.65Mbps, rtt :50.03ms cwnd: 1099.5 lossRate: 0.0 CC:32 score:-4589.0 
1665031449.570487 -- INFO: Throughput @56.1s:8749.32Mbps, rtt :48.27ms cwnd: 1106.9 lossRate: 3.844471252634789e-05 CC:32 score:-4639.0 
1665031449.600490 -- INFO: Iteration 17 Ends, Took 3.31 Seconds. Best Params: [28] and Score: -4740.333333333333.
1665031449.600576 -- INFO: Iteration 18 Starts ...
1665031449.600811 -- INFO: Changing concurrency to 32 ******
1665031449.600910 -- INFO: Process Status Bits from change concurrency are: 1 1 1 1 1 1 1 1 1 1 1 1 1 1 1 1 1 1 1 1 1 1 1 1 1 1 1 1 1 1 1 1
1665031449.601013 -- INFO: Active CC: 32
1665031449.726907 -- INFO: Process 23 finished on working on file 71 
1665031449.727675 -- INFO: Process 23 get item 96 from queue and executing
1665031449.727965 -- INFO: starting 23, 96, /home/cc/files_to_send/FILE3
1665031449.740895 -- INFO: Process 29 finished on working on file 78 
1665031449.741406 -- INFO: Process 29 get item 97 from queue and executing
1665031449.741626 -- INFO: starting 29, 97, /home/cc/files_to_send/FILE1
1665031450.568534 -- INFO: Throughput @57.1s:8668.36Mbps, rtt :40.46ms cwnd: 928.6 lossRate: 0.0001624400918256387 CC:32 score:-4586.0 
1665031451.570196 -- INFO: Throughput @58.1s:8640.27Mbps, rtt :41.23ms cwnd: 978.4 lossRate: 0.0 CC:32 score:-4585.0 
1665031452.155717 -- INFO: Process 6 finished on working on file 28 
1665031452.156386 -- INFO: Process 6 get item 98 from queue and executing
1665031452.156541 -- INFO: starting 6, 98, /home/cc/files_to_send/FILE0
1665031452.548324 -- INFO: Process 11 finished on working on file 32 
1665031452.548973 -- INFO: Process 11 get item 99 from queue and executing
1665031452.549269 -- INFO: starting 11, 99, /home/cc/files_to_send/FILE2
1665031452.575524 -- INFO: Throughput @59.1s:8467.03Mbps, rtt :44.27ms cwnd: 1024.2 lossRate: 0.0 CC:32 score:-4493.0 
1665031452.944042 -- INFO: Iteration 18 Ends, Took 3.34 Seconds. Best Params: [28] and Score: -4740.333333333333.
1665031452.944166 -- INFO: Iteration 19 Starts ...
1665031452.944385 -- INFO: Changing concurrency to 32 ******
1665031452.944496 -- INFO: Process Status Bits from change concurrency are: 1 1 1 1 1 1 1 1 1 1 1 1 1 1 1 1 1 1 1 1 1 1 1 1 1 1 1 1 1 1 1 1
1665031452.944598 -- INFO: Active CC: 32
1665031453.571226 -- INFO: Throughput @60.1s:8791.26Mbps, rtt :45.35ms cwnd: 1067.9 lossRate: 0.0 CC:32 score:-4665.0 
1665031454.479585 -- INFO: Process 7 finished on working on file 59 
1665031454.480347 -- INFO: Process 7 get item 100 from queue and executing
1665031454.480611 -- INFO: starting 7, 100, /home/cc/files_to_send/FILE3
1665031454.575499 -- INFO: Throughput @61.1s:9140.85Mbps, rtt :38.08ms cwnd: 958.4 lossRate: 6.48492762947921e-05 CC:32 score:-4845.0 
1665031455.574255 -- INFO: Throughput @62.1s:9026.14Mbps, rtt :37.87ms cwnd: 957.4 lossRate: 8.118023171157566e-05 CC:32 score:-4782.0 
1665031456.315946 -- INFO: Iteration 19 Ends, Took 3.37 Seconds. Best Params: [32] and Score: -4764.0.
1665031456.316058 -- INFO: Iteration 20 Starts ...
1665031456.316269 -- INFO: Changing concurrency to 32 ******
1665031456.316370 -- INFO: Process Status Bits from change concurrency are: 1 1 1 1 1 1 1 1 1 1 1 1 1 1 1 1 1 1 1 1 1 1 1 1 1 1 1 1 1 1 1 1
1665031456.316469 -- INFO: Active CC: 32
1665031456.575193 -- INFO: Throughput @63.1s:9059.7Mbps, rtt :38.77ms cwnd: 1008.9 lossRate: 0.0 CC:32 score:-4807.0 
1665031457.316941 -- INFO: Process 12 finished on working on file 33 
1665031457.317428 -- INFO: Process 12 get item 101 from queue and executing
1665031457.317581 -- INFO: starting 12, 101, /home/cc/files_to_send/FILE1
1665031457.577523 -- INFO: Throughput @64.1s:9157.63Mbps, rtt :41.61ms cwnd: 1058.2 lossRate: 0.0 CC:32 score:-4859.0 
1665031458.580876 -- INFO: Throughput @65.1s:9252.63Mbps, rtt :44.86ms cwnd: 1107.3 lossRate: 0.0 CC:32 score:-4910.0 
1665031458.961532 -- INFO: Process 0 finished on working on file 90 
1665031458.962097 -- INFO: Process 0 get item 102 from queue and executing
1665031458.962233 -- INFO: starting 0, 102, /home/cc/files_to_send/FILE0
1665031459.580163 -- INFO: Throughput @66.1s:9275.07Mbps, rtt :45.26ms cwnd: 1141.8 lossRate: 2.4952185374775585e-06 CC:32 score:-4921.0 
1665031459.636595 -- INFO: Process 19 finished on working on file 38 
1665031459.637096 -- INFO: Process 19 get item 103 from queue and executing
1665031459.637250 -- INFO: starting 19, 103, /home/cc/files_to_send/FILE2
1665031459.655893 -- INFO: Iteration 20 Ends, Took 3.34 Seconds. Best Params: [32] and Score: -4858.666666666667.
1665031459.655982 -- INFO: Iteration 21 Starts ...
1665031459.656178 -- INFO: Changing concurrency to 32 ******
1665031459.656274 -- INFO: Process Status Bits from change concurrency are: 1 1 1 1 1 1 1 1 1 1 1 1 1 1 1 1 1 1 1 1 1 1 1 1 1 1 1 1 1 1 1 1
1665031459.656374 -- INFO: Active CC: 32
1665031459.808022 -- INFO: Process 10 finished on working on file 76 
1665031459.808397 -- INFO: Process 10 get item 104 from queue and executing
1665031459.808522 -- INFO: starting 10, 104, /home/cc/files_to_send/FILE3
1665031460.128297 -- INFO: Process 27 finished on working on file 82 
1665031460.128958 -- INFO: Process 27 get item 105 from queue and executing
1665031460.129138 -- INFO: starting 27, 105, /home/cc/files_to_send/FILE1
1665031460.579984 -- INFO: Throughput @67.1s:9059.89Mbps, rtt :49.14ms cwnd: 1196.2 lossRate: 0.0 CC:32 score:-4807.0 
1665031460.614869 -- INFO: Process 30 finished on working on file 80 
1665031460.615641 -- INFO: Process 30 get item 106 from queue and executing
1665031460.615901 -- INFO: starting 30, 106, /home/cc/files_to_send/FILE0
1665031461.581941 -- INFO: Throughput @68.1s:8721.42Mbps, rtt :55.91ms cwnd: 1230.6 lossRate: 1.5907018176419437e-05 CC:32 score:-4626.0 
1665031461.749591 -- INFO: Process 13 finished on working on file 66 
1665031461.750137 -- INFO: Process 13 get item 107 from queue and executing
1665031461.750369 -- INFO: starting 13, 107, /home/cc/files_to_send/FILE2
1665031462.583148 -- INFO: Throughput @69.1s:8729.81Mbps, rtt :48.29ms cwnd: 1165.3 lossRate: 0.00041314934415873463 CC:32 score:-4596.0 
1665031462.793683 -- INFO: Process 20 finished on working on file 75 
1665031462.794525 -- INFO: Process 20 get item 108 from queue and executing
1665031462.794815 -- INFO: starting 20, 108, /home/cc/files_to_send/FILE3
1665031463.004417 -- INFO: Iteration 21 Ends, Took 3.35 Seconds. Best Params: [32] and Score: -4858.666666666667.
1665031463.004526 -- INFO: Iteration 22 Starts ...
1665031463.004750 -- INFO: Changing concurrency to 32 ******
1665031463.004854 -- INFO: Process Status Bits from change concurrency are: 1 1 1 1 1 1 1 1 1 1 1 1 1 1 1 1 1 1 1 1 1 1 1 1 1 1 1 1 1 1 1 1
1665031463.004956 -- INFO: Active CC: 32
1665031463.171164 -- INFO: Process 25 finished on working on file 72 
1665031463.171797 -- INFO: Process 25 get item 109 from queue and executing
1665031463.172066 -- INFO: starting 25, 109, /home/cc/files_to_send/FILE1
1665031463.477698 -- INFO: Process 8 finished on working on file 77 
1665031463.478848 -- INFO: Process 8 get item 110 from queue and executing
1665031463.479111 -- INFO: starting 8, 110, /home/cc/files_to_send/FILE0
1665031463.584904 -- INFO: Throughput @70.1s:8799.84Mbps, rtt :48.93ms cwnd: 1165.6 lossRate: 1.3159089443646858e-05 CC:32 score:-4668.0 
1665031463.784795 -- INFO: Process 26 finished on working on file 83 
1665031463.785890 -- INFO: Process 26 get item 111 from queue and executing
1665031463.786187 -- INFO: starting 26, 111, /home/cc/files_to_send/FILE2
1665031464.383618 -- INFO: Process 5 finished on working on file 88 
1665031464.384565 -- INFO: Process 5 get item 112 from queue and executing
1665031464.384822 -- INFO: starting 5, 112, /home/cc/files_to_send/FILE3
1665031464.584780 -- INFO: Throughput @71.1s:9154.9Mbps, rtt :47.62ms cwnd: 1185.8 lossRate: 1.0108323319775545e-05 CC:32 score:-4857.0 
1665031465.591050 -- INFO: Throughput @72.1s:9076.47Mbps, rtt :50.84ms cwnd: 1193.3 lossRate: 1.0210345888229897e-05 CC:32 score:-4815.0 
1665031465.617190 -- INFO: Process 18 finished on working on file 74 
1665031465.618107 -- INFO: Process 18 get item 113 from queue and executing
1665031465.618389 -- INFO: starting 18, 113, /home/cc/files_to_send/FILE1
1665031466.354372 -- INFO: Iteration 22 Ends, Took 3.35 Seconds. Best Params: [32] and Score: -4858.666666666667.
1665031466.354482 -- INFO: Iteration 23 Starts ...
1665031466.354732 -- INFO: Changing concurrency to 32 ******
1665031466.354836 -- INFO: Process Status Bits from change concurrency are: 1 1 1 1 1 1 1 1 1 1 1 1 1 1 1 1 1 1 1 1 1 1 1 1 1 1 1 1 1 1 1 1
1665031466.354937 -- INFO: Active CC: 32
1665031466.586854 -- INFO: Throughput @73.1s:8880.8Mbps, rtt :52.63ms cwnd: 1200.8 lossRate: 3.9061940519081105e-05 CC:32 score:-4709.0 
1665031466.753236 -- INFO: Process 17 finished on working on file 93 
1665031466.753797 -- INFO: Process 17 get item 114 from queue and executing
1665031466.753937 -- INFO: starting 17, 114, /home/cc/files_to_send/FILE0
1665031467.588629 -- INFO: Throughput @74.1s:8830.47Mbps, rtt :49.86ms cwnd: 1115.1 lossRate: 0.000401938763447216 CC:32 score:-4650.0 
1665031467.655196 -- INFO: Process 3 finished on working on file 87 
1665031467.655744 -- INFO: Process 3 get item 115 from queue and executing
1665031467.655975 -- INFO: starting 3, 115, /home/cc/files_to_send/FILE2
1665031468.590175 -- INFO: Throughput @75.1s:9107.3Mbps, rtt :45.27ms cwnd: 1135.9 lossRate: 1.0212926756719148e-05 CC:32 score:-4832.0 
1665031469.593550 -- INFO: Throughput @76.1s:9000.98Mbps, rtt :47.78ms cwnd: 1189.4 lossRate: 2.310533078490092e-05 CC:32 score:-4774.0 
1665031469.704259 -- INFO: Iteration 23 Ends, Took 3.35 Seconds. Best Params: [32] and Score: -4858.666666666667.
1665031469.704365 -- INFO: Iteration 24 Starts ...
1665031469.704586 -- INFO: Changing concurrency to 32 ******
1665031469.704688 -- INFO: Process Status Bits from change concurrency are: 1 1 1 1 1 1 1 1 1 1 1 1 1 1 1 1 1 1 1 1 1 1 1 1 1 1 1 1 1 1 1 1
1665031469.704792 -- INFO: Active CC: 32
1665031469.892870 -- INFO: Process 14 finished on working on file 91 
1665031469.893730 -- INFO: Process 14 get item 116 from queue and executing
1665031469.894047 -- INFO: starting 14, 116, /home/cc/files_to_send/FILE3
1665031470.591836 -- INFO: Throughput @77.1s:9056.96Mbps, rtt :50.32ms cwnd: 1198.1 lossRate: 8.783979040662185e-05 CC:32 score:-4798.0 
1665031470.776706 -- INFO: Process 16 finished on working on file 92 
1665031470.777542 -- INFO: Process 16 get item 117 from queue and executing
1665031470.777843 -- INFO: starting 16, 117, /home/cc/files_to_send/FILE1
1665031471.594090 -- INFO: Throughput @78.1s:9082.13Mbps, rtt :50.74ms cwnd: 1195.9 lossRate: 0.00011000621663038167 CC:32 score:-4809.0 
1665031471.985093 -- INFO: Process 29 finished on working on file 97 
1665031471.985710 -- INFO: Process 29 get item 118 from queue and executing
1665031471.985848 -- INFO: starting 29, 118, /home/cc/files_to_send/FILE0
1665031472.055375 -- INFO: Process 23 finished on working on file 96 
1665031472.057389 -- INFO: Process 23 get item 119 from queue and executing
1665031472.057721 -- INFO: starting 23, 119, /home/cc/files_to_send/FILE2
1665031472.595373 -- INFO: Throughput @79.1s:9247.17Mbps, rtt :47.23ms cwnd: 1143.8 lossRate: 0.00022987292925943234 CC:32 score:-4886.0 
1665031472.800752 -- INFO: Process 9 finished on working on file 89 
1665031472.801642 -- INFO: Process 9 get item 120 from queue and executing
1665031472.801949 -- INFO: starting 9, 120, /home/cc/files_to_send/FILE3
1665031473.052420 -- INFO: Iteration 24 Ends, Took 3.35 Seconds. Best Params: [32] and Score: -4858.666666666667.
1665031473.052530 -- INFO: Iteration 25 Starts ...
1665031473.052774 -- INFO: Changing concurrency to 32 ******
1665031473.052874 -- INFO: Process Status Bits from change concurrency are: 1 1 1 1 1 1 1 1 1 1 1 1 1 1 1 1 1 1 1 1 1 1 1 1 1 1 1 1 1 1 1 1
1665031473.052987 -- INFO: Active CC: 32
1665031473.262708 -- INFO: Process 4 finished on working on file 69 
1665031473.263538 -- INFO: Process 4 get item 121 from queue and executing
1665031473.263830 -- INFO: starting 4, 121, /home/cc/files_to_send/FILE1
1665031473.336216 -- INFO: Process 28 finished on working on file 81 
1665031473.336828 -- INFO: Process 28 get item 122 from queue and executing
1665031473.337049 -- INFO: starting 28, 122, /home/cc/files_to_send/FILE0
1665031473.595781 -- INFO: Throughput @80.1s:9043.11Mbps, rtt :49.31ms cwnd: 1162.1 lossRate: 2.6796788468703904e-05 CC:32 score:-4796.0 
1665031474.597232 -- INFO: Throughput @81.1s:9168.75Mbps, rtt :44.98ms cwnd: 1133.3 lossRate: 0.00022777890261186474 CC:32 score:-4844.0 
1665031475.070806 -- INFO: Process 11 finished on working on file 99 
1665031475.071718 -- INFO: Process 11 get item 123 from queue and executing
1665031475.072046 -- INFO: starting 11, 123, /home/cc/files_to_send/FILE2
1665031475.342707 -- INFO: Process 24 finished on working on file 95 
1665031475.343615 -- INFO: Process 24 get item 124 from queue and executing
1665031475.343879 -- INFO: starting 24, 124, /home/cc/files_to_send/FILE3
1665031475.598357 -- INFO: Throughput @82.1s:9045.84Mbps, rtt :49.69ms cwnd: 1174.2 lossRate: 3.197748784855462e-05 CC:32 score:-4797.0 
1665031476.151409 -- INFO: Process 0 finished on working on file 102 
1665031476.152246 -- INFO: Process 0 get item 125 from queue and executing
1665031476.152529 -- INFO: starting 0, 125, /home/cc/files_to_send/FILE1
1665031476.401895 -- INFO: Iteration 25 Ends, Took 3.35 Seconds. Best Params: [32] and Score: -4858.666666666667.
1665031476.402007 -- INFO: Iteration 26 Starts ...
1665031476.402241 -- INFO: Changing concurrency to 32 ******
1665031476.402344 -- INFO: Process Status Bits from change concurrency are: 1 1 1 1 1 1 1 1 1 1 1 1 1 1 1 1 1 1 1 1 1 1 1 1 1 1 1 1 1 1 1 1
1665031476.402445 -- INFO: Active CC: 32
1665031476.599137 -- INFO: Throughput @83.1s:9048.58Mbps, rtt :48.5ms cwnd: 1140.1 lossRate: 8.581997786613109e-05 CC:32 score:-4794.0 
1665031476.928388 -- INFO: Process 21 finished on working on file 65 
1665031476.928834 -- INFO: Process 21 get item 126 from queue and executing
1665031476.928972 -- INFO: starting 21, 126, /home/cc/files_to_send/FILE0
1665031477.604146 -- INFO: Throughput @84.1s:9124.07Mbps, rtt :47.75ms cwnd: 1151.9 lossRate: 6.996218226038906e-05 CC:32 score:-4835.0 
1665031478.309849 -- INFO: Process 19 finished on working on file 103 
1665031478.310538 -- INFO: Process 19 get item 127 from queue and executing
1665031478.310903 -- INFO: starting 19, 127, /home/cc/files_to_send/FILE2
1665031478.498236 -- INFO: Process 31 finished on working on file 79 
1665031478.498674 -- INFO: Process 31 get item 20 from queue and executing
1665031478.498813 -- INFO: starting 31, 20, /home/cc/files_to_send/FILE3
1665031478.603341 -- INFO: Throughput @85.1s:9255.56Mbps, rtt :47.18ms cwnd: 1161.9 lossRate: 2.7574278211933394e-05 CC:32 score:-4909.0 
1665031479.605355 -- INFO: Throughput @86.2s:8388.61Mbps, rtt :46.65ms cwnd: 1108.0 lossRate: 8.282508847225359e-05 CC:32 score:-4444.0 
1665031479.682671 -- INFO: Process 22 finished on working on file 84 
1665031479.683439 -- INFO: Process 22 get item 7 from queue and executing
1665031479.683734 -- INFO: starting 22, 7, /home/cc/files_to_send/FILE2
1665031479.775733 -- INFO: Iteration 26 Ends, Took 3.37 Seconds. Best Params: [32] and Score: -4858.666666666667.
1665031479.775866 -- INFO: Iteration 27 Starts ...
1665031479.776114 -- INFO: Changing concurrency to 32 ******
1665031479.776220 -- INFO: Process Status Bits from change concurrency are: 1 1 1 1 1 1 1 1 1 1 1 1 1 1 1 1 1 1 1 1 1 1 1 1 1 1 1 1 1 1 1 1
1665031479.776335 -- INFO: Active CC: 32
1665031480.604611 -- INFO: Throughput @87.2s:8671.09Mbps, rtt :40.16ms cwnd: 975.8 lossRate: 0.0001480020397372022 CC:32 score:-4588.0 
1665031481.019707 -- INFO: Process 2 finished on working on file 94 
1665031481.020357 -- INFO: Process 2 get item 27 from queue and executing
1665031481.020645 -- INFO: starting 2, 27, /home/cc/files_to_send/FILE2
1665031481.390729 -- INFO: Process 12 finished on working on file 101 
1665031481.391391 -- INFO: Process 12 get item 14 from queue and executing
1665031481.391673 -- INFO: starting 12, 14, /home/cc/files_to_send/FILE0
1665031481.608625 -- INFO: Throughput @88.2s:8827.74Mbps, rtt :36.23ms cwnd: 931.0 lossRate: 8.016284885623385e-05 CC:32 score:-4677.0 
1665031481.791818 -- INFO: Process 6 finished on working on file 98 
1665031481.792907 -- INFO: Process 6 get item 26 from queue and executing
1665031481.793149 -- INFO: starting 6, 26, /home/cc/files_to_send/FILE0
1665031482.609565 -- INFO: Throughput @89.2s:8939.52Mbps, rtt :40.33ms cwnd: 967.9 lossRate: 0.0 CC:32 score:-4744.0 
1665031482.989091 -- INFO: Process 7 finished on working on file 100 
1665031482.989841 -- INFO: Process 7 get item 15 from queue and executing
1665031482.990149 -- INFO: starting 7, 15, /home/cc/files_to_send/FILE2
1665031483.102059 -- INFO: Process 26 finished on working on file 111 
1665031483.102885 -- INFO: Process 26 get item 3 from queue and executing
1665031483.103190 -- INFO: starting 26, 3, /home/cc/files_to_send/FILE2
1665031483.116847 -- INFO: Iteration 27 Ends, Took 3.34 Seconds. Best Params: [32] and Score: -4858.666666666667.
1665031483.116972 -- INFO: Iteration 28 Starts ...
1665031483.117193 -- INFO: Changing concurrency to 32 ******
1665031483.117294 -- INFO: Process Status Bits from change concurrency are: 1 1 1 1 1 1 1 1 1 1 1 1 1 1 1 1 1 1 1 1 1 1 1 1 1 1 1 1 1 1 1 1
1665031483.117399 -- INFO: Active CC: 32
1665031483.608468 -- INFO: Throughput @90.2s:9263.95Mbps, rtt :40.17ms cwnd: 996.1 lossRate: 0.0 CC:32 score:-4916.0 
1665031483.680661 -- INFO: Process 10 finished on working on file 104 
1665031483.681507 -- INFO: Process 10 get item 25 from queue and executing
1665031483.681743 -- INFO: starting 10, 25, /home/cc/files_to_send/FILE1
1665031483.919600 -- INFO: Process 1 finished on working on file 86 
1665031483.920295 -- INFO: Process 1 get item 17 from queue and executing
1665031483.920634 -- INFO: starting 1, 17, /home/cc/files_to_send/FILE1
1665031484.611154 -- INFO: Throughput @91.2s:9263.95Mbps, rtt :40.76ms cwnd: 1017.2 lossRate: 0.0 CC:32 score:-4916.0 
1665031484.663047 -- INFO: Process 15 finished on working on file 85 
1665031484.663914 -- INFO: Process 15 get item 9 from queue and executing
1665031484.664197 -- INFO: starting 15, 9, /home/cc/files_to_send/FILE1
1665031485.064103 -- INFO: Process 8 finished on working on file 110 
1665031485.065251 -- INFO: Process 8 get item 24 from queue and executing
1665031485.065582 -- INFO: starting 8, 24, /home/cc/files_to_send/FILE3
1665031485.614346 -- INFO: Throughput @92.2s:9154.9Mbps, rtt :38.43ms cwnd: 940.6 lossRate: 8.013870355930328e-05 CC:32 score:-4851.0 
1665031486.506443 -- INFO: Iteration 28 Ends, Took 3.39 Seconds. Best Params: [32] and Score: -4894.333333333333.
1665031486.506563 -- INFO: Iteration 29 Starts ...
1665031486.506835 -- INFO: Changing concurrency to 32 ******
1665031486.506955 -- INFO: Process Status Bits from change concurrency are: 1 1 1 1 1 1 1 1 1 1 1 1 1 1 1 1 1 1 1 1 1 1 1 1 1 1 1 1 1 1 1 1
1665031486.507058 -- INFO: Active CC: 32
1665031486.611795 -- INFO: Throughput @93.2s:8891.92Mbps, rtt :40.74ms cwnd: 969.4 lossRate: 0.0 CC:32 score:-4718.0 
1665031486.877615 -- INFO: Process 30 finished on working on file 106 
1665031486.878424 -- INFO: Process 30 get item 22 from queue and executing
1665031486.878702 -- INFO: starting 30, 22, /home/cc/files_to_send/FILE0
1665031487.616066 -- INFO: Throughput @94.2s:8931.14Mbps, rtt :40.98ms cwnd: 994.0 lossRate: 0.0 CC:32 score:-4739.0 
1665031488.617781 -- INFO: Throughput @95.2s:8648.65Mbps, rtt :42.93ms cwnd: 1016.0 lossRate: 0.0 CC:32 score:-4589.0 
1665031488.903028 -- INFO: Process 13 finished on working on file 107 
1665031488.903797 -- INFO: Process 13 get item 19 from queue and executing
1665031488.904045 -- INFO: starting 13, 19, /home/cc/files_to_send/FILE2
1665031489.442373 -- INFO: Process 27 finished on working on file 105 
1665031489.442924 -- INFO: Process 27 get item 5 from queue and executing
1665031489.443091 -- INFO: starting 27, 5, /home/cc/files_to_send/FILE1
1665031489.618886 -- INFO: Throughput @96.2s:8878.07Mbps, rtt :44.25ms cwnd: 1038.2 lossRate: 0.0 CC:32 score:-4711.0 
1665031489.854674 -- INFO: Iteration 29 Ends, Took 3.35 Seconds. Best Params: [32] and Score: -4894.333333333333.
1665031489.854776 -- INFO: Iteration 30 Starts ...
1665031489.854970 -- INFO: Changing concurrency to 1 ******
1665031489.855069 -- INFO: Process Status Bits from change concurrency are: 1 0 0 0 0 0 0 0 0 0 0 0 0 0 0 0 0 0 0 0 0 0 0 0 0 0 0 0 0 0 0 0
1665031489.855172 -- INFO: Active CC: 1
1665031490.617270 -- INFO: Throughput @97.2s:2726.3Mbps, rtt :34.94ms cwnd: 1185.0 lossRate: 0 CC:1 score:-2673.0 
1665031491.618364 -- INFO: Throughput @98.2s:394.26Mbps, rtt :34.84ms cwnd: 1192.0 lossRate: 0.0 CC:1 score:-387.0 
1665031492.620015 -- INFO: Throughput @99.2s:385.88Mbps, rtt :35.52ms cwnd: 1194.0 lossRate: 0.0 CC:1 score:-378.0 
1665031493.212715 -- INFO: Iteration 30 Ends, Took 3.36 Seconds. Best Params: [32] and Score: -4894.333333333333.
1665031493.212818 -- INFO: Iteration 31 Starts ...
1665031493.213030 -- INFO: Changing concurrency to 32 ******
1665031493.213756 -- INFO: Start Process :: 1
1665031493.213924 -- INFO: Start Process :: 2
1665031493.214233 -- INFO: Start Process :: 10
1665031493.214197 -- INFO: Start Process :: 4
1665031493.214400 -- INFO: Start Process :: 21
1665031493.214509 -- INFO: Process Status Bits from change concurrency are: 1 1 1 1 1 1 1 1 1 1 1 1 1 1 1 1 1 1 1 1 1 1 1 1 1 1 1 1 1 1 1 1
1665031493.214381 -- INFO: Start Process :: 7
1665031493.214690 -- INFO: Active CC: 32
1665031493.214764 -- INFO: Start Process :: 27
1665031493.214722 -- INFO: Start Process :: 25
1665031493.214959 -- INFO: Start Process :: 24
1665031493.214901 -- INFO: Start Process :: 18
1665031493.215228 -- INFO: Start Process :: 12
1665031493.215179 -- INFO: Start Process :: 13
1665031493.215148 -- INFO: Start Process :: 6
1665031493.215306 -- INFO: Start Process :: 19
1665031493.214431 -- INFO: Start Process :: 3
1665031493.215498 -- INFO: Start Process :: 28
1665031493.215619 -- INFO: Start Process :: 17
1665031493.215639 -- INFO: Start Process :: 30
1665031493.215836 -- INFO: Start Process :: 31
1665031493.215729 -- INFO: Start Process :: 14
1665031493.215293 -- INFO: Start Process :: 8
1665031493.216033 -- INFO: Start Process :: 29
1665031493.216031 -- INFO: Start Process :: 22
1665031493.216303 -- INFO: Start Process :: 23
1665031493.216403 -- INFO: Start Process :: 26
1665031493.215991 -- INFO: Start Process :: 16
1665031493.216360 -- INFO: Start Process :: 20
1665031493.217132 -- INFO: Start Process :: 9
1665031493.217185 -- INFO: Start Process :: 5
1665031493.217162 -- INFO: Start Process :: 11
1665031493.217260 -- INFO: Start Process :: 15
1665031493.247830 -- INFO: Process 4 get item 21 from queue and executing
1665031493.248065 -- INFO: starting 4, 21, /home/cc/files_to_send/FILE1
1665031493.248087 -- INFO: Process 7 get item 23 from queue and executing
1665031493.248343 -- INFO: starting 7, 23, /home/cc/files_to_send/FILE2
1665031493.248639 -- INFO: Process 10 get item 16 from queue and executing
1665031493.248753 -- INFO: Process 1 get item 12 from queue and executing
1665031493.248782 -- INFO: starting 10, 16, /home/cc/files_to_send/FILE3
1665031493.248914 -- INFO: Process 18 get item 13 from queue and executing
1665031493.249048 -- INFO: Process 24 get item 10 from queue and executing
1665031493.249094 -- INFO: Process 2 get item 8 from queue and executing
1665031493.249103 -- INFO: starting 1, 12, /home/cc/files_to_send/FILE3
1665031493.249130 -- INFO: starting 18, 13, /home/cc/files_to_send/FILE1
1665031493.249175 -- INFO: Process 21 get item 4 from queue and executing
1665031493.249267 -- INFO: starting 2, 8, /home/cc/files_to_send/FILE3
1665031493.249340 -- INFO: starting 21, 4, /home/cc/files_to_send/FILE3
1665031493.249341 -- INFO: starting 24, 10, /home/cc/files_to_send/FILE0
1665031493.249328 -- INFO: Process 25 get item 18 from queue and executing
1665031493.249668 -- INFO: starting 25, 18, /home/cc/files_to_send/FILE0
1665031493.249660 -- INFO: Process 3 get item 11 from queue and executing
1665031493.249837 -- INFO: Process 29 get item 64 from queue and executing
1665031493.249890 -- INFO: Process 19 get item 70 from queue and executing
1665031493.250015 -- INFO: starting 29, 64, /home/cc/files_to_send/FILE3
1665031493.250024 -- INFO: starting 3, 11, /home/cc/files_to_send/FILE2
1665031493.250066 -- INFO: starting 19, 70, /home/cc/files_to_send/FILE0
1665031493.250093 -- INFO: Process 27 get item 44 from queue and executing
1665031493.250327 -- INFO: starting 27, 44, /home/cc/files_to_send/FILE3
1665031493.250391 -- INFO: Process 31 get item 68 from queue and executing
1665031493.250498 -- INFO: Process 22 get item 73 from queue and executing
1665031493.250515 -- INFO: starting 31, 68, /home/cc/files_to_send/FILE3
1665031493.250672 -- INFO: Process 12 get item 67 from queue and executing
1665031493.250746 -- INFO: Process 17 get item 127 from queue and executing
1665031493.250817 -- INFO: starting 22, 73, /home/cc/files_to_send/FILE1
1665031493.250821 -- INFO: starting 12, 67, /home/cc/files_to_send/FILE2
1665031493.250827 -- INFO: Process 28 get item 20 from queue and executing
1665031493.250883 -- INFO: Process 14 get item 22 from queue and executing
1665031493.250922 -- INFO: starting 17, 127, /home/cc/files_to_send/FILE2
1665031493.251152 -- INFO: starting 28, 20, /home/cc/files_to_send/FILE3
1665031493.251179 -- INFO: starting 14, 22, /home/cc/files_to_send/FILE0
1665031493.251232 -- INFO: Process 8 get item 19 from queue and executing
1665031493.251370 -- INFO: Process 23 get item 117 from queue and executing
1665031493.251455 -- INFO: Process 6 get item 14 from queue and executing
1665031493.251495 -- INFO: Process 30 get item 119 from queue and executing
1665031493.251498 -- INFO: starting 8, 19, /home/cc/files_to_send/FILE2
1665031493.251598 -- INFO: starting 23, 117, /home/cc/files_to_send/FILE1
1665031493.251628 -- INFO: starting 30, 119, /home/cc/files_to_send/FILE2
1665031493.251697 -- INFO: starting 6, 14, /home/cc/files_to_send/FILE0
1665031493.251748 -- INFO: Process 13 get item 114 from queue and executing
1665031493.251839 -- INFO: Process 26 get item 109 from queue and executing
1665031493.252035 -- INFO: starting 13, 114, /home/cc/files_to_send/FILE0
1665031493.252116 -- INFO: starting 26, 109, /home/cc/files_to_send/FILE1
1665031493.252140 -- INFO: Process 15 get item 118 from queue and executing
1665031493.252348 -- INFO: Process 20 get item 24 from queue and executing
1665031493.252407 -- INFO: Process 16 get item 116 from queue and executing
1665031493.252466 -- INFO: starting 15, 118, /home/cc/files_to_send/FILE0
1665031493.252514 -- INFO: Process 11 get item 25 from queue and executing
1665031493.252573 -- INFO: Process 5 get item 121 from queue and executing
1665031493.252600 -- INFO: starting 20, 24, /home/cc/files_to_send/FILE3
1665031493.252779 -- INFO: starting 16, 116, /home/cc/files_to_send/FILE3
1665031493.252988 -- INFO: starting 5, 121, /home/cc/files_to_send/FILE1
1665031493.252980 -- INFO: Process 9 get item 115 from queue and executing
1665031493.253033 -- INFO: starting 11, 25, /home/cc/files_to_send/FILE1
1665031493.253467 -- INFO: starting 9, 115, /home/cc/files_to_send/FILE2
1665031493.620263 -- INFO: Throughput @100.2s:1384.12Mbps, rtt :34.18ms cwnd: 360.9 lossRate: 0.00029502006136417275 CC:32 score:-730.0 
1665031494.261361 -- INFO: Process 15 finished on working on file 118 
1665031494.262234 -- INFO: Process 15 get item 5 from queue and executing
1665031494.262513 -- INFO: starting 15, 5, /home/cc/files_to_send/FILE1
1665031494.620336 -- INFO: Throughput @101.2s:6154.51Mbps, rtt :37.14ms cwnd: 877.4 lossRate: 2.218102302575032e-05 CC:32 score:-3264.0 
1665031495.626067 -- INFO: Throughput @102.2s:8514.44Mbps, rtt :53.55ms cwnd: 1333.5 lossRate: 0.0 CC:32 score:-4518.0 
1665031496.248682 -- INFO: Process 26 finished on working on file 109 
1665031496.249372 -- INFO: Process 26 get item 112 from queue and executing
1665031496.249654 -- INFO: starting 26, 112, /home/cc/files_to_send/FILE3
1665031496.587729 -- INFO: Iteration 31 Ends, Took 3.37 Seconds. Best Params: [32] and Score: -4894.333333333333.
1665031496.587852 -- INFO: Iteration 32 Starts ...
1665031496.588099 -- INFO: Changing concurrency to 26 ******
1665031496.588203 -- INFO: Process Status Bits from change concurrency are: 1 1 1 1 1 1 1 1 1 1 1 1 1 1 1 1 1 1 1 1 1 1 1 1 1 1 0 0 0 0 0 0
1665031496.588302 -- INFO: Active CC: 26
1665031496.624763 -- INFO: Throughput @103.2s:8671.09Mbps, rtt :52.44ms cwnd: 1298.1 lossRate: 4.432886104379692e-05 CC:26 score:-5178.0 
1665031497.624623 -- INFO: Throughput @104.2s:8589.93Mbps, rtt :39.86ms cwnd: 1248.0 lossRate: 2.6771213211891178e-05 CC:26 score:-5131.0 
1665031497.923454 -- INFO: Process 0 finished on working on file 125 
1665031497.924234 -- INFO: Process 0 get item 3 from queue and executing
1665031497.924541 -- INFO: starting 0, 3, /home/cc/files_to_send/FILE2
1665031498.625182 -- INFO: Throughput @105.2s:8822.08Mbps, rtt :39.57ms cwnd: 1263.5 lossRate: 0.0 CC:26 score:-5272.0 
1665031499.055439 -- INFO: Process 9 finished on working on file 115 
1665031499.056130 -- INFO: Process 9 get item 123 from queue and executing
1665031499.056417 -- INFO: starting 9, 123, /home/cc/files_to_send/FILE2
1665031499.073058 -- INFO: Process 6 finished on working on file 14 
1665031499.073775 -- INFO: Process 6 get item 122 from queue and executing
1665031499.073999 -- INFO: starting 6, 122, /home/cc/files_to_send/FILE0
1665031499.574053 -- INFO: Process 23 finished on working on file 117 
1665031499.574677 -- INFO: Process 23 get item 120 from queue and executing
1665031499.574904 -- INFO: starting 23, 120, /home/cc/files_to_send/FILE3
1665031499.629228 -- INFO: Throughput @106.2s:8866.95Mbps, rtt :40.15ms cwnd: 1282.5 lossRate: 0.0 CC:26 score:-5299.0 
1665031499.958624 -- INFO: Iteration 32 Ends, Took 3.37 Seconds. Best Params: [26] and Score: -5234.0.
1665031499.958747 -- INFO: Iteration 33 Starts ...
1665031499.959019 -- INFO: Changing concurrency to 19 ******
1665031499.959496 -- INFO: Process Status Bits from change concurrency are: 1 1 1 1 1 1 1 1 1 1 1 1 1 1 1 1 1 1 1 0 0 0 0 0 0 0 0 0 0 0 0 0
1665031499.959990 -- INFO: Active CC: 19
1665031500.048612 -- INFO: Process 16 finished on working on file 116 
1665031500.049319 -- INFO: Process 16 get item 26 from queue and executing
1665031500.049628 -- INFO: starting 16, 26, /home/cc/files_to_send/FILE0
1665031500.400610 -- INFO: Process 13 finished on working on file 114 
1665031500.401205 -- INFO: Process 13 get item 113 from queue and executing
1665031500.401468 -- INFO: starting 13, 113, /home/cc/files_to_send/FILE1
1665031500.628160 -- INFO: Throughput @107.2s:7913.38Mbps, rtt :34.85ms cwnd: 1262.6 lossRate: 0 CC:19 score:-5432.0 
1665031500.802684 -- INFO: Process 9 finished on working on file 123 
1665031500.803162 -- INFO: Process 9 get item 126 from queue and executing
1665031500.803364 -- INFO: starting 9, 126, /home/cc/files_to_send/FILE0
1665031501.147786 -- INFO: Process 17 finished on working on file 127 
1665031501.148174 -- INFO: Process 17 get item 17 from queue and executing
1665031501.148321 -- INFO: starting 17, 17, /home/cc/files_to_send/FILE1
1665031501.628908 -- INFO: Throughput @108.2s:7695.28Mbps, rtt :34.75ms cwnd: 1299.5 lossRate: 0.0 CC:19 score:-5282.0 
1665031502.630088 -- INFO: Throughput @109.2s:7960.79Mbps, rtt :34.81ms cwnd: 1343.1 lossRate: 0.0 CC:19 score:-5465.0 
1665031503.337227 -- INFO: Iteration 33 Ends, Took 3.38 Seconds. Best Params: [19] and Score: -5393.0.
1665031503.337343 -- INFO: Iteration 34 Starts ...
1665031503.337531 -- INFO: Changing concurrency to 15 ******
1665031503.338471 -- INFO: Process Status Bits from change concurrency are: 1 1 1 1 1 1 1 1 1 1 1 1 1 1 1 0 0 0 0 0 0 0 0 0 0 0 0 0 0 0 0 0
1665031503.339454 -- INFO: Active CC: 15
1665031503.615538 -- INFO: Process 11 finished on working on file 25 
1665031503.616035 -- INFO: Process 11 get item 108 from queue and executing
1665031503.616239 -- INFO: starting 11, 108, /home/cc/files_to_send/FILE3
1665031503.630801 -- INFO: Throughput @110.2s:7555.4Mbps, rtt :34.67ms cwnd: 1275.3 lossRate: 0 CC:15 score:-5614.0 
1665031504.066461 -- INFO: Process 0 finished on working on file 3 
1665031504.067140 -- INFO: Process 0 get item 27 from queue and executing
1665031504.067333 -- INFO: starting 0, 27, /home/cc/files_to_send/FILE2
1665031504.631349 -- INFO: Throughput @111.2s:6280.34Mbps, rtt :34.85ms cwnd: 1343.2 lossRate: 0.0 CC:15 score:-4666.0 
1665031505.419504 -- INFO: Process 11 finished on working on file 108 
1665031505.420029 -- INFO: Process 11 get item 124 from queue and executing
1665031505.420281 -- INFO: starting 11, 124, /home/cc/files_to_send/FILE3
1665031505.632898 -- INFO: Throughput @112.2s:6557.16Mbps, rtt :34.92ms cwnd: 1421.5 lossRate: 0.0 CC:15 score:-4872.0 
1665031506.000372 -- INFO: Process 6 finished on working on file 122 
1665031506.000900 -- INFO: Process 6 get item 9 from queue and executing
1665031506.001137 -- INFO: starting 6, 9, /home/cc/files_to_send/FILE1
1665031506.561561 -- INFO: Process 7 finished on working on file 23 
1665031506.561972 -- INFO: Process 7 get item 7 from queue and executing
1665031506.562148 -- INFO: starting 7, 7, /home/cc/files_to_send/FILE2
1665031506.619401 -- INFO: Process 1 finished on working on file 12 
1665031506.620125 -- INFO: Process 1 get item 15 from queue and executing
1665031506.620344 -- INFO: starting 1, 15, /home/cc/files_to_send/FILE2
1665031506.635912 -- INFO: Throughput @113.2s:6996.29Mbps, rtt :34.84ms cwnd: 1516.3 lossRate: 0.0 CC:15 score:-5198.0 
1665031506.715399 -- INFO: Iteration 34 Ends, Took 3.38 Seconds. Best Params: [19] and Score: -5393.0.
1665031506.715505 -- INFO: Iteration 35 Starts ...
1665031506.715699 -- INFO: Changing concurrency to 20 ******
1665031506.716621 -- INFO: Start Process :: 17
1665031506.716823 -- INFO: Process Status Bits from change concurrency are: 1 1 1 1 1 1 1 1 1 1 1 1 1 1 1 1 1 1 1 1 0 0 0 0 0 0 0 0 0 0 0 0
1665031506.716790 -- INFO: Start Process :: 15
1665031506.716841 -- INFO: Start Process :: 18
1665031506.716931 -- INFO: Start Process :: 19
1665031506.717379 -- INFO: Start Process :: 16
1665031506.717693 -- INFO: Active CC: 20
1665031506.750787 -- INFO: Process 19 get item 68 from queue and executing
1665031506.750952 -- INFO: starting 19, 68, /home/cc/files_to_send/FILE3
1665031506.751844 -- INFO: Process 17 get item 112 from queue and executing
1665031506.751990 -- INFO: starting 17, 112, /home/cc/files_to_send/FILE3
1665031506.752317 -- INFO: Process 18 get item 119 from queue and executing
1665031506.752418 -- INFO: Process 16 get item 20 from queue and executing
1665031506.752462 -- INFO: Process 15 get item 64 from queue and executing
1665031506.752502 -- INFO: starting 18, 119, /home/cc/files_to_send/FILE2
1665031506.752792 -- INFO: starting 15, 64, /home/cc/files_to_send/FILE3
1665031506.752835 -- INFO: starting 16, 20, /home/cc/files_to_send/FILE3
1665031507.633936 -- INFO: Throughput @114.2s:7969.18Mbps, rtt :35.43ms cwnd: 1319.4 lossRate: 1.1675423234092235e-05 CC:20 score:-5362.0 
1665031508.635853 -- INFO: Throughput @115.2s:8564.77Mbps, rtt :36.05ms cwnd: 1483.6 lossRate: 0.0 CC:20 score:-5764.0 
1665031508.814190 -- INFO: Process 17 finished on working on file 112 
1665031508.814926 -- INFO: Process 17 get item 44 from queue and executing
1665031508.815130 -- INFO: starting 17, 44, /home/cc/files_to_send/FILE3
1665031509.636843 -- INFO: Throughput @116.2s:8847.25Mbps, rtt :40.76ms cwnd: 1585.4 lossRate: 0.0 CC:20 score:-5954.0 
1665031509.987648 -- INFO: Process 5 finished on working on file 121 
1665031509.988192 -- INFO: Process 5 get item 10 from queue and executing
1665031509.988397 -- INFO: starting 5, 10, /home/cc/files_to_send/FILE0
1665031510.097059 -- INFO: Iteration 35 Ends, Took 3.38 Seconds. Best Params: [20] and Score: -5693.333333333333.
1665031510.097172 -- INFO: Iteration 36 Starts ...
1665031510.097410 -- INFO: Changing concurrency to 20 ******
1665031510.098396 -- INFO: Process Status Bits from change concurrency are: 1 1 1 1 1 1 1 1 1 1 1 1 1 1 1 1 1 1 1 1 0 0 0 0 0 0 0 0 0 0 0 0
1665031510.099299 -- INFO: Active CC: 20
1665031510.199276 -- INFO: Process 9 finished on working on file 126 
1665031510.199916 -- INFO: Process 9 get item 73 from queue and executing
1665031510.200153 -- INFO: starting 9, 73, /home/cc/files_to_send/FILE1
1665031510.637634 -- INFO: Throughput @117.2s:8366.37Mbps, rtt :34.72ms cwnd: 1292.6 lossRate: 0.00017285940118157766 CC:20 score:-5616.0 
1665031511.549468 -- INFO: Process 0 finished on working on file 27 
1665031511.550112 -- INFO: Process 0 get item 120 from queue and executing
1665031511.550319 -- INFO: starting 0, 120, /home/cc/files_to_send/FILE3
1665031511.638471 -- INFO: Throughput @118.2s:8427.82Mbps, rtt :34.81ms cwnd: 1362.0 lossRate: 0.0 CC:20 score:-5672.0 
1665031512.424358 -- INFO: Process 11 finished on working on file 124 
1665031512.424982 -- INFO: Process 11 get item 24 from queue and executing
1665031512.425215 -- INFO: starting 11, 24, /home/cc/files_to_send/FILE3
1665031512.642239 -- INFO: Throughput @119.2s:8436.21Mbps, rtt :38.54ms cwnd: 1424.6 lossRate: 0.0 CC:20 score:-5677.0 
1665031512.926719 -- INFO: Process 14 finished on working on file 22 
1665031512.927157 -- INFO: Process 14 get item 18 from queue and executing
1665031512.927341 -- INFO: starting 14, 18, /home/cc/files_to_send/FILE0
1665031513.478969 -- INFO: Iteration 36 Ends, Took 3.38 Seconds. Best Params: [20] and Score: -5693.333333333333.
1665031513.479101 -- INFO: Iteration 37 Starts ...
1665031513.479331 -- INFO: Changing concurrency to 19 ******
1665031513.480338 -- INFO: Process Status Bits from change concurrency are: 1 1 1 1 1 1 1 1 1 1 1 1 1 1 1 1 1 1 1 0 0 0 0 0 0 0 0 0 0 0 0 0
1665031513.481246 -- INFO: Active CC: 19
1665031513.640361 -- INFO: Throughput @120.2s:8662.7Mbps, rtt :39.87ms cwnd: 1483.5 lossRate: 0.0 CC:19 score:-5946.0 
1665031513.790017 -- INFO: Process 17 finished on working on file 44 
1665031513.790400 -- INFO: Process 17 get item 4 from queue and executing
1665031513.790538 -- INFO: starting 17, 4, /home/cc/files_to_send/FILE3
1665031513.880755 -- INFO: Process 12 finished on working on file 67 
1665031513.881189 -- INFO: Process 12 get item 70 from queue and executing
1665031513.881344 -- INFO: starting 12, 70, /home/cc/files_to_send/FILE0
1665031514.393214 -- INFO: Process 7 finished on working on file 7 
1665031514.393601 -- INFO: Process 7 get item 17 from queue and executing
1665031514.393761 -- INFO: starting 7, 17, /home/cc/files_to_send/FILE1
1665031514.641995 -- INFO: Throughput @121.2s:8783.07Mbps, rtt :39.94ms cwnd: 1594.0 lossRate: 0 CC:19 score:-6029.0 
1665031514.747110 -- INFO: Process 0 finished on working on file 120 
1665031514.747636 -- INFO: Process 0 get item 5 from queue and executing
1665031514.747827 -- INFO: starting 0, 5, /home/cc/files_to_send/FILE1
1665031514.921425 -- INFO: Process 3 finished on working on file 11 
1665031514.922184 -- INFO: Process 3 get item 26 from queue and executing
1665031514.922423 -- INFO: starting 3, 26, /home/cc/files_to_send/FILE0
1665031515.644026 -- INFO: Throughput @122.2s:8618.02Mbps, rtt :35.98ms cwnd: 1503.4 lossRate: 7.138104819702246e-05 CC:19 score:-5910.0 
1665031515.771536 -- INFO: Process 1 finished on working on file 15 
1665031515.771975 -- INFO: Process 1 get item 13 from queue and executing
1665031515.772160 -- INFO: starting 1, 13, /home/cc/files_to_send/FILE1
1665031516.097517 -- INFO: Process 2 finished on working on file 8 
1665031516.098035 -- INFO: Process 2 get item 68 from queue and executing
1665031516.098233 -- INFO: starting 2, 68, /home/cc/files_to_send/FILE3
1665031516.298907 -- INFO: Process 13 finished on working on file 113 
1665031516.644500 -- INFO: Throughput @123.2s:8497.85Mbps, rtt :36.69ms cwnd: 1526.7 lossRate: 0.0 CC:19 score:-5833.0 
1665031516.854156 -- INFO: Iteration 37 Ends, Took 3.37 Seconds. Best Params: [19] and Score: -5924.0.
1665031516.854262 -- INFO: Iteration 38 Starts ...
1665031516.854473 -- INFO: Changing concurrency to 19 ******
1665031516.855294 -- INFO: Process Status Bits from change concurrency are: 1 1 1 1 1 1 1 1 1 1 1 1 1 1 1 1 1 1 1 0 0 0 0 0 0 0 0 0 0 0 0 0
1665031516.856193 -- INFO: Active CC: 19
1665031517.386401 -- INFO: Process 10 finished on working on file 16 
1665031517.644273 -- INFO: Throughput @124.2s:8662.7Mbps, rtt :34.91ms cwnd: 1576.8 lossRate: 0 CC:19 score:-5946.0 
1665031518.068462 -- INFO: Process 9 finished on working on file 73 
1665031518.264461 -- INFO: Process 8 finished on working on file 19 
1665031518.430333 -- INFO: Process 0 finished on working on file 5 
1665031518.532597 -- INFO: Process 6 finished on working on file 9 
1665031518.589380 -- INFO: Process 18 finished on working on file 119 
1665031518.645281 -- INFO: Throughput @125.2s:8165.23Mbps, rtt :34.39ms cwnd: 1692.4 lossRate: 0 CC:19 score:-5605.0 
1665031518.888452 -- INFO: Process 3 finished on working on file 26 
1665031519.295719 -- INFO: Process 11 finished on working on file 24 
1665031519.646737 -- INFO: Throughput @126.2s:6084.67Mbps, rtt :34.81ms cwnd: 1675.6 lossRate: 0 CC:19 score:-4177.0 
1665031519.920307 -- INFO: Process 14 finished on working on file 18 
1665031520.278797 -- INFO: Iteration 38 Ends, Took 3.42 Seconds. Best Params: [19] and Score: -5924.0.
1665031520.278916 -- INFO: Iteration 39 Starts ...
1665031520.279077 -- INFO: Changing concurrency to 21 ******
1665031520.280180 -- INFO: Process Status Bits from change concurrency are: 1 1 1 1 1 1 1 1 1 1 1 1 1 1 1 1 1 1 1 1 1 0 0 0 0 0 0 0 0 0 0 0
1665031520.280863 -- INFO: Active CC: 21
1665031520.647898 -- INFO: Throughput @127.2s:4938.16Mbps, rtt :34.34ms cwnd: 1630.7 lossRate: 0 CC:21 score:-3258.0 
1665031520.917119 -- INFO: Process 4 finished on working on file 21 
1665031520.918700 -- INFO: Process 5 finished on working on file 10 
1665031521.232298 -- INFO: Process 7 finished on working on file 17 
1665031521.652036 -- INFO: Throughput @128.2s:3783.45Mbps, rtt :34.62ms cwnd: 1611.5 lossRate: 0 CC:21 score:-2496.0 
1665031522.656797 -- INFO: Throughput @129.2s:3154.12Mbps, rtt :34.55ms cwnd: 1632.8 lossRate: 0.0 CC:21 score:-2081.0 
1665031522.807920 -- INFO: Process 2 finished on working on file 68 
1665031523.134974 -- INFO: Process 12 finished on working on file 70 
1665031523.653239 -- INFO: Throughput @130.2s:2242.68Mbps, rtt :34.22ms cwnd: 1409.5 lossRate: 0 CC:21 score:-1480.0 
1665031523.757547 -- INFO: Iteration 39 Ends, Took 3.48 Seconds. Best Params: [19] and Score: -5924.0.
1665031523.757672 -- INFO: Iteration 40 Starts ...
1665031523.757883 -- INFO: Changing concurrency to 19 ******
1665031523.758646 -- INFO: Start Process :: 20
1665031523.758880 -- INFO: Process Status Bits from change concurrency are: 1 1 1 1 1 1 1 1 1 1 1 1 1 1 1 1 1 1 1 0 0 0 0 0 0 0 0 0 0 0 0 0
1665031523.759621 -- INFO: Active CC: 19
1665031523.901840 -- INFO: Process 1 finished on working on file 13 
1665031523.961242 -- INFO: Process 17 finished on working on file 4 
1665031524.653589 -- INFO: Throughput @131.2s:841.79Mbps, rtt :34.22ms cwnd: 680.5 lossRate: 0 CC:19 score:-578.0 
1665031525.656772 -- INFO: Throughput @132.2s:486.54Mbps, rtt :34.23ms cwnd: 782.5 lossRate: 0.0 CC:19 score:-334.0 
1665031526.659502 -- INFO: Throughput @133.2s:570.43Mbps, rtt :34.45ms cwnd: 902.5 lossRate: 0.0 CC:19 score:-392.0 
1665031527.131752 -- INFO: Iteration 40 Ends, Took 3.37 Seconds. Best Params: [19] and Score: -5924.0.
1665031527.131854 -- INFO: Iteration 41 Starts ...
1665031527.132062 -- INFO: Changing concurrency to 20 ******
1665031527.133051 -- INFO: Process Status Bits from change concurrency are: 1 1 1 1 1 1 1 1 1 1 1 1 1 1 1 1 1 1 1 1 0 0 0 0 0 0 0 0 0 0 0 0
1665031527.133993 -- INFO: Active CC: 20
1665031527.660088 -- INFO: Throughput @134.2s:645.92Mbps, rtt :34.5ms cwnd: 1043.5 lossRate: 0.0 CC:20 score:-435.0 
1665031528.660451 -- INFO: Throughput @135.2s:754.97Mbps, rtt :34.29ms cwnd: 1221.5 lossRate: 0.0 CC:20 score:-508.0 
1665031529.661230 -- INFO: Throughput @136.2s:872.42Mbps, rtt :34.33ms cwnd: 1397.5 lossRate: 0.0 CC:20 score:-587.0 
1665031529.792338 -- INFO: Process 16 finished on working on file 20 
1665031530.502412 -- INFO: Iteration 41 Ends, Took 3.37 Seconds. Best Params: [19] and Score: -5924.0.
1665031530.502543 -- INFO: Iteration 42 Starts ...
1665031530.502740 -- INFO: Changing concurrency to 31 ******
1665031530.503615 -- INFO: Process Status Bits from change concurrency are: 1 1 1 1 1 1 1 1 1 1 1 1 1 1 1 1 1 1 1 1 1 1 1 1 1 1 1 1 1 1 1 0
1665031530.503825 -- INFO: Active CC: 31
1665031530.661862 -- INFO: Throughput @137.2s:324.42Mbps, rtt :34.57ms cwnd: 725.0 lossRate: 0 CC:31 score:-176.0 
1665031531.663241 -- INFO: Throughput @138.2s:260.05Mbps, rtt :36.49ms cwnd: 849.0 lossRate: 0.0 CC:31 score:-141.0 
1665031532.664065 -- INFO: Throughput @139.2s:301.99Mbps, rtt :34.61ms cwnd: 1004.0 lossRate: 0.0 CC:31 score:-163.0 
1665031533.666121 -- INFO: Throughput @140.2s:360.71Mbps, rtt :34.65ms cwnd: 1185.0 lossRate: 0.0 CC:31 score:-195.0 
1665031533.852612 -- INFO: Iteration 42 Ends, Took 3.35 Seconds. Best Params: [19] and Score: -5924.0.
1665031533.852751 -- INFO: Iteration 43 Starts ...
1665031533.853004 -- INFO: Changing concurrency to 32 ******
1665031533.853312 -- INFO: Process Status Bits from change concurrency are: 1 1 1 1 1 1 1 1 1 1 1 1 1 1 1 1 1 1 1 1 1 1 1 1 1 1 1 1 1 1 1 1
1665031533.853421 -- INFO: Active CC: 32
1665031534.662875 -- INFO: Throughput @141.2s:427.82Mbps, rtt :34.84ms cwnd: 1401.0 lossRate: 0.0 CC:32 score:-227.0 
1665031534.682903 -- INFO: Process 15 finished on working on file 64 
1665031534.682970 -- INFO: Process 18 shutdown itself from outest loop
1665031534.683077 -- INFO: Process 22 shutdown itself from outest loop
1665031534.682983 -- INFO: Process 9 shutdown itself from outest loop
1665031534.683174 -- INFO: Process Status Bits are: 1 1 1 1 1 1 1 1 0 0 1 1 1 1 1 1 1 1 0 1 1 1 0 1 1 1 1 1 1 1 1 1
1665031534.683257 -- INFO: Process Status Bits are: 1 1 1 1 1 1 1 1 0 0 1 1 1 1 1 1 1 1 0 1 1 1 0 1 1 1 1 1 1 1 1 1
1665031534.683387 -- INFO: Process Status Bits are: 1 1 1 1 1 1 1 1 0 0 1 1 1 1 1 1 1 1 0 1 1 1 0 1 1 1 0 1 1 1 1 1
1665031534.683260 -- INFO: Process 8 shutdown itself from outest loop
1665031534.683393 -- INFO: Process 26 shutdown itself from outest loop
1665031534.683486 -- INFO: Process 21 shutdown itself from outest loop
1665031534.683583 -- INFO: Process 31 shutdown itself from outest loop
1665031534.683656 -- INFO: Process Status Bits are: 1 1 1 1 1 1 1 1 0 0 1 0 0 1 1 1 1 1 0 1 1 0 0 1 1 1 0 1 1 1 1 0
1665031534.683700 -- INFO: Process Status Bits are: 1 1 1 1 1 1 1 1 0 0 1 0 0 1 1 1 1 1 0 1 1 0 0 1 1 1 0 1 1 1 1 0
1665031534.683560 -- INFO: Process 11 shutdown itself from outest loop
1665031534.683752 -- INFO: Process Status Bits are: 1 1 1 1 1 1 1 1 0 0 1 0 0 1 1 1 1 1 0 1 1 0 0 1 1 1 0 1 1 1 1 0
1665031534.683774 -- INFO: Process Status Bits are: 1 1 1 1 1 1 1 1 0 0 1 0 0 1 1 1 1 1 0 1 1 0 0 1 1 1 0 1 1 1 1 0
1665031534.683642 -- INFO: Process 12 shutdown itself from outest loop
1665031534.683900 -- INFO: Process Status Bits are: 1 1 1 1 1 1 1 1 0 0 1 0 0 1 1 1 1 1 0 1 1 0 0 1 1 1 0 1 1 1 1 0
1665031534.683969 -- INFO: Process 17 shutdown itself from outest loop
1665031534.683944 -- INFO: Process 16 shutdown itself from outest loop
1665031534.684128 -- INFO: Process Status Bits are: 1 1 1 1 1 1 1 1 0 0 1 0 0 1 1 1 0 0 0 1 0 0 0 1 1 1 0 1 1 1 1 0
1665031534.684115 -- INFO: Process Status Bits are: 1 1 1 1 1 1 1 1 0 0 1 0 0 1 1 1 0 0 0 1 0 0 0 1 1 1 0 1 1 1 1 0
1665031534.684078 -- INFO: Process 20 shutdown itself from outest loop
1665031534.684227 -- INFO: Process Status Bits are: 0 1 1 1 1 1 1 1 0 0 1 0 0 1 1 1 0 0 0 1 0 0 0 1 1 1 0 1 1 1 1 0
1665031534.684273 -- INFO: Process Status Bits are: 0 0 1 1 1 1 1 1 0 0 1 0 0 1 1 1 0 0 0 1 0 0 0 1 1 1 0 1 1 1 1 0
1665031534.684279 -- INFO: Process 1 shutdown itself from outest loop
1665031534.684253 -- INFO: Process 0 shutdown itself from outest loop
1665031534.684469 -- INFO: Process Status Bits are: 0 0 1 1 1 1 1 1 0 0 1 0 0 1 1 1 0 0 0 1 0 0 0 1 1 1 0 1 1 0 1 0
1665031534.684522 -- INFO: Process Status Bits are: 0 0 0 1 1 1 1 1 0 0 1 0 0 1 1 1 0 0 0 1 0 0 0 1 1 1 0 1 1 0 1 0
1665031534.684428 -- INFO: Process 29 shutdown itself from outest loop
1665031534.684576 -- INFO: Process 2 shutdown itself from outest loop
1665031534.684773 -- INFO: Process Status Bits are: 0 0 0 1 1 1 1 1 0 0 1 0 0 1 1 1 0 0 0 1 0 0 0 1 1 1 0 1 1 0 1 0
1665031534.684827 -- INFO: Process Status Bits are: 0 0 0 1 1 1 1 1 0 0 1 0 0 1 1 1 0 0 0 1 0 0 0 1 1 1 0 1 1 0 1 0
1665031534.685142 -- INFO: Process 5 shutdown itself from outest loop
1665031534.685289 -- INFO: Process 10 shutdown itself from outest loop
1665031534.685282 -- INFO: Process 25 shutdown itself from outest loop
1665031534.685399 -- INFO: Process Status Bits are: 0 0 0 1 1 0 1 1 0 0 0 0 0 1 1 1 0 0 0 0 0 0 0 1 1 0 0 1 1 0 1 0
1665031534.685390 -- INFO: Process Status Bits are: 0 0 0 1 1 0 1 1 0 0 0 0 0 1 1 1 0 0 0 0 0 0 0 1 1 0 0 1 1 0 1 0
1665031534.685463 -- INFO: Process 27 shutdown itself from outest loop
1665031534.685518 -- INFO: Process 15 shutdown itself from outest loop
1665031534.685544 -- INFO: Process Status Bits are: 0 0 0 1 1 0 1 1 0 0 0 0 0 1 1 0 0 0 0 0 0 0 0 1 1 0 0 0 1 0 1 0
1665031534.685595 -- INFO: Process Status Bits are: 0 0 0 1 1 0 1 1 0 0 0 0 0 1 1 0 0 0 0 0 0 0 0 0 1 0 0 0 1 0 1 0
1665031534.685719 -- INFO: Process Status Bits are: 0 0 0 1 1 0 1 1 0 0 0 0 0 1 1 0 0 0 0 0 0 0 0 0 1 0 0 0 1 0 1 0
1665031534.685611 -- INFO: Process 23 shutdown itself from outest loop
1665031534.685996 -- INFO: Process Status Bits are: 0 0 0 1 1 0 1 1 0 0 0 0 0 1 1 0 0 0 0 0 0 0 0 0 1 0 0 0 0 0 1 0
1665031534.685969 -- INFO: Process 28 shutdown itself from outest loop
1665031534.686203 -- INFO: Process Status Bits are: 0 0 0 1 1 0 1 1 0 0 0 0 0 0 1 0 0 0 0 0 0 0 0 0 1 0 0 0 0 0 1 0
1665031534.686183 -- INFO: Process 13 shutdown itself from outest loop
1665031534.686332 -- INFO: Process Status Bits are: 0 0 0 1 1 0 1 1 0 0 0 0 0 0 1 0 0 0 0 0 0 0 0 0 1 0 0 0 0 0 1 0
1665031534.685562 -- INFO: Process 19 shutdown itself from outest loop
1665031534.686455 -- INFO: Process 30 shutdown itself from outest loop
1665031534.686550 -- INFO: Process 6 shutdown itself from outest loop
1665031534.686700 -- INFO: Process Status Bits are: 0 0 0 1 1 0 0 1 0 0 0 0 0 0 1 0 0 0 0 0 0 0 0 0 1 0 0 0 0 0 0 0
1665031534.686722 -- INFO: Process Status Bits are: 0 0 0 1 1 0 0 1 0 0 0 0 0 0 1 0 0 0 0 0 0 0 0 0 1 0 0 0 0 0 0 0
1665031534.686737 -- INFO: Process Status Bits are: 0 0 0 1 1 0 0 1 0 0 0 0 0 0 1 0 0 0 0 0 0 0 0 0 1 0 0 0 0 0 0 0
1665031534.686764 -- INFO: Process 14 shutdown itself from outest loop
1665031534.686898 -- INFO: Process Status Bits are: 0 0 0 1 1 0 0 1 0 0 0 0 0 0 0 0 0 0 0 0 0 0 0 0 1 0 0 0 0 0 0 0
1665031534.687111 -- INFO: Process 3 shutdown itself from outest loop
1665031534.687500 -- INFO: Process 4 shutdown itself from outest loop
1665031534.687542 -- INFO: Process Status Bits are: 0 0 0 0 0 0 0 1 0 0 0 0 0 0 0 0 0 0 0 0 0 0 0 0 1 0 0 0 0 0 0 0
1665031534.687632 -- INFO: Process Status Bits are: 0 0 0 0 0 0 0 1 0 0 0 0 0 0 0 0 0 0 0 0 0 0 0 0 0 0 0 0 0 0 0 0
1665031534.687650 -- INFO: Process 7 shutdown itself from outest loop
1665031534.687770 -- INFO: Process Status Bits are: 0 0 0 0 0 0 0 0 0 0 0 0 0 0 0 0 0 0 0 0 0 0 0 0 0 0 0 0 0 0 0 0
1665031534.687797 -- INFO: Process 24 shutdown itself from outest loop
1665031534.688256 -- INFO: Process Status Bits are: 0 0 0 0 0 0 0 0 0 0 0 0 0 0 0 0 0 0 0 0 0 0 0 0 0 0 0 0 0 0 0 0
1665031537.186609 -- INFO: Iteration 43 Ends, Took 3.33 Seconds. Best Params: [19] and Score: -5924.0.
1665031537.186746 -- INFO: Iteration 44 Starts ...
1665031537.376172 -- INFO: Iteration 44 Ends, Took 0.19 Seconds. Best Params: [19] and Score: -5924.0.
1665031537.376249 -- INFO: Bayseian Optimizer Exits ...
1665031537.567945 -- INFO: Throughput @0.1s:0.0Mbps, rtt :0.0ms cwnd: 0.0 lossRate: 0 CC:0 score:-0.0 
