1664845151.193773 -- INFO: Iteration 1 Starts ...
1664845151.195106 -- INFO: Changing concurrency to 15 ******
1664845151.197220 -- INFO: Start Process :: 0
1664845151.199219 -- INFO: Start Process :: 2
1664845151.199653 -- INFO: Start Process :: 1
1664845151.200865 -- INFO: Start Process :: 4
1664845151.201534 -- INFO: Start Process :: 3
1664845151.202521 -- INFO: Process Status Bits from change concurrency are: 1 1 1 1 1 1 1 1 1 1 1 1 1 1 1 0 0 0 0 0 0 0 0 0 0 0 0 0 0 0 0 0
1664845151.203734 -- INFO: Start Process :: 6
1664845151.204025 -- INFO: Start Process :: 7
1664845151.204315 -- INFO: Start Process :: 5
1664845151.205363 -- INFO: Start Process :: 9
1664845151.205928 -- INFO: Start Process :: 10
1664845151.207360 -- INFO: Active CC: 15
1664845151.207100 -- INFO: Start Process :: 8
1664845151.207300 -- INFO: Start Process :: 11
1664845151.207927 -- INFO: Start Process :: 13
1664845151.208049 -- INFO: Start Process :: 12
1664845151.208517 -- INFO: Start Process :: 14
1664845151.237218 -- INFO: Process 0 get item 0 from queue and executing
1664845151.237783 -- INFO: starting 0, 0, /users/jamilm/files_to_Send/FILE2
1664845151.239308 -- INFO: Process 2 get item 1 from queue and executing
1664845151.239691 -- INFO: Process 1 get item 2 from queue and executing
1664845151.239974 -- INFO: starting 2, 1, /users/jamilm/files_to_Send/FILE1
1664845151.240210 -- INFO: starting 1, 2, /users/jamilm/files_to_Send/FILE0
1664845151.240682 -- INFO: Process 4 get item 3 from queue and executing
1664845151.241142 -- INFO: starting 4, 3, /users/jamilm/files_to_Send/FILE3
1664845151.241367 -- INFO: Process 3 get item 4 from queue and executing
1664845151.241972 -- INFO: starting 3, 4, /users/jamilm/files_to_Send/FILE2
1664845151.243789 -- INFO: Process 7 get item 5 from queue and executing
1664845151.243962 -- INFO: Process 6 get item 6 from queue and executing
1664845151.244379 -- INFO: starting 7, 5, /users/jamilm/files_to_Send/FILE1
1664845151.244368 -- INFO: Process 5 get item 7 from queue and executing
1664845151.244473 -- INFO: starting 6, 6, /users/jamilm/files_to_Send/FILE0
1664845151.244901 -- INFO: starting 5, 7, /users/jamilm/files_to_Send/FILE3
1664845151.245650 -- INFO: Process 9 get item 8 from queue and executing
1664845151.245747 -- INFO: Process 10 get item 9 from queue and executing
1664845151.246072 -- INFO: starting 9, 8, /users/jamilm/files_to_Send/FILE2
1664845151.246158 -- INFO: starting 10, 9, /users/jamilm/files_to_Send/FILE1
1664845151.246780 -- INFO: Process 8 get item 10 from queue and executing
1664845151.247297 -- INFO: Process 11 get item 11 from queue and executing
1664845151.247674 -- INFO: starting 8, 10, /users/jamilm/files_to_Send/FILE0
1664845151.247676 -- INFO: Process 12 get item 12 from queue and executing
1664845151.247781 -- INFO: starting 11, 11, /users/jamilm/files_to_Send/FILE3
1664845151.247846 -- INFO: Process 13 get item 13 from queue and executing
1664845151.248201 -- INFO: Process 14 get item 14 from queue and executing
1664845151.248202 -- INFO: starting 12, 12, /users/jamilm/files_to_Send/FILE2
1664845151.248346 -- INFO: starting 13, 13, /users/jamilm/files_to_Send/FILE1
1664845151.248502 -- INFO: starting 14, 14, /users/jamilm/files_to_Send/FILE0
1664845151.256590 -- INFO: Throughput @0.1s:0.0Mbps, rtt :38.53ms cwnd: 10.0 lossRate: 0.0 CC:15 score:-0.0 
1664845152.253557 -- INFO: Throughput @1.1s:161.85Mbps, rtt :39.19ms cwnd: 44.1 lossRate: 0.0015457277801631602 CC:15 score:-118.0 
1664845153.254363 -- INFO: Throughput @2.1s:266.77Mbps, rtt :38.74ms cwnd: 71.2 lossRate: 0.0009140767824497258 CC:15 score:-196.0 
1664845154.256175 -- INFO: Throughput @3.1s:287.7Mbps, rtt :38.73ms cwnd: 81.5 lossRate: 0.0009101701622477246 CC:15 score:-211.0 
1664845154.416203 -- INFO: Iteration 1 Ends, Took 3.22 Seconds. Best Params: [15] and Score: -175.0.
1664845154.417084 -- INFO: Iteration 2 Starts ...
1664845154.420521 -- INFO: Changing concurrency to 14 ******
1664845154.423546 -- INFO: Process Status Bits from change concurrency are: 1 1 1 1 1 1 1 1 1 1 1 1 1 1 0 0 0 0 0 0 0 0 0 0 0 0 0 0 0 0 0 0
1664845154.425333 -- INFO: Active CC: 14
1664845155.256068 -- INFO: Throughput @4.1s:294.23Mbps, rtt :38.76ms cwnd: 87.7 lossRate: 0.0006404684569284963 CC:14 score:-221.0 
1664845156.258115 -- INFO: Throughput @5.1s:269.63Mbps, rtt :39.09ms cwnd: 80.3 lossRate: 0.0013717421124828531 CC:14 score:-201.0 
1664845157.258589 -- INFO: Throughput @6.1s:266.03Mbps, rtt :38.87ms cwnd: 83.7 lossRate: 0.0005696757230499561 CC:14 score:-200.0 
1664845157.626829 -- INFO: Iteration 2 Ends, Took 3.21 Seconds. Best Params: [14] and Score: -207.33333333333334.
1664845157.626997 -- INFO: Iteration 3 Starts ...
1664845157.627499 -- INFO: Changing concurrency to 26 ******
1664845157.629400 -- INFO: Start Process :: 14
1664845157.630211 -- INFO: Process Status Bits from change concurrency are: 1 1 1 1 1 1 1 1 1 1 1 1 1 1 1 1 1 1 1 1 1 1 1 1 1 1 0 0 0 0 0 0
1664845157.631106 -- INFO: Active CC: 26
1664845157.633296 -- INFO: Start Process :: 15
1664845157.634602 -- INFO: Start Process :: 18
1664845157.636488 -- INFO: Start Process :: 20
1664845157.637516 -- INFO: Start Process :: 16
1664845157.637399 -- INFO: Start Process :: 19
1664845157.638096 -- INFO: Start Process :: 22
1664845157.639336 -- INFO: Start Process :: 23
1664845157.639351 -- INFO: Start Process :: 25
1664845157.639834 -- INFO: Start Process :: 24
1664845157.640720 -- INFO: Start Process :: 21
1664845157.641245 -- INFO: Start Process :: 17
1664845157.668782 -- INFO: Process 14 get item 15 from queue and executing
1664845157.669209 -- INFO: starting 14, 15, /users/jamilm/files_to_Send/FILE3
1664845157.673069 -- INFO: Process 15 get item 16 from queue and executing
1664845157.673452 -- INFO: starting 15, 16, /users/jamilm/files_to_Send/FILE2
1664845157.674422 -- INFO: Process 18 get item 17 from queue and executing
1664845157.674727 -- INFO: starting 18, 17, /users/jamilm/files_to_Send/FILE1
1664845157.676157 -- INFO: Process 20 get item 18 from queue and executing
1664845157.676478 -- INFO: starting 20, 18, /users/jamilm/files_to_Send/FILE0
1664845157.677014 -- INFO: Process 16 get item 19 from queue and executing
1664845157.677335 -- INFO: starting 16, 19, /users/jamilm/files_to_Send/FILE3
1664845157.677541 -- INFO: Process 19 get item 20 from queue and executing
1664845157.678016 -- INFO: Process 22 get item 21 from queue and executing
1664845157.678083 -- INFO: starting 19, 20, /users/jamilm/files_to_Send/FILE2
1664845157.678607 -- INFO: starting 22, 21, /users/jamilm/files_to_Send/FILE1
1664845157.679257 -- INFO: Process 23 get item 22 from queue and executing
1664845157.679572 -- INFO: starting 23, 22, /users/jamilm/files_to_Send/FILE0
1664845157.679871 -- INFO: Process 25 get item 23 from queue and executing
1664845157.680259 -- INFO: starting 25, 23, /users/jamilm/files_to_Send/FILE3
1664845157.680326 -- INFO: Process 24 get item 24 from queue and executing
1664845157.680724 -- INFO: starting 24, 24, /users/jamilm/files_to_Send/FILE2
1664845157.680738 -- INFO: Process 21 get item 25 from queue and executing
1664845157.681170 -- INFO: starting 21, 25, /users/jamilm/files_to_Send/FILE1
1664845157.681973 -- INFO: Process 17 get item 26 from queue and executing
1664845157.682624 -- INFO: starting 17, 26, /users/jamilm/files_to_Send/FILE0
1664845158.254939 -- INFO: Throughput @7.1s:370.35Mbps, rtt :38.84ms cwnd: 61.2 lossRate: 0.0011691884456671252 CC:26 score:-217.0 
1664845159.255649 -- INFO: Throughput @8.1s:592.2Mbps, rtt :38.93ms cwnd: 95.8 lossRate: 0.0007034822370735139 CC:26 score:-350.0 
1664845160.258009 -- INFO: Throughput @9.1s:680.78Mbps, rtt :39.18ms cwnd: 122.0 lossRate: 0.0008794199147128611 CC:26 score:-401.0 
1664845161.257480 -- INFO: Throughput @10.1s:651.67Mbps, rtt :39.03ms cwnd: 118.4 lossRate: 0.000991294630787809 CC:26 score:-383.0 
1664845161.422925 -- INFO: Iteration 3 Ends, Took 3.8 Seconds. Best Params: [26] and Score: -322.6666666666667.
1664845161.423083 -- INFO: Iteration 4 Starts ...
1664845161.423239 -- INFO: Changing concurrency to 28 ******
1664845161.423744 -- INFO: Process Status Bits from change concurrency are: 1 1 1 1 1 1 1 1 1 1 1 1 1 1 1 1 1 1 1 1 1 1 1 1 1 1 1 1 0 0 0 0
1664845161.424084 -- INFO: Active CC: 28
1664845161.426894 -- INFO: Start Process :: 26
1664845161.428320 -- INFO: Start Process :: 27
1664845161.467738 -- INFO: Process 26 get item 27 from queue and executing
1664845161.468095 -- INFO: starting 26, 27, /users/jamilm/files_to_Send/FILE3
1664845161.468137 -- INFO: Process 27 get item 28 from queue and executing
1664845161.468515 -- INFO: starting 27, 28, /users/jamilm/files_to_Send/FILE2
1664845162.256236 -- INFO: Throughput @11.1s:665.37Mbps, rtt :39.22ms cwnd: 112.0 lossRate: 0.0006148656957644538 CC:28 score:-378.0 
1664845163.262350 -- INFO: Throughput @12.1s:678.87Mbps, rtt :39.08ms cwnd: 113.6 lossRate: 0.0007373872483451659 CC:28 score:-385.0 
1664845164.262372 -- INFO: Throughput @13.1s:690.24Mbps, rtt :39.16ms cwnd: 117.1 lossRate: 0.000629915897715278 CC:28 score:-392.0 
1664845165.013708 -- INFO: Iteration 4 Ends, Took 3.59 Seconds. Best Params: [28] and Score: -385.0.
1664845165.013903 -- INFO: Iteration 5 Starts ...
1664845165.014066 -- INFO: Changing concurrency to 31 ******
1664845165.014519 -- INFO: Process Status Bits from change concurrency are: 1 1 1 1 1 1 1 1 1 1 1 1 1 1 1 1 1 1 1 1 1 1 1 1 1 1 1 1 1 1 1 0
1664845165.014821 -- INFO: Active CC: 31
1664845165.016551 -- INFO: Start Process :: 30
1664845165.016630 -- INFO: Start Process :: 28
1664845165.017478 -- INFO: Start Process :: 29
1664845165.055968 -- INFO: Process 30 get item 29 from queue and executing
1664845165.056058 -- INFO: Process 28 get item 30 from queue and executing
1664845165.056226 -- INFO: starting 30, 29, /users/jamilm/files_to_Send/FILE1
1664845165.056295 -- INFO: starting 28, 30, /users/jamilm/files_to_Send/FILE0
1664845165.057079 -- INFO: Process 29 get item 31 from queue and executing
1664845165.057417 -- INFO: starting 29, 31, /users/jamilm/files_to_Send/FILE3
1664845165.259006 -- INFO: Throughput @14.1s:647.3Mbps, rtt :39.25ms cwnd: 102.7 lossRate: 0.0009258754969772888 CC:31 score:-344.0 
1664845166.263855 -- INFO: Throughput @15.1s:649.23Mbps, rtt :39.0ms cwnd: 91.4 lossRate: 0.0016355140186915889 CC:31 score:-341.0 
1664845167.266309 -- INFO: Throughput @16.1s:651.12Mbps, rtt :38.93ms cwnd: 79.8 lossRate: 0.0012985626867795645 CC:31 score:-344.0 
1664845168.266917 -- INFO: Throughput @17.1s:627.25Mbps, rtt :38.84ms cwnd: 79.6 lossRate: 0.000957766194537049 CC:31 score:-333.0 
1664845168.448247 -- INFO: Iteration 5 Ends, Took 3.43 Seconds. Best Params: [28] and Score: -385.0.
1664845168.448430 -- INFO: Iteration 6 Starts ...
1664845168.448610 -- INFO: Changing concurrency to 29 ******
1664845168.448958 -- INFO: Process Status Bits from change concurrency are: 1 1 1 1 1 1 1 1 1 1 1 1 1 1 1 1 1 1 1 1 1 1 1 1 1 1 1 1 1 0 0 0
1664845168.449255 -- INFO: Active CC: 29
1664845169.265802 -- INFO: Throughput @18.1s:634.88Mbps, rtt :38.83ms cwnd: 77.5 lossRate: 0.0008751458576429405 CC:29 score:-352.0 
1664845170.269966 -- INFO: Throughput @19.1s:614.96Mbps, rtt :38.88ms cwnd: 70.8 lossRate: 0.0008209710369055119 CC:29 score:-341.0 
1664845171.270854 -- INFO: Throughput @20.1s:591.51Mbps, rtt :38.9ms cwnd: 65.9 lossRate: 0.0014009806864805363 CC:29 score:-325.0 
1664845171.824044 -- INFO: Iteration 6 Ends, Took 3.38 Seconds. Best Params: [28] and Score: -385.0.
1664845171.824329 -- INFO: Iteration 7 Starts ...
1664845171.824678 -- INFO: Changing concurrency to 1 ******
1664845171.825812 -- INFO: Process Status Bits from change concurrency are: 1 0 0 0 0 0 0 0 0 0 0 0 0 0 0 0 0 0 0 0 0 0 0 0 0 0 0 0 0 0 0 0
1664845171.826844 -- INFO: Active CC: 1
1664845172.275161 -- INFO: Throughput @21.1s:360.94Mbps, rtt :38.75ms cwnd: 49.9 lossRate: 0 CC:1 score:-354.0 
1664845173.272400 -- INFO: Throughput @22.1s:14.6Mbps, rtt :38.62ms cwnd: 41.0 lossRate: 0 CC:1 score:-14.0 
1664845174.271516 -- INFO: Throughput @23.1s:10.43Mbps, rtt :39.11ms cwnd: 38.0 lossRate: 0.0020512820512820513 CC:1 score:-10.0 
1664845175.251380 -- INFO: Iteration 7 Ends, Took 3.43 Seconds. Best Params: [28] and Score: -385.0.
1664845175.251544 -- INFO: Iteration 8 Starts ...
1664845175.251793 -- INFO: Changing concurrency to 32 ******
1664845175.253201 -- INFO: Start Process :: 1
1664845175.253380 -- INFO: Start Process :: 2
1664845175.254035 -- INFO: Start Process :: 4
1664845175.254143 -- INFO: Start Process :: 5
1664845175.254903 -- INFO: Start Process :: 8
1664845175.255180 -- INFO: Start Process :: 9
1664845175.255297 -- INFO: Start Process :: 6
1664845175.255208 -- INFO: Start Process :: 7
1664845175.255656 -- INFO: Start Process :: 10
1664845175.255844 -- INFO: Start Process :: 11
1664845175.255766 -- INFO: Start Process :: 3
1664845175.256934 -- INFO: Start Process :: 15
1664845175.257247 -- INFO: Start Process :: 14
1664845175.257391 -- INFO: Start Process :: 17
1664845175.257351 -- INFO: Start Process :: 13
1664845175.257919 -- INFO: Start Process :: 18
1664845175.258160 -- INFO: Start Process :: 21
1664845175.258271 -- INFO: Start Process :: 23
1664845175.258355 -- INFO: Start Process :: 16
1664845175.258049 -- INFO: Start Process :: 12
1664845175.258932 -- INFO: Process Status Bits from change concurrency are: 1 1 1 1 1 1 1 1 1 1 1 1 1 1 1 1 1 1 1 1 1 1 1 1 1 1 1 1 1 1 1 1
1664845175.258793 -- INFO: Start Process :: 20
1664845175.259003 -- INFO: Start Process :: 28
1664845175.259382 -- INFO: Active CC: 32
1664845175.259739 -- INFO: Start Process :: 30
1664845175.259649 -- INFO: Start Process :: 27
1664845175.259930 -- INFO: Start Process :: 26
1664845175.260348 -- INFO: Start Process :: 29
1664845175.260263 -- INFO: Start Process :: 25
1664845175.260610 -- INFO: Start Process :: 24
1664845175.260760 -- INFO: Start Process :: 22
1664845175.261940 -- INFO: Start Process :: 19
1664845175.263296 -- INFO: Start Process :: 31
1664845175.279027 -- INFO: Throughput @24.1s:14.6Mbps, rtt :38.92ms cwnd: 11.3 lossRate: 0.0 CC:19 score:-10.0 
1664845175.292516 -- INFO: Process 1 get item 14 from queue and executing
1664845175.292619 -- INFO: Process 2 get item 29 from queue and executing
1664845175.293021 -- INFO: starting 1, 14, /users/jamilm/files_to_Send/FILE0
1664845175.293121 -- INFO: starting 2, 29, /users/jamilm/files_to_Send/FILE1
1664845175.293646 -- INFO: Process 4 get item 31 from queue and executing
1664845175.294135 -- INFO: starting 4, 31, /users/jamilm/files_to_Send/FILE3
1664845175.294637 -- INFO: Process 8 get item 10 from queue and executing
1664845175.294369 -- INFO: Process 5 get item 16 from queue and executing
1664845175.294907 -- INFO: Process 6 get item 28 from queue and executing
1664845175.295001 -- INFO: starting 8, 10, /users/jamilm/files_to_Send/FILE0
1664845175.295272 -- INFO: starting 5, 16, /users/jamilm/files_to_Send/FILE2
1664845175.295410 -- INFO: starting 6, 28, /users/jamilm/files_to_Send/FILE2
1664845175.296654 -- INFO: Process 9 get item 11 from queue and executing
1664845175.297151 -- INFO: starting 9, 11, /users/jamilm/files_to_Send/FILE3
1664845175.297453 -- INFO: Process 7 get item 30 from queue and executing
1664845175.298135 -- INFO: starting 7, 30, /users/jamilm/files_to_Send/FILE0
1664845175.298416 -- INFO: Process 3 get item 7 from queue and executing
1664845175.298530 -- INFO: Process 18 get item 8 from queue and executing
1664845175.298664 -- INFO: Process 23 get item 2 from queue and executing
1664845175.299042 -- INFO: starting 3, 7, /users/jamilm/files_to_Send/FILE3
1664845175.299056 -- INFO: starting 18, 8, /users/jamilm/files_to_Send/FILE2
1664845175.299078 -- INFO: starting 23, 2, /users/jamilm/files_to_Send/FILE0
1664845175.299273 -- INFO: Process 15 get item 20 from queue and executing
1664845175.299583 -- INFO: Process 17 get item 9 from queue and executing
1664845175.299720 -- INFO: Process 13 get item 12 from queue and executing
1664845175.299462 -- INFO: Process 11 get item 22 from queue and executing
1664845175.299955 -- INFO: Process 10 get item 26 from queue and executing
1664845175.300299 -- INFO: Process 27 get item 18 from queue and executing
1664845175.300514 -- INFO: starting 15, 20, /users/jamilm/files_to_Send/FILE2
1664845175.300526 -- INFO: starting 13, 12, /users/jamilm/files_to_Send/FILE2
1664845175.300537 -- INFO: starting 17, 9, /users/jamilm/files_to_Send/FILE1
1664845175.300787 -- INFO: starting 27, 18, /users/jamilm/files_to_Send/FILE0
1664845175.300953 -- INFO: starting 10, 26, /users/jamilm/files_to_Send/FILE0
1664845175.300920 -- INFO: Process 12 get item 24 from queue and executing
1664845175.301034 -- INFO: Process 21 get item 5 from queue and executing
1664845175.301158 -- INFO: Process 16 get item 17 from queue and executing
1664845175.301162 -- INFO: Process 14 get item 3 from queue and executing
1664845175.301939 -- INFO: starting 11, 22, /users/jamilm/files_to_Send/FILE0
1664845175.301917 -- INFO: Process 28 get item 4 from queue and executing
1664845175.302123 -- INFO: Process 20 get item 27 from queue and executing
1664845175.302223 -- INFO: Process 24 get item 21 from queue and executing
1664845175.302889 -- INFO: starting 24, 21, /users/jamilm/files_to_Send/FILE1
1664845175.302901 -- INFO: Process 22 get item 13 from queue and executing
1664845175.303310 -- INFO: starting 12, 24, /users/jamilm/files_to_Send/FILE2
1664845175.303212 -- INFO: Process 30 get item 19 from queue and executing
1664845175.303503 -- INFO: starting 22, 13, /users/jamilm/files_to_Send/FILE1
1664845175.303676 -- INFO: Process 29 get item 1 from queue and executing
1664845175.303512 -- INFO: starting 21, 5, /users/jamilm/files_to_Send/FILE1
1664845175.304130 -- INFO: starting 30, 19, /users/jamilm/files_to_Send/FILE3
1664845175.304251 -- INFO: starting 29, 1, /users/jamilm/files_to_Send/FILE1
1664845175.304438 -- INFO: Process 19 get item 23 from queue and executing
1664845175.303584 -- INFO: Process 26 get item 25 from queue and executing
1664845175.305236 -- INFO: starting 14, 3, /users/jamilm/files_to_Send/FILE3
1664845175.305792 -- INFO: starting 26, 25, /users/jamilm/files_to_Send/FILE1
1664845175.306230 -- INFO: starting 28, 4, /users/jamilm/files_to_Send/FILE2
1664845175.304864 -- INFO: Process 25 get item 15 from queue and executing
1664845175.305087 -- INFO: starting 19, 23, /users/jamilm/files_to_Send/FILE3
1664845175.306985 -- INFO: starting 20, 27, /users/jamilm/files_to_Send/FILE3
1664845175.305117 -- INFO: starting 16, 17, /users/jamilm/files_to_Send/FILE1
1664845175.308650 -- INFO: Process 31 get item 6 from queue and executing
1664845175.308825 -- INFO: starting 25, 15, /users/jamilm/files_to_Send/FILE3
1664845175.309081 -- INFO: starting 31, 6, /users/jamilm/files_to_Send/FILE0
1664845176.270286 -- INFO: Throughput @25.1s:488.25Mbps, rtt :38.99ms cwnd: 63.5 lossRate: 0.0009022906540151934 CC:32 score:-255.0 
1664845177.274209 -- INFO: Throughput @26.1s:791.85Mbps, rtt :38.96ms cwnd: 94.0 lossRate: 0.0012577663282315502 CC:32 score:-410.0 
1664845178.271256 -- INFO: Throughput @27.1s:777.66Mbps, rtt :39.0ms cwnd: 84.7 lossRate: 0.001327129890931279 CC:32 score:-402.0 
1664845178.705957 -- INFO: Iteration 8 Ends, Took 3.45 Seconds. Best Params: [28] and Score: -385.0.
1664845178.706664 -- INFO: Iteration 9 Starts ...
1664845178.708916 -- INFO: Changing concurrency to 32 ******
1664845178.709421 -- INFO: Process Status Bits from change concurrency are: 1 1 1 1 1 1 1 1 1 1 1 1 1 1 1 1 1 1 1 1 1 1 1 1 1 1 1 1 1 1 1 1
1664845178.709926 -- INFO: Active CC: 32
1664845179.271759 -- INFO: Throughput @28.1s:645.24Mbps, rtt :38.93ms cwnd: 76.8 lossRate: 0.00114602918793088 CC:32 score:-335.0 
1664845180.279184 -- INFO: Throughput @29.1s:630.35Mbps, rtt :39.01ms cwnd: 77.9 lossRate: 0.0007417709782104776 CC:32 score:-330.0 
1664845181.276734 -- INFO: Throughput @30.1s:617.65Mbps, rtt :39.04ms cwnd: 76.8 lossRate: 0.0009434318276161364 CC:32 score:-322.0 
1664845182.240628 -- INFO: Iteration 9 Ends, Took 3.53 Seconds. Best Params: [28] and Score: -385.0.
1664845182.241053 -- INFO: Iteration 10 Starts ...
1664845182.241670 -- INFO: Changing concurrency to 32 ******
1664845182.242038 -- INFO: Process Status Bits from change concurrency are: 1 1 1 1 1 1 1 1 1 1 1 1 1 1 1 1 1 1 1 1 1 1 1 1 1 1 1 1 1 1 1 1
1664845182.242407 -- INFO: Active CC: 32
1664845182.280227 -- INFO: Throughput @31.1s:606.34Mbps, rtt :38.83ms cwnd: 61.5 lossRate: 0.0012716609410290964 CC:32 score:-314.0 
1664845183.277607 -- INFO: Throughput @32.1s:585.78Mbps, rtt :38.99ms cwnd: 61.5 lossRate: 0.0014131422226708388 CC:32 score:-303.0 
1664845184.279073 -- INFO: Throughput @33.1s:559.42Mbps, rtt :38.87ms cwnd: 57.2 lossRate: 0.0012891772513050279 CC:32 score:-290.0 
1664845185.277875 -- INFO: Throughput @34.1s:562.91Mbps, rtt :39.08ms cwnd: 59.6 lossRate: 0.0008263267709215609 CC:32 score:-294.0 
1664845185.765750 -- INFO: Iteration 10 Ends, Took 3.52 Seconds. Best Params: [28] and Score: -385.0.
1664845185.766513 -- INFO: Iteration 11 Starts ...
1664845185.767030 -- INFO: Changing concurrency to 25 ******
1664845185.767525 -- INFO: Process Status Bits from change concurrency are: 1 1 1 1 1 1 1 1 1 1 1 1 1 1 1 1 1 1 1 1 1 1 1 1 1 0 0 0 0 0 0 0
1664845185.768019 -- INFO: Active CC: 25
1664845186.278828 -- INFO: Throughput @35.1s:506.42Mbps, rtt :38.89ms cwnd: 58.2 lossRate: 0.0009770395701025891 CC:25 score:-304.0 
1664845187.280140 -- INFO: Throughput @36.1s:454.32Mbps, rtt :38.88ms cwnd: 62.1 lossRate: 0 CC:25 score:-277.0 
1664845188.281943 -- INFO: Throughput @37.1s:488.94Mbps, rtt :38.72ms cwnd: 65.4 lossRate: 0.0006084501557632398 CC:25 score:-295.0 
1664845189.197001 -- INFO: Iteration 11 Ends, Took 3.43 Seconds. Best Params: [28] and Score: -385.0.
1664845189.197627 -- INFO: Iteration 12 Starts ...
1664845189.198322 -- INFO: Changing concurrency to 32 ******
1664845189.199668 -- INFO: Process Status Bits from change concurrency are: 1 1 1 1 1 1 1 1 1 1 1 1 1 1 1 1 1 1 1 1 1 1 1 1 1 1 1 1 1 1 1 1
1664845189.200153 -- INFO: Active CC: 32
1664845189.200128 -- INFO: Start Process :: 26
1664845189.200204 -- INFO: Start Process :: 31
1664845189.200386 -- INFO: Start Process :: 29
1664845189.200558 -- INFO: Start Process :: 25
1664845189.200860 -- INFO: Start Process :: 28
1664845189.200850 -- INFO: Start Process :: 30
1664845189.201001 -- INFO: Start Process :: 27
1664845189.239966 -- INFO: Process 26 get item 6 from queue and executing
1664845189.240573 -- INFO: Process 29 get item 25 from queue and executing
1664845189.240785 -- INFO: Process 28 get item 19 from queue and executing
1664845189.240869 -- INFO: Process 30 get item 15 from queue and executing
1664845189.240982 -- INFO: starting 29, 25, /users/jamilm/files_to_Send/FILE1
1664845189.240305 -- INFO: Process 31 get item 1 from queue and executing
1664845189.240645 -- INFO: starting 26, 6, /users/jamilm/files_to_Send/FILE0
1664845189.241790 -- INFO: Process 25 get item 18 from queue and executing
1664845189.242237 -- INFO: starting 31, 1, /users/jamilm/files_to_Send/FILE1
1664845189.242321 -- INFO: starting 25, 18, /users/jamilm/files_to_Send/FILE0
1664845189.241243 -- INFO: starting 30, 15, /users/jamilm/files_to_Send/FILE3
1664845189.241585 -- INFO: Process 27 get item 4 from queue and executing
1664845189.241799 -- INFO: starting 28, 19, /users/jamilm/files_to_Send/FILE3
1664845189.243461 -- INFO: starting 27, 4, /users/jamilm/files_to_Send/FILE2
1664845189.284524 -- INFO: Throughput @38.1s:481.27Mbps, rtt :38.72ms cwnd: 51.2 lossRate: 0.0010814708002883922 CC:32 score:-250.0 
1664845190.286216 -- INFO: Throughput @39.1s:596.01Mbps, rtt :38.8ms cwnd: 64.1 lossRate: 0.000909579526191756 CC:32 score:-311.0 
1664845191.287320 -- INFO: Throughput @40.1s:608.6Mbps, rtt :38.83ms cwnd: 60.3 lossRate: 0.0014150762993842506 CC:32 score:-314.0 
1664845192.290209 -- INFO: Throughput @41.1s:578.47Mbps, rtt :38.86ms cwnd: 56.5 lossRate: 0.0010948239158202057 CC:32 score:-301.0 
1664845192.783013 -- INFO: Iteration 12 Ends, Took 3.58 Seconds. Best Params: [28] and Score: -385.0.
1664845192.783611 -- INFO: Iteration 13 Starts ...
1664845192.784398 -- INFO: Changing concurrency to 29 ******
1664845192.784905 -- INFO: Process Status Bits from change concurrency are: 1 1 1 1 1 1 1 1 1 1 1 1 1 1 1 1 1 1 1 1 1 1 1 1 1 1 1 1 1 0 0 0
1664845192.785378 -- INFO: Active CC: 29
1664845193.286008 -- INFO: Throughput @42.1s:485.5Mbps, rtt :38.81ms cwnd: 52.8 lossRate: 0.0015779597407028318 CC:29 score:-266.0 
1664845194.290987 -- INFO: Throughput @43.1s:464.93Mbps, rtt :38.75ms cwnd: 52.9 lossRate: 0.0009597171360020204 CC:29 score:-257.0 
1664845195.291747 -- INFO: Throughput @44.1s:458.49Mbps, rtt :38.75ms cwnd: 54.6 lossRate: 0.0011233373330950497 CC:29 score:-253.0 
1664845196.230404 -- INFO: Iteration 13 Ends, Took 3.45 Seconds. Best Params: [28] and Score: -385.0.
1664845196.230793 -- INFO: Iteration 14 Starts ...
1664845196.231681 -- INFO: Changing concurrency to 32 ******
1664845196.232711 -- INFO: Start Process :: 30
1664845196.232850 -- INFO: Start Process :: 31
1664845196.232947 -- INFO: Process Status Bits from change concurrency are: 1 1 1 1 1 1 1 1 1 1 1 1 1 1 1 1 1 1 1 1 1 1 1 1 1 1 1 1 1 1 1 1
1664845196.233401 -- INFO: Active CC: 32
1664845196.234922 -- INFO: Start Process :: 29
1664845196.272387 -- INFO: Process 30 get item 25 from queue and executing
1664845196.272513 -- INFO: Process 31 get item 15 from queue and executing
1664845196.272896 -- INFO: starting 31, 15, /users/jamilm/files_to_Send/FILE3
1664845196.272901 -- INFO: starting 30, 25, /users/jamilm/files_to_Send/FILE1
1664845196.274832 -- INFO: Process 29 get item 1 from queue and executing
1664845196.275378 -- INFO: starting 29, 1, /users/jamilm/files_to_Send/FILE1
1664845196.293391 -- INFO: Throughput @45.1s:471.29Mbps, rtt :38.74ms cwnd: 49.1 lossRate: 0.0010776942355889725 CC:32 score:-245.0 
1664845197.290348 -- INFO: Throughput @46.1s:569.69Mbps, rtt :38.79ms cwnd: 61.6 lossRate: 0.0009273952558580467 CC:32 score:-297.0 
1664845198.296880 -- INFO: Throughput @47.1s:602.5Mbps, rtt :38.82ms cwnd: 62.0 lossRate: 0.0009213759213759214 CC:32 score:-314.0 
1664845199.298460 -- INFO: Throughput @48.1s:589.84Mbps, rtt :38.8ms cwnd: 60.8 lossRate: 0.0009849499645418012 CC:32 score:-307.0 
1664845199.695414 -- INFO: Iteration 14 Ends, Took 3.46 Seconds. Best Params: [28] and Score: -385.0.
1664845199.695795 -- INFO: Iteration 15 Starts ...
1664845199.696328 -- INFO: Changing concurrency to 32 ******
1664845199.696701 -- INFO: Process Status Bits from change concurrency are: 1 1 1 1 1 1 1 1 1 1 1 1 1 1 1 1 1 1 1 1 1 1 1 1 1 1 1 1 1 1 1 1
1664845199.697161 -- INFO: Active CC: 32
1664845200.292886 -- INFO: Throughput @49.1s:572.36Mbps, rtt :38.74ms cwnd: 60.8 lossRate: 0.00083024522608995 CC:32 score:-299.0 
1664845201.300274 -- INFO: Throughput @50.1s:565.06Mbps, rtt :38.95ms cwnd: 58.3 lossRate: 0.0011520026331488758 CC:32 score:-293.0 
1664845202.299995 -- INFO: Throughput @51.1s:558.36Mbps, rtt :38.71ms cwnd: 59.8 lossRate: 0.0007073607123538468 CC:32 score:-292.0 
1664845203.167045 -- INFO: Iteration 15 Ends, Took 3.47 Seconds. Best Params: [28] and Score: -385.0.
1664845203.167526 -- INFO: Iteration 16 Starts ...
1664845203.168106 -- INFO: Changing concurrency to 25 ******
1664845203.168583 -- INFO: Process Status Bits from change concurrency are: 1 1 1 1 1 1 1 1 1 1 1 1 1 1 1 1 1 1 1 1 1 1 1 1 1 0 0 0 0 0 0 0
1664845203.169054 -- INFO: Active CC: 25
1664845203.298028 -- INFO: Throughput @52.1s:542.99Mbps, rtt :38.77ms cwnd: 54.3 lossRate: 0.00120396448304775 CC:25 score:-324.0 
1664845204.304199 -- INFO: Throughput @53.1s:389.04Mbps, rtt :38.92ms cwnd: 53.4 lossRate: 0 CC:25 score:-237.0 
1664845205.304586 -- INFO: Throughput @54.1s:412.64Mbps, rtt :38.96ms cwnd: 57.9 lossRate: 0.000727293071134857 CC:25 score:-249.0 
1664845206.305117 -- INFO: Throughput @55.1s:442.35Mbps, rtt :39.08ms cwnd: 58.0 lossRate: 0.0009752754494174706 CC:25 score:-265.0 
1664845206.639231 -- INFO: Iteration 16 Ends, Took 3.47 Seconds. Best Params: [28] and Score: -385.0.
1664845206.639789 -- INFO: Iteration 17 Starts ...
1664845206.640616 -- INFO: Changing concurrency to 32 ******
1664845206.641913 -- INFO: Process Status Bits from change concurrency are: 1 1 1 1 1 1 1 1 1 1 1 1 1 1 1 1 1 1 1 1 1 1 1 1 1 1 1 1 1 1 1 1
1664845206.642380 -- INFO: Active CC: 32
1664845206.642359 -- INFO: Start Process :: 30
1664845206.642295 -- INFO: Start Process :: 25
1664845206.642680 -- INFO: Start Process :: 28
1664845206.642688 -- INFO: Start Process :: 31
1664845206.642612 -- INFO: Start Process :: 29
1664845206.642892 -- INFO: Start Process :: 26
1664845206.643107 -- INFO: Start Process :: 27
1664845206.682831 -- INFO: Process 31 get item 6 from queue and executing
1664845206.683066 -- INFO: Process 29 get item 18 from queue and executing
1664845206.683176 -- INFO: starting 31, 6, /users/jamilm/files_to_Send/FILE0
1664845206.683408 -- INFO: Process 26 get item 4 from queue and executing
1664845206.683443 -- INFO: starting 29, 18, /users/jamilm/files_to_Send/FILE0
1664845206.682650 -- INFO: Process 28 get item 1 from queue and executing
1664845206.683619 -- INFO: Process 27 get item 15 from queue and executing
1664845206.684206 -- INFO: Process 30 get item 25 from queue and executing
1664845206.684430 -- INFO: starting 28, 1, /users/jamilm/files_to_Send/FILE1
1664845206.684506 -- INFO: starting 30, 25, /users/jamilm/files_to_Send/FILE1
1664845206.685216 -- INFO: starting 26, 4, /users/jamilm/files_to_Send/FILE2
1664845206.685466 -- INFO: Process 25 get item 19 from queue and executing
1664845206.685729 -- INFO: starting 27, 15, /users/jamilm/files_to_Send/FILE3
1664845206.686633 -- INFO: starting 25, 19, /users/jamilm/files_to_Send/FILE3
1664845207.307001 -- INFO: Throughput @56.1s:539.3Mbps, rtt :38.96ms cwnd: 63.7 lossRate: 0.0008548354441769959 CC:32 score:-282.0 
1664845208.308219 -- INFO: Throughput @57.1s:647.12Mbps, rtt :39.01ms cwnd: 72.2 lossRate: 0.0011739633001011415 CC:32 score:-336.0 
1664845209.309281 -- INFO: Throughput @58.1s:653.37Mbps, rtt :38.91ms cwnd: 79.3 lossRate: 0.0005832140395525158 CC:32 score:-343.0 
1664845210.111905 -- INFO: Iteration 17 Ends, Took 3.47 Seconds. Best Params: [28] and Score: -385.0.
1664845210.112487 -- INFO: Iteration 18 Starts ...
1664845210.113272 -- INFO: Changing concurrency to 32 ******
1664845210.113707 -- INFO: Process Status Bits from change concurrency are: 1 1 1 1 1 1 1 1 1 1 1 1 1 1 1 1 1 1 1 1 1 1 1 1 1 1 1 1 1 1 1 1
1664845210.114169 -- INFO: Active CC: 32
1664845210.302876 -- INFO: Throughput @59.1s:649.05Mbps, rtt :39.07ms cwnd: 75.5 lossRate: 0.0009517994396954242 CC:32 score:-338.0 
1664845211.310569 -- INFO: Throughput @60.1s:630.8Mbps, rtt :39.03ms cwnd: 73.6 lossRate: 0.000831009584310539 CC:32 score:-329.0 
1664845212.312680 -- INFO: Throughput @61.1s:605.46Mbps, rtt :39.05ms cwnd: 59.4 lossRate: 0.0011264916467780429 CC:32 score:-314.0 
1664845213.313709 -- INFO: Throughput @62.1s:600.02Mbps, rtt :38.8ms cwnd: 57.9 lossRate: 0.0016914150850624447 CC:32 score:-308.0 
1664845213.600505 -- INFO: Iteration 18 Ends, Took 3.49 Seconds. Best Params: [28] and Score: -385.0.
1664845213.601079 -- INFO: Iteration 19 Starts ...
1664845213.601920 -- INFO: Changing concurrency to 32 ******
1664845213.602405 -- INFO: Process Status Bits from change concurrency are: 1 1 1 1 1 1 1 1 1 1 1 1 1 1 1 1 1 1 1 1 1 1 1 1 1 1 1 1 1 1 1 1
1664845213.602872 -- INFO: Active CC: 32
1664845214.312934 -- INFO: Throughput @63.1s:518.55Mbps, rtt :38.78ms cwnd: 53.5 lossRate: 0.0011980299063761813 CC:32 score:-269.0 
1664845215.317120 -- INFO: Throughput @64.1s:522.94Mbps, rtt :38.79ms cwnd: 57.6 lossRate: 0.0007755545214828603 CC:32 score:-273.0 
1664845216.317470 -- INFO: Throughput @65.1s:549.78Mbps, rtt :38.96ms cwnd: 59.5 lossRate: 0.0007849460084434733 CC:32 score:-287.0 
1664845217.197505 -- INFO: Iteration 19 Ends, Took 3.6 Seconds. Best Params: [28] and Score: -385.0.
1664845217.197999 -- INFO: Iteration 20 Starts ...
1664845217.198576 -- INFO: Changing concurrency to 24 ******
1664845217.199027 -- INFO: Process Status Bits from change concurrency are: 1 1 1 1 1 1 1 1 1 1 1 1 1 1 1 1 1 1 1 1 1 1 1 1 0 0 0 0 0 0 0 0
1664845217.199491 -- INFO: Active CC: 24
1664845217.310320 -- INFO: Throughput @66.1s:558.16Mbps, rtt :38.72ms cwnd: 59.5 lossRate: 0.001067192053523786 CC:24 score:-341.0 
1664845218.319389 -- INFO: Throughput @67.1s:424.36Mbps, rtt :38.93ms cwnd: 59.4 lossRate: 0 CC:24 score:-264.0 
1664845219.320453 -- INFO: Throughput @68.1s:439.24Mbps, rtt :38.9ms cwnd: 61.1 lossRate: 0.0004785105272315991 CC:24 score:-271.0 
1664845220.320883 -- INFO: Throughput @69.1s:438.43Mbps, rtt :38.83ms cwnd: 59.5 lossRate: 0.0008774495466510676 CC:24 score:-269.0 
1664845220.720711 -- INFO: Iteration 20 Ends, Took 3.52 Seconds. Best Params: [28] and Score: -385.0.
1664845220.721240 -- INFO: Iteration 21 Starts ...
1664845220.722018 -- INFO: Changing concurrency to 32 ******
1664845220.723253 -- INFO: Process Status Bits from change concurrency are: 1 1 1 1 1 1 1 1 1 1 1 1 1 1 1 1 1 1 1 1 1 1 1 1 1 1 1 1 1 1 1 1
1664845220.724386 -- INFO: Active CC: 32
1664845220.724495 -- INFO: Start Process :: 24
1664845220.724419 -- INFO: Start Process :: 30
1664845220.724239 -- INFO: Start Process :: 29
1664845220.725247 -- INFO: Start Process :: 25
1664845220.725240 -- INFO: Start Process :: 27
1664845220.725245 -- INFO: Start Process :: 28
1664845220.726856 -- INFO: Start Process :: 31
1664845220.730889 -- INFO: Start Process :: 26
1664845220.764060 -- INFO: Process 30 get item 6 from queue and executing
1664845220.764154 -- INFO: Process 24 get item 4 from queue and executing
1664845220.764497 -- INFO: starting 30, 6, /users/jamilm/files_to_Send/FILE0
1664845220.764684 -- INFO: starting 24, 4, /users/jamilm/files_to_Send/FILE2
1664845220.764685 -- INFO: Process 29 get item 15 from queue and executing
1664845220.765272 -- INFO: starting 29, 15, /users/jamilm/files_to_Send/FILE3
1664845220.765573 -- INFO: Process 27 get item 21 from queue and executing
1664845220.766081 -- INFO: starting 27, 21, /users/jamilm/files_to_Send/FILE1
1664845220.766198 -- INFO: Process 25 get item 19 from queue and executing
1664845220.766236 -- INFO: Process 28 get item 1 from queue and executing
1664845220.766582 -- INFO: starting 25, 19, /users/jamilm/files_to_Send/FILE3
1664845220.766700 -- INFO: starting 28, 1, /users/jamilm/files_to_Send/FILE1
1664845220.767727 -- INFO: Process 31 get item 18 from queue and executing
1664845220.768103 -- INFO: starting 31, 18, /users/jamilm/files_to_Send/FILE0
1664845220.770828 -- INFO: Process 26 get item 25 from queue and executing
1664845220.771383 -- INFO: starting 26, 25, /users/jamilm/files_to_Send/FILE1
1664845221.321549 -- INFO: Throughput @70.1s:471.46Mbps, rtt :39.14ms cwnd: 50.2 lossRate: 0.0009269988412514484 CC:32 score:-246.0 
1664845222.322944 -- INFO: Throughput @71.1s:482.46Mbps, rtt :38.84ms cwnd: 51.8 lossRate: 0.001343763497624418 CC:32 score:-250.0 
1664845223.323655 -- INFO: Throughput @72.1s:520.93Mbps, rtt :39.09ms cwnd: 62.1 lossRate: 0.0007729340576829645 CC:32 score:-272.0 
1664845224.236397 -- INFO: Iteration 21 Ends, Took 3.51 Seconds. Best Params: [28] and Score: -385.0.
1664845224.236899 -- INFO: Iteration 22 Starts ...
1664845224.237669 -- INFO: Changing concurrency to 32 ******
1664845224.238097 -- INFO: Process Status Bits from change concurrency are: 1 1 1 1 1 1 1 1 1 1 1 1 1 1 1 1 1 1 1 1 1 1 1 1 1 1 1 1 1 1 1 1
1664845224.238554 -- INFO: Active CC: 32
1664845224.316354 -- INFO: Throughput @73.1s:534.25Mbps, rtt :39.08ms cwnd: 65.1 lossRate: 0.001047829029230064 CC:32 score:-278.0 
1664845225.325326 -- INFO: Throughput @74.1s:539.63Mbps, rtt :38.94ms cwnd: 65.0 lossRate: 0.000960368781612139 CC:32 score:-281.0 
1664845226.326634 -- INFO: Throughput @75.1s:550.82Mbps, rtt :38.87ms cwnd: 68.2 lossRate: 0.0008428860418071476 CC:32 score:-288.0 
1664845227.327962 -- INFO: Throughput @76.1s:563.01Mbps, rtt :39.03ms cwnd: 64.8 lossRate: 0.0012776015160871324 CC:32 score:-292.0 
1664845227.765116 -- INFO: Iteration 22 Ends, Took 3.53 Seconds. Best Params: [28] and Score: -385.0.
1664845227.765633 -- INFO: Iteration 23 Starts ...
1664845227.766454 -- INFO: Changing concurrency to 32 ******
1664845227.766914 -- INFO: Process Status Bits from change concurrency are: 1 1 1 1 1 1 1 1 1 1 1 1 1 1 1 1 1 1 1 1 1 1 1 1 1 1 1 1 1 1 1 1
1664845227.767375 -- INFO: Active CC: 32
1664845228.323816 -- INFO: Throughput @77.1s:522.76Mbps, rtt :39.12ms cwnd: 62.3 lossRate: 0.0010600783159898752 CC:32 score:-272.0 
1664845229.329787 -- INFO: Throughput @78.1s:543.1Mbps, rtt :39.01ms cwnd: 61.4 lossRate: 0.0010745986374089277 CC:32 score:-282.0 
1664845230.331359 -- INFO: Throughput @79.1s:538.5Mbps, rtt :39.0ms cwnd: 62.8 lossRate: 0.0009291270527225584 CC:32 score:-281.0 
1664845231.303869 -- INFO: Iteration 23 Ends, Took 3.54 Seconds. Best Params: [28] and Score: -385.0.
1664845231.304401 -- INFO: Iteration 24 Starts ...
1664845231.305222 -- INFO: Changing concurrency to 32 ******
1664845231.305712 -- INFO: Process Status Bits from change concurrency are: 1 1 1 1 1 1 1 1 1 1 1 1 1 1 1 1 1 1 1 1 1 1 1 1 1 1 1 1 1 1 1 1
1664845231.306169 -- INFO: Active CC: 32
1664845231.343128 -- INFO: Throughput @80.1s:539.66Mbps, rtt :38.88ms cwnd: 61.7 lossRate: 0.0010744985673352436 CC:32 score:-281.0 
1664845232.332427 -- INFO: Throughput @81.1s:558.06Mbps, rtt :38.8ms cwnd: 57.9 lossRate: 0.0012371485858111856 CC:32 score:-289.0 
1664845233.331953 -- INFO: Throughput @82.1s:554.03Mbps, rtt :38.8ms cwnd: 59.8 lossRate: 0.000789687113160029 CC:32 score:-290.0 
1664845234.333485 -- INFO: Throughput @83.1s:565.0Mbps, rtt :38.79ms cwnd: 61.2 lossRate: 0.0007853877600338321 CC:32 score:-295.0 
1664845234.877469 -- INFO: Iteration 24 Ends, Took 3.57 Seconds. Best Params: [28] and Score: -385.0.
1664845234.878028 -- INFO: Iteration 25 Starts ...
1664845234.878885 -- INFO: Changing concurrency to 32 ******
1664845234.879347 -- INFO: Process Status Bits from change concurrency are: 1 1 1 1 1 1 1 1 1 1 1 1 1 1 1 1 1 1 1 1 1 1 1 1 1 1 1 1 1 1 1 1
1664845234.879811 -- INFO: Active CC: 32
1664845235.334898 -- INFO: Throughput @84.1s:576.58Mbps, rtt :38.76ms cwnd: 59.7 lossRate: 0.0009810595443078525 CC:32 score:-300.0 
1664845236.337572 -- INFO: Throughput @85.1s:543.61Mbps, rtt :38.96ms cwnd: 51.8 lossRate: 0.0015029522275899088 CC:32 score:-280.0 
1664845237.337798 -- INFO: Throughput @86.1s:505.87Mbps, rtt :39.0ms cwnd: 53.8 lossRate: 0.0010447865152887093 CC:32 score:-263.0 
1664845238.338847 -- INFO: Throughput @87.1s:484.43Mbps, rtt :38.94ms cwnd: 51.2 lossRate: 0.0013314646110721795 CC:32 score:-251.0 
1664845238.487523 -- INFO: Iteration 25 Ends, Took 3.61 Seconds. Best Params: [28] and Score: -385.0.
1664845238.488158 -- INFO: Iteration 26 Starts ...
1664845238.489050 -- INFO: Changing concurrency to 29 ******
1664845238.489532 -- INFO: Process Status Bits from change concurrency are: 1 1 1 1 1 1 1 1 1 1 1 1 1 1 1 1 1 1 1 1 1 1 1 1 1 1 1 1 1 0 0 0
1664845238.490000 -- INFO: Active CC: 29
1664845239.333118 -- INFO: Throughput @88.1s:443.53Mbps, rtt :38.89ms cwnd: 47.0 lossRate: 0 CC:29 score:-250.0 
1664845240.336643 -- INFO: Throughput @89.1s:408.86Mbps, rtt :38.87ms cwnd: 49.4 lossRate: 0 CC:29 score:-230.0 
1664845241.340660 -- INFO: Throughput @90.1s:429.72Mbps, rtt :38.69ms cwnd: 51.8 lossRate: 0.0009330347622094263 CC:29 score:-238.0 
1664845242.090435 -- INFO: Iteration 26 Ends, Took 3.6 Seconds. Best Params: [28] and Score: -385.0.
1664845242.091078 -- INFO: Iteration 27 Starts ...
1664845242.092026 -- INFO: Changing concurrency to 32 ******
1664845242.092661 -- INFO: Process Status Bits from change concurrency are: 1 1 1 1 1 1 1 1 1 1 1 1 1 1 1 1 1 1 1 1 1 1 1 1 1 1 1 1 1 1 1 1
1664845242.093170 -- INFO: Active CC: 32
1664845242.093148 -- INFO: Start Process :: 30
1664845242.093786 -- INFO: Start Process :: 31
1664845242.094767 -- INFO: Start Process :: 29
1664845242.132629 -- INFO: Process 30 get item 15 from queue and executing
1664845242.133044 -- INFO: starting 30, 15, /users/jamilm/files_to_Send/FILE3
1664845242.134098 -- INFO: Process 31 get item 18 from queue and executing
1664845242.134428 -- INFO: starting 31, 18, /users/jamilm/files_to_Send/FILE0
1664845242.135510 -- INFO: Process 29 get item 6 from queue and executing
1664845242.135995 -- INFO: starting 29, 6, /users/jamilm/files_to_Send/FILE0
1664845242.337698 -- INFO: Throughput @91.1s:451.67Mbps, rtt :38.92ms cwnd: 48.2 lossRate: 0.0013172508200532066 CC:32 score:-234.0 
1664845243.339135 -- INFO: Throughput @92.1s:512.3Mbps, rtt :38.95ms cwnd: 57.2 lossRate: 0.0006908303781144936 CC:32 score:-268.0 
1664845244.344798 -- INFO: Throughput @93.1s:573.41Mbps, rtt :38.78ms cwnd: 65.0 lossRate: 0.0008656091472743377 CC:32 score:-299.0 
1664845245.344153 -- INFO: Throughput @94.1s:554.26Mbps, rtt :38.73ms cwnd: 67.5 lossRate: 0.000942507068803016 CC:32 score:-289.0 
1664845245.696414 -- INFO: Iteration 27 Ends, Took 3.6 Seconds. Best Params: [28] and Score: -385.0.
1664845245.696993 -- INFO: Iteration 28 Starts ...
1664845245.697808 -- INFO: Changing concurrency to 32 ******
1664845245.698272 -- INFO: Process Status Bits from change concurrency are: 1 1 1 1 1 1 1 1 1 1 1 1 1 1 1 1 1 1 1 1 1 1 1 1 1 1 1 1 1 1 1 1
1664845245.698723 -- INFO: Active CC: 32
1664845246.339371 -- INFO: Throughput @95.1s:578.2Mbps, rtt :38.84ms cwnd: 69.3 lossRate: 0.0008346735612060015 CC:32 score:-302.0 
1664845247.346859 -- INFO: Throughput @96.1s:552.88Mbps, rtt :38.73ms cwnd: 64.8 lossRate: 0.0010659888071175253 CC:32 score:-287.0 
1664845248.343409 -- INFO: Throughput @97.1s:586.99Mbps, rtt :38.7ms cwnd: 68.9 lossRate: 0.0005132963496732671 CC:32 score:-308.0 
1664845249.345411 -- INFO: Throughput @98.2s:531.58Mbps, rtt :39.03ms cwnd: 61.0 lossRate: 0.0014843342560276005 CC:32 score:-274.0 
1664845249.368109 -- INFO: Iteration 28 Ends, Took 3.67 Seconds. Best Params: [28] and Score: -385.0.
1664845249.368634 -- INFO: Iteration 29 Starts ...
1664845249.369463 -- INFO: Changing concurrency to 32 ******
1664845249.369896 -- INFO: Process Status Bits from change concurrency are: 1 1 1 1 1 1 1 1 1 1 1 1 1 1 1 1 1 1 1 1 1 1 1 1 1 1 1 1 1 1 1 1
1664845249.370358 -- INFO: Active CC: 32
1664845250.349458 -- INFO: Throughput @99.2s:575.24Mbps, rtt :38.87ms cwnd: 60.5 lossRate: 0.0009268774305345664 CC:32 score:-300.0 
1664845251.350306 -- INFO: Throughput @100.2s:565.23Mbps, rtt :39.06ms cwnd: 59.9 lossRate: 0.0011282514154426848 CC:32 score:-294.0 
1664845252.352161 -- INFO: Throughput @101.2s:550.49Mbps, rtt :39.0ms cwnd: 56.5 lossRate: 0.0012058132893317255 CC:32 score:-285.0 
1664845252.927112 -- INFO: Iteration 29 Ends, Took 3.56 Seconds. Best Params: [28] and Score: -385.0.
1664845252.927705 -- INFO: Iteration 30 Starts ...
1664845252.928556 -- INFO: Changing concurrency to 32 ******
1664845252.928989 -- INFO: Process Status Bits from change concurrency are: 1 1 1 1 1 1 1 1 1 1 1 1 1 1 1 1 1 1 1 1 1 1 1 1 1 1 1 1 1 1 1 1
1664845252.929460 -- INFO: Active CC: 32
1664845253.351764 -- INFO: Throughput @102.2s:542.34Mbps, rtt :38.83ms cwnd: 57.0 lossRate: 0.000926165245110709 CC:32 score:-283.0 
1664845254.354653 -- INFO: Throughput @103.2s:561.85Mbps, rtt :38.83ms cwnd: 60.8 lossRate: 0.0006370735717221537 CC:32 score:-295.0 
1664845255.356297 -- INFO: Throughput @104.2s:591.41Mbps, rtt :38.88ms cwnd: 60.4 lossRate: 0.0009086599241466499 CC:32 score:-308.0 
1664845256.356230 -- INFO: Throughput @105.2s:534.06Mbps, rtt :38.97ms cwnd: 54.8 lossRate: 0.0013337922726099304 CC:32 score:-276.0 
1664845256.486192 -- INFO: Iteration 30 Ends, Took 3.56 Seconds. Best Params: [32] and Score: -355.6666666666667.
1664845256.486627 -- INFO: Iteration 31 Starts ...
1664845256.487471 -- INFO: Changing concurrency to 32 ******
1664845256.487918 -- INFO: Process Status Bits from change concurrency are: 1 1 1 1 1 1 1 1 1 1 1 1 1 1 1 1 1 1 1 1 1 1 1 1 1 1 1 1 1 1 1 1
1664845256.488324 -- INFO: Active CC: 32
1664845257.354481 -- INFO: Throughput @106.2s:540.13Mbps, rtt :38.81ms cwnd: 54.6 lossRate: 0.0010269408088797605 CC:32 score:-281.0 
1664845258.357998 -- INFO: Throughput @107.2s:500.09Mbps, rtt :38.99ms cwnd: 50.0 lossRate: 0.0015178694632261625 CC:32 score:-258.0 
1664845259.359415 -- INFO: Throughput @108.2s:486.78Mbps, rtt :38.9ms cwnd: 51.4 lossRate: 0.0010256654899341666 CC:32 score:-253.0 
1664845260.074882 -- INFO: Iteration 31 Ends, Took 3.59 Seconds. Best Params: [32] and Score: -355.6666666666667.
1664845260.075411 -- INFO: Iteration 32 Starts ...
1664845260.076219 -- INFO: Changing concurrency to 32 ******
1664845260.076660 -- INFO: Process Status Bits from change concurrency are: 1 1 1 1 1 1 1 1 1 1 1 1 1 1 1 1 1 1 1 1 1 1 1 1 1 1 1 1 1 1 1 1
1664845260.077113 -- INFO: Active CC: 32
1664845260.353893 -- INFO: Throughput @109.2s:510.95Mbps, rtt :38.93ms cwnd: 54.9 lossRate: 0.0008697443409397816 CC:32 score:-267.0 
1664845261.360306 -- INFO: Throughput @110.2s:494.6Mbps, rtt :38.86ms cwnd: 55.4 lossRate: 0.0011936936936936936 CC:32 score:-257.0 
1664845262.361895 -- INFO: Throughput @111.2s:514.18Mbps, rtt :38.99ms cwnd: 52.1 lossRate: 0.0012329330106397552 CC:32 score:-267.0 
1664845263.364192 -- INFO: Throughput @112.2s:505.74Mbps, rtt :38.74ms cwnd: 55.6 lossRate: 0.0007744345488918753 CC:32 score:-264.0 
1664845263.637437 -- INFO: Iteration 32 Ends, Took 3.56 Seconds. Best Params: [32] and Score: -355.6666666666667.
1664845263.637997 -- INFO: Iteration 33 Starts ...
1664845263.638877 -- INFO: Changing concurrency to 32 ******
1664845263.639346 -- INFO: Process Status Bits from change concurrency are: 1 1 1 1 1 1 1 1 1 1 1 1 1 1 1 1 1 1 1 1 1 1 1 1 1 1 1 1 1 1 1 1
1664845263.639905 -- INFO: Active CC: 32
1664845264.359684 -- INFO: Throughput @113.2s:548.52Mbps, rtt :38.77ms cwnd: 56.9 lossRate: 0.0008550479895684146 CC:32 score:-286.0 
1664845265.363814 -- INFO: Throughput @114.2s:558.4Mbps, rtt :38.9ms cwnd: 58.9 lossRate: 0.0007611445969019358 CC:32 score:-292.0 
1664845266.366745 -- INFO: Throughput @115.2s:553.18Mbps, rtt :38.8ms cwnd: 57.8 lossRate: 0.001034875297526648 CC:32 score:-288.0 
1664845267.268996 -- INFO: Iteration 33 Ends, Took 3.63 Seconds. Best Params: [32] and Score: -355.6666666666667.
1664845267.269578 -- INFO: Iteration 34 Starts ...
1664845267.270214 -- INFO: Changing concurrency to 3 ******
1664845267.270776 -- INFO: Process Status Bits from change concurrency are: 1 1 1 0 0 0 0 0 0 0 0 0 0 0 0 0 0 0 0 0 0 0 0 0 0 0 0 0 0 0 0 0
1664845267.271359 -- INFO: Active CC: 3
1664845267.363945 -- INFO: Throughput @116.2s:540.61Mbps, rtt :38.81ms cwnd: 55.4 lossRate: 0.001057059648365872 CC:3 score:-504.0 
1664845268.370919 -- INFO: Throughput @117.2s:64.4Mbps, rtt :39.12ms cwnd: 48.2 lossRate: 0 CC:3 score:-61.0 
1664845269.374512 -- INFO: Throughput @118.2s:50.56Mbps, rtt :39.03ms cwnd: 46.3 lossRate: 0 CC:3 score:-48.0 
1664845270.372998 -- INFO: Throughput @119.2s:40.57Mbps, rtt :39.11ms cwnd: 51.3 lossRate: 0.0005186721991701245 CC:3 score:-38.0 
1664845270.926190 -- INFO: Iteration 34 Ends, Took 3.66 Seconds. Best Params: [32] and Score: -329.0.
1664845270.926692 -- INFO: Iteration 35 Starts ...
1664845270.927289 -- INFO: Changing concurrency to 16 ******
1664845270.929128 -- INFO: Start Process :: 6
1664845270.930472 -- INFO: Start Process :: 11
1664845270.929377 -- INFO: Start Process :: 9
1664845270.929542 -- INFO: Start Process :: 4
1664845270.929837 -- INFO: Start Process :: 7
1664845270.930690 -- INFO: Start Process :: 14
1664845270.931011 -- INFO: Start Process :: 10
1664845270.930839 -- INFO: Start Process :: 5
1664845270.932311 -- INFO: Start Process :: 3
1664845270.932551 -- INFO: Process Status Bits from change concurrency are: 1 1 1 1 1 1 1 1 1 1 1 1 1 1 1 1 0 0 0 0 0 0 0 0 0 0 0 0 0 0 0 0
1664845270.933689 -- INFO: Start Process :: 13
1664845270.935197 -- INFO: Start Process :: 8
1664845270.934937 -- INFO: Start Process :: 15
1664845270.935462 -- INFO: Start Process :: 12
1664845270.942367 -- INFO: Active CC: 16
1664845270.969216 -- INFO: Process 6 get item 9 from queue and executing
1664845270.969477 -- INFO: starting 6, 9, /users/jamilm/files_to_Send/FILE1
1664845270.969736 -- INFO: Process 11 get item 23 from queue and executing
1664845270.970072 -- INFO: starting 11, 23, /users/jamilm/files_to_Send/FILE3
1664845270.970168 -- INFO: Process 9 get item 15 from queue and executing
1664845270.970231 -- INFO: Process 4 get item 13 from queue and executing
1664845270.970541 -- INFO: starting 4, 13, /users/jamilm/files_to_Send/FILE1
1664845270.970583 -- INFO: starting 9, 15, /users/jamilm/files_to_Send/FILE3
1664845270.970706 -- INFO: Process 14 get item 5 from queue and executing
1664845270.970955 -- INFO: Process 10 get item 27 from queue and executing
1664845270.971068 -- INFO: Process 7 get item 3 from queue and executing
1664845270.971371 -- INFO: starting 10, 27, /users/jamilm/files_to_Send/FILE3
1664845270.971360 -- INFO: Process 5 get item 28 from queue and executing
1664845270.971413 -- INFO: starting 14, 5, /users/jamilm/files_to_Send/FILE1
1664845270.971458 -- INFO: starting 7, 3, /users/jamilm/files_to_Send/FILE3
1664845270.972152 -- INFO: starting 5, 28, /users/jamilm/files_to_Send/FILE2
1664845270.975285 -- INFO: Process 3 get item 18 from queue and executing
1664845270.975553 -- INFO: Process 13 get item 25 from queue and executing
1664845270.975806 -- INFO: starting 3, 18, /users/jamilm/files_to_Send/FILE0
1664845270.976029 -- INFO: starting 13, 25, /users/jamilm/files_to_Send/FILE1
1664845270.976374 -- INFO: Process 15 get item 2 from queue and executing
1664845270.976541 -- INFO: Process 8 get item 6 from queue and executing
1664845270.976796 -- INFO: starting 15, 2, /users/jamilm/files_to_Send/FILE0
1664845270.977001 -- INFO: Process 12 get item 7 from queue and executing
1664845270.977100 -- INFO: starting 8, 6, /users/jamilm/files_to_Send/FILE0
1664845270.977580 -- INFO: starting 12, 7, /users/jamilm/files_to_Send/FILE3
1664845271.374187 -- INFO: Throughput @120.2s:120.68Mbps, rtt :39.13ms cwnd: 43.8 lossRate: 0.0014634146341463415 CC:16 score:-86.0 
1664845272.372747 -- INFO: Throughput @121.2s:317.07Mbps, rtt :39.29ms cwnd: 78.0 lossRate: 0.000962502506516944 CC:16 score:-228.0 
1664845273.373291 -- INFO: Throughput @122.2s:385.88Mbps, rtt :39.19ms cwnd: 137.3 lossRate: 0.00042371684415694474 CC:16 score:-279.0 
1664845274.375802 -- INFO: Throughput @123.2s:394.41Mbps, rtt :39.42ms cwnd: 145.2 lossRate: 0.0007865528592653013 CC:16 score:-284.0 
1664845274.594752 -- INFO: Iteration 35 Ends, Took 3.67 Seconds. Best Params: [32] and Score: -320.3333333333333.
1664845274.595400 -- INFO: Iteration 36 Starts ...
1664845274.596361 -- INFO: Changing concurrency to 32 ******
1664845274.598331 -- INFO: Process Status Bits from change concurrency are: 1 1 1 1 1 1 1 1 1 1 1 1 1 1 1 1 1 1 1 1 1 1 1 1 1 1 1 1 1 1 1 1
1664845274.598927 -- INFO: Active CC: 32
1664845274.598938 -- INFO: Start Process :: 20
1664845274.599282 -- INFO: Start Process :: 29
1664845274.599657 -- INFO: Start Process :: 30
1664845274.599695 -- INFO: Start Process :: 28
1664845274.599159 -- INFO: Start Process :: 16
1664845274.599908 -- INFO: Start Process :: 19
1664845274.600230 -- INFO: Start Process :: 25
1664845274.600638 -- INFO: Start Process :: 26
1664845274.600473 -- INFO: Start Process :: 18
1664845274.601037 -- INFO: Start Process :: 31
1664845274.601122 -- INFO: Start Process :: 23
1664845274.601948 -- INFO: Start Process :: 22
1664845274.602728 -- INFO: Start Process :: 21
1664845274.602877 -- INFO: Start Process :: 24
1664845274.603402 -- INFO: Start Process :: 27
1664845274.607043 -- INFO: Start Process :: 17
1664845274.638381 -- INFO: Process 20 get item 26 from queue and executing
1664845274.638707 -- INFO: Process 29 get item 31 from queue and executing
1664845274.638963 -- INFO: starting 20, 26, /users/jamilm/files_to_Send/FILE0
1664845274.639140 -- INFO: starting 29, 31, /users/jamilm/files_to_Send/FILE3
1664845274.639189 -- INFO: Process 30 get item 12 from queue and executing
1664845274.639298 -- INFO: Process 28 get item 20 from queue and executing
1664845274.639605 -- INFO: starting 30, 12, /users/jamilm/files_to_Send/FILE2
1664845274.639601 -- INFO: Process 19 get item 19 from queue and executing
1664845274.639660 -- INFO: starting 28, 20, /users/jamilm/files_to_Send/FILE2
1664845274.639723 -- INFO: Process 16 get item 8 from queue and executing
1664845274.640029 -- INFO: starting 19, 19, /users/jamilm/files_to_Send/FILE3
1664845274.640045 -- INFO: Process 26 get item 11 from queue and executing
1664845274.640444 -- INFO: starting 16, 8, /users/jamilm/files_to_Send/FILE2
1664845274.640473 -- INFO: starting 26, 11, /users/jamilm/files_to_Send/FILE3
1664845274.640736 -- INFO: Process 31 get item 10 from queue and executing
1664845274.640853 -- INFO: Process 18 get item 1 from queue and executing
1664845274.641148 -- INFO: starting 31, 10, /users/jamilm/files_to_Send/FILE0
1664845274.641390 -- INFO: starting 18, 1, /users/jamilm/files_to_Send/FILE1
1664845274.641867 -- INFO: Process 22 get item 22 from queue and executing
1664845274.642299 -- INFO: Process 23 get item 21 from queue and executing
1664845274.642312 -- INFO: starting 22, 22, /users/jamilm/files_to_Send/FILE0
1664845274.642475 -- INFO: Process 25 get item 4 from queue and executing
1664845274.642630 -- INFO: Process 21 get item 24 from queue and executing
1664845274.642880 -- INFO: starting 25, 4, /users/jamilm/files_to_Send/FILE2
1664845274.642905 -- INFO: starting 23, 21, /users/jamilm/files_to_Send/FILE1
1664845274.642934 -- INFO: starting 21, 24, /users/jamilm/files_to_Send/FILE2
1664845274.643330 -- INFO: Process 24 get item 30 from queue and executing
1664845274.643652 -- INFO: starting 24, 30, /users/jamilm/files_to_Send/FILE0
1664845274.645634 -- INFO: Process 27 get item 16 from queue and executing
1664845274.646182 -- INFO: starting 27, 16, /users/jamilm/files_to_Send/FILE2
1664845274.648117 -- INFO: Process 17 get item 17 from queue and executing
1664845274.648781 -- INFO: starting 17, 17, /users/jamilm/files_to_Send/FILE1
1664845275.370799 -- INFO: Throughput @124.2s:590.59Mbps, rtt :39.96ms cwnd: 105.0 lossRate: 0.00042254711400321134 CC:32 score:-311.0 
1664845276.375662 -- INFO: Throughput @125.2s:865.92Mbps, rtt :41.1ms cwnd: 123.4 lossRate: 0.0009891336602184573 CC:32 score:-451.0 
1664845277.375346 -- INFO: Throughput @126.2s:832.77Mbps, rtt :40.19ms cwnd: 124.1 lossRate: 0.001011454033514666 CC:32 score:-433.0 
1664845278.130823 -- INFO: Iteration 36 Ends, Took 3.54 Seconds. Best Params: [32] and Score: -398.3333333333333.
1664845278.131205 -- INFO: Iteration 37 Starts ...
1664845278.131914 -- INFO: Changing concurrency to 32 ******
1664845278.132261 -- INFO: Process Status Bits from change concurrency are: 1 1 1 1 1 1 1 1 1 1 1 1 1 1 1 1 1 1 1 1 1 1 1 1 1 1 1 1 1 1 1 1
1664845278.132595 -- INFO: Active CC: 32
1664845278.372480 -- INFO: Throughput @127.2s:831.64Mbps, rtt :39.8ms cwnd: 115.8 lossRate: 0.0009747538746466517 CC:32 score:-433.0 
1664845279.374299 -- INFO: Throughput @128.2s:826.24Mbps, rtt :39.48ms cwnd: 106.6 lossRate: 0.0009629342186579284 CC:32 score:-430.0 
1664845280.379784 -- INFO: Throughput @129.2s:769.01Mbps, rtt :39.53ms cwnd: 105.2 lossRate: 0.0006405856783344773 CC:32 score:-403.0 
1664845281.381659 -- INFO: Throughput @130.2s:758.76Mbps, rtt :39.45ms cwnd: 92.2 lossRate: 0.00094870853225609 CC:32 score:-395.0 
1664845281.709390 -- INFO: Iteration 37 Ends, Took 3.58 Seconds. Best Params: [32] and Score: -422.0.
1664845281.709856 -- INFO: Iteration 38 Starts ...
1664845281.710582 -- INFO: Changing concurrency to 32 ******
1664845281.710981 -- INFO: Process Status Bits from change concurrency are: 1 1 1 1 1 1 1 1 1 1 1 1 1 1 1 1 1 1 1 1 1 1 1 1 1 1 1 1 1 1 1 1
1664845281.711353 -- INFO: Active CC: 32
1664845282.376100 -- INFO: Throughput @131.2s:757.84Mbps, rtt :39.24ms cwnd: 93.5 lossRate: 0.0006790647426498958 CC:32 score:-397.0 
1664845283.377843 -- INFO: Throughput @132.2s:753.8Mbps, rtt :39.02ms cwnd: 85.3 lossRate: 0.0011063188442976479 CC:32 score:-392.0 
1664845284.381084 -- INFO: Throughput @133.2s:702.64Mbps, rtt :38.96ms cwnd: 77.1 lossRate: 0.001220779649273306 CC:32 score:-364.0 
1664845285.358909 -- INFO: Iteration 38 Ends, Took 3.65 Seconds. Best Params: [32] and Score: -422.0.
1664845285.359436 -- INFO: Iteration 39 Starts ...
1664845285.360284 -- INFO: Changing concurrency to 32 ******
1664845285.360732 -- INFO: Process Status Bits from change concurrency are: 1 1 1 1 1 1 1 1 1 1 1 1 1 1 1 1 1 1 1 1 1 1 1 1 1 1 1 1 1 1 1 1
1664845285.361224 -- INFO: Active CC: 32
1664845285.401112 -- INFO: Throughput @134.2s:646.59Mbps, rtt :38.78ms cwnd: 70.1 lossRate: 0.0011227745005435654 CC:32 score:-336.0 
1664845286.381897 -- INFO: Throughput @135.2s:621.5Mbps, rtt :38.76ms cwnd: 61.6 lossRate: 0.0012377630246427367 CC:32 score:-322.0 
1664845287.382498 -- INFO: Throughput @136.2s:580.79Mbps, rtt :38.86ms cwnd: 58.6 lossRate: 0.0012126601721977445 CC:32 score:-301.0 
1664845288.384332 -- INFO: Throughput @137.2s:535.25Mbps, rtt :39.01ms cwnd: 55.2 lossRate: 0.00120999978392861 CC:32 score:-278.0 
1664845288.976900 -- INFO: Iteration 39 Ends, Took 3.62 Seconds. Best Params: [32] and Score: -422.0.
1664845288.977545 -- INFO: Iteration 40 Starts ...
1664845288.978651 -- INFO: Changing concurrency to 32 ******
1664845288.979189 -- INFO: Process Status Bits from change concurrency are: 1 1 1 1 1 1 1 1 1 1 1 1 1 1 1 1 1 1 1 1 1 1 1 1 1 1 1 1 1 1 1 1
1664845288.979673 -- INFO: Active CC: 32
1664845289.384520 -- INFO: Throughput @138.2s:535.84Mbps, rtt :38.74ms cwnd: 57.4 lossRate: 0.0007533199888078173 CC:32 score:-280.0 
1664845290.392674 -- INFO: Throughput @139.2s:564.72Mbps, rtt :38.91ms cwnd: 57.7 lossRate: 0.0009321836401771149 CC:32 score:-294.0 
1664845291.393662 -- INFO: Throughput @140.2s:546.69Mbps, rtt :38.79ms cwnd: 56.5 lossRate: 0.0009400263207369807 CC:32 score:-285.0 
1664845292.406060 -- INFO: Throughput @141.2s:556.47Mbps, rtt :38.78ms cwnd: 56.7 lossRate: 0.0010196013150776146 CC:32 score:-290.0 
1664845292.563303 -- INFO: Iteration 40 Ends, Took 3.59 Seconds. Best Params: [32] and Score: -422.0.
1664845292.564012 -- INFO: Iteration 41 Starts ...
1664845292.564994 -- INFO: Changing concurrency to 32 ******
1664845292.565471 -- INFO: Process Status Bits from change concurrency are: 1 1 1 1 1 1 1 1 1 1 1 1 1 1 1 1 1 1 1 1 1 1 1 1 1 1 1 1 1 1 1 1
1664845292.565938 -- INFO: Active CC: 32
1664845293.386981 -- INFO: Throughput @142.2s:507.5Mbps, rtt :38.84ms cwnd: 54.7 lossRate: 0.0011786305219973253 CC:32 score:-263.0 
1664845294.395247 -- INFO: Throughput @143.2s:506.14Mbps, rtt :38.83ms cwnd: 53.4 lossRate: 0.0011453441759248654 CC:32 score:-263.0 
1664845295.396007 -- INFO: Throughput @144.2s:484.96Mbps, rtt :38.9ms cwnd: 49.1 lossRate: 0.0014921357109659744 CC:32 score:-250.0 
1664845296.114187 -- INFO: Iteration 41 Ends, Took 3.55 Seconds. Best Params: [32] and Score: -422.0.
1664845296.114809 -- INFO: Iteration 42 Starts ...
1664845296.115699 -- INFO: Changing concurrency to 32 ******
1664845296.116187 -- INFO: Process Status Bits from change concurrency are: 1 1 1 1 1 1 1 1 1 1 1 1 1 1 1 1 1 1 1 1 1 1 1 1 1 1 1 1 1 1 1 1
1664845296.116693 -- INFO: Active CC: 32
1664845296.391904 -- INFO: Throughput @145.2s:466.7Mbps, rtt :38.84ms cwnd: 51.6 lossRate: 0.0009245517140702173 CC:32 score:-243.0 
1664845297.394653 -- INFO: Throughput @146.2s:487.1Mbps, rtt :39.0ms cwnd: 51.9 lossRate: 0.0012628067667381463 CC:32 score:-252.0 
1664845298.400079 -- INFO: Throughput @147.2s:512.39Mbps, rtt :38.86ms cwnd: 53.2 lossRate: 0.0009734893934934685 CC:32 score:-267.0 
1664845299.400353 -- INFO: Throughput @148.2s:490.54Mbps, rtt :38.83ms cwnd: 52.5 lossRate: 0.0011059398184415465 CC:32 score:-255.0 
1664845299.686304 -- INFO: Iteration 42 Ends, Took 3.57 Seconds. Best Params: [32] and Score: -422.0.
1664845299.686947 -- INFO: Iteration 43 Starts ...
1664845299.687910 -- INFO: Changing concurrency to 32 ******
1664845299.688415 -- INFO: Process Status Bits from change concurrency are: 1 1 1 1 1 1 1 1 1 1 1 1 1 1 1 1 1 1 1 1 1 1 1 1 1 1 1 1 1 1 1 1
1664845299.688950 -- INFO: Active CC: 32
1664845300.393703 -- INFO: Throughput @149.2s:497.32Mbps, rtt :38.84ms cwnd: 50.5 lossRate: 0.0013514474713706523 CC:32 score:-257.0 
1664845301.401438 -- INFO: Throughput @150.2s:480.87Mbps, rtt :38.8ms cwnd: 51.6 lossRate: 0.001089298249860812 CC:32 score:-250.0 
1664845302.404251 -- INFO: Throughput @151.2s:511.77Mbps, rtt :38.84ms cwnd: 55.9 lossRate: 0.000773307253167148 CC:32 score:-268.0 
1664845303.264733 -- INFO: Iteration 43 Ends, Took 3.58 Seconds. Best Params: [32] and Score: -422.0.
1664845303.265381 -- INFO: Iteration 44 Starts ...
1664845303.266271 -- INFO: Changing concurrency to 32 ******
1664845303.266757 -- INFO: Process Status Bits from change concurrency are: 1 1 1 1 1 1 1 1 1 1 1 1 1 1 1 1 1 1 1 1 1 1 1 1 1 1 1 1 1 1 1 1
1664845303.267217 -- INFO: Active CC: 32
1664845303.400295 -- INFO: Throughput @152.2s:538.82Mbps, rtt :38.81ms cwnd: 54.8 lossRate: 0.0009921276825191417 CC:32 score:-281.0 
1664845304.398988 -- INFO: Throughput @153.2s:509.41Mbps, rtt :38.97ms cwnd: 55.1 lossRate: 0.0011857527249509736 CC:32 score:-264.0 
1664845305.403541 -- INFO: Throughput @154.2s:520.89Mbps, rtt :38.93ms cwnd: 55.1 lossRate: 0.0010432061201425715 CC:32 score:-271.0 
1664845306.403867 -- INFO: Throughput @155.2s:541.26Mbps, rtt :38.9ms cwnd: 54.9 lossRate: 0.0009371866963079203 CC:32 score:-282.0 
1664845306.803587 -- INFO: Iteration 44 Ends, Took 3.54 Seconds. Best Params: [32] and Score: -422.0.
1664845306.804132 -- INFO: Iteration 45 Starts ...
1664845306.804979 -- INFO: Changing concurrency to 32 ******
1664845306.805453 -- INFO: Process Status Bits from change concurrency are: 1 1 1 1 1 1 1 1 1 1 1 1 1 1 1 1 1 1 1 1 1 1 1 1 1 1 1 1 1 1 1 1
1664845306.805908 -- INFO: Active CC: 32
1664845307.402889 -- INFO: Throughput @156.2s:508.44Mbps, rtt :38.89ms cwnd: 53.2 lossRate: 0.001284796573875803 CC:32 score:-263.0 
1664845308.409888 -- INFO: Throughput @157.2s:535.53Mbps, rtt :38.87ms cwnd: 56.6 lossRate: 0.0007432831252869291 CC:32 score:-280.0 
1664845309.405629 -- INFO: Throughput @158.2s:547.36Mbps, rtt :38.76ms cwnd: 59.7 lossRate: 0.0007678738196534191 CC:32 score:-286.0 
1664845310.400730 -- INFO: Iteration 45 Ends, Took 3.6 Seconds. Best Params: [32] and Score: -422.0.
1664845310.401382 -- INFO: Iteration 46 Starts ...
1664845310.402270 -- INFO: Changing concurrency to 32 ******
1664845310.402753 -- INFO: Process Status Bits from change concurrency are: 1 1 1 1 1 1 1 1 1 1 1 1 1 1 1 1 1 1 1 1 1 1 1 1 1 1 1 1 1 1 1 1
1664845310.403219 -- INFO: Active CC: 32
1664845310.445720 -- INFO: Throughput @159.2s:557.34Mbps, rtt :38.78ms cwnd: 57.8 lossRate: 0.0011413629949364988 CC:32 score:-289.0 
1664845311.412693 -- INFO: Throughput @160.2s:547.18Mbps, rtt :38.85ms cwnd: 59.2 lossRate: 0.0008933509167482026 CC:32 score:-285.0 
1664845312.415831 -- INFO: Throughput @161.2s:573.85Mbps, rtt :38.99ms cwnd: 55.2 lossRate: 0.0012348982238047214 CC:32 score:-297.0 
1664845313.416749 -- INFO: Throughput @162.2s:497.18Mbps, rtt :38.77ms cwnd: 52.5 lossRate: 0.0011354683227510775 CC:32 score:-258.0 
1664845313.952581 -- INFO: Iteration 46 Ends, Took 3.55 Seconds. Best Params: [32] and Score: -422.0.
1664845313.953093 -- INFO: Iteration 47 Starts ...
1664845313.953911 -- INFO: Changing concurrency to 32 ******
1664845313.954345 -- INFO: Process Status Bits from change concurrency are: 1 1 1 1 1 1 1 1 1 1 1 1 1 1 1 1 1 1 1 1 1 1 1 1 1 1 1 1 1 1 1 1
1664845313.954818 -- INFO: Active CC: 32
1664845314.417319 -- INFO: Throughput @163.2s:494.6Mbps, rtt :38.8ms cwnd: 54.7 lossRate: 0.000889740606392444 CC:32 score:-258.0 
1664845315.420388 -- INFO: Throughput @164.2s:524.99Mbps, rtt :38.96ms cwnd: 52.7 lossRate: 0.001195649674645329 CC:32 score:-272.0 
1664845316.419804 -- INFO: Throughput @165.2s:522.66Mbps, rtt :38.82ms cwnd: 58.4 lossRate: 0.0005418527027612814 CC:32 score:-275.0 
1664845317.447129 -- INFO: Throughput @166.2s:547.4Mbps, rtt :38.85ms cwnd: 57.7 lossRate: 0.0009312683469986841 CC:32 score:-285.0 
1664845317.587969 -- INFO: Iteration 47 Ends, Took 3.63 Seconds. Best Params: [32] and Score: -422.0.
1664845317.588467 -- INFO: Iteration 48 Starts ...
1664845317.589287 -- INFO: Changing concurrency to 32 ******
1664845317.589720 -- INFO: Process Status Bits from change concurrency are: 1 1 1 1 1 1 1 1 1 1 1 1 1 1 1 1 1 1 1 1 1 1 1 1 1 1 1 1 1 1 1 1
1664845317.590185 -- INFO: Active CC: 32
1664845318.419308 -- INFO: Throughput @167.2s:561.46Mbps, rtt :38.84ms cwnd: 58.6 lossRate: 0.0008469551960701278 CC:32 score:-293.0 
1664845319.422653 -- INFO: Throughput @168.2s:556.43Mbps, rtt :38.91ms cwnd: 57.9 lossRate: 0.0010143059400291614 CC:32 score:-290.0 
1664845320.423642 -- INFO: Throughput @169.2s:536.63Mbps, rtt :38.85ms cwnd: 57.1 lossRate: 0.000979176186435146 CC:32 score:-279.0 
1664845321.143954 -- INFO: Iteration 48 Ends, Took 3.56 Seconds. Best Params: [32] and Score: -422.0.
1664845321.144501 -- INFO: Iteration 49 Starts ...
1664845321.145311 -- INFO: Changing concurrency to 32 ******
1664845321.145750 -- INFO: Process Status Bits from change concurrency are: 1 1 1 1 1 1 1 1 1 1 1 1 1 1 1 1 1 1 1 1 1 1 1 1 1 1 1 1 1 1 1 1
1664845321.146205 -- INFO: Active CC: 32
1664845321.421902 -- INFO: Throughput @170.2s:530.99Mbps, rtt :38.72ms cwnd: 57.1 lossRate: 0.0009650232677832344 CC:32 score:-277.0 
1664845322.425886 -- INFO: Throughput @171.2s:528.64Mbps, rtt :38.98ms cwnd: 57.2 lossRate: 0.0010440910969482088 CC:32 score:-275.0 
1664845323.424093 -- INFO: Throughput @172.2s:516.77Mbps, rtt :38.96ms cwnd: 53.1 lossRate: 0.0013131381738323259 CC:32 score:-267.0 
1664845324.428163 -- INFO: Throughput @173.2s:534.83Mbps, rtt :38.8ms cwnd: 58.8 lossRate: 0.0006050783360345759 CC:32 score:-281.0 
1664845324.706271 -- INFO: Iteration 49 Ends, Took 3.56 Seconds. Best Params: [32] and Score: -422.0.
1664845324.706853 -- INFO: Iteration 50 Starts ...
1664845324.707691 -- INFO: Changing concurrency to 32 ******
1664845324.708157 -- INFO: Process Status Bits from change concurrency are: 1 1 1 1 1 1 1 1 1 1 1 1 1 1 1 1 1 1 1 1 1 1 1 1 1 1 1 1 1 1 1 1
1664845324.708615 -- INFO: Active CC: 32
1664845325.428474 -- INFO: Throughput @174.2s:551.71Mbps, rtt :38.97ms cwnd: 57.8 lossRate: 0.0009878307656739317 CC:32 score:-287.0 
1664845326.429801 -- INFO: Throughput @175.2s:545.88Mbps, rtt :38.89ms cwnd: 56.2 lossRate: 0.0010018331414929445 CC:32 score:-284.0 
1664845327.430422 -- INFO: Throughput @176.2s:498.11Mbps, rtt :38.84ms cwnd: 50.8 lossRate: 0.0015165919688532755 CC:32 score:-257.0 
1664845328.259969 -- INFO: Iteration 50 Ends, Took 3.55 Seconds. Best Params: [32] and Score: -422.0.
1664845328.260559 -- INFO: Iteration 51 Starts ...
1664845328.261425 -- INFO: Changing concurrency to 32 ******
1664845328.261828 -- INFO: Process Status Bits from change concurrency are: 1 1 1 1 1 1 1 1 1 1 1 1 1 1 1 1 1 1 1 1 1 1 1 1 1 1 1 1 1 1 1 1
1664845328.262214 -- INFO: Active CC: 32
1664845328.425007 -- INFO: Throughput @177.2s:467.04Mbps, rtt :38.83ms cwnd: 48.9 lossRate: 0.001442709256118859 CC:32 score:-241.0 
1664845329.429434 -- INFO: Throughput @178.2s:449.57Mbps, rtt :38.8ms cwnd: 49.6 lossRate: 0.001200265590683896 CC:32 score:-233.0 
1664845330.434688 -- INFO: Throughput @179.2s:462.68Mbps, rtt :38.79ms cwnd: 48.0 lossRate: 0.0014355874574990555 CC:32 score:-239.0 
1664845331.434612 -- INFO: Throughput @180.2s:464.25Mbps, rtt :38.79ms cwnd: 51.5 lossRate: 0.0009388047533166984 CC:32 score:-242.0 
1664845331.807482 -- INFO: Iteration 51 Ends, Took 3.55 Seconds. Best Params: [32] and Score: -422.0.
1664845331.807910 -- INFO: Iteration 52 Starts ...
1664845331.808608 -- INFO: Changing concurrency to 32 ******
1664845331.809058 -- INFO: Process Status Bits from change concurrency are: 1 1 1 1 1 1 1 1 1 1 1 1 1 1 1 1 1 1 1 1 1 1 1 1 1 1 1 1 1 1 1 1
1664845331.809453 -- INFO: Active CC: 32
1664845332.433656 -- INFO: Throughput @181.2s:487.27Mbps, rtt :38.9ms cwnd: 50.1 lossRate: 0.001217735966189919 CC:32 score:-253.0 
1664845333.436259 -- INFO: Throughput @182.2s:496.45Mbps, rtt :38.92ms cwnd: 50.6 lossRate: 0.0011304870715574263 CC:32 score:-258.0 
1664845334.437518 -- INFO: Throughput @183.2s:489.68Mbps, rtt :38.98ms cwnd: 54.3 lossRate: 0.0008236844582509649 CC:32 score:-256.0 
1664845335.404230 -- INFO: Iteration 52 Ends, Took 3.6 Seconds. Best Params: [32] and Score: -422.0.
1664845335.404851 -- INFO: Iteration 53 Starts ...
1664845335.405435 -- INFO: Changing concurrency to 26 ******
1664845335.405835 -- INFO: Process Status Bits from change concurrency are: 1 1 1 1 1 1 1 1 1 1 1 1 1 1 1 1 1 1 1 1 1 1 1 1 1 1 0 0 0 0 0 0
1664845335.406235 -- INFO: Active CC: 26
1664845335.472611 -- INFO: Throughput @184.2s:505.46Mbps, rtt :38.83ms cwnd: 56.4 lossRate: 0.0008613820875594892 CC:26 score:-298.0 
1664845336.436957 -- INFO: Throughput @185.2s:435.69Mbps, rtt :38.72ms cwnd: 59.8 lossRate: 0 CC:26 score:-260.0 
1664845337.441642 -- INFO: Throughput @186.2s:471.1Mbps, rtt :38.83ms cwnd: 58.9 lossRate: 0.00100142703352277 CC:26 score:-277.0 
1664845338.442729 -- INFO: Throughput @187.2s:422.03Mbps, rtt :38.89ms cwnd: 55.3 lossRate: 0.001188450422710207 CC:26 score:-247.0 
1664845338.999645 -- INFO: Iteration 53 Ends, Took 3.59 Seconds. Best Params: [32] and Score: -422.0.
1664845339.000202 -- INFO: Iteration 54 Starts ...
1664845339.001081 -- INFO: Changing concurrency to 32 ******
1664845339.002319 -- INFO: Process Status Bits from change concurrency are: 1 1 1 1 1 1 1 1 1 1 1 1 1 1 1 1 1 1 1 1 1 1 1 1 1 1 1 1 1 1 1 1
1664845339.002809 -- INFO: Active CC: 32
1664845339.002809 -- INFO: Start Process :: 28
1664845339.002820 -- INFO: Start Process :: 29
1664845339.003003 -- INFO: Start Process :: 26
1664845339.003365 -- INFO: Start Process :: 31
1664845339.003652 -- INFO: Start Process :: 30
1664845339.004418 -- INFO: Start Process :: 27
1664845339.042361 -- INFO: Process 28 get item 31 from queue and executing
1664845339.042609 -- INFO: Process 29 get item 11 from queue and executing
1664845339.042796 -- INFO: Process 26 get item 10 from queue and executing
1664845339.042804 -- INFO: starting 28, 31, /users/jamilm/files_to_Send/FILE3
1664845339.043012 -- INFO: starting 29, 11, /users/jamilm/files_to_Send/FILE3
1664845339.043079 -- INFO: Process 31 get item 12 from queue and executing
1664845339.043161 -- INFO: starting 26, 10, /users/jamilm/files_to_Send/FILE0
1664845339.043429 -- INFO: Process 30 get item 16 from queue and executing
1664845339.043473 -- INFO: starting 31, 12, /users/jamilm/files_to_Send/FILE2
1664845339.044499 -- INFO: starting 30, 16, /users/jamilm/files_to_Send/FILE2
1664845339.044717 -- INFO: Process 27 get item 20 from queue and executing
1664845339.045327 -- INFO: starting 27, 20, /users/jamilm/files_to_Send/FILE2
1664845339.437800 -- INFO: Throughput @188.2s:482.82Mbps, rtt :38.86ms cwnd: 53.8 lossRate: 0.0008606287652508479 CC:32 score:-252.0 
1664845340.442468 -- INFO: Throughput @189.2s:594.77Mbps, rtt :39.12ms cwnd: 66.4 lossRate: 0.0009672933921770146 CC:32 score:-310.0 
1664845341.445355 -- INFO: Throughput @190.2s:639.54Mbps, rtt :38.75ms cwnd: 83.3 lossRate: 0.00044083935813789456 CC:32 score:-337.0 
1664845342.460843 -- INFO: Throughput @191.2s:617.71Mbps, rtt :38.96ms cwnd: 83.2 lossRate: 0.0012184315463003987 CC:32 score:-320.0 
1664845342.634934 -- INFO: Iteration 54 Ends, Took 3.63 Seconds. Best Params: [32] and Score: -422.0.
1664845342.635486 -- INFO: Iteration 55 Starts ...
1664845342.636365 -- INFO: Changing concurrency to 32 ******
1664845342.636842 -- INFO: Process Status Bits from change concurrency are: 1 1 1 1 1 1 1 1 1 1 1 1 1 1 1 1 1 1 1 1 1 1 1 1 1 1 1 1 1 1 1 1
1664845342.637330 -- INFO: Active CC: 32
1664845343.440496 -- INFO: Throughput @192.2s:613.94Mbps, rtt :38.88ms cwnd: 80.6 lossRate: 0.0008724513987671882 CC:32 score:-320.0 
1664845344.448107 -- INFO: Throughput @193.2s:592.75Mbps, rtt :39.05ms cwnd: 77.1 lossRate: 0.001058370110030553 CC:32 score:-308.0 
1664845345.446474 -- INFO: Throughput @194.2s:559.91Mbps, rtt :38.98ms cwnd: 74.2 lossRate: 0.001119333374790125 CC:32 score:-291.0 
1664845346.226018 -- INFO: Iteration 55 Ends, Took 3.59 Seconds. Best Params: [32] and Score: -422.0.
1664845346.226603 -- INFO: Iteration 56 Starts ...
1664845346.227518 -- INFO: Changing concurrency to 32 ******
1664845346.228044 -- INFO: Process Status Bits from change concurrency are: 1 1 1 1 1 1 1 1 1 1 1 1 1 1 1 1 1 1 1 1 1 1 1 1 1 1 1 1 1 1 1 1
1664845346.228628 -- INFO: Active CC: 32
1664845346.445729 -- INFO: Throughput @195.3s:509.22Mbps, rtt :38.88ms cwnd: 79.5 lossRate: 0.00048547617121126303 CC:32 score:-268.0 
1664845347.451542 -- INFO: Throughput @196.3s:613.7Mbps, rtt :38.94ms cwnd: 80.8 lossRate: 0.0007321056484766571 CC:32 score:-321.0 
1664845348.452506 -- INFO: Throughput @197.3s:653.9Mbps, rtt :38.9ms cwnd: 79.3 lossRate: 0.0008553252908996953 CC:32 score:-341.0 
1664845349.453523 -- INFO: Throughput @198.3s:637.41Mbps, rtt :39.02ms cwnd: 72.1 lossRate: 0.0012906744228322123 CC:32 score:-330.0 
1664845349.799730 -- INFO: Iteration 56 Ends, Took 3.57 Seconds. Best Params: [32] and Score: -422.0.
1664845349.800281 -- INFO: Iteration 57 Starts ...
1664845349.801073 -- INFO: Changing concurrency to 32 ******
1664845349.801536 -- INFO: Process Status Bits from change concurrency are: 1 1 1 1 1 1 1 1 1 1 1 1 1 1 1 1 1 1 1 1 1 1 1 1 1 1 1 1 1 1 1 1
1664845349.801950 -- INFO: Active CC: 32
1664845350.450528 -- INFO: Throughput @199.3s:607.55Mbps, rtt :38.88ms cwnd: 71.0 lossRate: 0.0008844727977568264 CC:32 score:-317.0 
1664845351.437700 -- INFO: episode expires
1664845353.458381 -- INFO: Iteration 57 Ends, Took 3.66 Seconds. Best Params: [32] and Score: -422.0.
1664845353.459373 -- INFO: Iteration 58 Starts ...
1664845353.460186 -- INFO: episode expires
1664845353.983427 -- INFO: Iteration 58 Ends, Took 0.52 Seconds. Best Params: [32] and Score: -422.0.
1664845353.983944 -- INFO: Bayseian Optimizer Exits ...
1664845354.284068 -- INFO: Throughput @0.1s:0.0Mbps, rtt :38.97ms cwnd: 34.8 lossRate: 0.0009986940155181686 CC:0 score:-0.0 
