1664843294.117726 -- INFO: Iteration 1 Starts ...
1664843294.119035 -- INFO: Changing concurrency to 16 ******
1664843294.122261 -- INFO: Start Process :: 0
1664843294.122454 -- INFO: Start Process :: 1
1664843294.122688 -- INFO: Start Process :: 2
1664843294.126287 -- INFO: Start Process :: 4
1664843294.126494 -- INFO: Start Process :: 3
1664843294.126747 -- INFO: Process Status Bits from change concurrency are: 1 1 1 1 1 1 1 1 1 1 1 1 1 1 1 1 0 0 0 0 0 0 0 0 0 0 0 0 0 0 0 0
1664843294.126824 -- INFO: Start Process :: 5
1664843294.127319 -- INFO: Start Process :: 6
1664843294.128292 -- INFO: Start Process :: 7
1664843294.128745 -- INFO: Start Process :: 8
1664843294.129423 -- INFO: Active CC: 16
1664843294.130055 -- INFO: Start Process :: 9
1664843294.130872 -- INFO: Start Process :: 12
1664843294.131679 -- INFO: Start Process :: 10
1664843294.132065 -- INFO: Start Process :: 11
1664843294.132372 -- INFO: Start Process :: 15
1664843294.132869 -- INFO: Start Process :: 13
1664843294.132969 -- INFO: Start Process :: 14
1664843294.162279 -- INFO: Process 0 get item 0 from queue and executing
1664843294.162633 -- INFO: Process 1 get item 1 from queue and executing
1664843294.162804 -- INFO: Process 2 get item 2 from queue and executing
1664843294.162855 -- INFO: starting 0, 0, /users/jamilm/files_to_Send/FILE2
1664843294.162985 -- INFO: starting 1, 1, /users/jamilm/files_to_Send/FILE1
1664843294.163296 -- INFO: starting 2, 2, /users/jamilm/files_to_Send/FILE0
1664843294.166338 -- INFO: Process 4 get item 3 from queue and executing
1664843294.166446 -- INFO: Process 3 get item 4 from queue and executing
1664843294.166834 -- INFO: starting 3, 4, /users/jamilm/files_to_Send/FILE2
1664843294.166832 -- INFO: Process 5 get item 5 from queue and executing
1664843294.167031 -- INFO: starting 4, 3, /users/jamilm/files_to_Send/FILE3
1664843294.167191 -- INFO: starting 5, 5, /users/jamilm/files_to_Send/FILE1
1664843294.167350 -- INFO: Process 6 get item 6 from queue and executing
1664843294.167768 -- INFO: starting 6, 6, /users/jamilm/files_to_Send/FILE0
1664843294.168071 -- INFO: Process 7 get item 7 from queue and executing
1664843294.168547 -- INFO: starting 7, 7, /users/jamilm/files_to_Send/FILE3
1664843294.168622 -- INFO: Process 8 get item 8 from queue and executing
1664843294.169075 -- INFO: starting 8, 8, /users/jamilm/files_to_Send/FILE2
1664843294.169625 -- INFO: Process 9 get item 9 from queue and executing
1664843294.170056 -- INFO: starting 9, 9, /users/jamilm/files_to_Send/FILE1
1664843294.170738 -- INFO: Process 12 get item 10 from queue and executing
1664843294.171346 -- INFO: starting 12, 10, /users/jamilm/files_to_Send/FILE0
1664843294.171634 -- INFO: Process 10 get item 11 from queue and executing
1664843294.171965 -- INFO: Process 11 get item 12 from queue and executing
1664843294.172135 -- INFO: Process 15 get item 13 from queue and executing
1664843294.172256 -- INFO: starting 10, 11, /users/jamilm/files_to_Send/FILE3
1664843294.172325 -- INFO: starting 11, 12, /users/jamilm/files_to_Send/FILE2
1664843294.172528 -- INFO: starting 15, 13, /users/jamilm/files_to_Send/FILE1
1664843294.172723 -- INFO: Process 14 get item 14 from queue and executing
1664843294.172882 -- INFO: Process 13 get item 15 from queue and executing
1664843294.173195 -- INFO: starting 14, 14, /users/jamilm/files_to_Send/FILE0
1664843294.173326 -- INFO: starting 13, 15, /users/jamilm/files_to_Send/FILE3
1664843294.177417 -- INFO: Throughput @0.1s:0.0Mbps, rtt :38.52ms cwnd: 10.0 lossRate: 0.0 CC:16 score:-0.0 
1664843295.175430 -- INFO: Throughput @1.1s:197.43Mbps, rtt :38.96ms cwnd: 51.6 lossRate: 0.0010268446530731993 CC:16 score:-142.0 
1664843296.176972 -- INFO: Throughput @2.1s:377.94Mbps, rtt :38.74ms cwnd: 94.8 lossRate: 0.000932475884244373 CC:16 score:-272.0 
1664843297.177011 -- INFO: Throughput @3.1s:408.06Mbps, rtt :38.85ms cwnd: 114.8 lossRate: 0.0011178804985747023 CC:16 score:-293.0 
1664843297.339074 -- INFO: Iteration 1 Ends, Took 3.22 Seconds. Best Params: [16] and Score: -235.66666666666666.
1664843297.340102 -- INFO: Iteration 2 Starts ...
1664843297.342951 -- INFO: Changing concurrency to 24 ******
1664843297.344272 -- INFO: Process Status Bits from change concurrency are: 1 1 1 1 1 1 1 1 1 1 1 1 1 1 1 1 1 1 1 1 1 1 1 1 0 0 0 0 0 0 0 0
1664843297.345876 -- INFO: Active CC: 24
1664843297.347219 -- INFO: Start Process :: 20
1664843297.348309 -- INFO: Start Process :: 19
1664843297.348575 -- INFO: Start Process :: 18
1664843297.350271 -- INFO: Start Process :: 21
1664843297.350487 -- INFO: Start Process :: 16
1664843297.350885 -- INFO: Start Process :: 23
1664843297.351249 -- INFO: Start Process :: 17
1664843297.351469 -- INFO: Start Process :: 22
1664843297.386990 -- INFO: Process 20 get item 16 from queue and executing
1664843297.387307 -- INFO: starting 20, 16, /users/jamilm/files_to_Send/FILE2
1664843297.388154 -- INFO: Process 19 get item 17 from queue and executing
1664843297.388396 -- INFO: starting 19, 17, /users/jamilm/files_to_Send/FILE1
1664843297.388566 -- INFO: Process 18 get item 18 from queue and executing
1664843297.388956 -- INFO: starting 18, 18, /users/jamilm/files_to_Send/FILE0
1664843297.389910 -- INFO: Process 21 get item 19 from queue and executing
1664843297.390157 -- INFO: starting 21, 19, /users/jamilm/files_to_Send/FILE3
1664843297.390326 -- INFO: Process 16 get item 20 from queue and executing
1664843297.390726 -- INFO: starting 16, 20, /users/jamilm/files_to_Send/FILE2
1664843297.391070 -- INFO: Process 17 get item 21 from queue and executing
1664843297.391283 -- INFO: starting 17, 21, /users/jamilm/files_to_Send/FILE1
1664843297.391242 -- INFO: Process 22 get item 22 from queue and executing
1664843297.391378 -- INFO: Process 23 get item 23 from queue and executing
1664843297.391573 -- INFO: starting 22, 22, /users/jamilm/files_to_Send/FILE0
1664843297.391875 -- INFO: starting 23, 23, /users/jamilm/files_to_Send/FILE3
1664843298.177790 -- INFO: Throughput @4.1s:462.34Mbps, rtt :38.81ms cwnd: 84.4 lossRate: 0.0010437868587234486 CC:24 score:-283.0 
1664843299.173187 -- INFO: Throughput @5.1s:568.0Mbps, rtt :38.76ms cwnd: 100.4 lossRate: 0.0007155635062611807 CC:24 score:-349.0 
1664843300.174163 -- INFO: Throughput @6.1s:592.23Mbps, rtt :39.19ms cwnd: 104.4 lossRate: 0.001145737855178735 CC:24 score:-361.0 
1664843300.547326 -- INFO: Iteration 2 Ends, Took 3.21 Seconds. Best Params: [24] and Score: -331.0.
1664843300.547477 -- INFO: Iteration 3 Starts ...
1664843300.547941 -- INFO: Changing concurrency to 4 ******
1664843300.548594 -- INFO: Process Status Bits from change concurrency are: 1 1 1 1 0 0 0 0 0 0 0 0 0 0 0 0 0 0 0 0 0 0 0 0 0 0 0 0 0 0 0 0
1664843300.549169 -- INFO: Active CC: 4
1664843301.184707 -- INFO: Throughput @7.1s:304.74Mbps, rtt :38.97ms cwnd: 114.8 lossRate: 0 CC:4 score:-282.0 
1664843302.185415 -- INFO: Throughput @8.1s:101.99Mbps, rtt :38.92ms cwnd: 162.0 lossRate: 0 CC:4 score:-94.0 
1664843303.182434 -- INFO: Throughput @9.1s:108.83Mbps, rtt :38.89ms cwnd: 105.0 lossRate: 0.0028251657068347276 CC:4 score:-97.0 
1664843304.155898 -- INFO: Iteration 3 Ends, Took 3.61 Seconds. Best Params: [24] and Score: -331.0.
1664843304.156172 -- INFO: Iteration 4 Starts ...
1664843304.157738 -- INFO: Changing concurrency to 24 ******
1664843304.160212 -- INFO: Start Process :: 6
1664843304.160326 -- INFO: Start Process :: 4
1664843304.161055 -- INFO: Start Process :: 5
1664843304.161297 -- INFO: Start Process :: 7
1664843304.161500 -- INFO: Start Process :: 9
1664843304.161661 -- INFO: Start Process :: 8
1664843304.161771 -- INFO: Start Process :: 14
1664843304.161987 -- INFO: Start Process :: 13
1664843304.162262 -- INFO: Start Process :: 12
1664843304.162349 -- INFO: Start Process :: 10
1664843304.162719 -- INFO: Start Process :: 16
1664843304.162883 -- INFO: Start Process :: 17
1664843304.163029 -- INFO: Start Process :: 18
1664843304.163347 -- INFO: Start Process :: 19
1664843304.162582 -- INFO: Start Process :: 11
1664843304.163483 -- INFO: Start Process :: 20
1664843304.163948 -- INFO: Start Process :: 23
1664843304.163247 -- INFO: Start Process :: 15
1664843304.164209 -- INFO: Process Status Bits from change concurrency are: 1 1 1 1 1 1 1 1 1 1 1 1 1 1 1 1 1 1 1 1 1 1 1 1 0 0 0 0 0 0 0 0
1664843304.164407 -- INFO: Start Process :: 21
1664843304.165319 -- INFO: Start Process :: 22
1664843304.166214 -- INFO: Active CC: 24
1664843304.183407 -- INFO: Throughput @10.1s:97.1Mbps, rtt :38.64ms cwnd: 21.8 lossRate: 0.001991040318566451 CC:24 score:-58.0 
1664843304.199712 -- INFO: Process 4 get item 24 from queue and executing
1664843304.199954 -- INFO: Process 6 get item 25 from queue and executing
1664843304.200107 -- INFO: starting 4, 24, /users/jamilm/files_to_Send/FILE2
1664843304.200367 -- INFO: starting 6, 25, /users/jamilm/files_to_Send/FILE1
1664843304.200419 -- INFO: Process 5 get item 26 from queue and executing
1664843304.200639 -- INFO: Process 7 get item 27 from queue and executing
1664843304.200930 -- INFO: starting 5, 26, /users/jamilm/files_to_Send/FILE0
1664843304.200939 -- INFO: Process 9 get item 28 from queue and executing
1664843304.201004 -- INFO: starting 7, 27, /users/jamilm/files_to_Send/FILE3
1664843304.201042 -- INFO: Process 14 get item 29 from queue and executing
1664843304.201257 -- INFO: Process 8 get item 30 from queue and executing
1664843304.201409 -- INFO: starting 9, 28, /users/jamilm/files_to_Send/FILE2
1664843304.201403 -- INFO: starting 14, 29, /users/jamilm/files_to_Send/FILE1
1664843304.201481 -- INFO: Process 13 get item 31 from queue and executing
1664843304.201853 -- INFO: Process 10 get item 3 from queue and executing
1664843304.202071 -- INFO: starting 13, 31, /users/jamilm/files_to_Send/FILE3
1664843304.202038 -- INFO: Process 12 get item 8 from queue and executing
1664843304.202144 -- INFO: starting 8, 30, /users/jamilm/files_to_Send/FILE0
1664843304.202213 -- INFO: starting 10, 3, /users/jamilm/files_to_Send/FILE3
1664843304.202247 -- INFO: Process 16 get item 15 from queue and executing
1664843304.202480 -- INFO: Process 17 get item 21 from queue and executing
1664843304.202533 -- INFO: starting 12, 8, /users/jamilm/files_to_Send/FILE2
1664843304.202622 -- INFO: Process 18 get item 12 from queue and executing
1664843304.202698 -- INFO: starting 16, 15, /users/jamilm/files_to_Send/FILE3
1664843304.202911 -- INFO: starting 17, 21, /users/jamilm/files_to_Send/FILE1
1664843304.203004 -- INFO: Process 19 get item 9 from queue and executing
1664843304.203077 -- INFO: starting 18, 12, /users/jamilm/files_to_Send/FILE2
1664843304.203122 -- INFO: Process 20 get item 16 from queue and executing
1664843304.203544 -- INFO: Process 23 get item 17 from queue and executing
1664843304.203608 -- INFO: starting 19, 9, /users/jamilm/files_to_Send/FILE1
1664843304.203615 -- INFO: starting 20, 16, /users/jamilm/files_to_Send/FILE2
1664843304.203637 -- INFO: Process 15 get item 7 from queue and executing
1664843304.203954 -- INFO: Process 11 get item 20 from queue and executing
1664843304.204105 -- INFO: starting 23, 17, /users/jamilm/files_to_Send/FILE1
1664843304.204207 -- INFO: starting 15, 7, /users/jamilm/files_to_Send/FILE3
1664843304.204266 -- INFO: Process 21 get item 14 from queue and executing
1664843304.204646 -- INFO: starting 11, 20, /users/jamilm/files_to_Send/FILE2
1664843304.204667 -- INFO: starting 21, 14, /users/jamilm/files_to_Send/FILE0
1664843304.204705 -- INFO: Process 22 get item 6 from queue and executing
1664843304.205062 -- INFO: starting 22, 6, /users/jamilm/files_to_Send/FILE0
1664843305.184594 -- INFO: Throughput @11.1s:403.97Mbps, rtt :39.12ms cwnd: 72.3 lossRate: 0.0007204610951008645 CC:24 score:-248.0 
1664843306.180267 -- INFO: Throughput @12.1s:781.03Mbps, rtt :38.92ms cwnd: 120.4 lossRate: 0.0013179364880130538 CC:24 score:-475.0 
1664843307.181708 -- INFO: Throughput @13.1s:703.98Mbps, rtt :39.38ms cwnd: 118.2 lossRate: 0.0009230171324934417 CC:24 score:-431.0 
1664843307.865874 -- INFO: Iteration 4 Ends, Took 3.71 Seconds. Best Params: [24] and Score: -384.6666666666667.
1664843307.866066 -- INFO: Iteration 5 Starts ...
1664843307.866272 -- INFO: Changing concurrency to 24 ******
1664843307.867096 -- INFO: Process Status Bits from change concurrency are: 1 1 1 1 1 1 1 1 1 1 1 1 1 1 1 1 1 1 1 1 1 1 1 1 0 0 0 0 0 0 0 0
1664843307.867996 -- INFO: Active CC: 24
1664843308.184310 -- INFO: Throughput @14.1s:652.49Mbps, rtt :39.17ms cwnd: 106.0 lossRate: 0.0013044659842377027 CC:24 score:-397.0 
1664843309.184002 -- INFO: Throughput @15.1s:581.88Mbps, rtt :38.97ms cwnd: 90.8 lossRate: 0.0014040656858555643 CC:24 score:-354.0 
1664843310.185752 -- INFO: Throughput @16.1s:535.22Mbps, rtt :39.04ms cwnd: 86.5 lossRate: 0.0009254277413106639 CC:24 score:-328.0 
1664843311.207089 -- INFO: Throughput @17.1s:525.99Mbps, rtt :38.96ms cwnd: 82.8 lossRate: 0.000920467246707138 CC:24 score:-322.0 
1664843311.320787 -- INFO: Iteration 5 Ends, Took 3.45 Seconds. Best Params: [24] and Score: -384.6666666666667.
1664843311.321091 -- INFO: Iteration 6 Starts ...
1664843311.321436 -- INFO: Changing concurrency to 30 ******
1664843311.324062 -- INFO: Start Process :: 26
1664843311.324415 -- INFO: Start Process :: 24
1664843311.325445 -- INFO: Process Status Bits from change concurrency are: 1 1 1 1 1 1 1 1 1 1 1 1 1 1 1 1 1 1 1 1 1 1 1 1 1 1 1 1 1 1 0 0
1664843311.325900 -- INFO: Active CC: 30
1664843311.327876 -- INFO: Start Process :: 28
1664843311.326989 -- INFO: Start Process :: 25
1664843311.329564 -- INFO: Start Process :: 29
1664843311.333161 -- INFO: Start Process :: 27
1664843311.364028 -- INFO: Process 26 get item 19 from queue and executing
1664843311.364305 -- INFO: starting 26, 19, /users/jamilm/files_to_Send/FILE3
1664843311.364363 -- INFO: Process 24 get item 22 from queue and executing
1664843311.364611 -- INFO: starting 24, 22, /users/jamilm/files_to_Send/FILE0
1664843311.368452 -- INFO: Process 25 get item 13 from queue and executing
1664843311.368681 -- INFO: Process 28 get item 11 from queue and executing
1664843311.368773 -- INFO: starting 25, 13, /users/jamilm/files_to_Send/FILE1
1664843311.368909 -- INFO: starting 28, 11, /users/jamilm/files_to_Send/FILE3
1664843311.369866 -- INFO: Process 29 get item 10 from queue and executing
1664843311.370118 -- INFO: starting 29, 10, /users/jamilm/files_to_Send/FILE0
1664843311.372886 -- INFO: Process 27 get item 5 from queue and executing
1664843311.373141 -- INFO: starting 27, 5, /users/jamilm/files_to_Send/FILE1
1664843312.199751 -- INFO: Throughput @18.1s:562.84Mbps, rtt :38.88ms cwnd: 63.1 lossRate: 0.0018807514049660793 CC:30 score:-300.0 
1664843313.206662 -- INFO: Throughput @19.1s:582.26Mbps, rtt :39.02ms cwnd: 67.7 lossRate: 0.001319636186454442 CC:30 score:-314.0 
1664843314.207320 -- INFO: Throughput @20.1s:562.27Mbps, rtt :38.9ms cwnd: 71.6 lossRate: 0.0010931666769795599 CC:30 score:-304.0 
1664843314.797208 -- INFO: Iteration 6 Ends, Took 3.48 Seconds. Best Params: [24] and Score: -384.6666666666667.
1664843314.797370 -- INFO: Iteration 7 Starts ...
1664843314.797564 -- INFO: Changing concurrency to 26 ******
1664843314.797921 -- INFO: Process Status Bits from change concurrency are: 1 1 1 1 1 1 1 1 1 1 1 1 1 1 1 1 1 1 1 1 1 1 1 1 1 1 0 0 0 0 0 0
1664843314.798232 -- INFO: Active CC: 26
1664843315.205733 -- INFO: Throughput @21.1s:523.63Mbps, rtt :38.91ms cwnd: 65.0 lossRate: 0.0008019246190858059 CC:26 score:-309.0 
1664843316.202414 -- INFO: Throughput @22.1s:471.15Mbps, rtt :38.91ms cwnd: 63.2 lossRate: 0.0010556032895544373 CC:26 score:-277.0 
1664843317.205214 -- INFO: Throughput @23.1s:499.72Mbps, rtt :38.82ms cwnd: 65.2 lossRate: 0.0007577671129072998 CC:26 score:-295.0 
1664843318.220531 -- INFO: Throughput @24.1s:511.92Mbps, rtt :38.93ms cwnd: 61.4 lossRate: 0.0010944485842026826 CC:26 score:-300.0 
1664843318.424842 -- INFO: Iteration 7 Ends, Took 3.63 Seconds. Best Params: [24] and Score: -384.6666666666667.
1664843318.425362 -- INFO: Iteration 8 Starts ...
1664843318.425805 -- INFO: Changing concurrency to 23 ******
1664843318.426898 -- INFO: Process Status Bits from change concurrency are: 1 1 1 1 1 1 1 1 1 1 1 1 1 1 1 1 1 1 1 1 1 1 1 0 0 0 0 0 0 0 0 0
1664843318.428020 -- INFO: Active CC: 23
1664843319.206663 -- INFO: Throughput @25.1s:403.89Mbps, rtt :38.72ms cwnd: 56.6 lossRate: 0 CC:23 score:-256.0 
1664843320.206571 -- INFO: Throughput @26.1s:392.67Mbps, rtt :38.77ms cwnd: 56.5 lossRate: 0.0011651529636711282 CC:23 score:-244.0 
1664843321.212251 -- INFO: Throughput @27.1s:389.22Mbps, rtt :38.96ms cwnd: 60.0 lossRate: 0.0006449721489299326 CC:23 score:-244.0 
1664843322.202034 -- INFO: Iteration 8 Ends, Took 3.78 Seconds. Best Params: [24] and Score: -384.6666666666667.
1664843322.203107 -- INFO: Iteration 9 Starts ...
1664843322.203894 -- INFO: Changing concurrency to 24 ******
1664843322.204765 -- INFO: Process Status Bits from change concurrency are: 1 1 1 1 1 1 1 1 1 1 1 1 1 1 1 1 1 1 1 1 1 1 1 1 0 0 0 0 0 0 0 0
1664843322.205690 -- INFO: Active CC: 24
1664843322.206572 -- INFO: Start Process :: 23
1664843322.210464 -- INFO: Throughput @28.1s:414.7Mbps, rtt :38.78ms cwnd: 55.9 lossRate: 0.0012724485959686514 CC:23 score:-258.0 
1664843322.246762 -- INFO: Process 23 get item 23 from queue and executing
1664843322.247440 -- INFO: starting 23, 23, /users/jamilm/files_to_Send/FILE3
1664843323.216347 -- INFO: Throughput @29.1s:405.99Mbps, rtt :38.72ms cwnd: 60.0 lossRate: 0.000661740377192015 CC:24 score:-250.0 
1664843324.217979 -- INFO: Throughput @30.1s:456.87Mbps, rtt :38.9ms cwnd: 63.7 lossRate: 0.0007974276527331189 CC:24 score:-280.0 
1664843325.216343 -- INFO: Throughput @31.1s:449.46Mbps, rtt :38.94ms cwnd: 61.9 lossRate: 0.0009290802105915144 CC:24 score:-275.0 
1664843325.987477 -- INFO: Iteration 9 Ends, Took 3.78 Seconds. Best Params: [24] and Score: -384.6666666666667.
1664843325.987640 -- INFO: Iteration 10 Starts ...
1664843325.987860 -- INFO: Changing concurrency to 24 ******
1664843325.988452 -- INFO: Process Status Bits from change concurrency are: 1 1 1 1 1 1 1 1 1 1 1 1 1 1 1 1 1 1 1 1 1 1 1 1 0 0 0 0 0 0 0 0
1664843325.989093 -- INFO: Active CC: 24
1664843326.214689 -- INFO: Throughput @32.1s:452.7Mbps, rtt :38.89ms cwnd: 58.6 lossRate: 0.0011202000729432606 CC:24 score:-276.0 
1664843327.215502 -- INFO: Throughput @33.1s:406.11Mbps, rtt :38.81ms cwnd: 56.4 lossRate: 0.001231280245110672 CC:24 score:-247.0 
1664843328.220204 -- INFO: Throughput @34.1s:396.98Mbps, rtt :38.84ms cwnd: 57.2 lossRate: 0.0009006129978792016 CC:24 score:-243.0 
1664843329.223134 -- INFO: Throughput @35.1s:399.47Mbps, rtt :38.88ms cwnd: 56.4 lossRate: 0.0011206574523720584 CC:24 score:-244.0 
1664843329.432989 -- INFO: Iteration 10 Ends, Took 3.45 Seconds. Best Params: [24] and Score: -384.6666666666667.
1664843329.433472 -- INFO: Iteration 11 Starts ...
1664843329.433981 -- INFO: Changing concurrency to 32 ******
1664843329.435355 -- INFO: Process Status Bits from change concurrency are: 1 1 1 1 1 1 1 1 1 1 1 1 1 1 1 1 1 1 1 1 1 1 1 1 1 1 1 1 1 1 1 1
1664843329.435815 -- INFO: Active CC: 32
1664843329.435988 -- INFO: Start Process :: 24
1664843329.436071 -- INFO: Start Process :: 26
1664843329.436449 -- INFO: Start Process :: 28
1664843329.436696 -- INFO: Start Process :: 29
1664843329.437133 -- INFO: Start Process :: 27
1664843329.437977 -- INFO: Start Process :: 25
1664843329.442213 -- INFO: Start Process :: 31
1664843329.451696 -- INFO: Start Process :: 30
1664843329.475208 -- INFO: Process 24 get item 18 from queue and executing
1664843329.475703 -- INFO: starting 24, 18, /users/jamilm/files_to_Send/FILE0
1664843329.475976 -- INFO: Process 26 get item 19 from queue and executing
1664843329.475995 -- INFO: Process 28 get item 5 from queue and executing
1664843329.476486 -- INFO: Process 29 get item 11 from queue and executing
1664843329.476530 -- INFO: starting 26, 19, /users/jamilm/files_to_Send/FILE3
1664843329.476613 -- INFO: starting 28, 5, /users/jamilm/files_to_Send/FILE1
1664843329.477010 -- INFO: starting 29, 11, /users/jamilm/files_to_Send/FILE3
1664843329.477535 -- INFO: Process 25 get item 10 from queue and executing
1664843329.477909 -- INFO: Process 27 get item 22 from queue and executing
1664843329.478115 -- INFO: starting 25, 10, /users/jamilm/files_to_Send/FILE0
1664843329.478659 -- INFO: starting 27, 22, /users/jamilm/files_to_Send/FILE0
1664843329.482139 -- INFO: Process 31 get item 13 from queue and executing
1664843329.482642 -- INFO: starting 31, 13, /users/jamilm/files_to_Send/FILE1
1664843329.491866 -- INFO: Process 30 get item 17 from queue and executing
1664843329.492254 -- INFO: starting 30, 17, /users/jamilm/files_to_Send/FILE1
1664843330.217628 -- INFO: Throughput @36.1s:529.42Mbps, rtt :38.79ms cwnd: 59.8 lossRate: 0.0008413770537780167 CC:32 score:-276.0 
1664843331.220408 -- INFO: Throughput @37.1s:619.61Mbps, rtt :39.02ms cwnd: 76.4 lossRate: 0.0010432872700649766 CC:32 score:-322.0 
1664843332.227110 -- INFO: Throughput @38.1s:632.99Mbps, rtt :39.72ms cwnd: 89.6 lossRate: 0.0009823361408742791 CC:32 score:-330.0 
1664843332.856786 -- INFO: Iteration 11 Ends, Took 3.42 Seconds. Best Params: [24] and Score: -384.6666666666667.
1664843332.857307 -- INFO: Iteration 12 Starts ...
1664843332.857898 -- INFO: Changing concurrency to 32 ******
1664843332.858281 -- INFO: Process Status Bits from change concurrency are: 1 1 1 1 1 1 1 1 1 1 1 1 1 1 1 1 1 1 1 1 1 1 1 1 1 1 1 1 1 1 1 1
1664843332.858650 -- INFO: Active CC: 32
1664843333.223866 -- INFO: Throughput @39.1s:614.43Mbps, rtt :39.69ms cwnd: 91.8 lossRate: 0.0007170758402053101 CC:32 score:-322.0 
1664843334.228263 -- INFO: Throughput @40.1s:613.93Mbps, rtt :39.7ms cwnd: 91.1 lossRate: 0.0008553994715532154 CC:32 score:-321.0 
1664843335.229253 -- INFO: Throughput @41.1s:622.97Mbps, rtt :39.1ms cwnd: 78.7 lossRate: 0.0013271400132714001 CC:32 score:-322.0 
1664843336.234115 -- INFO: Throughput @42.1s:648.36Mbps, rtt :39.06ms cwnd: 80.7 lossRate: 0.0007714111442000646 CC:32 score:-339.0 
1664843336.324968 -- INFO: Iteration 12 Ends, Took 3.47 Seconds. Best Params: [24] and Score: -384.6666666666667.
1664843336.325384 -- INFO: Iteration 13 Starts ...
1664843336.325967 -- INFO: Changing concurrency to 32 ******
1664843336.326353 -- INFO: Process Status Bits from change concurrency are: 1 1 1 1 1 1 1 1 1 1 1 1 1 1 1 1 1 1 1 1 1 1 1 1 1 1 1 1 1 1 1 1
1664843336.326731 -- INFO: Active CC: 32
1664843337.226738 -- INFO: Throughput @43.1s:634.35Mbps, rtt :39.06ms cwnd: 76.3 lossRate: 0.0010791172820632721 CC:32 score:-330.0 
1664843338.224775 -- INFO: Throughput @44.1s:653.39Mbps, rtt :38.9ms cwnd: 70.2 lossRate: 0.0012629224024392443 CC:32 score:-338.0 
1664843339.228624 -- INFO: Throughput @45.1s:602.54Mbps, rtt :39.23ms cwnd: 69.0 lossRate: 0.0009366159492315927 CC:32 score:-314.0 
1664843339.797576 -- INFO: Iteration 13 Ends, Took 3.47 Seconds. Best Params: [24] and Score: -384.6666666666667.
1664843339.797990 -- INFO: Iteration 14 Starts ...
1664843339.798560 -- INFO: Changing concurrency to 32 ******
1664843339.798928 -- INFO: Process Status Bits from change concurrency are: 1 1 1 1 1 1 1 1 1 1 1 1 1 1 1 1 1 1 1 1 1 1 1 1 1 1 1 1 1 1 1 1
1664843339.799271 -- INFO: Active CC: 32
1664843340.234272 -- INFO: Throughput @46.1s:609.75Mbps, rtt :38.9ms cwnd: 68.7 lossRate: 0.0008483235968920509 CC:32 score:-318.0 
1664843341.236620 -- INFO: Throughput @47.1s:583.57Mbps, rtt :39.04ms cwnd: 63.6 lossRate: 0.0012075382057170005 CC:32 score:-303.0 
1664843342.237942 -- INFO: Throughput @48.1s:571.02Mbps, rtt :38.91ms cwnd: 55.9 lossRate: 0.00150649676730902 CC:32 score:-294.0 
1664843343.232513 -- INFO: Throughput @49.1s:528.65Mbps, rtt :38.96ms cwnd: 53.9 lossRate: 0.0011219147344801795 CC:32 score:-275.0 
1664843343.252052 -- INFO: Iteration 14 Ends, Took 3.45 Seconds. Best Params: [24] and Score: -384.6666666666667.
1664843343.252329 -- INFO: Iteration 15 Starts ...
1664843343.252868 -- INFO: Changing concurrency to 32 ******
1664843343.253226 -- INFO: Process Status Bits from change concurrency are: 1 1 1 1 1 1 1 1 1 1 1 1 1 1 1 1 1 1 1 1 1 1 1 1 1 1 1 1 1 1 1 1
1664843343.253561 -- INFO: Active CC: 32
1664843344.229912 -- INFO: Throughput @50.1s:521.35Mbps, rtt :38.78ms cwnd: 52.8 lossRate: 0.0011152996810242911 CC:32 score:-271.0 
1664843345.235618 -- INFO: Throughput @51.1s:541.75Mbps, rtt :38.85ms cwnd: 61.6 lossRate: 0.0003621258920012781 CC:32 score:-286.0 
1664843346.239023 -- INFO: Throughput @52.1s:565.02Mbps, rtt :38.9ms cwnd: 61.8 lossRate: 0.0008094871898652203 CC:32 score:-295.0 
1664843346.671458 -- INFO: Iteration 15 Ends, Took 3.42 Seconds. Best Params: [24] and Score: -384.6666666666667.
1664843346.671806 -- INFO: Iteration 16 Starts ...
1664843346.672335 -- INFO: Changing concurrency to 32 ******
1664843346.672672 -- INFO: Process Status Bits from change concurrency are: 1 1 1 1 1 1 1 1 1 1 1 1 1 1 1 1 1 1 1 1 1 1 1 1 1 1 1 1 1 1 1 1
1664843346.673017 -- INFO: Active CC: 32
1664843347.234265 -- INFO: Throughput @53.1s:559.91Mbps, rtt :38.88ms cwnd: 61.0 lossRate: 0.0010148369157076459 CC:32 score:-291.0 
1664843348.234522 -- INFO: Throughput @54.1s:553.33Mbps, rtt :38.85ms cwnd: 56.5 lossRate: 0.0011682987446098945 CC:32 score:-287.0 
1664843349.242275 -- INFO: Throughput @55.1s:545.7Mbps, rtt :38.93ms cwnd: 54.7 lossRate: 0.001066005308271331 CC:32 score:-284.0 
1664843350.108763 -- INFO: Iteration 16 Ends, Took 3.44 Seconds. Best Params: [24] and Score: -384.6666666666667.
1664843350.109079 -- INFO: Iteration 17 Starts ...
1664843350.109512 -- INFO: Changing concurrency to 1 ******
1664843350.109866 -- INFO: Process Status Bits from change concurrency are: 1 0 0 0 0 0 0 0 0 0 0 0 0 0 0 0 0 0 0 0 0 0 0 0 0 0 0 0 0 0 0 0
1664843350.110199 -- INFO: Active CC: 1
1664843350.238260 -- INFO: Throughput @56.1s:487.89Mbps, rtt :38.85ms cwnd: 53.4 lossRate: 0.0010904629924121951 CC:1 score:-473.0 
1664843351.244957 -- INFO: Throughput @57.1s:39.16Mbps, rtt :39.14ms cwnd: 46.7 lossRate: 0 CC:1 score:-38.0 
1664843352.247420 -- INFO: Throughput @58.1s:24.59Mbps, rtt :38.65ms cwnd: 76.0 lossRate: 0 CC:1 score:-24.0 
1664843353.250063 -- INFO: Throughput @59.1s:15.12Mbps, rtt :38.6ms cwnd: 48.0 lossRate: 0.003110419906687403 CC:1 score:-14.0 
1664843353.541532 -- INFO: Iteration 17 Ends, Took 3.43 Seconds. Best Params: [24] and Score: -384.6666666666667.
1664843353.541882 -- INFO: Iteration 18 Starts ...
1664843353.542494 -- INFO: Changing concurrency to 32 ******
1664843353.545206 -- INFO: Start Process :: 3
1664843353.545289 -- INFO: Start Process :: 5
1664843353.545615 -- INFO: Start Process :: 1
1664843353.546362 -- INFO: Start Process :: 7
1664843353.545779 -- INFO: Start Process :: 2
1664843353.546103 -- INFO: Start Process :: 10
1664843353.546703 -- INFO: Start Process :: 14
1664843353.546877 -- INFO: Start Process :: 9
1664843353.546671 -- INFO: Start Process :: 6
1664843353.547436 -- INFO: Start Process :: 8
1664843353.547521 -- INFO: Start Process :: 11
1664843353.547384 -- INFO: Start Process :: 13
1664843353.548258 -- INFO: Start Process :: 17
1664843353.548522 -- INFO: Start Process :: 15
1664843353.549741 -- INFO: Start Process :: 22
1664843353.549825 -- INFO: Start Process :: 19
1664843353.549304 -- INFO: Start Process :: 16
1664843353.550294 -- INFO: Process Status Bits from change concurrency are: 1 1 1 1 1 1 1 1 1 1 1 1 1 1 1 1 1 1 1 1 1 1 1 1 1 1 1 1 1 1 1 1
1664843353.549794 -- INFO: Start Process :: 12
1664843353.550046 -- INFO: Start Process :: 4
1664843353.550366 -- INFO: Start Process :: 20
1664843353.550775 -- INFO: Start Process :: 31
1664843353.551076 -- INFO: Active CC: 32
1664843353.550780 -- INFO: Start Process :: 29
1664843353.550995 -- INFO: Start Process :: 24
1664843353.551163 -- INFO: Start Process :: 30
1664843353.551485 -- INFO: Start Process :: 25
1664843353.551590 -- INFO: Start Process :: 18
1664843353.551665 -- INFO: Start Process :: 27
1664843353.551441 -- INFO: Start Process :: 28
1664843353.552000 -- INFO: Start Process :: 21
1664843353.552054 -- INFO: Start Process :: 26
1664843353.552333 -- INFO: Start Process :: 23
1664843353.585393 -- INFO: Process 3 get item 13 from queue and executing
1664843353.585429 -- INFO: Process 5 get item 7 from queue and executing
1664843353.585811 -- INFO: starting 5, 7, /users/jamilm/files_to_Send/FILE3
1664843353.585958 -- INFO: starting 3, 13, /users/jamilm/files_to_Send/FILE1
1664843353.587665 -- INFO: Process 10 get item 8 from queue and executing
1664843353.588074 -- INFO: starting 10, 8, /users/jamilm/files_to_Send/FILE2
1664843353.591660 -- INFO: Process 13 get item 17 from queue and executing
1664843353.591872 -- INFO: Process 1 get item 31 from queue and executing
1664843353.592055 -- INFO: starting 13, 17, /users/jamilm/files_to_Send/FILE1
1664843353.592396 -- INFO: starting 1, 31, /users/jamilm/files_to_Send/FILE3
1664843353.592734 -- INFO: Process 9 get item 5 from queue and executing
1664843353.593137 -- INFO: starting 9, 5, /users/jamilm/files_to_Send/FILE1
1664843353.593283 -- INFO: Process 2 get item 10 from queue and executing
1664843353.593753 -- INFO: starting 2, 10, /users/jamilm/files_to_Send/FILE0
1664843353.594573 -- INFO: Process 12 get item 27 from queue and executing
1664843353.594786 -- INFO: Process 14 get item 18 from queue and executing
1664843353.594890 -- INFO: Process 22 get item 16 from queue and executing
1664843353.595110 -- INFO: Process 29 get item 1 from queue and executing
1664843353.595205 -- INFO: starting 12, 27, /users/jamilm/files_to_Send/FILE3
1664843353.595249 -- INFO: starting 14, 18, /users/jamilm/files_to_Send/FILE0
1664843353.595266 -- INFO: starting 22, 16, /users/jamilm/files_to_Send/FILE2
1664843353.595391 -- INFO: Process 31 get item 24 from queue and executing
1664843353.595704 -- INFO: Process 23 get item 6 from queue and executing
1664843353.595752 -- INFO: starting 29, 1, /users/jamilm/files_to_Send/FILE1
1664843353.595799 -- INFO: Process 6 get item 25 from queue and executing
1664843353.595981 -- INFO: Process 18 get item 4 from queue and executing
1664843353.596047 -- INFO: starting 31, 24, /users/jamilm/files_to_Send/FILE2
1664843353.596125 -- INFO: starting 23, 6, /users/jamilm/files_to_Send/FILE0
1664843353.596183 -- INFO: Process 25 get item 15 from queue and executing
1664843353.596334 -- INFO: starting 18, 4, /users/jamilm/files_to_Send/FILE2
1664843353.596443 -- INFO: starting 6, 25, /users/jamilm/files_to_Send/FILE1
1664843353.596525 -- INFO: starting 25, 15, /users/jamilm/files_to_Send/FILE3
1664843353.596538 -- INFO: Process 8 get item 3 from queue and executing
1664843353.596982 -- INFO: starting 8, 3, /users/jamilm/files_to_Send/FILE3
1664843353.597957 -- INFO: Process 16 get item 23 from queue and executing
1664843353.598042 -- INFO: Process 24 get item 2 from queue and executing
1664843353.598144 -- INFO: Process 17 get item 22 from queue and executing
1664843353.598227 -- INFO: Process 27 get item 29 from queue and executing
1664843353.598333 -- INFO: Process 20 get item 14 from queue and executing
1664843353.598346 -- INFO: Process 15 get item 21 from queue and executing
1664843353.598458 -- INFO: Process 28 get item 26 from queue and executing
1664843353.598527 -- INFO: starting 24, 2, /users/jamilm/files_to_Send/FILE0
1664843353.598587 -- INFO: starting 17, 22, /users/jamilm/files_to_Send/FILE0
1664843353.598611 -- INFO: starting 27, 29, /users/jamilm/files_to_Send/FILE1
1664843353.598664 -- INFO: starting 16, 23, /users/jamilm/files_to_Send/FILE3
1664843353.598787 -- INFO: starting 15, 21, /users/jamilm/files_to_Send/FILE1
1664843353.598812 -- INFO: starting 20, 14, /users/jamilm/files_to_Send/FILE0
1664843353.598978 -- INFO: starting 28, 26, /users/jamilm/files_to_Send/FILE0
1664843353.599605 -- INFO: Process 4 get item 19 from queue and executing
1664843353.600052 -- INFO: starting 4, 19, /users/jamilm/files_to_Send/FILE3
1664843353.600284 -- INFO: Process 19 get item 12 from queue and executing
1664843353.600590 -- INFO: Process 7 get item 28 from queue and executing
1664843353.600860 -- INFO: starting 19, 12, /users/jamilm/files_to_Send/FILE2
1664843353.601017 -- INFO: starting 7, 28, /users/jamilm/files_to_Send/FILE2
1664843353.601058 -- INFO: Process 30 get item 11 from queue and executing
1664843353.601704 -- INFO: Process 11 get item 20 from queue and executing
1664843353.601795 -- INFO: starting 30, 11, /users/jamilm/files_to_Send/FILE3
1664843353.601840 -- INFO: Process 21 get item 9 from queue and executing
1664843353.602243 -- INFO: starting 21, 9, /users/jamilm/files_to_Send/FILE1
1664843353.602274 -- INFO: starting 11, 20, /users/jamilm/files_to_Send/FILE2
1664843353.603072 -- INFO: Process 26 get item 30 from queue and executing
1664843353.603568 -- INFO: starting 26, 30, /users/jamilm/files_to_Send/FILE0
1664843354.242614 -- INFO: Throughput @60.1s:288.1Mbps, rtt :39.02ms cwnd: 48.5 lossRate: 0.001088026527122947 CC:32 score:-150.0 
1664843355.244802 -- INFO: Throughput @61.1s:746.06Mbps, rtt :38.94ms cwnd: 93.0 lossRate: 0.0010672174885962647 CC:32 score:-388.0 
1664843356.250254 -- INFO: Throughput @62.1s:814.13Mbps, rtt :39.14ms cwnd: 117.4 lossRate: 0.0010693281055070398 CC:32 score:-423.0 
1664843357.000385 -- INFO: Iteration 18 Ends, Took 3.46 Seconds. Best Params: [24] and Score: -384.6666666666667.
1664843357.000929 -- INFO: Iteration 19 Starts ...
1664843357.001688 -- INFO: Changing concurrency to 32 ******
1664843357.002137 -- INFO: Process Status Bits from change concurrency are: 1 1 1 1 1 1 1 1 1 1 1 1 1 1 1 1 1 1 1 1 1 1 1 1 1 1 1 1 1 1 1 1
1664843357.002610 -- INFO: Active CC: 32
1664843357.246913 -- INFO: Throughput @63.1s:737.39Mbps, rtt :38.96ms cwnd: 107.6 lossRate: 0.0012501582478794784 CC:32 score:-382.0 
1664843358.251720 -- INFO: Throughput @64.1s:742.57Mbps, rtt :38.98ms cwnd: 104.0 lossRate: 0.0007685779706339167 CC:32 score:-388.0 
1664843359.251678 -- INFO: Throughput @65.1s:750.0Mbps, rtt :38.86ms cwnd: 100.8 lossRate: 0.0008048663457520083 CC:32 score:-392.0 
1664843360.250467 -- INFO: Throughput @66.1s:712.64Mbps, rtt :38.93ms cwnd: 89.3 lossRate: 0.0012327375102034017 CC:32 score:-369.0 
1664843360.510714 -- INFO: Iteration 19 Ends, Took 3.51 Seconds. Best Params: [32] and Score: -387.3333333333333.
1664843360.511253 -- INFO: Iteration 20 Starts ...
1664843360.512036 -- INFO: Changing concurrency to 32 ******
1664843360.512492 -- INFO: Process Status Bits from change concurrency are: 1 1 1 1 1 1 1 1 1 1 1 1 1 1 1 1 1 1 1 1 1 1 1 1 1 1 1 1 1 1 1 1
1664843360.512970 -- INFO: Active CC: 32
1664843361.248713 -- INFO: Throughput @67.1s:671.69Mbps, rtt :38.97ms cwnd: 76.3 lossRate: 0.001648906934274215 CC:32 score:-345.0 
1664843362.255918 -- INFO: Throughput @68.1s:616.55Mbps, rtt :38.97ms cwnd: 73.8 lossRate: 0.0009839596019604931 CC:32 score:-321.0 
1664843363.257874 -- INFO: Throughput @69.1s:618.84Mbps, rtt :38.76ms cwnd: 74.2 lossRate: 0.0006696553135288975 CC:32 score:-324.0 
1664843363.951762 -- INFO: Iteration 20 Ends, Took 3.44 Seconds. Best Params: [32] and Score: -387.3333333333333.
1664843363.952185 -- INFO: Iteration 21 Starts ...
1664843363.952779 -- INFO: Changing concurrency to 32 ******
1664843363.953128 -- INFO: Process Status Bits from change concurrency are: 1 1 1 1 1 1 1 1 1 1 1 1 1 1 1 1 1 1 1 1 1 1 1 1 1 1 1 1 1 1 1 1
1664843363.953465 -- INFO: Active CC: 32
1664843364.251167 -- INFO: Throughput @70.1s:603.23Mbps, rtt :38.88ms cwnd: 68.4 lossRate: 0.0011684704530217412 CC:32 score:-313.0 
1664843365.256091 -- INFO: Throughput @71.1s:589.25Mbps, rtt :38.85ms cwnd: 65.4 lossRate: 0.0011880952852418765 CC:32 score:-306.0 
1664843366.252791 -- INFO: Throughput @72.1s:592.29Mbps, rtt :38.74ms cwnd: 69.4 lossRate: 0.0006283010347332666 CC:32 score:-311.0 
1664843367.271584 -- INFO: Throughput @73.1s:597.51Mbps, rtt :38.96ms cwnd: 66.8 lossRate: 0.0011074627445646894 CC:32 score:-310.0 
1664843367.404686 -- INFO: Iteration 21 Ends, Took 3.45 Seconds. Best Params: [32] and Score: -387.3333333333333.
1664843367.404962 -- INFO: Iteration 22 Starts ...
1664843367.405509 -- INFO: Changing concurrency to 32 ******
1664843367.405844 -- INFO: Process Status Bits from change concurrency are: 1 1 1 1 1 1 1 1 1 1 1 1 1 1 1 1 1 1 1 1 1 1 1 1 1 1 1 1 1 1 1 1
1664843367.406174 -- INFO: Active CC: 32
1664843368.255156 -- INFO: Throughput @74.1s:555.38Mbps, rtt :38.84ms cwnd: 57.4 lossRate: 0.0016233072749797088 CC:32 score:-286.0 
1664843369.257192 -- INFO: Throughput @75.1s:543.34Mbps, rtt :38.95ms cwnd: 60.1 lossRate: 0.0007141656864392539 CC:32 score:-284.0 
1664843370.258658 -- INFO: Throughput @76.1s:569.08Mbps, rtt :38.86ms cwnd: 58.0 lossRate: 0.001170666443682582 CC:32 score:-295.0 
1664843370.874688 -- INFO: Iteration 22 Ends, Took 3.47 Seconds. Best Params: [32] and Score: -387.3333333333333.
1664843370.875225 -- INFO: Iteration 23 Starts ...
1664843370.875992 -- INFO: Changing concurrency to 32 ******
1664843370.876413 -- INFO: Process Status Bits from change concurrency are: 1 1 1 1 1 1 1 1 1 1 1 1 1 1 1 1 1 1 1 1 1 1 1 1 1 1 1 1 1 1 1 1
1664843370.876836 -- INFO: Active CC: 32
1664843371.258220 -- INFO: Throughput @77.1s:542.08Mbps, rtt :38.97ms cwnd: 57.0 lossRate: 0.0009677690818816798 CC:32 score:-282.0 
1664843372.259156 -- INFO: Throughput @78.1s:537.23Mbps, rtt :38.94ms cwnd: 56.3 lossRate: 0.0010355763629695152 CC:32 score:-280.0 
1664843373.265657 -- INFO: Throughput @79.1s:536.82Mbps, rtt :38.92ms cwnd: 55.7 lossRate: 0.001100086281276963 CC:32 score:-279.0 
1664843374.272659 -- INFO: Throughput @80.1s:537.01Mbps, rtt :38.95ms cwnd: 55.3 lossRate: 0.0009879300717323138 CC:32 score:-280.0 
1664843374.336061 -- INFO: Iteration 23 Ends, Took 3.46 Seconds. Best Params: [32] and Score: -387.3333333333333.
1664843374.336448 -- INFO: Iteration 24 Starts ...
1664843374.337201 -- INFO: Changing concurrency to 32 ******
1664843374.337587 -- INFO: Process Status Bits from change concurrency are: 1 1 1 1 1 1 1 1 1 1 1 1 1 1 1 1 1 1 1 1 1 1 1 1 1 1 1 1 1 1 1 1
1664843374.338009 -- INFO: Active CC: 32
1664843375.269419 -- INFO: Throughput @81.1s:524.63Mbps, rtt :38.81ms cwnd: 54.7 lossRate: 0.001216599828774839 CC:32 score:-272.0 
1664843376.271399 -- INFO: Throughput @82.1s:521.93Mbps, rtt :38.82ms cwnd: 54.6 lossRate: 0.0008896599274927159 CC:32 score:-272.0 
1664843377.272608 -- INFO: Throughput @83.1s:517.29Mbps, rtt :38.79ms cwnd: 54.5 lossRate: 0.0009352453905762893 CC:32 score:-270.0 
1664843377.881878 -- INFO: Iteration 24 Ends, Took 3.55 Seconds. Best Params: [32] and Score: -387.3333333333333.
1664843377.882299 -- INFO: Iteration 25 Starts ...
1664843377.882855 -- INFO: Changing concurrency to 28 ******
1664843377.883209 -- INFO: Process Status Bits from change concurrency are: 1 1 1 1 1 1 1 1 1 1 1 1 1 1 1 1 1 1 1 1 1 1 1 1 1 1 1 1 0 0 0 0
1664843377.883548 -- INFO: Active CC: 28
1664843378.270544 -- INFO: Throughput @84.1s:491.78Mbps, rtt :38.97ms cwnd: 50.9 lossRate: 0.0011667930692491686 CC:28 score:-277.0 
1664843379.273994 -- INFO: Throughput @85.1s:444.81Mbps, rtt :38.95ms cwnd: 52.8 lossRate: 0 CC:28 score:-255.0 
1664843380.276055 -- INFO: Throughput @86.2s:391.66Mbps, rtt :39.0ms cwnd: 51.9 lossRate: 0.0011130840378448573 CC:28 score:-221.0 
1664843381.279623 -- INFO: Throughput @87.2s:425.22Mbps, rtt :38.83ms cwnd: 51.3 lossRate: 0.0011088573360378633 CC:28 score:-240.0 
1664843381.375164 -- INFO: Iteration 25 Ends, Took 3.49 Seconds. Best Params: [32] and Score: -387.3333333333333.
1664843381.375440 -- INFO: Iteration 26 Starts ...
1664843381.376245 -- INFO: Changing concurrency to 32 ******
1664843381.377030 -- INFO: Process Status Bits from change concurrency are: 1 1 1 1 1 1 1 1 1 1 1 1 1 1 1 1 1 1 1 1 1 1 1 1 1 1 1 1 1 1 1 1
1664843381.377392 -- INFO: Active CC: 32
1664843381.377932 -- INFO: Start Process :: 30
1664843381.377893 -- INFO: Start Process :: 29
1664843381.377923 -- INFO: Start Process :: 31
1664843381.378651 -- INFO: Start Process :: 28
1664843381.417599 -- INFO: Process 30 get item 26 from queue and executing
1664843381.417801 -- INFO: Process 29 get item 1 from queue and executing
1664843381.417998 -- INFO: starting 30, 26, /users/jamilm/files_to_Send/FILE0
1664843381.418014 -- INFO: Process 31 get item 24 from queue and executing
1664843381.418152 -- INFO: starting 29, 1, /users/jamilm/files_to_Send/FILE1
1664843381.418568 -- INFO: starting 31, 24, /users/jamilm/files_to_Send/FILE2
1664843381.419551 -- INFO: Process 28 get item 11 from queue and executing
1664843381.419939 -- INFO: starting 28, 11, /users/jamilm/files_to_Send/FILE3
1664843382.271739 -- INFO: Throughput @88.2s:464.51Mbps, rtt :38.91ms cwnd: 47.8 lossRate: 0.0013621123218776194 CC:32 score:-240.0 
1664843383.273489 -- INFO: Throughput @89.2s:498.81Mbps, rtt :38.88ms cwnd: 57.7 lossRate: 0.0006506936859473403 CC:32 score:-261.0 
1664843384.278281 -- INFO: Throughput @90.2s:547.37Mbps, rtt :38.92ms cwnd: 63.6 lossRate: 0.0008005254731310809 CC:32 score:-286.0 
1664843384.915924 -- INFO: Iteration 26 Ends, Took 3.54 Seconds. Best Params: [32] and Score: -387.3333333333333.
1664843384.916505 -- INFO: Iteration 27 Starts ...
1664843384.917154 -- INFO: Changing concurrency to 27 ******
1664843384.917619 -- INFO: Process Status Bits from change concurrency are: 1 1 1 1 1 1 1 1 1 1 1 1 1 1 1 1 1 1 1 1 1 1 1 1 1 1 1 0 0 0 0 0
1664843384.918090 -- INFO: Active CC: 27
1664843385.276322 -- INFO: Throughput @91.2s:578.19Mbps, rtt :38.78ms cwnd: 58.7 lossRate: 0.0010468768174944749 CC:27 score:-333.0 
1664843386.277875 -- INFO: Throughput @92.2s:486.65Mbps, rtt :38.82ms cwnd: 62.6 lossRate: 0 CC:27 score:-285.0 
1664843387.279957 -- INFO: Throughput @93.2s:479.59Mbps, rtt :38.91ms cwnd: 60.8 lossRate: 0.0009805294859223982 CC:27 score:-276.0 
1664843388.307797 -- INFO: Throughput @94.2s:486.1Mbps, rtt :39.18ms cwnd: 55.5 lossRate: 0.0012145355616012437 CC:27 score:-279.0 
1664843388.521558 -- INFO: Iteration 27 Ends, Took 3.6 Seconds. Best Params: [32] and Score: -387.3333333333333.
1664843388.522107 -- INFO: Iteration 28 Starts ...
1664843388.522754 -- INFO: Changing concurrency to 19 ******
1664843388.523688 -- INFO: Process Status Bits from change concurrency are: 1 1 1 1 1 1 1 1 1 1 1 1 1 1 1 1 1 1 1 0 0 0 0 0 0 0 0 0 0 0 0 0
1664843388.524618 -- INFO: Active CC: 19
1664843389.284929 -- INFO: Throughput @95.2s:357.63Mbps, rtt :38.83ms cwnd: 54.8 lossRate: 0 CC:19 score:-245.0 
1664843390.285391 -- INFO: Throughput @96.2s:311.05Mbps, rtt :39.22ms cwnd: 56.4 lossRate: 0 CC:19 score:-214.0 
1664843391.285616 -- INFO: Throughput @97.2s:364.28Mbps, rtt :38.74ms cwnd: 65.6 lossRate: 0.0003308191081116845 CC:19 score:-249.0 
1664843392.070300 -- INFO: Iteration 28 Ends, Took 3.55 Seconds. Best Params: [32] and Score: -387.3333333333333.
1664843392.070850 -- INFO: Iteration 29 Starts ...
1664843392.071710 -- INFO: Changing concurrency to 32 ******
1664843392.074037 -- INFO: Process Status Bits from change concurrency are: 1 1 1 1 1 1 1 1 1 1 1 1 1 1 1 1 1 1 1 1 1 1 1 1 1 1 1 1 1 1 1 1
1664843392.074458 -- INFO: Start Process :: 24
1664843392.074007 -- INFO: Start Process :: 23
1664843392.074622 -- INFO: Start Process :: 25
1664843392.074507 -- INFO: Start Process :: 20
1664843392.075201 -- INFO: Active CC: 32
1664843392.075113 -- INFO: Start Process :: 31
1664843392.075146 -- INFO: Start Process :: 22
1664843392.074788 -- INFO: Start Process :: 19
1664843392.075238 -- INFO: Start Process :: 27
1664843392.075600 -- INFO: Start Process :: 28
1664843392.075866 -- INFO: Start Process :: 26
1664843392.075820 -- INFO: Start Process :: 29
1664843392.076361 -- INFO: Start Process :: 30
1664843392.076539 -- INFO: Start Process :: 21
1664843392.114133 -- INFO: Process 24 get item 24 from queue and executing
1664843392.114268 -- INFO: Process 23 get item 11 from queue and executing
1664843392.114646 -- INFO: starting 24, 24, /users/jamilm/files_to_Send/FILE2
1664843392.114695 -- INFO: starting 23, 11, /users/jamilm/files_to_Send/FILE3
1664843392.114919 -- INFO: Process 22 get item 1 from queue and executing
1664843392.115290 -- INFO: Process 31 get item 26 from queue and executing
1664843392.115379 -- INFO: starting 22, 1, /users/jamilm/files_to_Send/FILE1
1664843392.115864 -- INFO: starting 31, 26, /users/jamilm/files_to_Send/FILE0
1664843392.115974 -- INFO: Process 26 get item 6 from queue and executing
1664843392.116197 -- INFO: Process 27 get item 16 from queue and executing
1664843392.116273 -- INFO: Process 20 get item 14 from queue and executing
1664843392.116544 -- INFO: starting 26, 6, /users/jamilm/files_to_Send/FILE0
1664843392.116575 -- INFO: Process 25 get item 29 from queue and executing
1664843392.116794 -- INFO: starting 20, 14, /users/jamilm/files_to_Send/FILE0
1664843392.116803 -- INFO: Process 28 get item 15 from queue and executing
1664843392.116881 -- INFO: starting 25, 29, /users/jamilm/files_to_Send/FILE1
1664843392.116843 -- INFO: starting 27, 16, /users/jamilm/files_to_Send/FILE2
1664843392.117145 -- INFO: Process 19 get item 2 from queue and executing
1664843392.117251 -- INFO: starting 28, 15, /users/jamilm/files_to_Send/FILE3
1664843392.117154 -- INFO: Process 21 get item 9 from queue and executing
1664843392.117229 -- INFO: Process 30 get item 12 from queue and executing
1664843392.117410 -- INFO: Process 29 get item 30 from queue and executing
1664843392.117712 -- INFO: starting 30, 12, /users/jamilm/files_to_Send/FILE2
1664843392.117714 -- INFO: starting 19, 2, /users/jamilm/files_to_Send/FILE0
1664843392.117800 -- INFO: starting 21, 9, /users/jamilm/files_to_Send/FILE1
1664843392.117853 -- INFO: starting 29, 30, /users/jamilm/files_to_Send/FILE0
1664843392.285765 -- INFO: Throughput @98.2s:366.09Mbps, rtt :38.88ms cwnd: 44.1 lossRate: 0.0011632534361894265 CC:32 score:-190.0 
1664843393.289440 -- INFO: Throughput @99.2s:503.8Mbps, rtt :38.85ms cwnd: 58.5 lossRate: 0.0009372071227741331 CC:32 score:-263.0 
1664843394.288313 -- INFO: Throughput @100.2s:708.26Mbps, rtt :39.0ms cwnd: 81.5 lossRate: 0.000958739344919553 CC:32 score:-369.0 
1664843395.290114 -- INFO: Throughput @101.2s:660.73Mbps, rtt :39.36ms cwnd: 89.4 lossRate: 0.00109217999126256 CC:32 score:-343.0 
1664843395.622262 -- INFO: Iteration 29 Ends, Took 3.55 Seconds. Best Params: [32] and Score: -387.3333333333333.
1664843395.622846 -- INFO: Iteration 30 Starts ...
1664843395.623734 -- INFO: Changing concurrency to 28 ******
1664843395.624214 -- INFO: Process Status Bits from change concurrency are: 1 1 1 1 1 1 1 1 1 1 1 1 1 1 1 1 1 1 1 1 1 1 1 1 1 1 1 1 0 0 0 0
1664843395.624684 -- INFO: Active CC: 28
1664843396.291073 -- INFO: Throughput @102.2s:626.61Mbps, rtt :39.01ms cwnd: 83.5 lossRate: 0.0011320657627293077 CC:28 score:-353.0 
1664843397.292369 -- INFO: Throughput @103.2s:562.83Mbps, rtt :38.99ms cwnd: 82.1 lossRate: 0.0008806693086745927 CC:28 score:-318.0 
1664843398.290140 -- INFO: Throughput @104.2s:577.84Mbps, rtt :38.86ms cwnd: 84.1 lossRate: 0.0006817862800537408 CC:28 score:-328.0 
1664843399.158571 -- INFO: Iteration 30 Ends, Took 3.54 Seconds. Best Params: [32] and Score: -387.3333333333333.
1664843399.159127 -- INFO: Iteration 31 Starts ...
1664843399.159842 -- INFO: Changing concurrency to 32 ******
1664843399.160640 -- INFO: Process Status Bits from change concurrency are: 1 1 1 1 1 1 1 1 1 1 1 1 1 1 1 1 1 1 1 1 1 1 1 1 1 1 1 1 1 1 1 1
1664843399.161024 -- INFO: Start Process :: 31
1664843399.161155 -- INFO: Active CC: 32
1664843399.161380 -- INFO: Start Process :: 30
1664843399.161559 -- INFO: Start Process :: 29
1664843399.162512 -- INFO: Start Process :: 28
1664843399.200632 -- INFO: Process 31 get item 30 from queue and executing
1664843399.200989 -- INFO: Process 30 get item 12 from queue and executing
1664843399.201184 -- INFO: starting 31, 30, /users/jamilm/files_to_Send/FILE0
1664843399.201322 -- INFO: Process 29 get item 26 from queue and executing
1664843399.201350 -- INFO: starting 30, 12, /users/jamilm/files_to_Send/FILE2
1664843399.201771 -- INFO: starting 29, 26, /users/jamilm/files_to_Send/FILE0
1664843399.202778 -- INFO: Process 28 get item 15 from queue and executing
1664843399.203109 -- INFO: starting 28, 15, /users/jamilm/files_to_Send/FILE3
1664843399.286702 -- INFO: Throughput @105.2s:605.14Mbps, rtt :38.86ms cwnd: 74.9 lossRate: 0.0007991019616050534 CC:32 score:-316.0 
1664843400.290915 -- INFO: Throughput @106.2s:664.95Mbps, rtt :38.8ms cwnd: 73.4 lossRate: 0.0012840917311726832 CC:32 score:-344.0 
1664843401.295276 -- INFO: Throughput @107.2s:711.81Mbps, rtt :39.17ms cwnd: 84.6 lossRate: 0.000569216757741348 CC:32 score:-374.0 
1664843402.295907 -- INFO: Throughput @108.2s:730.49Mbps, rtt :39.2ms cwnd: 86.1 lossRate: 0.0008026326350429408 CC:32 score:-382.0 
1664843402.685740 -- INFO: Iteration 31 Ends, Took 3.53 Seconds. Best Params: [32] and Score: -387.3333333333333.
1664843402.686294 -- INFO: Iteration 32 Starts ...
1664843402.687130 -- INFO: Changing concurrency to 32 ******
1664843402.687576 -- INFO: Process Status Bits from change concurrency are: 1 1 1 1 1 1 1 1 1 1 1 1 1 1 1 1 1 1 1 1 1 1 1 1 1 1 1 1 1 1 1 1
1664843402.688047 -- INFO: Active CC: 32
1664843403.290225 -- INFO: Throughput @109.2s:685.35Mbps, rtt :38.99ms cwnd: 67.2 lossRate: 0.0016085974399342872 CC:32 score:-353.0 
1664843404.297806 -- INFO: Throughput @110.2s:634.27Mbps, rtt :38.9ms cwnd: 63.3 lossRate: 0.001022970333860318 CC:32 score:-330.0 
1664843405.300113 -- INFO: Throughput @111.2s:603.41Mbps, rtt :38.97ms cwnd: 63.4 lossRate: 0.0008056781124112795 CC:32 score:-315.0 
1664843406.203444 -- INFO: Iteration 32 Ends, Took 3.52 Seconds. Best Params: [32] and Score: -387.3333333333333.
1664843406.204017 -- INFO: Iteration 33 Starts ...
1664843406.204902 -- INFO: Changing concurrency to 32 ******
1664843406.205387 -- INFO: Process Status Bits from change concurrency are: 1 1 1 1 1 1 1 1 1 1 1 1 1 1 1 1 1 1 1 1 1 1 1 1 1 1 1 1 1 1 1 1
1664843406.205853 -- INFO: Active CC: 32
1664843406.295153 -- INFO: Throughput @112.2s:615.81Mbps, rtt :38.9ms cwnd: 62.4 lossRate: 0.0008939780119450679 CC:32 score:-321.0 
1664843407.294053 -- INFO: Throughput @113.2s:581.5Mbps, rtt :38.84ms cwnd: 62.6 lossRate: 0.0008729465915403539 CC:32 score:-303.0 
1664843408.301254 -- INFO: Throughput @114.2s:594.55Mbps, rtt :38.9ms cwnd: 62.9 lossRate: 0.000814695556029717 CC:32 score:-311.0 
1664843409.302826 -- INFO: Throughput @115.2s:567.29Mbps, rtt :38.8ms cwnd: 58.5 lossRate: 0.0011689430294081456 CC:32 score:-294.0 
1664843409.758197 -- INFO: Iteration 33 Ends, Took 3.55 Seconds. Best Params: [32] and Score: -387.3333333333333.
1664843409.758775 -- INFO: Iteration 34 Starts ...
1664843409.759626 -- INFO: Changing concurrency to 32 ******
1664843409.760083 -- INFO: Process Status Bits from change concurrency are: 1 1 1 1 1 1 1 1 1 1 1 1 1 1 1 1 1 1 1 1 1 1 1 1 1 1 1 1 1 1 1 1
1664843409.760547 -- INFO: Active CC: 32
1664843410.299320 -- INFO: Throughput @116.2s:534.06Mbps, rtt :38.79ms cwnd: 59.9 lossRate: 0.0007661693659948497 CC:32 score:-279.0 
1664843411.299162 -- INFO: Throughput @117.2s:561.77Mbps, rtt :38.81ms cwnd: 56.1 lossRate: 0.0010315020733191675 CC:32 score:-292.0 
1664843412.302965 -- INFO: Throughput @118.2s:563.68Mbps, rtt :38.82ms cwnd: 60.7 lossRate: 0.0005848808305307793 CC:32 score:-296.0 
1664843413.283113 -- INFO: Iteration 34 Ends, Took 3.52 Seconds. Best Params: [32] and Score: -387.3333333333333.
1664843413.283673 -- INFO: Iteration 35 Starts ...
1664843413.284495 -- INFO: Changing concurrency to 32 ******
1664843413.284935 -- INFO: Process Status Bits from change concurrency are: 1 1 1 1 1 1 1 1 1 1 1 1 1 1 1 1 1 1 1 1 1 1 1 1 1 1 1 1 1 1 1 1
1664843413.285406 -- INFO: Active CC: 32
1664843413.306654 -- INFO: Throughput @119.2s:585.67Mbps, rtt :38.94ms cwnd: 65.3 lossRate: 0.0005885584242329122 CC:32 score:-307.0 
1664843414.302790 -- INFO: Throughput @120.2s:598.25Mbps, rtt :38.75ms cwnd: 62.7 lossRate: 0.0009869757900644437 CC:32 score:-312.0 
1664843415.306048 -- INFO: Throughput @121.2s:606.88Mbps, rtt :38.83ms cwnd: 66.0 lossRate: 0.0006318207926479035 CC:32 score:-318.0 
1664843416.307304 -- INFO: Throughput @122.2s:617.4Mbps, rtt :38.79ms cwnd: 64.5 lossRate: 0.0008345662152422138 CC:32 score:-322.0 
1664843416.824445 -- INFO: Iteration 35 Ends, Took 3.54 Seconds. Best Params: [32] and Score: -387.3333333333333.
1664843416.824873 -- INFO: Iteration 36 Starts ...
1664843416.825654 -- INFO: Changing concurrency to 32 ******
1664843416.826054 -- INFO: Process Status Bits from change concurrency are: 1 1 1 1 1 1 1 1 1 1 1 1 1 1 1 1 1 1 1 1 1 1 1 1 1 1 1 1 1 1 1 1
1664843416.826474 -- INFO: Active CC: 32
1664843417.304841 -- INFO: Throughput @123.2s:584.52Mbps, rtt :38.84ms cwnd: 61.2 lossRate: 0.0010858394896554398 CC:32 score:-304.0 
1664843418.309549 -- INFO: Throughput @124.2s:584.87Mbps, rtt :38.89ms cwnd: 57.7 lossRate: 0.001037944869159065 CC:32 score:-304.0 
1664843419.311833 -- INFO: Throughput @125.2s:538.34Mbps, rtt :38.72ms cwnd: 54.9 lossRate: 0.0011240908089045626 CC:32 score:-280.0 
1664843420.314009 -- INFO: Throughput @126.2s:469.95Mbps, rtt :38.82ms cwnd: 51.3 lossRate: 0.0013310515307092604 CC:32 score:-243.0 
1664843420.326556 -- INFO: Iteration 36 Ends, Took 3.5 Seconds. Best Params: [32] and Score: -387.3333333333333.
1664843420.326893 -- INFO: Iteration 37 Starts ...
1664843420.327536 -- INFO: Changing concurrency to 32 ******
1664843420.327878 -- INFO: Process Status Bits from change concurrency are: 1 1 1 1 1 1 1 1 1 1 1 1 1 1 1 1 1 1 1 1 1 1 1 1 1 1 1 1 1 1 1 1
1664843420.328211 -- INFO: Active CC: 32
1664843421.308380 -- INFO: Throughput @127.2s:499.68Mbps, rtt :38.79ms cwnd: 50.7 lossRate: 0.001284613188695404 CC:32 score:-259.0 
1664843422.313940 -- INFO: Throughput @128.2s:482.62Mbps, rtt :38.85ms cwnd: 50.3 lossRate: 0.001157491137958475 CC:32 score:-251.0 
1664843423.316431 -- INFO: Throughput @129.2s:484.43Mbps, rtt :38.88ms cwnd: 51.1 lossRate: 0.0012568887170066711 CC:32 score:-251.0 
1664843423.841737 -- INFO: Iteration 37 Ends, Took 3.51 Seconds. Best Params: [32] and Score: -387.3333333333333.
1664843423.842210 -- INFO: Iteration 38 Starts ...
1664843423.843023 -- INFO: Changing concurrency to 32 ******
1664843423.843474 -- INFO: Process Status Bits from change concurrency are: 1 1 1 1 1 1 1 1 1 1 1 1 1 1 1 1 1 1 1 1 1 1 1 1 1 1 1 1 1 1 1 1
1664843423.843934 -- INFO: Active CC: 32
1664843424.311406 -- INFO: Throughput @130.2s:483.92Mbps, rtt :38.9ms cwnd: 52.1 lossRate: 0.001072680031465281 CC:32 score:-252.0 
1664843425.318872 -- INFO: Throughput @131.2s:479.2Mbps, rtt :38.94ms cwnd: 49.1 lossRate: 0.0013933599192812185 CC:32 score:-248.0 
1664843426.319297 -- INFO: Throughput @132.2s:481.57Mbps, rtt :38.92ms cwnd: 51.3 lossRate: 0.0009114239800446118 CC:32 score:-251.0 
1664843427.330695 -- INFO: Throughput @133.2s:496.62Mbps, rtt :38.9ms cwnd: 53.0 lossRate: 0.0009515189491517557 CC:32 score:-259.0 
1664843427.434696 -- INFO: Iteration 38 Ends, Took 3.59 Seconds. Best Params: [32] and Score: -387.3333333333333.
1664843427.435204 -- INFO: Iteration 39 Starts ...
1664843427.436052 -- INFO: Changing concurrency to 32 ******
1664843427.436493 -- INFO: Process Status Bits from change concurrency are: 1 1 1 1 1 1 1 1 1 1 1 1 1 1 1 1 1 1 1 1 1 1 1 1 1 1 1 1 1 1 1 1
1664843427.436963 -- INFO: Active CC: 32
1664843428.319198 -- INFO: Throughput @134.2s:495.96Mbps, rtt :38.78ms cwnd: 55.3 lossRate: 0.0009503720358823393 CC:32 score:-258.0 
1664843429.321380 -- INFO: Throughput @135.2s:536.39Mbps, rtt :38.97ms cwnd: 57.5 lossRate: 0.0009342139567219953 CC:32 score:-280.0 
1664843430.322975 -- INFO: Throughput @136.2s:535.78Mbps, rtt :38.78ms cwnd: 58.3 lossRate: 0.0008901888472054428 CC:32 score:-280.0 
1664843430.979831 -- INFO: Iteration 39 Ends, Took 3.54 Seconds. Best Params: [32] and Score: -387.3333333333333.
1664843430.980335 -- INFO: Iteration 40 Starts ...
1664843430.981144 -- INFO: Changing concurrency to 27 ******
1664843430.981582 -- INFO: Process Status Bits from change concurrency are: 1 1 1 1 1 1 1 1 1 1 1 1 1 1 1 1 1 1 1 1 1 1 1 1 1 1 1 0 0 0 0 0
1664843430.982037 -- INFO: Active CC: 27
1664843431.319103 -- INFO: Throughput @137.2s:557.33Mbps, rtt :38.82ms cwnd: 56.2 lossRate: 0.005449591280653951 CC:27 score:-296.0 
1664843432.328442 -- INFO: Throughput @138.2s:454.75Mbps, rtt :38.81ms cwnd: 52.2 lossRate: 0 CC:27 score:-266.0 
1664843433.327116 -- INFO: Throughput @139.2s:413.69Mbps, rtt :38.8ms cwnd: 53.2 lossRate: 0 CC:27 score:-242.0 
1664843434.371931 -- INFO: Throughput @140.2s:430.56Mbps, rtt :38.89ms cwnd: 55.2 lossRate: 0.0008337754870006822 CC:27 score:-249.0 
1664843434.506608 -- INFO: Iteration 40 Ends, Took 3.53 Seconds. Best Params: [32] and Score: -387.3333333333333.
1664843434.507101 -- INFO: Iteration 41 Starts ...
1664843434.507922 -- INFO: Changing concurrency to 32 ******
1664843434.509051 -- INFO: Process Status Bits from change concurrency are: 1 1 1 1 1 1 1 1 1 1 1 1 1 1 1 1 1 1 1 1 1 1 1 1 1 1 1 1 1 1 1 1
1664843434.509563 -- INFO: Active CC: 32
1664843434.510408 -- INFO: Start Process :: 28
1664843434.510209 -- INFO: Start Process :: 31
1664843434.510523 -- INFO: Start Process :: 27
1664843434.510879 -- INFO: Start Process :: 30
1664843434.511333 -- INFO: Start Process :: 29
1664843434.550198 -- INFO: Process 28 get item 16 from queue and executing
1664843434.550623 -- INFO: starting 28, 16, /users/jamilm/files_to_Send/FILE2
1664843434.550729 -- INFO: Process 31 get item 30 from queue and executing
1664843434.550949 -- INFO: Process 27 get item 15 from queue and executing
1664843434.551087 -- INFO: Process 30 get item 12 from queue and executing
1664843434.551154 -- INFO: Process 29 get item 26 from queue and executing
1664843434.551527 -- INFO: starting 29, 26, /users/jamilm/files_to_Send/FILE0
1664843434.551675 -- INFO: starting 27, 15, /users/jamilm/files_to_Send/FILE3
1664843434.552100 -- INFO: starting 31, 30, /users/jamilm/files_to_Send/FILE0
1664843434.552531 -- INFO: starting 30, 12, /users/jamilm/files_to_Send/FILE2
1664843435.323540 -- INFO: Throughput @141.2s:491.0Mbps, rtt :38.89ms cwnd: 53.0 lossRate: 0.0010661792704287564 CC:32 score:-255.0 
1664843436.328686 -- INFO: Throughput @142.2s:535.94Mbps, rtt :38.84ms cwnd: 60.4 lossRate: 0.0008171164390925707 CC:32 score:-280.0 
1664843437.331928 -- INFO: Throughput @143.2s:558.84Mbps, rtt :38.78ms cwnd: 58.2 lossRate: 0.0010312042403118362 CC:32 score:-291.0 
1664843438.027005 -- INFO: Iteration 41 Ends, Took 3.52 Seconds. Best Params: [32] and Score: -387.3333333333333.
1664843438.027534 -- INFO: Iteration 42 Starts ...
1664843438.028365 -- INFO: Changing concurrency to 32 ******
1664843438.028810 -- INFO: Process Status Bits from change concurrency are: 1 1 1 1 1 1 1 1 1 1 1 1 1 1 1 1 1 1 1 1 1 1 1 1 1 1 1 1 1 1 1 1
1664843438.029286 -- INFO: Active CC: 32
1664843438.325742 -- INFO: Throughput @144.2s:584.68Mbps, rtt :38.97ms cwnd: 61.2 lossRate: 0.0006526882597699274 CC:32 score:-306.0 
1664843439.333230 -- INFO: Throughput @145.2s:572.03Mbps, rtt :38.81ms cwnd: 63.0 lossRate: 0.000878962823867836 CC:32 score:-299.0 
1664843440.335478 -- INFO: Throughput @146.2s:600.85Mbps, rtt :38.85ms cwnd: 61.0 lossRate: 0.0009617234083477592 CC:32 score:-313.0 
1664843441.336804 -- INFO: Throughput @147.2s:565.35Mbps, rtt :38.86ms cwnd: 58.2 lossRate: 0.0010269681845256433 CC:32 score:-294.0 
1664843441.599995 -- INFO: Iteration 42 Ends, Took 3.57 Seconds. Best Params: [32] and Score: -387.3333333333333.
1664843441.600504 -- INFO: Iteration 43 Starts ...
1664843441.601327 -- INFO: Changing concurrency to 32 ******
1664843441.601782 -- INFO: Process Status Bits from change concurrency are: 1 1 1 1 1 1 1 1 1 1 1 1 1 1 1 1 1 1 1 1 1 1 1 1 1 1 1 1 1 1 1 1
1664843441.602268 -- INFO: Active CC: 32
1664843442.330206 -- INFO: Throughput @148.2s:577.92Mbps, rtt :38.91ms cwnd: 61.6 lossRate: 0.0006914785438275371 CC:32 score:-303.0 
1664843443.332114 -- INFO: Throughput @149.2s:579.89Mbps, rtt :38.82ms cwnd: 59.2 lossRate: 0.000997307270370001 CC:32 score:-302.0 
1664843444.336105 -- INFO: Throughput @150.2s:554.09Mbps, rtt :38.87ms cwnd: 56.7 lossRate: 0.0010320769516575156 CC:32 score:-288.0 
1664843445.162764 -- INFO: Iteration 43 Ends, Took 3.56 Seconds. Best Params: [32] and Score: -387.3333333333333.
1664843445.163279 -- INFO: Iteration 44 Starts ...
1664843445.163894 -- INFO: Changing concurrency to 31 ******
1664843445.164328 -- INFO: Process Status Bits from change concurrency are: 1 1 1 1 1 1 1 1 1 1 1 1 1 1 1 1 1 1 1 1 1 1 1 1 1 1 1 1 1 1 1 0
1664843445.164791 -- INFO: Active CC: 31
1664843445.334844 -- INFO: Throughput @151.2s:542.77Mbps, rtt :38.9ms cwnd: 56.0 lossRate: 0.0010346165452429193 CC:31 score:-288.0 
1664843446.336861 -- INFO: Throughput @152.2s:513.33Mbps, rtt :38.83ms cwnd: 55.3 lossRate: 0.001580373269114991 CC:31 score:-270.0 
1664843447.341148 -- INFO: Throughput @153.2s:519.88Mbps, rtt :38.98ms cwnd: 55.5 lossRate: 0.0009107265821097759 CC:31 score:-277.0 
1664843448.342857 -- INFO: Throughput @154.2s:512.51Mbps, rtt :38.85ms cwnd: 53.9 lossRate: 0.0011045655375552283 CC:31 score:-272.0 
1664843448.689454 -- INFO: Iteration 44 Ends, Took 3.53 Seconds. Best Params: [32] and Score: -387.3333333333333.
1664843448.689924 -- INFO: Iteration 45 Starts ...
1664843448.690804 -- INFO: Changing concurrency to 32 ******
1664843448.691443 -- INFO: Process Status Bits from change concurrency are: 1 1 1 1 1 1 1 1 1 1 1 1 1 1 1 1 1 1 1 1 1 1 1 1 1 1 1 1 1 1 1 1
1664843448.691969 -- INFO: Active CC: 32
1664843448.692379 -- INFO: Start Process :: 31
1664843448.732010 -- INFO: Process 31 get item 30 from queue and executing
1664843448.732561 -- INFO: starting 31, 30, /users/jamilm/files_to_Send/FILE0
1664843449.340877 -- INFO: Throughput @155.2s:495.97Mbps, rtt :38.82ms cwnd: 56.3 lossRate: 0.001109827636973115 CC:32 score:-258.0 
1664843450.339145 -- INFO: Throughput @156.2s:581.99Mbps, rtt :38.88ms cwnd: 64.2 lossRate: 0.0008322169447489141 CC:32 score:-304.0 
1664843451.345744 -- INFO: Throughput @157.2s:537.04Mbps, rtt :38.9ms cwnd: 59.8 lossRate: 0.0015454968878350342 CC:32 score:-277.0 
1664843452.321107 -- INFO: Iteration 45 Ends, Took 3.63 Seconds. Best Params: [32] and Score: -366.6666666666667.
1664843452.321486 -- INFO: Iteration 46 Starts ...
1664843452.322096 -- INFO: Changing concurrency to 32 ******
1664843452.322465 -- INFO: Process Status Bits from change concurrency are: 1 1 1 1 1 1 1 1 1 1 1 1 1 1 1 1 1 1 1 1 1 1 1 1 1 1 1 1 1 1 1 1
1664843452.322837 -- INFO: Active CC: 32
1664843452.368546 -- INFO: Throughput @158.2s:547.01Mbps, rtt :38.82ms cwnd: 58.5 lossRate: 0.001086887027683652 CC:32 score:-284.0 
1664843453.351140 -- INFO: Throughput @159.2s:504.34Mbps, rtt :38.84ms cwnd: 50.2 lossRate: 0.0018018439649927459 CC:32 score:-259.0 
1664843454.349171 -- INFO: Throughput @160.2s:480.41Mbps, rtt :39.01ms cwnd: 53.6 lossRate: 0.0008555133079847909 CC:32 score:-251.0 
1664843455.352834 -- INFO: Throughput @161.2s:524.65Mbps, rtt :38.88ms cwnd: 54.6 lossRate: 0.0009295689394266937 CC:32 score:-274.0 
1664843455.962821 -- INFO: Iteration 46 Ends, Took 3.64 Seconds. Best Params: [32] and Score: -366.6666666666667.
1664843455.963369 -- INFO: Iteration 47 Starts ...
1664843455.964235 -- INFO: Changing concurrency to 28 ******
1664843455.964688 -- INFO: Process Status Bits from change concurrency are: 1 1 1 1 1 1 1 1 1 1 1 1 1 1 1 1 1 1 1 1 1 1 1 1 1 1 1 1 0 0 0 0
1664843455.965161 -- INFO: Active CC: 28
1664843456.348696 -- INFO: Throughput @162.2s:507.0Mbps, rtt :38.78ms cwnd: 52.1 lossRate: 0 CC:28 score:-291.0 
1664843457.350115 -- INFO: Throughput @163.2s:461.02Mbps, rtt :38.8ms cwnd: 51.4 lossRate: 0 CC:28 score:-265.0 
1664843458.353886 -- INFO: Throughput @164.2s:434.03Mbps, rtt :38.96ms cwnd: 55.0 lossRate: 0.0009120758847136082 CC:28 score:-245.0 
1664843459.358187 -- INFO: Throughput @165.2s:463.78Mbps, rtt :38.91ms cwnd: 56.3 lossRate: 0.0008528142871475871 CC:28 score:-262.0 
1664843459.574614 -- INFO: Iteration 47 Ends, Took 3.61 Seconds. Best Params: [32] and Score: -366.6666666666667.
1664843459.575112 -- INFO: Iteration 48 Starts ...
1664843459.576061 -- INFO: Changing concurrency to 32 ******
1664843459.577000 -- INFO: Process Status Bits from change concurrency are: 1 1 1 1 1 1 1 1 1 1 1 1 1 1 1 1 1 1 1 1 1 1 1 1 1 1 1 1 1 1 1 1
1664843459.577472 -- INFO: Active CC: 32
1664843459.577494 -- INFO: Start Process :: 30
1664843459.577832 -- INFO: Start Process :: 28
1664843459.578285 -- INFO: Start Process :: 31
1664843459.578362 -- INFO: Start Process :: 29
1664843459.617031 -- INFO: Process 30 get item 16 from queue and executing
1664843459.617301 -- INFO: Process 28 get item 30 from queue and executing
1664843459.617389 -- INFO: starting 30, 16, /users/jamilm/files_to_Send/FILE2
1664843459.618088 -- INFO: Process 29 get item 12 from queue and executing
1664843459.618461 -- INFO: starting 28, 30, /users/jamilm/files_to_Send/FILE0
1664843459.618788 -- INFO: starting 29, 12, /users/jamilm/files_to_Send/FILE2
1664843459.619962 -- INFO: Process 31 get item 26 from queue and executing
1664843459.620397 -- INFO: starting 31, 26, /users/jamilm/files_to_Send/FILE0
1664843460.349692 -- INFO: Throughput @166.2s:501.36Mbps, rtt :38.9ms cwnd: 52.5 lossRate: 0.0011873719500838146 CC:32 score:-260.0 
1664843461.352816 -- INFO: Throughput @167.2s:520.26Mbps, rtt :39.0ms cwnd: 57.3 lossRate: 0.0010252524126863841 CC:32 score:-271.0 
1664843462.352654 -- INFO: Throughput @168.2s:544.1Mbps, rtt :38.88ms cwnd: 57.1 lossRate: 0.0009516188334018211 CC:32 score:-284.0 
1664843463.137812 -- INFO: Iteration 48 Ends, Took 3.56 Seconds. Best Params: [32] and Score: -366.6666666666667.
1664843463.138380 -- INFO: Iteration 49 Starts ...
1664843463.139241 -- INFO: Changing concurrency to 32 ******
1664843463.139696 -- INFO: Process Status Bits from change concurrency are: 1 1 1 1 1 1 1 1 1 1 1 1 1 1 1 1 1 1 1 1 1 1 1 1 1 1 1 1 1 1 1 1
1664843463.140136 -- INFO: Active CC: 32
1664843463.352777 -- INFO: Throughput @169.2s:528.85Mbps, rtt :38.87ms cwnd: 54.6 lossRate: 0.0012127894156560089 CC:32 score:-274.0 
1664843464.353046 -- INFO: Throughput @170.2s:527.27Mbps, rtt :38.9ms cwnd: 54.4 lossRate: 0.0009458864936207655 CC:32 score:-275.0 
1664843465.358052 -- INFO: Throughput @171.2s:546.83Mbps, rtt :38.94ms cwnd: 55.2 lossRate: 0.00094686780434268 CC:32 score:-285.0 
1664843466.360858 -- INFO: Throughput @172.2s:522.32Mbps, rtt :38.87ms cwnd: 58.1 lossRate: 0.0008405897060091387 CC:32 score:-273.0 
1664843466.704010 -- INFO: Iteration 49 Ends, Took 3.57 Seconds. Best Params: [32] and Score: -366.6666666666667.
1664843466.704437 -- INFO: Iteration 50 Starts ...
1664843466.705208 -- INFO: Changing concurrency to 32 ******
1664843466.705622 -- INFO: Process Status Bits from change concurrency are: 1 1 1 1 1 1 1 1 1 1 1 1 1 1 1 1 1 1 1 1 1 1 1 1 1 1 1 1 1 1 1 1
1664843466.706047 -- INFO: Active CC: 32
1664843467.356985 -- INFO: Throughput @173.2s:564.41Mbps, rtt :38.78ms cwnd: 59.0 lossRate: 0.0008086253369272237 CC:32 score:-295.0 
1664843468.358916 -- INFO: Throughput @174.2s:551.44Mbps, rtt :38.97ms cwnd: 55.9 lossRate: 0.00119261832029125 CC:32 score:-286.0 
1664843469.361726 -- INFO: Throughput @175.2s:511.55Mbps, rtt :38.83ms cwnd: 53.4 lossRate: 0.001134265952004982 CC:32 score:-266.0 
1664843470.264742 -- INFO: Iteration 50 Ends, Took 3.56 Seconds. Best Params: [32] and Score: -366.6666666666667.
1664843470.265841 -- INFO: Iteration 51 Starts ...
1664843470.266821 -- INFO: Changing concurrency to 32 ******
1664843470.267318 -- INFO: Process Status Bits from change concurrency are: 1 1 1 1 1 1 1 1 1 1 1 1 1 1 1 1 1 1 1 1 1 1 1 1 1 1 1 1 1 1 1 1
1664843470.267814 -- INFO: Active CC: 32
1664843470.359554 -- INFO: Throughput @176.2s:536.38Mbps, rtt :38.91ms cwnd: 55.8 lossRate: 0.0008723856391902472 CC:32 score:-280.0 
1664843471.360422 -- INFO: Throughput @177.2s:541.05Mbps, rtt :38.84ms cwnd: 58.2 lossRate: 0.0008450406675821274 CC:32 score:-283.0 
1664843472.365234 -- INFO: Throughput @178.2s:514.75Mbps, rtt :39.04ms cwnd: 54.8 lossRate: 0.0012758468983721954 CC:32 score:-267.0 
1664843473.368030 -- INFO: Throughput @179.2s:505.47Mbps, rtt :38.77ms cwnd: 53.3 lossRate: 0.0011677604689726043 CC:32 score:-262.0 
1664843473.815436 -- INFO: Iteration 51 Ends, Took 3.55 Seconds. Best Params: [32] and Score: -366.6666666666667.
1664843473.816021 -- INFO: Iteration 52 Starts ...
1664843473.816996 -- INFO: Changing concurrency to 28 ******
1664843473.817478 -- INFO: Process Status Bits from change concurrency are: 1 1 1 1 1 1 1 1 1 1 1 1 1 1 1 1 1 1 1 1 1 1 1 1 1 1 1 1 0 0 0 0
1664843473.817982 -- INFO: Active CC: 28
1664843474.364433 -- INFO: Throughput @180.2s:500.05Mbps, rtt :38.87ms cwnd: 54.0 lossRate: 0 CC:28 score:-287.0 
1664843475.366096 -- INFO: Throughput @181.2s:426.47Mbps, rtt :39.0ms cwnd: 52.8 lossRate: 0.0011362169141381536 CC:28 score:-240.0 
1664843476.369401 -- INFO: Throughput @182.2s:470.7Mbps, rtt :38.99ms cwnd: 57.1 lossRate: 0 CC:28 score:-270.0 
1664843477.345815 -- INFO: Iteration 52 Ends, Took 3.53 Seconds. Best Params: [32] and Score: -366.6666666666667.
1664843477.346375 -- INFO: Iteration 53 Starts ...
1664843477.347165 -- INFO: Changing concurrency to 1 ******
1664843477.348099 -- INFO: Process Status Bits from change concurrency are: 1 0 0 0 0 0 0 0 0 0 0 0 0 0 0 0 0 0 0 0 0 0 0 0 0 0 0 0 0 0 0 0
1664843477.349019 -- INFO: Active CC: 1
1664843477.389896 -- INFO: Throughput @183.3s:432.38Mbps, rtt :38.76ms cwnd: 55.5 lossRate: 0.001041338725692006 CC:1 score:-419.0 
1664843478.380436 -- INFO: Throughput @184.3s:69.28Mbps, rtt :39.01ms cwnd: 45.0 lossRate: 0 CC:1 score:-68.0 
1664843479.379462 -- INFO: Throughput @185.3s:19.81Mbps, rtt :40.15ms cwnd: 79.0 lossRate: 0 CC:1 score:-19.0 
1664843480.378366 -- INFO: Throughput @186.3s:25.02Mbps, rtt :38.65ms cwnd: 92.0 lossRate: 0.0 CC:1 score:-25.0 
1664843480.891458 -- INFO: Iteration 53 Ends, Took 3.54 Seconds. Best Params: [32] and Score: -366.6666666666667.
1664843480.891987 -- INFO: Iteration 54 Starts ...
1664843480.892966 -- INFO: Changing concurrency to 32 ******
1664843480.895236 -- INFO: Start Process :: 3
1664843480.895527 -- INFO: Start Process :: 2
1664843480.895719 -- INFO: Start Process :: 1
1664843480.895617 -- INFO: Start Process :: 5
1664843480.896763 -- INFO: Start Process :: 4
1664843480.896978 -- INFO: Start Process :: 6
1664843480.898332 -- INFO: Start Process :: 8
1664843480.899005 -- INFO: Start Process :: 7
1664843480.903366 -- INFO: Start Process :: 9
1664843480.931694 -- INFO: Start Process :: 11
1664843480.932049 -- INFO: Start Process :: 12
1664843480.932598 -- INFO: Start Process :: 10
1664843480.934601 -- INFO: Process 3 get item 12 from queue and executing
1664843480.935069 -- INFO: starting 3, 12, /users/jamilm/files_to_Send/FILE2
1664843480.935037 -- INFO: Start Process :: 14
1664843480.935477 -- INFO: Process 2 get item 16 from queue and executing
1664843480.935786 -- INFO: Process 1 get item 30 from queue and executing
1664843480.935569 -- INFO: Start Process :: 13
1664843480.936188 -- INFO: starting 2, 16, /users/jamilm/files_to_Send/FILE2
1664843480.936288 -- INFO: starting 1, 30, /users/jamilm/files_to_Send/FILE0
1664843480.936283 -- INFO: Process 6 get item 26 from queue and executing
1664843480.936419 -- INFO: Process 4 get item 31 from queue and executing
1664843480.936690 -- INFO: Process 5 get item 5 from queue and executing
1664843480.936733 -- INFO: starting 6, 26, /users/jamilm/files_to_Send/FILE0
1664843480.936981 -- INFO: Start Process :: 15
1664843480.937383 -- INFO: starting 4, 31, /users/jamilm/files_to_Send/FILE3
1664843480.937591 -- INFO: starting 5, 5, /users/jamilm/files_to_Send/FILE1
1664843480.937712 -- INFO: Start Process :: 20
1664843480.938150 -- INFO: Process 8 get item 13 from queue and executing
1664843480.938254 -- INFO: Start Process :: 19
1664843480.938763 -- INFO: starting 8, 13, /users/jamilm/files_to_Send/FILE1
1664843480.938667 -- INFO: Start Process :: 17
1664843480.938189 -- INFO: Start Process :: 18
1664843480.939697 -- INFO: Process 7 get item 21 from queue and executing
1664843480.939787 -- INFO: Start Process :: 23
1664843480.939749 -- INFO: Start Process :: 21
1664843480.940335 -- INFO: starting 7, 21, /users/jamilm/files_to_Send/FILE1
1664843480.940234 -- INFO: Start Process :: 22
1664843480.940297 -- INFO: Start Process :: 16
1664843480.940652 -- INFO: Start Process :: 24
1664843480.940981 -- INFO: Process Status Bits from change concurrency are: 1 1 1 1 1 1 1 1 1 1 1 1 1 1 1 1 1 1 1 1 1 1 1 1 1 1 1 1 1 1 1 1
1664843480.941445 -- INFO: Start Process :: 30
1664843480.941569 -- INFO: Active CC: 32
1664843480.941578 -- INFO: Start Process :: 31
1664843480.941779 -- INFO: Start Process :: 25
1664843480.941982 -- INFO: Start Process :: 27
1664843480.942122 -- INFO: Start Process :: 26
1664843480.942153 -- INFO: Start Process :: 28
1664843480.942444 -- INFO: Start Process :: 29
1664843480.942874 -- INFO: Process 9 get item 11 from queue and executing
1664843480.943278 -- INFO: starting 9, 11, /users/jamilm/files_to_Send/FILE3
1664843480.971431 -- INFO: Process 12 get item 1 from queue and executing
1664843480.971502 -- INFO: Process 11 get item 17 from queue and executing
1664843480.971789 -- INFO: starting 11, 17, /users/jamilm/files_to_Send/FILE1
1664843480.971799 -- INFO: starting 12, 1, /users/jamilm/files_to_Send/FILE1
1664843480.972653 -- INFO: Process 10 get item 15 from queue and executing
1664843480.973049 -- INFO: starting 10, 15, /users/jamilm/files_to_Send/FILE3
1664843480.974712 -- INFO: Process 14 get item 18 from queue and executing
1664843480.974960 -- INFO: starting 14, 18, /users/jamilm/files_to_Send/FILE0
1664843480.975331 -- INFO: Process 13 get item 28 from queue and executing
1664843480.975768 -- INFO: starting 13, 28, /users/jamilm/files_to_Send/FILE2
1664843480.976426 -- INFO: Process 15 get item 29 from queue and executing
1664843480.976995 -- INFO: starting 15, 29, /users/jamilm/files_to_Send/FILE1
1664843480.978077 -- INFO: Process 20 get item 2 from queue and executing
1664843480.978253 -- INFO: Process 19 get item 6 from queue and executing
1664843480.978339 -- INFO: Process 17 get item 25 from queue and executing
1664843480.978584 -- INFO: starting 20, 2, /users/jamilm/files_to_Send/FILE0
1664843480.978664 -- INFO: starting 17, 25, /users/jamilm/files_to_Send/FILE1
1664843480.978695 -- INFO: starting 19, 6, /users/jamilm/files_to_Send/FILE0
1664843480.978812 -- INFO: Process 18 get item 22 from queue and executing
1664843480.979006 -- INFO: Process 23 get item 14 from queue and executing
1664843480.979289 -- INFO: starting 23, 14, /users/jamilm/files_to_Send/FILE0
1664843480.979534 -- INFO: Process 21 get item 10 from queue and executing
1664843480.979629 -- INFO: Process 22 get item 19 from queue and executing
1664843480.979718 -- INFO: starting 18, 22, /users/jamilm/files_to_Send/FILE0
1664843480.979841 -- INFO: starting 21, 10, /users/jamilm/files_to_Send/FILE0
1664843480.979871 -- INFO: starting 22, 19, /users/jamilm/files_to_Send/FILE3
1664843480.979854 -- INFO: Process 16 get item 20 from queue and executing
1664843480.980132 -- INFO: Process 24 get item 3 from queue and executing
1664843480.980237 -- INFO: starting 16, 20, /users/jamilm/files_to_Send/FILE2
1664843480.980465 -- INFO: starting 24, 3, /users/jamilm/files_to_Send/FILE3
1664843480.980614 -- INFO: Process 30 get item 8 from queue and executing
1664843480.980894 -- INFO: starting 30, 8, /users/jamilm/files_to_Send/FILE2
1664843480.981193 -- INFO: Process 31 get item 23 from queue and executing
1664843480.981498 -- INFO: Process 27 get item 9 from queue and executing
1664843480.981572 -- INFO: starting 31, 23, /users/jamilm/files_to_Send/FILE3
1664843480.981761 -- INFO: starting 27, 9, /users/jamilm/files_to_Send/FILE1
1664843480.981841 -- INFO: Process 25 get item 24 from queue and executing
1664843480.982055 -- INFO: Process 26 get item 4 from queue and executing
1664843480.982199 -- INFO: starting 25, 24, /users/jamilm/files_to_Send/FILE2
1664843480.982168 -- INFO: Process 28 get item 27 from queue and executing
1664843480.982280 -- INFO: Process 29 get item 7 from queue and executing
1664843480.982542 -- INFO: starting 29, 7, /users/jamilm/files_to_Send/FILE3
1664843480.982496 -- INFO: starting 26, 4, /users/jamilm/files_to_Send/FILE2
1664843480.982634 -- INFO: starting 28, 27, /users/jamilm/files_to_Send/FILE3
1664843481.375403 -- INFO: Throughput @187.3s:165.37Mbps, rtt :39.01ms cwnd: 34.2 lossRate: 0.000929195316855603 CC:32 score:-86.0 
1664843482.378833 -- INFO: Throughput @188.3s:574.82Mbps, rtt :39.23ms cwnd: 74.7 lossRate: 0.0008934503218712057 CC:32 score:-300.0 
1664843483.379715 -- INFO: Throughput @189.3s:775.88Mbps, rtt :38.96ms cwnd: 105.7 lossRate: 0.0009927249559200486 CC:32 score:-404.0 
1664843484.398663 -- INFO: Throughput @190.3s:745.85Mbps, rtt :39.47ms cwnd: 117.2 lossRate: 0.0007114685639161704 CC:32 score:-390.0 
1664843484.595438 -- INFO: Iteration 54 Ends, Took 3.7 Seconds. Best Params: [32] and Score: -366.6666666666667.
1664843484.596001 -- INFO: Iteration 55 Starts ...
1664843484.596740 -- INFO: Changing concurrency to 23 ******
1664843484.597210 -- INFO: Process Status Bits from change concurrency are: 1 1 1 1 1 1 1 1 1 1 1 1 1 1 1 1 1 1 1 1 1 1 1 0 0 0 0 0 0 0 0 0
1664843484.597713 -- INFO: Active CC: 23
1664843485.378112 -- INFO: Throughput @191.3s:585.23Mbps, rtt :38.96ms cwnd: 102.9 lossRate: 0 CC:23 score:-371.0 
1664843486.376403 -- INFO: Throughput @192.3s:543.44Mbps, rtt :39.07ms cwnd: 99.8 lossRate: 0.0008740886027373897 CC:23 score:-340.0 
1664843487.380201 -- INFO: Throughput @193.3s:523.9Mbps, rtt :38.95ms cwnd: 89.0 lossRate: 0.0012047923964213204 CC:23 score:-326.0 
1664843488.378841 -- INFO: Iteration 55 Ends, Took 3.78 Seconds. Best Params: [32] and Score: -366.6666666666667.
1664843488.379252 -- INFO: Iteration 56 Starts ...
1664843488.379909 -- INFO: Changing concurrency to 16 ******
1664843488.381091 -- INFO: Process Status Bits from change concurrency are: 1 1 1 1 1 1 1 1 1 1 1 1 1 1 1 1 0 0 0 0 0 0 0 0 0 0 0 0 0 0 0 0
1664843488.382792 -- INFO: Active CC: 16
1664843488.387831 -- INFO: Throughput @194.3s:507.61Mbps, rtt :38.86ms cwnd: 80.3 lossRate: 0.0010551668769354283 CC:23 score:-317.0 
1664843489.386859 -- INFO: Throughput @195.3s:381.77Mbps, rtt :38.75ms cwnd: 83.6 lossRate: 0 CC:16 score:-278.0 
1664843490.388249 -- INFO: Throughput @196.3s:357.21Mbps, rtt :39.07ms cwnd: 80.2 lossRate: 0.000899160783268949 CC:16 score:-257.0 
1664843491.388476 -- INFO: Throughput @197.3s:345.79Mbps, rtt :38.85ms cwnd: 85.4 lossRate: 0.0004063251278231131 CC:16 score:-250.0 
1664843492.042087 -- INFO: Iteration 56 Ends, Took 3.66 Seconds. Best Params: [32] and Score: -366.6666666666667.
1664843492.042524 -- INFO: Iteration 57 Starts ...
1664843492.043267 -- INFO: Changing concurrency to 21 ******
1664843492.045277 -- INFO: Start Process :: 16
1664843492.045429 -- INFO: Process Status Bits from change concurrency are: 1 1 1 1 1 1 1 1 1 1 1 1 1 1 1 1 1 1 1 1 1 0 0 0 0 0 0 0 0 0 0 0
1664843492.045769 -- INFO: Start Process :: 18
1664843492.046172 -- INFO: Start Process :: 17
1664843492.046587 -- INFO: Start Process :: 20
1664843492.047060 -- INFO: Active CC: 21
1664843492.047284 -- INFO: Start Process :: 19
1664843492.084546 -- INFO: Process 16 get item 24 from queue and executing
1664843492.084841 -- INFO: Process 18 get item 8 from queue and executing
1664843492.084834 -- INFO: starting 16, 24, /users/jamilm/files_to_Send/FILE2
1664843492.085064 -- INFO: starting 18, 8, /users/jamilm/files_to_Send/FILE2
1664843492.085690 -- INFO: Process 17 get item 14 from queue and executing
1664843492.085939 -- INFO: starting 17, 14, /users/jamilm/files_to_Send/FILE0
1664843492.086035 -- INFO: Process 20 get item 3 from queue and executing
1664843492.086364 -- INFO: starting 20, 3, /users/jamilm/files_to_Send/FILE3
1664843492.086654 -- INFO: Process 19 get item 7 from queue and executing
1664843492.086959 -- INFO: starting 19, 7, /users/jamilm/files_to_Send/FILE3
1664843492.383619 -- INFO: Throughput @198.3s:357.25Mbps, rtt :38.84ms cwnd: 72.3 lossRate: 0.000984251968503937 CC:21 score:-232.0 
1664843493.384535 -- INFO: Throughput @199.3s:442.34Mbps, rtt :38.71ms cwnd: 83.1 lossRate: 0.0006517842594101353 CC:21 score:-289.0 
1664843494.374459 -- INFO: episode expires
1664843494.374487 -- INFO: Process 23 shutdown itself from outest loop
1664843494.374575 -- INFO: Process 21 shutdown itself from outest loop
1664843494.374580 -- INFO: Process 31 shutdown itself from outest loop
1664843494.374764 -- INFO: Process Status Bits are: 1 1 1 1 1 1 1 1 1 1 1 1 1 1 1 1 1 1 1 1 1 0 0 0 0 0 0 0 0 0 0 0
1664843494.374859 -- INFO: Process Status Bits are: 1 1 1 1 1 1 1 1 1 1 1 1 1 1 1 1 1 1 1 1 1 0 0 0 0 0 0 0 0 0 0 0
1664843494.374637 -- INFO: Process 25 shutdown itself from outest loop
1664843494.374695 -- INFO: Process 22 shutdown itself from outest loop
1664843494.374663 -- INFO: Process 29 shutdown itself from outest loop
1664843494.374836 -- INFO: Process Status Bits are: 1 1 1 1 1 1 1 1 1 1 1 1 1 1 1 1 1 1 1 1 1 0 0 0 0 0 0 0 0 0 0 0
1664843494.374672 -- INFO: Process 26 shutdown itself from outest loop
1664843494.374748 -- INFO: Process 28 shutdown itself from outest loop
1664843494.374741 -- INFO: Process 30 shutdown itself from outest loop
1664843494.374780 -- INFO: Process 24 shutdown itself from outest loop
1664843494.375093 -- INFO: Process Status Bits are: 1 1 1 1 1 1 1 1 1 1 1 1 1 1 1 1 1 1 1 1 1 0 0 0 0 0 0 0 0 0 0 0
1664843494.375068 -- INFO: Process Status Bits are: 1 1 1 1 1 1 1 1 1 1 1 1 1 1 1 1 1 1 1 1 1 0 0 0 0 0 0 0 0 0 0 0
1664843494.375110 -- INFO: Process Status Bits are: 1 1 1 1 1 1 1 1 1 1 1 1 1 1 1 1 1 1 1 1 1 0 0 0 0 0 0 0 0 0 0 0
1664843494.375166 -- INFO: Process Status Bits are: 1 1 1 1 1 1 1 1 1 1 1 1 1 1 1 1 1 1 1 1 1 0 0 0 0 0 0 0 0 0 0 0
1664843494.375170 -- INFO: Process Status Bits are: 1 1 1 1 1 1 1 1 1 1 1 1 1 1 1 1 1 1 1 1 1 0 0 0 0 0 0 0 0 0 0 0
1664843494.375303 -- INFO: Process Status Bits are: 1 1 1 1 1 1 1 1 1 1 1 1 1 1 1 1 1 1 1 1 1 0 0 0 0 0 0 0 0 0 0 0
1664843494.375326 -- INFO: Process Status Bits are: 1 1 1 1 1 1 1 1 1 1 1 1 1 1 1 1 1 1 1 1 1 0 0 0 0 0 0 0 0 0 0 0
1664843494.375013 -- INFO: Process 27 shutdown itself from outest loop
1664843494.375819 -- INFO: Process Status Bits are: 1 1 1 1 1 1 1 1 1 1 1 1 1 1 1 1 1 1 1 1 1 0 0 0 0 0 0 0 0 0 0 0
1664843495.785442 -- INFO: Iteration 57 Ends, Took 3.74 Seconds. Best Params: [23] and Score: -345.6666666666667.
1664843495.785605 -- INFO: Iteration 58 Starts ...
1664843495.785846 -- INFO: episode expires
1664843496.662849 -- INFO: Iteration 58 Ends, Took 0.88 Seconds. Best Params: [23] and Score: -345.6666666666667.
1664843496.663001 -- INFO: Bayseian Optimizer Exits ...
1664843496.922725 -- INFO: Throughput @0.1s:0.0Mbps, rtt :0.0ms cwnd: 0.0 lossRate: 0 CC:0 score:-0.0 
