1664854968.025891 -- INFO: Changing concurrency to 1 ******
1664854968.029747 -- INFO: Start Process :: 0
1664854968.036411 -- INFO: Process Status Bits from change concurrency are: 1 0 0 0 0 0 0 0 0 0 0 0 0 0 0 0 0 0 0 0 0 0 0 0 0 0 0 0 0 0 0 0
1664854968.044682 -- INFO: Active CC: 1
1664854968.069970 -- INFO: Process 0 get item 0 from queue and executing
1664854968.070410 -- INFO: starting 0, 0, /users/jamilm/files_to_Send/FILE2
1664854968.098845 -- INFO: Throughput @0.1s:0.0Mbps, rtt :38.54ms cwnd: 10.0 lossRate: 0.0 CC:1 score:-0.0 
1664854969.091728 -- INFO: Throughput @1.1s:100.66Mbps, rtt :38.63ms cwnd: 381.0 lossRate: 0.001839587932303164 CC:1 score:-97.0 
1664854970.092042 -- INFO: Throughput @2.1s:125.83Mbps, rtt :38.88ms cwnd: 436.0 lossRate: 0.0 CC:1 score:-123.0 
1664854971.094791 -- INFO: Throughput @3.1s:134.22Mbps, rtt :38.65ms cwnd: 477.0 lossRate: 0.0 CC:1 score:-132.0 
1664854971.247738 -- INFO: Changing concurrency to 3 ******
1664854971.250360 -- INFO: Start Process :: 2
1664854971.251815 -- INFO: Start Process :: 1
1664854971.254493 -- INFO: Process Status Bits from change concurrency are: 1 1 1 0 0 0 0 0 0 0 0 0 0 0 0 0 0 0 0 0 0 0 0 0 0 0 0 0 0 0 0 0
1664854971.261106 -- INFO: Active CC: 3
1664854971.290380 -- INFO: Process 2 get item 1 from queue and executing
1664854971.291016 -- INFO: starting 2, 1, /users/jamilm/files_to_Send/FILE1
1664854971.291888 -- INFO: Process 1 get item 2 from queue and executing
1664854971.292325 -- INFO: starting 1, 2, /users/jamilm/files_to_Send/FILE0
1664854972.092863 -- INFO: Throughput @4.1s:268.44Mbps, rtt :38.71ms cwnd: 374.7 lossRate: 0.0004169562195969423 CC:3 score:-252.0 
1664854973.093219 -- INFO: Throughput @5.1s:444.6Mbps, rtt :38.87ms cwnd: 713.3 lossRate: 0.0 CC:3 score:-419.0 
1664854974.096676 -- INFO: Throughput @6.1s:754.97Mbps, rtt :39.48ms cwnd: 967.7 lossRate: 0.0 CC:3 score:-711.0 
1664854974.462245 -- INFO: Gradient: -171.66666666666669, Gredient Change: 1.463068181818182, Theta: 1, Previous CC: 2, Choosen CC: 5
1664854974.462361 -- INFO: Changing concurrency to 4 ******
1664854974.465503 -- INFO: Start Process :: 3
1664854974.468343 -- INFO: Process Status Bits from change concurrency are: 1 1 1 1 0 0 0 0 0 0 0 0 0 0 0 0 0 0 0 0 0 0 0 0 0 0 0 0 0 0 0 0
1664854974.472233 -- INFO: Active CC: 4
1664854974.505263 -- INFO: Process 3 get item 3 from queue and executing
1664854974.505687 -- INFO: starting 3, 3, /users/jamilm/files_to_Send/FILE3
1664854975.094272 -- INFO: Throughput @7.1s:587.2Mbps, rtt :39.61ms cwnd: 401.5 lossRate: 0.0032795676746008827 CC:4 score:-523.0 
1664854976.097099 -- INFO: Throughput @8.1s:520.09Mbps, rtt :39.11ms cwnd: 544.0 lossRate: 0.00040559724193875484 CC:4 score:-478.0 
1664854977.099992 -- INFO: Throughput @9.1s:637.53Mbps, rtt :38.83ms cwnd: 557.8 lossRate: 1.7939794051164294e-05 CC:4 score:-589.0 
1664854977.673363 -- INFO: Changing concurrency to 6 ******
1664854977.677969 -- INFO: Start Process :: 5
1664854977.680507 -- INFO: Process Status Bits from change concurrency are: 1 1 1 1 1 1 0 0 0 0 0 0 0 0 0 0 0 0 0 0 0 0 0 0 0 0 0 0 0 0 0 0
1664854977.680482 -- INFO: Start Process :: 4
1664854977.686217 -- INFO: Active CC: 6
1664854977.718121 -- INFO: Process 5 get item 4 from queue and executing
1664854977.719049 -- INFO: starting 5, 4, /users/jamilm/files_to_Send/FILE2
1664854977.720856 -- INFO: Process 4 get item 5 from queue and executing
1664854977.721532 -- INFO: starting 4, 5, /users/jamilm/files_to_Send/FILE1
1664854978.094584 -- INFO: Throughput @10.1s:662.7Mbps, rtt :38.98ms cwnd: 366.3 lossRate: 0.0011894305372566242 CC:6 score:-581.0 
1664854979.101758 -- INFO: Throughput @11.1s:721.42Mbps, rtt :39.19ms cwnd: 488.2 lossRate: 6.281604321743773e-05 CC:6 score:-640.0 
1664854980.099689 -- INFO: Throughput @12.1s:905.97Mbps, rtt :39.65ms cwnd: 591.7 lossRate: 0.0006731782906352009 CC:6 score:-798.0 
1664854980.887272 -- INFO: Gradient: -71.5, Gredient Change: 0.1349056603773585, Theta: 2, Previous CC: 5, Choosen CC: 7
1664854980.887386 -- INFO: Changing concurrency to 6 ******
1664854980.895392 -- INFO: Process Status Bits from change concurrency are: 1 1 1 1 1 1 0 0 0 0 0 0 0 0 0 0 0 0 0 0 0 0 0 0 0 0 0 0 0 0 0 0
1664854980.898623 -- INFO: Active CC: 6
1664854981.101846 -- INFO: Throughput @13.1s:947.91Mbps, rtt :39.4ms cwnd: 567.5 lossRate: 0.0005797959611660067 CC:6 score:-836.0 
1664854982.101249 -- INFO: Throughput @14.1s:897.58Mbps, rtt :39.42ms cwnd: 559.0 lossRate: 0.00011532104096459644 CC:6 score:-796.0 
1664854983.107507 -- INFO: Throughput @15.1s:771.75Mbps, rtt :38.73ms cwnd: 322.7 lossRate: 0.0019138465277355853 CC:6 score:-671.0 
1664854984.099781 -- INFO: Changing concurrency to 8 ******
1664854984.104279 -- INFO: Process Status Bits from change concurrency are: 1 1 1 1 1 1 1 1 0 0 0 0 0 0 0 0 0 0 0 0 0 0 0 0 0 0 0 0 0 0 0 0
1664854984.103959 -- INFO: Start Process :: 7
1664854984.105501 -- INFO: Throughput @16.1s:553.65Mbps, rtt :38.72ms cwnd: 274.0 lossRate: 0.0006572949133854929 CC:6 score:-488.0 
1664854984.106024 -- INFO: Start Process :: 6
1664854984.109074 -- INFO: Active CC: 8
1664854984.143897 -- INFO: Process 7 get item 6 from queue and executing
1664854984.144380 -- INFO: starting 7, 6, /users/jamilm/files_to_Send/FILE0
1664854984.146233 -- INFO: Process 6 get item 7 from queue and executing
1664854984.146735 -- INFO: starting 6, 7, /users/jamilm/files_to_Send/FILE3
1664854985.108422 -- INFO: Throughput @17.1s:578.81Mbps, rtt :39.51ms cwnd: 289.6 lossRate: 0.0007940322209917045 CC:8 score:-489.0 
1664854986.107828 -- INFO: Throughput @18.1s:771.75Mbps, rtt :38.89ms cwnd: 331.1 lossRate: 0.00031818663919150293 CC:8 score:-656.0 
1664854987.108176 -- INFO: Throughput @19.1s:780.14Mbps, rtt :39.2ms cwnd: 347.6 lossRate: 0.00014601950820629635 CC:8 score:-665.0 
1664854987.310811 -- INFO: Gradient: 82.16666666666663, Gredient Change: 0.10703430308293525, Theta: -1, Previous CC: 7, Choosen CC: 6
1664854987.311094 -- INFO: Changing concurrency to 5 ******
1664854987.317555 -- INFO: Process Status Bits from change concurrency are: 1 1 1 1 1 0 0 0 0 0 0 0 0 0 0 0 0 0 0 0 0 0 0 0 0 0 0 0 0 0 0 0
1664854987.323470 -- INFO: Active CC: 5
1664854988.112407 -- INFO: Throughput @20.1s:444.6Mbps, rtt :38.73ms cwnd: 192.6 lossRate: 0 CC:5 score:-403.0 
1664854989.109858 -- INFO: Throughput @21.1s:268.44Mbps, rtt :38.7ms cwnd: 146.4 lossRate: 0.0010273093057101275 CC:5 score:-240.0 
1664854990.108932 -- INFO: Throughput @22.1s:209.72Mbps, rtt :38.68ms cwnd: 148.6 lossRate: 0.00016208331082176238 CC:5 score:-190.0 
1664854990.524620 -- INFO: Changing concurrency to 7 ******
1664854990.526155 -- INFO: Start Process :: 6
1664854990.526301 -- INFO: Start Process :: 5
1664854990.529704 -- INFO: Process Status Bits from change concurrency are: 1 1 1 1 1 1 1 0 0 0 0 0 0 0 0 0 0 0 0 0 0 0 0 0 0 0 0 0 0 0 0 0
1664854990.533539 -- INFO: Active CC: 7
1664854990.565770 -- INFO: Process 5 get item 8 from queue and executing
1664854990.565936 -- INFO: Process 6 get item 9 from queue and executing
1664854990.566302 -- INFO: starting 5, 8, /users/jamilm/files_to_Send/FILE2
1664854990.566739 -- INFO: starting 6, 9, /users/jamilm/files_to_Send/FILE1
1664854991.111279 -- INFO: Throughput @23.1s:243.27Mbps, rtt :38.71ms cwnd: 133.4 lossRate: 0.0005215247487198938 CC:7 score:-211.0 
1664854992.112479 -- INFO: Throughput @24.1s:327.16Mbps, rtt :38.77ms cwnd: 182.0 lossRate: 0.00025841701122268163 CC:7 score:-284.0 
1664854993.113074 -- INFO: Throughput @25.1s:394.26Mbps, rtt :38.83ms cwnd: 188.3 lossRate: 0.0005032116745108487 CC:7 score:-341.0 
1664854993.734567 -- INFO: Gradient: -0.5, Gredient Change: 0.001800720288115246, Theta: 1, Previous CC: 6, Choosen CC: 7
1664854993.734696 -- INFO: Changing concurrency to 6 ******
1664854993.737754 -- INFO: Process Status Bits from change concurrency are: 1 1 1 1 1 1 0 0 0 0 0 0 0 0 0 0 0 0 0 0 0 0 0 0 0 0 0 0 0 0 0 0
1664854993.741267 -- INFO: Active CC: 6
1664854994.117212 -- INFO: Throughput @26.1s:377.49Mbps, rtt :38.91ms cwnd: 193.4 lossRate: 0.0002624059711936556 CC:6 score:-334.0 
1664854995.114915 -- INFO: Throughput @27.1s:402.65Mbps, rtt :38.93ms cwnd: 213.8 lossRate: 0.00015335071308081582 CC:6 score:-357.0 
1664854996.118347 -- INFO: Throughput @28.1s:369.1Mbps, rtt :38.91ms cwnd: 220.3 lossRate: 0.00018149918325367537 CC:6 score:-327.0 
1664854996.942351 -- INFO: Changing concurrency to 8 ******
1664854996.944494 -- INFO: Start Process :: 6
1664854996.945179 -- INFO: Start Process :: 7
1664854996.947423 -- INFO: Process Status Bits from change concurrency are: 1 1 1 1 1 1 1 1 0 0 0 0 0 0 0 0 0 0 0 0 0 0 0 0 0 0 0 0 0 0 0 0
1664854996.950271 -- INFO: Active CC: 8
1664854996.984068 -- INFO: Process 6 get item 10 from queue and executing
1664854996.984661 -- INFO: starting 6, 10, /users/jamilm/files_to_Send/FILE0
1664854996.985260 -- INFO: Process 7 get item 11 from queue and executing
1664854996.985854 -- INFO: starting 7, 11, /users/jamilm/files_to_Send/FILE3
1664854997.120226 -- INFO: Throughput @29.1s:385.88Mbps, rtt :38.78ms cwnd: 175.4 lossRate: 0.00039347437876449047 CC:8 score:-328.0 
1664854998.118433 -- INFO: Throughput @30.1s:436.21Mbps, rtt :38.72ms cwnd: 207.9 lossRate: 0.00028534370946822307 CC:8 score:-371.0 
1664854999.114705 -- INFO: Throughput @31.1s:620.76Mbps, rtt :39.1ms cwnd: 321.1 lossRate: 0.00021369181754604089 CC:8 score:-528.0 
1664855000.121614 -- INFO: Throughput @32.1s:897.58Mbps, rtt :39.67ms cwnd: 421.5 lossRate: 0.00050227957653968 CC:8 score:-762.0 
1664855000.151251 -- INFO: Gradient: -107.16666666666666, Gredient Change: 0.31581532416502944, Theta: 2, Previous CC: 7, Choosen CC: 13
1664855000.151372 -- INFO: Changing concurrency to 12 ******
1664855000.154527 -- INFO: Process Status Bits from change concurrency are: 1 1 1 1 1 1 1 1 1 1 1 1 0 0 0 0 0 0 0 0 0 0 0 0 0 0 0 0 0 0 0 0
1664855000.154515 -- INFO: Start Process :: 9
1664855000.158078 -- INFO: Start Process :: 8
1664855000.158200 -- INFO: Start Process :: 10
1664855000.159461 -- INFO: Active CC: 12
1664855000.158692 -- INFO: Start Process :: 11
1664855000.194809 -- INFO: Process 9 get item 12 from queue and executing
1664855000.195284 -- INFO: starting 9, 12, /users/jamilm/files_to_Send/FILE2
1664855000.198749 -- INFO: Process 8 get item 13 from queue and executing
1664855000.199087 -- INFO: Process 10 get item 14 from queue and executing
1664855000.199254 -- INFO: starting 8, 13, /users/jamilm/files_to_Send/FILE1
1664855000.199272 -- INFO: Process 11 get item 15 from queue and executing
1664855000.199547 -- INFO: starting 10, 14, /users/jamilm/files_to_Send/FILE0
1664855000.199970 -- INFO: starting 11, 15, /users/jamilm/files_to_Send/FILE3
1664855001.123663 -- INFO: Throughput @33.1s:947.91Mbps, rtt :39.5ms cwnd: 283.7 lossRate: 0.00031974813685220255 CC:12 score:-744.0 
1664855002.123783 -- INFO: Throughput @34.1s:998.24Mbps, rtt :39.99ms cwnd: 321.1 lossRate: 0.000785073784668981 CC:12 score:-779.0 
1664855003.119833 -- INFO: Throughput @35.1s:947.91Mbps, rtt :40.46ms cwnd: 332.8 lossRate: 0.0004061538461538462 CC:12 score:-744.0 
1664855003.360612 -- INFO: Changing concurrency to 14 ******
1664855003.363961 -- INFO: Process Status Bits from change concurrency are: 1 1 1 1 1 1 1 1 1 1 1 1 1 1 0 0 0 0 0 0 0 0 0 0 0 0 0 0 0 0 0 0
1664855003.366768 -- INFO: Active CC: 14
1664855003.367572 -- INFO: Start Process :: 13
1664855003.367993 -- INFO: Start Process :: 12
1664855003.409301 -- INFO: Process 12 get item 16 from queue and executing
1664855003.409813 -- INFO: starting 12, 16, /users/jamilm/files_to_Send/FILE2
1664855003.411862 -- INFO: Process 13 get item 17 from queue and executing
1664855003.412400 -- INFO: starting 13, 17, /users/jamilm/files_to_Send/FILE1
1664855004.125159 -- INFO: Throughput @36.1s:922.75Mbps, rtt :39.92ms cwnd: 246.4 lossRate: 0.0011172498465316144 CC:14 score:-689.0 
1664855005.121169 -- INFO: Throughput @37.1s:956.3Mbps, rtt :39.8ms cwnd: 235.4 lossRate: 0.0006550164372049336 CC:14 score:-718.0 
1664855006.126674 -- INFO: Throughput @38.1s:939.52Mbps, rtt :39.84ms cwnd: 239.9 lossRate: 0.000679566066177379 CC:14 score:-706.0 
1664855006.568035 -- INFO: Gradient: 25.66666666666663, Gredient Change: 0.03396559329510361, Theta: -1, Previous CC: 13, Choosen CC: 12
1664855006.568171 -- INFO: Changing concurrency to 11 ******
1664855006.570904 -- INFO: Process Status Bits from change concurrency are: 1 1 1 1 1 1 1 1 1 1 1 0 0 0 0 0 0 0 0 0 0 0 0 0 0 0 0 0 0 0 0 0
1664855006.573529 -- INFO: Active CC: 11
1664855007.128525 -- INFO: Throughput @39.1s:830.47Mbps, rtt :38.74ms cwnd: 197.1 lossRate: 0 CC:11 score:-668.0 
1664855008.130010 -- INFO: Throughput @40.1s:645.92Mbps, rtt :38.78ms cwnd: 207.4 lossRate: 0.00010586865229205632 CC:11 score:-519.0 
1664855009.127930 -- INFO: Throughput @41.1s:637.53Mbps, rtt :38.85ms cwnd: 180.7 lossRate: 0.0007716616447416771 CC:11 score:-508.0 
1664855009.774624 -- INFO: Changing concurrency to 13 ******
1664855009.777406 -- INFO: Start Process :: 11
1664855009.778409 -- INFO: Process Status Bits from change concurrency are: 1 1 1 1 1 1 1 1 1 1 1 1 1 0 0 0 0 0 0 0 0 0 0 0 0 0 0 0 0 0 0 0
1664855009.777530 -- INFO: Start Process :: 12
1664855009.781183 -- INFO: Active CC: 13
1664855009.817230 -- INFO: Process 11 get item 18 from queue and executing
1664855009.818130 -- INFO: starting 11, 18, /users/jamilm/files_to_Send/FILE0
1664855009.818513 -- INFO: Process 12 get item 19 from queue and executing
1664855009.819280 -- INFO: starting 12, 19, /users/jamilm/files_to_Send/FILE3
1664855010.132021 -- INFO: Throughput @42.1s:595.59Mbps, rtt :38.88ms cwnd: 169.5 lossRate: 0.0005320721253325451 CC:13 score:-457.0 
1664855011.132286 -- INFO: Throughput @43.1s:771.75Mbps, rtt :39.34ms cwnd: 226.0 lossRate: 0.0005451288840432988 CC:13 score:-592.0 
1664855012.134370 -- INFO: Throughput @44.1s:905.97Mbps, rtt :39.53ms cwnd: 262.2 lossRate: 0.000740905386382159 CC:13 score:-694.0 
1664855012.982345 -- INFO: Gradient: -8.0, Gredient Change: 0.01415929203539823, Theta: 1, Previous CC: 12, Choosen CC: 13
1664855012.982500 -- INFO: Changing concurrency to 12 ******
1664855012.984908 -- INFO: Process Status Bits from change concurrency are: 1 1 1 1 1 1 1 1 1 1 1 1 0 0 0 0 0 0 0 0 0 0 0 0 0 0 0 0 0 0 0 0
1664855012.987744 -- INFO: Active CC: 12
1664855013.134804 -- INFO: Throughput @45.1s:939.52Mbps, rtt :39.46ms cwnd: 246.5 lossRate: 0.0005808995291005945 CC:12 score:-735.0 
1664855014.135679 -- INFO: Throughput @46.1s:897.58Mbps, rtt :39.37ms cwnd: 279.5 lossRate: 0 CC:12 score:-708.0 
1664855015.133744 -- INFO: Throughput @47.1s:922.75Mbps, rtt :39.39ms cwnd: 284.8 lossRate: 0.00012684238565158933 CC:12 score:-726.0 
1664855016.136640 -- INFO: Throughput @48.1s:897.58Mbps, rtt :39.34ms cwnd: 272.3 lossRate: 0.00033618226250662665 CC:12 score:-705.0 
1664855016.188865 -- INFO: Changing concurrency to 14 ******
1664855016.190364 -- INFO: Start Process :: 13
1664855016.190548 -- INFO: Start Process :: 12
1664855016.192156 -- INFO: Process Status Bits from change concurrency are: 1 1 1 1 1 1 1 1 1 1 1 1 1 1 0 0 0 0 0 0 0 0 0 0 0 0 0 0 0 0 0 0
1664855016.195395 -- INFO: Active CC: 14
1664855016.230110 -- INFO: Process 13 get item 20 from queue and executing
1664855016.230210 -- INFO: Process 12 get item 21 from queue and executing
1664855016.230752 -- INFO: starting 12, 21, /users/jamilm/files_to_Send/FILE1
1664855016.230942 -- INFO: starting 13, 20, /users/jamilm/files_to_Send/FILE2
1664855017.136266 -- INFO: Throughput @49.1s:746.59Mbps, rtt :38.99ms cwnd: 194.6 lossRate: 0.0014294300147816058 CC:14 score:-555.0 
1664855018.137312 -- INFO: Throughput @50.1s:914.36Mbps, rtt :39.6ms cwnd: 245.9 lossRate: 0.00025206377213435 CC:14 score:-691.0 
1664855019.139044 -- INFO: Throughput @51.1s:838.86Mbps, rtt :38.76ms cwnd: 135.4 lossRate: 0.001093274287295876 CC:14 score:-627.0 
1664855019.396349 -- INFO: Gradient: 44.333333333333314, Gredient Change: 0.062178588125292165, Theta: -1, Previous CC: 13, Choosen CC: 12
1664855019.396475 -- INFO: Changing concurrency to 11 ******
1664855019.398777 -- INFO: Process Status Bits from change concurrency are: 1 1 1 1 1 1 1 1 1 1 1 0 0 0 0 0 0 0 0 0 0 0 0 0 0 0 0 0 0 0 0 0
1664855019.400733 -- INFO: Active CC: 11
1664855020.142853 -- INFO: Throughput @52.1s:377.49Mbps, rtt :38.92ms cwnd: 76.0 lossRate: 0 CC:11 score:-304.0 
1664855021.137652 -- INFO: Throughput @53.1s:251.66Mbps, rtt :38.8ms cwnd: 72.9 lossRate: 0.000723030945724477 CC:11 score:-201.0 
1664855022.140268 -- INFO: Throughput @54.1s:234.88Mbps, rtt :38.76ms cwnd: 72.5 lossRate: 0.0006672703874934465 CC:11 score:-187.0 
1664855022.601845 -- INFO: Changing concurrency to 13 ******
1664855022.604059 -- INFO: Start Process :: 11
1664855022.604714 -- INFO: Start Process :: 12
1664855022.605190 -- INFO: Process Status Bits from change concurrency are: 1 1 1 1 1 1 1 1 1 1 1 1 1 0 0 0 0 0 0 0 0 0 0 0 0 0 0 0 0 0 0 0
1664855022.607686 -- INFO: Active CC: 13
1664855022.643599 -- INFO: Process 11 get item 22 from queue and executing
1664855022.644009 -- INFO: starting 11, 22, /users/jamilm/files_to_Send/FILE0
1664855022.644584 -- INFO: Process 12 get item 23 from queue and executing
1664855022.645022 -- INFO: starting 12, 23, /users/jamilm/files_to_Send/FILE3
1664855023.144500 -- INFO: Throughput @55.1s:335.54Mbps, rtt :39.07ms cwnd: 130.6 lossRate: 0.00018094307530850794 CC:13 score:-259.0 
1664855024.145959 -- INFO: Throughput @56.1s:578.81Mbps, rtt :39.04ms cwnd: 201.5 lossRate: 0.0004495348291767649 CC:13 score:-445.0 
1664855025.145975 -- INFO: Throughput @57.1s:897.58Mbps, rtt :39.4ms cwnd: 266.6 lossRate: 0.0001285793270158024 CC:13 score:-693.0 
1664855025.808657 -- INFO: Gradient: -117.50000000000001, Gredient Change: 0.5093930635838151, Theta: 1, Previous CC: 12, Choosen CC: 16
1664855025.808797 -- INFO: Changing concurrency to 15 ******
1664855025.811572 -- INFO: Process Status Bits from change concurrency are: 1 1 1 1 1 1 1 1 1 1 1 1 1 1 1 0 0 0 0 0 0 0 0 0 0 0 0 0 0 0 0 0
1664855025.811484 -- INFO: Start Process :: 13
1664855025.814184 -- INFO: Active CC: 15
1664855025.814706 -- INFO: Start Process :: 14
1664855025.851343 -- INFO: Process 13 get item 24 from queue and executing
1664855025.851722 -- INFO: starting 13, 24, /users/jamilm/files_to_Send/FILE2
1664855025.854946 -- INFO: Process 14 get item 25 from queue and executing
1664855025.855410 -- INFO: starting 14, 25, /users/jamilm/files_to_Send/FILE1
1664855026.147305 -- INFO: Throughput @58.1s:864.03Mbps, rtt :39.08ms cwnd: 209.4 lossRate: 0.0013244667641621368 CC:15 score:-631.0 
1664855027.147667 -- INFO: Throughput @59.1s:956.3Mbps, rtt :40.16ms cwnd: 224.6 lossRate: 0.0007015643654534936 CC:15 score:-704.0 
1664855028.151252 -- INFO: Throughput @60.1s:931.14Mbps, rtt :39.43ms cwnd: 207.5 lossRate: 0.0008417821022270089 CC:15 score:-684.0 
1664855029.015330 -- INFO: Changing concurrency to 17 ******
1664855029.017173 -- INFO: Process Status Bits from change concurrency are: 1 1 1 1 1 1 1 1 1 1 1 1 1 1 1 1 1 0 0 0 0 0 0 0 0 0 0 0 0 0 0 0
1664855029.018583 -- INFO: Active CC: 17
1664855029.021257 -- INFO: Start Process :: 16
1664855029.021802 -- INFO: Start Process :: 15
1664855029.061653 -- INFO: Process 16 get item 26 from queue and executing
1664855029.062147 -- INFO: starting 16, 26, /users/jamilm/files_to_Send/FILE0
1664855029.062308 -- INFO: Process 15 get item 27 from queue and executing
1664855029.062972 -- INFO: starting 15, 27, /users/jamilm/files_to_Send/FILE3
1664855029.149374 -- INFO: Throughput @61.1s:897.58Mbps, rtt :39.28ms cwnd: 182.6 lossRate: 0.0004011387163561077 CC:17 score:-637.0 
1664855030.150136 -- INFO: Throughput @62.1s:973.08Mbps, rtt :39.76ms cwnd: 205.4 lossRate: 0.0006020765497327517 CC:17 score:-689.0 
1664855031.149398 -- INFO: Throughput @63.1s:914.36Mbps, rtt :38.95ms cwnd: 169.9 lossRate: 0.0009785108843450966 CC:17 score:-644.0 
1664855032.152063 -- INFO: Throughput @64.1s:847.25Mbps, rtt :39.18ms cwnd: 178.5 lossRate: 0.00010708644553315664 CC:17 score:-604.0 
1664855032.219526 -- INFO: Gradient: 13.666666666666686, Gredient Change: 0.020307082714214986, Theta: -1, Previous CC: 16, Choosen CC: 15
1664855032.219677 -- INFO: Changing concurrency to 14 ******
1664855032.221406 -- INFO: Process Status Bits from change concurrency are: 1 1 1 1 1 1 1 1 1 1 1 1 1 1 0 0 0 0 0 0 0 0 0 0 0 0 0 0 0 0 0 0
1664855032.222941 -- INFO: Active CC: 14
1664855033.155254 -- INFO: Throughput @65.1s:603.98Mbps, rtt :38.78ms cwnd: 120.4 lossRate: 0 CC:14 score:-458.0 
1664855034.155941 -- INFO: Throughput @66.1s:511.71Mbps, rtt :39.04ms cwnd: 122.2 lossRate: 0.00032296761096244346 CC:14 score:-386.0 
1664855035.156435 -- INFO: Throughput @67.1s:511.71Mbps, rtt :38.69ms cwnd: 114.1 lossRate: 0.0005109031374097211 CC:14 score:-385.0 
1664855035.423895 -- INFO: Changing concurrency to 16 ******
1664855035.425404 -- INFO: Start Process :: 14
1664855035.425576 -- INFO: Start Process :: 15
1664855035.426285 -- INFO: Process Status Bits from change concurrency are: 1 1 1 1 1 1 1 1 1 1 1 1 1 1 1 1 0 0 0 0 0 0 0 0 0 0 0 0 0 0 0 0
1664855035.427881 -- INFO: Active CC: 16
1664855035.464857 -- INFO: Process 14 get item 28 from queue and executing
1664855035.465011 -- INFO: Process 15 get item 29 from queue and executing
1664855035.465434 -- INFO: starting 14, 28, /users/jamilm/files_to_Send/FILE2
1664855035.465550 -- INFO: starting 15, 29, /users/jamilm/files_to_Send/FILE1
1664855036.155887 -- INFO: Throughput @68.1s:486.54Mbps, rtt :38.81ms cwnd: 111.6 lossRate: 0.000693166336018357 CC:16 score:-351.0 
1664855037.157768 -- INFO: Throughput @69.1s:578.81Mbps, rtt :39.16ms cwnd: 136.8 lossRate: 0.0004555447721285825 CC:16 score:-419.0 
1664855038.158200 -- INFO: Throughput @70.1s:612.37Mbps, rtt :38.91ms cwnd: 118.4 lossRate: 0.0012434864992894362 CC:16 score:-438.0 
1664855038.628877 -- INFO: Gradient: 3.5, Gredient Change: 0.00854353132628153, Theta: -2, Previous CC: 15, Choosen CC: 13
1664855038.629016 -- INFO: Changing concurrency to 12 ******
1664855038.631502 -- INFO: Process Status Bits from change concurrency are: 1 1 1 1 1 1 1 1 1 1 1 1 0 0 0 0 0 0 0 0 0 0 0 0 0 0 0 0 0 0 0 0
1664855038.633629 -- INFO: Active CC: 12
1664855039.161717 -- INFO: Throughput @71.1s:452.98Mbps, rtt :38.92ms cwnd: 81.5 lossRate: 0 CC:12 score:-357.0 
1664855040.159570 -- INFO: Throughput @72.1s:276.82Mbps, rtt :38.69ms cwnd: 80.6 lossRate: 0 CC:12 score:-218.0 
1664855041.162806 -- INFO: Throughput @73.1s:285.21Mbps, rtt :38.71ms cwnd: 79.1 lossRate: 0.000620706778118017 CC:12 score:-223.0 
1664855041.834698 -- INFO: Changing concurrency to 14 ******
1664855041.836836 -- INFO: Start Process :: 13
1664855041.836945 -- INFO: Start Process :: 12
1664855041.837396 -- INFO: Process Status Bits from change concurrency are: 1 1 1 1 1 1 1 1 1 1 1 1 1 1 0 0 0 0 0 0 0 0 0 0 0 0 0 0 0 0 0 0
1664855041.841067 -- INFO: Active CC: 14
1664855041.876655 -- INFO: Process 13 get item 30 from queue and executing
1664855041.877033 -- INFO: Process 12 get item 31 from queue and executing
1664855041.877305 -- INFO: starting 13, 30, /users/jamilm/files_to_Send/FILE0
1664855041.877593 -- INFO: starting 12, 31, /users/jamilm/files_to_Send/FILE3
1664855042.163639 -- INFO: Throughput @74.1s:310.38Mbps, rtt :38.81ms cwnd: 84.1 lossRate: 0.0005874290189935383 CC:14 score:-233.0 
1664855043.164550 -- INFO: Throughput @75.1s:377.49Mbps, rtt :38.8ms cwnd: 110.1 lossRate: 0.00023356982277889697 CC:14 score:-285.0 
1664855044.165847 -- INFO: Throughput @76.1s:411.04Mbps, rtt :38.66ms cwnd: 99.5 lossRate: 0.0009025016216826014 CC:14 score:-308.0 
1664855045.042013 -- INFO: Gradient: -4.666666666666657, Gredient Change: 0.01754385964912277, Theta: 1, Previous CC: 13, Choosen CC: 14
1664855045.042153 -- INFO: Changing concurrency to 13 ******
1664855045.045644 -- INFO: Process Status Bits from change concurrency are: 1 1 1 1 1 1 1 1 1 1 1 1 1 0 0 0 0 0 0 0 0 0 0 0 0 0 0 0 0 0 0 0
1664855045.048821 -- INFO: Active CC: 13
1664855045.166987 -- INFO: Throughput @77.1s:436.21Mbps, rtt :38.7ms cwnd: 105.4 lossRate: 0.00033108928374351616 CC:13 score:-336.0 
1664855046.166821 -- INFO: Throughput @78.1s:360.71Mbps, rtt :38.73ms cwnd: 92.4 lossRate: 0.0 CC:13 score:-279.0 
1664855047.166747 -- INFO: Throughput @79.1s:352.32Mbps, rtt :38.68ms cwnd: 98.8 lossRate: 0.00018784046083526393 CC:13 score:-272.0 
1664855048.169485 -- INFO: Throughput @80.1s:411.04Mbps, rtt :38.68ms cwnd: 106.0 lossRate: 0.00023318176518596245 CC:13 score:-317.0 
1664855048.249744 -- INFO: Changing concurrency to 15 ******
1664855048.252767 -- INFO: Process Status Bits from change concurrency are: 1 1 1 1 1 1 1 1 1 1 1 1 1 1 1 0 0 0 0 0 0 0 0 0 0 0 0 0 0 0 0 0
1664855048.252768 -- INFO: Start Process :: 14
1664855048.252917 -- INFO: Start Process :: 13
1664855048.255075 -- INFO: Active CC: 15
1664855048.292456 -- INFO: Process 14 get item 6 from queue and executing
1664855048.292561 -- INFO: Process 13 get item 7 from queue and executing
1664855048.292987 -- INFO: starting 13, 7, /users/jamilm/files_to_Send/FILE3
1664855048.293057 -- INFO: starting 14, 6, /users/jamilm/files_to_Send/FILE0
1664855049.170259 -- INFO: Throughput @81.1s:587.2Mbps, rtt :39.32ms cwnd: 160.4 lossRate: 0.0002477905344015859 CC:15 score:-435.0 
1664855050.171614 -- INFO: Throughput @82.1s:864.03Mbps, rtt :40.17ms cwnd: 237.9 lossRate: 0.00011747353582290211 CC:15 score:-641.0 
1664855051.171524 -- INFO: Throughput @83.1s:947.91Mbps, rtt :39.65ms cwnd: 231.1 lossRate: 0.000492507726214955 CC:15 score:-700.0 
1664855051.456197 -- INFO: Gradient: -151.33333333333334, Gredient Change: 0.523041474654378, Theta: 2, Previous CC: 14, Choosen CC: 16
1664855051.456326 -- INFO: Changing concurrency to 15 ******
1664855051.458639 -- INFO: Process Status Bits from change concurrency are: 1 1 1 1 1 1 1 1 1 1 1 1 1 1 1 0 0 0 0 0 0 0 0 0 0 0 0 0 0 0 0 0
1664855051.460785 -- INFO: Active CC: 15
1664855052.172536 -- INFO: Throughput @84.1s:939.52Mbps, rtt :39.49ms cwnd: 226.7 lossRate: 0.00031928088121523215 CC:15 score:-695.0 
1664855053.173778 -- INFO: Throughput @85.1s:931.14Mbps, rtt :39.05ms cwnd: 188.7 lossRate: 0.0012466943709860219 CC:15 score:-680.0 
1664855054.177119 -- INFO: Throughput @86.1s:805.31Mbps, rtt :39.1ms cwnd: 181.5 lossRate: 0.00044591484464902184 CC:15 score:-595.0 
1664855054.661831 -- INFO: Changing concurrency to 17 ******
1664855054.663490 -- INFO: Process Status Bits from change concurrency are: 1 1 1 1 1 1 1 1 1 1 1 1 1 1 1 1 1 0 0 0 0 0 0 0 0 0 0 0 0 0 0 0
1664855054.664053 -- INFO: Start Process :: 16
1664855054.664237 -- INFO: Start Process :: 15
1664855054.665859 -- INFO: Active CC: 17
1664855054.703949 -- INFO: Process 16 get item 4 from queue and executing
1664855054.704098 -- INFO: Process 15 get item 9 from queue and executing
1664855054.704535 -- INFO: starting 16, 4, /users/jamilm/files_to_Send/FILE2
1664855054.704656 -- INFO: starting 15, 9, /users/jamilm/files_to_Send/FILE1
1664855055.175378 -- INFO: Throughput @87.1s:847.25Mbps, rtt :39.28ms cwnd: 190.5 lossRate: 0.00043656207366984994 CC:17 score:-601.0 
1664855056.176586 -- INFO: Throughput @88.1s:956.3Mbps, rtt :40.61ms cwnd: 218.3 lossRate: 0.00031926911930841396 CC:17 score:-680.0 
1664855057.175131 -- INFO: Throughput @89.1s:939.52Mbps, rtt :40.38ms cwnd: 209.6 lossRate: 0.00024605996481342503 CC:17 score:-669.0 
1664855057.866913 -- INFO: Gradient: 3.3333333333333144, Gredient Change: 0.005076142131979667, Theta: -1, Previous CC: 16, Choosen CC: 15
1664855057.867048 -- INFO: Changing concurrency to 14 ******
1664855057.868521 -- INFO: Process Status Bits from change concurrency are: 1 1 1 1 1 1 1 1 1 1 1 1 1 1 0 0 0 0 0 0 0 0 0 0 0 0 0 0 0 0 0 0
1664855057.869980 -- INFO: Active CC: 14
1664855058.178024 -- INFO: Throughput @90.1s:864.03Mbps, rtt :38.76ms cwnd: 142.6 lossRate: 0 CC:14 score:-655.0 
1664855059.181313 -- INFO: Throughput @91.1s:578.81Mbps, rtt :38.74ms cwnd: 133.6 lossRate: 0.0006133876808009656 CC:14 score:-435.0 
1664855060.181385 -- INFO: Throughput @92.1s:578.81Mbps, rtt :38.82ms cwnd: 139.4 lossRate: 0.0002013612017236519 CC:14 score:-438.0 
1664855061.070992 -- INFO: Changing concurrency to 16 ******
1664855061.073736 -- INFO: Start Process :: 14
1664855061.074594 -- INFO: Process Status Bits from change concurrency are: 1 1 1 1 1 1 1 1 1 1 1 1 1 1 1 1 0 0 0 0 0 0 0 0 0 0 0 0 0 0 0 0
1664855061.074361 -- INFO: Start Process :: 15
1664855061.076714 -- INFO: Active CC: 16
1664855061.113140 -- INFO: Process 14 get item 17 from queue and executing
1664855061.113397 -- INFO: starting 14, 17, /users/jamilm/files_to_Send/FILE1
1664855061.114139 -- INFO: Process 15 get item 15 from queue and executing
1664855061.114632 -- INFO: starting 15, 15, /users/jamilm/files_to_Send/FILE3
1664855061.181804 -- INFO: Throughput @93.1s:570.43Mbps, rtt :38.73ms cwnd: 124.5 lossRate: 0.00012174830566941277 CC:16 score:-415.0 
1664855062.182700 -- INFO: Throughput @94.1s:897.58Mbps, rtt :40.47ms cwnd: 222.6 lossRate: 0.0003296804736849046 CC:16 score:-651.0 
1664855063.182826 -- INFO: Throughput @95.1s:939.52Mbps, rtt :40.36ms cwnd: 219.8 lossRate: 0.00031951630147591953 CC:16 score:-681.0 
1664855064.184691 -- INFO: Throughput @96.1s:931.14Mbps, rtt :39.01ms cwnd: 189.7 lossRate: 0.0009414329600634228 CC:16 score:-670.0 
1664855064.277811 -- INFO: Gradient: -79.00000000000003, Gredient Change: 0.1551047120418849, Theta: 1, Previous CC: 15, Choosen CC: 16
1664855064.277944 -- INFO: Changing concurrency to 15 ******
1664855064.280076 -- INFO: Process Status Bits from change concurrency are: 1 1 1 1 1 1 1 1 1 1 1 1 1 1 1 0 0 0 0 0 0 0 0 0 0 0 0 0 0 0 0 0
1664855064.281973 -- INFO: Active CC: 15
1664855065.187651 -- INFO: Throughput @97.1s:738.2Mbps, rtt :38.83ms cwnd: 162.6 lossRate: 0 CC:15 score:-548.0 
1664855066.187989 -- INFO: Throughput @98.1s:696.25Mbps, rtt :38.75ms cwnd: 140.8 lossRate: 0.0008942390369733448 CC:15 score:-511.0 
1664855067.188905 -- INFO: Throughput @99.1s:620.76Mbps, rtt :38.78ms cwnd: 138.2 lossRate: 0.00046530673019654556 CC:15 score:-458.0 
1664855067.482959 -- INFO: Changing concurrency to 17 ******
1664855067.485197 -- INFO: Process Status Bits from change concurrency are: 1 1 1 1 1 1 1 1 1 1 1 1 1 1 1 1 1 0 0 0 0 0 0 0 0 0 0 0 0 0 0 0
1664855067.484907 -- INFO: Start Process :: 15
1664855067.485085 -- INFO: Start Process :: 16
1664855067.487151 -- INFO: Active CC: 17
1664855067.524824 -- INFO: Process 15 get item 16 from queue and executing
1664855067.524909 -- INFO: Process 16 get item 19 from queue and executing
1664855067.525411 -- INFO: starting 15, 16, /users/jamilm/files_to_Send/FILE2
1664855067.525505 -- INFO: starting 16, 19, /users/jamilm/files_to_Send/FILE3
1664855068.187376 -- INFO: Throughput @100.1s:763.36Mbps, rtt :39.56ms cwnd: 195.4 lossRate: 0.0007670152150773277 CC:17 score:-539.0 
1664855069.186332 -- INFO: Throughput @101.2s:846.49Mbps, rtt :40.02ms cwnd: 194.4 lossRate: 0.0005772041214830462 CC:17 score:-600.0 
1664855070.189696 -- INFO: Throughput @102.2s:956.3Mbps, rtt :39.59ms cwnd: 200.2 lossRate: 0.0002948366727681478 CC:17 score:-680.0 
1664855070.688086 -- INFO: Gradient: -50.33333333333334, Gredient Change: 0.09953856295319712, Theta: 2, Previous CC: 16, Choosen CC: 16
1664855070.688216 -- INFO: Changing concurrency to 15 ******
1664855070.689948 -- INFO: Process Status Bits from change concurrency are: 1 1 1 1 1 1 1 1 1 1 1 1 1 1 1 0 0 0 0 0 0 0 0 0 0 0 0 0 0 0 0 0
1664855070.691412 -- INFO: Active CC: 15
1664855071.192981 -- INFO: Throughput @103.2s:696.25Mbps, rtt :38.81ms cwnd: 95.3 lossRate: 0 CC:15 score:-517.0 
1664855072.191927 -- INFO: Throughput @104.2s:444.6Mbps, rtt :38.79ms cwnd: 97.9 lossRate: 0.0003163305654408857 CC:15 score:-329.0 
1664855073.194113 -- INFO: Throughput @105.2s:419.43Mbps, rtt :38.83ms cwnd: 96.7 lossRate: 0.0003541462351531001 CC:15 score:-310.0 
1664855073.892479 -- INFO: Changing concurrency to 17 ******
1664855073.894157 -- INFO: Process Status Bits from change concurrency are: 1 1 1 1 1 1 1 1 1 1 1 1 1 1 1 1 1 0 0 0 0 0 0 0 0 0 0 0 0 0 0 0
1664855073.894160 -- INFO: Start Process :: 15
1664855073.894293 -- INFO: Start Process :: 16
1664855073.896149 -- INFO: Active CC: 17
1664855073.934081 -- INFO: Process 15 get item 20 from queue and executing
1664855073.934182 -- INFO: Process 16 get item 18 from queue and executing
1664855073.934536 -- INFO: starting 15, 20, /users/jamilm/files_to_Send/FILE2
1664855073.934746 -- INFO: starting 16, 18, /users/jamilm/files_to_Send/FILE0
1664855074.192954 -- INFO: Throughput @106.2s:494.93Mbps, rtt :39.15ms cwnd: 150.6 lossRate: 0.0006665982976105015 CC:17 score:-350.0 
1664855075.193782 -- INFO: Throughput @107.2s:746.59Mbps, rtt :38.91ms cwnd: 154.5 lossRate: 0.001432258642039775 CC:17 score:-522.0 
1664855076.196380 -- INFO: Throughput @108.2s:746.59Mbps, rtt :39.09ms cwnd: 145.7 lossRate: 0.0006382117617757853 CC:17 score:-528.0 
1664855077.097237 -- INFO: Gradient: -40.666666666666686, Gredient Change: 0.10553633217993084, Theta: 3, Previous CC: 16, Choosen CC: 16
1664855077.097378 -- INFO: Changing concurrency to 15 ******
1664855077.098767 -- INFO: Process Status Bits from change concurrency are: 1 1 1 1 1 1 1 1 1 1 1 1 1 1 1 0 0 0 0 0 0 0 0 0 0 0 0 0 0 0 0 0
1664855077.100664 -- INFO: Active CC: 15
1664855077.197551 -- INFO: Throughput @109.2s:679.48Mbps, rtt :39.01ms cwnd: 133.5 lossRate: 0.000695717097671893 CC:15 score:-500.0 
1664855078.198396 -- INFO: Throughput @110.2s:411.04Mbps, rtt :38.96ms cwnd: 81.1 lossRate: 0 CC:15 score:-305.0 
1664855079.198596 -- INFO: Throughput @111.2s:369.1Mbps, rtt :38.79ms cwnd: 80.3 lossRate: 0.0005299747482619946 CC:15 score:-272.0 
1664855080.199779 -- INFO: Throughput @112.2s:335.54Mbps, rtt :38.82ms cwnd: 82.7 lossRate: 0.0004080735788052861 CC:15 score:-248.0 
1664855080.301656 -- INFO: Changing concurrency to 17 ******
1664855080.303776 -- INFO: Start Process :: 16
1664855080.303893 -- INFO: Process Status Bits from change concurrency are: 1 1 1 1 1 1 1 1 1 1 1 1 1 1 1 1 1 0 0 0 0 0 0 0 0 0 0 0 0 0 0 0
1664855080.303890 -- INFO: Start Process :: 15
1664855080.306931 -- INFO: Active CC: 17
1664855080.343302 -- INFO: Process 16 get item 21 from queue and executing
1664855080.343395 -- INFO: Process 15 get item 25 from queue and executing
1664855080.343747 -- INFO: starting 15, 25, /users/jamilm/files_to_Send/FILE1
1664855080.343783 -- INFO: starting 16, 21, /users/jamilm/files_to_Send/FILE1
1664855081.201300 -- INFO: Throughput @113.2s:578.81Mbps, rtt :39.12ms cwnd: 147.5 lossRate: 0.00048120174906374875 CC:17 score:-411.0 
1664855082.201750 -- INFO: Throughput @114.2s:822.08Mbps, rtt :39.16ms cwnd: 162.8 lossRate: 0.0011036122076488815 CC:17 score:-578.0 
1664855083.203496 -- INFO: Throughput @115.2s:822.08Mbps, rtt :39.18ms cwnd: 172.2 lossRate: 0.00029234474405913716 CC:17 score:-585.0 
1664855083.507870 -- INFO: Gradient: -124.83333333333331, Gredient Change: 0.45393939393939386, Theta: 4, Previous CC: 16, Choosen CC: 16
1664855083.508004 -- INFO: Changing concurrency to 15 ******
1664855083.509617 -- INFO: Process Status Bits from change concurrency are: 1 1 1 1 1 1 1 1 1 1 1 1 1 1 1 0 0 0 0 0 0 0 0 0 0 0 0 0 0 0 0 0
1664855083.511538 -- INFO: Active CC: 15
1664855084.204509 -- INFO: Throughput @116.2s:536.87Mbps, rtt :38.82ms cwnd: 71.3 lossRate: 0 CC:15 score:-399.0 
1664855085.205415 -- INFO: Throughput @117.2s:352.32Mbps, rtt :38.97ms cwnd: 72.4 lossRate: 0.0005549967047070658 CC:15 score:-260.0 
1664855086.206845 -- INFO: Throughput @118.2s:318.77Mbps, rtt :38.94ms cwnd: 70.7 lossRate: 0.0005857625249810488 CC:15 score:-235.0 
1664855086.712426 -- INFO: Changing concurrency to 17 ******
1664855086.714374 -- INFO: Start Process :: 15
1664855086.714411 -- INFO: Start Process :: 16
1664855086.714776 -- INFO: Process Status Bits from change concurrency are: 1 1 1 1 1 1 1 1 1 1 1 1 1 1 1 1 1 0 0 0 0 0 0 0 0 0 0 0 0 0 0 0
1664855086.716975 -- INFO: Active CC: 17
1664855086.753803 -- INFO: Process 15 get item 27 from queue and executing
1664855086.754140 -- INFO: Process 16 get item 26 from queue and executing
1664855086.754209 -- INFO: starting 15, 27, /users/jamilm/files_to_Send/FILE3
1664855086.754586 -- INFO: starting 16, 26, /users/jamilm/files_to_Send/FILE0
1664855087.206218 -- INFO: Throughput @119.2s:427.82Mbps, rtt :38.98ms cwnd: 152.2 lossRate: 0.0002724647158193014 CC:17 score:-304.0 
1664855088.208048 -- INFO: Throughput @120.2s:889.19Mbps, rtt :39.4ms cwnd: 204.1 lossRate: 0.0002660214590643645 CC:17 score:-633.0 
1664855089.206883 -- INFO: Throughput @121.2s:956.3Mbps, rtt :39.49ms cwnd: 185.3 lossRate: 0.000418848167539267 CC:17 score:-679.0 
1664855089.917874 -- INFO: Gradient: -120.33333333333331, Gredient Change: 0.4038031319910514, Theta: 5, Previous CC: 16, Choosen CC: 16
1664855089.918001 -- INFO: Changing concurrency to 15 ******
1664855089.920011 -- INFO: Process Status Bits from change concurrency are: 1 1 1 1 1 1 1 1 1 1 1 1 1 1 1 0 0 0 0 0 0 0 0 0 0 0 0 0 0 0 0 0
1664855089.921435 -- INFO: Active CC: 15
1664855090.210071 -- INFO: Throughput @122.2s:729.81Mbps, rtt :38.69ms cwnd: 79.0 lossRate: 0 CC:15 score:-542.0 
1664855091.212630 -- INFO: Throughput @123.2s:343.93Mbps, rtt :38.67ms cwnd: 82.7 lossRate: 0.0004890134967725109 CC:15 score:-254.0 
1664855092.215059 -- INFO: Throughput @124.2s:352.32Mbps, rtt :38.8ms cwnd: 81.7 lossRate: 0.0007136138051834312 CC:15 score:-259.0 
1664855093.122442 -- INFO: Changing concurrency to 17 ******
1664855093.124656 -- INFO: Start Process :: 16
1664855093.125389 -- INFO: Process Status Bits from change concurrency are: 1 1 1 1 1 1 1 1 1 1 1 1 1 1 1 1 1 0 0 0 0 0 0 0 0 0 0 0 0 0 0 0
1664855093.125168 -- INFO: Start Process :: 15
1664855093.127279 -- INFO: Active CC: 17
1664855093.164049 -- INFO: Process 16 get item 23 from queue and executing
1664855093.164443 -- INFO: starting 16, 23, /users/jamilm/files_to_Send/FILE3
1664855093.164883 -- INFO: Process 15 get item 29 from queue and executing
1664855093.165352 -- INFO: starting 15, 29, /users/jamilm/files_to_Send/FILE1
1664855093.213260 -- INFO: Throughput @125.2s:377.49Mbps, rtt :38.68ms cwnd: 74.8 lossRate: 0.0005316653635652854 CC:17 score:-268.0 
1664855094.213298 -- INFO: Throughput @126.2s:754.97Mbps, rtt :39.52ms cwnd: 193.8 lossRate: 0.0006057485537753278 CC:17 score:-535.0 
1664855095.215762 -- INFO: Throughput @127.2s:964.69Mbps, rtt :39.72ms cwnd: 205.5 lossRate: 0.0002579250543484936 CC:17 score:-686.0 
1664855096.216918 -- INFO: Throughput @128.2s:939.52Mbps, rtt :39.63ms cwnd: 207.8 lossRate: 0.0005037040677174834 CC:17 score:-666.0 
1664855096.328138 -- INFO: Gradient: -138.66666666666666, Gredient Change: 0.39431279620853077, Theta: 6, Previous CC: 16, Choosen CC: 16
1664855096.328264 -- INFO: Changing concurrency to 15 ******
1664855096.330237 -- INFO: Process Status Bits from change concurrency are: 1 1 1 1 1 1 1 1 1 1 1 1 1 1 1 0 0 0 0 0 0 0 0 0 0 0 0 0 0 0 0 0
1664855096.332412 -- INFO: Active CC: 15
1664855097.219264 -- INFO: Throughput @129.2s:461.37Mbps, rtt :38.83ms cwnd: 84.1 lossRate: 0 CC:15 score:-343.0 
1664855098.219770 -- INFO: Throughput @130.2s:360.71Mbps, rtt :38.79ms cwnd: 86.0 lossRate: 0.0005566034818640033 CC:15 score:-266.0 
1664855099.220428 -- INFO: Throughput @131.2s:385.88Mbps, rtt :38.65ms cwnd: 91.3 lossRate: 0.000297000297000297 CC:15 score:-286.0 
1664855099.533345 -- INFO: Changing concurrency to 17 ******
1664855099.535135 -- INFO: Start Process :: 15
1664855099.536009 -- INFO: Process Status Bits from change concurrency are: 1 1 1 1 1 1 1 1 1 1 1 1 1 1 1 1 1 0 0 0 0 0 0 0 0 0 0 0 0 0 0 0
1664855099.536331 -- INFO: Start Process :: 16
1664855099.538099 -- INFO: Active CC: 17
1664855099.574663 -- INFO: Process 15 get item 28 from queue and executing
1664855099.575050 -- INFO: starting 15, 28, /users/jamilm/files_to_Send/FILE2
1664855099.576153 -- INFO: Process 16 get item 24 from queue and executing
1664855099.576649 -- INFO: starting 16, 24, /users/jamilm/files_to_Send/FILE2
1664855100.220543 -- INFO: Throughput @132.2s:545.26Mbps, rtt :38.86ms cwnd: 131.9 lossRate: 0.0006086564472497746 CC:17 score:-386.0 
1664855101.219805 -- INFO: Throughput @133.2s:771.75Mbps, rtt :38.78ms cwnd: 143.5 lossRate: 0.0010801107493838805 CC:17 score:-543.0 
1664855102.219958 -- INFO: Throughput @134.2s:679.48Mbps, rtt :38.77ms cwnd: 139.4 lossRate: 0.00041100845033373887 CC:17 score:-482.0 
1664855102.739066 -- INFO: Gradient: -86.0, Gredient Change: 0.28826815642458103, Theta: 7, Previous CC: 16, Choosen CC: 16
1664855102.739195 -- INFO: Changing concurrency to 15 ******
1664855102.740758 -- INFO: Process Status Bits from change concurrency are: 1 1 1 1 1 1 1 1 1 1 1 1 1 1 1 0 0 0 0 0 0 0 0 0 0 0 0 0 0 0 0 0
1664855102.744276 -- INFO: Active CC: 15
1664855103.223961 -- INFO: Throughput @135.2s:603.98Mbps, rtt :38.72ms cwnd: 99.1 lossRate: 0 CC:15 score:-449.0 
1664855104.225068 -- INFO: Throughput @136.2s:436.21Mbps, rtt :38.85ms cwnd: 103.1 lossRate: 0.00028813159755873953 CC:15 score:-323.0 
1664855105.226306 -- INFO: Throughput @137.2s:444.6Mbps, rtt :38.77ms cwnd: 95.5 lossRate: 0.0006927237364452615 CC:15 score:-327.0 
1664855105.945167 -- INFO: Changing concurrency to 17 ******
1664855105.947379 -- INFO: Start Process :: 15
1664855105.947697 -- INFO: Process Status Bits from change concurrency are: 1 1 1 1 1 1 1 1 1 1 1 1 1 1 1 1 1 0 0 0 0 0 0 0 0 0 0 0 0 0 0 0
1664855105.947517 -- INFO: Start Process :: 16
1664855105.949543 -- INFO: Active CC: 17
1664855105.986959 -- INFO: Process 15 get item 30 from queue and executing
1664855105.987373 -- INFO: starting 15, 30, /users/jamilm/files_to_Send/FILE0
1664855105.987412 -- INFO: Process 16 get item 4 from queue and executing
1664855105.987974 -- INFO: starting 16, 4, /users/jamilm/files_to_Send/FILE2
1664855106.225708 -- INFO: Throughput @138.2s:478.15Mbps, rtt :38.92ms cwnd: 129.9 lossRate: 0.00024876859545251007 CC:17 score:-340.0 
1664855107.226459 -- INFO: Throughput @139.2s:788.53Mbps, rtt :39.43ms cwnd: 177.7 lossRate: 0.00042519500322561727 CC:17 score:-560.0 
1664855108.228682 -- INFO: Throughput @140.2s:687.87Mbps, rtt :39.0ms cwnd: 132.9 lossRate: 0.0011629645628083933 CC:17 score:-483.0 
1664855109.150516 -- INFO: Gradient: -47.33333333333334, Gredient Change: 0.12920837124658785, Theta: 8, Previous CC: 16, Choosen CC: 16
1664855109.150646 -- INFO: Changing concurrency to 15 ******
1664855109.152952 -- INFO: Process Status Bits from change concurrency are: 1 1 1 1 1 1 1 1 1 1 1 1 1 1 1 0 0 0 0 0 0 0 0 0 0 0 0 0 0 0 0 0
1664855109.154614 -- INFO: Active CC: 15
1664855109.229703 -- INFO: Throughput @141.2s:687.87Mbps, rtt :38.7ms cwnd: 132.0 lossRate: 0.00039331030472998394 CC:15 score:-508.0 
1664855110.232799 -- INFO: Throughput @142.2s:486.54Mbps, rtt :38.72ms cwnd: 110.4 lossRate: 0 CC:15 score:-362.0 
1664855111.230670 -- INFO: Throughput @143.2s:486.54Mbps, rtt :38.66ms cwnd: 105.6 lossRate: 0.0005897240582843945 CC:15 score:-359.0 
1664855112.231233 -- INFO: Throughput @144.2s:427.82Mbps, rtt :38.83ms cwnd: 101.3 lossRate: 0.000592890469930142 CC:15 score:-315.0 
1664855112.355614 -- INFO: Changing concurrency to 17 ******
1664855112.357365 -- INFO: Start Process :: 15
1664855112.357533 -- INFO: Start Process :: 16
1664855112.358155 -- INFO: Process Status Bits from change concurrency are: 1 1 1 1 1 1 1 1 1 1 1 1 1 1 1 1 1 0 0 0 0 0 0 0 0 0 0 0 0 0 0 0
1664855112.361091 -- INFO: Active CC: 17
1664855112.396885 -- INFO: Process 15 get item 6 from queue and executing
1664855112.397086 -- INFO: Process 16 get item 9 from queue and executing
1664855112.397268 -- INFO: starting 15, 6, /users/jamilm/files_to_Send/FILE0
1664855112.397447 -- INFO: starting 16, 9, /users/jamilm/files_to_Send/FILE1
1664855113.233967 -- INFO: Throughput @145.2s:578.81Mbps, rtt :39.24ms cwnd: 124.9 lossRate: 0.0005565187611036195 CC:17 score:-410.0 
1664855114.231630 -- INFO: Throughput @146.2s:796.92Mbps, rtt :40.21ms cwnd: 209.9 lossRate: 0.0002562314054292588 CC:17 score:-567.0 
1664855115.233649 -- INFO: Throughput @147.2s:947.91Mbps, rtt :39.45ms cwnd: 202.3 lossRate: 0.0003315649867374005 CC:17 score:-674.0 
1664855115.562043 -- INFO: Gradient: -102.50000000000003, Gredient Change: 0.2968146718146719, Theta: 9, Previous CC: 16, Choosen CC: 16
1664855115.562190 -- INFO: Changing concurrency to 15 ******
1664855115.563888 -- INFO: Process Status Bits from change concurrency are: 1 1 1 1 1 1 1 1 1 1 1 1 1 1 1 0 0 0 0 0 0 0 0 0 0 0 0 0 0 0 0 0
1664855115.565814 -- INFO: Active CC: 15
1664855116.236269 -- INFO: Throughput @148.2s:612.37Mbps, rtt :38.82ms cwnd: 90.1 lossRate: 0 CC:15 score:-455.0 
1664855117.238654 -- INFO: Throughput @149.2s:394.26Mbps, rtt :38.73ms cwnd: 91.7 lossRate: 0.00043661766846165044 CC:15 score:-291.0 
1664855118.240587 -- INFO: Throughput @150.2s:419.43Mbps, rtt :38.79ms cwnd: 96.3 lossRate: 0.00032770768474520726 CC:15 score:-310.0 
1664855118.766870 -- INFO: Changing concurrency to 17 ******
1664855118.768682 -- INFO: Process Status Bits from change concurrency are: 1 1 1 1 1 1 1 1 1 1 1 1 1 1 1 1 1 0 0 0 0 0 0 0 0 0 0 0 0 0 0 0
1664855118.768937 -- INFO: Start Process :: 15
1664855118.769089 -- INFO: Start Process :: 16
1664855118.770320 -- INFO: Active CC: 17
1664855118.808699 -- INFO: Process 15 get item 15 from queue and executing
1664855118.808827 -- INFO: Process 16 get item 16 from queue and executing
1664855118.809160 -- INFO: starting 15, 15, /users/jamilm/files_to_Send/FILE3
1664855118.809351 -- INFO: starting 16, 16, /users/jamilm/files_to_Send/FILE2
1664855119.239415 -- INFO: Throughput @151.2s:520.09Mbps, rtt :39.56ms cwnd: 191.4 lossRate: 0.0005138631336714404 CC:17 score:-369.0 
1664855120.238987 -- INFO: Throughput @152.2s:956.3Mbps, rtt :40.24ms cwnd: 203.3 lossRate: 0.00036876782377814925 CC:17 score:-679.0 
1664855121.241992 -- INFO: Throughput @153.2s:914.36Mbps, rtt :39.16ms cwnd: 173.7 lossRate: 0.0006344211541389636 CC:17 score:-647.0 
1664855121.971228 -- INFO: Gradient: -106.5, Gredient Change: 0.3025568181818182, Theta: 10, Previous CC: 16, Choosen CC: 16
1664855121.971357 -- INFO: Changing concurrency to 15 ******
1664855121.973603 -- INFO: Process Status Bits from change concurrency are: 1 1 1 1 1 1 1 1 1 1 1 1 1 1 1 0 0 0 0 0 0 0 0 0 0 0 0 0 0 0 0 0
1664855121.975638 -- INFO: Active CC: 15
1664855122.242283 -- INFO: Throughput @154.2s:763.36Mbps, rtt :38.7ms cwnd: 92.4 lossRate: 0 CC:15 score:-567.0 
1664855123.245119 -- INFO: Throughput @155.2s:419.43Mbps, rtt :38.78ms cwnd: 95.1 lossRate: 0.0003861962428622659 CC:15 score:-310.0 
1664855124.245832 -- INFO: Throughput @156.2s:427.82Mbps, rtt :38.76ms cwnd: 95.7 lossRate: 0.000435279394961641 CC:15 score:-316.0 
1664855125.176564 -- INFO: Changing concurrency to 17 ******
1664855125.178790 -- INFO: Start Process :: 15
1664855125.178871 -- INFO: Start Process :: 16
1664855125.179713 -- INFO: Process Status Bits from change concurrency are: 1 1 1 1 1 1 1 1 1 1 1 1 1 1 1 1 1 0 0 0 0 0 0 0 0 0 0 0 0 0 0 0
1664855125.182000 -- INFO: Active CC: 17
1664855125.218308 -- INFO: Process 15 get item 19 from queue and executing
1664855125.218445 -- INFO: Process 16 get item 20 from queue and executing
1664855125.218689 -- INFO: starting 15, 19, /users/jamilm/files_to_Send/FILE3
1664855125.218813 -- INFO: starting 16, 20, /users/jamilm/files_to_Send/FILE2
1664855125.245003 -- INFO: Throughput @157.2s:411.04Mbps, rtt :38.67ms cwnd: 84.0 lossRate: 0.0005649877115172745 CC:17 score:-291.0 
1664855126.247906 -- INFO: Throughput @158.2s:679.48Mbps, rtt :39.13ms cwnd: 167.0 lossRate: 0.0004660717059950631 CC:17 score:-482.0 
1664855127.246474 -- INFO: Throughput @159.2s:914.36Mbps, rtt :39.46ms cwnd: 205.3 lossRate: 0.00028692972716725507 CC:17 score:-650.0 
1664855128.247897 -- INFO: Throughput @160.2s:964.69Mbps, rtt :39.27ms cwnd: 203.6 lossRate: 0.0004060389059097117 CC:17 score:-685.0 
1664855128.383046 -- INFO: Gradient: -103.99999999999997, Gredient Change: 0.26152556580050285, Theta: 11, Previous CC: 16, Choosen CC: 16
1664855128.383144 -- INFO: Changing concurrency to 15 ******
1664855128.384837 -- INFO: Process Status Bits from change concurrency are: 1 1 1 1 1 1 1 1 1 1 1 1 1 1 1 0 0 0 0 0 0 0 0 0 0 0 0 0 0 0 0 0
1664855128.386603 -- INFO: Active CC: 15
1664855129.251682 -- INFO: Throughput @161.2s:511.71Mbps, rtt :38.86ms cwnd: 94.3 lossRate: 0 CC:15 score:-380.0 
1664855130.250987 -- INFO: Throughput @162.2s:427.82Mbps, rtt :38.7ms cwnd: 97.7 lossRate: 0.00041381593467225777 CC:15 score:-316.0 
1664855131.253662 -- INFO: Throughput @163.2s:452.98Mbps, rtt :38.74ms cwnd: 108.4 lossRate: 5.01002004008016e-05 CC:15 score:-336.0 
1664855131.587374 -- INFO: Changing concurrency to 17 ******
1664855131.589254 -- INFO: Start Process :: 16
1664855131.589314 -- INFO: Start Process :: 15
1664855131.590083 -- INFO: Process Status Bits from change concurrency are: 1 1 1 1 1 1 1 1 1 1 1 1 1 1 1 1 1 0 0 0 0 0 0 0 0 0 0 0 0 0 0 0
1664855131.592294 -- INFO: Active CC: 17
1664855131.628834 -- INFO: Process 15 get item 18 from queue and executing
1664855131.629055 -- INFO: Process 16 get item 25 from queue and executing
1664855131.629127 -- INFO: starting 15, 18, /users/jamilm/files_to_Send/FILE0
1664855131.629406 -- INFO: starting 16, 25, /users/jamilm/files_to_Send/FILE1
1664855132.251488 -- INFO: Throughput @164.2s:587.2Mbps, rtt :39.05ms cwnd: 136.4 lossRate: 0.0003450515547617115 CC:17 score:-417.0 
1664855133.253210 -- INFO: Throughput @165.2s:746.59Mbps, rtt :39.25ms cwnd: 179.6 lossRate: 0.00023090066653325738 CC:17 score:-531.0 
1664855134.253821 -- INFO: Throughput @166.2s:922.75Mbps, rtt :39.4ms cwnd: 198.6 lossRate: 0.0002094421446875616 CC:17 score:-657.0 
1664855134.793120 -- INFO: Gradient: -95.5, Gredient Change: 0.27761627906976744, Theta: 12, Previous CC: 16, Choosen CC: 16
1664855134.793223 -- INFO: Changing concurrency to 15 ******
1664855134.795773 -- INFO: Process Status Bits from change concurrency are: 1 1 1 1 1 1 1 1 1 1 1 1 1 1 1 0 0 0 0 0 0 0 0 0 0 0 0 0 0 0 0 0
1664855134.797630 -- INFO: Active CC: 15
1664855135.258006 -- INFO: Throughput @167.2s:754.97Mbps, rtt :38.82ms cwnd: 122.6 lossRate: 0 CC:15 score:-561.0 
1664855136.258362 -- INFO: Throughput @168.2s:511.71Mbps, rtt :38.76ms cwnd: 118.7 lossRate: 0.0006283312388958703 CC:15 score:-377.0 
1664855137.259301 -- INFO: Throughput @169.2s:536.87Mbps, rtt :38.87ms cwnd: 113.4 lossRate: 0.0005151406557964523 CC:15 score:-396.0 
1664855137.998473 -- INFO: Changing concurrency to 17 ******
1664855138.000700 -- INFO: Process Status Bits from change concurrency are: 1 1 1 1 1 1 1 1 1 1 1 1 1 1 1 1 1 0 0 0 0 0 0 0 0 0 0 0 0 0 0 0
1664855138.000726 -- INFO: Start Process :: 16
1664855138.000845 -- INFO: Start Process :: 15
1664855138.002915 -- INFO: Active CC: 17
1664855138.040488 -- INFO: Process 15 get item 21 from queue and executing
1664855138.040742 -- INFO: Process 16 get item 27 from queue and executing
1664855138.041039 -- INFO: starting 15, 21, /users/jamilm/files_to_Send/FILE1
1664855138.041256 -- INFO: starting 16, 27, /users/jamilm/files_to_Send/FILE3
1664855138.255809 -- INFO: Throughput @170.2s:486.54Mbps, rtt :38.91ms cwnd: 110.4 lossRate: 0.0006821442852774446 CC:17 score:-344.0 
1664855139.258640 -- INFO: Throughput @171.2s:595.59Mbps, rtt :38.85ms cwnd: 131.9 lossRate: 0.0004215447699706835 CC:17 score:-423.0 
1664855140.259768 -- INFO: Throughput @172.2s:771.75Mbps, rtt :39.25ms cwnd: 184.4 lossRate: 0.00039552749676732336 CC:17 score:-548.0 
1664855141.203758 -- INFO: Gradient: 3.1666666666666856, Gredient Change: 0.007121439280359862, Theta: -1, Previous CC: 16, Choosen CC: 15
1664855141.203864 -- INFO: Changing concurrency to 14 ******
1664855141.205244 -- INFO: Process Status Bits from change concurrency are: 1 1 1 1 1 1 1 1 1 1 1 1 1 1 0 0 0 0 0 0 0 0 0 0 0 0 0 0 0 0 0 0
1664855141.207003 -- INFO: Active CC: 14
1664855141.260879 -- INFO: Throughput @173.2s:864.03Mbps, rtt :39.04ms cwnd: 154.1 lossRate: 0.001378952542187756 CC:14 score:-643.0 
1664855142.263170 -- INFO: Throughput @174.2s:419.43Mbps, rtt :38.85ms cwnd: 104.4 lossRate: 0 CC:14 score:-318.0 
1664855143.260896 -- INFO: Throughput @175.2s:444.6Mbps, rtt :38.97ms cwnd: 102.1 lossRate: 0.0006023106828012923 CC:14 score:-334.0 
1664855144.266224 -- INFO: Throughput @176.2s:411.04Mbps, rtt :38.8ms cwnd: 103.4 lossRate: 0.0004631773969430292 CC:14 score:-310.0 
1664855144.407889 -- INFO: Changing concurrency to 16 ******
1664855144.409566 -- INFO: Process Status Bits from change concurrency are: 1 1 1 1 1 1 1 1 1 1 1 1 1 1 1 1 0 0 0 0 0 0 0 0 0 0 0 0 0 0 0 0
1664855144.410102 -- INFO: Start Process :: 14
1664855144.410236 -- INFO: Start Process :: 15
1664855144.412312 -- INFO: Active CC: 16
1664855144.450164 -- INFO: Process 14 get item 26 from queue and executing
1664855144.450331 -- INFO: Process 15 get item 23 from queue and executing
1664855144.450689 -- INFO: starting 14, 26, /users/jamilm/files_to_Send/FILE0
1664855144.451092 -- INFO: starting 15, 23, /users/jamilm/files_to_Send/FILE3
1664855145.266052 -- INFO: Throughput @177.2s:478.15Mbps, rtt :38.87ms cwnd: 105.4 lossRate: 0.0006420228658913006 CC:16 score:-345.0 
1664855146.267574 -- INFO: Throughput @178.2s:511.71Mbps, rtt :38.75ms cwnd: 105.0 lossRate: 0.0007171111985010063 CC:16 score:-369.0 
1664855147.266500 -- INFO: Throughput @179.2s:486.54Mbps, rtt :38.79ms cwnd: 102.1 lossRate: 0.0005431317448697664 CC:16 score:-352.0 
1664855147.613118 -- INFO: Gradient: -17.333333333333314, Gredient Change: 0.054054054054053995, Theta: 1, Previous CC: 15, Choosen CC: 16
1664855147.613225 -- INFO: Changing concurrency to 15 ******
1664855147.615120 -- INFO: Process Status Bits from change concurrency are: 1 1 1 1 1 1 1 1 1 1 1 1 1 1 1 0 0 0 0 0 0 0 0 0 0 0 0 0 0 0 0 0
1664855147.617791 -- INFO: Active CC: 15
1664855148.269186 -- INFO: Throughput @180.2s:469.76Mbps, rtt :38.74ms cwnd: 94.9 lossRate: 0.0002587880094888937 CC:15 score:-348.0 
1664855149.270242 -- INFO: Throughput @181.2s:419.43Mbps, rtt :38.83ms cwnd: 99.3 lossRate: 0.000397414158541755 CC:15 score:-310.0 
1664855149.803717 -- INFO: Process 3 finished on working on file 3 
1664855149.805898 -- INFO: Process 3 get item 29 from queue and executing
1664855149.806451 -- INFO: starting 3, 29, /users/jamilm/files_to_Send/FILE1
1664855150.273068 -- INFO: Throughput @182.2s:458.64Mbps, rtt :38.84ms cwnd: 96.4 lossRate: 0.00051801393457484 CC:15 score:-338.0 
1664855150.818869 -- INFO: Changing concurrency to 17 ******
1664855150.819875 -- INFO: Start Process :: 15
1664855150.820307 -- INFO: Process Status Bits from change concurrency are: 1 1 1 1 1 1 1 1 1 1 1 1 1 1 1 1 1 0 0 0 0 0 0 0 0 0 0 0 0 0 0 0
1664855150.820750 -- INFO: Start Process :: 16
1664855150.822288 -- INFO: Active CC: 17
1664855150.859214 -- INFO: Process 15 get item 28 from queue and executing
1664855150.859564 -- INFO: starting 15, 28, /users/jamilm/files_to_Send/FILE2
1664855150.860544 -- INFO: Process 16 get item 24 from queue and executing
1664855150.861046 -- INFO: starting 16, 24, /users/jamilm/files_to_Send/FILE2
1664855151.271322 -- INFO: Throughput @183.2s:469.76Mbps, rtt :38.83ms cwnd: 118.4 lossRate: 0.00028610256777054574 CC:17 score:-334.0 
1664855152.271382 -- INFO: Throughput @184.2s:746.59Mbps, rtt :39.12ms cwnd: 188.9 lossRate: 0.0002197491720165126 CC:17 score:-532.0 
1664855153.272657 -- INFO: Throughput @185.2s:939.52Mbps, rtt :39.9ms cwnd: 207.9 lossRate: 0.00035645803628496975 CC:17 score:-668.0 
1664855154.023173 -- INFO: Gradient: -89.66666666666666, Gredient Change: 0.27008032128514053, Theta: 2, Previous CC: 16, Choosen CC: 16
1664855154.023271 -- INFO: Changing concurrency to 15 ******
1664855154.025411 -- INFO: Process Status Bits from change concurrency are: 1 1 1 1 1 1 1 1 1 1 1 1 1 1 1 0 0 0 0 0 0 0 0 0 0 0 0 0 0 0 0 0
1664855154.027015 -- INFO: Active CC: 15
1664855154.274348 -- INFO: Throughput @186.2s:830.47Mbps, rtt :38.75ms cwnd: 85.5 lossRate: 0 CC:15 score:-617.0 
1664855155.276859 -- INFO: Throughput @187.2s:402.65Mbps, rtt :38.73ms cwnd: 93.5 lossRate: 0.00022994452588313068 CC:15 score:-298.0 
1664855156.278514 -- INFO: Throughput @188.2s:419.43Mbps, rtt :38.77ms cwnd: 102.3 lossRate: 0.00013450622763833966 CC:15 score:-311.0 
1664855157.228021 -- INFO: Changing concurrency to 17 ******
1664855157.229558 -- INFO: Start Process :: 15
1664855157.230048 -- INFO: Process Status Bits from change concurrency are: 1 1 1 1 1 1 1 1 1 1 1 1 1 1 1 1 1 0 0 0 0 0 0 0 0 0 0 0 0 0 0 0
1664855157.230301 -- INFO: Start Process :: 16
1664855157.231771 -- INFO: Active CC: 17
1664855157.269032 -- INFO: Process 15 get item 30 from queue and executing
1664855157.269411 -- INFO: starting 15, 30, /users/jamilm/files_to_Send/FILE0
1664855157.270263 -- INFO: Process 16 get item 4 from queue and executing
1664855157.270927 -- INFO: starting 16, 4, /users/jamilm/files_to_Send/FILE2
1664855157.278763 -- INFO: Throughput @189.2s:452.98Mbps, rtt :38.69ms cwnd: 92.1 lossRate: 0.0004652364952184027 CC:17 score:-321.0 
1664855158.278549 -- INFO: Throughput @190.2s:838.86Mbps, rtt :40.09ms cwnd: 212.6 lossRate: 0.00016904503641511825 CC:17 score:-598.0 
1664855159.277900 -- INFO: Throughput @191.2s:939.52Mbps, rtt :39.85ms cwnd: 203.2 lossRate: 0.0003813225742963983 CC:17 score:-667.0 
1664855160.279312 -- INFO: Throughput @192.2s:931.14Mbps, rtt :39.48ms cwnd: 198.5 lossRate: 0.00039376376635042517 CC:17 score:-661.0 
1664855160.432528 -- INFO: Gradient: -116.66666666666666, Gredient Change: 0.2854812398042414, Theta: 3, Previous CC: 16, Choosen CC: 16
1664855160.432638 -- INFO: Changing concurrency to 15 ******
1664855160.434303 -- INFO: Process Status Bits from change concurrency are: 1 1 1 1 1 1 1 1 1 1 1 1 1 1 1 0 0 0 0 0 0 0 0 0 0 0 0 0 0 0 0 0
1664855160.435981 -- INFO: Active CC: 15
1664855161.280776 -- INFO: Throughput @193.2s:536.87Mbps, rtt :38.76ms cwnd: 102.1 lossRate: 0 CC:15 score:-399.0 
1664855162.284507 -- INFO: Throughput @194.2s:461.37Mbps, rtt :38.83ms cwnd: 99.1 lossRate: 0.0005404431633939831 CC:15 score:-340.0 
1664855163.283422 -- INFO: Throughput @195.2s:444.6Mbps, rtt :38.74ms cwnd: 98.0 lossRate: 0.0004964854059421464 CC:15 score:-328.0 
1664855163.636817 -- INFO: Changing concurrency to 17 ******
1664855163.638262 -- INFO: Start Process :: 15
1664855163.638440 -- INFO: Start Process :: 16
1664855163.639794 -- INFO: Process Status Bits from change concurrency are: 1 1 1 1 1 1 1 1 1 1 1 1 1 1 1 1 1 0 0 0 0 0 0 0 0 0 0 0 0 0 0 0
1664855163.641639 -- INFO: Active CC: 17
1664855163.677786 -- INFO: Process 15 get item 6 from queue and executing
1664855163.677925 -- INFO: Process 16 get item 9 from queue and executing
1664855163.678117 -- INFO: starting 15, 6, /users/jamilm/files_to_Send/FILE0
1664855163.678266 -- INFO: starting 16, 9, /users/jamilm/files_to_Send/FILE1
1664855164.284059 -- INFO: Throughput @196.2s:637.53Mbps, rtt :40.02ms cwnd: 209.8 lossRate: 0.00021839226891368045 CC:17 score:-454.0 
1664855165.283412 -- INFO: Throughput @197.2s:947.91Mbps, rtt :40.01ms cwnd: 193.4 lossRate: 0.0006024985244934095 CC:17 score:-671.0 
1664855166.284576 -- INFO: Throughput @198.2s:964.69Mbps, rtt :39.64ms cwnd: 204.3 lossRate: 0.00013515672036074557 CC:17 score:-688.0 
1664855166.842487 -- INFO: Gradient: -124.33333333333334, Gredient Change: 0.34957825679475163, Theta: 4, Previous CC: 16, Choosen CC: 16
1664855166.842586 -- INFO: Changing concurrency to 15 ******
1664855166.844507 -- INFO: Process Status Bits from change concurrency are: 1 1 1 1 1 1 1 1 1 1 1 1 1 1 1 0 0 0 0 0 0 0 0 0 0 0 0 0 0 0 0 0
1664855166.846543 -- INFO: Active CC: 15
1664855167.020209 -- INFO: Process 2 finished on working on file 1 
1664855167.021002 -- INFO: Process 2 get item 16 from queue and executing
1664855167.021450 -- INFO: starting 2, 16, /users/jamilm/files_to_Send/FILE2
1664855167.288911 -- INFO: Throughput @199.2s:743.85Mbps, rtt :38.76ms cwnd: 108.9 lossRate: 0 CC:15 score:-553.0 
1664855167.800597 -- INFO: Process 4 finished on working on file 5 
1664855167.801299 -- INFO: Process 4 get item 15 from queue and executing
1664855167.801778 -- INFO: starting 4, 15, /users/jamilm/files_to_Send/FILE3
1664855168.270638 -- INFO: episode expires
1664855168.270782 -- INFO: Process 16 shutdown itself from outest loop
1664855168.270826 -- INFO: Process 15 shutdown itself from outest loop
1664855168.271512 -- INFO: Process Status Bits are: 1 1 1 1 1 1 1 1 1 1 1 1 1 1 1 0 0 0 0 0 0 0 0 0 0 0 0 0 0 0 0 0
1664855168.271713 -- INFO: Process Status Bits are: 1 1 1 1 1 1 1 1 1 1 1 1 1 1 1 0 0 0 0 0 0 0 0 0 0 0 0 0 0 0 0 0
1664855168.271252 -- INFO: Process 19 shutdown itself from outest loop
1664855168.272292 -- INFO: Process Status Bits are: 1 1 1 1 1 1 1 1 1 1 1 1 1 1 1 0 0 0 0 0 0 0 0 0 0 0 0 0 0 0 0 0
1664855168.271807 -- INFO: Process 17 shutdown itself from outest loop
1664855168.271908 -- INFO: Process 20 shutdown itself from outest loop
1664855168.271976 -- INFO: Process 18 shutdown itself from outest loop
1664855168.272772 -- INFO: Process Status Bits are: 1 1 1 1 1 1 1 1 1 1 1 1 1 1 1 0 0 0 0 0 0 0 0 0 0 0 0 0 0 0 0 0
1664855168.272817 -- INFO: Process Status Bits are: 1 1 1 1 1 1 1 1 1 1 1 1 1 1 1 0 0 0 0 0 0 0 0 0 0 0 0 0 0 0 0 0
1664855168.272982 -- INFO: Process Status Bits are: 1 1 1 1 1 1 1 1 1 1 1 1 1 1 1 0 0 0 0 0 0 0 0 0 0 0 0 0 0 0 0 0
1664855168.272678 -- INFO: Process 27 shutdown itself from outest loop
1664855168.273516 -- INFO: Process Status Bits are: 1 1 1 1 1 1 1 1 1 1 1 1 1 1 1 0 0 0 0 0 0 0 0 0 0 0 0 0 0 0 0 0
1664855168.272043 -- INFO: Process 26 shutdown itself from outest loop
1664855168.272375 -- INFO: Process 22 shutdown itself from outest loop
1664855168.272412 -- INFO: Process 23 shutdown itself from outest loop
1664855168.273999 -- INFO: Process Status Bits are: 1 1 1 1 1 1 1 1 1 1 1 1 1 1 1 0 0 0 0 0 0 0 0 0 0 0 0 0 0 0 0 0
1664855168.272644 -- INFO: Process 30 shutdown itself from outest loop
1664855168.274196 -- INFO: Process Status Bits are: 1 1 1 1 1 1 1 1 1 1 1 1 1 1 1 0 0 0 0 0 0 0 0 0 0 0 0 0 0 0 0 0
1664855168.274368 -- INFO: Process Status Bits are: 1 1 1 1 1 1 1 1 1 1 1 1 1 1 1 0 0 0 0 0 0 0 0 0 0 0 0 0 0 0 0 0
1664855168.272892 -- INFO: Process 29 shutdown itself from outest loop
1664855168.273221 -- INFO: Process 31 shutdown itself from outest loop
1664855168.273058 -- INFO: Process 21 shutdown itself from outest loop
1664855168.274809 -- INFO: Process Status Bits are: 1 1 1 1 1 1 1 1 1 1 1 1 1 1 1 0 0 0 0 0 0 0 0 0 0 0 0 0 0 0 0 0
1664855168.274027 -- INFO: Process 28 shutdown itself from outest loop
1664855168.275255 -- INFO: Process Status Bits are: 1 1 1 1 1 1 1 1 1 1 1 1 1 1 1 0 0 0 0 0 0 0 0 0 0 0 0 0 0 0 0 0
1664855168.272754 -- INFO: Process 25 shutdown itself from outest loop
1664855168.275336 -- INFO: Process Status Bits are: 1 1 1 1 1 1 1 1 1 1 1 1 1 1 1 0 0 0 0 0 0 0 0 0 0 0 0 0 0 0 0 0
1664855168.275424 -- INFO: Process Status Bits are: 1 1 1 1 1 1 1 1 1 1 1 1 1 1 1 0 0 0 0 0 0 0 0 0 0 0 0 0 0 0 0 0
1664855168.275507 -- INFO: Process Status Bits are: 1 1 1 1 1 1 1 1 1 1 1 1 1 1 1 0 0 0 0 0 0 0 0 0 0 0 0 0 0 0 0 0
1664855168.275863 -- INFO: Process Status Bits are: 1 1 1 1 1 1 1 1 1 1 1 1 1 1 1 0 0 0 0 0 0 0 0 0 0 0 0 0 0 0 0 0
1664855168.273167 -- INFO: Process 24 shutdown itself from outest loop
1664855168.276625 -- INFO: Process Status Bits are: 1 1 1 1 1 1 1 1 1 1 1 1 1 1 1 0 0 0 0 0 0 0 0 0 0 0 0 0 0 0 0 0
1664855170.047534 -- INFO: episode expires
1664855170.141991 -- INFO: GD Optimizer Exits ...
1664855170.427366 -- INFO: Throughput @0.1s:0.0Mbps, rtt :38.75ms cwnd: 98.9 lossRate: 0.0005239817344854235 CC:0 score:-0.0 
