1664882467.378911 -- INFO: Iteration 1 Starts ...
1664882467.381309 -- INFO: Changing concurrency to 27 ******
1664882467.384262 -- INFO: Start Process :: 0
1664882467.384540 -- INFO: Start Process :: 1
1664882467.385720 -- INFO: Start Process :: 2
1664882467.386688 -- INFO: Start Process :: 3
1664882467.388216 -- INFO: Process Status Bits from change concurrency are: 1 1 1 1 1 1 1 1 1 1 1 1 1 1 1 1 1 1 1 1 1 1 1 1 1 1 1 0 0 0 0 0
1664882467.388606 -- INFO: Start Process :: 5
1664882467.389146 -- INFO: Active CC: 27
1664882467.389870 -- INFO: Start Process :: 4
1664882467.389801 -- INFO: Start Process :: 6
1664882467.392164 -- INFO: Start Process :: 7
1664882467.392448 -- INFO: Start Process :: 8
1664882467.393172 -- INFO: Start Process :: 10
1664882467.393546 -- INFO: Start Process :: 12
1664882467.394225 -- INFO: Start Process :: 14
1664882467.396626 -- INFO: Start Process :: 15
1664882467.396873 -- INFO: Start Process :: 11
1664882467.398132 -- INFO: Start Process :: 16
1664882467.398131 -- INFO: Start Process :: 13
1664882467.399335 -- INFO: Start Process :: 9
1664882467.399961 -- INFO: Start Process :: 18
1664882467.399890 -- INFO: Start Process :: 17
1664882467.400505 -- INFO: Start Process :: 20
1664882467.402303 -- INFO: Start Process :: 19
1664882467.403481 -- INFO: Start Process :: 21
1664882467.403408 -- INFO: Start Process :: 22
1664882467.404873 -- INFO: Start Process :: 23
1664882467.405318 -- INFO: Start Process :: 24
1664882467.404611 -- INFO: Start Process :: 25
1664882467.405579 -- INFO: Start Process :: 26
1664882467.423927 -- INFO: Process 0 get item 0 from queue and executing
1664882467.424189 -- INFO: starting 0, 0, /users/jamilm/files_to_Send/FILE2
1664882467.424428 -- INFO: Process 1 get item 1 from queue and executing
1664882467.424813 -- INFO: starting 1, 1, /users/jamilm/files_to_Send/FILE1
1664882467.425413 -- INFO: Process 2 get item 2 from queue and executing
1664882467.425764 -- INFO: starting 2, 2, /users/jamilm/files_to_Send/FILE0
1664882467.426482 -- INFO: Process 3 get item 3 from queue and executing
1664882467.426705 -- INFO: starting 3, 3, /users/jamilm/files_to_Send/FILE3
1664882467.427974 -- INFO: Process 5 get item 4 from queue and executing
1664882467.428327 -- INFO: starting 5, 4, /users/jamilm/files_to_Send/FILE2
1664882467.429374 -- INFO: Process 4 get item 5 from queue and executing
1664882467.429491 -- INFO: Process 6 get item 6 from queue and executing
1664882467.429670 -- INFO: starting 4, 5, /users/jamilm/files_to_Send/FILE1
1664882467.429768 -- INFO: starting 6, 6, /users/jamilm/files_to_Send/FILE0
1664882467.431625 -- INFO: Process 7 get item 7 from queue and executing
1664882467.431950 -- INFO: starting 7, 7, /users/jamilm/files_to_Send/FILE3
1664882467.432065 -- INFO: Process 8 get item 8 from queue and executing
1664882467.432405 -- INFO: starting 8, 8, /users/jamilm/files_to_Send/FILE2
1664882467.433055 -- INFO: Process 10 get item 9 from queue and executing
1664882467.433168 -- INFO: Process 12 get item 10 from queue and executing
1664882467.433522 -- INFO: starting 10, 9, /users/jamilm/files_to_Send/FILE1
1664882467.433656 -- INFO: starting 12, 10, /users/jamilm/files_to_Send/FILE0
1664882467.433741 -- INFO: Process 14 get item 11 from queue and executing
1664882467.434053 -- INFO: starting 14, 11, /users/jamilm/files_to_Send/FILE3
1664882467.436995 -- INFO: Process 11 get item 12 from queue and executing
1664882467.437112 -- INFO: Process 15 get item 13 from queue and executing
1664882467.437087 -- INFO: Throughput @0.1s:0.0Mbps, rtt :38.54ms cwnd: 10.0 lossRate: 0.0 CC:27 score:-0.0 
1664882467.437437 -- INFO: starting 11, 12, /users/jamilm/files_to_Send/FILE2
1664882467.437510 -- INFO: starting 15, 13, /users/jamilm/files_to_Send/FILE1
1664882467.437706 -- INFO: Process 16 get item 14 from queue and executing
1664882467.437824 -- INFO: Process 13 get item 15 from queue and executing
1664882467.438005 -- INFO: starting 16, 14, /users/jamilm/files_to_Send/FILE0
1664882467.438230 -- INFO: starting 13, 15, /users/jamilm/files_to_Send/FILE3
1664882467.439160 -- INFO: Process 9 get item 16 from queue and executing
1664882467.439673 -- INFO: starting 9, 16, /users/jamilm/files_to_Send/FILE2
1664882467.439769 -- INFO: Process 18 get item 17 from queue and executing
1664882467.440002 -- INFO: Process 17 get item 18 from queue and executing
1664882467.440071 -- INFO: Process 20 get item 19 from queue and executing
1664882467.440157 -- INFO: starting 18, 17, /users/jamilm/files_to_Send/FILE1
1664882467.440396 -- INFO: starting 17, 18, /users/jamilm/files_to_Send/FILE0
1664882467.440453 -- INFO: starting 20, 19, /users/jamilm/files_to_Send/FILE3
1664882467.442260 -- INFO: Process 19 get item 20 from queue and executing
1664882467.442677 -- INFO: starting 19, 20, /users/jamilm/files_to_Send/FILE2
1664882467.443272 -- INFO: Process 21 get item 21 from queue and executing
1664882467.443433 -- INFO: Process 22 get item 22 from queue and executing
1664882467.443540 -- INFO: starting 21, 21, /users/jamilm/files_to_Send/FILE1
1664882467.443967 -- INFO: starting 22, 22, /users/jamilm/files_to_Send/FILE0
1664882467.445065 -- INFO: Process 24 get item 23 from queue and executing
1664882467.445246 -- INFO: Process 23 get item 24 from queue and executing
1664882467.445357 -- INFO: Process 25 get item 25 from queue and executing
1664882467.445436 -- INFO: starting 24, 23, /users/jamilm/files_to_Send/FILE3
1664882467.445691 -- INFO: starting 25, 25, /users/jamilm/files_to_Send/FILE1
1664882467.445796 -- INFO: starting 23, 24, /users/jamilm/files_to_Send/FILE2
1664882467.446056 -- INFO: Process 26 get item 26 from queue and executing
1664882467.446651 -- INFO: starting 26, 26, /users/jamilm/files_to_Send/FILE0
1664882468.437239 -- INFO: Throughput @1.1s:777.98Mbps, rtt :40.4ms cwnd: 139.7 lossRate: 0.0 CC:27 score:-456.0 
1664882469.438145 -- INFO: Throughput @2.1s:952.15Mbps, rtt :41.7ms cwnd: 167.9 lossRate: 0.00012285465066280083 CC:27 score:-557.0 
1664882470.433864 -- INFO: Throughput @3.1s:938.72Mbps, rtt :41.78ms cwnd: 169.2 lossRate: 0.00015997637272033668 CC:27 score:-548.0 
1664882470.599367 -- INFO: Iteration 1 Ends, Took 3.22 Seconds. Best Params: [27] and Score: -520.3333333333334.
1664882470.600008 -- INFO: Iteration 2 Starts ...
1664882470.602270 -- INFO: Changing concurrency to 32 ******
1664882470.602865 -- INFO: Process Status Bits from change concurrency are: 1 1 1 1 1 1 1 1 1 1 1 1 1 1 1 1 1 1 1 1 1 1 1 1 1 1 1 1 1 1 1 1
1664882470.603162 -- INFO: Active CC: 32
1664882470.606323 -- INFO: Start Process :: 27
1664882470.606508 -- INFO: Start Process :: 29
1664882470.606456 -- INFO: Start Process :: 31
1664882470.606869 -- INFO: Start Process :: 30
1664882470.607620 -- INFO: Start Process :: 28
1664882470.648224 -- INFO: Process 29 get item 27 from queue and executing
1664882470.648386 -- INFO: Process 27 get item 28 from queue and executing
1664882470.648485 -- INFO: starting 29, 27, /users/jamilm/files_to_Send/FILE3
1664882470.648614 -- INFO: starting 27, 28, /users/jamilm/files_to_Send/FILE2
1664882470.648614 -- INFO: Process 31 get item 29 from queue and executing
1664882470.648861 -- INFO: starting 31, 29, /users/jamilm/files_to_Send/FILE1
1664882470.648923 -- INFO: Process 30 get item 30 from queue and executing
1664882470.649160 -- INFO: starting 30, 30, /users/jamilm/files_to_Send/FILE0
1664882470.649707 -- INFO: Process 28 get item 31 from queue and executing
1664882470.650050 -- INFO: starting 28, 31, /users/jamilm/files_to_Send/FILE3
1664882471.439663 -- INFO: Throughput @4.1s:962.95Mbps, rtt :41.72ms cwnd: 150.6 lossRate: 0.00012268583837367653 CC:32 score:-510.0 
1664882472.438616 -- INFO: Throughput @5.1s:942.82Mbps, rtt :41.9ms cwnd: 150.5 lossRate: 2.457727093983484e-05 CC:32 score:-500.0 
1664882473.442191 -- INFO: Throughput @6.1s:930.07Mbps, rtt :41.87ms cwnd: 150.3 lossRate: 2.456549775839833e-05 CC:32 score:-493.0 
1664882473.804756 -- INFO: Iteration 2 Ends, Took 3.2 Seconds. Best Params: [27] and Score: -520.3333333333334.
1664882473.804916 -- INFO: Iteration 3 Starts ...
1664882473.805354 -- INFO: Changing concurrency to 4 ******
1664882473.805548 -- INFO: Process Status Bits from change concurrency are: 1 1 1 1 0 0 0 0 0 0 0 0 0 0 0 0 0 0 0 0 0 0 0 0 0 0 0 0 0 0 0 0
1664882473.805738 -- INFO: Active CC: 4
1664882474.440973 -- INFO: Throughput @7.1s:532.91Mbps, rtt :38.67ms cwnd: 215.8 lossRate: 0 CC:4 score:-492.0 
1664882475.445331 -- INFO: Throughput @8.1s:178.71Mbps, rtt :39.08ms cwnd: 301.0 lossRate: 0.0003688902551490931 CC:4 score:-164.0 
1664882476.447890 -- INFO: Throughput @9.1s:179.71Mbps, rtt :39.21ms cwnd: 304.2 lossRate: 0.0 CC:4 score:-166.0 
1664882477.409503 -- INFO: Iteration 3 Ends, Took 3.6 Seconds. Best Params: [27] and Score: -520.3333333333334.
1664882477.409725 -- INFO: Iteration 4 Starts ...
1664882477.409950 -- INFO: Changing concurrency to 20 ******
1664882477.412064 -- INFO: Start Process :: 4
1664882477.412187 -- INFO: Start Process :: 8
1664882477.412360 -- INFO: Start Process :: 5
1664882477.412458 -- INFO: Start Process :: 7
1664882477.412721 -- INFO: Start Process :: 11
1664882477.412828 -- INFO: Start Process :: 10
1664882477.412946 -- INFO: Start Process :: 9
1664882477.413088 -- INFO: Start Process :: 12
1664882477.413288 -- INFO: Start Process :: 13
1664882477.413365 -- INFO: Start Process :: 15
1664882477.413522 -- INFO: Start Process :: 14
1664882477.413062 -- INFO: Start Process :: 6
1664882477.413610 -- INFO: Start Process :: 17
1664882477.413682 -- INFO: Start Process :: 16
1664882477.413800 -- INFO: Start Process :: 18
1664882477.413936 -- INFO: Start Process :: 19
1664882477.414474 -- INFO: Process Status Bits from change concurrency are: 1 1 1 1 1 1 1 1 1 1 1 1 1 1 1 1 1 1 1 1 0 0 0 0 0 0 0 0 0 0 0 0
1664882477.415758 -- INFO: Active CC: 20
1664882477.439875 -- INFO: Throughput @10.1s:190.45Mbps, rtt :39.35ms cwnd: 69.5 lossRate: 0.0 CC:20 score:-128.0 
1664882477.451481 -- INFO: Process 8 get item 26 from queue and executing
1664882477.451581 -- INFO: Process 4 get item 9 from queue and executing
1664882477.451798 -- INFO: Process 7 get item 23 from queue and executing
1664882477.451901 -- INFO: Process 5 get item 17 from queue and executing
1664882477.451991 -- INFO: starting 8, 26, /users/jamilm/files_to_Send/FILE0
1664882477.452187 -- INFO: starting 4, 9, /users/jamilm/files_to_Send/FILE1
1664882477.452207 -- INFO: starting 7, 23, /users/jamilm/files_to_Send/FILE3
1664882477.452260 -- INFO: starting 5, 17, /users/jamilm/files_to_Send/FILE1
1664882477.452691 -- INFO: Process 10 get item 15 from queue and executing
1664882477.452916 -- INFO: Process 9 get item 10 from queue and executing
1664882477.453141 -- INFO: Process 13 get item 29 from queue and executing
1664882477.453256 -- INFO: starting 10, 15, /users/jamilm/files_to_Send/FILE3
1664882477.453279 -- INFO: starting 9, 10, /users/jamilm/files_to_Send/FILE0
1664882477.453414 -- INFO: Process 14 get item 13 from queue and executing
1664882477.453655 -- INFO: Process 11 get item 27 from queue and executing
1664882477.453776 -- INFO: Process 12 get item 24 from queue and executing
1664882477.453847 -- INFO: starting 14, 13, /users/jamilm/files_to_Send/FILE1
1664882477.453898 -- INFO: starting 13, 29, /users/jamilm/files_to_Send/FILE1
1664882477.454188 -- INFO: starting 11, 27, /users/jamilm/files_to_Send/FILE3
1664882477.454225 -- INFO: starting 12, 24, /users/jamilm/files_to_Send/FILE2
1664882477.454304 -- INFO: Process 6 get item 28 from queue and executing
1664882477.454436 -- INFO: Process 17 get item 18 from queue and executing
1664882477.454553 -- INFO: Process 16 get item 22 from queue and executing
1664882477.454674 -- INFO: Process 15 get item 31 from queue and executing
1664882477.454736 -- INFO: Process 19 get item 20 from queue and executing
1664882477.454895 -- INFO: starting 6, 28, /users/jamilm/files_to_Send/FILE2
1664882477.454912 -- INFO: Process 18 get item 6 from queue and executing
1664882477.454988 -- INFO: starting 16, 22, /users/jamilm/files_to_Send/FILE0
1664882477.455063 -- INFO: starting 15, 31, /users/jamilm/files_to_Send/FILE3
1664882477.455071 -- INFO: starting 17, 18, /users/jamilm/files_to_Send/FILE0
1664882477.455143 -- INFO: starting 19, 20, /users/jamilm/files_to_Send/FILE2
1664882477.455346 -- INFO: starting 18, 6, /users/jamilm/files_to_Send/FILE0
1664882478.443636 -- INFO: Throughput @11.1s:790.88Mbps, rtt :40.64ms cwnd: 202.6 lossRate: 0.000328061330202362 CC:20 score:-530.0 
1664882479.443225 -- INFO: Throughput @12.1s:917.14Mbps, rtt :42.27ms cwnd: 279.3 lossRate: 8.62472585692812e-05 CC:20 score:-616.0 
1664882480.443463 -- INFO: Throughput @13.1s:935.31Mbps, rtt :41.99ms cwnd: 305.1 lossRate: 6.143940231749425e-05 CC:20 score:-629.0 
1664882481.233441 -- INFO: Iteration 4 Ends, Took 3.82 Seconds. Best Params: [20] and Score: -591.6666666666666.
1664882481.233736 -- INFO: Iteration 5 Starts ...
1664882481.233975 -- INFO: Changing concurrency to 16 ******
1664882481.235347 -- INFO: Process Status Bits from change concurrency are: 1 1 1 1 1 1 1 1 1 1 1 1 1 1 1 1 0 0 0 0 0 0 0 0 0 0 0 0 0 0 0 0
1664882481.236792 -- INFO: Active CC: 16
1664882481.445780 -- INFO: Throughput @14.1s:891.58Mbps, rtt :41.19ms cwnd: 313.4 lossRate: 0.00011550345066558864 CC:16 score:-648.0 
1664882482.445379 -- INFO: Throughput @15.1s:765.45Mbps, rtt :40.49ms cwnd: 367.6 lossRate: 0 CC:16 score:-558.0 
1664882483.448280 -- INFO: Throughput @16.1s:762.51Mbps, rtt :40.48ms cwnd: 362.2 lossRate: 9.053050878145935e-05 CC:16 score:-555.0 
1664882484.447606 -- INFO: Throughput @17.1s:771.72Mbps, rtt :40.11ms cwnd: 336.7 lossRate: 0.0004360574392902789 CC:16 score:-559.0 
1664882484.901577 -- INFO: Iteration 5 Ends, Took 3.67 Seconds. Best Params: [20] and Score: -591.6666666666666.
1664882484.901805 -- INFO: Iteration 6 Starts ...
1664882484.902011 -- INFO: Changing concurrency to 18 ******
1664882484.903769 -- INFO: Start Process :: 17
1664882484.904343 -- INFO: Process Status Bits from change concurrency are: 1 1 1 1 1 1 1 1 1 1 1 1 1 1 1 1 1 1 0 0 0 0 0 0 0 0 0 0 0 0 0 0
1664882484.904424 -- INFO: Start Process :: 16
1664882484.905564 -- INFO: Active CC: 18
1664882484.944619 -- INFO: Process 16 get item 14 from queue and executing
1664882484.945039 -- INFO: starting 16, 14, /users/jamilm/files_to_Send/FILE0
1664882484.945230 -- INFO: Process 17 get item 11 from queue and executing
1664882484.945760 -- INFO: starting 17, 11, /users/jamilm/files_to_Send/FILE3
1664882485.448224 -- INFO: Throughput @18.1s:827.34Mbps, rtt :40.29ms cwnd: 323.6 lossRate: 0.0001863772562400539 CC:18 score:-578.0 
1664882486.449245 -- INFO: Throughput @19.1s:894.2Mbps, rtt :40.73ms cwnd: 354.6 lossRate: 0.0 CC:18 score:-626.0 
1664882487.450564 -- INFO: Throughput @20.1s:898.49Mbps, rtt :40.66ms cwnd: 361.5 lossRate: 0.0 CC:18 score:-629.0 
1664882488.471554 -- INFO: Throughput @21.1s:901.05Mbps, rtt :39.93ms cwnd: 361.8 lossRate: 0.0002020712301086133 CC:18 score:-629.0 
1664882488.615983 -- INFO: Iteration 6 Ends, Took 3.71 Seconds. Best Params: [18] and Score: -611.0.
1664882488.616217 -- INFO: Iteration 7 Starts ...
1664882488.617228 -- INFO: Changing concurrency to 20 ******
1664882488.618731 -- INFO: Process Status Bits from change concurrency are: 1 1 1 1 1 1 1 1 1 1 1 1 1 1 1 1 1 1 1 1 0 0 0 0 0 0 0 0 0 0 0 0
1664882488.618912 -- INFO: Start Process :: 19
1664882488.619137 -- INFO: Start Process :: 18
1664882488.620046 -- INFO: Active CC: 20
1664882488.659574 -- INFO: Process 19 get item 30 from queue and executing
1664882488.660144 -- INFO: starting 19, 30, /users/jamilm/files_to_Send/FILE0
1664882488.660462 -- INFO: Process 18 get item 5 from queue and executing
1664882488.661066 -- INFO: starting 18, 5, /users/jamilm/files_to_Send/FILE1
1664882489.452276 -- INFO: Throughput @22.1s:975.45Mbps, rtt :42.65ms cwnd: 337.0 lossRate: 0.0002012477359629704 CC:20 score:-654.0 
1664882490.453728 -- INFO: Throughput @23.1s:964.84Mbps, rtt :42.74ms cwnd: 337.0 lossRate: 0.0002331517204142738 CC:20 score:-647.0 
1664882491.454912 -- INFO: Throughput @24.1s:944.63Mbps, rtt :42.66ms cwnd: 338.0 lossRate: 0.0 CC:20 score:-636.0 
1664882492.381311 -- INFO: Iteration 7 Ends, Took 3.76 Seconds. Best Params: [20] and Score: -645.6666666666666.
1664882492.381512 -- INFO: Iteration 8 Starts ...
1664882492.381728 -- INFO: Changing concurrency to 21 ******
1664882492.383005 -- INFO: Process Status Bits from change concurrency are: 1 1 1 1 1 1 1 1 1 1 1 1 1 1 1 1 1 1 1 1 1 0 0 0 0 0 0 0 0 0 0 0
1664882492.383194 -- INFO: Start Process :: 20
1664882492.384263 -- INFO: Active CC: 21
1664882492.425864 -- INFO: Process 20 get item 16 from queue and executing
1664882492.426496 -- INFO: starting 20, 16, /users/jamilm/files_to_Send/FILE2
1664882492.456265 -- INFO: Throughput @25.1s:940.44Mbps, rtt :42.57ms cwnd: 322.3 lossRate: 0.0 CC:21 score:-620.0 
1664882493.457099 -- INFO: Throughput @26.1s:954.79Mbps, rtt :42.5ms cwnd: 325.0 lossRate: 6.140997297961189e-05 CC:21 score:-629.0 
1664882494.457389 -- INFO: Throughput @27.1s:947.98Mbps, rtt :42.58ms cwnd: 318.6 lossRate: 0.00013532132664107865 CC:21 score:-624.0 
1664882495.458668 -- INFO: Throughput @28.1s:932.13Mbps, rtt :42.44ms cwnd: 320.3 lossRate: 0.0 CC:21 score:-615.0 
1664882496.099757 -- INFO: Iteration 8 Ends, Took 3.72 Seconds. Best Params: [20] and Score: -645.6666666666666.
1664882496.100237 -- INFO: Iteration 9 Starts ...
1664882496.100845 -- INFO: Changing concurrency to 21 ******
1664882496.102198 -- INFO: Process Status Bits from change concurrency are: 1 1 1 1 1 1 1 1 1 1 1 1 1 1 1 1 1 1 1 1 1 0 0 0 0 0 0 0 0 0 0 0
1664882496.103911 -- INFO: Active CC: 21
1664882496.458961 -- INFO: Throughput @29.1s:928.32Mbps, rtt :42.99ms cwnd: 324.0 lossRate: 0.0 CC:21 score:-612.0 
1664882497.460379 -- INFO: Throughput @30.1s:950.04Mbps, rtt :43.03ms cwnd: 315.4 lossRate: 0.00020869650617496134 CC:21 score:-625.0 
1664882498.461473 -- INFO: Throughput @31.1s:944.62Mbps, rtt :42.9ms cwnd: 320.8 lossRate: 3.684281626487529e-05 CC:21 score:-623.0 
1664882499.465122 -- INFO: Throughput @32.1s:940.66Mbps, rtt :42.69ms cwnd: 320.3 lossRate: 8.575068600548805e-05 CC:21 score:-620.0 
1664882499.891067 -- INFO: Iteration 9 Ends, Took 3.79 Seconds. Best Params: [20] and Score: -645.6666666666666.
1664882499.893113 -- INFO: Iteration 10 Starts ...
1664882499.893467 -- INFO: Changing concurrency to 19 ******
1664882499.894849 -- INFO: Process Status Bits from change concurrency are: 1 1 1 1 1 1 1 1 1 1 1 1 1 1 1 1 1 1 1 0 0 0 0 0 0 0 0 0 0 0 0 0
1664882499.896139 -- INFO: Active CC: 19
1664882500.464368 -- INFO: Throughput @33.1s:894.93Mbps, rtt :41.14ms cwnd: 349.2 lossRate: 0.002023706273489448 CC:19 score:-596.0 
1664882501.464764 -- INFO: Throughput @34.1s:885.23Mbps, rtt :40.06ms cwnd: 359.9 lossRate: 0.0 CC:19 score:-608.0 
1664882502.465352 -- INFO: Throughput @35.1s:889.93Mbps, rtt :40.23ms cwnd: 343.3 lossRate: 0.00015580773325716066 CC:19 score:-609.0 
1664882503.502102 -- INFO: Iteration 10 Ends, Took 3.61 Seconds. Best Params: [20] and Score: -645.6666666666666.
1664882503.502606 -- INFO: Throughput @36.1s:899.93Mbps, rtt :39.98ms cwnd: 358.7 lossRate: 0.00011267887771837793 CC:19 score:-617.0 
1664882503.505561 -- INFO: Iteration 11 Starts ...
1664882503.506361 -- INFO: Changing concurrency to 20 ******
1664882503.508035 -- INFO: Process Status Bits from change concurrency are: 1 1 1 1 1 1 1 1 1 1 1 1 1 1 1 1 1 1 1 1 0 0 0 0 0 0 0 0 0 0 0 0
1664882503.507871 -- INFO: Start Process :: 19
1664882503.509366 -- INFO: Active CC: 20
1664882503.548259 -- INFO: Process 19 get item 8 from queue and executing
1664882503.548621 -- INFO: starting 19, 8, /users/jamilm/files_to_Send/FILE2
1664882504.467680 -- INFO: Throughput @37.1s:944.93Mbps, rtt :41.55ms cwnd: 357.0 lossRate: 0.0 CC:20 score:-636.0 
1664882505.468641 -- INFO: Throughput @38.1s:950.3Mbps, rtt :42.24ms cwnd: 358.4 lossRate: 0.0001472085577241557 CC:20 score:-638.0 
1664882506.469586 -- INFO: Throughput @39.1s:939.64Mbps, rtt :42.05ms cwnd: 364.1 lossRate: 1.2285314135482445e-05 CC:20 score:-632.0 
1664882507.262380 -- INFO: Iteration 11 Ends, Took 3.76 Seconds. Best Params: [20] and Score: -645.6666666666666.
1664882507.262716 -- INFO: Iteration 12 Starts ...
1664882507.263245 -- INFO: Changing concurrency to 21 ******
1664882507.264835 -- INFO: Process Status Bits from change concurrency are: 1 1 1 1 1 1 1 1 1 1 1 1 1 1 1 1 1 1 1 1 1 0 0 0 0 0 0 0 0 0 0 0
1664882507.265228 -- INFO: Start Process :: 20
1664882507.266237 -- INFO: Active CC: 21
1664882507.307595 -- INFO: Process 20 get item 21 from queue and executing
1664882507.308074 -- INFO: starting 20, 21, /users/jamilm/files_to_Send/FILE1
1664882507.470660 -- INFO: Throughput @40.1s:955.29Mbps, rtt :42.13ms cwnd: 343.8 lossRate: 8.592858107361625e-05 CC:21 score:-629.0 
1664882508.471411 -- INFO: Throughput @41.1s:972.74Mbps, rtt :43.0ms cwnd: 353.0 lossRate: 4.912616828168945e-05 CC:21 score:-641.0 
1664882509.472281 -- INFO: Throughput @42.1s:940.78Mbps, rtt :43.12ms cwnd: 353.0 lossRate: 0.0 CC:21 score:-621.0 
1664882510.473687 -- INFO: Throughput @43.1s:944.85Mbps, rtt :42.74ms cwnd: 353.0 lossRate: 0.0 CC:21 score:-623.0 
1664882510.982794 -- INFO: Iteration 12 Ends, Took 3.72 Seconds. Best Params: [20] and Score: -645.6666666666666.
1664882510.982984 -- INFO: Iteration 13 Starts ...
1664882510.983331 -- INFO: Changing concurrency to 21 ******
1664882510.984761 -- INFO: Process Status Bits from change concurrency are: 1 1 1 1 1 1 1 1 1 1 1 1 1 1 1 1 1 1 1 1 1 0 0 0 0 0 0 0 0 0 0 0
1664882510.986339 -- INFO: Active CC: 21
1664882511.474150 -- INFO: Throughput @44.1s:946.33Mbps, rtt :42.66ms cwnd: 347.3 lossRate: 0.00019652398206718665 CC:21 score:-623.0 
1664882512.475156 -- INFO: Throughput @45.1s:945.33Mbps, rtt :42.66ms cwnd: 347.7 lossRate: 0.0 CC:21 score:-624.0 
1664882513.476512 -- INFO: Throughput @46.1s:949.81Mbps, rtt :42.48ms cwnd: 347.8 lossRate: 6.144846317393603e-05 CC:21 score:-626.0 
1664882514.498306 -- INFO: Throughput @47.1s:930.02Mbps, rtt :41.48ms cwnd: 353.1 lossRate: 6.032745743897878e-05 CC:21 score:-613.0 
1664882514.764169 -- INFO: Iteration 13 Ends, Took 3.78 Seconds. Best Params: [20] and Score: -645.6666666666666.
1664882514.764434 -- INFO: Iteration 14 Starts ...
1664882514.764921 -- INFO: Changing concurrency to 20 ******
1664882514.769367 -- INFO: Process Status Bits from change concurrency are: 1 1 1 1 1 1 1 1 1 1 1 1 1 1 1 1 1 1 1 1 0 0 0 0 0 0 0 0 0 0 0 0
1664882514.771056 -- INFO: Active CC: 20
1664882515.479549 -- INFO: Throughput @48.1s:930.02Mbps, rtt :42.04ms cwnd: 368.8 lossRate: 3.3037646398070604e-05 CC:20 score:-626.0 
1664882516.479851 -- INFO: Throughput @49.1s:940.02Mbps, rtt :42.34ms cwnd: 372.2 lossRate: 0.0 CC:20 score:-633.0 
1664882517.480550 -- INFO: Throughput @50.1s:935.02Mbps, rtt :41.32ms cwnd: 358.1 lossRate: 0.0002090378112511528 CC:20 score:-627.0 
1664882518.326064 -- INFO: Iteration 14 Ends, Took 3.56 Seconds. Best Params: [20] and Score: -645.6666666666666.
1664882518.326738 -- INFO: Iteration 15 Starts ...
1664882518.327526 -- INFO: Changing concurrency to 21 ******
1664882518.329109 -- INFO: Start Process :: 20
1664882518.329630 -- INFO: Process Status Bits from change concurrency are: 1 1 1 1 1 1 1 1 1 1 1 1 1 1 1 1 1 1 1 1 1 0 0 0 0 0 0 0 0 0 0 0
1664882518.332495 -- INFO: Active CC: 21
1664882518.370537 -- INFO: Process 20 get item 25 from queue and executing
1664882518.370972 -- INFO: starting 20, 25, /users/jamilm/files_to_Send/FILE1
1664882518.481312 -- INFO: Throughput @51.1s:952.05Mbps, rtt :41.6ms cwnd: 345.2 lossRate: 4.9112898274909446e-05 CC:21 score:-628.0 
1664882519.482048 -- INFO: Throughput @52.1s:962.91Mbps, rtt :42.27ms cwnd: 353.7 lossRate: 0.0 CC:21 score:-635.0 
1664882520.483027 -- INFO: Throughput @53.1s:954.71Mbps, rtt :42.22ms cwnd: 347.2 lossRate: 0.00018431141256266588 CC:21 score:-628.0 
1664882521.484550 -- INFO: Throughput @54.1s:929.89Mbps, rtt :41.91ms cwnd: 339.6 lossRate: 0.000196441945266363 CC:21 score:-612.0 
1664882522.061842 -- INFO: Iteration 15 Ends, Took 3.73 Seconds. Best Params: [20] and Score: -645.6666666666666.
1664882522.066647 -- INFO: Iteration 16 Starts ...
1664882522.067095 -- INFO: Changing concurrency to 20 ******
1664882522.068362 -- INFO: Process Status Bits from change concurrency are: 1 1 1 1 1 1 1 1 1 1 1 1 1 1 1 1 1 1 1 1 0 0 0 0 0 0 0 0 0 0 0 0
1664882522.070060 -- INFO: Active CC: 20
1664882522.485492 -- INFO: Throughput @55.1s:915.23Mbps, rtt :41.27ms cwnd: 351.3 lossRate: 0.0 CC:20 score:-616.0 
1664882523.487940 -- INFO: Throughput @56.1s:934.91Mbps, rtt :40.8ms cwnd: 358.8 lossRate: 7.365759041469224e-05 CC:20 score:-628.0 
1664882524.487624 -- INFO: Throughput @57.1s:944.92Mbps, rtt :40.9ms cwnd: 355.0 lossRate: 7.376535241397116e-05 CC:20 score:-635.0 
1664882525.507157 -- INFO: Throughput @58.1s:930.04Mbps, rtt :40.94ms cwnd: 359.0 lossRate: 0.0 CC:20 score:-626.0 
1664882525.819900 -- INFO: Iteration 16 Ends, Took 3.75 Seconds. Best Params: [20] and Score: -645.6666666666666.
1664882525.820242 -- INFO: Iteration 17 Starts ...
1664882525.820749 -- INFO: Changing concurrency to 21 ******
1664882525.823359 -- INFO: Start Process :: 20
1664882525.823818 -- INFO: Process Status Bits from change concurrency are: 1 1 1 1 1 1 1 1 1 1 1 1 1 1 1 1 1 1 1 1 1 0 0 0 0 0 0 0 0 0 0 0
1664882525.825964 -- INFO: Active CC: 21
1664882525.864857 -- INFO: Process 20 get item 12 from queue and executing
1664882525.865241 -- INFO: starting 20, 12, /users/jamilm/files_to_Send/FILE2
1664882526.489303 -- INFO: Throughput @59.1s:975.29Mbps, rtt :42.39ms cwnd: 354.7 lossRate: 0.0 CC:21 score:-643.0 
1664882527.492675 -- INFO: Throughput @60.1s:949.51Mbps, rtt :42.46ms cwnd: 358.2 lossRate: 0.0 CC:21 score:-626.0 
1664882528.492201 -- INFO: Throughput @61.1s:955.13Mbps, rtt :42.51ms cwnd: 336.7 lossRate: 0.0004923076923076923 CC:21 score:-625.0 
1664882529.491960 -- INFO: Throughput @62.1s:939.88Mbps, rtt :42.38ms cwnd: 333.9 lossRate: 9.831995772241818e-05 CC:21 score:-619.0 
1664882529.615212 -- INFO: Iteration 17 Ends, Took 3.79 Seconds. Best Params: [20] and Score: -645.6666666666666.
1664882529.615399 -- INFO: Iteration 18 Starts ...
1664882529.615689 -- INFO: Changing concurrency to 21 ******
1664882529.616668 -- INFO: Process Status Bits from change concurrency are: 1 1 1 1 1 1 1 1 1 1 1 1 1 1 1 1 1 1 1 1 1 0 0 0 0 0 0 0 0 0 0 0
1664882529.617571 -- INFO: Active CC: 21
1664882530.493619 -- INFO: Throughput @63.1s:945.18Mbps, rtt :42.33ms cwnd: 333.9 lossRate: 3.682517860211622e-05 CC:21 score:-623.0 
1664882531.494190 -- INFO: Throughput @64.1s:945.39Mbps, rtt :42.2ms cwnd: 335.7 lossRate: 0.0 CC:21 score:-624.0 
1664882532.495775 -- INFO: Throughput @65.1s:934.98Mbps, rtt :42.16ms cwnd: 334.6 lossRate: 9.828372053024068e-05 CC:21 score:-616.0 
1664882533.384767 -- INFO: Iteration 18 Ends, Took 3.77 Seconds. Best Params: [20] and Score: -645.6666666666666.
1664882533.384998 -- INFO: Iteration 19 Starts ...
1664882533.385308 -- INFO: Changing concurrency to 20 ******
1664882533.386577 -- INFO: Process Status Bits from change concurrency are: 1 1 1 1 1 1 1 1 1 1 1 1 1 1 1 1 1 1 1 1 0 0 0 0 0 0 0 0 0 0 0 0
1664882533.388447 -- INFO: Active CC: 20
1664882533.497385 -- INFO: Throughput @66.1s:924.93Mbps, rtt :42.02ms cwnd: 333.3 lossRate: 0.00028190420159827424 CC:20 score:-620.0 
1664882534.497691 -- INFO: Throughput @67.1s:924.68Mbps, rtt :40.88ms cwnd: 366.2 lossRate: 0 CC:20 score:-622.0 
1664882535.498798 -- INFO: Throughput @68.1s:950.23Mbps, rtt :40.82ms cwnd: 367.0 lossRate: 8.589905633750966e-05 CC:20 score:-639.0 
1664882536.499593 -- INFO: Throughput @69.1s:944.55Mbps, rtt :40.81ms cwnd: 368.2 lossRate: 0.0001475143826523086 CC:20 score:-634.0 
1664882537.309555 -- INFO: Iteration 19 Ends, Took 3.92 Seconds. Best Params: [20] and Score: -645.6666666666666.
1664882537.309720 -- INFO: Iteration 20 Starts ...
1664882537.309985 -- INFO: Changing concurrency to 20 ******
1664882537.311409 -- INFO: Process Status Bits from change concurrency are: 1 1 1 1 1 1 1 1 1 1 1 1 1 1 1 1 1 1 1 1 0 0 0 0 0 0 0 0 0 0 0 0
1664882537.313003 -- INFO: Active CC: 20
1664882537.500490 -- INFO: Throughput @70.1s:940.4Mbps, rtt :40.91ms cwnd: 369.4 lossRate: 0.00025778890771157106 CC:20 score:-630.0 
1664882538.505159 -- INFO: Throughput @71.1s:945.14Mbps, rtt :40.87ms cwnd: 373.9 lossRate: 0.0 CC:20 score:-636.0 
1664882539.503396 -- INFO: Throughput @72.1s:934.8Mbps, rtt :40.66ms cwnd: 359.0 lossRate: 0.00014791076050782695 CC:20 score:-628.0 
1664882540.503904 -- INFO: Throughput @73.1s:944.93Mbps, rtt :40.76ms cwnd: 374.8 lossRate: 0.0 CC:20 score:-636.0 
1664882541.019876 -- INFO: Iteration 20 Ends, Took 3.71 Seconds. Best Params: [20] and Score: -645.6666666666666.
1664882541.022095 -- INFO: Iteration 21 Starts ...
1664882541.022887 -- INFO: Changing concurrency to 20 ******
1664882541.025046 -- INFO: Process Status Bits from change concurrency are: 1 1 1 1 1 1 1 1 1 1 1 1 1 1 1 1 1 1 1 1 0 0 0 0 0 0 0 0 0 0 0 0
1664882541.026084 -- INFO: Active CC: 20
1664882541.504455 -- INFO: Throughput @74.1s:944.93Mbps, rtt :41.0ms cwnd: 366.8 lossRate: 0.00030804490062471504 CC:20 score:-633.0 
1664882542.506118 -- INFO: Throughput @75.1s:945.19Mbps, rtt :41.03ms cwnd: 372.2 lossRate: 0.0 CC:20 score:-636.0 
1664882543.505864 -- INFO: Throughput @76.1s:944.88Mbps, rtt :41.37ms cwnd: 376.7 lossRate: 0.0 CC:20 score:-636.0 
1664882544.532511 -- INFO: Throughput @77.1s:945.28Mbps, rtt :41.2ms cwnd: 376.9 lossRate: 0.00018025812964164685 CC:20 score:-634.0 
1664882544.863773 -- INFO: Iteration 21 Ends, Took 3.84 Seconds. Best Params: [20] and Score: -645.6666666666666.
1664882544.864222 -- INFO: Iteration 22 Starts ...
1664882544.864900 -- INFO: Changing concurrency to 20 ******
1664882544.866252 -- INFO: Process Status Bits from change concurrency are: 1 1 1 1 1 1 1 1 1 1 1 1 1 1 1 1 1 1 1 1 0 0 0 0 0 0 0 0 0 0 0 0
1664882544.867305 -- INFO: Active CC: 20
1664882545.508873 -- INFO: Throughput @78.1s:940.0Mbps, rtt :41.46ms cwnd: 379.0 lossRate: 0.0 CC:20 score:-633.0 
1664882546.510904 -- INFO: Throughput @79.1s:940.0Mbps, rtt :41.68ms cwnd: 380.3 lossRate: 0.0 CC:20 score:-633.0 
1664882547.510580 -- INFO: Throughput @80.1s:944.95Mbps, rtt :41.45ms cwnd: 377.0 lossRate: 9.833808634083981e-05 CC:20 score:-635.0 
1664882548.529104 -- INFO: Throughput @81.1s:935.02Mbps, rtt :41.36ms cwnd: 379.3 lossRate: 0.0 CC:20 score:-629.0 
1664882548.759015 -- INFO: Iteration 22 Ends, Took 3.89 Seconds. Best Params: [20] and Score: -645.6666666666666.
1664882548.759326 -- INFO: Iteration 23 Starts ...
1664882548.759833 -- INFO: Changing concurrency to 20 ******
1664882548.761381 -- INFO: Process Status Bits from change concurrency are: 1 1 1 1 1 1 1 1 1 1 1 1 1 1 1 1 1 1 1 1 0 0 0 0 0 0 0 0 0 0 0 0
1664882548.766816 -- INFO: Active CC: 20
1664882549.512413 -- INFO: Throughput @82.1s:950.02Mbps, rtt :41.4ms cwnd: 380.2 lossRate: 0.0 CC:20 score:-639.0 
1664882550.513263 -- INFO: Throughput @83.1s:940.0Mbps, rtt :41.09ms cwnd: 358.4 lossRate: 0.0005404210371170995 CC:20 score:-628.0 
1664882551.514370 -- INFO: Throughput @84.1s:944.73Mbps, rtt :41.44ms cwnd: 355.8 lossRate: 0.0001104213186759257 CC:20 score:-635.0 
1664882552.511986 -- INFO: Iteration 23 Ends, Took 3.75 Seconds. Best Params: [20] and Score: -645.6666666666666.
1664882552.512217 -- INFO: Iteration 24 Starts ...
1664882552.512599 -- INFO: Changing concurrency to 20 ******
1664882552.513997 -- INFO: Process Status Bits from change concurrency are: 1 1 1 1 1 1 1 1 1 1 1 1 1 1 1 1 1 1 1 1 0 0 0 0 0 0 0 0 0 0 0 0
1664882552.515160 -- INFO: Active CC: 20
1664882552.516329 -- INFO: Throughput @85.1s:940.23Mbps, rtt :41.42ms cwnd: 348.7 lossRate: 0.000245724395517987 CC:20 score:-630.0 
1664882553.516839 -- INFO: Throughput @86.1s:935.02Mbps, rtt :41.23ms cwnd: 347.0 lossRate: 1.2276867925454858e-05 CC:20 score:-629.0 
1664882554.517598 -- INFO: Throughput @87.1s:950.01Mbps, rtt :41.4ms cwnd: 341.2 lossRate: 0.0001719605964576117 CC:20 score:-638.0 
1664882555.518236 -- INFO: Throughput @88.1s:935.0Mbps, rtt :41.41ms cwnd: 342.4 lossRate: 0.0 CC:20 score:-629.0 
1664882556.303903 -- INFO: Iteration 24 Ends, Took 3.79 Seconds. Best Params: [20] and Score: -645.6666666666666.
1664882556.304114 -- INFO: Iteration 25 Starts ...
1664882556.304502 -- INFO: Changing concurrency to 20 ******
1664882556.306182 -- INFO: Process Status Bits from change concurrency are: 1 1 1 1 1 1 1 1 1 1 1 1 1 1 1 1 1 1 1 1 0 0 0 0 0 0 0 0 0 0 0 0
1664882556.307322 -- INFO: Active CC: 20
1664882556.519410 -- INFO: Throughput @89.1s:950.0Mbps, rtt :41.67ms cwnd: 334.6 lossRate: 0.00015956598053295037 CC:20 score:-638.0 
1664882557.521431 -- INFO: Throughput @90.1s:949.76Mbps, rtt :41.36ms cwnd: 334.7 lossRate: 0.0 CC:20 score:-639.0 
1664882558.522109 -- INFO: Throughput @91.1s:950.02Mbps, rtt :41.24ms cwnd: 328.4 lossRate: 0.00031931617213597956 CC:20 score:-636.0 
1664882559.522444 -- INFO: Throughput @92.1s:944.77Mbps, rtt :41.12ms cwnd: 329.9 lossRate: 8.60141063134354e-05 CC:20 score:-635.0 
1664882559.996401 -- INFO: Iteration 25 Ends, Took 3.69 Seconds. Best Params: [20] and Score: -645.6666666666666.
1664882559.996864 -- INFO: Iteration 26 Starts ...
1664882559.997570 -- INFO: Changing concurrency to 20 ******
1664882559.999553 -- INFO: Process Status Bits from change concurrency are: 1 1 1 1 1 1 1 1 1 1 1 1 1 1 1 1 1 1 1 1 0 0 0 0 0 0 0 0 0 0 0 0
1664882560.002352 -- INFO: Active CC: 20
1664882560.524153 -- INFO: Throughput @93.1s:935.27Mbps, rtt :41.35ms cwnd: 325.3 lossRate: 0.00015971300801022163 CC:20 score:-628.0 
1664882561.525202 -- INFO: Throughput @94.1s:935.02Mbps, rtt :41.14ms cwnd: 327.0 lossRate: 0.0 CC:20 score:-629.0 
1664882562.524961 -- INFO: Throughput @95.1s:935.02Mbps, rtt :41.26ms cwnd: 327.7 lossRate: 0.0 CC:20 score:-629.0 
1664882563.539711 -- INFO: Throughput @96.1s:935.02Mbps, rtt :40.94ms cwnd: 329.2 lossRate: 0.0 CC:20 score:-629.0 
1664882563.916591 -- INFO: Iteration 26 Ends, Took 3.92 Seconds. Best Params: [20] and Score: -645.6666666666666.
1664882563.916880 -- INFO: Iteration 27 Starts ...
1664882563.917392 -- INFO: Changing concurrency to 20 ******
1664882563.918957 -- INFO: Process Status Bits from change concurrency are: 1 1 1 1 1 1 1 1 1 1 1 1 1 1 1 1 1 1 1 1 0 0 0 0 0 0 0 0 0 0 0 0
1664882563.920176 -- INFO: Active CC: 20
1664882564.527579 -- INFO: Throughput @97.1s:935.0Mbps, rtt :41.19ms cwnd: 334.8 lossRate: 0.0 CC:20 score:-629.0 
1664882565.528937 -- INFO: Throughput @98.1s:945.04Mbps, rtt :41.24ms cwnd: 334.2 lossRate: 9.81823983505357e-05 CC:20 score:-635.0 
1664882566.529512 -- INFO: Throughput @99.1s:939.79Mbps, rtt :41.24ms cwnd: 333.0 lossRate: 7.3714601634007e-05 CC:20 score:-632.0 
1664882567.575566 -- INFO: Throughput @100.1s:944.93Mbps, rtt :41.43ms cwnd: 344.8 lossRate: 8.376311790257153e-05 CC:20 score:-635.0 
1664882567.677459 -- INFO: Iteration 27 Ends, Took 3.76 Seconds. Best Params: [20] and Score: -645.6666666666666.
1664882567.685071 -- INFO: Iteration 28 Starts ...
1664882567.685498 -- INFO: Changing concurrency to 23 ******
1664882567.686726 -- INFO: Process Status Bits from change concurrency are: 1 1 1 1 1 1 1 1 1 1 1 1 1 1 1 1 1 1 1 1 1 1 1 0 0 0 0 0 0 0 0 0
1664882567.687081 -- INFO: Start Process :: 20
1664882567.687412 -- INFO: Start Process :: 21
1664882567.687989 -- INFO: Active CC: 23
1664882567.687851 -- INFO: Start Process :: 22
1664882567.728345 -- INFO: Process 21 get item 7 from queue and executing
1664882567.728802 -- INFO: Process 20 get item 19 from queue and executing
1664882567.728821 -- INFO: starting 21, 7, /users/jamilm/files_to_Send/FILE3
1664882567.728917 -- INFO: Process 22 get item 4 from queue and executing
1664882567.729132 -- INFO: starting 20, 19, /users/jamilm/files_to_Send/FILE3
1664882567.729337 -- INFO: starting 22, 4, /users/jamilm/files_to_Send/FILE2
1664882568.530943 -- INFO: Throughput @101.2s:901.51Mbps, rtt :42.2ms cwnd: 317.2 lossRate: 3.788548480792059e-05 CC:23 score:-571.0 
1664882569.531710 -- INFO: Throughput @102.2s:951.63Mbps, rtt :42.41ms cwnd: 318.3 lossRate: 0.0 CC:23 score:-603.0 
1664882570.532931 -- INFO: Throughput @103.2s:958.77Mbps, rtt :42.0ms cwnd: 295.0 lossRate: 0.00042994373879075255 CC:23 score:-604.0 
1664882571.527241 -- INFO: Iteration 28 Ends, Took 3.84 Seconds. Best Params: [20] and Score: -645.6666666666666.
1664882571.527468 -- INFO: Iteration 29 Starts ...
1664882571.527749 -- INFO: Changing concurrency to 32 ******
1664882571.528605 -- INFO: Process Status Bits from change concurrency are: 1 1 1 1 1 1 1 1 1 1 1 1 1 1 1 1 1 1 1 1 1 1 1 1 1 1 1 1 1 1 1 1
1664882571.528796 -- INFO: Active CC: 32
1664882571.529444 -- INFO: Start Process :: 24
1664882571.529603 -- INFO: Start Process :: 28
1664882571.529658 -- INFO: Start Process :: 31
1664882571.529731 -- INFO: Start Process :: 30
1664882571.529822 -- INFO: Start Process :: 23
1664882571.530322 -- INFO: Start Process :: 27
1664882571.530061 -- INFO: Start Process :: 29
1664882571.530111 -- INFO: Start Process :: 25
1664882571.530326 -- INFO: Start Process :: 26
1664882571.534451 -- INFO: Throughput @104.2s:950.15Mbps, rtt :41.9ms cwnd: 291.2 lossRate: 9.825475000307046e-05 CC:23 score:-602.0 
1664882571.571759 -- INFO: Process 24 get item 20 from queue and executing
1664882571.572189 -- INFO: starting 24, 20, /users/jamilm/files_to_Send/FILE2
1664882571.572660 -- INFO: Process 29 get item 22 from queue and executing
1664882571.572809 -- INFO: Process 31 get item 18 from queue and executing
1664882571.573076 -- INFO: Process 30 get item 6 from queue and executing
1664882571.573156 -- INFO: starting 29, 22, /users/jamilm/files_to_Send/FILE0
1664882571.573202 -- INFO: Process 23 get item 30 from queue and executing
1664882571.573235 -- INFO: starting 31, 18, /users/jamilm/files_to_Send/FILE0
1664882571.573262 -- INFO: Process 25 get item 16 from queue and executing
1664882571.573487 -- INFO: starting 30, 6, /users/jamilm/files_to_Send/FILE0
1664882571.573618 -- INFO: starting 23, 30, /users/jamilm/files_to_Send/FILE0
1664882571.573734 -- INFO: starting 25, 16, /users/jamilm/files_to_Send/FILE2
1664882571.574440 -- INFO: Process 28 get item 21 from queue and executing
1664882571.574822 -- INFO: Process 27 get item 25 from queue and executing
1664882571.574882 -- INFO: Process 26 get item 12 from queue and executing
1664882571.574907 -- INFO: starting 28, 21, /users/jamilm/files_to_Send/FILE1
1664882571.575243 -- INFO: starting 27, 25, /users/jamilm/files_to_Send/FILE1
1664882571.575405 -- INFO: starting 26, 12, /users/jamilm/files_to_Send/FILE2
1664882572.536808 -- INFO: Throughput @105.2s:1033.7Mbps, rtt :43.32ms cwnd: 234.3 lossRate: 0.00012276114364281418 CC:32 score:-547.0 
1664882573.540599 -- INFO: Throughput @106.2s:933.62Mbps, rtt :43.28ms cwnd: 234.5 lossRate: 0.0 CC:32 score:-495.0 
1664882574.541754 -- INFO: Throughput @107.2s:942.06Mbps, rtt :43.12ms cwnd: 231.3 lossRate: 0.00011054202439294005 CC:32 score:-499.0 
1664882575.065964 -- INFO: Iteration 29 Ends, Took 3.54 Seconds. Best Params: [20] and Score: -645.6666666666666.
1664882575.068815 -- INFO: Iteration 30 Starts ...
1664882575.069478 -- INFO: Changing concurrency to 1 ******
1664882575.069894 -- INFO: Process Status Bits from change concurrency are: 1 0 0 0 0 0 0 0 0 0 0 0 0 0 0 0 0 0 0 0 0 0 0 0 0 0 0 0 0 0 0 0
1664882575.070304 -- INFO: Active CC: 1
1664882575.546179 -- INFO: Throughput @108.2s:602.59Mbps, rtt :38.7ms cwnd: 122.7 lossRate: 0 CC:1 score:-591.0 
1664882576.548903 -- INFO: Throughput @109.2s:45.0Mbps, rtt :38.59ms cwnd: 187.0 lossRate: 0 CC:1 score:-44.0 
1664882577.549249 -- INFO: Throughput @110.2s:55.0Mbps, rtt :38.65ms cwnd: 237.0 lossRate: 0.0 CC:1 score:-54.0 
1664882578.546298 -- INFO: Throughput @111.2s:50.0Mbps, rtt :39.08ms cwnd: 263.0 lossRate: 0.0 CC:1 score:-49.0 
1664882578.753214 -- INFO: Iteration 30 Ends, Took 3.68 Seconds. Best Params: [20] and Score: -645.6666666666666.
1664882578.753671 -- INFO: Iteration 31 Starts ...
1664882578.754223 -- INFO: Changing concurrency to 10 ******
1664882578.756392 -- INFO: Start Process :: 2
1664882578.756552 -- INFO: Start Process :: 3
1664882578.757487 -- INFO: Start Process :: 6
1664882578.757772 -- INFO: Start Process :: 7
1664882578.758288 -- INFO: Start Process :: 5
1664882578.758618 -- INFO: Start Process :: 1
1664882578.759075 -- INFO: Start Process :: 8
1664882578.760274 -- INFO: Start Process :: 4
1664882578.760509 -- INFO: Start Process :: 9
1664882578.761250 -- INFO: Process Status Bits from change concurrency are: 1 1 1 1 1 1 1 1 1 1 0 0 0 0 0 0 0 0 0 0 0 0 0 0 0 0 0 0 0 0 0 0
1664882578.763713 -- INFO: Active CC: 10
1664882578.796104 -- INFO: Process 2 get item 21 from queue and executing
1664882578.797430 -- INFO: Process 3 get item 4 from queue and executing
1664882578.797602 -- INFO: Process 6 get item 28 from queue and executing
1664882578.797650 -- INFO: starting 2, 21, /users/jamilm/files_to_Send/FILE1
1664882578.797748 -- INFO: Process 7 get item 18 from queue and executing
1664882578.798001 -- INFO: starting 3, 4, /users/jamilm/files_to_Send/FILE2
1664882578.798179 -- INFO: starting 7, 18, /users/jamilm/files_to_Send/FILE0
1664882578.798472 -- INFO: Process 5 get item 31 from queue and executing
1664882578.798528 -- INFO: starting 6, 28, /users/jamilm/files_to_Send/FILE2
1664882578.798905 -- INFO: starting 5, 31, /users/jamilm/files_to_Send/FILE3
1664882578.798945 -- INFO: Process 1 get item 26 from queue and executing
1664882578.799285 -- INFO: Process 8 get item 9 from queue and executing
1664882578.799851 -- INFO: starting 8, 9, /users/jamilm/files_to_Send/FILE1
1664882578.800014 -- INFO: starting 1, 26, /users/jamilm/files_to_Send/FILE0
1664882578.800226 -- INFO: Process 9 get item 5 from queue and executing
1664882578.800703 -- INFO: starting 9, 5, /users/jamilm/files_to_Send/FILE1
1664882578.800925 -- INFO: Process 4 get item 11 from queue and executing
1664882578.801566 -- INFO: starting 4, 11, /users/jamilm/files_to_Send/FILE3
1664882579.544485 -- INFO: Throughput @112.2s:227.58Mbps, rtt :39.11ms cwnd: 123.4 lossRate: 0.00012156576707999027 CC:10 score:-186.0 
1664882580.547922 -- INFO: Throughput @113.2s:475.02Mbps, rtt :39.08ms cwnd: 293.7 lossRate: 0.00020481543853261117 CC:10 score:-389.0 
1664882581.549450 -- INFO: Throughput @114.2s:477.39Mbps, rtt :39.34ms cwnd: 355.6 lossRate: 0.00021737030238624288 CC:10 score:-391.0 
1664882582.510561 -- INFO: Iteration 31 Ends, Took 3.76 Seconds. Best Params: [20] and Score: -645.6666666666666.
1664882582.510789 -- INFO: Iteration 32 Starts ...
1664882582.511102 -- INFO: Changing concurrency to 27 ******
1664882582.513183 -- INFO: Start Process :: 13
1664882582.513574 -- INFO: Process Status Bits from change concurrency are: 1 1 1 1 1 1 1 1 1 1 1 1 1 1 1 1 1 1 1 1 1 1 1 1 1 1 1 0 0 0 0 0
1664882582.513494 -- INFO: Start Process :: 12
1664882582.513870 -- INFO: Start Process :: 20
1664882582.513684 -- INFO: Start Process :: 18
1664882582.514127 -- INFO: Start Process :: 24
1664882582.513496 -- INFO: Start Process :: 15
1664882582.514138 -- INFO: Start Process :: 22
1664882582.514311 -- INFO: Active CC: 27
1664882582.514261 -- INFO: Start Process :: 25
1664882582.514195 -- INFO: Start Process :: 21
1664882582.513824 -- INFO: Start Process :: 10
1664882582.514704 -- INFO: Start Process :: 19
1664882582.514895 -- INFO: Start Process :: 16
1664882582.515069 -- INFO: Start Process :: 26
1664882582.515085 -- INFO: Start Process :: 23
1664882582.514365 -- INFO: Start Process :: 14
1664882582.515300 -- INFO: Start Process :: 17
1664882582.515089 -- INFO: Start Process :: 11
1664882582.547579 -- INFO: Throughput @115.2s:482.55Mbps, rtt :39.58ms cwnd: 135.7 lossRate: 0.000313487183197087 CC:27 score:-281.0 
1664882582.553408 -- INFO: Process 13 get item 8 from queue and executing
1664882582.553370 -- INFO: Process 12 get item 23 from queue and executing
1664882582.553702 -- INFO: starting 13, 8, /users/jamilm/files_to_Send/FILE2
1664882582.553842 -- INFO: Process 20 get item 25 from queue and executing
1664882582.553926 -- INFO: starting 12, 23, /users/jamilm/files_to_Send/FILE3
1664882582.554142 -- INFO: Process 24 get item 12 from queue and executing
1664882582.554274 -- INFO: starting 20, 25, /users/jamilm/files_to_Send/FILE1
1664882582.554428 -- INFO: starting 24, 12, /users/jamilm/files_to_Send/FILE2
1664882582.554427 -- INFO: Process 19 get item 10 from queue and executing
1664882582.554800 -- INFO: Process 15 get item 17 from queue and executing
1664882582.554873 -- INFO: Process 16 get item 3 from queue and executing
1664882582.554916 -- INFO: starting 19, 10, /users/jamilm/files_to_Send/FILE0
1664882582.554947 -- INFO: Process 25 get item 19 from queue and executing
1664882582.555187 -- INFO: starting 16, 3, /users/jamilm/files_to_Send/FILE3
1664882582.555216 -- INFO: Process 26 get item 6 from queue and executing
1664882582.555185 -- INFO: Process 21 get item 13 from queue and executing
1664882582.555298 -- INFO: starting 15, 17, /users/jamilm/files_to_Send/FILE1
1664882582.555301 -- INFO: starting 25, 19, /users/jamilm/files_to_Send/FILE3
1664882582.555454 -- INFO: Process 10 get item 7 from queue and executing
1664882582.555502 -- INFO: starting 26, 6, /users/jamilm/files_to_Send/FILE0
1664882582.555535 -- INFO: Process 23 get item 27 from queue and executing
1664882582.555632 -- INFO: starting 21, 13, /users/jamilm/files_to_Send/FILE1
1664882582.555642 -- INFO: Process 22 get item 24 from queue and executing
1664882582.555763 -- INFO: Process 18 get item 22 from queue and executing
1664882582.555956 -- INFO: starting 23, 27, /users/jamilm/files_to_Send/FILE3
1664882582.555967 -- INFO: starting 22, 24, /users/jamilm/files_to_Send/FILE2
1664882582.556065 -- INFO: starting 10, 7, /users/jamilm/files_to_Send/FILE3
1664882582.556135 -- INFO: starting 18, 22, /users/jamilm/files_to_Send/FILE0
1664882582.556329 -- INFO: Process 14 get item 29 from queue and executing
1664882582.556504 -- INFO: Process 11 get item 16 from queue and executing
1664882582.556648 -- INFO: Process 17 get item 30 from queue and executing
1664882582.556846 -- INFO: starting 14, 29, /users/jamilm/files_to_Send/FILE1
1664882582.557295 -- INFO: starting 11, 16, /users/jamilm/files_to_Send/FILE2
1664882582.557510 -- INFO: starting 17, 30, /users/jamilm/files_to_Send/FILE0
1664882583.546396 -- INFO: Throughput @116.2s:932.94Mbps, rtt :42.18ms cwnd: 209.0 lossRate: 5.5838626369791304e-05 CC:27 score:-546.0 
1664882584.546950 -- INFO: Throughput @117.2s:969.04Mbps, rtt :42.68ms cwnd: 218.9 lossRate: 0.00030689155679948933 CC:27 score:-565.0 
1664882585.547712 -- INFO: Throughput @118.2s:943.55Mbps, rtt :42.46ms cwnd: 220.3 lossRate: 0.0001474889997787665 CC:27 score:-551.0 
1664882586.366713 -- INFO: Iteration 32 Ends, Took 3.86 Seconds. Best Params: [20] and Score: -645.6666666666666.
1664882586.366972 -- INFO: Iteration 33 Starts ...
1664882586.367342 -- INFO: Changing concurrency to 20 ******
1664882586.367992 -- INFO: Process Status Bits from change concurrency are: 1 1 1 1 1 1 1 1 1 1 1 1 1 1 1 1 1 1 1 1 0 0 0 0 0 0 0 0 0 0 0 0
1664882586.368617 -- INFO: Active CC: 20
1664882586.550151 -- INFO: Throughput @119.2s:920.92Mbps, rtt :41.64ms cwnd: 215.2 lossRate: 0.00016453272705516334 CC:20 score:-618.0 
1664882587.549034 -- INFO: Throughput @120.2s:879.47Mbps, rtt :40.29ms cwnd: 276.8 lossRate: 0.0004108723135271808 CC:20 score:-588.0 
1664882588.550973 -- INFO: Throughput @121.2s:931.27Mbps, rtt :40.75ms cwnd: 314.2 lossRate: 0.00022091039628870535 CC:20 score:-625.0 
1664882589.552200 -- INFO: Throughput @122.2s:940.5Mbps, rtt :40.4ms cwnd: 326.8 lossRate: 0.00014737669483199056 CC:20 score:-632.0 
1664882590.252684 -- INFO: Iteration 33 Ends, Took 3.89 Seconds. Best Params: [20] and Score: -637.6666666666666.
1664882590.252868 -- INFO: Iteration 34 Starts ...
1664882590.253178 -- INFO: Changing concurrency to 20 ******
1664882590.254306 -- INFO: Process Status Bits from change concurrency are: 1 1 1 1 1 1 1 1 1 1 1 1 1 1 1 1 1 1 1 1 0 0 0 0 0 0 0 0 0 0 0 0
1664882590.256007 -- INFO: Active CC: 20
1664882590.553390 -- INFO: Throughput @123.2s:936.18Mbps, rtt :41.04ms cwnd: 337.4 lossRate: 0.0 CC:20 score:-630.0 
1664882591.554212 -- INFO: Throughput @124.2s:944.35Mbps, rtt :41.3ms cwnd: 341.6 lossRate: 0.0 CC:20 score:-636.0 
1664882592.556443 -- INFO: Throughput @125.2s:946.41Mbps, rtt :41.71ms cwnd: 338.7 lossRate: 0.00014734050390452334 CC:20 score:-636.0 
1664882593.556191 -- INFO: Throughput @126.2s:953.42Mbps, rtt :42.03ms cwnd: 337.8 lossRate: 0.00012288937498463882 CC:20 score:-640.0 
1664882594.106836 -- INFO: Iteration 34 Ends, Took 3.85 Seconds. Best Params: [20] and Score: -637.6666666666666.
1664882594.107344 -- INFO: Iteration 35 Starts ...
1664882594.108109 -- INFO: Changing concurrency to 20 ******
1664882594.109716 -- INFO: Process Status Bits from change concurrency are: 1 1 1 1 1 1 1 1 1 1 1 1 1 1 1 1 1 1 1 1 0 0 0 0 0 0 0 0 0 0 0 0
1664882594.112157 -- INFO: Active CC: 20
1664882594.557131 -- INFO: Throughput @127.2s:952.55Mbps, rtt :42.35ms cwnd: 332.6 lossRate: 0.0002701574281012845 CC:20 score:-638.0 
1664882595.558705 -- INFO: Throughput @128.2s:939.97Mbps, rtt :42.01ms cwnd: 330.2 lossRate: 0.0001472844430806996 CC:20 score:-631.0 
1664882596.560048 -- INFO: Throughput @129.2s:943.38Mbps, rtt :42.23ms cwnd: 329.4 lossRate: 9.824389045806215e-05 CC:20 score:-634.0 
1664882597.623362 -- INFO: Throughput @130.2s:945.28Mbps, rtt :41.77ms cwnd: 326.9 lossRate: 5.817403343843442e-05 CC:20 score:-636.0 
1664882597.990036 -- INFO: Iteration 35 Ends, Took 3.88 Seconds. Best Params: [20] and Score: -637.6666666666666.
1664882597.990310 -- INFO: Iteration 36 Starts ...
1664882597.990817 -- INFO: Changing concurrency to 20 ******
1664882597.993047 -- INFO: Process Status Bits from change concurrency are: 1 1 1 1 1 1 1 1 1 1 1 1 1 1 1 1 1 1 1 1 0 0 0 0 0 0 0 0 0 0 0 0
1664882597.994823 -- INFO: Active CC: 20
1664882598.561197 -- INFO: Throughput @131.2s:952.13Mbps, rtt :41.82ms cwnd: 321.5 lossRate: 0.00013019307633220064 CC:20 score:-640.0 
1664882599.562490 -- INFO: Throughput @132.2s:927.75Mbps, rtt :41.9ms cwnd: 349.7 lossRate: 0.0 CC:20 score:-624.0 
1664882600.563123 -- INFO: Throughput @133.2s:934.62Mbps, rtt :41.93ms cwnd: 351.2 lossRate: 0.00011054338213618945 CC:20 score:-628.0 
1664882601.573490 -- INFO: Throughput @134.2s:940.66Mbps, rtt :41.49ms cwnd: 354.5 lossRate: 9.743027645840945e-05 CC:20 score:-632.0 
1664882601.951068 -- INFO: Iteration 36 Ends, Took 3.96 Seconds. Best Params: [20] and Score: -637.6666666666666.
1664882601.951408 -- INFO: Iteration 37 Starts ...
1664882601.951838 -- INFO: Changing concurrency to 19 ******
1664882601.953228 -- INFO: Process Status Bits from change concurrency are: 1 1 1 1 1 1 1 1 1 1 1 1 1 1 1 1 1 1 1 0 0 0 0 0 0 0 0 0 0 0 0 0
1664882601.954259 -- INFO: Active CC: 19
1664882602.566020 -- INFO: Throughput @135.2s:936.3Mbps, rtt :41.58ms cwnd: 380.9 lossRate: 0 CC:19 score:-643.0 
1664882603.566397 -- INFO: Throughput @136.2s:920.67Mbps, rtt :41.0ms cwnd: 400.1 lossRate: 0.0 CC:19 score:-632.0 
1664882604.567661 -- INFO: Throughput @137.2s:929.71Mbps, rtt :40.95ms cwnd: 431.7 lossRate: 0.0 CC:19 score:-638.0 
1664882605.583714 -- INFO: Throughput @138.2s:945.35Mbps, rtt :40.9ms cwnd: 426.5 lossRate: 0.00017059232090852597 CC:19 score:-647.0 
1664882606.051775 -- INFO: Iteration 37 Ends, Took 4.1 Seconds. Best Params: [20] and Score: -637.6666666666666.
1664882606.052047 -- INFO: Iteration 38 Starts ...
1664882606.052376 -- INFO: Changing concurrency to 18 ******
1664882606.054732 -- INFO: Process Status Bits from change concurrency are: 1 1 1 1 1 1 1 1 1 1 1 1 1 1 1 1 1 1 0 0 0 0 0 0 0 0 0 0 0 0 0 0
1664882606.056663 -- INFO: Active CC: 18
1664882606.569206 -- INFO: Throughput @139.2s:925.02Mbps, rtt :40.39ms cwnd: 429.9 lossRate: 0 CC:18 score:-648.0 
1664882607.570539 -- INFO: Throughput @140.2s:900.0Mbps, rtt :40.14ms cwnd: 433.4 lossRate: 0.0 CC:18 score:-630.0 
1664882608.571730 -- INFO: Throughput @141.2s:900.0Mbps, rtt :40.36ms cwnd: 435.3 lossRate: 0.0 CC:18 score:-630.0 
1664882609.574192 -- INFO: Throughput @142.2s:900.0Mbps, rtt :40.39ms cwnd: 425.8 lossRate: 0.00020609261286790752 CC:18 score:-628.0 
1664882610.171769 -- INFO: Iteration 38 Ends, Took 4.12 Seconds. Best Params: [20] and Score: -637.6666666666666.
1664882610.171982 -- INFO: Iteration 39 Starts ...
1664882610.172347 -- INFO: Changing concurrency to 18 ******
1664882610.174554 -- INFO: Process Status Bits from change concurrency are: 1 1 1 1 1 1 1 1 1 1 1 1 1 1 1 1 1 1 0 0 0 0 0 0 0 0 0 0 0 0 0 0
1664882610.176631 -- INFO: Active CC: 18
1664882610.573707 -- INFO: Throughput @143.2s:900.0Mbps, rtt :40.41ms cwnd: 432.3 lossRate: 0.0 CC:18 score:-630.0 
1664882611.574236 -- INFO: Throughput @144.2s:900.0Mbps, rtt :40.35ms cwnd: 435.3 lossRate: 0.0 CC:18 score:-630.0 
1664882612.575844 -- INFO: Throughput @145.2s:900.0Mbps, rtt :40.5ms cwnd: 421.0 lossRate: 0.0003980176154893049 CC:18 score:-627.0 
1664882613.576574 -- INFO: Throughput @146.2s:900.0Mbps, rtt :40.49ms cwnd: 423.4 lossRate: 0.0 CC:18 score:-630.0 
1664882614.286053 -- INFO: Iteration 39 Ends, Took 4.11 Seconds. Best Params: [20] and Score: -637.6666666666666.
1664882614.286299 -- INFO: Iteration 40 Starts ...
1664882614.286808 -- INFO: Changing concurrency to 19 ******
1664882614.288840 -- INFO: Process Status Bits from change concurrency are: 1 1 1 1 1 1 1 1 1 1 1 1 1 1 1 1 1 1 1 0 0 0 0 0 0 0 0 0 0 0 0 0
1664882614.288856 -- INFO: Start Process :: 18
1664882614.290696 -- INFO: Active CC: 19
1664882614.329478 -- INFO: Process 18 get item 14 from queue and executing
1664882614.329901 -- INFO: starting 18, 14, /users/jamilm/files_to_Send/FILE0
1664882614.577853 -- INFO: Throughput @147.2s:910.0Mbps, rtt :40.69ms cwnd: 414.3 lossRate: 0.0 CC:19 score:-625.0 
1664882615.578237 -- INFO: Throughput @148.2s:955.0Mbps, rtt :41.45ms cwnd: 408.5 lossRate: 0.000147441883324323 CC:19 score:-654.0 
1664882616.580074 -- INFO: Throughput @149.2s:950.0Mbps, rtt :41.46ms cwnd: 410.2 lossRate: 0.0 CC:19 score:-652.0 
1664882617.580520 -- INFO: Throughput @150.2s:945.0Mbps, rtt :41.45ms cwnd: 411.5 lossRate: 0.0 CC:19 score:-649.0 
1664882618.262392 -- INFO: Iteration 40 Ends, Took 3.98 Seconds. Best Params: [19] and Score: -643.6666666666666.
1664882618.262598 -- INFO: Iteration 41 Starts ...
1664882618.262995 -- INFO: Changing concurrency to 19 ******
1664882618.264257 -- INFO: Process Status Bits from change concurrency are: 1 1 1 1 1 1 1 1 1 1 1 1 1 1 1 1 1 1 1 0 0 0 0 0 0 0 0 0 0 0 0 0
1664882618.265676 -- INFO: Active CC: 19
1664882618.581410 -- INFO: Throughput @151.2s:945.0Mbps, rtt :41.48ms cwnd: 412.8 lossRate: 0.0 CC:19 score:-649.0 
1664882619.582786 -- INFO: Throughput @152.2s:940.0Mbps, rtt :41.49ms cwnd: 414.2 lossRate: 0.0 CC:19 score:-645.0 
1664882620.583455 -- INFO: Throughput @153.2s:940.0Mbps, rtt :41.42ms cwnd: 409.2 lossRate: 0.00014742014742014743 CC:19 score:-644.0 
1664882621.583981 -- INFO: Throughput @154.2s:945.0Mbps, rtt :41.37ms cwnd: 410.2 lossRate: 0.0 CC:19 score:-649.0 
1664882622.237556 -- INFO: Iteration 41 Ends, Took 3.97 Seconds. Best Params: [19] and Score: -646.0.
1664882622.237784 -- INFO: Iteration 42 Starts ...
1664882622.238257 -- INFO: Changing concurrency to 19 ******
1664882622.240702 -- INFO: Process Status Bits from change concurrency are: 1 1 1 1 1 1 1 1 1 1 1 1 1 1 1 1 1 1 1 0 0 0 0 0 0 0 0 0 0 0 0 0
1664882622.242232 -- INFO: Active CC: 19
1664882622.586627 -- INFO: Throughput @155.2s:945.0Mbps, rtt :42.05ms cwnd: 424.9 lossRate: 0.0001103184525998382 CC:19 score:-648.0 
1664882623.586896 -- INFO: Throughput @156.2s:945.0Mbps, rtt :41.59ms cwnd: 421.9 lossRate: 0.0001352897044534911 CC:19 score:-647.0 
1664882624.587651 -- INFO: Throughput @157.2s:945.0Mbps, rtt :41.51ms cwnd: 410.6 lossRate: 0.0002948439170014374 CC:19 score:-646.0 
1664882625.588766 -- INFO: Throughput @158.2s:940.0Mbps, rtt :41.3ms cwnd: 406.8 lossRate: 0.00011045519814435268 CC:19 score:-644.0 
1664882626.299852 -- INFO: Iteration 42 Ends, Took 4.06 Seconds. Best Params: [19] and Score: -647.0.
1664882626.300103 -- INFO: Iteration 43 Starts ...
1664882626.300666 -- INFO: Changing concurrency to 19 ******
1664882626.302691 -- INFO: Process Status Bits from change concurrency are: 1 1 1 1 1 1 1 1 1 1 1 1 1 1 1 1 1 1 1 0 0 0 0 0 0 0 0 0 0 0 0 0
1664882626.304242 -- INFO: Active CC: 19
1664882626.589706 -- INFO: Throughput @159.2s:935.0Mbps, rtt :41.52ms cwnd: 416.3 lossRate: 0.0 CC:19 score:-642.0 
1664882627.590788 -- INFO: Throughput @160.2s:940.0Mbps, rtt :41.61ms cwnd: 418.7 lossRate: 0.0 CC:19 score:-645.0 
1664882628.591384 -- INFO: Throughput @161.2s:945.0Mbps, rtt :41.67ms cwnd: 420.8 lossRate: 0.0 CC:19 score:-649.0 
1664882629.592266 -- INFO: Throughput @162.2s:950.0Mbps, rtt :40.9ms cwnd: 407.1 lossRate: 0.00014730071440846487 CC:19 score:-651.0 
1664882630.421337 -- INFO: Iteration 43 Ends, Took 4.12 Seconds. Best Params: [19] and Score: -647.0.
1664882630.421567 -- INFO: Iteration 44 Starts ...
1664882630.422034 -- INFO: Changing concurrency to 19 ******
1664882630.423831 -- INFO: Process Status Bits from change concurrency are: 1 1 1 1 1 1 1 1 1 1 1 1 1 1 1 1 1 1 1 0 0 0 0 0 0 0 0 0 0 0 0 0
1664882630.425958 -- INFO: Active CC: 19
1664882630.594272 -- INFO: Throughput @163.2s:940.0Mbps, rtt :41.96ms cwnd: 416.4 lossRate: 0.0 CC:19 score:-645.0 
1664882631.595114 -- INFO: Throughput @164.2s:950.0Mbps, rtt :42.58ms cwnd: 419.9 lossRate: 0.0 CC:19 score:-652.0 
1664882632.596090 -- INFO: Throughput @165.2s:940.0Mbps, rtt :42.41ms cwnd: 422.8 lossRate: 0.0 CC:19 score:-645.0 
1664882633.596356 -- INFO: Throughput @166.2s:940.0Mbps, rtt :42.35ms cwnd: 421.4 lossRate: 0.0001476087384373155 CC:19 score:-644.0 
1664882634.580599 -- INFO: Iteration 44 Ends, Took 4.16 Seconds. Best Params: [19] and Score: -647.0.
1664882634.580916 -- INFO: Iteration 45 Starts ...
1664882634.581415 -- INFO: Changing concurrency to 19 ******
1664882634.583495 -- INFO: Process Status Bits from change concurrency are: 1 1 1 1 1 1 1 1 1 1 1 1 1 1 1 1 1 1 1 0 0 0 0 0 0 0 0 0 0 0 0 0
1664882634.585722 -- INFO: Active CC: 19
1664882634.597516 -- INFO: Throughput @167.2s:925.0Mbps, rtt :42.01ms cwnd: 424.3 lossRate: 6.143260842855388e-05 CC:19 score:-634.0 
1664882635.598872 -- INFO: Throughput @168.2s:945.0Mbps, rtt :42.42ms cwnd: 429.2 lossRate: 0.0 CC:19 score:-649.0 
1664882636.598635 -- INFO: Throughput @169.2s:945.0Mbps, rtt :41.79ms cwnd: 432.4 lossRate: 0.0 CC:19 score:-649.0 
1664882637.600295 -- INFO: Throughput @170.2s:945.0Mbps, rtt :41.82ms cwnd: 422.5 lossRate: 0.00023319750601404095 CC:19 score:-646.0 
1664882638.417336 -- INFO: Process 0 finished on working on file 0 
1664882638.420703 -- INFO: Process 0 get item 2 from queue and executing
1664882638.421758 -- INFO: starting 0, 2, /users/jamilm/files_to_Send/FILE0
1664882638.602913 -- INFO: Throughput @171.2s:940.0Mbps, rtt :41.94ms cwnd: 421.2 lossRate: 7.365668618568851e-05 CC:19 score:-645.0 
1664882638.622797 -- INFO: Iteration 45 Ends, Took 4.04 Seconds. Best Params: [19] and Score: -648.0.
1664882638.623032 -- INFO: Iteration 46 Starts ...
1664882638.623539 -- INFO: Changing concurrency to 19 ******
1664882638.624927 -- INFO: Process Status Bits from change concurrency are: 1 1 1 1 1 1 1 1 1 1 1 1 1 1 1 1 1 1 1 0 0 0 0 0 0 0 0 0 0 0 0 0
1664882638.626563 -- INFO: Active CC: 19
1664882639.603244 -- INFO: Throughput @172.2s:940.0Mbps, rtt :41.81ms cwnd: 427.4 lossRate: 0.0 CC:19 score:-645.0 
1664882640.604269 -- INFO: Throughput @173.2s:935.0Mbps, rtt :41.67ms cwnd: 428.9 lossRate: 0.0 CC:19 score:-642.0 
1664882641.286699 -- INFO: Process 6 finished on working on file 28 
1664882641.288651 -- INFO: Process 6 get item 20 from queue and executing
1664882641.289068 -- INFO: starting 6, 20, /users/jamilm/files_to_Send/FILE2
1664882641.604883 -- INFO: Throughput @174.2s:940.0Mbps, rtt :41.75ms cwnd: 417.9 lossRate: 0.00023338656184743889 CC:19 score:-643.0 
1664882641.981497 -- INFO: Process 5 finished on working on file 31 
1664882641.982598 -- INFO: Process 5 get item 15 from queue and executing
1664882641.982931 -- INFO: starting 5, 15, /users/jamilm/files_to_Send/FILE3
1664882642.234715 -- INFO: Process 1 finished on working on file 26 
1664882642.236319 -- INFO: Process 1 get item 1 from queue and executing
1664882642.237115 -- INFO: starting 1, 1, /users/jamilm/files_to_Send/FILE1
1664882642.622972 -- INFO: Throughput @175.2s:945.0Mbps, rtt :40.83ms cwnd: 427.2 lossRate: 0.0 CC:19 score:-649.0 
1664882642.676382 -- INFO: Iteration 46 Ends, Took 4.05 Seconds. Best Params: [19] and Score: -648.0.
1664882642.676815 -- INFO: Iteration 47 Starts ...
1664882642.677379 -- INFO: Changing concurrency to 19 ******
1664882642.679467 -- INFO: Process Status Bits from change concurrency are: 1 1 1 1 1 1 1 1 1 1 1 1 1 1 1 1 1 1 1 0 0 0 0 0 0 0 0 0 0 0 0 0
1664882642.680835 -- INFO: Active CC: 19
1664882643.322728 -- INFO: Process 8 finished on working on file 9 
1664882643.323971 -- INFO: Process 8 get item 6 from queue and executing
1664882643.324345 -- INFO: starting 8, 6, /users/jamilm/files_to_Send/FILE0
1664882643.606490 -- INFO: Throughput @176.2s:945.0Mbps, rtt :41.81ms cwnd: 428.5 lossRate: 0.0 CC:19 score:-649.0 
1664882644.122442 -- INFO: Process 15 finished on working on file 17 
1664882644.123619 -- INFO: Process 15 get item 13 from queue and executing
1664882644.123944 -- INFO: starting 15, 13, /users/jamilm/files_to_Send/FILE1
1664882644.607378 -- INFO: Throughput @177.2s:945.0Mbps, rtt :41.91ms cwnd: 422.1 lossRate: 0.00013516502420682705 CC:19 score:-647.0 
1664882645.609324 -- INFO: Throughput @178.2s:940.0Mbps, rtt :41.94ms cwnd: 406.1 lossRate: 0.00018418467583497053 CC:19 score:-644.0 
1664882646.240325 -- INFO: Process 12 finished on working on file 23 
1664882646.241028 -- INFO: Process 12 get item 12 from queue and executing
1664882646.241333 -- INFO: starting 12, 12, /users/jamilm/files_to_Send/FILE2
1664882646.619828 -- INFO: Throughput @179.2s:945.0Mbps, rtt :41.08ms cwnd: 390.3 lossRate: 0.0003289433608265007 CC:19 score:-646.0 
1664882646.784786 -- INFO: Iteration 47 Ends, Took 4.11 Seconds. Best Params: [19] and Score: -648.0.
1664882646.785009 -- INFO: Iteration 48 Starts ...
1664882646.785458 -- INFO: Changing concurrency to 19 ******
1664882646.787185 -- INFO: Process Status Bits from change concurrency are: 1 1 1 1 1 1 1 1 1 1 1 1 1 1 1 1 1 1 1 0 0 0 0 0 0 0 0 0 0 0 0 0
1664882646.788515 -- INFO: Active CC: 19
1664882647.242678 -- INFO: Process 16 finished on working on file 3 
1664882647.243812 -- INFO: Process 16 get item 24 from queue and executing
1664882647.244209 -- INFO: starting 16, 24, /users/jamilm/files_to_Send/FILE2
1664882647.609970 -- INFO: Throughput @180.2s:945.0Mbps, rtt :41.61ms cwnd: 392.8 lossRate: 0.0 CC:19 score:-649.0 
1664882648.610998 -- INFO: Throughput @181.2s:940.0Mbps, rtt :41.79ms cwnd: 386.8 lossRate: 0.00011054881344273571 CC:19 score:-644.0 
1664882649.611931 -- INFO: Throughput @182.2s:945.0Mbps, rtt :41.74ms cwnd: 381.3 lossRate: 1.2274607519424566e-05 CC:19 score:-649.0 
1664882650.644687 -- INFO: Throughput @183.2s:930.0Mbps, rtt :40.94ms cwnd: 388.3 lossRate: 0.0 CC:19 score:-638.0 
1664882650.965356 -- INFO: Iteration 48 Ends, Took 4.18 Seconds. Best Params: [19] and Score: -648.0.
1664882650.965559 -- INFO: Iteration 49 Starts ...
1664882650.965962 -- INFO: Changing concurrency to 19 ******
1664882650.967696 -- INFO: Process Status Bits from change concurrency are: 1 1 1 1 1 1 1 1 1 1 1 1 1 1 1 1 1 1 1 0 0 0 0 0 0 0 0 0 0 0 0 0
1664882650.968714 -- INFO: Active CC: 19
1664882651.614523 -- INFO: Throughput @184.2s:945.0Mbps, rtt :41.37ms cwnd: 386.1 lossRate: 3.748125937031484e-05 CC:19 score:-648.0 
1664882652.615444 -- INFO: Throughput @185.2s:940.0Mbps, rtt :40.95ms cwnd: 392.6 lossRate: 0.0 CC:19 score:-645.0 
1664882653.617234 -- INFO: Throughput @186.2s:940.0Mbps, rtt :41.09ms cwnd: 396.7 lossRate: 0.0 CC:19 score:-645.0 
1664882654.617184 -- INFO: Throughput @187.2s:940.0Mbps, rtt :40.29ms cwnd: 401.8 lossRate: 0.00015993307415973623 CC:19 score:-644.0 
1664882654.946802 -- INFO: Iteration 49 Ends, Took 3.98 Seconds. Best Params: [19] and Score: -648.0.
1664882654.947019 -- INFO: Iteration 50 Starts ...
1664882654.947478 -- INFO: Changing concurrency to 19 ******
1664882654.949187 -- INFO: Process Status Bits from change concurrency are: 1 1 1 1 1 1 1 1 1 1 1 1 1 1 1 1 1 1 1 0 0 0 0 0 0 0 0 0 0 0 0 0
1664882654.950777 -- INFO: Active CC: 19
1664882655.618370 -- INFO: Throughput @188.2s:945.0Mbps, rtt :40.94ms cwnd: 405.7 lossRate: 0.0 CC:19 score:-649.0 
1664882656.619149 -- INFO: Throughput @189.2s:940.0Mbps, rtt :40.91ms cwnd: 407.2 lossRate: 0.0 CC:19 score:-645.0 
1664882656.870187 -- INFO: Process 14 finished on working on file 29 
1664882656.871367 -- INFO: Process 14 get item 19 from queue and executing
1664882656.871773 -- INFO: starting 14, 19, /users/jamilm/files_to_Send/FILE3
1664882657.622344 -- INFO: Throughput @190.2s:945.0Mbps, rtt :40.87ms cwnd: 408.0 lossRate: 0.0 CC:19 score:-649.0 
1664882658.650896 -- INFO: Throughput @191.2s:935.0Mbps, rtt :41.1ms cwnd: 409.7 lossRate: 0.0 CC:19 score:-642.0 
1664882658.918741 -- INFO: Iteration 50 Ends, Took 3.97 Seconds. Best Params: [19] and Score: -648.0.
1664882658.918953 -- INFO: Iteration 51 Starts ...
1664882658.919433 -- INFO: Changing concurrency to 19 ******
1664882658.921052 -- INFO: Process Status Bits from change concurrency are: 1 1 1 1 1 1 1 1 1 1 1 1 1 1 1 1 1 1 1 0 0 0 0 0 0 0 0 0 0 0 0 0
1664882658.922888 -- INFO: Active CC: 19
1664882659.623534 -- INFO: Throughput @192.2s:950.0Mbps, rtt :40.79ms cwnd: 410.5 lossRate: 0.0 CC:19 score:-652.0 
1664882660.045909 -- INFO: Process 9 finished on working on file 5 
1664882660.046951 -- INFO: Process 9 get item 27 from queue and executing
1664882660.047273 -- INFO: starting 9, 27, /users/jamilm/files_to_Send/FILE3
1664882660.624604 -- INFO: Throughput @193.2s:940.0Mbps, rtt :41.03ms cwnd: 406.6 lossRate: 0.00012293923113804848 CC:19 score:-644.0 
1664882661.624067 -- INFO: Throughput @194.2s:945.0Mbps, rtt :40.93ms cwnd: 398.3 lossRate: 0.00024576364909866184 CC:19 score:-646.0 
1664882662.635704 -- INFO: Throughput @195.2s:945.0Mbps, rtt :40.88ms cwnd: 397.0 lossRate: 1.2146093209119287e-05 CC:19 score:-649.0 
1664882662.837684 -- INFO: Iteration 51 Ends, Took 3.92 Seconds. Best Params: [19] and Score: -648.0.
1664882662.837913 -- INFO: Iteration 52 Starts ...
1664882662.838279 -- INFO: Changing concurrency to 19 ******
1664882662.839836 -- INFO: Process Status Bits from change concurrency are: 1 1 1 1 1 1 1 1 1 1 1 1 1 1 1 1 1 1 1 0 0 0 0 0 0 0 0 0 0 0 0 0
1664882662.842139 -- INFO: Active CC: 19
1664882663.627257 -- INFO: Throughput @196.2s:950.0Mbps, rtt :41.09ms cwnd: 385.4 lossRate: 0.00022311191541579385 CC:19 score:-650.0 
1664882664.627048 -- INFO: Throughput @197.2s:940.0Mbps, rtt :40.98ms cwnd: 355.5 lossRate: 0.0003071253071253071 CC:19 score:-642.0 
1664882665.629673 -- INFO: Throughput @198.2s:945.0Mbps, rtt :40.86ms cwnd: 365.9 lossRate: 0.0003314388127125198 CC:19 score:-646.0 
1664882666.635200 -- INFO: Throughput @199.2s:945.0Mbps, rtt :41.34ms cwnd: 372.2 lossRate: 0.0 CC:19 score:-649.0 
1664882666.675232 -- INFO: Iteration 52 Ends, Took 3.84 Seconds. Best Params: [19] and Score: -648.0.
1664882666.675415 -- INFO: Iteration 53 Starts ...
1664882666.675770 -- INFO: Changing concurrency to 19 ******
1664882666.677262 -- INFO: Process Status Bits from change concurrency are: 1 1 1 1 1 1 1 1 1 1 1 1 1 1 1 1 1 1 1 0 0 0 0 0 0 0 0 0 0 0 0 0
1664882666.678463 -- INFO: Active CC: 19
1664882667.617581 -- INFO: episode expires
1664882667.617760 -- INFO: Process 23 shutdown itself from outest loop
1664882667.617789 -- INFO: Process 26 shutdown itself from outest loop
1664882667.617816 -- INFO: Process 25 shutdown itself from outest loop
1664882667.617833 -- INFO: Process 19 shutdown itself from outest loop
1664882667.617854 -- INFO: Process 22 shutdown itself from outest loop
1664882667.617804 -- INFO: Process 21 shutdown itself from outest loop
1664882667.617890 -- INFO: Process 29 shutdown itself from outest loop
1664882667.618244 -- INFO: Process Status Bits are: 1 1 1 1 1 1 1 1 1 1 1 1 1 1 1 1 1 1 1 0 0 0 0 0 0 0 0 0 0 0 0 0
1664882667.618333 -- INFO: Process Status Bits are: 1 1 1 1 1 1 1 1 1 1 1 1 1 1 1 1 1 1 1 0 0 0 0 0 0 0 0 0 0 0 0 0
1664882667.618345 -- INFO: Process Status Bits are: 1 1 1 1 1 1 1 1 1 1 1 1 1 1 1 1 1 1 1 0 0 0 0 0 0 0 0 0 0 0 0 0
1664882667.618012 -- INFO: Process 27 shutdown itself from outest loop
1664882667.618373 -- INFO: Process Status Bits are: 1 1 1 1 1 1 1 1 1 1 1 1 1 1 1 1 1 1 1 0 0 0 0 0 0 0 0 0 0 0 0 0
1664882667.618335 -- INFO: Process Status Bits are: 1 1 1 1 1 1 1 1 1 1 1 1 1 1 1 1 1 1 1 0 0 0 0 0 0 0 0 0 0 0 0 0
1664882667.618418 -- INFO: Process Status Bits are: 1 1 1 1 1 1 1 1 1 1 1 1 1 1 1 1 1 1 1 0 0 0 0 0 0 0 0 0 0 0 0 0
1664882667.618186 -- INFO: Process 30 shutdown itself from outest loop
1664882667.618690 -- INFO: Process 20 shutdown itself from outest loop
1664882667.619083 -- INFO: Process Status Bits are: 1 1 1 1 1 1 1 1 1 1 1 1 1 1 1 1 1 1 1 0 0 0 0 0 0 0 0 0 0 0 0 0
1664882667.619159 -- INFO: Process Status Bits are: 1 1 1 1 1 1 1 1 1 1 1 1 1 1 1 1 1 1 1 0 0 0 0 0 0 0 0 0 0 0 0 0
1664882667.618956 -- INFO: Process Status Bits are: 1 1 1 1 1 1 1 1 1 1 1 1 1 1 1 1 1 1 1 0 0 0 0 0 0 0 0 0 0 0 0 0
1664882667.619297 -- INFO: Process Status Bits are: 1 1 1 1 1 1 1 1 1 1 1 1 1 1 1 1 1 1 1 0 0 0 0 0 0 0 0 0 0 0 0 0
1664882667.618370 -- INFO: Process 31 shutdown itself from outest loop
1664882667.618850 -- INFO: Process 28 shutdown itself from outest loop
1664882667.619698 -- INFO: Process Status Bits are: 1 1 1 1 1 1 1 1 1 1 1 1 1 1 1 1 1 1 1 0 0 0 0 0 0 0 0 0 0 0 0 0
1664882667.619878 -- INFO: Process Status Bits are: 1 1 1 1 1 1 1 1 1 1 1 1 1 1 1 1 1 1 1 0 0 0 0 0 0 0 0 0 0 0 0 0
1664882667.620369 -- INFO: Process 24 shutdown itself from outest loop
1664882667.620986 -- INFO: Process Status Bits are: 1 1 1 1 1 1 1 1 1 1 1 1 1 1 1 1 1 1 1 0 0 0 0 0 0 0 0 0 0 0 0 0
1664882670.470597 -- INFO: Iteration 53 Ends, Took 3.8 Seconds. Best Params: [19] and Score: -648.0.
1664882670.470783 -- INFO: Iteration 54 Starts ...
1664882670.471083 -- INFO: episode expires
1664882670.846186 -- INFO: Iteration 54 Ends, Took 0.38 Seconds. Best Params: [19] and Score: -648.0.
1664882670.846617 -- INFO: Bayseian Optimizer Exits ...
