1664834462.220853 -- INFO: Changing concurrency to 1 ******
1664834462.223501 -- INFO: Start Process :: 0
1664834462.231253 -- INFO: Process Status Bits from change concurrency are: 1 0 0 0 0 0 0 0 0 0 0 0 0 0 0 0 0 0 0 0 0 0 0 0 0 0 0 0 0 0 0 0
1664834462.240779 -- INFO: Active CC: 1
1664834462.263641 -- INFO: Process 0 get item 0 from queue and executing
1664834462.264007 -- INFO: starting 0, 0, /users/jamilm/files_to_Send/FILE2
1664834462.294543 -- INFO: Throughput @0.1s:8.57Mbps, rtt :38.58ms cwnd: 10.0 lossRate: 0.0 CC:1 score:-8.0 
1664834463.285075 -- INFO: Throughput @1.1s:49.14Mbps, rtt :39.42ms cwnd: 521.0 lossRate: 0.0 CC:1 score:-48.0 
1664834464.289531 -- INFO: Throughput @2.1s:50.0Mbps, rtt :39.43ms cwnd: 521.0 lossRate: 0.0 CC:1 score:-49.0 
1664834465.290314 -- INFO: Throughput @3.1s:50.0Mbps, rtt :39.49ms cwnd: 521.0 lossRate: 0.0 CC:1 score:-49.0 
1664834465.448565 -- INFO: Changing concurrency to 3 ******
1664834465.452538 -- INFO: Start Process :: 2
1664834465.452697 -- INFO: Start Process :: 1
1664834465.454884 -- INFO: Process Status Bits from change concurrency are: 1 1 1 0 0 0 0 0 0 0 0 0 0 0 0 0 0 0 0 0 0 0 0 0 0 0 0 0 0 0 0 0
1664834465.460860 -- INFO: Active CC: 3
1664834465.492550 -- INFO: Process 2 get item 1 from queue and executing
1664834465.492713 -- INFO: Process 1 get item 2 from queue and executing
1664834465.492942 -- INFO: starting 2, 1, /users/jamilm/files_to_Send/FILE1
1664834465.493340 -- INFO: starting 1, 2, /users/jamilm/files_to_Send/FILE0
1664834466.290496 -- INFO: Throughput @4.1s:130.0Mbps, rtt :39.34ms cwnd: 504.7 lossRate: 0.0 CC:3 score:-123.0 
1664834467.288287 -- INFO: Throughput @5.1s:150.0Mbps, rtt :39.16ms cwnd: 504.7 lossRate: 0.0 CC:3 score:-141.0 
1664834468.292634 -- INFO: Throughput @6.1s:150.0Mbps, rtt :39.37ms cwnd: 504.7 lossRate: 0.0 CC:3 score:-141.0 
1664834468.662128 -- INFO: Gradient: -43.16666666666667, Gredient Change: 0.8869863013698631, Theta: 1, Previous CC: 2, Choosen CC: 4
1664834468.662247 -- INFO: Changing concurrency to 3 ******
1664834468.667694 -- INFO: Process Status Bits from change concurrency are: 1 1 1 0 0 0 0 0 0 0 0 0 0 0 0 0 0 0 0 0 0 0 0 0 0 0 0 0 0 0 0 0
1664834468.674787 -- INFO: Active CC: 3
1664834469.287806 -- INFO: Throughput @7.1s:150.0Mbps, rtt :39.69ms cwnd: 504.7 lossRate: 0.0 CC:3 score:-141.0 
1664834470.292252 -- INFO: Throughput @8.1s:150.0Mbps, rtt :39.22ms cwnd: 504.7 lossRate: 0.0 CC:3 score:-141.0 
1664834471.293080 -- INFO: Throughput @9.1s:150.0Mbps, rtt :39.58ms cwnd: 504.7 lossRate: 0.0 CC:3 score:-141.0 
1664834471.876072 -- INFO: Changing concurrency to 5 ******
1664834471.880387 -- INFO: Start Process :: 4
1664834471.882347 -- INFO: Start Process :: 3
1664834471.883959 -- INFO: Process Status Bits from change concurrency are: 1 1 1 1 1 0 0 0 0 0 0 0 0 0 0 0 0 0 0 0 0 0 0 0 0 0 0 0 0 0 0 0
1664834471.889543 -- INFO: Active CC: 5
1664834471.920285 -- INFO: Process 4 get item 3 from queue and executing
1664834471.920949 -- INFO: starting 4, 3, /users/jamilm/files_to_Send/FILE3
1664834471.923086 -- INFO: Process 3 get item 4 from queue and executing
1664834471.923565 -- INFO: starting 3, 4, /users/jamilm/files_to_Send/FILE2
1664834472.293399 -- INFO: Throughput @10.1s:180.0Mbps, rtt :38.94ms cwnd: 509.0 lossRate: 0.0 CC:5 score:-163.0 
1664834473.294737 -- INFO: Throughput @11.1s:255.0Mbps, rtt :39.31ms cwnd: 509.0 lossRate: 0.0 CC:5 score:-231.0 
1664834474.294843 -- INFO: Throughput @12.1s:250.0Mbps, rtt :39.52ms cwnd: 509.0 lossRate: 0.0 CC:5 score:-226.0 
1664834475.090507 -- INFO: Gradient: -32.83333333333333, Gredient Change: 0.23286052009456262, Theta: 2, Previous CC: 4, Choosen CC: 6
1664834475.090637 -- INFO: Changing concurrency to 5 ******
1664834475.095226 -- INFO: Process Status Bits from change concurrency are: 1 1 1 1 1 0 0 0 0 0 0 0 0 0 0 0 0 0 0 0 0 0 0 0 0 0 0 0 0 0 0 0
1664834475.098577 -- INFO: Active CC: 5
1664834475.300279 -- INFO: Throughput @13.1s:250.0Mbps, rtt :39.56ms cwnd: 509.0 lossRate: 0.0 CC:5 score:-226.0 
1664834476.299456 -- INFO: Throughput @14.1s:255.0Mbps, rtt :39.49ms cwnd: 509.0 lossRate: 0.0 CC:5 score:-231.0 
1664834477.298077 -- INFO: Throughput @15.1s:250.0Mbps, rtt :39.59ms cwnd: 509.0 lossRate: 0.0 CC:5 score:-226.0 
1664834478.299714 -- INFO: Changing concurrency to 7 ******
1664834478.300257 -- INFO: Throughput @16.1s:250.0Mbps, rtt :39.52ms cwnd: 509.0 lossRate: 0.0 CC:5 score:-226.0 
1664834478.304971 -- INFO: Start Process :: 5
1664834478.306742 -- INFO: Process Status Bits from change concurrency are: 1 1 1 1 1 1 1 0 0 0 0 0 0 0 0 0 0 0 0 0 0 0 0 0 0 0 0 0 0 0 0 0
1664834478.307244 -- INFO: Start Process :: 6
1664834478.312161 -- INFO: Active CC: 7
1664834478.344787 -- INFO: Process 5 get item 5 from queue and executing
1664834478.345168 -- INFO: starting 5, 5, /users/jamilm/files_to_Send/FILE1
1664834478.347502 -- INFO: Process 6 get item 6 from queue and executing
1664834478.348046 -- INFO: starting 6, 6, /users/jamilm/files_to_Send/FILE0
1664834479.302499 -- INFO: Throughput @17.1s:355.0Mbps, rtt :39.65ms cwnd: 510.7 lossRate: 0.0 CC:7 score:-309.0 
1664834480.299549 -- INFO: Throughput @18.1s:350.0Mbps, rtt :39.47ms cwnd: 510.7 lossRate: 0.0 CC:7 score:-305.0 
1664834481.302513 -- INFO: Throughput @19.1s:350.0Mbps, rtt :39.41ms cwnd: 510.7 lossRate: 0.0 CC:7 score:-305.0 
1664834481.513348 -- INFO: Gradient: -39.33333333333333, Gredient Change: 0.1727672035139092, Theta: 3, Previous CC: 6, Choosen CC: 12
1664834481.513512 -- INFO: Changing concurrency to 11 ******
1664834481.519649 -- INFO: Process Status Bits from change concurrency are: 1 1 1 1 1 1 1 1 1 1 1 0 0 0 0 0 0 0 0 0 0 0 0 0 0 0 0 0 0 0 0 0
1664834481.519709 -- INFO: Start Process :: 7
1664834481.520204 -- INFO: Start Process :: 9
1664834481.520377 -- INFO: Start Process :: 10
1664834481.520835 -- INFO: Start Process :: 8
1664834481.523996 -- INFO: Active CC: 11
1664834481.559762 -- INFO: Process 7 get item 7 from queue and executing
1664834481.560085 -- INFO: starting 7, 7, /users/jamilm/files_to_Send/FILE3
1664834481.560585 -- INFO: Process 10 get item 8 from queue and executing
1664834481.560753 -- INFO: Process 8 get item 9 from queue and executing
1664834481.560805 -- INFO: Process 9 get item 10 from queue and executing
1664834481.560849 -- INFO: starting 10, 8, /users/jamilm/files_to_Send/FILE2
1664834481.561196 -- INFO: starting 8, 9, /users/jamilm/files_to_Send/FILE1
1664834481.561613 -- INFO: starting 9, 10, /users/jamilm/files_to_Send/FILE0
1664834482.302193 -- INFO: Throughput @20.1s:505.0Mbps, rtt :39.87ms cwnd: 510.5 lossRate: 0.0 CC:11 score:-406.0 
1664834483.304418 -- INFO: Throughput @21.1s:550.0Mbps, rtt :39.68ms cwnd: 510.5 lossRate: 0.0 CC:11 score:-442.0 
1664834484.301485 -- INFO: Throughput @22.1s:550.0Mbps, rtt :39.64ms cwnd: 510.5 lossRate: 0.0 CC:11 score:-442.0 
1664834484.725155 -- INFO: Changing concurrency to 13 ******
1664834484.728902 -- INFO: Process Status Bits from change concurrency are: 1 1 1 1 1 1 1 1 1 1 1 1 1 0 0 0 0 0 0 0 0 0 0 0 0 0 0 0 0 0 0 0
1664834484.730228 -- INFO: Start Process :: 11
1664834484.730559 -- INFO: Start Process :: 12
1664834484.732770 -- INFO: Active CC: 13
1664834484.769947 -- INFO: Process 11 get item 11 from queue and executing
1664834484.770251 -- INFO: starting 11, 11, /users/jamilm/files_to_Send/FILE3
1664834484.770780 -- INFO: Process 12 get item 12 from queue and executing
1664834484.771410 -- INFO: starting 12, 12, /users/jamilm/files_to_Send/FILE2
1664834485.304407 -- INFO: Throughput @23.1s:605.0Mbps, rtt :39.72ms cwnd: 511.0 lossRate: 0.0 CC:13 score:-468.0 
1664834486.306819 -- INFO: Throughput @24.1s:650.0Mbps, rtt :39.82ms cwnd: 511.0 lossRate: 0.0 CC:13 score:-502.0 
1664834487.305668 -- INFO: Throughput @25.1s:650.0Mbps, rtt :39.8ms cwnd: 511.0 lossRate: 0.0 CC:13 score:-502.0 
1664834487.934109 -- INFO: Gradient: -30.333333333333343, Gredient Change: 0.07054263565891475, Theta: 4, Previous CC: 12, Choosen CC: 16
1664834487.934287 -- INFO: Changing concurrency to 15 ******
1664834487.937158 -- INFO: Process Status Bits from change concurrency are: 1 1 1 1 1 1 1 1 1 1 1 1 1 1 1 0 0 0 0 0 0 0 0 0 0 0 0 0 0 0 0 0
1664834487.937171 -- INFO: Start Process :: 14
1664834487.939190 -- INFO: Start Process :: 13
1664834487.940120 -- INFO: Active CC: 15
1664834487.976934 -- INFO: Process 14 get item 13 from queue and executing
1664834487.977668 -- INFO: starting 14, 13, /users/jamilm/files_to_Send/FILE1
1664834487.978984 -- INFO: Process 13 get item 14 from queue and executing
1664834487.979384 -- INFO: starting 13, 14, /users/jamilm/files_to_Send/FILE0
1664834488.303555 -- INFO: Throughput @26.1s:680.0Mbps, rtt :40.52ms cwnd: 512.0 lossRate: 0.0 CC:15 score:-505.0 
1664834489.305213 -- INFO: Throughput @27.1s:750.0Mbps, rtt :40.41ms cwnd: 512.9 lossRate: 0.0 CC:15 score:-557.0 
1664834490.307286 -- INFO: Throughput @28.1s:750.0Mbps, rtt :40.43ms cwnd: 512.9 lossRate: 0.0 CC:15 score:-557.0 
1664834491.141258 -- INFO: Changing concurrency to 17 ******
1664834491.144446 -- INFO: Process Status Bits from change concurrency are: 1 1 1 1 1 1 1 1 1 1 1 1 1 1 1 1 1 0 0 0 0 0 0 0 0 0 0 0 0 0 0 0
1664834491.145321 -- INFO: Start Process :: 15
1664834491.146374 -- INFO: Active CC: 17
1664834491.146438 -- INFO: Start Process :: 16
1664834491.184951 -- INFO: Process 15 get item 15 from queue and executing
1664834491.185309 -- INFO: starting 15, 15, /users/jamilm/files_to_Send/FILE3
1664834491.186193 -- INFO: Process 16 get item 16 from queue and executing
1664834491.186530 -- INFO: starting 16, 16, /users/jamilm/files_to_Send/FILE2
1664834491.306690 -- INFO: Throughput @29.1s:754.14Mbps, rtt :40.24ms cwnd: 457.1 lossRate: 0.0 CC:17 score:-539.0 
1664834492.307741 -- INFO: Throughput @30.1s:855.86Mbps, rtt :40.36ms cwnd: 512.8 lossRate: 0.0 CC:17 score:-611.0 
1664834493.309312 -- INFO: Throughput @31.1s:850.0Mbps, rtt :40.37ms cwnd: 512.8 lossRate: 0.0 CC:17 score:-607.0 
1664834494.310341 -- INFO: Throughput @32.1s:850.0Mbps, rtt :40.2ms cwnd: 512.8 lossRate: 0.0 CC:17 score:-607.0 
1664834494.347722 -- INFO: Gradient: -34.33333333333337, Gredient Change: 0.06361951822112423, Theta: 5, Previous CC: 16, Choosen CC: 25
1664834494.347930 -- INFO: Changing concurrency to 24 ******
1664834494.351614 -- INFO: Process Status Bits from change concurrency are: 1 1 1 1 1 1 1 1 1 1 1 1 1 1 1 1 1 1 1 1 1 1 1 1 0 0 0 0 0 0 0 0
1664834494.353017 -- INFO: Active CC: 24
1664834494.354025 -- INFO: Start Process :: 17
1664834494.355286 -- INFO: Start Process :: 20
1664834494.355038 -- INFO: Start Process :: 18
1664834494.355249 -- INFO: Start Process :: 21
1664834494.355797 -- INFO: Start Process :: 22
1664834494.356819 -- INFO: Start Process :: 23
1664834494.356976 -- INFO: Start Process :: 19
1664834494.394490 -- INFO: Process 17 get item 17 from queue and executing
1664834494.394820 -- INFO: starting 17, 17, /users/jamilm/files_to_Send/FILE1
1664834494.394931 -- INFO: Process 20 get item 18 from queue and executing
1664834494.395000 -- INFO: Process 21 get item 19 from queue and executing
1664834494.395099 -- INFO: Process 18 get item 20 from queue and executing
1664834494.395310 -- INFO: starting 21, 19, /users/jamilm/files_to_Send/FILE3
1664834494.395410 -- INFO: Process 22 get item 21 from queue and executing
1664834494.395449 -- INFO: starting 18, 20, /users/jamilm/files_to_Send/FILE2
1664834494.395496 -- INFO: starting 20, 18, /users/jamilm/files_to_Send/FILE0
1664834494.395748 -- INFO: starting 22, 21, /users/jamilm/files_to_Send/FILE1
1664834494.396933 -- INFO: Process 19 get item 22 from queue and executing
1664834494.397308 -- INFO: starting 19, 22, /users/jamilm/files_to_Send/FILE0
1664834494.397551 -- INFO: Process 23 get item 23 from queue and executing
1664834494.397954 -- INFO: starting 23, 23, /users/jamilm/files_to_Send/FILE3
1664834495.311269 -- INFO: Throughput @33.1s:1123.7Mbps, rtt :45.88ms cwnd: 467.0 lossRate: 0.0 CC:24 score:-699.0 
1664834496.312847 -- INFO: Throughput @34.1s:1049.9Mbps, rtt :45.52ms cwnd: 467.0 lossRate: 0.0 CC:24 score:-653.0 
1664834497.313136 -- INFO: Throughput @35.1s:986.4Mbps, rtt :46.0ms cwnd: 467.0 lossRate: 0.0 CC:24 score:-613.0 
1664834497.554082 -- INFO: Changing concurrency to 26 ******
1664834497.554736 -- INFO: Process Status Bits from change concurrency are: 1 1 1 1 1 1 1 1 1 1 1 1 1 1 1 1 1 1 1 1 1 1 1 1 1 1 0 0 0 0 0 0
1664834497.555329 -- INFO: Active CC: 26
1664834497.558034 -- INFO: Start Process :: 25
1664834497.558060 -- INFO: Start Process :: 24
1664834497.605271 -- INFO: Process 24 get item 24 from queue and executing
1664834497.605594 -- INFO: starting 24, 24, /users/jamilm/files_to_Send/FILE2
1664834497.605769 -- INFO: Process 25 get item 25 from queue and executing
1664834497.606083 -- INFO: starting 25, 25, /users/jamilm/files_to_Send/FILE1
1664834498.314152 -- INFO: Throughput @36.1s:985.01Mbps, rtt :46.1ms cwnd: 435.6 lossRate: 0.0 CC:26 score:-589.0 
1664834499.316765 -- INFO: Throughput @37.1s:948.03Mbps, rtt :46.31ms cwnd: 436.0 lossRate: 0.0 CC:26 score:-567.0 
1664834500.317141 -- INFO: Throughput @38.1s:936.99Mbps, rtt :46.09ms cwnd: 436.0 lossRate: 0.0 CC:26 score:-560.0 
1664834500.756291 -- INFO: Gradient: 41.5, Gredient Change: 0.0633587786259542, Theta: -1, Previous CC: 25, Choosen CC: 23
1664834500.756474 -- INFO: Changing concurrency to 22 ******
1664834500.756946 -- INFO: Process Status Bits from change concurrency are: 1 1 1 1 1 1 1 1 1 1 1 1 1 1 1 1 1 1 1 1 1 1 0 0 0 0 0 0 0 0 0 0
1664834500.757425 -- INFO: Active CC: 22
1664834501.317521 -- INFO: Throughput @39.1s:934.9Mbps, rtt :45.37ms cwnd: 434.0 lossRate: 0.0 CC:22 score:-605.0 
1664834502.321955 -- INFO: Throughput @40.1s:918.76Mbps, rtt :44.81ms cwnd: 471.3 lossRate: 0.0 CC:22 score:-594.0 
1664834503.317616 -- INFO: Throughput @41.1s:941.24Mbps, rtt :44.98ms cwnd: 471.3 lossRate: 0.0 CC:22 score:-609.0 
1664834503.958781 -- INFO: Changing concurrency to 24 ******
1664834503.959746 -- INFO: Process Status Bits from change concurrency are: 1 1 1 1 1 1 1 1 1 1 1 1 1 1 1 1 1 1 1 1 1 1 1 1 0 0 0 0 0 0 0 0
1664834503.959932 -- INFO: Start Process :: 23
1664834503.960550 -- INFO: Active CC: 24
1664834503.961192 -- INFO: Start Process :: 22
1664834504.006022 -- INFO: Process 23 get item 26 from queue and executing
1664834504.006135 -- INFO: Process 22 get item 27 from queue and executing
1664834504.006520 -- INFO: starting 23, 26, /users/jamilm/files_to_Send/FILE0
1664834504.006593 -- INFO: starting 22, 27, /users/jamilm/files_to_Send/FILE3
1664834504.321356 -- INFO: Throughput @42.1s:958.56Mbps, rtt :45.47ms cwnd: 452.6 lossRate: 0.0 CC:24 score:-596.0 
1664834505.325623 -- INFO: Throughput @43.1s:956.44Mbps, rtt :45.4ms cwnd: 457.0 lossRate: 0.0 CC:24 score:-595.0 
1664834506.322204 -- INFO: Throughput @44.1s:940.0Mbps, rtt :45.6ms cwnd: 457.1 lossRate: 0.0 CC:24 score:-584.0 
1664834507.161798 -- INFO: Gradient: 5.5, Gredient Change: 0.009126106194690266, Theta: -2, Previous CC: 23, Choosen CC: 21
1664834507.161975 -- INFO: Changing concurrency to 20 ******
1664834507.162507 -- INFO: Process Status Bits from change concurrency are: 1 1 1 1 1 1 1 1 1 1 1 1 1 1 1 1 1 1 1 1 0 0 0 0 0 0 0 0 0 0 0 0
1664834507.163160 -- INFO: Active CC: 20
1664834507.326011 -- INFO: Throughput @45.1s:938.71Mbps, rtt :45.21ms cwnd: 455.8 lossRate: 0.0 CC:20 score:-632.0 
1664834508.324505 -- INFO: Throughput @46.1s:901.29Mbps, rtt :44.31ms cwnd: 477.4 lossRate: 0.0 CC:20 score:-607.0 
1664834509.325527 -- INFO: Throughput @47.1s:915.0Mbps, rtt :43.98ms cwnd: 477.4 lossRate: 0.0 CC:20 score:-616.0 
1664834510.327278 -- INFO: Throughput @48.1s:903.85Mbps, rtt :44.09ms cwnd: 477.4 lossRate: 0.0 CC:20 score:-608.0 
1664834510.364010 -- INFO: Changing concurrency to 22 ******
1664834510.365280 -- INFO: Process Status Bits from change concurrency are: 1 1 1 1 1 1 1 1 1 1 1 1 1 1 1 1 1 1 1 1 1 1 0 0 0 0 0 0 0 0 0 0
1664834510.365411 -- INFO: Start Process :: 21
1664834510.365615 -- INFO: Start Process :: 20
1664834510.366508 -- INFO: Active CC: 22
1664834510.408286 -- INFO: Process 21 get item 28 from queue and executing
1664834510.408804 -- INFO: starting 21, 28, /users/jamilm/files_to_Send/FILE2
1664834510.411039 -- INFO: Process 20 get item 29 from queue and executing
1664834510.411611 -- INFO: starting 20, 29, /users/jamilm/files_to_Send/FILE1
1664834511.326537 -- INFO: Throughput @49.1s:965.12Mbps, rtt :44.45ms cwnd: 466.0 lossRate: 0.0 CC:22 score:-624.0 
1664834512.328053 -- INFO: Throughput @50.1s:926.04Mbps, rtt :44.29ms cwnd: 466.0 lossRate: 0.0 CC:22 score:-599.0 
1664834513.331432 -- INFO: Throughput @51.1s:953.46Mbps, rtt :44.53ms cwnd: 469.2 lossRate: 0.0 CC:22 score:-617.0 
1664834513.567721 -- INFO: Gradient: -1.5, Gredient Change: 0.0024576734025122883, Theta: 1, Previous CC: 21, Choosen CC: 22
1664834513.567957 -- INFO: Changing concurrency to 21 ******
1664834513.568906 -- INFO: Process Status Bits from change concurrency are: 1 1 1 1 1 1 1 1 1 1 1 1 1 1 1 1 1 1 1 1 1 0 0 0 0 0 0 0 0 0 0 0
1664834513.569816 -- INFO: Active CC: 21
1664834514.331511 -- INFO: Throughput @52.1s:915.12Mbps, rtt :44.37ms cwnd: 468.3 lossRate: 0.0 CC:21 score:-604.0 
1664834515.332912 -- INFO: Throughput @53.1s:930.12Mbps, rtt :44.27ms cwnd: 468.3 lossRate: 0.0 CC:21 score:-614.0 
1664834516.332042 -- INFO: Throughput @54.1s:925.12Mbps, rtt :44.03ms cwnd: 468.3 lossRate: 0.0 CC:21 score:-610.0 
1664834516.770997 -- INFO: Changing concurrency to 23 ******
1664834516.772171 -- INFO: Process Status Bits from change concurrency are: 1 1 1 1 1 1 1 1 1 1 1 1 1 1 1 1 1 1 1 1 1 1 1 0 0 0 0 0 0 0 0 0
1664834516.772562 -- INFO: Start Process :: 22
1664834516.772715 -- INFO: Start Process :: 21
1664834516.773073 -- INFO: Active CC: 23
1664834516.815362 -- INFO: Process 22 get item 30 from queue and executing
1664834516.815735 -- INFO: starting 22, 30, /users/jamilm/files_to_Send/FILE0
1664834516.816095 -- INFO: Process 21 get item 31 from queue and executing
1664834516.816574 -- INFO: starting 21, 31, /users/jamilm/files_to_Send/FILE3
1664834517.333272 -- INFO: Throughput @55.1s:965.12Mbps, rtt :44.91ms cwnd: 457.5 lossRate: 0.0 CC:23 score:-612.0 
1664834518.334273 -- INFO: Throughput @56.1s:964.9Mbps, rtt :44.92ms cwnd: 457.6 lossRate: 0.0 CC:23 score:-612.0 
1664834519.337415 -- INFO: Throughput @57.1s:956.16Mbps, rtt :45.1ms cwnd: 457.6 lossRate: 0.0 CC:23 score:-606.0 
1664834519.974186 -- INFO: Gradient: -0.3333333333333144, Gredient Change: 0.0005470459518599251, Theta: 2, Previous CC: 22, Choosen CC: 24
1664834519.974395 -- INFO: Changing concurrency to 23 ******
1664834519.975132 -- INFO: Process Status Bits from change concurrency are: 1 1 1 1 1 1 1 1 1 1 1 1 1 1 1 1 1 1 1 1 1 1 1 0 0 0 0 0 0 0 0 0
1664834519.975791 -- INFO: Active CC: 23
1664834520.336906 -- INFO: Throughput @58.1s:958.86Mbps, rtt :44.77ms cwnd: 457.6 lossRate: 0.0 CC:23 score:-608.0 
1664834521.337773 -- INFO: Throughput @59.1s:956.14Mbps, rtt :44.88ms cwnd: 457.6 lossRate: 0.0 CC:23 score:-606.0 
1664834522.338359 -- INFO: Throughput @60.1s:953.88Mbps, rtt :45.25ms cwnd: 457.6 lossRate: 0.0 CC:23 score:-605.0 
1664834523.176735 -- INFO: Changing concurrency to 25 ******
1664834523.177703 -- INFO: Process Status Bits from change concurrency are: 1 1 1 1 1 1 1 1 1 1 1 1 1 1 1 1 1 1 1 1 1 1 1 1 1 0 0 0 0 0 0 0
1664834523.178219 -- INFO: Start Process :: 23
1664834523.178734 -- INFO: Active CC: 25
1664834523.178546 -- INFO: Start Process :: 24
1664834523.224834 -- INFO: Process 23 get item 23 from queue and executing
1664834523.225157 -- INFO: Process 24 get item 21 from queue and executing
1664834523.225175 -- INFO: starting 23, 23, /users/jamilm/files_to_Send/FILE3
1664834523.225635 -- INFO: starting 24, 21, /users/jamilm/files_to_Send/FILE1
1664834523.339466 -- INFO: Throughput @61.1s:963.61Mbps, rtt :44.98ms cwnd: 423.7 lossRate: 0.0 CC:25 score:-587.0 
1664834524.341682 -- INFO: Throughput @62.1s:987.22Mbps, rtt :45.46ms cwnd: 436.0 lossRate: 0.0 CC:25 score:-602.0 
1664834525.341459 -- INFO: Throughput @63.1s:940.58Mbps, rtt :45.37ms cwnd: 436.1 lossRate: 0.0 CC:25 score:-573.0 
1664834526.342939 -- INFO: Throughput @64.1s:961.68Mbps, rtt :45.58ms cwnd: 436.1 lossRate: 0.0 CC:25 score:-586.0 
1664834526.379758 -- INFO: Gradient: 9.666666666666686, Gredient Change: 0.01594282572842224, Theta: -1, Previous CC: 24, Choosen CC: 23
1664834526.379899 -- INFO: Changing concurrency to 22 ******
1664834526.380569 -- INFO: Process Status Bits from change concurrency are: 1 1 1 1 1 1 1 1 1 1 1 1 1 1 1 1 1 1 1 1 1 1 0 0 0 0 0 0 0 0 0 0
1664834526.381085 -- INFO: Active CC: 22
1664834527.342489 -- INFO: Throughput @65.1s:892.85Mbps, rtt :44.83ms cwnd: 462.0 lossRate: 0.0 CC:22 score:-578.0 
1664834528.343976 -- INFO: Throughput @66.1s:948.73Mbps, rtt :44.58ms cwnd: 462.9 lossRate: 0.0 CC:22 score:-614.0 
1664834529.346907 -- INFO: Throughput @67.1s:931.27Mbps, rtt :44.65ms cwnd: 462.9 lossRate: 0.0 CC:22 score:-602.0 
1664834529.582183 -- INFO: Changing concurrency to 24 ******
1664834529.583197 -- INFO: Process Status Bits from change concurrency are: 1 1 1 1 1 1 1 1 1 1 1 1 1 1 1 1 1 1 1 1 1 1 1 1 0 0 0 0 0 0 0 0
1664834529.583341 -- INFO: Start Process :: 23
1664834529.583616 -- INFO: Start Process :: 22
1664834529.583911 -- INFO: Active CC: 24
1664834529.627942 -- INFO: Process 22 get item 24 from queue and executing
1664834529.628375 -- INFO: starting 22, 24, /users/jamilm/files_to_Send/FILE2
1664834529.629095 -- INFO: Process 23 get item 25 from queue and executing
1664834529.629365 -- INFO: starting 23, 25, /users/jamilm/files_to_Send/FILE1
1664834530.345993 -- INFO: Throughput @68.1s:961.9Mbps, rtt :45.13ms cwnd: 440.8 lossRate: 0.0 CC:24 score:-598.0 
1664834531.348038 -- INFO: Throughput @69.1s:953.02Mbps, rtt :45.25ms cwnd: 440.8 lossRate: 0.0 CC:24 score:-593.0 
1664834532.348089 -- INFO: Throughput @70.1s:935.55Mbps, rtt :45.21ms cwnd: 440.9 lossRate: 0.0 CC:24 score:-582.0 
1664834532.785119 -- INFO: Gradient: 3.5, Gredient Change: 0.005852842809364548, Theta: -2, Previous CC: 23, Choosen CC: 21
1664834532.785316 -- INFO: Changing concurrency to 20 ******
1664834532.785961 -- INFO: Process Status Bits from change concurrency are: 1 1 1 1 1 1 1 1 1 1 1 1 1 1 1 1 1 1 1 1 0 0 0 0 0 0 0 0 0 0 0 0
1664834532.786680 -- INFO: Active CC: 20
1664834533.349951 -- INFO: Throughput @71.1s:900.12Mbps, rtt :45.24ms cwnd: 440.9 lossRate: 0.0 CC:20 score:-606.0 
1664834534.351546 -- INFO: Throughput @72.1s:925.12Mbps, rtt :44.28ms cwnd: 477.4 lossRate: 0 CC:20 score:-623.0 
1664834535.352162 -- INFO: Throughput @73.1s:890.12Mbps, rtt :44.52ms cwnd: 477.4 lossRate: 0.0 CC:20 score:-599.0 
1664834535.991050 -- INFO: Changing concurrency to 22 ******
1664834535.992560 -- INFO: Process Status Bits from change concurrency are: 1 1 1 1 1 1 1 1 1 1 1 1 1 1 1 1 1 1 1 1 1 1 0 0 0 0 0 0 0 0 0 0
1664834535.992700 -- INFO: Start Process :: 20
1664834535.992790 -- INFO: Start Process :: 21
1664834535.993744 -- INFO: Active CC: 22
1664834536.036368 -- INFO: Process 20 get item 18 from queue and executing
1664834536.036448 -- INFO: Process 21 get item 19 from queue and executing
1664834536.036660 -- INFO: starting 20, 18, /users/jamilm/files_to_Send/FILE0
1664834536.036721 -- INFO: starting 21, 19, /users/jamilm/files_to_Send/FILE3
1664834536.352532 -- INFO: Throughput @74.1s:924.6Mbps, rtt :44.62ms cwnd: 461.9 lossRate: 0.0 CC:22 score:-598.0 
1664834537.353041 -- INFO: Throughput @75.1s:975.12Mbps, rtt :44.78ms cwnd: 464.1 lossRate: 0.0 CC:22 score:-631.0 
1664834538.354289 -- INFO: Throughput @76.1s:929.9Mbps, rtt :44.8ms cwnd: 464.1 lossRate: 0.0 CC:22 score:-601.0 
1664834539.198081 -- INFO: Gradient: -0.3333333333333144, Gredient Change: 0.0005470459518599251, Theta: 1, Previous CC: 21, Choosen CC: 22
1664834539.199377 -- INFO: Changing concurrency to 21 ******
1664834539.200547 -- INFO: Process Status Bits from change concurrency are: 1 1 1 1 1 1 1 1 1 1 1 1 1 1 1 1 1 1 1 1 1 0 0 0 0 0 0 0 0 0 0 0
1664834539.201602 -- INFO: Active CC: 21
1664834539.355127 -- INFO: Throughput @77.1s:955.12Mbps, rtt :45.08ms cwnd: 464.1 lossRate: 0.0 CC:21 score:-630.0 
1664834540.355862 -- INFO: Throughput @78.1s:916.35Mbps, rtt :44.56ms cwnd: 474.8 lossRate: 0.0 CC:21 score:-605.0 
1664834541.357369 -- INFO: Throughput @79.1s:953.67Mbps, rtt :44.69ms cwnd: 477.9 lossRate: 0.0 CC:21 score:-629.0 
1664834542.358883 -- INFO: Throughput @80.1s:935.12Mbps, rtt :44.88ms cwnd: 477.9 lossRate: 0.0 CC:21 score:-617.0 
1664834542.402423 -- INFO: Changing concurrency to 23 ******
1664834542.403600 -- INFO: Process Status Bits from change concurrency are: 1 1 1 1 1 1 1 1 1 1 1 1 1 1 1 1 1 1 1 1 1 1 1 0 0 0 0 0 0 0 0 0
1664834542.403591 -- INFO: Start Process :: 21
1664834542.403993 -- INFO: Start Process :: 22
1664834542.404750 -- INFO: Active CC: 23
1664834542.446956 -- INFO: Process 21 get item 26 from queue and executing
1664834542.447467 -- INFO: starting 21, 26, /users/jamilm/files_to_Send/FILE0
1664834542.448485 -- INFO: Process 22 get item 27 from queue and executing
1664834542.448904 -- INFO: starting 22, 27, /users/jamilm/files_to_Send/FILE3
1664834543.359195 -- INFO: Throughput @81.1s:974.9Mbps, rtt :45.19ms cwnd: 465.0 lossRate: 0.0 CC:23 score:-618.0 
1664834544.360450 -- INFO: Throughput @82.1s:956.31Mbps, rtt :45.04ms cwnd: 465.7 lossRate: 0.0 CC:23 score:-606.0 
1664834545.360950 -- INFO: Throughput @83.1s:973.71Mbps, rtt :45.11ms cwnd: 465.7 lossRate: 0.0 CC:23 score:-617.0 
1664834545.605626 -- INFO: Gradient: 1.6666666666666856, Gredient Change: 0.002701242571582959, Theta: -1, Previous CC: 22, Choosen CC: 21
1664834545.605770 -- INFO: Changing concurrency to 20 ******
1664834545.606360 -- INFO: Process Status Bits from change concurrency are: 1 1 1 1 1 1 1 1 1 1 1 1 1 1 1 1 1 1 1 1 0 0 0 0 0 0 0 0 0 0 0 0
1664834545.607181 -- INFO: Active CC: 20
1664834546.362349 -- INFO: Throughput @84.1s:901.29Mbps, rtt :44.08ms cwnd: 477.4 lossRate: 0.0 CC:20 score:-607.0 
1664834547.362859 -- INFO: Throughput @85.1s:908.73Mbps, rtt :44.34ms cwnd: 477.4 lossRate: 0.0 CC:20 score:-612.0 
1664834548.365523 -- INFO: Throughput @86.1s:920.12Mbps, rtt :44.52ms cwnd: 477.4 lossRate: 0.0 CC:20 score:-619.0 
1664834548.808268 -- INFO: Changing concurrency to 22 ******
1664834548.809820 -- INFO: Process Status Bits from change concurrency are: 1 1 1 1 1 1 1 1 1 1 1 1 1 1 1 1 1 1 1 1 1 1 0 0 0 0 0 0 0 0 0 0
1664834548.809692 -- INFO: Start Process :: 20
1664834548.810170 -- INFO: Start Process :: 21
1664834548.810897 -- INFO: Active CC: 22
1664834548.853239 -- INFO: Process 20 get item 28 from queue and executing
1664834548.853576 -- INFO: starting 20, 28, /users/jamilm/files_to_Send/FILE2
1664834548.854037 -- INFO: Process 21 get item 21 from queue and executing
1664834548.854357 -- INFO: starting 21, 21, /users/jamilm/files_to_Send/FILE1
1664834549.364398 -- INFO: Throughput @87.1s:946.15Mbps, rtt :45.17ms cwnd: 468.6 lossRate: 0.0 CC:22 score:-612.0 
1664834550.365779 -- INFO: Throughput @88.1s:953.56Mbps, rtt :44.87ms cwnd: 472.4 lossRate: 0.0 CC:22 score:-617.0 
1664834551.366687 -- INFO: Throughput @89.1s:951.44Mbps, rtt :45.04ms cwnd: 472.4 lossRate: 0.0 CC:22 score:-615.0 
1664834552.011963 -- INFO: Gradient: -1.0, Gredient Change: 0.001632208922742111, Theta: 1, Previous CC: 21, Choosen CC: 22
1664834552.012159 -- INFO: Changing concurrency to 21 ******
1664834552.013196 -- INFO: Process Status Bits from change concurrency are: 1 1 1 1 1 1 1 1 1 1 1 1 1 1 1 1 1 1 1 1 1 0 0 0 0 0 0 0 0 0 0 0
1664834552.014558 -- INFO: Active CC: 21
1664834552.368268 -- INFO: Throughput @90.1s:938.58Mbps, rtt :44.53ms cwnd: 471.6 lossRate: 0.0 CC:21 score:-619.0 
1664834553.369323 -- INFO: Throughput @91.1s:936.42Mbps, rtt :44.54ms cwnd: 471.6 lossRate: 0.0 CC:21 score:-618.0 
1664834554.370471 -- INFO: Throughput @92.1s:935.0Mbps, rtt :44.75ms cwnd: 474.7 lossRate: 0.0 CC:21 score:-617.0 
1664834555.215636 -- INFO: Changing concurrency to 23 ******
1664834555.216954 -- INFO: Process Status Bits from change concurrency are: 1 1 1 1 1 1 1 1 1 1 1 1 1 1 1 1 1 1 1 1 1 1 1 0 0 0 0 0 0 0 0 0
1664834555.217181 -- INFO: Start Process :: 21
1664834555.217462 -- INFO: Start Process :: 22
1664834555.218061 -- INFO: Active CC: 23
1664834555.261171 -- INFO: Process 21 get item 23 from queue and executing
1664834555.261572 -- INFO: starting 21, 23, /users/jamilm/files_to_Send/FILE3
1664834555.265096 -- INFO: Process 22 get item 30 from queue and executing
1664834555.265383 -- INFO: starting 22, 30, /users/jamilm/files_to_Send/FILE0
1664834555.371166 -- INFO: Throughput @93.1s:942.43Mbps, rtt :44.7ms cwnd: 436.3 lossRate: 0.0 CC:23 score:-598.0 
1664834556.371498 -- INFO: Throughput @94.1s:982.57Mbps, rtt :45.04ms cwnd: 460.1 lossRate: 0.0 CC:23 score:-623.0 
1664834557.374029 -- INFO: Throughput @95.1s:963.74Mbps, rtt :44.91ms cwnd: 460.2 lossRate: 0.0 CC:23 score:-611.0 
1664834558.373583 -- INFO: Throughput @96.1s:961.26Mbps, rtt :45.14ms cwnd: 460.9 lossRate: 0.0 CC:23 score:-610.0 
1664834558.419134 -- INFO: Gradient: 1.6666666666666856, Gredient Change: 0.0026968716289104944, Theta: -1, Previous CC: 22, Choosen CC: 21
1664834558.419296 -- INFO: Changing concurrency to 20 ******
1664834558.420054 -- INFO: Process Status Bits from change concurrency are: 1 1 1 1 1 1 1 1 1 1 1 1 1 1 1 1 1 1 1 1 0 0 0 0 0 0 0 0 0 0 0 0
1664834558.421155 -- INFO: Active CC: 20
1664834559.374461 -- INFO: Throughput @97.1s:893.77Mbps, rtt :44.24ms cwnd: 477.4 lossRate: 0.0 CC:20 score:-601.0 
1664834560.376515 -- INFO: Throughput @98.1s:900.12Mbps, rtt :44.56ms cwnd: 477.4 lossRate: 0.0 CC:20 score:-606.0 
1664834561.377160 -- INFO: Throughput @99.1s:914.6Mbps, rtt :44.29ms cwnd: 477.4 lossRate: 0.0 CC:20 score:-615.0 
1664834561.622278 -- INFO: Changing concurrency to 22 ******
1664834561.623465 -- INFO: Process Status Bits from change concurrency are: 1 1 1 1 1 1 1 1 1 1 1 1 1 1 1 1 1 1 1 1 1 1 0 0 0 0 0 0 0 0 0 0
1664834561.623605 -- INFO: Start Process :: 21
1664834561.623943 -- INFO: Start Process :: 20
1664834561.624779 -- INFO: Active CC: 22
1664834561.665725 -- INFO: Process 21 get item 25 from queue and executing
1664834561.666029 -- INFO: starting 21, 25, /users/jamilm/files_to_Send/FILE1
1664834561.668301 -- INFO: Process 20 get item 29 from queue and executing
1664834561.668682 -- INFO: starting 20, 29, /users/jamilm/files_to_Send/FILE1
1664834562.377621 -- INFO: Throughput @100.1s:955.12Mbps, rtt :44.96ms cwnd: 464.0 lossRate: 0.0 CC:22 score:-618.0 
1664834563.378525 -- INFO: Throughput @101.2s:878.55Mbps, rtt :45.05ms cwnd: 465.1 lossRate: 0.0 CC:22 score:-568.0 
1664834564.379898 -- INFO: Throughput @102.2s:938.62Mbps, rtt :45.04ms cwnd: 465.1 lossRate: 0.0 CC:22 score:-607.0 
1664834564.825831 -- INFO: Gradient: 4.833333333333371, Gredient Change: 0.00795828759604836, Theta: -2, Previous CC: 21, Choosen CC: 19
1664834564.825994 -- INFO: Changing concurrency to 18 ******
1664834564.826985 -- INFO: Process Status Bits from change concurrency are: 1 1 1 1 1 1 1 1 1 1 1 1 1 1 1 1 1 1 0 0 0 0 0 0 0 0 0 0 0 0 0 0
1664834564.827722 -- INFO: Active CC: 18
1664834565.381673 -- INFO: Throughput @103.2s:891.38Mbps, rtt :44.59ms cwnd: 471.5 lossRate: 0.0 CC:18 score:-624.0 
1664834566.382957 -- INFO: Throughput @104.2s:905.0Mbps, rtt :43.87ms cwnd: 503.8 lossRate: 0 CC:18 score:-634.0 
1664834567.383120 -- INFO: Throughput @105.2s:900.0Mbps, rtt :43.81ms cwnd: 503.8 lossRate: 0.0 CC:18 score:-630.0 
1664834568.028874 -- INFO: Changing concurrency to 20 ******
1664834568.030963 -- INFO: Start Process :: 18
1664834568.031269 -- INFO: Process Status Bits from change concurrency are: 1 1 1 1 1 1 1 1 1 1 1 1 1 1 1 1 1 1 1 1 0 0 0 0 0 0 0 0 0 0 0 0
1664834568.031238 -- INFO: Start Process :: 19
1664834568.033083 -- INFO: Active CC: 20
1664834568.075780 -- INFO: Process 18 get item 24 from queue and executing
1664834568.076241 -- INFO: starting 18, 24, /users/jamilm/files_to_Send/FILE2
1664834568.077293 -- INFO: Process 19 get item 31 from queue and executing
1664834568.077816 -- INFO: starting 19, 31, /users/jamilm/files_to_Send/FILE3
1664834568.384871 -- INFO: Throughput @106.2s:917.3Mbps, rtt :44.11ms cwnd: 465.5 lossRate: 0.0 CC:20 score:-617.0 
1664834569.385819 -- INFO: Throughput @107.2s:923.61Mbps, rtt :43.78ms cwnd: 465.5 lossRate: 0.0 CC:20 score:-622.0 
1664834570.386413 -- INFO: Throughput @108.2s:920.23Mbps, rtt :44.08ms cwnd: 465.5 lossRate: 0.0 CC:20 score:-619.0 
1664834571.234219 -- INFO: Gradient: 5.0, Gredient Change: 0.007944915254237288, Theta: -3, Previous CC: 19, Choosen CC: 16
1664834571.234438 -- INFO: Changing concurrency to 15 ******
1664834571.236028 -- INFO: Process Status Bits from change concurrency are: 1 1 1 1 1 1 1 1 1 1 1 1 1 1 1 0 0 0 0 0 0 0 0 0 0 0 0 0 0 0 0 0
1664834571.237529 -- INFO: Active CC: 15
1664834571.388254 -- INFO: Throughput @109.2s:903.85Mbps, rtt :42.49ms cwnd: 461.7 lossRate: 0 CC:15 score:-672.0 
1664834572.389459 -- INFO: Throughput @110.2s:750.0Mbps, rtt :40.09ms cwnd: 512.9 lossRate: 0 CC:15 score:-557.0 
1664834573.390243 -- INFO: Throughput @111.2s:755.0Mbps, rtt :40.06ms cwnd: 512.9 lossRate: 0.0 CC:15 score:-561.0 
1664834574.391933 -- INFO: Throughput @112.2s:760.0Mbps, rtt :40.12ms cwnd: 512.9 lossRate: 0.0 CC:15 score:-565.0 
1664834574.438486 -- INFO: Changing concurrency to 17 ******
1664834574.439687 -- INFO: Process Status Bits from change concurrency are: 1 1 1 1 1 1 1 1 1 1 1 1 1 1 1 1 1 0 0 0 0 0 0 0 0 0 0 0 0 0 0 0
1664834574.439844 -- INFO: Start Process :: 15
1664834574.440140 -- INFO: Start Process :: 16
1664834574.441751 -- INFO: Active CC: 17
1664834574.479488 -- INFO: Process 15 get item 19 from queue and executing
1664834574.479763 -- INFO: Process 16 get item 26 from queue and executing
1664834574.480005 -- INFO: starting 15, 19, /users/jamilm/files_to_Send/FILE3
1664834574.480216 -- INFO: starting 16, 26, /users/jamilm/files_to_Send/FILE0
1664834575.391246 -- INFO: Throughput @113.2s:840.0Mbps, rtt :40.82ms cwnd: 504.5 lossRate: 0.0 CC:17 score:-600.0 
1664834576.391575 -- INFO: Throughput @114.2s:850.0Mbps, rtt :40.79ms cwnd: 504.5 lossRate: 0.0 CC:17 score:-607.0 
1664834577.394045 -- INFO: Throughput @115.2s:855.0Mbps, rtt :40.96ms cwnd: 504.5 lossRate: 0.0 CC:17 score:-611.0 
1664834577.642819 -- INFO: Gradient: -22.5, Gredient Change: 0.040106951871657755, Theta: 1, Previous CC: 16, Choosen CC: 17
1664834577.642995 -- INFO: Changing concurrency to 16 ******
1664834577.645054 -- INFO: Process Status Bits from change concurrency are: 1 1 1 1 1 1 1 1 1 1 1 1 1 1 1 1 0 0 0 0 0 0 0 0 0 0 0 0 0 0 0 0
1664834577.646590 -- INFO: Active CC: 16
1664834578.393776 -- INFO: Throughput @116.2s:815.0Mbps, rtt :40.31ms cwnd: 508.6 lossRate: 0.0 CC:16 score:-594.0 
1664834579.394743 -- INFO: Throughput @117.2s:805.0Mbps, rtt :40.47ms cwnd: 508.6 lossRate: 0.0 CC:16 score:-586.0 
1664834580.396254 -- INFO: Throughput @118.2s:805.0Mbps, rtt :40.18ms cwnd: 508.6 lossRate: 0.0 CC:16 score:-586.0 
1664834580.847619 -- INFO: Changing concurrency to 18 ******
1664834580.849210 -- INFO: Process Status Bits from change concurrency are: 1 1 1 1 1 1 1 1 1 1 1 1 1 1 1 1 1 1 0 0 0 0 0 0 0 0 0 0 0 0 0 0
1664834580.849622 -- INFO: Start Process :: 16
1664834580.849650 -- INFO: Start Process :: 17
1664834580.851136 -- INFO: Active CC: 18
1664834580.889384 -- INFO: Process 16 get item 27 from queue and executing
1664834580.889486 -- INFO: Process 17 get item 18 from queue and executing
1664834580.889785 -- INFO: starting 16, 27, /users/jamilm/files_to_Send/FILE3
1664834580.890150 -- INFO: starting 17, 18, /users/jamilm/files_to_Send/FILE0
1664834581.397520 -- INFO: Throughput @119.2s:850.0Mbps, rtt :41.99ms cwnd: 496.1 lossRate: 0.0 CC:18 score:-595.0 
1664834582.398669 -- INFO: Throughput @120.2s:900.0Mbps, rtt :41.25ms cwnd: 500.9 lossRate: 0.0 CC:18 score:-630.0 
1664834583.399162 -- INFO: Throughput @121.2s:900.0Mbps, rtt :41.1ms cwnd: 500.9 lossRate: 0.0 CC:18 score:-630.0 
1664834584.052274 -- INFO: Gradient: -14.833333333333371, Gredient Change: 0.025198187995470054, Theta: 2, Previous CC: 17, Choosen CC: 19
1664834584.052453 -- INFO: Changing concurrency to 18 ******
1664834584.054825 -- INFO: Process Status Bits from change concurrency are: 1 1 1 1 1 1 1 1 1 1 1 1 1 1 1 1 1 1 0 0 0 0 0 0 0 0 0 0 0 0 0 0
1664834584.057581 -- INFO: Active CC: 18
1664834584.400278 -- INFO: Throughput @122.2s:900.0Mbps, rtt :40.99ms cwnd: 500.9 lossRate: 0.0 CC:18 score:-630.0 
1664834585.400465 -- INFO: Throughput @123.2s:900.0Mbps, rtt :40.92ms cwnd: 500.9 lossRate: 0.0 CC:18 score:-630.0 
1664834586.402577 -- INFO: Throughput @124.2s:900.0Mbps, rtt :41.06ms cwnd: 500.9 lossRate: 0.0 CC:18 score:-630.0 
1664834587.258689 -- INFO: Changing concurrency to 20 ******
1664834587.261075 -- INFO: Process Status Bits from change concurrency are: 1 1 1 1 1 1 1 1 1 1 1 1 1 1 1 1 1 1 1 1 0 0 0 0 0 0 0 0 0 0 0 0
1664834587.261170 -- INFO: Start Process :: 18
1664834587.261207 -- INFO: Start Process :: 19
1664834587.262263 -- INFO: Active CC: 20
1664834587.301365 -- INFO: Process 19 get item 21 from queue and executing
1664834587.301462 -- INFO: Process 18 get item 30 from queue and executing
1664834587.301756 -- INFO: starting 19, 21, /users/jamilm/files_to_Send/FILE1
1664834587.301861 -- INFO: starting 18, 30, /users/jamilm/files_to_Send/FILE0
1664834587.402989 -- INFO: Throughput @125.2s:904.14Mbps, rtt :40.94ms cwnd: 454.8 lossRate: 0.0 CC:20 score:-608.0 
1664834588.403795 -- INFO: Throughput @126.2s:1005.86Mbps, rtt :44.47ms cwnd: 487.4 lossRate: 0.0 CC:20 score:-677.0 
1664834589.404686 -- INFO: Throughput @127.2s:980.0Mbps, rtt :44.63ms cwnd: 487.4 lossRate: 0.0 CC:20 score:-660.0 
1664834590.407534 -- INFO: Throughput @128.2s:970.0Mbps, rtt :44.12ms cwnd: 487.4 lossRate: 0.0 CC:20 score:-653.0 
1664834590.463388 -- INFO: Gradient: -16.666666666666686, Gredient Change: 0.026455026455026485, Theta: 3, Previous CC: 19, Choosen CC: 22
1664834590.463586 -- INFO: Changing concurrency to 21 ******
1664834590.465077 -- INFO: Process Status Bits from change concurrency are: 1 1 1 1 1 1 1 1 1 1 1 1 1 1 1 1 1 1 1 1 1 0 0 0 0 0 0 0 0 0 0 0
1664834590.465161 -- INFO: Start Process :: 20
1664834590.466872 -- INFO: Active CC: 21
1664834590.510545 -- INFO: Process 20 get item 28 from queue and executing
1664834590.510919 -- INFO: starting 20, 28, /users/jamilm/files_to_Send/FILE2
1664834591.407338 -- INFO: Throughput @129.2s:973.92Mbps, rtt :44.35ms cwnd: 467.5 lossRate: 0.0 CC:21 score:-643.0 
1664834592.408378 -- INFO: Throughput @130.2s:950.85Mbps, rtt :44.57ms cwnd: 473.6 lossRate: 0.0 CC:21 score:-627.0 
1664834593.408842 -- INFO: Throughput @131.2s:949.81Mbps, rtt :44.4ms cwnd: 473.6 lossRate: 0.0 CC:21 score:-627.0 
1664834593.668037 -- INFO: Changing concurrency to 23 ******
1664834593.669464 -- INFO: Process Status Bits from change concurrency are: 1 1 1 1 1 1 1 1 1 1 1 1 1 1 1 1 1 1 1 1 1 1 1 0 0 0 0 0 0 0 0 0
1664834593.669826 -- INFO: Start Process :: 22
1664834593.670059 -- INFO: Start Process :: 21
1664834593.670554 -- INFO: Active CC: 23
1664834593.714535 -- INFO: Process 21 get item 23 from queue and executing
1664834593.714973 -- INFO: starting 21, 23, /users/jamilm/files_to_Send/FILE3
1664834593.716426 -- INFO: Process 22 get item 25 from queue and executing
1664834593.716752 -- INFO: starting 22, 25, /users/jamilm/files_to_Send/FILE1
1664834594.410123 -- INFO: Throughput @132.2s:973.37Mbps, rtt :45.05ms cwnd: 444.0 lossRate: 0.0 CC:23 score:-617.0 
1664834595.411197 -- INFO: Throughput @133.2s:956.62Mbps, rtt :45.04ms cwnd: 444.1 lossRate: 0.0 CC:23 score:-607.0 
1664834596.412108 -- INFO: Throughput @134.2s:969.0Mbps, rtt :44.73ms cwnd: 444.1 lossRate: 0.0 CC:23 score:-614.0 
1664834596.871719 -- INFO: Gradient: 9.833333333333371, Gredient Change: 0.01555086979441229, Theta: -1, Previous CC: 22, Choosen CC: 21
1664834596.871926 -- INFO: Changing concurrency to 20 ******
1664834596.873240 -- INFO: Process Status Bits from change concurrency are: 1 1 1 1 1 1 1 1 1 1 1 1 1 1 1 1 1 1 1 1 0 0 0 0 0 0 0 0 0 0 0 0
1664834596.874091 -- INFO: Active CC: 20
1664834597.413597 -- INFO: Throughput @135.2s:935.07Mbps, rtt :44.95ms cwnd: 444.1 lossRate: 0.0 CC:20 score:-629.0 
1664834598.414540 -- INFO: Throughput @136.2s:930.0Mbps, rtt :44.44ms cwnd: 487.4 lossRate: 0.0 CC:20 score:-626.0 
1664834599.416533 -- INFO: Throughput @137.2s:930.0Mbps, rtt :44.57ms cwnd: 487.4 lossRate: 0.0 CC:20 score:-626.0 
1664834600.075181 -- INFO: Changing concurrency to 22 ******
1664834600.076641 -- INFO: Start Process :: 21
1664834600.076739 -- INFO: Process Status Bits from change concurrency are: 1 1 1 1 1 1 1 1 1 1 1 1 1 1 1 1 1 1 1 1 1 1 0 0 0 0 0 0 0 0 0 0
1664834600.077029 -- INFO: Start Process :: 20
1664834600.078093 -- INFO: Active CC: 22
1664834600.120280 -- INFO: Process 21 get item 22 from queue and executing
1664834600.120617 -- INFO: starting 21, 22, /users/jamilm/files_to_Send/FILE0
1664834600.121944 -- INFO: Process 20 get item 29 from queue and executing
1664834600.122293 -- INFO: starting 20, 29, /users/jamilm/files_to_Send/FILE1
1664834600.416414 -- INFO: Throughput @138.2s:945.0Mbps, rtt :45.06ms cwnd: 461.9 lossRate: 0.0 CC:22 score:-611.0 
1664834601.423215 -- INFO: Throughput @139.2s:975.0Mbps, rtt :44.83ms cwnd: 464.9 lossRate: 0.0 CC:22 score:-631.0 
1664834602.418409 -- INFO: Throughput @140.2s:950.0Mbps, rtt :44.59ms cwnd: 464.9 lossRate: 0.0 CC:22 score:-614.0 
1664834603.279094 -- INFO: Gradient: 4.166666666666686, Gredient Change: 0.006645401382243518, Theta: -2, Previous CC: 21, Choosen CC: 19
1664834603.279257 -- INFO: Changing concurrency to 18 ******
1664834603.280226 -- INFO: Process Status Bits from change concurrency are: 1 1 1 1 1 1 1 1 1 1 1 1 1 1 1 1 1 1 0 0 0 0 0 0 0 0 0 0 0 0 0 0
1664834603.281089 -- INFO: Active CC: 18
1664834603.421379 -- INFO: Throughput @141.2s:960.0Mbps, rtt :44.63ms cwnd: 464.9 lossRate: 0.0 CC:18 score:-672.0 
1664834604.427799 -- INFO: Throughput @142.2s:865.0Mbps, rtt :43.46ms cwnd: 500.9 lossRate: 0 CC:18 score:-606.0 
1664834605.419661 -- INFO: Throughput @143.2s:900.0Mbps, rtt :43.51ms cwnd: 500.9 lossRate: 0.0 CC:18 score:-630.0 
1664834606.423146 -- INFO: Throughput @144.2s:925.0Mbps, rtt :43.25ms cwnd: 500.9 lossRate: 0.0 CC:18 score:-648.0 
1664834606.481976 -- INFO: Changing concurrency to 20 ******
1664834606.483392 -- INFO: Start Process :: 19
1664834606.483479 -- INFO: Start Process :: 18
1664834606.483973 -- INFO: Process Status Bits from change concurrency are: 1 1 1 1 1 1 1 1 1 1 1 1 1 1 1 1 1 1 1 1 0 0 0 0 0 0 0 0 0 0 0 0
1664834606.485877 -- INFO: Active CC: 20
1664834606.526161 -- INFO: Process 19 get item 20 from queue and executing
1664834606.526621 -- INFO: starting 19, 20, /users/jamilm/files_to_Send/FILE2
1664834606.526815 -- INFO: Process 18 get item 15 from queue and executing
1664834606.527223 -- INFO: starting 18, 15, /users/jamilm/files_to_Send/FILE3
1664834607.422926 -- INFO: Throughput @145.2s:985.0Mbps, rtt :43.82ms cwnd: 484.9 lossRate: 0.0 CC:20 score:-663.0 
1664834608.424239 -- INFO: Throughput @146.2s:965.0Mbps, rtt :44.05ms cwnd: 484.9 lossRate: 0.0 CC:20 score:-649.0 
1664834609.425404 -- INFO: Throughput @147.2s:940.0Mbps, rtt :43.85ms cwnd: 484.9 lossRate: 0.0 CC:20 score:-633.0 
1664834609.687025 -- INFO: Gradient: -10.166666666666686, Gredient Change: 0.01618895966029727, Theta: 1, Previous CC: 19, Choosen CC: 20
1664834609.687211 -- INFO: Changing concurrency to 19 ******
1664834609.688630 -- INFO: Process Status Bits from change concurrency are: 1 1 1 1 1 1 1 1 1 1 1 1 1 1 1 1 1 1 1 0 0 0 0 0 0 0 0 0 0 0 0 0
1664834609.690127 -- INFO: Active CC: 19
1664834610.426944 -- INFO: Throughput @148.2s:930.0Mbps, rtt :43.81ms cwnd: 493.1 lossRate: 0.0 CC:19 score:-638.0 
1664834611.427971 -- INFO: Throughput @149.2s:935.0Mbps, rtt :43.83ms cwnd: 493.1 lossRate: 0.0 CC:19 score:-642.0 
1664834612.430275 -- INFO: Throughput @150.2s:940.0Mbps, rtt :43.73ms cwnd: 493.1 lossRate: 0.0 CC:19 score:-645.0 
1664834612.891232 -- INFO: Changing concurrency to 21 ******
1664834612.892557 -- INFO: Process Status Bits from change concurrency are: 1 1 1 1 1 1 1 1 1 1 1 1 1 1 1 1 1 1 1 1 1 0 0 0 0 0 0 0 0 0 0 0
1664834612.892423 -- INFO: Start Process :: 19
1664834612.892745 -- INFO: Start Process :: 20
1664834612.893876 -- INFO: Active CC: 21
1664834612.934696 -- INFO: Process 19 get item 17 from queue and executing
1664834612.935061 -- INFO: starting 19, 17, /users/jamilm/files_to_Send/FILE1
1664834612.935036 -- INFO: Process 20 get item 24 from queue and executing
1664834612.935460 -- INFO: starting 20, 24, /users/jamilm/files_to_Send/FILE2
1664834613.430075 -- INFO: Throughput @151.2s:965.0Mbps, rtt :44.46ms cwnd: 468.5 lossRate: 0.0 CC:21 score:-637.0 
1664834614.430476 -- INFO: Throughput @152.2s:965.0Mbps, rtt :44.15ms cwnd: 468.5 lossRate: 0.0 CC:21 score:-637.0 
1664834615.431299 -- INFO: Throughput @153.2s:940.0Mbps, rtt :43.97ms cwnd: 468.5 lossRate: 0.0 CC:21 score:-620.0 
1664834616.094819 -- INFO: Gradient: 5.166666666666629, Gredient Change: 0.008051948051947993, Theta: -1, Previous CC: 20, Choosen CC: 19
1664834616.095017 -- INFO: Changing concurrency to 18 ******
1664834616.096712 -- INFO: Process Status Bits from change concurrency are: 1 1 1 1 1 1 1 1 1 1 1 1 1 1 1 1 1 1 0 0 0 0 0 0 0 0 0 0 0 0 0 0
1664834616.097755 -- INFO: Active CC: 18
1664834616.433957 -- INFO: Throughput @154.2s:940.0Mbps, rtt :44.05ms cwnd: 468.5 lossRate: 0.0 CC:18 score:-658.0 
1664834617.434266 -- INFO: Throughput @155.2s:890.0Mbps, rtt :42.81ms cwnd: 500.9 lossRate: 0.0 CC:18 score:-623.0 
1664834618.435150 -- INFO: Throughput @156.2s:920.0Mbps, rtt :42.86ms cwnd: 500.9 lossRate: 0.0 CC:18 score:-644.0 
1664834619.298927 -- INFO: Changing concurrency to 20 ******
1664834619.301034 -- INFO: Start Process :: 19
1664834619.301306 -- INFO: Start Process :: 18
1664834619.301660 -- INFO: Process Status Bits from change concurrency are: 1 1 1 1 1 1 1 1 1 1 1 1 1 1 1 1 1 1 1 1 0 0 0 0 0 0 0 0 0 0 0 0
1664834619.302868 -- INFO: Active CC: 20
1664834619.343932 -- INFO: Process 19 get item 16 from queue and executing
1664834619.344007 -- INFO: Process 18 get item 31 from queue and executing
1664834619.344224 -- INFO: starting 19, 16, /users/jamilm/files_to_Send/FILE2
1664834619.344418 -- INFO: starting 18, 31, /users/jamilm/files_to_Send/FILE3
1664834619.435254 -- INFO: Throughput @157.2s:902.69Mbps, rtt :43.14ms cwnd: 452.8 lossRate: 0.0 CC:20 score:-607.0 
1664834620.436529 -- INFO: Throughput @158.2s:992.31Mbps, rtt :44.45ms cwnd: 481.4 lossRate: 0.0 CC:20 score:-668.0 
1664834621.437808 -- INFO: Throughput @159.2s:965.0Mbps, rtt :44.24ms cwnd: 481.4 lossRate: 0.0 CC:20 score:-649.0 
1664834622.440209 -- INFO: Throughput @160.2s:945.0Mbps, rtt :44.22ms cwnd: 481.4 lossRate: 0.0 CC:20 score:-636.0 
1664834622.503993 -- INFO: Gradient: -4.666666666666686, Gredient Change: 0.007272727272727303, Theta: 1, Previous CC: 19, Choosen CC: 20
1664834622.504179 -- INFO: Changing concurrency to 19 ******
1664834622.505194 -- INFO: Process Status Bits from change concurrency are: 1 1 1 1 1 1 1 1 1 1 1 1 1 1 1 1 1 1 1 0 0 0 0 0 0 0 0 0 0 0 0 0
1664834622.506627 -- INFO: Active CC: 19
1664834623.439719 -- INFO: Throughput @161.2s:930.0Mbps, rtt :43.4ms cwnd: 493.1 lossRate: 0.0 CC:19 score:-638.0 
1664834624.440917 -- INFO: Throughput @162.2s:945.0Mbps, rtt :43.64ms cwnd: 493.1 lossRate: 0.0 CC:19 score:-649.0 
1664834625.443718 -- INFO: Throughput @163.2s:940.0Mbps, rtt :43.09ms cwnd: 493.1 lossRate: 0.0 CC:19 score:-645.0 
1664834625.511668 -- INFO: Process 2 finished on working on file 1 
1664834625.512790 -- INFO: Process 2 get item 26 from queue and executing
1664834625.513162 -- INFO: starting 2, 26, /users/jamilm/files_to_Send/FILE0
1664834625.512877 -- INFO: Process 1 finished on working on file 2 
1664834625.514986 -- INFO: Process 1 get item 28 from queue and executing
1664834625.515476 -- INFO: starting 1, 28, /users/jamilm/files_to_Send/FILE2
1664834625.707707 -- INFO: Changing concurrency to 21 ******
1664834625.709380 -- INFO: Process Status Bits from change concurrency are: 1 1 1 1 1 1 1 1 1 1 1 1 1 1 1 1 1 1 1 1 1 0 0 0 0 0 0 0 0 0 0 0
1664834625.709490 -- INFO: Start Process :: 19
1664834625.709591 -- INFO: Start Process :: 20
1664834625.711054 -- INFO: Active CC: 21
1664834625.751874 -- INFO: Process 19 get item 25 from queue and executing
1664834625.752211 -- INFO: starting 19, 25, /users/jamilm/files_to_Send/FILE1
1664834625.753156 -- INFO: Process 20 get item 23 from queue and executing
1664834625.753527 -- INFO: starting 20, 23, /users/jamilm/files_to_Send/FILE3
1664834626.444648 -- INFO: Throughput @164.2s:959.58Mbps, rtt :44.43ms cwnd: 466.4 lossRate: 0.0 CC:21 score:-633.0 
1664834627.443839 -- INFO: Throughput @165.2s:950.42Mbps, rtt :44.16ms cwnd: 466.4 lossRate: 0.0 CC:21 score:-627.0 
1664834628.444398 -- INFO: Throughput @166.2s:944.6Mbps, rtt :44.76ms cwnd: 466.4 lossRate: 0.0 CC:21 score:-623.0 
1664834628.912385 -- INFO: Gradient: 8.166666666666686, Gredient Change: 0.012681159420289884, Theta: -1, Previous CC: 20, Choosen CC: 19
1664834628.912578 -- INFO: Changing concurrency to 18 ******
1664834628.913735 -- INFO: Process Status Bits from change concurrency are: 1 1 1 1 1 1 1 1 1 1 1 1 1 1 1 1 1 1 0 0 0 0 0 0 0 0 0 0 0 0 0 0
1664834628.915020 -- INFO: Active CC: 18
1664834629.446373 -- INFO: Throughput @167.2s:915.4Mbps, rtt :44.12ms cwnd: 466.4 lossRate: 0.0 CC:18 score:-641.0 
1664834630.445845 -- INFO: Throughput @168.2s:920.0Mbps, rtt :42.65ms cwnd: 500.9 lossRate: 0.0 CC:18 score:-644.0 
1664834631.447485 -- INFO: Throughput @169.2s:915.0Mbps, rtt :42.67ms cwnd: 500.9 lossRate: 0.0 CC:18 score:-641.0 
1664834632.116125 -- INFO: Changing concurrency to 20 ******
1664834632.118353 -- INFO: Start Process :: 19
1664834632.118738 -- INFO: Process Status Bits from change concurrency are: 1 1 1 1 1 1 1 1 1 1 1 1 1 1 1 1 1 1 1 1 0 0 0 0 0 0 0 0 0 0 0 0
1664834632.118644 -- INFO: Start Process :: 18
1664834632.120560 -- INFO: Active CC: 20
1664834632.162168 -- INFO: Process 18 get item 21 from queue and executing
1664834632.162225 -- INFO: Process 19 get item 30 from queue and executing
1664834632.162577 -- INFO: starting 18, 21, /users/jamilm/files_to_Send/FILE1
1664834632.162758 -- INFO: starting 19, 30, /users/jamilm/files_to_Send/FILE0
1664834632.447700 -- INFO: Throughput @170.2s:925.0Mbps, rtt :43.28ms cwnd: 469.6 lossRate: 0.0 CC:20 score:-622.0 
1664834633.449343 -- INFO: Throughput @171.2s:947.9Mbps, rtt :43.31ms cwnd: 471.2 lossRate: 0.0 CC:20 score:-638.0 
1664834634.450042 -- INFO: Throughput @172.2s:942.1Mbps, rtt :43.52ms cwnd: 471.2 lossRate: 0.0 CC:20 score:-634.0 
1664834635.321642 -- INFO: Gradient: 5.333333333333314, Gredient Change: 0.008307372793354072, Theta: -2, Previous CC: 19, Choosen CC: 17
1664834635.321836 -- INFO: Changing concurrency to 16 ******
1664834635.323381 -- INFO: Process Status Bits from change concurrency are: 1 1 1 1 1 1 1 1 1 1 1 1 1 1 1 1 0 0 0 0 0 0 0 0 0 0 0 0 0 0 0 0
1664834635.324423 -- INFO: Active CC: 16
1664834635.452211 -- INFO: Throughput @173.2s:937.92Mbps, rtt :43.6ms cwnd: 471.9 lossRate: 0.0 CC:16 score:-683.0 
1664834636.451823 -- INFO: Throughput @174.2s:802.08Mbps, rtt :39.95ms cwnd: 527.1 lossRate: 0 CC:16 score:-584.0 
1664834636.666600 -- INFO: Process 0 finished on working on file 0 
1664834636.668874 -- INFO: Process 0 get item 22 from queue and executing
1664834636.669358 -- INFO: starting 0, 22, /users/jamilm/files_to_Send/FILE0
1664834637.452590 -- INFO: Throughput @175.2s:800.0Mbps, rtt :39.87ms cwnd: 527.1 lossRate: 0.0 CC:16 score:-583.0 
1664834637.517679 -- INFO: Process 4 finished on working on file 3 
1664834637.518535 -- INFO: Process 4 get item 29 from queue and executing
1664834637.518884 -- INFO: starting 4, 29, /users/jamilm/files_to_Send/FILE1
1664834638.454126 -- INFO: Throughput @176.2s:805.0Mbps, rtt :39.85ms cwnd: 527.1 lossRate: 0.0 CC:16 score:-586.0 
1664834638.525367 -- INFO: Changing concurrency to 18 ******
1664834638.527600 -- INFO: Start Process :: 17
1664834638.528183 -- INFO: Process Status Bits from change concurrency are: 1 1 1 1 1 1 1 1 1 1 1 1 1 1 1 1 1 1 0 0 0 0 0 0 0 0 0 0 0 0 0 0
1664834638.527783 -- INFO: Start Process :: 16
1664834638.530605 -- INFO: Active CC: 18
1664834638.566933 -- INFO: Process 17 get item 20 from queue and executing
1664834638.567206 -- INFO: starting 17, 20, /users/jamilm/files_to_Send/FILE2
1664834638.567953 -- INFO: Process 16 get item 17 from queue and executing
1664834638.568351 -- INFO: starting 16, 17, /users/jamilm/files_to_Send/FILE1
1664834638.776206 -- INFO: Process 5 finished on working on file 5 
1664834638.777159 -- INFO: Process 5 get item 15 from queue and executing
1664834638.777494 -- INFO: starting 5, 15, /users/jamilm/files_to_Send/FILE3
1664834639.301417 -- INFO: Process 6 finished on working on file 6 
1664834639.302495 -- INFO: Process 6 get item 24 from queue and executing
1664834639.302907 -- INFO: starting 6, 24, /users/jamilm/files_to_Send/FILE2
1664834639.455193 -- INFO: Throughput @177.2s:890.0Mbps, rtt :40.47ms cwnd: 498.8 lossRate: 0.0 CC:18 score:-623.0 
1664834640.456743 -- INFO: Throughput @178.2s:900.0Mbps, rtt :40.07ms cwnd: 515.9 lossRate: 0.0 CC:18 score:-630.0 
1664834641.457046 -- INFO: Throughput @179.2s:900.0Mbps, rtt :39.88ms cwnd: 517.2 lossRate: 0.0 CC:18 score:-630.0 
1664834641.580386 -- INFO: Process 8 finished on working on file 9 
1664834641.581482 -- INFO: Process 8 get item 16 from queue and executing
1664834641.581858 -- INFO: starting 8, 16, /users/jamilm/files_to_Send/FILE2
1664834641.675175 -- INFO: Process 3 finished on working on file 4 
1664834641.676192 -- INFO: Process 3 get item 25 from queue and executing
1664834641.676623 -- INFO: starting 3, 25, /users/jamilm/files_to_Send/FILE1
1664834641.731727 -- INFO: Gradient: -21.66666666666663, Gredient Change: 0.03707929264118647, Theta: 1, Previous CC: 17, Choosen CC: 18
1664834641.731898 -- INFO: Changing concurrency to 17 ******
1664834641.733390 -- INFO: Process Status Bits from change concurrency are: 1 1 1 1 1 1 1 1 1 1 1 1 1 1 1 1 1 0 0 0 0 0 0 0 0 0 0 0 0 0 0 0
1664834641.735036 -- INFO: Active CC: 17
1664834641.982488 -- INFO: Process 10 finished on working on file 8 
1664834641.984360 -- INFO: Process 10 get item 31 from queue and executing
1664834641.984858 -- INFO: starting 10, 31, /users/jamilm/files_to_Send/FILE3
1664834642.458827 -- INFO: Throughput @180.2s:865.0Mbps, rtt :39.91ms cwnd: 522.1 lossRate: 0.0 CC:17 score:-618.0 
1664834643.460917 -- INFO: Throughput @181.2s:850.0Mbps, rtt :40.05ms cwnd: 522.1 lossRate: 0.0 CC:17 score:-607.0 
1664834644.460293 -- INFO: Throughput @182.2s:850.0Mbps, rtt :39.99ms cwnd: 522.1 lossRate: 0.0 CC:17 score:-607.0 
1664834644.936280 -- INFO: Changing concurrency to 19 ******
1664834644.938580 -- INFO: Start Process :: 18
1664834644.938906 -- INFO: Start Process :: 17
1664834644.939184 -- INFO: Process Status Bits from change concurrency are: 1 1 1 1 1 1 1 1 1 1 1 1 1 1 1 1 1 1 1 0 0 0 0 0 0 0 0 0 0 0 0 0
1664834644.940894 -- INFO: Active CC: 19
1664834644.979135 -- INFO: Process 18 get item 23 from queue and executing
1664834644.979394 -- INFO: Process 17 get item 21 from queue and executing
1664834644.979509 -- INFO: starting 18, 23, /users/jamilm/files_to_Send/FILE3
1664834644.979858 -- INFO: starting 17, 21, /users/jamilm/files_to_Send/FILE1
1664834645.461168 -- INFO: Throughput @183.2s:900.0Mbps, rtt :41.25ms cwnd: 497.5 lossRate: 0.0 CC:19 score:-618.0 
1664834645.857080 -- INFO: Process 11 finished on working on file 11 
1664834645.858334 -- INFO: Process 11 get item 27 from queue and executing
1664834645.858873 -- INFO: starting 11, 27, /users/jamilm/files_to_Send/FILE3
1664834646.333405 -- INFO: Process 9 finished on working on file 10 
1664834646.335603 -- INFO: Process 9 get item 18 from queue and executing
1664834646.336181 -- INFO: starting 9, 18, /users/jamilm/files_to_Send/FILE0
1664834646.461886 -- INFO: Throughput @184.2s:950.0Mbps, rtt :42.59ms cwnd: 500.8 lossRate: 0.0 CC:19 score:-652.0 
1664834646.888056 -- INFO: Process 7 finished on working on file 7 
1664834646.888758 -- INFO: Process 7 get item 30 from queue and executing
1664834646.889170 -- INFO: starting 7, 30, /users/jamilm/files_to_Send/FILE0
1664834647.463487 -- INFO: Throughput @185.2s:950.0Mbps, rtt :42.83ms cwnd: 500.8 lossRate: 0.0 CC:19 score:-652.0 
1664834648.142099 -- INFO: Gradient: -15.0, Gredient Change: 0.024563318777292578, Theta: 2, Previous CC: 18, Choosen CC: 20
1664834648.142321 -- INFO: Changing concurrency to 19 ******
1664834648.144425 -- INFO: Process Status Bits from change concurrency are: 1 1 1 1 1 1 1 1 1 1 1 1 1 1 1 1 1 1 1 0 0 0 0 0 0 0 0 0 0 0 0 0
1664834648.146213 -- INFO: Active CC: 19
1664834648.464982 -- INFO: Throughput @186.2s:950.0Mbps, rtt :42.83ms cwnd: 500.8 lossRate: 0.0 CC:19 score:-652.0 
1664834649.465259 -- INFO: Throughput @187.2s:950.0Mbps, rtt :43.04ms cwnd: 500.8 lossRate: 0.0 CC:19 score:-652.0 
1664834650.465662 -- INFO: Throughput @188.2s:950.0Mbps, rtt :42.83ms cwnd: 500.8 lossRate: 0.0 CC:19 score:-652.0 
1664834651.347198 -- INFO: Changing concurrency to 21 ******
1664834651.348600 -- INFO: Process Status Bits from change concurrency are: 1 1 1 1 1 1 1 1 1 1 1 1 1 1 1 1 1 1 1 1 1 0 0 0 0 0 0 0 0 0 0 0
1664834651.349010 -- INFO: Start Process :: 20
1664834651.349135 -- INFO: Start Process :: 19
1664834651.350204 -- INFO: Active CC: 21
1664834651.393579 -- INFO: Process 20 get item 20 from queue and executing
1664834651.393919 -- INFO: starting 20, 20, /users/jamilm/files_to_Send/FILE2
1664834651.467168 -- INFO: Throughput @189.2s:946.34Mbps, rtt :43.08ms cwnd: 476.8 lossRate: 0.0 CC:21 score:-624.0 
1664834652.467672 -- INFO: Throughput @190.2s:973.66Mbps, rtt :43.94ms cwnd: 486.6 lossRate: 0.0 CC:21 score:-642.0 
1664834653.469502 -- INFO: Throughput @191.2s:955.0Mbps, rtt :43.9ms cwnd: 486.6 lossRate: 0.0 CC:21 score:-630.0 
1664834654.470659 -- INFO: Throughput @192.2s:945.0Mbps, rtt :43.92ms cwnd: 486.6 lossRate: 0.0 CC:21 score:-623.0 
1664834654.551596 -- INFO: Gradient: 10.166666666666686, Gredient Change: 0.015593047034764855, Theta: -1, Previous CC: 20, Choosen CC: 19
1664834654.551807 -- INFO: Changing concurrency to 18 ******
1664834654.553121 -- INFO: Process Status Bits from change concurrency are: 1 1 1 1 1 1 1 1 1 1 1 1 1 1 1 1 1 1 0 0 0 0 0 0 0 0 0 0 0 0 0 0
1664834654.554783 -- INFO: Active CC: 18
1664834655.471318 -- INFO: Throughput @193.2s:905.0Mbps, rtt :42.27ms cwnd: 510.3 lossRate: 0.0 CC:18 score:-634.0 
1664834656.473119 -- INFO: Throughput @194.2s:915.0Mbps, rtt :42.3ms cwnd: 510.3 lossRate: 0.0 CC:18 score:-641.0 
1664834657.193729 -- INFO: Process 12 finished on working on file 12 
1664834657.195005 -- INFO: Process 12 get item 23 from queue and executing
1664834657.195440 -- INFO: starting 12, 23, /users/jamilm/files_to_Send/FILE3
1664834657.474125 -- INFO: Throughput @195.2s:900.0Mbps, rtt :41.48ms cwnd: 522.2 lossRate: 0.0 CC:18 score:-630.0 
1664834657.756091 -- INFO: Changing concurrency to 20 ******
1664834657.758307 -- INFO: Start Process :: 18
1664834657.758934 -- INFO: Process Status Bits from change concurrency are: 1 1 1 1 1 1 1 1 1 1 1 1 1 1 1 1 1 1 1 1 0 0 0 0 0 0 0 0 0 0 0 0
1664834657.758841 -- INFO: Start Process :: 19
1664834657.760925 -- INFO: Active CC: 20
1664834657.798546 -- INFO: Process 18 get item 20 from queue and executing
1664834657.799030 -- INFO: starting 18, 20, /users/jamilm/files_to_Send/FILE2
1664834658.475405 -- INFO: Throughput @196.2s:935.0Mbps, rtt :41.89ms cwnd: 510.4 lossRate: 0.0 CC:20 score:-629.0 
1664834659.475748 -- INFO: Throughput @197.2s:950.0Mbps, rtt :42.59ms cwnd: 510.4 lossRate: 0.0 CC:20 score:-639.0 
1664834660.476916 -- INFO: Throughput @198.2s:950.0Mbps, rtt :43.24ms cwnd: 510.4 lossRate: 0.0 CC:20 score:-639.0 
1664834660.962439 -- INFO: Gradient: -0.3333333333333144, Gredient Change: 0.0005249343832020699, Theta: 1, Previous CC: 19, Choosen CC: 20
1664834660.962682 -- INFO: Changing concurrency to 19 ******
1664834660.964478 -- INFO: Process Status Bits from change concurrency are: 1 1 1 1 1 1 1 1 1 1 1 1 1 1 1 1 1 1 1 0 0 0 0 0 0 0 0 0 0 0 0 0
1664834660.966042 -- INFO: Active CC: 19
1664834661.477733 -- INFO: Throughput @199.2s:950.0Mbps, rtt :43.28ms cwnd: 510.4 lossRate: 0.0 CC:19 score:-652.0 
1664834662.465587 -- INFO: episode expires
1664834662.465790 -- INFO: Process 23 shutdown itself from outest loop
1664834662.465823 -- INFO: Process 21 shutdown itself from outest loop
1664834662.466031 -- INFO: Process 30 shutdown itself from outest loop
1664834662.465909 -- INFO: Process 19 shutdown itself from outest loop
1664834662.466539 -- INFO: Process Status Bits are: 1 1 1 1 1 1 1 1 1 1 1 1 1 1 1 1 1 1 1 0 0 0 0 0 0 0 0 0 0 0 0 0
1664834662.466462 -- INFO: Process Status Bits are: 1 1 1 1 1 1 1 1 1 1 1 1 1 1 1 1 1 1 1 0 0 0 0 0 0 0 0 0 0 0 0 0
1664834662.466411 -- INFO: Process 25 shutdown itself from outest loop
1664834662.466415 -- INFO: Process 20 shutdown itself from outest loop
1664834662.466832 -- INFO: Process Status Bits are: 1 1 1 1 1 1 1 1 1 1 1 1 1 1 1 1 1 1 1 0 0 0 0 0 0 0 0 0 0 0 0 0
1664834662.466516 -- INFO: Process 27 shutdown itself from outest loop
1664834662.466030 -- INFO: Process 26 shutdown itself from outest loop
1664834662.466959 -- INFO: Process Status Bits are: 1 1 1 1 1 1 1 1 1 1 1 1 1 1 1 1 1 1 1 0 0 0 0 0 0 0 0 0 0 0 0 0
1664834662.466255 -- INFO: Process 31 shutdown itself from outest loop
1664834662.466969 -- INFO: Process Status Bits are: 1 1 1 1 1 1 1 1 1 1 1 1 1 1 1 1 1 1 1 0 0 0 0 0 0 0 0 0 0 0 0 0
1664834662.466232 -- INFO: Process 22 shutdown itself from outest loop
1664834662.467200 -- INFO: Process Status Bits are: 1 1 1 1 1 1 1 1 1 1 1 1 1 1 1 1 1 1 1 0 0 0 0 0 0 0 0 0 0 0 0 0
1664834662.467402 -- INFO: Process Status Bits are: 1 1 1 1 1 1 1 1 1 1 1 1 1 1 1 1 1 1 1 0 0 0 0 0 0 0 0 0 0 0 0 0
1664834662.467408 -- INFO: Process Status Bits are: 1 1 1 1 1 1 1 1 1 1 1 1 1 1 1 1 1 1 1 0 0 0 0 0 0 0 0 0 0 0 0 0
1664834662.467392 -- INFO: Process Status Bits are: 1 1 1 1 1 1 1 1 1 1 1 1 1 1 1 1 1 1 1 0 0 0 0 0 0 0 0 0 0 0 0 0
1664834662.467505 -- INFO: Process Status Bits are: 1 1 1 1 1 1 1 1 1 1 1 1 1 1 1 1 1 1 1 0 0 0 0 0 0 0 0 0 0 0 0 0
1664834662.466716 -- INFO: Process 29 shutdown itself from outest loop
1664834662.467420 -- INFO: Process 28 shutdown itself from outest loop
1664834662.468019 -- INFO: Process Status Bits are: 1 1 1 1 1 1 1 1 1 1 1 1 1 1 1 1 1 1 1 0 0 0 0 0 0 0 0 0 0 0 0 0
1664834662.468096 -- INFO: Process Status Bits are: 1 1 1 1 1 1 1 1 1 1 1 1 1 1 1 1 1 1 1 0 0 0 0 0 0 0 0 0 0 0 0 0
1664834662.468958 -- INFO: Process 24 shutdown itself from outest loop
1664834662.469858 -- INFO: Process Status Bits are: 1 1 1 1 1 1 1 1 1 1 1 1 1 1 1 1 1 1 1 0 0 0 0 0 0 0 0 0 0 0 0 0
1664834664.167083 -- INFO: episode expires
1664834664.255654 -- INFO: GD Optimizer Exits ...
1664834664.510103 -- INFO: Throughput @0.1s:0.0Mbps, rtt :0.0ms cwnd: 0.0 lossRate: 0 CC:0 score:-0.0 
