1664835492.318601 -- INFO: Iteration 1 Starts ...
1664835492.319909 -- INFO: Changing concurrency to 4 ******
1664835492.323725 -- INFO: Start Process :: 0
1664835492.324489 -- INFO: Start Process :: 2
1664835492.324409 -- INFO: Start Process :: 3
1664835492.324523 -- INFO: Start Process :: 1
1664835492.328887 -- INFO: Process Status Bits from change concurrency are: 1 1 1 1 0 0 0 0 0 0 0 0 0 0 0 0 0 0 0 0 0 0 0 0 0 0 0 0 0 0 0 0
1664835492.334194 -- INFO: Active CC: 4
1664835492.363649 -- INFO: Process 0 get item 0 from queue and executing
1664835492.364081 -- INFO: starting 0, 0, /users/jamilm/files_to_Send/FILE2
1664835492.364362 -- INFO: Process 2 get item 1 from queue and executing
1664835492.364496 -- INFO: Process 1 get item 2 from queue and executing
1664835492.364647 -- INFO: Process 3 get item 3 from queue and executing
1664835492.364752 -- INFO: starting 2, 1, /users/jamilm/files_to_Send/FILE1
1664835492.364877 -- INFO: starting 1, 2, /users/jamilm/files_to_Send/FILE0
1664835492.364922 -- INFO: starting 3, 3, /users/jamilm/files_to_Send/FILE3
1664835492.384007 -- INFO: Throughput @0.1s:0.0Mbps, rtt :38.51ms cwnd: 10.0 lossRate: 0.0 CC:4 score:-0.0 
1664835493.378404 -- INFO: Throughput @1.1s:200.0Mbps, rtt :40.17ms cwnd: 447.8 lossRate: 0.0 CC:4 score:-185.0 
1664835494.378870 -- INFO: Throughput @2.1s:200.0Mbps, rtt :39.23ms cwnd: 447.8 lossRate: 0.0 CC:4 score:-185.0 
1664835495.375853 -- INFO: Throughput @3.1s:200.0Mbps, rtt :39.32ms cwnd: 447.8 lossRate: 0.0 CC:4 score:-185.0 
1664835495.543029 -- INFO: Iteration 1 Ends, Took 3.22 Seconds. Best Params: [4] and Score: -185.0.
1664835495.544003 -- INFO: Iteration 2 Starts ...
1664835495.546545 -- INFO: Changing concurrency to 30 ******
1664835495.552834 -- INFO: Start Process :: 5
1664835495.553464 -- INFO: Start Process :: 4
1664835495.553598 -- INFO: Start Process :: 7
1664835495.554331 -- INFO: Process Status Bits from change concurrency are: 1 1 1 1 1 1 1 1 1 1 1 1 1 1 1 1 1 1 1 1 1 1 1 1 1 1 1 1 1 1 0 0
1664835495.555096 -- INFO: Active CC: 30
1664835495.556065 -- INFO: Start Process :: 6
1664835495.556754 -- INFO: Start Process :: 10
1664835495.557941 -- INFO: Start Process :: 8
1664835495.558747 -- INFO: Start Process :: 9
1664835495.560516 -- INFO: Start Process :: 11
1664835495.560467 -- INFO: Start Process :: 12
1664835495.561684 -- INFO: Start Process :: 21
1664835495.561926 -- INFO: Start Process :: 16
1664835495.562278 -- INFO: Start Process :: 14
1664835495.563257 -- INFO: Start Process :: 13
1664835495.565518 -- INFO: Start Process :: 22
1664835495.565182 -- INFO: Start Process :: 25
1664835495.565883 -- INFO: Start Process :: 17
1664835495.566428 -- INFO: Start Process :: 29
1664835495.566436 -- INFO: Start Process :: 19
1664835495.567645 -- INFO: Start Process :: 23
1664835495.567870 -- INFO: Start Process :: 18
1664835495.569557 -- INFO: Start Process :: 27
1664835495.569814 -- INFO: Start Process :: 15
1664835495.571660 -- INFO: Start Process :: 20
1664835495.571331 -- INFO: Start Process :: 24
1664835495.572127 -- INFO: Start Process :: 28
1664835495.572047 -- INFO: Start Process :: 26
1664835495.592315 -- INFO: Process 5 get item 4 from queue and executing
1664835495.592598 -- INFO: starting 5, 4, /users/jamilm/files_to_Send/FILE2
1664835495.593476 -- INFO: Process 4 get item 5 from queue and executing
1664835495.593591 -- INFO: Process 7 get item 6 from queue and executing
1664835495.593899 -- INFO: starting 4, 5, /users/jamilm/files_to_Send/FILE1
1664835495.593976 -- INFO: starting 7, 6, /users/jamilm/files_to_Send/FILE0
1664835495.595553 -- INFO: Process 6 get item 7 from queue and executing
1664835495.595876 -- INFO: starting 6, 7, /users/jamilm/files_to_Send/FILE3
1664835495.596545 -- INFO: Process 10 get item 8 from queue and executing
1664835495.596938 -- INFO: starting 10, 8, /users/jamilm/files_to_Send/FILE2
1664835495.597742 -- INFO: Process 8 get item 9 from queue and executing
1664835495.598160 -- INFO: starting 8, 9, /users/jamilm/files_to_Send/FILE1
1664835495.598511 -- INFO: Process 9 get item 10 from queue and executing
1664835495.598860 -- INFO: starting 9, 10, /users/jamilm/files_to_Send/FILE0
1664835495.600291 -- INFO: Process 11 get item 11 from queue and executing
1664835495.600402 -- INFO: Process 12 get item 12 from queue and executing
1664835495.600628 -- INFO: starting 11, 11, /users/jamilm/files_to_Send/FILE3
1664835495.600822 -- INFO: starting 12, 12, /users/jamilm/files_to_Send/FILE2
1664835495.601409 -- INFO: Process 21 get item 13 from queue and executing
1664835495.601923 -- INFO: starting 21, 13, /users/jamilm/files_to_Send/FILE1
1664835495.601967 -- INFO: Process 16 get item 14 from queue and executing
1664835495.602356 -- INFO: Process 14 get item 15 from queue and executing
1664835495.602497 -- INFO: starting 16, 14, /users/jamilm/files_to_Send/FILE0
1664835495.602834 -- INFO: starting 14, 15, /users/jamilm/files_to_Send/FILE3
1664835495.603033 -- INFO: Process 13 get item 16 from queue and executing
1664835495.603448 -- INFO: starting 13, 16, /users/jamilm/files_to_Send/FILE2
1664835495.605508 -- INFO: Process 22 get item 17 from queue and executing
1664835495.605634 -- INFO: Process 25 get item 18 from queue and executing
1664835495.605732 -- INFO: Process 17 get item 19 from queue and executing
1664835495.605809 -- INFO: starting 22, 17, /users/jamilm/files_to_Send/FILE1
1664835495.606022 -- INFO: starting 17, 19, /users/jamilm/files_to_Send/FILE3
1664835495.606055 -- INFO: starting 25, 18, /users/jamilm/files_to_Send/FILE0
1664835495.606146 -- INFO: Process 29 get item 20 from queue and executing
1664835495.606312 -- INFO: Process 19 get item 21 from queue and executing
1664835495.606537 -- INFO: starting 29, 20, /users/jamilm/files_to_Send/FILE2
1664835495.606800 -- INFO: starting 19, 21, /users/jamilm/files_to_Send/FILE1
1664835495.607760 -- INFO: Process 18 get item 22 from queue and executing
1664835495.608080 -- INFO: Process 23 get item 23 from queue and executing
1664835495.608178 -- INFO: starting 18, 22, /users/jamilm/files_to_Send/FILE0
1664835495.608502 -- INFO: starting 23, 23, /users/jamilm/files_to_Send/FILE3
1664835495.609267 -- INFO: Process 15 get item 24 from queue and executing
1664835495.609448 -- INFO: Process 27 get item 25 from queue and executing
1664835495.609632 -- INFO: starting 15, 24, /users/jamilm/files_to_Send/FILE2
1664835495.609881 -- INFO: starting 27, 25, /users/jamilm/files_to_Send/FILE1
1664835495.611909 -- INFO: Process 24 get item 26 from queue and executing
1664835495.612008 -- INFO: Process 28 get item 27 from queue and executing
1664835495.612116 -- INFO: Process 20 get item 28 from queue and executing
1664835495.612437 -- INFO: starting 24, 26, /users/jamilm/files_to_Send/FILE0
1664835495.612469 -- INFO: starting 28, 27, /users/jamilm/files_to_Send/FILE3
1664835495.612574 -- INFO: starting 20, 28, /users/jamilm/files_to_Send/FILE2
1664835495.612562 -- INFO: Process 26 get item 29 from queue and executing
1664835495.613072 -- INFO: starting 26, 29, /users/jamilm/files_to_Send/FILE1
1664835496.372482 -- INFO: Throughput @4.1s:1045.0Mbps, rtt :44.56ms cwnd: 282.7 lossRate: 0.0 CC:30 score:-577.0 
1664835497.380008 -- INFO: Throughput @5.1s:980.0Mbps, rtt :44.39ms cwnd: 282.7 lossRate: 0.0 CC:30 score:-541.0 
1664835498.381286 -- INFO: Throughput @6.1s:935.0Mbps, rtt :44.54ms cwnd: 282.7 lossRate: 0.0 CC:30 score:-516.0 
1664835498.756703 -- INFO: Iteration 2 Ends, Took 3.21 Seconds. Best Params: [30] and Score: -544.6666666666666.
1664835498.756855 -- INFO: Iteration 3 Starts ...
1664835498.757279 -- INFO: Changing concurrency to 11 ******
1664835498.757556 -- INFO: Process Status Bits from change concurrency are: 1 1 1 1 1 1 1 1 1 1 1 0 0 0 0 0 0 0 0 0 0 0 0 0 0 0 0 0 0 0 0 0
1664835498.757818 -- INFO: Active CC: 11
1664835499.379979 -- INFO: Throughput @7.1s:720.0Mbps, rtt :42.62ms cwnd: 293.2 lossRate: 0 CC:11 score:-579.0 
1664835500.384531 -- INFO: Throughput @8.1s:595.0Mbps, rtt :39.85ms cwnd: 462.7 lossRate: 0 CC:11 score:-479.0 
1664835501.384332 -- INFO: Throughput @9.1s:550.0Mbps, rtt :39.86ms cwnd: 462.7 lossRate: 0.0 CC:11 score:-442.0 
1664835502.380222 -- INFO: Throughput @10.1s:550.0Mbps, rtt :39.7ms cwnd: 462.7 lossRate: 0.0 CC:11 score:-442.0 
1664835502.418984 -- INFO: Iteration 3 Ends, Took 3.66 Seconds. Best Params: [30] and Score: -544.6666666666666.
1664835502.419208 -- INFO: Iteration 4 Starts ...
1664835502.420654 -- INFO: Changing concurrency to 30 ******
1664835502.441226 -- INFO: Process Status Bits from change concurrency are: 1 1 1 1 1 1 1 1 1 1 1 1 1 1 1 1 1 1 1 1 1 1 1 1 1 1 1 1 1 1 0 0
1664835502.441473 -- INFO: Start Process :: 11
1664835502.441961 -- INFO: Start Process :: 24
1664835502.441771 -- INFO: Start Process :: 23
1664835502.441761 -- INFO: Active CC: 30
1664835502.441817 -- INFO: Start Process :: 15
1664835502.442008 -- INFO: Start Process :: 16
1664835502.442626 -- INFO: Start Process :: 22
1664835502.442514 -- INFO: Start Process :: 19
1664835502.442632 -- INFO: Start Process :: 28
1664835502.443080 -- INFO: Start Process :: 17
1664835502.443211 -- INFO: Start Process :: 20
1664835502.443430 -- INFO: Start Process :: 21
1664835502.443278 -- INFO: Start Process :: 25
1664835502.443802 -- INFO: Start Process :: 12
1664835502.443895 -- INFO: Start Process :: 18
1664835502.444129 -- INFO: Start Process :: 13
1664835502.444532 -- INFO: Start Process :: 29
1664835502.444574 -- INFO: Start Process :: 27
1664835502.445441 -- INFO: Start Process :: 26
1664835502.446675 -- INFO: Start Process :: 14
1664835502.481367 -- INFO: Process 24 get item 30 from queue and executing
1664835502.481864 -- INFO: Process 23 get item 31 from queue and executing
1664835502.481893 -- INFO: starting 24, 30, /users/jamilm/files_to_Send/FILE0
1664835502.482261 -- INFO: starting 23, 31, /users/jamilm/files_to_Send/FILE3
1664835502.482229 -- INFO: Process 19 get item 11 from queue and executing
1664835502.482650 -- INFO: starting 19, 11, /users/jamilm/files_to_Send/FILE3
1664835502.482866 -- INFO: Process 28 get item 18 from queue and executing
1664835502.482944 -- INFO: Process 21 get item 14 from queue and executing
1664835502.483176 -- INFO: Process 20 get item 15 from queue and executing
1664835502.483516 -- INFO: Process 13 get item 20 from queue and executing
1664835502.483639 -- INFO: starting 21, 14, /users/jamilm/files_to_Send/FILE0
1664835502.483901 -- INFO: starting 13, 20, /users/jamilm/files_to_Send/FILE2
1664835502.483799 -- INFO: Process 25 get item 19 from queue and executing
1664835502.484317 -- INFO: Process 16 get item 12 from queue and executing
1664835502.484466 -- INFO: Process 17 get item 26 from queue and executing
1664835502.484750 -- INFO: starting 16, 12, /users/jamilm/files_to_Send/FILE2
1664835502.484845 -- INFO: starting 17, 26, /users/jamilm/files_to_Send/FILE0
1664835502.484793 -- INFO: starting 25, 19, /users/jamilm/files_to_Send/FILE3
1664835502.485279 -- INFO: Process 12 get item 27 from queue and executing
1664835502.485621 -- INFO: starting 20, 15, /users/jamilm/files_to_Send/FILE3
1664835502.485663 -- INFO: starting 12, 27, /users/jamilm/files_to_Send/FILE3
1664835502.486320 -- INFO: Process 14 get item 22 from queue and executing
1664835502.486718 -- INFO: starting 14, 22, /users/jamilm/files_to_Send/FILE0
1664835502.486811 -- INFO: starting 28, 18, /users/jamilm/files_to_Send/FILE0
1664835502.487037 -- INFO: Process 15 get item 16 from queue and executing
1664835502.487203 -- INFO: Process 22 get item 17 from queue and executing
1664835502.487562 -- INFO: Process 27 get item 25 from queue and executing
1664835502.487758 -- INFO: Process 18 get item 13 from queue and executing
1664835502.487767 -- INFO: Process 11 get item 29 from queue and executing
1664835502.488139 -- INFO: starting 18, 13, /users/jamilm/files_to_Send/FILE1
1664835502.488151 -- INFO: starting 11, 29, /users/jamilm/files_to_Send/FILE1
1664835502.488158 -- INFO: starting 27, 25, /users/jamilm/files_to_Send/FILE1
1664835502.488179 -- INFO: starting 22, 17, /users/jamilm/files_to_Send/FILE1
1664835502.489422 -- INFO: starting 15, 16, /users/jamilm/files_to_Send/FILE2
1664835502.490121 -- INFO: Process 29 get item 28 from queue and executing
1664835502.490312 -- INFO: Process 26 get item 21 from queue and executing
1664835502.490513 -- INFO: starting 29, 28, /users/jamilm/files_to_Send/FILE2
1664835502.490851 -- INFO: starting 26, 21, /users/jamilm/files_to_Send/FILE1
1664835503.380789 -- INFO: Throughput @11.1s:1145.0Mbps, rtt :45.13ms cwnd: 319.5 lossRate: 0.0 CC:30 score:-632.0 
1664835504.381665 -- INFO: Throughput @12.1s:1014.85Mbps, rtt :44.9ms cwnd: 319.5 lossRate: 0.0 CC:30 score:-560.0 
1664835505.387133 -- INFO: Throughput @13.1s:975.12Mbps, rtt :44.79ms cwnd: 319.5 lossRate: 0.0 CC:30 score:-538.0 
1664835506.067183 -- INFO: Iteration 4 Ends, Took 3.65 Seconds. Best Params: [30] and Score: -576.6666666666666.
1664835506.067366 -- INFO: Iteration 5 Starts ...
1664835506.067581 -- INFO: Changing concurrency to 30 ******
1664835506.067854 -- INFO: Process Status Bits from change concurrency are: 1 1 1 1 1 1 1 1 1 1 1 1 1 1 1 1 1 1 1 1 1 1 1 1 1 1 1 1 1 1 0 0
1664835506.068157 -- INFO: Active CC: 30
1664835506.383503 -- INFO: Throughput @14.1s:954.75Mbps, rtt :44.81ms cwnd: 319.5 lossRate: 0.0 CC:30 score:-527.0 
1664835507.389798 -- INFO: Throughput @15.1s:955.18Mbps, rtt :44.87ms cwnd: 319.5 lossRate: 0.0 CC:30 score:-527.0 
1664835508.389829 -- INFO: Throughput @16.1s:940.1Mbps, rtt :45.05ms cwnd: 319.5 lossRate: 0.0 CC:30 score:-519.0 
1664835509.387600 -- INFO: Throughput @17.1s:974.79Mbps, rtt :45.02ms cwnd: 319.5 lossRate: 0.0 CC:30 score:-538.0 
1664835509.677742 -- INFO: Iteration 5 Ends, Took 3.61 Seconds. Best Params: [30] and Score: -576.6666666666666.
1664835509.677915 -- INFO: Iteration 6 Starts ...
1664835509.678136 -- INFO: Changing concurrency to 30 ******
1664835509.678440 -- INFO: Process Status Bits from change concurrency are: 1 1 1 1 1 1 1 1 1 1 1 1 1 1 1 1 1 1 1 1 1 1 1 1 1 1 1 1 1 1 0 0
1664835509.678776 -- INFO: Active CC: 30
1664835510.387650 -- INFO: Throughput @18.1s:950.14Mbps, rtt :44.81ms cwnd: 319.5 lossRate: 0.0 CC:30 score:-525.0 
1664835511.392943 -- INFO: Throughput @19.1s:909.81Mbps, rtt :44.89ms cwnd: 319.5 lossRate: 0.0 CC:30 score:-502.0 
1664835512.394720 -- INFO: Throughput @20.1s:945.12Mbps, rtt :44.86ms cwnd: 319.5 lossRate: 0.0 CC:30 score:-522.0 
1664835513.289084 -- INFO: Iteration 6 Ends, Took 3.61 Seconds. Best Params: [30] and Score: -576.6666666666666.
1664835513.289249 -- INFO: Iteration 7 Starts ...
1664835513.289472 -- INFO: Changing concurrency to 30 ******
1664835513.289815 -- INFO: Process Status Bits from change concurrency are: 1 1 1 1 1 1 1 1 1 1 1 1 1 1 1 1 1 1 1 1 1 1 1 1 1 1 1 1 1 1 0 0
1664835513.290125 -- INFO: Active CC: 30
1664835513.392771 -- INFO: Throughput @21.1s:954.96Mbps, rtt :44.94ms cwnd: 319.5 lossRate: 0.0 CC:30 score:-527.0 
1664835514.393306 -- INFO: Throughput @22.1s:944.91Mbps, rtt :44.96ms cwnd: 319.5 lossRate: 0.0 CC:30 score:-522.0 
1664835515.396289 -- INFO: Throughput @23.1s:945.18Mbps, rtt :45.0ms cwnd: 319.5 lossRate: 0.0 CC:30 score:-522.0 
1664835516.399381 -- INFO: Throughput @24.1s:949.68Mbps, rtt :44.84ms cwnd: 319.5 lossRate: 0.0 CC:30 score:-524.0 
1664835516.942913 -- INFO: Iteration 7 Ends, Took 3.65 Seconds. Best Params: [30] and Score: -576.6666666666666.
1664835516.943133 -- INFO: Iteration 8 Starts ...
1664835516.943370 -- INFO: Changing concurrency to 30 ******
1664835516.943697 -- INFO: Process Status Bits from change concurrency are: 1 1 1 1 1 1 1 1 1 1 1 1 1 1 1 1 1 1 1 1 1 1 1 1 1 1 1 1 1 1 0 0
1664835516.943917 -- INFO: Active CC: 30
1664835517.396206 -- INFO: Throughput @25.1s:930.23Mbps, rtt :45.04ms cwnd: 319.5 lossRate: 0.0 CC:30 score:-514.0 
1664835518.398728 -- INFO: Throughput @26.1s:954.98Mbps, rtt :44.83ms cwnd: 319.5 lossRate: 0.0 CC:30 score:-527.0 
1664835519.398846 -- INFO: Throughput @27.1s:939.88Mbps, rtt :44.76ms cwnd: 319.5 lossRate: 0.0 CC:30 score:-519.0 
1664835520.396539 -- INFO: Throughput @28.1s:930.05Mbps, rtt :44.88ms cwnd: 319.5 lossRate: 0.0 CC:30 score:-513.0 
1664835520.633289 -- INFO: Iteration 8 Ends, Took 3.69 Seconds. Best Params: [30] and Score: -576.6666666666666.
1664835520.633541 -- INFO: Iteration 9 Starts ...
1664835520.633821 -- INFO: Changing concurrency to 30 ******
1664835520.634178 -- INFO: Process Status Bits from change concurrency are: 1 1 1 1 1 1 1 1 1 1 1 1 1 1 1 1 1 1 1 1 1 1 1 1 1 1 1 1 1 1 0 0
1664835520.634475 -- INFO: Active CC: 30
1664835521.398524 -- INFO: Throughput @29.1s:964.8Mbps, rtt :44.73ms cwnd: 319.5 lossRate: 0.0 CC:30 score:-533.0 
1664835522.402000 -- INFO: Throughput @30.1s:940.48Mbps, rtt :44.85ms cwnd: 319.5 lossRate: 0.0 CC:30 score:-519.0 
1664835523.404772 -- INFO: Throughput @31.1s:934.76Mbps, rtt :44.87ms cwnd: 319.5 lossRate: 0.0 CC:30 score:-516.0 
1664835524.427864 -- INFO: Throughput @32.1s:945.18Mbps, rtt :44.81ms cwnd: 319.5 lossRate: 0.0 CC:30 score:-522.0 
1664835524.440345 -- INFO: Iteration 9 Ends, Took 3.81 Seconds. Best Params: [30] and Score: -576.6666666666666.
1664835524.440530 -- INFO: Iteration 10 Starts ...
1664835524.440760 -- INFO: Changing concurrency to 30 ******
1664835524.441030 -- INFO: Process Status Bits from change concurrency are: 1 1 1 1 1 1 1 1 1 1 1 1 1 1 1 1 1 1 1 1 1 1 1 1 1 1 1 1 1 1 0 0
1664835524.441415 -- INFO: Active CC: 30
1664835525.401304 -- INFO: Throughput @33.1s:955.06Mbps, rtt :44.87ms cwnd: 319.5 lossRate: 0.0 CC:30 score:-527.0 
1664835526.407319 -- INFO: Throughput @34.1s:939.87Mbps, rtt :44.82ms cwnd: 319.5 lossRate: 0.0 CC:30 score:-519.0 
1664835527.409065 -- INFO: Throughput @35.1s:935.12Mbps, rtt :44.98ms cwnd: 319.5 lossRate: 0.0 CC:30 score:-516.0 
1664835528.113695 -- INFO: Iteration 10 Ends, Took 3.67 Seconds. Best Params: [30] and Score: -576.6666666666666.
1664835528.113858 -- INFO: Iteration 11 Starts ...
1664835528.114109 -- INFO: Changing concurrency to 30 ******
1664835528.114360 -- INFO: Process Status Bits from change concurrency are: 1 1 1 1 1 1 1 1 1 1 1 1 1 1 1 1 1 1 1 1 1 1 1 1 1 1 1 1 1 1 0 0
1664835528.114699 -- INFO: Active CC: 30
1664835528.404317 -- INFO: Throughput @36.1s:954.75Mbps, rtt :44.72ms cwnd: 319.5 lossRate: 0.0 CC:30 score:-527.0 
1664835529.407652 -- INFO: Throughput @37.1s:930.18Mbps, rtt :44.87ms cwnd: 319.5 lossRate: 0.0 CC:30 score:-514.0 
1664835530.406827 -- INFO: Throughput @38.1s:935.09Mbps, rtt :44.91ms cwnd: 319.5 lossRate: 0.0 CC:30 score:-516.0 
1664835531.415195 -- INFO: Throughput @39.1s:969.82Mbps, rtt :44.86ms cwnd: 319.5 lossRate: 0.0 CC:30 score:-535.0 
1664835531.793310 -- INFO: Iteration 11 Ends, Took 3.68 Seconds. Best Params: [30] and Score: -576.6666666666666.
1664835531.793460 -- INFO: Iteration 12 Starts ...
1664835531.793711 -- INFO: Changing concurrency to 30 ******
1664835531.793954 -- INFO: Process Status Bits from change concurrency are: 1 1 1 1 1 1 1 1 1 1 1 1 1 1 1 1 1 1 1 1 1 1 1 1 1 1 1 1 1 1 0 0
1664835531.794213 -- INFO: Active CC: 30
1664835532.407558 -- INFO: Throughput @40.1s:930.13Mbps, rtt :44.94ms cwnd: 319.5 lossRate: 0.0 CC:30 score:-513.0 
1664835533.408899 -- INFO: Throughput @41.1s:959.72Mbps, rtt :44.88ms cwnd: 319.5 lossRate: 0.0 CC:30 score:-530.0 
1664835534.412657 -- INFO: Throughput @42.1s:925.21Mbps, rtt :44.88ms cwnd: 319.5 lossRate: 0.0 CC:30 score:-511.0 
1664835535.434480 -- INFO: Throughput @43.1s:939.65Mbps, rtt :44.87ms cwnd: 319.5 lossRate: 0.0 CC:30 score:-519.0 
1664835535.448007 -- INFO: Iteration 12 Ends, Took 3.65 Seconds. Best Params: [30] and Score: -576.6666666666666.
1664835535.448160 -- INFO: Iteration 13 Starts ...
1664835535.448389 -- INFO: Changing concurrency to 30 ******
1664835535.448630 -- INFO: Process Status Bits from change concurrency are: 1 1 1 1 1 1 1 1 1 1 1 1 1 1 1 1 1 1 1 1 1 1 1 1 1 1 1 1 1 1 0 0
1664835535.448876 -- INFO: Active CC: 30
1664835536.418997 -- INFO: Throughput @44.1s:935.23Mbps, rtt :44.82ms cwnd: 319.5 lossRate: 0.0 CC:30 score:-516.0 
1664835537.420669 -- INFO: Throughput @45.1s:975.0Mbps, rtt :44.95ms cwnd: 319.5 lossRate: 0.0 CC:30 score:-538.0 
1664835538.420967 -- INFO: Throughput @46.1s:899.85Mbps, rtt :44.79ms cwnd: 319.5 lossRate: 0.0 CC:30 score:-497.0 
1664835539.138241 -- INFO: Iteration 13 Ends, Took 3.69 Seconds. Best Params: [30] and Score: -576.6666666666666.
1664835539.138421 -- INFO: Iteration 14 Starts ...
1664835539.138669 -- INFO: Changing concurrency to 30 ******
1664835539.138999 -- INFO: Process Status Bits from change concurrency are: 1 1 1 1 1 1 1 1 1 1 1 1 1 1 1 1 1 1 1 1 1 1 1 1 1 1 1 1 1 1 0 0
1664835539.139259 -- INFO: Active CC: 30
1664835539.418607 -- INFO: Throughput @47.1s:970.23Mbps, rtt :44.86ms cwnd: 319.5 lossRate: 0.0 CC:30 score:-536.0 
1664835540.423365 -- INFO: Throughput @48.1s:934.96Mbps, rtt :45.03ms cwnd: 319.5 lossRate: 0.0 CC:30 score:-516.0 
1664835541.423472 -- INFO: Throughput @49.1s:939.89Mbps, rtt :44.87ms cwnd: 319.5 lossRate: 0.0 CC:30 score:-519.0 
1664835542.425228 -- INFO: Throughput @50.1s:940.04Mbps, rtt :44.77ms cwnd: 319.5 lossRate: 0.0 CC:30 score:-519.0 
1664835542.778375 -- INFO: Iteration 14 Ends, Took 3.64 Seconds. Best Params: [30] and Score: -576.6666666666666.
1664835542.778555 -- INFO: Iteration 15 Starts ...
1664835542.778759 -- INFO: Changing concurrency to 28 ******
1664835542.779054 -- INFO: Process Status Bits from change concurrency are: 1 1 1 1 1 1 1 1 1 1 1 1 1 1 1 1 1 1 1 1 1 1 1 1 1 1 1 1 0 0 0 0
1664835542.779356 -- INFO: Active CC: 28
1664835543.426715 -- INFO: Throughput @51.1s:924.82Mbps, rtt :44.73ms cwnd: 319.5 lossRate: 0.0 CC:28 score:-531.0 
1664835544.426474 -- INFO: Throughput @52.1s:925.45Mbps, rtt :44.68ms cwnd: 325.1 lossRate: 0 CC:28 score:-532.0 
1664835545.426751 -- INFO: Throughput @53.1s:934.77Mbps, rtt :44.61ms cwnd: 325.1 lossRate: 0.0 CC:28 score:-537.0 
1664835546.333355 -- INFO: Iteration 15 Ends, Took 3.55 Seconds. Best Params: [30] and Score: -576.6666666666666.
1664835546.333867 -- INFO: Iteration 16 Starts ...
1664835546.334409 -- INFO: Changing concurrency to 16 ******
1664835546.335486 -- INFO: Process Status Bits from change concurrency are: 1 1 1 1 1 1 1 1 1 1 1 1 1 1 1 1 0 0 0 0 0 0 0 0 0 0 0 0 0 0 0 0
1664835546.336371 -- INFO: Active CC: 16
1664835546.423546 -- INFO: Throughput @54.1s:925.23Mbps, rtt :44.22ms cwnd: 325.1 lossRate: 0.0 CC:16 score:-674.0 
1664835547.431205 -- INFO: Throughput @55.1s:734.7Mbps, rtt :42.52ms cwnd: 390.6 lossRate: 0 CC:16 score:-535.0 
1664835548.429640 -- INFO: Throughput @56.1s:800.3Mbps, rtt :40.38ms cwnd: 462.8 lossRate: 0.0 CC:16 score:-583.0 
1664835549.428290 -- INFO: Throughput @57.1s:810.0Mbps, rtt :40.27ms cwnd: 486.6 lossRate: 0.0 CC:16 score:-590.0 
1664835550.162496 -- INFO: Iteration 16 Ends, Took 3.83 Seconds. Best Params: [30] and Score: -576.6666666666666.
1664835550.162708 -- INFO: Iteration 17 Starts ...
1664835550.163033 -- INFO: Changing concurrency to 19 ******
1664835550.165025 -- INFO: Start Process :: 17
1664835550.165247 -- INFO: Start Process :: 18
1664835550.165587 -- INFO: Process Status Bits from change concurrency are: 1 1 1 1 1 1 1 1 1 1 1 1 1 1 1 1 1 1 1 0 0 0 0 0 0 0 0 0 0 0 0 0
1664835550.165479 -- INFO: Start Process :: 16
1664835550.167152 -- INFO: Active CC: 19
1664835550.204327 -- INFO: Process 17 get item 24 from queue and executing
1664835550.204519 -- INFO: Process 18 get item 23 from queue and executing
1664835550.204861 -- INFO: starting 18, 23, /users/jamilm/files_to_Send/FILE3
1664835550.204958 -- INFO: starting 17, 24, /users/jamilm/files_to_Send/FILE2
1664835550.205324 -- INFO: Process 16 get item 18 from queue and executing
1664835550.205812 -- INFO: starting 16, 18, /users/jamilm/files_to_Send/FILE0
1664835550.428025 -- INFO: Throughput @58.1s:815.0Mbps, rtt :39.99ms cwnd: 438.5 lossRate: 0.0 CC:19 score:-559.0 
1664835551.429072 -- INFO: Throughput @59.1s:950.0Mbps, rtt :41.12ms cwnd: 459.2 lossRate: 0.0 CC:19 score:-652.0 
1664835552.432278 -- INFO: Throughput @60.1s:945.0Mbps, rtt :41.11ms cwnd: 459.2 lossRate: 0.0 CC:19 score:-649.0 
1664835553.430082 -- INFO: Throughput @61.1s:945.0Mbps, rtt :41.1ms cwnd: 459.2 lossRate: 0.0 CC:19 score:-649.0 
1664835554.135526 -- INFO: Iteration 17 Ends, Took 3.97 Seconds. Best Params: [19] and Score: -620.0.
1664835554.135774 -- INFO: Iteration 18 Starts ...
1664835554.136044 -- INFO: Changing concurrency to 20 ******
1664835554.137683 -- INFO: Process Status Bits from change concurrency are: 1 1 1 1 1 1 1 1 1 1 1 1 1 1 1 1 1 1 1 1 0 0 0 0 0 0 0 0 0 0 0 0
1664835554.139277 -- INFO: Active CC: 20
1664835554.138497 -- INFO: Start Process :: 19
1664835554.181788 -- INFO: Process 19 get item 28 from queue and executing
1664835554.182468 -- INFO: starting 19, 28, /users/jamilm/files_to_Send/FILE2
1664835554.431426 -- INFO: Throughput @62.1s:960.0Mbps, rtt :41.81ms cwnd: 450.0 lossRate: 0.0 CC:20 score:-646.0 
1664835555.433937 -- INFO: Throughput @63.1s:960.0Mbps, rtt :42.66ms cwnd: 450.0 lossRate: 0.0 CC:20 score:-646.0 
1664835556.434207 -- INFO: Throughput @64.1s:945.0Mbps, rtt :42.68ms cwnd: 450.0 lossRate: 0.0 CC:20 score:-636.0 
1664835557.434842 -- INFO: Throughput @65.1s:950.0Mbps, rtt :42.95ms cwnd: 450.0 lossRate: 0.0 CC:20 score:-639.0 
1664835557.904612 -- INFO: Iteration 18 Ends, Took 3.77 Seconds. Best Params: [20] and Score: -642.6666666666666.
1664835557.905129 -- INFO: Iteration 19 Starts ...
1664835557.905646 -- INFO: Changing concurrency to 21 ******
1664835557.907328 -- INFO: Process Status Bits from change concurrency are: 1 1 1 1 1 1 1 1 1 1 1 1 1 1 1 1 1 1 1 1 1 0 0 0 0 0 0 0 0 0 0 0
1664835557.907834 -- INFO: Start Process :: 20
1664835557.908871 -- INFO: Active CC: 21
1664835557.950030 -- INFO: Process 20 get item 12 from queue and executing
1664835557.950562 -- INFO: starting 20, 12, /users/jamilm/files_to_Send/FILE2
1664835558.436061 -- INFO: Throughput @66.1s:954.43Mbps, rtt :43.58ms cwnd: 437.0 lossRate: 0.0 CC:21 score:-630.0 
1664835559.437718 -- INFO: Throughput @67.1s:965.57Mbps, rtt :43.48ms cwnd: 440.0 lossRate: 0.0 CC:21 score:-637.0 
1664835560.439328 -- INFO: Throughput @68.1s:970.0Mbps, rtt :43.56ms cwnd: 440.0 lossRate: 0.0 CC:21 score:-640.0 
1664835561.440771 -- INFO: Throughput @69.1s:950.0Mbps, rtt :43.58ms cwnd: 440.0 lossRate: 0.0 CC:21 score:-627.0 
1664835562.099381 -- INFO: Iteration 19 Ends, Took 4.19 Seconds. Best Params: [20] and Score: -642.6666666666666.
1664835562.099560 -- INFO: Iteration 20 Starts ...
1664835562.099861 -- INFO: Changing concurrency to 21 ******
1664835562.101062 -- INFO: Process Status Bits from change concurrency are: 1 1 1 1 1 1 1 1 1 1 1 1 1 1 1 1 1 1 1 1 1 0 0 0 0 0 0 0 0 0 0 0
1664835562.102410 -- INFO: Active CC: 21
1664835562.440227 -- INFO: Throughput @70.1s:945.0Mbps, rtt :43.53ms cwnd: 440.0 lossRate: 0.0 CC:21 score:-623.0 
1664835563.440732 -- INFO: Throughput @71.1s:950.0Mbps, rtt :43.88ms cwnd: 440.0 lossRate: 0.0 CC:21 score:-627.0 
1664835564.442006 -- INFO: Throughput @72.1s:940.0Mbps, rtt :43.51ms cwnd: 440.0 lossRate: 0.0 CC:21 score:-620.0 
1664835565.443568 -- INFO: Throughput @73.1s:950.0Mbps, rtt :43.49ms cwnd: 440.0 lossRate: 0.0 CC:21 score:-627.0 
1664835565.954355 -- INFO: Iteration 20 Ends, Took 3.85 Seconds. Best Params: [20] and Score: -642.6666666666666.
1664835565.954644 -- INFO: Iteration 21 Starts ...
1664835565.955167 -- INFO: Changing concurrency to 21 ******
1664835565.957150 -- INFO: Process Status Bits from change concurrency are: 1 1 1 1 1 1 1 1 1 1 1 1 1 1 1 1 1 1 1 1 1 0 0 0 0 0 0 0 0 0 0 0
1664835565.958609 -- INFO: Active CC: 21
1664835566.449626 -- INFO: Throughput @74.1s:945.0Mbps, rtt :43.84ms cwnd: 440.0 lossRate: 0.0 CC:21 score:-623.0 
1664835567.445270 -- INFO: Throughput @75.1s:945.0Mbps, rtt :44.11ms cwnd: 440.0 lossRate: 0.0 CC:21 score:-623.0 
1664835568.446443 -- INFO: Throughput @76.1s:935.0Mbps, rtt :43.81ms cwnd: 440.0 lossRate: 0.0 CC:21 score:-617.0 
1664835569.461633 -- INFO: Throughput @77.1s:940.0Mbps, rtt :43.58ms cwnd: 440.0 lossRate: 0.0 CC:21 score:-620.0 
1664835569.819384 -- INFO: Iteration 21 Ends, Took 3.86 Seconds. Best Params: [20] and Score: -642.6666666666666.
1664835569.819778 -- INFO: Iteration 22 Starts ...
1664835569.820276 -- INFO: Changing concurrency to 22 ******
1664835569.821803 -- INFO: Process Status Bits from change concurrency are: 1 1 1 1 1 1 1 1 1 1 1 1 1 1 1 1 1 1 1 1 1 1 0 0 0 0 0 0 0 0 0 0
1664835569.822278 -- INFO: Start Process :: 21
1664835569.823405 -- INFO: Active CC: 22
1664835569.866133 -- INFO: Process 21 get item 31 from queue and executing
1664835569.866525 -- INFO: starting 21, 31, /users/jamilm/files_to_Send/FILE3
1664835570.448008 -- INFO: Throughput @78.1s:948.55Mbps, rtt :44.56ms cwnd: 426.5 lossRate: 0.0 CC:22 score:-614.0 
1664835571.449050 -- INFO: Throughput @79.1s:950.12Mbps, rtt :44.2ms cwnd: 426.5 lossRate: 0.0 CC:22 score:-615.0 
1664835572.449667 -- INFO: Throughput @80.1s:950.12Mbps, rtt :44.5ms cwnd: 426.5 lossRate: 0.0 CC:22 score:-615.0 
1664835573.456769 -- INFO: Throughput @81.1s:929.6Mbps, rtt :44.09ms cwnd: 426.5 lossRate: 0.0 CC:22 score:-601.0 
1664835573.613062 -- INFO: Iteration 22 Ends, Took 3.79 Seconds. Best Params: [20] and Score: -642.6666666666666.
1664835573.613320 -- INFO: Iteration 23 Starts ...
1664835573.613675 -- INFO: Changing concurrency to 20 ******
1664835573.614666 -- INFO: Process Status Bits from change concurrency are: 1 1 1 1 1 1 1 1 1 1 1 1 1 1 1 1 1 1 1 1 0 0 0 0 0 0 0 0 0 0 0 0
1664835573.615637 -- INFO: Active CC: 20
1664835574.451926 -- INFO: Throughput @82.1s:926.62Mbps, rtt :43.5ms cwnd: 450.0 lossRate: 0.0 CC:20 score:-624.0 
1664835575.453777 -- INFO: Throughput @83.1s:935.0Mbps, rtt :43.33ms cwnd: 450.0 lossRate: 0.0 CC:20 score:-629.0 
1664835576.454685 -- INFO: Throughput @84.1s:955.0Mbps, rtt :43.49ms cwnd: 450.0 lossRate: 0.0 CC:20 score:-643.0 
1664835577.469663 -- INFO: Throughput @85.1s:930.0Mbps, rtt :43.66ms cwnd: 450.0 lossRate: 0.0 CC:20 score:-626.0 
1664835577.491839 -- INFO: Iteration 23 Ends, Took 3.88 Seconds. Best Params: [20] and Score: -642.6666666666666.
1664835577.492038 -- INFO: Iteration 24 Starts ...
1664835577.492363 -- INFO: Changing concurrency to 20 ******
1664835577.494000 -- INFO: Process Status Bits from change concurrency are: 1 1 1 1 1 1 1 1 1 1 1 1 1 1 1 1 1 1 1 1 0 0 0 0 0 0 0 0 0 0 0 0
1664835577.495497 -- INFO: Active CC: 20
1664835578.456419 -- INFO: Throughput @86.1s:945.0Mbps, rtt :43.7ms cwnd: 450.0 lossRate: 0.0 CC:20 score:-636.0 
1664835579.455817 -- INFO: Throughput @87.1s:940.0Mbps, rtt :43.54ms cwnd: 450.0 lossRate: 0.0 CC:20 score:-633.0 
1664835580.457447 -- INFO: Throughput @88.1s:945.0Mbps, rtt :43.62ms cwnd: 450.0 lossRate: 0.0 CC:20 score:-636.0 
1664835581.432134 -- INFO: Iteration 24 Ends, Took 3.94 Seconds. Best Params: [20] and Score: -642.6666666666666.
1664835581.432326 -- INFO: Iteration 25 Starts ...
1664835581.432671 -- INFO: Changing concurrency to 20 ******
1664835581.434265 -- INFO: Process Status Bits from change concurrency are: 1 1 1 1 1 1 1 1 1 1 1 1 1 1 1 1 1 1 1 1 0 0 0 0 0 0 0 0 0 0 0 0
1664835581.436027 -- INFO: Active CC: 20
1664835581.459645 -- INFO: Throughput @89.1s:935.0Mbps, rtt :43.76ms cwnd: 450.0 lossRate: 0.0 CC:20 score:-629.0 
1664835582.459445 -- INFO: Throughput @90.1s:935.0Mbps, rtt :43.81ms cwnd: 450.0 lossRate: 0.0 CC:20 score:-629.0 
1664835583.460959 -- INFO: Throughput @91.1s:940.0Mbps, rtt :43.56ms cwnd: 450.0 lossRate: 0.0 CC:20 score:-633.0 
1664835584.461575 -- INFO: Throughput @92.1s:950.0Mbps, rtt :43.46ms cwnd: 450.0 lossRate: 0.0 CC:20 score:-639.0 
1664835585.368376 -- INFO: Iteration 25 Ends, Took 3.94 Seconds. Best Params: [20] and Score: -642.6666666666666.
1664835585.368603 -- INFO: Iteration 26 Starts ...
1664835585.368940 -- INFO: Changing concurrency to 20 ******
1664835585.370249 -- INFO: Process Status Bits from change concurrency are: 1 1 1 1 1 1 1 1 1 1 1 1 1 1 1 1 1 1 1 1 0 0 0 0 0 0 0 0 0 0 0 0
1664835585.371473 -- INFO: Active CC: 20
1664835585.462558 -- INFO: Throughput @93.1s:945.0Mbps, rtt :43.92ms cwnd: 450.0 lossRate: 0.0 CC:20 score:-636.0 
1664835586.463826 -- INFO: Throughput @94.1s:940.0Mbps, rtt :44.11ms cwnd: 450.0 lossRate: 0.0 CC:20 score:-633.0 
1664835587.464213 -- INFO: Throughput @95.1s:940.0Mbps, rtt :43.68ms cwnd: 450.0 lossRate: 0.0 CC:20 score:-633.0 
1664835588.465943 -- INFO: Throughput @96.1s:950.0Mbps, rtt :43.87ms cwnd: 450.0 lossRate: 0.0 CC:20 score:-639.0 
1664835589.231180 -- INFO: Iteration 26 Ends, Took 3.86 Seconds. Best Params: [20] and Score: -642.6666666666666.
1664835589.231389 -- INFO: Iteration 27 Starts ...
1664835589.231729 -- INFO: Changing concurrency to 20 ******
1664835589.233549 -- INFO: Process Status Bits from change concurrency are: 1 1 1 1 1 1 1 1 1 1 1 1 1 1 1 1 1 1 1 1 0 0 0 0 0 0 0 0 0 0 0 0
1664835589.235133 -- INFO: Active CC: 20
1664835589.467817 -- INFO: Throughput @97.1s:925.0Mbps, rtt :43.92ms cwnd: 450.0 lossRate: 0.0 CC:20 score:-622.0 
1664835590.467583 -- INFO: Throughput @98.1s:945.0Mbps, rtt :44.16ms cwnd: 450.0 lossRate: 0.0 CC:20 score:-636.0 
1664835591.467919 -- INFO: Throughput @99.1s:950.0Mbps, rtt :44.26ms cwnd: 450.0 lossRate: 0.0 CC:20 score:-639.0 
1664835592.469102 -- INFO: Throughput @100.1s:940.0Mbps, rtt :44.14ms cwnd: 450.0 lossRate: 0.0 CC:20 score:-633.0 
1664835592.991741 -- INFO: Iteration 27 Ends, Took 3.76 Seconds. Best Params: [20] and Score: -642.6666666666666.
1664835592.992156 -- INFO: Iteration 28 Starts ...
1664835592.992664 -- INFO: Changing concurrency to 1 ******
1664835592.994031 -- INFO: Process Status Bits from change concurrency are: 1 0 0 0 0 0 0 0 0 0 0 0 0 0 0 0 0 0 0 0 0 0 0 0 0 0 0 0 0 0 0 0
1664835592.995480 -- INFO: Active CC: 1
1664835593.478001 -- INFO: Throughput @101.2s:500.0Mbps, rtt :39.4ms cwnd: 463.0 lossRate: 0 CC:1 score:-490.0 
1664835594.480963 -- INFO: Throughput @102.2s:50.0Mbps, rtt :39.29ms cwnd: 463.0 lossRate: 0.0 CC:1 score:-49.0 
1664835595.477679 -- INFO: Throughput @103.2s:50.0Mbps, rtt :39.36ms cwnd: 463.0 lossRate: 0.0 CC:1 score:-49.0 
1664835596.505373 -- INFO: Throughput @104.2s:50.0Mbps, rtt :39.38ms cwnd: 463.0 lossRate: 0.0 CC:1 score:-49.0 
1664835596.734737 -- INFO: Iteration 28 Ends, Took 3.74 Seconds. Best Params: [20] and Score: -642.6666666666666.
1664835596.735231 -- INFO: Iteration 29 Starts ...
1664835596.736078 -- INFO: Changing concurrency to 20 ******
1664835596.737075 -- INFO: Start Process :: 1
1664835596.738126 -- INFO: Start Process :: 14
1664835596.737874 -- INFO: Start Process :: 5
1664835596.738268 -- INFO: Start Process :: 11
1664835596.738071 -- INFO: Start Process :: 10
1664835596.738250 -- INFO: Start Process :: 4
1664835596.739041 -- INFO: Start Process :: 18
1664835596.738631 -- INFO: Start Process :: 16
1664835596.739287 -- INFO: Start Process :: 7
1664835596.739228 -- INFO: Start Process :: 8
1664835596.739645 -- INFO: Start Process :: 19
1664835596.739754 -- INFO: Start Process :: 2
1664835596.740157 -- INFO: Process Status Bits from change concurrency are: 1 1 1 1 1 1 1 1 1 1 1 1 1 1 1 1 1 1 1 1 0 0 0 0 0 0 0 0 0 0 0 0
1664835596.740970 -- INFO: Start Process :: 12
1664835596.740872 -- INFO: Start Process :: 3
1664835596.741559 -- INFO: Active CC: 20
1664835596.742326 -- INFO: Start Process :: 9
1664835596.742885 -- INFO: Start Process :: 6
1664835596.744383 -- INFO: Start Process :: 15
1664835596.749284 -- INFO: Start Process :: 13
1664835596.749717 -- INFO: Start Process :: 17
1664835596.776613 -- INFO: Process 1 get item 15 from queue and executing
1664835596.777077 -- INFO: starting 1, 15, /users/jamilm/files_to_Send/FILE3
1664835596.777693 -- INFO: Process 14 get item 26 from queue and executing
1664835596.777900 -- INFO: Process 11 get item 30 from queue and executing
1664835596.778037 -- INFO: Process 5 get item 17 from queue and executing
1664835596.778074 -- INFO: starting 14, 26, /users/jamilm/files_to_Send/FILE0
1664835596.778365 -- INFO: starting 11, 30, /users/jamilm/files_to_Send/FILE0
1664835596.778539 -- INFO: starting 5, 17, /users/jamilm/files_to_Send/FILE1
1664835596.778604 -- INFO: Process 18 get item 11 from queue and executing
1664835596.778682 -- INFO: Process 10 get item 13 from queue and executing
1664835596.778884 -- INFO: starting 18, 11, /users/jamilm/files_to_Send/FILE3
1664835596.778939 -- INFO: Process 16 get item 14 from queue and executing
1664835596.779140 -- INFO: starting 10, 13, /users/jamilm/files_to_Send/FILE1
1664835596.779158 -- INFO: Process 4 get item 25 from queue and executing
1664835596.779182 -- INFO: Process 7 get item 19 from queue and executing
1664835596.779346 -- INFO: starting 16, 14, /users/jamilm/files_to_Send/FILE0
1664835596.779333 -- INFO: Process 8 get item 21 from queue and executing
1664835596.779588 -- INFO: starting 7, 19, /users/jamilm/files_to_Send/FILE3
1664835596.779593 -- INFO: Process 19 get item 31 from queue and executing
1664835596.779664 -- INFO: starting 4, 25, /users/jamilm/files_to_Send/FILE1
1664835596.779687 -- INFO: Process 2 get item 12 from queue and executing
1664835596.779898 -- INFO: starting 8, 21, /users/jamilm/files_to_Send/FILE1
1664835596.780007 -- INFO: starting 19, 31, /users/jamilm/files_to_Send/FILE3
1664835596.780180 -- INFO: starting 2, 12, /users/jamilm/files_to_Send/FILE2
1664835596.780350 -- INFO: Process 12 get item 27 from queue and executing
1664835596.780698 -- INFO: Process 3 get item 2 from queue and executing
1664835596.780728 -- INFO: starting 12, 27, /users/jamilm/files_to_Send/FILE3
1664835596.781166 -- INFO: starting 3, 2, /users/jamilm/files_to_Send/FILE0
1664835596.782151 -- INFO: Process 9 get item 20 from queue and executing
1664835596.782607 -- INFO: Process 6 get item 28 from queue and executing
1664835596.782757 -- INFO: starting 9, 20, /users/jamilm/files_to_Send/FILE2
1664835596.783126 -- INFO: starting 6, 28, /users/jamilm/files_to_Send/FILE2
1664835596.784128 -- INFO: Process 15 get item 29 from queue and executing
1664835596.784602 -- INFO: starting 15, 29, /users/jamilm/files_to_Send/FILE1
1664835596.788602 -- INFO: Process 13 get item 7 from queue and executing
1664835596.789030 -- INFO: starting 13, 7, /users/jamilm/files_to_Send/FILE3
1664835596.789155 -- INFO: Process 17 get item 18 from queue and executing
1664835596.789669 -- INFO: starting 17, 18, /users/jamilm/files_to_Send/FILE0
1664835597.475816 -- INFO: Throughput @105.2s:685.0Mbps, rtt :42.1ms cwnd: 254.2 lossRate: 0.0 CC:20 score:-461.0 
1664835598.475234 -- INFO: Throughput @106.2s:910.0Mbps, rtt :41.93ms cwnd: 255.4 lossRate: 0.0 CC:20 score:-612.0 
1664835599.476904 -- INFO: Throughput @107.2s:940.0Mbps, rtt :41.45ms cwnd: 267.6 lossRate: 0.0 CC:20 score:-633.0 
1664835600.502217 -- INFO: Throughput @108.2s:940.0Mbps, rtt :42.0ms cwnd: 289.8 lossRate: 0.0 CC:20 score:-633.0 
1664835600.700388 -- INFO: Iteration 29 Ends, Took 3.96 Seconds. Best Params: [20] and Score: -642.6666666666666.
1664835600.700589 -- INFO: Iteration 30 Starts ...
1664835600.700966 -- INFO: Changing concurrency to 22 ******
1664835600.702586 -- INFO: Process Status Bits from change concurrency are: 1 1 1 1 1 1 1 1 1 1 1 1 1 1 1 1 1 1 1 1 1 1 0 0 0 0 0 0 0 0 0 0
1664835600.702998 -- INFO: Start Process :: 20
1664835600.703676 -- INFO: Active CC: 22
1664835600.703528 -- INFO: Start Process :: 21
1664835600.744401 -- INFO: Process 20 get item 16 from queue and executing
1664835600.744755 -- INFO: Process 21 get item 24 from queue and executing
1664835600.744817 -- INFO: starting 20, 16, /users/jamilm/files_to_Send/FILE2
1664835600.745301 -- INFO: starting 21, 24, /users/jamilm/files_to_Send/FILE2
1664835601.477871 -- INFO: Throughput @109.2s:980.0Mbps, rtt :42.68ms cwnd: 288.1 lossRate: 0.0 CC:22 score:-634.0 
1664835602.479106 -- INFO: Throughput @110.2s:950.0Mbps, rtt :42.64ms cwnd: 288.1 lossRate: 0.0 CC:22 score:-614.0 
1664835603.480350 -- INFO: Throughput @111.2s:960.0Mbps, rtt :42.57ms cwnd: 288.1 lossRate: 0.0 CC:22 score:-621.0 
1664835604.500386 -- INFO: Throughput @112.2s:945.0Mbps, rtt :42.59ms cwnd: 288.1 lossRate: 0.0 CC:22 score:-611.0 
1664835604.582885 -- INFO: Iteration 30 Ends, Took 3.88 Seconds. Best Params: [20] and Score: -642.6666666666666.
1664835604.583121 -- INFO: Iteration 31 Starts ...
1664835604.583493 -- INFO: Changing concurrency to 22 ******
1664835604.584492 -- INFO: Process Status Bits from change concurrency are: 1 1 1 1 1 1 1 1 1 1 1 1 1 1 1 1 1 1 1 1 1 1 0 0 0 0 0 0 0 0 0 0
1664835604.585617 -- INFO: Active CC: 22
1664835605.482420 -- INFO: Throughput @113.2s:945.0Mbps, rtt :42.56ms cwnd: 288.1 lossRate: 0.0 CC:22 score:-611.0 
1664835606.483017 -- INFO: Throughput @114.2s:960.0Mbps, rtt :42.53ms cwnd: 288.1 lossRate: 0.0 CC:22 score:-621.0 
1664835607.484128 -- INFO: Throughput @115.2s:940.0Mbps, rtt :42.51ms cwnd: 288.1 lossRate: 0.0 CC:22 score:-608.0 
1664835608.417624 -- INFO: Iteration 31 Ends, Took 3.83 Seconds. Best Params: [20] and Score: -642.6666666666666.
1664835608.418116 -- INFO: Iteration 32 Starts ...
1664835608.418690 -- INFO: Changing concurrency to 23 ******
1664835608.420135 -- INFO: Process Status Bits from change concurrency are: 1 1 1 1 1 1 1 1 1 1 1 1 1 1 1 1 1 1 1 1 1 1 1 0 0 0 0 0 0 0 0 0
1664835608.421265 -- INFO: Active CC: 23
1664835608.421418 -- INFO: Start Process :: 22
1664835608.464748 -- INFO: Process 22 get item 1 from queue and executing
1664835608.465174 -- INFO: starting 22, 1, /users/jamilm/files_to_Send/FILE1
1664835608.484198 -- INFO: Throughput @116.2s:930.83Mbps, rtt :42.42ms cwnd: 276.0 lossRate: 0.0 CC:23 score:-590.0 
1664835609.486467 -- INFO: Throughput @117.2s:959.17Mbps, rtt :42.77ms cwnd: 286.0 lossRate: 0.0 CC:23 score:-608.0 
1664835610.487651 -- INFO: Throughput @118.2s:960.0Mbps, rtt :42.78ms cwnd: 286.0 lossRate: 0.0 CC:23 score:-609.0 
1664835611.489418 -- INFO: Throughput @119.2s:940.0Mbps, rtt :42.75ms cwnd: 286.0 lossRate: 0.0 CC:23 score:-596.0 
1664835612.134800 -- INFO: Iteration 32 Ends, Took 3.72 Seconds. Best Params: [20] and Score: -642.6666666666666.
1664835612.134968 -- INFO: Iteration 33 Starts ...
1664835612.135252 -- INFO: Changing concurrency to 19 ******
1664835612.136153 -- INFO: Process Status Bits from change concurrency are: 1 1 1 1 1 1 1 1 1 1 1 1 1 1 1 1 1 1 1 0 0 0 0 0 0 0 0 0 0 0 0 0
1664835612.136704 -- INFO: Active CC: 19
1664835612.492144 -- INFO: Throughput @120.2s:925.0Mbps, rtt :42.75ms cwnd: 286.0 lossRate: 0.0 CC:19 score:-635.0 
1664835613.490949 -- INFO: Throughput @121.2s:900.0Mbps, rtt :42.05ms cwnd: 295.7 lossRate: 0 CC:19 score:-618.0 
1664835614.491614 -- INFO: Throughput @122.2s:890.0Mbps, rtt :41.58ms cwnd: 360.1 lossRate: 0.0 CC:19 score:-611.0 
1664835615.533071 -- INFO: Throughput @123.2s:925.0Mbps, rtt :41.82ms cwnd: 400.9 lossRate: 0.0 CC:19 score:-635.0 
1664835615.842679 -- INFO: Iteration 33 Ends, Took 3.71 Seconds. Best Params: [20] and Score: -642.6666666666666.
1664835615.843077 -- INFO: Iteration 34 Starts ...
1664835615.843714 -- INFO: Changing concurrency to 19 ******
1664835615.845870 -- INFO: Process Status Bits from change concurrency are: 1 1 1 1 1 1 1 1 1 1 1 1 1 1 1 1 1 1 1 0 0 0 0 0 0 0 0 0 0 0 0 0
1664835615.848093 -- INFO: Active CC: 19
1664835616.492826 -- INFO: Throughput @124.2s:950.0Mbps, rtt :41.12ms cwnd: 400.9 lossRate: 0.0 CC:19 score:-652.0 
1664835617.493625 -- INFO: Throughput @125.2s:950.0Mbps, rtt :41.28ms cwnd: 400.9 lossRate: 0.0 CC:19 score:-652.0 
1664835618.494861 -- INFO: Throughput @126.2s:925.0Mbps, rtt :41.38ms cwnd: 400.9 lossRate: 0.0 CC:19 score:-635.0 
1664835619.515583 -- INFO: Throughput @127.2s:950.0Mbps, rtt :41.73ms cwnd: 407.1 lossRate: 0.0 CC:19 score:-652.0 
1664835619.655614 -- INFO: Iteration 34 Ends, Took 3.81 Seconds. Best Params: [19] and Score: -646.3333333333334.
1664835619.656091 -- INFO: Iteration 35 Starts ...
1664835619.656888 -- INFO: Changing concurrency to 19 ******
1664835619.658214 -- INFO: Process Status Bits from change concurrency are: 1 1 1 1 1 1 1 1 1 1 1 1 1 1 1 1 1 1 1 0 0 0 0 0 0 0 0 0 0 0 0 0
1664835619.660293 -- INFO: Active CC: 19
1664835620.498420 -- INFO: Throughput @128.2s:945.0Mbps, rtt :41.15ms cwnd: 418.5 lossRate: 0.0 CC:19 score:-649.0 
1664835621.498471 -- INFO: Throughput @129.2s:940.0Mbps, rtt :41.24ms cwnd: 418.5 lossRate: 0.0 CC:19 score:-645.0 
1664835622.499815 -- INFO: Throughput @130.2s:935.0Mbps, rtt :41.31ms cwnd: 421.5 lossRate: 0.0 CC:19 score:-642.0 
1664835623.527474 -- INFO: Throughput @131.2s:950.0Mbps, rtt :42.02ms cwnd: 424.4 lossRate: 0.0 CC:19 score:-652.0 
1664835623.528407 -- INFO: Iteration 35 Ends, Took 3.87 Seconds. Best Params: [19] and Score: -646.3333333333334.
1664835623.528704 -- INFO: Iteration 36 Starts ...
1664835623.530635 -- INFO: Changing concurrency to 19 ******
1664835623.533320 -- INFO: Process Status Bits from change concurrency are: 1 1 1 1 1 1 1 1 1 1 1 1 1 1 1 1 1 1 1 0 0 0 0 0 0 0 0 0 0 0 0 0
1664835623.535263 -- INFO: Active CC: 19
1664835624.502603 -- INFO: Throughput @132.2s:935.0Mbps, rtt :41.48ms cwnd: 424.4 lossRate: 0.0 CC:19 score:-642.0 
1664835625.502540 -- INFO: Throughput @133.2s:935.0Mbps, rtt :41.51ms cwnd: 426.5 lossRate: 0.0 CC:19 score:-642.0 
1664835626.504557 -- INFO: Throughput @134.2s:940.0Mbps, rtt :41.58ms cwnd: 426.5 lossRate: 0.0 CC:19 score:-645.0 
1664835627.378844 -- INFO: Iteration 36 Ends, Took 3.85 Seconds. Best Params: [19] and Score: -646.3333333333334.
1664835627.379059 -- INFO: Iteration 37 Starts ...
1664835627.379460 -- INFO: Changing concurrency to 19 ******
1664835627.381019 -- INFO: Process Status Bits from change concurrency are: 1 1 1 1 1 1 1 1 1 1 1 1 1 1 1 1 1 1 1 0 0 0 0 0 0 0 0 0 0 0 0 0
1664835627.382346 -- INFO: Active CC: 19
1664835627.504152 -- INFO: Throughput @135.2s:935.0Mbps, rtt :41.33ms cwnd: 448.2 lossRate: 0.0 CC:19 score:-642.0 
1664835628.506361 -- INFO: Throughput @136.2s:945.0Mbps, rtt :41.45ms cwnd: 448.2 lossRate: 0.0 CC:19 score:-649.0 
1664835629.506139 -- INFO: Throughput @137.2s:950.0Mbps, rtt :41.44ms cwnd: 448.6 lossRate: 0.0 CC:19 score:-652.0 
1664835630.506866 -- INFO: Throughput @138.2s:945.0Mbps, rtt :41.52ms cwnd: 448.6 lossRate: 0.0 CC:19 score:-649.0 
1664835631.191832 -- INFO: Iteration 37 Ends, Took 3.81 Seconds. Best Params: [19] and Score: -650.0.
1664835631.192055 -- INFO: Iteration 38 Starts ...
1664835631.192510 -- INFO: Changing concurrency to 19 ******
1664835631.194672 -- INFO: Process Status Bits from change concurrency are: 1 1 1 1 1 1 1 1 1 1 1 1 1 1 1 1 1 1 1 0 0 0 0 0 0 0 0 0 0 0 0 0
1664835631.196080 -- INFO: Active CC: 19
1664835631.509176 -- INFO: Throughput @139.2s:940.0Mbps, rtt :42.06ms cwnd: 470.8 lossRate: 0.0 CC:19 score:-645.0 
1664835632.509841 -- INFO: Throughput @140.2s:945.0Mbps, rtt :41.83ms cwnd: 481.3 lossRate: 0.0 CC:19 score:-649.0 
1664835633.511400 -- INFO: Throughput @141.2s:945.0Mbps, rtt :42.05ms cwnd: 481.3 lossRate: 0.0 CC:19 score:-649.0 
1664835634.512012 -- INFO: Throughput @142.2s:940.0Mbps, rtt :42.17ms cwnd: 481.3 lossRate: 0.0 CC:19 score:-645.0 
1664835635.152456 -- INFO: Iteration 38 Ends, Took 3.96 Seconds. Best Params: [19] and Score: -650.0.
1664835635.152822 -- INFO: Iteration 39 Starts ...
1664835635.153328 -- INFO: Changing concurrency to 19 ******
1664835635.154912 -- INFO: Process Status Bits from change concurrency are: 1 1 1 1 1 1 1 1 1 1 1 1 1 1 1 1 1 1 1 0 0 0 0 0 0 0 0 0 0 0 0 0
1664835635.156450 -- INFO: Active CC: 19
1664835635.512325 -- INFO: Throughput @143.2s:940.0Mbps, rtt :41.8ms cwnd: 492.1 lossRate: 0.0 CC:19 score:-645.0 
1664835636.514565 -- INFO: Throughput @144.2s:945.0Mbps, rtt :41.98ms cwnd: 492.1 lossRate: 0.0 CC:19 score:-649.0 
1664835637.514212 -- INFO: Throughput @145.2s:945.0Mbps, rtt :41.72ms cwnd: 492.1 lossRate: 0.0 CC:19 score:-649.0 
1664835638.546167 -- INFO: Throughput @146.2s:935.0Mbps, rtt :42.2ms cwnd: 492.1 lossRate: 0.0 CC:19 score:-642.0 
1664835639.031065 -- INFO: Iteration 39 Ends, Took 3.88 Seconds. Best Params: [19] and Score: -650.0.
1664835639.031294 -- INFO: Iteration 40 Starts ...
1664835639.031687 -- INFO: Changing concurrency to 19 ******
1664835639.033463 -- INFO: Process Status Bits from change concurrency are: 1 1 1 1 1 1 1 1 1 1 1 1 1 1 1 1 1 1 1 0 0 0 0 0 0 0 0 0 0 0 0 0
1664835639.035281 -- INFO: Active CC: 19
1664835639.515846 -- INFO: Throughput @147.2s:945.0Mbps, rtt :42.01ms cwnd: 492.1 lossRate: 0.0 CC:19 score:-649.0 
1664835640.517538 -- INFO: Throughput @148.2s:945.0Mbps, rtt :42.02ms cwnd: 492.1 lossRate: 0.0 CC:19 score:-649.0 
1664835641.518786 -- INFO: Throughput @149.2s:945.0Mbps, rtt :42.26ms cwnd: 492.1 lossRate: 0.0 CC:19 score:-649.0 
1664835642.536944 -- INFO: Throughput @150.2s:935.0Mbps, rtt :41.69ms cwnd: 492.1 lossRate: 0.0 CC:19 score:-642.0 
1664835642.867385 -- INFO: Iteration 40 Ends, Took 3.84 Seconds. Best Params: [19] and Score: -650.0.
1664835642.867710 -- INFO: Iteration 41 Starts ...
1664835642.868142 -- INFO: Changing concurrency to 32 ******
1664835642.876089 -- INFO: Start Process :: 19
1664835642.876252 -- INFO: Start Process :: 20
1664835642.876348 -- INFO: Start Process :: 28
1664835642.876551 -- INFO: Start Process :: 27
1664835642.876544 -- INFO: Start Process :: 26
1664835642.876716 -- INFO: Process Status Bits from change concurrency are: 1 1 1 1 1 1 1 1 1 1 1 1 1 1 1 1 1 1 1 1 1 1 1 1 1 1 1 1 1 1 1 1
1664835642.876741 -- INFO: Start Process :: 23
1664835642.876894 -- INFO: Start Process :: 22
1664835642.877256 -- INFO: Active CC: 32
1664835642.877422 -- INFO: Start Process :: 21
1664835642.878553 -- INFO: Start Process :: 29
1664835642.878826 -- INFO: Start Process :: 25
1664835642.883106 -- INFO: Start Process :: 24
1664835642.896526 -- INFO: Start Process :: 31
1664835642.897811 -- INFO: Start Process :: 30
1664835642.918665 -- INFO: Process 27 get item 3 from queue and executing
1664835642.919005 -- INFO: starting 27, 3, /users/jamilm/files_to_Send/FILE3
1664835642.919237 -- INFO: Process 20 get item 9 from queue and executing
1664835642.919619 -- INFO: starting 20, 9, /users/jamilm/files_to_Send/FILE1
1664835642.920283 -- INFO: Process 19 get item 5 from queue and executing
1664835642.920373 -- INFO: Process 28 get item 8 from queue and executing
1664835642.920596 -- INFO: Process 26 get item 10 from queue and executing
1664835642.920677 -- INFO: starting 28, 8, /users/jamilm/files_to_Send/FILE2
1664835642.920713 -- INFO: starting 19, 5, /users/jamilm/files_to_Send/FILE1
1664835642.920895 -- INFO: starting 26, 10, /users/jamilm/files_to_Send/FILE0
1664835642.920897 -- INFO: Process 23 get item 23 from queue and executing
1664835642.921220 -- INFO: starting 23, 23, /users/jamilm/files_to_Send/FILE3
1664835642.921182 -- INFO: Process 22 get item 4 from queue and executing
1664835642.921257 -- INFO: Process 29 get item 22 from queue and executing
1664835642.921306 -- INFO: Process 21 get item 6 from queue and executing
1664835642.921561 -- INFO: starting 22, 4, /users/jamilm/files_to_Send/FILE2
1664835642.921700 -- INFO: starting 29, 22, /users/jamilm/files_to_Send/FILE0
1664835642.921725 -- INFO: Process 25 get item 31 from queue and executing
1664835642.921765 -- INFO: starting 21, 6, /users/jamilm/files_to_Send/FILE0
1664835642.922203 -- INFO: starting 25, 31, /users/jamilm/files_to_Send/FILE3
1664835642.924564 -- INFO: Process 24 get item 1 from queue and executing
1664835642.924881 -- INFO: starting 24, 1, /users/jamilm/files_to_Send/FILE1
1664835642.937600 -- INFO: Process 31 get item 16 from queue and executing
1664835642.937919 -- INFO: starting 31, 16, /users/jamilm/files_to_Send/FILE2
1664835642.940267 -- INFO: Process 30 get item 24 from queue and executing
1664835642.940516 -- INFO: starting 30, 24, /users/jamilm/files_to_Send/FILE2
1664835643.519312 -- INFO: Throughput @151.2s:1086.23Mbps, rtt :46.05ms cwnd: 344.2 lossRate: 0.0 CC:32 score:-576.0 
1664835644.520219 -- INFO: Throughput @152.2s:1018.65Mbps, rtt :45.96ms cwnd: 344.2 lossRate: 0.0 CC:32 score:-541.0 
1664835645.521270 -- INFO: Throughput @153.2s:985.26Mbps, rtt :46.02ms cwnd: 344.2 lossRate: 0.0 CC:32 score:-523.0 
1664835646.528054 -- INFO: Throughput @154.2s:966.1Mbps, rtt :45.89ms cwnd: 344.2 lossRate: 0.0 CC:32 score:-513.0 
1664835646.610537 -- INFO: Iteration 41 Ends, Took 3.74 Seconds. Best Params: [19] and Score: -650.0.
1664835646.611083 -- INFO: Iteration 42 Starts ...
1664835646.611771 -- INFO: Changing concurrency to 27 ******
1664835646.612212 -- INFO: Process Status Bits from change concurrency are: 1 1 1 1 1 1 1 1 1 1 1 1 1 1 1 1 1 1 1 1 1 1 1 1 1 1 1 0 0 0 0 0
1664835646.612620 -- INFO: Active CC: 27
1664835647.526058 -- INFO: Throughput @155.2s:913.69Mbps, rtt :45.61ms cwnd: 365.9 lossRate: 0.0 CC:27 score:-535.0 
1664835648.525853 -- INFO: Throughput @156.2s:941.71Mbps, rtt :45.78ms cwnd: 384.5 lossRate: 0.0 CC:27 score:-552.0 
1664835649.526962 -- INFO: Throughput @157.2s:927.94Mbps, rtt :45.81ms cwnd: 384.5 lossRate: 0.0 CC:27 score:-544.0 
1664835650.415697 -- INFO: Iteration 42 Ends, Took 3.8 Seconds. Best Params: [19] and Score: -650.0.
1664835650.415978 -- INFO: Iteration 43 Starts ...
1664835650.416287 -- INFO: Changing concurrency to 17 ******
1664835650.416954 -- INFO: Process Status Bits from change concurrency are: 1 1 1 1 1 1 1 1 1 1 1 1 1 1 1 1 1 0 0 0 0 0 0 0 0 0 0 0 0 0 0 0
1664835650.417714 -- INFO: Active CC: 17
1664835650.525765 -- INFO: Throughput @158.2s:949.29Mbps, rtt :45.54ms cwnd: 384.5 lossRate: 0.0 CC:17 score:-678.0 
1664835651.529626 -- INFO: Throughput @159.2s:834.43Mbps, rtt :42.84ms cwnd: 496.6 lossRate: 0 CC:17 score:-596.0 
1664835652.531276 -- INFO: Throughput @160.2s:840.0Mbps, rtt :42.19ms cwnd: 496.6 lossRate: 0.0 CC:17 score:-600.0 
1664835653.530560 -- INFO: Throughput @161.2s:860.0Mbps, rtt :40.79ms cwnd: 549.3 lossRate: 0.0 CC:17 score:-614.0 
1664835654.268643 -- INFO: Iteration 43 Ends, Took 3.85 Seconds. Best Params: [19] and Score: -650.0.
1664835654.269139 -- INFO: Iteration 44 Starts ...
1664835654.269875 -- INFO: Changing concurrency to 17 ******
1664835654.274947 -- INFO: Process Status Bits from change concurrency are: 1 1 1 1 1 1 1 1 1 1 1 1 1 1 1 1 1 0 0 0 0 0 0 0 0 0 0 0 0 0 0 0
1664835654.277551 -- INFO: Active CC: 17
1664835654.532418 -- INFO: Throughput @162.2s:850.0Mbps, rtt :40.66ms cwnd: 549.3 lossRate: 0.0 CC:17 score:-607.0 
1664835655.531689 -- INFO: Throughput @163.2s:850.0Mbps, rtt :40.68ms cwnd: 549.3 lossRate: 0.0 CC:17 score:-607.0 
1664835656.532725 -- INFO: Throughput @164.2s:850.0Mbps, rtt :40.67ms cwnd: 549.3 lossRate: 0.0 CC:17 score:-607.0 
1664835657.534421 -- INFO: Throughput @165.2s:850.0Mbps, rtt :40.69ms cwnd: 549.3 lossRate: 0.0 CC:17 score:-607.0 
1664835657.854349 -- INFO: Iteration 44 Ends, Took 3.58 Seconds. Best Params: [19] and Score: -650.0.
1664835657.854873 -- INFO: Iteration 45 Starts ...
1664835657.855416 -- INFO: Changing concurrency to 14 ******
1664835657.857241 -- INFO: Process Status Bits from change concurrency are: 1 1 1 1 1 1 1 1 1 1 1 1 1 1 0 0 0 0 0 0 0 0 0 0 0 0 0 0 0 0 0 0
1664835657.858972 -- INFO: Active CC: 14
1664835658.020853 -- INFO: Process 3 finished on working on file 2 
1664835658.021495 -- INFO: Process 3 get item 24 from queue and executing
1664835658.021753 -- INFO: starting 3, 24, /users/jamilm/files_to_Send/FILE2
1664835658.536359 -- INFO: Throughput @166.2s:750.0Mbps, rtt :39.99ms cwnd: 558.5 lossRate: 0 CC:14 score:-568.0 
1664835659.300888 -- INFO: Process 0 finished on working on file 0 
1664835659.301924 -- INFO: Process 0 get item 16 from queue and executing
1664835659.302263 -- INFO: starting 0, 16, /users/jamilm/files_to_Send/FILE2
1664835659.536697 -- INFO: Throughput @167.2s:700.0Mbps, rtt :40.0ms cwnd: 558.5 lossRate: 0.0 CC:14 score:-531.0 
1664835660.537890 -- INFO: Throughput @168.2s:700.0Mbps, rtt :40.18ms cwnd: 558.5 lossRate: 0.0 CC:14 score:-531.0 
1664835661.537456 -- INFO: Throughput @169.2s:700.0Mbps, rtt :40.0ms cwnd: 558.5 lossRate: 0.0 CC:14 score:-531.0 
1664835661.677211 -- INFO: Iteration 45 Ends, Took 3.82 Seconds. Best Params: [19] and Score: -650.0.
1664835661.677431 -- INFO: Iteration 46 Starts ...
1664835661.677908 -- INFO: Changing concurrency to 19 ******
1664835661.679388 -- INFO: Start Process :: 17
1664835661.679382 -- INFO: Start Process :: 15
1664835661.679631 -- INFO: Process Status Bits from change concurrency are: 1 1 1 1 1 1 1 1 1 1 1 1 1 1 1 1 1 1 1 0 0 0 0 0 0 0 0 0 0 0 0 0
1664835661.679580 -- INFO: Start Process :: 14
1664835661.679807 -- INFO: Start Process :: 16
1664835661.679887 -- INFO: Start Process :: 18
1664835661.681072 -- INFO: Active CC: 19
1664835661.718798 -- INFO: Process 17 get item 22 from queue and executing
1664835661.719021 -- INFO: Process 15 get item 3 from queue and executing
1664835661.719122 -- INFO: starting 17, 22, /users/jamilm/files_to_Send/FILE0
1664835661.719304 -- INFO: Process 14 get item 8 from queue and executing
1664835661.719368 -- INFO: starting 15, 3, /users/jamilm/files_to_Send/FILE3
1664835661.719496 -- INFO: Process 16 get item 18 from queue and executing
1664835661.719774 -- INFO: starting 14, 8, /users/jamilm/files_to_Send/FILE2
1664835661.719800 -- INFO: starting 16, 18, /users/jamilm/files_to_Send/FILE0
1664835661.720165 -- INFO: Process 18 get item 9 from queue and executing
1664835661.720619 -- INFO: starting 18, 9, /users/jamilm/files_to_Send/FILE1
1664835662.540873 -- INFO: Throughput @170.2s:900.0Mbps, rtt :43.0ms cwnd: 488.9 lossRate: 0.0 CC:19 score:-618.0 
1664835662.797042 -- INFO: Process 13 finished on working on file 7 
1664835662.798205 -- INFO: Process 13 get item 31 from queue and executing
1664835662.798583 -- INFO: starting 13, 31, /users/jamilm/files_to_Send/FILE3
1664835663.540191 -- INFO: Throughput @171.2s:950.0Mbps, rtt :42.94ms cwnd: 488.9 lossRate: 0.0 CC:19 score:-652.0 
1664835664.540720 -- INFO: Throughput @172.2s:945.0Mbps, rtt :42.79ms cwnd: 489.1 lossRate: 0.0 CC:19 score:-649.0 
1664835665.508540 -- INFO: Iteration 46 Ends, Took 3.83 Seconds. Best Params: [19] and Score: -650.0.
1664835665.509796 -- INFO: Iteration 47 Starts ...
1664835665.510685 -- INFO: Changing concurrency to 19 ******
1664835665.513025 -- INFO: Process Status Bits from change concurrency are: 1 1 1 1 1 1 1 1 1 1 1 1 1 1 1 1 1 1 1 0 0 0 0 0 0 0 0 0 0 0 0 0
1664835665.514934 -- INFO: Active CC: 19
1664835665.541620 -- INFO: Throughput @173.2s:945.0Mbps, rtt :42.54ms cwnd: 490.7 lossRate: 0.0 CC:19 score:-649.0 
1664835666.543132 -- INFO: Throughput @174.2s:935.0Mbps, rtt :42.55ms cwnd: 491.8 lossRate: 0.0 CC:19 score:-642.0 
1664835667.543983 -- INFO: Throughput @175.2s:945.0Mbps, rtt :42.66ms cwnd: 491.8 lossRate: 0.0 CC:19 score:-649.0 
1664835668.545807 -- INFO: Throughput @176.2s:940.0Mbps, rtt :42.35ms cwnd: 491.8 lossRate: 0.0 CC:19 score:-645.0 
1664835669.546018 -- INFO: Throughput @177.2s:945.0Mbps, rtt :42.34ms cwnd: 496.4 lossRate: 0.0 CC:19 score:-649.0 
1664835669.557500 -- INFO: Iteration 47 Ends, Took 4.05 Seconds. Best Params: [19] and Score: -650.0.
1664835669.557719 -- INFO: Iteration 48 Starts ...
1664835669.558167 -- INFO: Changing concurrency to 19 ******
1664835669.559674 -- INFO: Process Status Bits from change concurrency are: 1 1 1 1 1 1 1 1 1 1 1 1 1 1 1 1 1 1 1 0 0 0 0 0 0 0 0 0 0 0 0 0
1664835669.561232 -- INFO: Active CC: 19
1664835670.547153 -- INFO: Throughput @178.2s:945.0Mbps, rtt :42.39ms cwnd: 496.4 lossRate: 0.0 CC:19 score:-649.0 
1664835671.548173 -- INFO: Throughput @179.2s:935.0Mbps, rtt :42.5ms cwnd: 496.4 lossRate: 0.0 CC:19 score:-642.0 
1664835672.548799 -- INFO: Throughput @180.2s:945.0Mbps, rtt :42.48ms cwnd: 496.4 lossRate: 0.0 CC:19 score:-649.0 
1664835673.486955 -- INFO: Iteration 48 Ends, Took 3.93 Seconds. Best Params: [19] and Score: -650.0.
1664835673.487144 -- INFO: Iteration 49 Starts ...
1664835673.487496 -- INFO: Changing concurrency to 19 ******
1664835673.488660 -- INFO: Process Status Bits from change concurrency are: 1 1 1 1 1 1 1 1 1 1 1 1 1 1 1 1 1 1 1 0 0 0 0 0 0 0 0 0 0 0 0 0
1664835673.490038 -- INFO: Active CC: 19
1664835673.550683 -- INFO: Throughput @181.2s:945.0Mbps, rtt :42.57ms cwnd: 496.4 lossRate: 0.0 CC:19 score:-649.0 
1664835674.550817 -- INFO: Throughput @182.2s:935.0Mbps, rtt :42.39ms cwnd: 496.4 lossRate: 0.0 CC:19 score:-642.0 
1664835675.552576 -- INFO: Throughput @183.2s:945.0Mbps, rtt :42.6ms cwnd: 496.4 lossRate: 0.0 CC:19 score:-649.0 
1664835676.551335 -- INFO: Throughput @184.2s:945.0Mbps, rtt :42.53ms cwnd: 496.4 lossRate: 0.0 CC:19 score:-649.0 
1664835677.412394 -- INFO: Iteration 49 Ends, Took 3.93 Seconds. Best Params: [19] and Score: -650.0.
1664835677.412626 -- INFO: Iteration 50 Starts ...
1664835677.413085 -- INFO: Changing concurrency to 19 ******
1664835677.414612 -- INFO: Process Status Bits from change concurrency are: 1 1 1 1 1 1 1 1 1 1 1 1 1 1 1 1 1 1 1 0 0 0 0 0 0 0 0 0 0 0 0 0
1664835677.415751 -- INFO: Active CC: 19
1664835677.554932 -- INFO: Throughput @185.2s:940.0Mbps, rtt :42.84ms cwnd: 504.5 lossRate: 0.0 CC:19 score:-645.0 
1664835678.555066 -- INFO: Throughput @186.2s:935.0Mbps, rtt :42.51ms cwnd: 504.5 lossRate: 0.0 CC:19 score:-642.0 
1664835679.557063 -- INFO: Throughput @187.2s:940.0Mbps, rtt :42.46ms cwnd: 504.5 lossRate: 0.0 CC:19 score:-645.0 
1664835680.558663 -- INFO: Throughput @188.2s:945.0Mbps, rtt :42.41ms cwnd: 504.5 lossRate: 0.0 CC:19 score:-649.0 
1664835681.389380 -- INFO: Iteration 50 Ends, Took 3.98 Seconds. Best Params: [19] and Score: -650.0.
1664835681.389622 -- INFO: Iteration 51 Starts ...
1664835681.390032 -- INFO: Changing concurrency to 19 ******
1664835681.391975 -- INFO: Process Status Bits from change concurrency are: 1 1 1 1 1 1 1 1 1 1 1 1 1 1 1 1 1 1 1 0 0 0 0 0 0 0 0 0 0 0 0 0
1664835681.393441 -- INFO: Active CC: 19
1664835681.558966 -- INFO: Throughput @189.2s:950.0Mbps, rtt :42.66ms cwnd: 504.5 lossRate: 0.0 CC:19 score:-652.0 
1664835682.558580 -- INFO: Throughput @190.2s:940.0Mbps, rtt :42.69ms cwnd: 504.5 lossRate: 0.0 CC:19 score:-645.0 
1664835683.560455 -- INFO: Throughput @191.2s:940.0Mbps, rtt :42.86ms cwnd: 504.5 lossRate: 0.0 CC:19 score:-645.0 
1664835684.560705 -- INFO: Throughput @192.2s:945.0Mbps, rtt :42.43ms cwnd: 504.5 lossRate: 0.0 CC:19 score:-649.0 
1664835685.275068 -- INFO: Iteration 51 Ends, Took 3.89 Seconds. Best Params: [19] and Score: -650.0.
1664835685.275309 -- INFO: Iteration 52 Starts ...
1664835685.275764 -- INFO: Changing concurrency to 20 ******
1664835685.277555 -- INFO: Process Status Bits from change concurrency are: 1 1 1 1 1 1 1 1 1 1 1 1 1 1 1 1 1 1 1 1 0 0 0 0 0 0 0 0 0 0 0 0
1664835685.278109 -- INFO: Start Process :: 19
1664835685.278847 -- INFO: Active CC: 20
1664835685.320176 -- INFO: Process 19 get item 6 from queue and executing
1664835685.320675 -- INFO: starting 19, 6, /users/jamilm/files_to_Send/FILE0
1664835685.562432 -- INFO: Throughput @193.2s:955.0Mbps, rtt :43.15ms cwnd: 489.1 lossRate: 0.0 CC:20 score:-643.0 
1664835686.562890 -- INFO: Throughput @194.2s:960.0Mbps, rtt :44.46ms cwnd: 492.8 lossRate: 0.0 CC:20 score:-646.0 
1664835687.563418 -- INFO: Throughput @195.2s:950.0Mbps, rtt :44.52ms cwnd: 492.8 lossRate: 0.0 CC:20 score:-639.0 
1664835688.566008 -- INFO: Throughput @196.2s:950.0Mbps, rtt :44.19ms cwnd: 492.8 lossRate: 0.0 CC:20 score:-639.0 
1664835689.106112 -- INFO: Iteration 52 Ends, Took 3.83 Seconds. Best Params: [19] and Score: -650.0.
1664835689.106352 -- INFO: Iteration 53 Starts ...
1664835689.106925 -- INFO: Changing concurrency to 19 ******
1664835689.108073 -- INFO: Process Status Bits from change concurrency are: 1 1 1 1 1 1 1 1 1 1 1 1 1 1 1 1 1 1 1 0 0 0 0 0 0 0 0 0 0 0 0 0
1664835689.109307 -- INFO: Active CC: 19
1664835689.566175 -- INFO: Throughput @197.2s:940.0Mbps, rtt :44.52ms cwnd: 492.8 lossRate: 0.0 CC:19 score:-645.0 
1664835690.346603 -- INFO: Process 12 finished on working on file 27 
1664835690.347539 -- INFO: Process 12 get item 11 from queue and executing
1664835690.347933 -- INFO: starting 12, 11, /users/jamilm/files_to_Send/FILE3
1664835690.566987 -- INFO: Throughput @198.2s:925.0Mbps, rtt :43.59ms cwnd: 504.5 lossRate: 0.0 CC:19 score:-635.0 
1664835691.567727 -- INFO: Throughput @199.2s:940.0Mbps, rtt :43.05ms cwnd: 504.5 lossRate: 0.0 CC:19 score:-645.0 
1664835692.556752 -- INFO: episode expires
1664835692.556825 -- INFO: Process 19 shutdown itself from outest loop
1664835692.556945 -- INFO: Process 31 shutdown itself from outest loop
1664835692.557191 -- INFO: Process Status Bits are: 1 1 1 1 1 1 1 1 1 1 1 1 1 1 1 1 1 1 1 0 0 0 0 0 0 0 0 0 0 0 0 0
1664835692.556990 -- INFO: Process 30 shutdown itself from outest loop
1664835692.557063 -- INFO: Process 27 shutdown itself from outest loop
1664835692.557045 -- INFO: Process 28 shutdown itself from outest loop
1664835692.557009 -- INFO: Process 26 shutdown itself from outest loop
1664835692.557046 -- INFO: Process 20 shutdown itself from outest loop
1664835692.557173 -- INFO: Process 23 shutdown itself from outest loop
1664835692.557612 -- INFO: Process Status Bits are: 1 1 1 1 1 1 1 1 1 1 1 1 1 1 1 1 1 1 1 0 0 0 0 0 0 0 0 0 0 0 0 0
1664835692.557670 -- INFO: Process Status Bits are: 1 1 1 1 1 1 1 1 1 1 1 1 1 1 1 1 1 1 1 0 0 0 0 0 0 0 0 0 0 0 0 0
1664835692.557678 -- INFO: Process Status Bits are: 1 1 1 1 1 1 1 1 1 1 1 1 1 1 1 1 1 1 1 0 0 0 0 0 0 0 0 0 0 0 0 0
1664835692.557618 -- INFO: Process Status Bits are: 1 1 1 1 1 1 1 1 1 1 1 1 1 1 1 1 1 1 1 0 0 0 0 0 0 0 0 0 0 0 0 0
1664835692.557779 -- INFO: Process Status Bits are: 1 1 1 1 1 1 1 1 1 1 1 1 1 1 1 1 1 1 1 0 0 0 0 0 0 0 0 0 0 0 0 0
1664835692.557641 -- INFO: Process 22 shutdown itself from outest loop
1664835692.557875 -- INFO: Process Status Bits are: 1 1 1 1 1 1 1 1 1 1 1 1 1 1 1 1 1 1 1 0 0 0 0 0 0 0 0 0 0 0 0 0
1664835692.558174 -- INFO: Process Status Bits are: 1 1 1 1 1 1 1 1 1 1 1 1 1 1 1 1 1 1 1 0 0 0 0 0 0 0 0 0 0 0 0 0
1664835692.558940 -- INFO: Process Status Bits are: 1 1 1 1 1 1 1 1 1 1 1 1 1 1 1 1 1 1 1 0 0 0 0 0 0 0 0 0 0 0 0 0
1664835692.558641 -- INFO: Process 29 shutdown itself from outest loop
1664835692.559283 -- INFO: Process 21 shutdown itself from outest loop
1664835692.559553 -- INFO: Process Status Bits are: 1 1 1 1 1 1 1 1 1 1 1 1 1 1 1 1 1 1 1 0 0 0 0 0 0 0 0 0 0 0 0 0
1664835692.559321 -- INFO: Process 24 shutdown itself from outest loop
1664835692.559837 -- INFO: Process Status Bits are: 1 1 1 1 1 1 1 1 1 1 1 1 1 1 1 1 1 1 1 0 0 0 0 0 0 0 0 0 0 0 0 0
1664835692.560045 -- INFO: Process Status Bits are: 1 1 1 1 1 1 1 1 1 1 1 1 1 1 1 1 1 1 1 0 0 0 0 0 0 0 0 0 0 0 0 0
1664835692.561038 -- INFO: Process 25 shutdown itself from outest loop
1664835692.561634 -- INFO: Process Status Bits are: 1 1 1 1 1 1 1 1 1 1 1 1 1 1 1 1 1 1 1 0 0 0 0 0 0 0 0 0 0 0 0 0
1664835692.931954 -- INFO: Iteration 53 Ends, Took 3.83 Seconds. Best Params: [19] and Score: -650.0.
1664835692.932363 -- INFO: Iteration 54 Starts ...
1664835692.933243 -- INFO: episode expires
1664835693.335939 -- INFO: Iteration 54 Ends, Took 0.4 Seconds. Best Params: [19] and Score: -650.0.
1664835693.336334 -- INFO: Bayseian Optimizer Exits ...
1664835693.638396 -- INFO: Throughput @0.1s:0.0Mbps, rtt :0.0ms cwnd: 0.0 lossRate: 0 CC:0 score:-0.0 
