1664883498.073872 -- INFO: Changing concurrency to 1 ******
1664883498.076949 -- INFO: Start Process :: 0
1664883498.081820 -- INFO: Process Status Bits from change concurrency are: 1 0 0 0 0 0 0 0 0 0 0 0 0 0 0 0 0 0 0 0 0 0 0 0 0 0 0 0 0 0 0 0
1664883498.091058 -- INFO: Active CC: 1
1664883498.116869 -- INFO: Process 0 get item 0 from queue and executing
1664883498.117321 -- INFO: starting 0, 0, /users/jamilm/files_to_Send/FILE2
1664883498.150124 -- INFO: Throughput @0.1s:8.34Mbps, rtt :38.57ms cwnd: 10.0 lossRate: 0.0 CC:1 score:-8.0 
1664883499.140646 -- INFO: Throughput @1.1s:18.22Mbps, rtt :38.54ms cwnd: 95.0 lossRate: 0.0 CC:1 score:-18.0 
1664883500.139018 -- INFO: Throughput @2.1s:50.94Mbps, rtt :38.89ms cwnd: 323.0 lossRate: 0.0 CC:1 score:-50.0 
1664883501.140347 -- INFO: Throughput @3.1s:50.0Mbps, rtt :39.3ms cwnd: 443.0 lossRate: 0.0 CC:1 score:-49.0 
1664883501.294130 -- INFO: Changing concurrency to 2 ******
1664883501.298541 -- INFO: Start Process :: 1
1664883501.304050 -- INFO: Process Status Bits from change concurrency are: 1 1 0 0 0 0 0 0 0 0 0 0 0 0 0 0 0 0 0 0 0 0 0 0 0 0 0 0 0 0 0 0
1664883501.308587 -- INFO: Active CC: 2
1664883501.338346 -- INFO: Process 1 get item 1 from queue and executing
1664883501.338747 -- INFO: starting 1, 1, /users/jamilm/files_to_Send/FILE1
1664883502.141777 -- INFO: Throughput @4.1s:63.32Mbps, rtt :38.97ms cwnd: 198.5 lossRate: 0.0024743052912067 CC:2 score:-59.0 
1664883503.142232 -- INFO: Throughput @5.1s:96.68Mbps, rtt :39.11ms cwnd: 298.5 lossRate: 0.0 CC:2 score:-93.0 
1664883504.145504 -- INFO: Throughput @6.1s:100.0Mbps, rtt :39.36ms cwnd: 404.0 lossRate: 0.0 CC:2 score:-96.0 
1664883504.509726 -- INFO: Gradient_Fast: -43.66666666666667, Gredient_Fast Change: 1.1196581196581197, Theta: 1, Previous CC: 2, Choosen CC: 5
1664883504.509826 -- INFO: Changing concurrency to 5 ******
1664883504.513716 -- INFO: Start Process :: 2
1664883504.513848 -- INFO: Start Process :: 3
1664883504.514193 -- INFO: Start Process :: 4
1664883504.516900 -- INFO: Process Status Bits from change concurrency are: 1 1 1 1 1 0 0 0 0 0 0 0 0 0 0 0 0 0 0 0 0 0 0 0 0 0 0 0 0 0 0 0
1664883504.521659 -- INFO: Active CC: 5
1664883504.553822 -- INFO: Process 2 get item 2 from queue and executing
1664883504.554188 -- INFO: starting 2, 2, /users/jamilm/files_to_Send/FILE0
1664883504.554347 -- INFO: Process 3 get item 3 from queue and executing
1664883504.554551 -- INFO: Process 4 get item 4 from queue and executing
1664883504.554774 -- INFO: starting 3, 3, /users/jamilm/files_to_Send/FILE3
1664883504.555160 -- INFO: starting 4, 4, /users/jamilm/files_to_Send/FILE2
1664883505.145446 -- INFO: Throughput @7.1s:126.72Mbps, rtt :39.06ms cwnd: 198.0 lossRate: 0.0 CC:5 score:-115.0 
1664883506.145203 -- INFO: Throughput @8.1s:195.88Mbps, rtt :38.85ms cwnd: 234.0 lossRate: 0.0007512207336922499 CC:5 score:-176.0 
1664883507.148036 -- INFO: Throughput @9.1s:227.39Mbps, rtt :39.13ms cwnd: 331.8 lossRate: 0.0 CC:5 score:-206.0 
1664883507.722908 -- INFO: Gradient_Fast: -27.66666666666666, Gredient_Fast Change: 0.33467741935483863, Theta: 2, Previous CC: 5, Choosen CC: 9
1664883507.723063 -- INFO: Changing concurrency to 9 ******
1664883507.727575 -- INFO: Start Process :: 6
1664883507.728596 -- INFO: Start Process :: 5
1664883507.728806 -- INFO: Start Process :: 8
1664883507.730219 -- INFO: Process Status Bits from change concurrency are: 1 1 1 1 1 1 1 1 1 0 0 0 0 0 0 0 0 0 0 0 0 0 0 0 0 0 0 0 0 0 0 0
1664883507.730230 -- INFO: Start Process :: 7
1664883507.735413 -- INFO: Active CC: 9
1664883507.767725 -- INFO: Process 6 get item 5 from queue and executing
1664883507.768386 -- INFO: starting 6, 5, /users/jamilm/files_to_Send/FILE1
1664883507.768773 -- INFO: Process 5 get item 6 from queue and executing
1664883507.768890 -- INFO: Process 8 get item 7 from queue and executing
1664883507.769216 -- INFO: starting 5, 6, /users/jamilm/files_to_Send/FILE0
1664883507.769275 -- INFO: starting 8, 7, /users/jamilm/files_to_Send/FILE3
1664883507.771569 -- INFO: Process 7 get item 8 from queue and executing
1664883507.772032 -- INFO: starting 7, 8, /users/jamilm/files_to_Send/FILE2
1664883508.145020 -- INFO: Throughput @10.1s:247.6Mbps, rtt :39.03ms cwnd: 210.2 lossRate: 0.0 CC:9 score:-207.0 
1664883509.145405 -- INFO: Throughput @11.1s:345.15Mbps, rtt :39.02ms cwnd: 250.4 lossRate: 0.0002158273381294964 CC:9 score:-288.0 
1664883510.152641 -- INFO: Throughput @12.1s:405.57Mbps, rtt :39.15ms cwnd: 322.4 lossRate: 8.203669774945992e-05 CC:9 score:-339.0 
1664883510.936697 -- INFO: Gradient_Fast: -28.083333333333336, Gredient_Fast Change: 0.1695171026156942, Theta: 3, Previous CC: 9, Choosen CC: 15
1664883510.936828 -- INFO: Changing concurrency to 15 ******
1664883510.940074 -- INFO: Process Status Bits from change concurrency are: 1 1 1 1 1 1 1 1 1 1 1 1 1 1 1 0 0 0 0 0 0 0 0 0 0 0 0 0 0 0 0 0
1664883510.942170 -- INFO: Start Process :: 11
1664883510.943949 -- INFO: Active CC: 15
1664883510.943418 -- INFO: Start Process :: 10
1664883510.943624 -- INFO: Start Process :: 14
1664883510.944138 -- INFO: Start Process :: 12
1664883510.945079 -- INFO: Start Process :: 13
1664883510.945105 -- INFO: Start Process :: 9
1664883510.982200 -- INFO: Process 11 get item 9 from queue and executing
1664883510.982596 -- INFO: starting 11, 9, /users/jamilm/files_to_Send/FILE1
1664883510.983555 -- INFO: Process 14 get item 10 from queue and executing
1664883510.983662 -- INFO: Process 10 get item 11 from queue and executing
1664883510.983945 -- INFO: starting 14, 10, /users/jamilm/files_to_Send/FILE0
1664883510.984103 -- INFO: starting 10, 11, /users/jamilm/files_to_Send/FILE3
1664883510.984118 -- INFO: Process 12 get item 12 from queue and executing
1664883510.984560 -- INFO: starting 12, 12, /users/jamilm/files_to_Send/FILE2
1664883510.985197 -- INFO: Process 13 get item 13 from queue and executing
1664883510.985312 -- INFO: Process 9 get item 14 from queue and executing
1664883510.985519 -- INFO: starting 13, 13, /users/jamilm/files_to_Send/FILE1
1664883510.985763 -- INFO: starting 9, 14, /users/jamilm/files_to_Send/FILE0
1664883511.147861 -- INFO: Throughput @13.1s:410.98Mbps, rtt :38.98ms cwnd: 221.7 lossRate: 5.696869570171191e-05 CC:15 score:-305.0 
1664883512.152503 -- INFO: Throughput @14.1s:529.95Mbps, rtt :39.19ms cwnd: 225.4 lossRate: 0.0008418466018975677 CC:15 score:-389.0 
1664883513.149397 -- INFO: Throughput @15.1s:618.54Mbps, rtt :39.01ms cwnd: 263.1 lossRate: 0.00018571136739279812 CC:15 score:-458.0 
1664883514.145264 -- INFO: Gradient_Fast: -17.666666666666668, Gredient_Fast Change: 0.06354916067146284, Theta: 4, Previous CC: 15, Choosen CC: 19
1664883514.145441 -- INFO: Changing concurrency to 19 ******
1664883514.149214 -- INFO: Throughput @16.1s:609.45Mbps, rtt :39.19ms cwnd: 266.5 lossRate: 0.0003412192902638763 CC:15 score:-451.0 
1664883514.149584 -- INFO: Process Status Bits from change concurrency are: 1 1 1 1 1 1 1 1 1 1 1 1 1 1 1 1 1 1 1 0 0 0 0 0 0 0 0 0 0 0 0 0
1664883514.150971 -- INFO: Start Process :: 15
1664883514.151643 -- INFO: Start Process :: 16
1664883514.152516 -- INFO: Active CC: 19
1664883514.152943 -- INFO: Start Process :: 18
1664883514.153099 -- INFO: Start Process :: 17
1664883514.191115 -- INFO: Process 15 get item 15 from queue and executing
1664883514.191541 -- INFO: starting 15, 15, /users/jamilm/files_to_Send/FILE3
1664883514.191641 -- INFO: Process 16 get item 16 from queue and executing
1664883514.192014 -- INFO: starting 16, 16, /users/jamilm/files_to_Send/FILE2
1664883514.193262 -- INFO: Process 17 get item 17 from queue and executing
1664883514.193440 -- INFO: Process 18 get item 18 from queue and executing
1664883514.193749 -- INFO: starting 17, 17, /users/jamilm/files_to_Send/FILE1
1664883514.193754 -- INFO: starting 18, 18, /users/jamilm/files_to_Send/FILE0
1664883515.148979 -- INFO: Throughput @17.1s:682.76Mbps, rtt :39.23ms cwnd: 224.6 lossRate: 0.00027810609747618714 CC:19 score:-467.0 
1664883516.150150 -- INFO: Throughput @18.1s:738.42Mbps, rtt :39.34ms cwnd: 241.5 lossRate: 9.356141527234168e-05 CC:19 score:-506.0 
1664883517.152963 -- INFO: Throughput @19.1s:768.32Mbps, rtt :39.45ms cwnd: 246.5 lossRate: 0.0002277316410342053 CC:19 score:-526.0 
1664883517.353624 -- INFO: Gradient_Fast: -28.91666666666667, Gredient_Fast Change: 0.07530381944444446, Theta: 5, Previous CC: 19, Choosen CC: 29
1664883517.353782 -- INFO: Changing concurrency to 29 ******
1664883517.355334 -- INFO: Process Status Bits from change concurrency are: 1 1 1 1 1 1 1 1 1 1 1 1 1 1 1 1 1 1 1 1 1 1 1 1 1 1 1 1 1 0 0 0
1664883517.356011 -- INFO: Active CC: 29
1664883517.358613 -- INFO: Start Process :: 27
1664883517.359298 -- INFO: Start Process :: 23
1664883517.359993 -- INFO: Start Process :: 24
1664883517.360353 -- INFO: Start Process :: 21
1664883517.360815 -- INFO: Start Process :: 26
1664883517.361824 -- INFO: Start Process :: 22
1664883517.362415 -- INFO: Start Process :: 19
1664883517.363005 -- INFO: Start Process :: 28
1664883517.363513 -- INFO: Start Process :: 20
1664883517.363971 -- INFO: Start Process :: 25
1664883517.398808 -- INFO: Process 27 get item 19 from queue and executing
1664883517.399096 -- INFO: starting 27, 19, /users/jamilm/files_to_Send/FILE3
1664883517.400539 -- INFO: Process 24 get item 20 from queue and executing
1664883517.400882 -- INFO: starting 24, 20, /users/jamilm/files_to_Send/FILE2
1664883517.401215 -- INFO: Process 23 get item 21 from queue and executing
1664883517.401464 -- INFO: starting 23, 21, /users/jamilm/files_to_Send/FILE1
1664883517.401521 -- INFO: Process 26 get item 22 from queue and executing
1664883517.401848 -- INFO: starting 26, 22, /users/jamilm/files_to_Send/FILE0
1664883517.402447 -- INFO: Process 21 get item 23 from queue and executing
1664883517.402569 -- INFO: Process 22 get item 24 from queue and executing
1664883517.402831 -- INFO: starting 21, 23, /users/jamilm/files_to_Send/FILE3
1664883517.402955 -- INFO: Process 19 get item 25 from queue and executing
1664883517.403013 -- INFO: starting 22, 24, /users/jamilm/files_to_Send/FILE2
1664883517.403258 -- INFO: starting 19, 25, /users/jamilm/files_to_Send/FILE1
1664883517.403292 -- INFO: Process 28 get item 26 from queue and executing
1664883517.403739 -- INFO: starting 28, 26, /users/jamilm/files_to_Send/FILE0
1664883517.404783 -- INFO: Process 25 get item 27 from queue and executing
1664883517.405128 -- INFO: starting 25, 27, /users/jamilm/files_to_Send/FILE3
1664883517.405362 -- INFO: Process 20 get item 28 from queue and executing
1664883517.405730 -- INFO: starting 20, 28, /users/jamilm/files_to_Send/FILE2
1664883518.152118 -- INFO: Throughput @20.1s:886.0Mbps, rtt :41.04ms cwnd: 170.5 lossRate: 0.0005262376705212451 CC:29 score:-494.0 
1664883519.152547 -- INFO: Throughput @21.1s:971.29Mbps, rtt :42.57ms cwnd: 181.8 lossRate: 0.00035679133858267716 CC:29 score:-543.0 
1664883520.153189 -- INFO: Throughput @22.1s:946.43Mbps, rtt :42.61ms cwnd: 188.0 lossRate: 0.00018432726691817097 CC:29 score:-531.0 
1664883520.557108 -- INFO: Gradient_Fast: -2.2999999999999945, Gredient_Fast Change: 0.004603068712474972, Theta: 6, Previous CC: 29, Choosen CC: 32
1664883520.557284 -- INFO: Changing concurrency to 32 ******
1664883520.557664 -- INFO: Process Status Bits from change concurrency are: 1 1 1 1 1 1 1 1 1 1 1 1 1 1 1 1 1 1 1 1 1 1 1 1 1 1 1 1 1 1 1 1
1664883520.557840 -- INFO: Active CC: 32
1664883520.559797 -- INFO: Start Process :: 29
1664883520.559909 -- INFO: Start Process :: 30
1664883520.560142 -- INFO: Start Process :: 31
1664883520.600540 -- INFO: Process 30 get item 29 from queue and executing
1664883520.600796 -- INFO: starting 30, 29, /users/jamilm/files_to_Send/FILE1
1664883520.601730 -- INFO: Process 29 get item 30 from queue and executing
1664883520.601810 -- INFO: Process 31 get item 31 from queue and executing
1664883520.602011 -- INFO: starting 29, 30, /users/jamilm/files_to_Send/FILE0
1664883520.602168 -- INFO: starting 31, 31, /users/jamilm/files_to_Send/FILE3
1664883521.157233 -- INFO: Throughput @23.1s:956.37Mbps, rtt :42.77ms cwnd: 172.9 lossRate: 0.00030686895468159275 CC:32 score:-505.0 
1664883522.158433 -- INFO: Throughput @24.1s:957.53Mbps, rtt :42.57ms cwnd: 169.0 lossRate: 0.0004661432777232581 CC:32 score:-504.0 
1664883523.158604 -- INFO: Throughput @25.1s:943.51Mbps, rtt :42.19ms cwnd: 158.6 lossRate: 0.0006014188575496478 CC:32 score:-495.0 
1664883523.759046 -- INFO: Gradient_Fast: 7.1111111111111045, Gredient_Fast Change: 0.013605442176870737, Theta: -1, Previous CC: 32, Choosen CC: 31
1664883523.759235 -- INFO: Changing concurrency to 31 ******
1664883523.759389 -- INFO: Process Status Bits from change concurrency are: 1 1 1 1 1 1 1 1 1 1 1 1 1 1 1 1 1 1 1 1 1 1 1 1 1 1 1 1 1 1 1 0
1664883523.759560 -- INFO: Active CC: 31
1664883524.158574 -- INFO: Throughput @26.1s:946.42Mbps, rtt :42.23ms cwnd: 156.3 lossRate: 0.00032263268269075657 CC:31 score:-509.0 
1664883525.161590 -- INFO: Throughput @27.1s:951.89Mbps, rtt :41.93ms cwnd: 158.9 lossRate: 0.0003437269825681316 CC:31 score:-512.0 
1664883526.161196 -- INFO: Throughput @28.1s:958.09Mbps, rtt :41.77ms cwnd: 160.7 lossRate: 0.0003441283106987034 CC:31 score:-515.0 
1664883526.960627 -- INFO: Gradient_Fast: 10.666666666666686, Gredient_Fast Change: 0.02127659574468089, Theta: -2, Previous CC: 31, Choosen CC: 29
1664883526.960813 -- INFO: Changing concurrency to 29 ******
1664883526.961023 -- INFO: Process Status Bits from change concurrency are: 1 1 1 1 1 1 1 1 1 1 1 1 1 1 1 1 1 1 1 1 1 1 1 1 1 1 1 1 1 0 0 0
1664883526.961287 -- INFO: Active CC: 29
1664883527.161991 -- INFO: Throughput @29.1s:948.18Mbps, rtt :40.28ms cwnd: 145.7 lossRate: 0.0005201470282266454 CC:29 score:-529.0 
1664883528.162579 -- INFO: Throughput @30.1s:943.59Mbps, rtt :40.02ms cwnd: 153.8 lossRate: 0.00016864117374256924 CC:29 score:-530.0 
1664883529.164417 -- INFO: Throughput @31.1s:936.8Mbps, rtt :40.51ms cwnd: 158.0 lossRate: 0.00015953660751540143 CC:29 score:-526.0 
1664883530.162458 -- INFO: Gradient_Fast: 8.166666666666686, Gredient_Fast Change: 0.01595052083333337, Theta: -3, Previous CC: 29, Choosen CC: 26
1664883530.162630 -- INFO: Changing concurrency to 26 ******
1664883530.162977 -- INFO: Process Status Bits from change concurrency are: 1 1 1 1 1 1 1 1 1 1 1 1 1 1 1 1 1 1 1 1 1 1 1 1 1 1 0 0 0 0 0 0
1664883530.163346 -- INFO: Active CC: 26
1664883530.163285 -- INFO: Throughput @32.1s:941.28Mbps, rtt :40.47ms cwnd: 147.0 lossRate: 0.00045495345949069806 CC:29 score:-526.0 
1664883531.164452 -- INFO: Throughput @33.1s:920.95Mbps, rtt :39.79ms cwnd: 159.4 lossRate: 0 CC:26 score:-550.0 
1664883532.165129 -- INFO: Throughput @34.1s:929.97Mbps, rtt :40.14ms cwnd: 168.5 lossRate: 0.00015970515970515972 CC:26 score:-554.0 
1664883533.166333 -- INFO: Throughput @35.1s:940.39Mbps, rtt :40.23ms cwnd: 173.5 lossRate: 0.00022106504224798584 CC:26 score:-560.0 
1664883533.364380 -- INFO: Gradient_Fast: 8.777777777777752, Gredient_Fast Change: 0.01661409043112508, Theta: -4, Previous CC: 26, Choosen CC: 22
1664883533.364535 -- INFO: Changing concurrency to 22 ******
1664883533.365105 -- INFO: Process Status Bits from change concurrency are: 1 1 1 1 1 1 1 1 1 1 1 1 1 1 1 1 1 1 1 1 1 1 0 0 0 0 0 0 0 0 0 0
1664883533.365664 -- INFO: Active CC: 22
1664883534.168807 -- INFO: Throughput @36.1s:881.39Mbps, rtt :39.3ms cwnd: 172.0 lossRate: 0 CC:22 score:-570.0 
1664883535.170290 -- INFO: Throughput @37.1s:867.12Mbps, rtt :39.36ms cwnd: 175.0 lossRate: 0.0002936661549756391 CC:22 score:-558.0 
1664883536.170787 -- INFO: Throughput @38.1s:869.77Mbps, rtt :39.54ms cwnd: 181.8 lossRate: 0.000171427064377456 CC:22 score:-561.0 
1664883536.566932 -- INFO: Gradient_Fast: 2.083333333333343, Gredient_Fast Change: 0.003756009615384633, Theta: -5, Previous CC: 22, Choosen CC: 17
1664883536.567086 -- INFO: Changing concurrency to 17 ******
1664883536.568312 -- INFO: Process Status Bits from change concurrency are: 1 1 1 1 1 1 1 1 1 1 1 1 1 1 1 1 1 0 0 0 0 0 0 0 0 0 0 0 0 0 0 0
1664883536.569410 -- INFO: Active CC: 17
1664883537.173238 -- INFO: Throughput @39.1s:809.4Mbps, rtt :39.22ms cwnd: 206.4 lossRate: 0 CC:17 score:-578.0 
1664883538.172467 -- INFO: Throughput @40.1s:697.6Mbps, rtt :39.03ms cwnd: 204.2 lossRate: 0.0003764628856698584 CC:17 score:-496.0 
1664883539.175399 -- INFO: Throughput @41.1s:684.63Mbps, rtt :39.14ms cwnd: 208.5 lossRate: 0.00016723526657301492 CC:17 score:-488.0 
1664883539.770767 -- INFO: Gradient_Fast: -8.466666666666674, Gredient_Fast Change: 0.01503848431024276, Theta: 1, Previous CC: 17, Choosen CC: 18
1664883539.770965 -- INFO: Changing concurrency to 18 ******
1664883539.772493 -- INFO: Start Process :: 17
1664883539.772693 -- INFO: Process Status Bits from change concurrency are: 1 1 1 1 1 1 1 1 1 1 1 1 1 1 1 1 1 1 0 0 0 0 0 0 0 0 0 0 0 0 0 0
1664883539.774838 -- INFO: Active CC: 18
1664883539.812309 -- INFO: Process 17 get item 31 from queue and executing
1664883539.812892 -- INFO: starting 17, 31, /users/jamilm/files_to_Send/FILE3
1664883540.173933 -- INFO: Throughput @42.1s:709.73Mbps, rtt :39.25ms cwnd: 210.7 lossRate: 3.29777235477435e-05 CC:18 score:-497.0 
1664883541.175355 -- INFO: Throughput @43.1s:743.01Mbps, rtt :39.29ms cwnd: 215.3 lossRate: 0.0004006101600899832 CC:18 score:-517.0 
1664883542.176429 -- INFO: Throughput @44.1s:760.13Mbps, rtt :39.43ms cwnd: 219.7 lossRate: 0.00019798662828772026 CC:18 score:-531.0 
1664883542.976156 -- INFO: Gradient_Fast: 5.666666666666629, Gredient_Fast Change: 0.010883482714468557, Theta: -1, Previous CC: 18, Choosen CC: 17
1664883542.976374 -- INFO: Changing concurrency to 17 ******
1664883542.978692 -- INFO: Process Status Bits from change concurrency are: 1 1 1 1 1 1 1 1 1 1 1 1 1 1 1 1 1 0 0 0 0 0 0 0 0 0 0 0 0 0 0 0
1664883542.980680 -- INFO: Active CC: 17
1664883543.177752 -- INFO: Throughput @45.1s:779.1Mbps, rtt :39.61ms cwnd: 228.6 lossRate: 8.876658825618038e-05 CC:17 score:-556.0 
1664883544.178438 -- INFO: Throughput @46.1s:760.51Mbps, rtt :39.45ms cwnd: 237.6 lossRate: 0.0001365770379854887 CC:17 score:-542.0 
1664883545.178819 -- INFO: Throughput @47.1s:755.29Mbps, rtt :39.37ms cwnd: 236.9 lossRate: 0.00024609705452587863 CC:17 score:-538.0 
1664883546.180907 -- INFO: Throughput @48.1s:758.97Mbps, rtt :39.33ms cwnd: 232.8 lossRate: 0.00035374275211861147 CC:17 score:-539.0 
1664883546.181987 -- INFO: Gradient_Fast: 24.66666666666663, Gredient_Fast Change: 0.04789644012944976, Theta: -2, Previous CC: 17, Choosen CC: 15
1664883546.182239 -- INFO: Changing concurrency to 15 ******
1664883546.184553 -- INFO: Process Status Bits from change concurrency are: 1 1 1 1 1 1 1 1 1 1 1 1 1 1 1 0 0 0 0 0 0 0 0 0 0 0 0 0 0 0 0 0
1664883546.187088 -- INFO: Active CC: 15
1664883547.185953 -- INFO: Throughput @49.1s:671.18Mbps, rtt :39.08ms cwnd: 233.2 lossRate: 0 CC:15 score:-499.0 
1664883548.185487 -- INFO: Throughput @50.1s:708.39Mbps, rtt :39.19ms cwnd: 231.4 lossRate: 0.0002835932938526983 CC:15 score:-524.0 
1664883549.186260 -- INFO: Throughput @51.1s:682.3Mbps, rtt :39.12ms cwnd: 220.0 lossRate: 0.0005266197805184657 CC:15 score:-503.0 
1664883549.388204 -- INFO: Gradient_Fast: -15.499999999999972, Gredient_Fast Change: 0.028721432983322987, Theta: 1, Previous CC: 15, Choosen CC: 16
1664883549.388341 -- INFO: Changing concurrency to 16 ******
1664883549.391197 -- INFO: Start Process :: 15
1664883549.391583 -- INFO: Process Status Bits from change concurrency are: 1 1 1 1 1 1 1 1 1 1 1 1 1 1 1 1 0 0 0 0 0 0 0 0 0 0 0 0 0 0 0 0
1664883549.394177 -- INFO: Active CC: 16
1664883549.430906 -- INFO: Process 15 get item 29 from queue and executing
1664883549.431547 -- INFO: starting 15, 29, /users/jamilm/files_to_Send/FILE1
1664883550.184126 -- INFO: Throughput @52.1s:725.43Mbps, rtt :39.29ms cwnd: 232.5 lossRate: 0.0 CC:16 score:-528.0 
1664883551.186092 -- INFO: Throughput @53.1s:734.62Mbps, rtt :39.18ms cwnd: 247.7 lossRate: 0.00015494027052571235 CC:16 score:-534.0 
1664883552.187982 -- INFO: Throughput @54.1s:729.86Mbps, rtt :39.35ms cwnd: 239.8 lossRate: 0.0004281636536631779 CC:16 score:-529.0 
1664883552.595224 -- INFO: Gradient_Fast: -21.666666666666686, Gredient_Fast Change: 0.042595019659239876, Theta: 2, Previous CC: 16, Choosen CC: 18
1664883552.595402 -- INFO: Changing concurrency to 18 ******
1664883552.597232 -- INFO: Process Status Bits from change concurrency are: 1 1 1 1 1 1 1 1 1 1 1 1 1 1 1 1 1 1 0 0 0 0 0 0 0 0 0 0 0 0 0 0
1664883552.597249 -- INFO: Start Process :: 17
1664883552.597196 -- INFO: Start Process :: 16
1664883552.599131 -- INFO: Active CC: 18
1664883552.636912 -- INFO: Process 17 get item 30 from queue and executing
1664883552.637013 -- INFO: Process 16 get item 22 from queue and executing
1664883552.637345 -- INFO: starting 17, 30, /users/jamilm/files_to_Send/FILE0
1664883552.637540 -- INFO: starting 16, 22, /users/jamilm/files_to_Send/FILE0
1664883553.186478 -- INFO: Throughput @55.1s:769.69Mbps, rtt :39.52ms cwnd: 234.8 lossRate: 0.00021465149796081077 CC:18 score:-537.0 
1664883554.187172 -- INFO: Throughput @56.1s:825.37Mbps, rtt :39.23ms cwnd: 264.8 lossRate: 0.0001251808167352843 CC:18 score:-577.0 
1664883555.188877 -- INFO: Throughput @57.1s:829.83Mbps, rtt :39.54ms cwnd: 252.2 lossRate: 0.0006286408784208541 CC:18 score:-576.0 
1664883555.800095 -- INFO: Gradient_Fast: -16.5, Gredient_Fast Change: 0.0311125078566939, Theta: 3, Previous CC: 18, Choosen CC: 21
1664883555.800282 -- INFO: Changing concurrency to 21 ******
1664883555.802169 -- INFO: Process Status Bits from change concurrency are: 1 1 1 1 1 1 1 1 1 1 1 1 1 1 1 1 1 1 1 1 1 0 0 0 0 0 0 0 0 0 0 0
1664883555.802209 -- INFO: Start Process :: 20
1664883555.802302 -- INFO: Start Process :: 18
1664883555.802534 -- INFO: Start Process :: 19
1664883555.803823 -- INFO: Active CC: 21
1664883555.842307 -- INFO: Process 20 get item 19 from queue and executing
1664883555.842377 -- INFO: Process 19 get item 26 from queue and executing
1664883555.842867 -- INFO: starting 19, 26, /users/jamilm/files_to_Send/FILE0
1664883555.842877 -- INFO: starting 20, 19, /users/jamilm/files_to_Send/FILE3
1664883555.843122 -- INFO: Process 18 get item 20 from queue and executing
1664883555.843729 -- INFO: starting 18, 20, /users/jamilm/files_to_Send/FILE2
1664883556.189228 -- INFO: Throughput @58.1s:868.54Mbps, rtt :39.6ms cwnd: 232.7 lossRate: 0.0003558475330185451 CC:21 score:-570.0 
1664883557.191489 -- INFO: Throughput @59.1s:931.62Mbps, rtt :40.34ms cwnd: 251.8 lossRate: 0.00028350610770766824 CC:21 score:-612.0 
1664883558.191551 -- INFO: Throughput @60.1s:934.83Mbps, rtt :39.81ms cwnd: 253.8 lossRate: 0.0004666412879299547 CC:21 score:-612.0 
1664883559.004969 -- INFO: Gradient_Fast: -11.555555555555543, Gredient_Fast Change: 0.02051282051282049, Theta: 4, Previous CC: 21, Choosen CC: 25
1664883559.005162 -- INFO: Changing concurrency to 25 ******
1664883559.006616 -- INFO: Process Status Bits from change concurrency are: 1 1 1 1 1 1 1 1 1 1 1 1 1 1 1 1 1 1 1 1 1 1 1 1 1 0 0 0 0 0 0 0
1664883559.007165 -- INFO: Start Process :: 24
1664883559.007417 -- INFO: Active CC: 25
1664883559.007210 -- INFO: Start Process :: 21
1664883559.007566 -- INFO: Start Process :: 23
1664883559.007649 -- INFO: Start Process :: 22
1664883559.048316 -- INFO: Process 22 get item 24 from queue and executing
1664883559.048439 -- INFO: Process 23 get item 27 from queue and executing
1664883559.048731 -- INFO: Process 21 get item 21 from queue and executing
1664883559.048801 -- INFO: starting 22, 24, /users/jamilm/files_to_Send/FILE2
1664883559.049025 -- INFO: Process 24 get item 17 from queue and executing
1664883559.049181 -- INFO: starting 21, 21, /users/jamilm/files_to_Send/FILE1
1664883559.049093 -- INFO: starting 23, 27, /users/jamilm/files_to_Send/FILE3
1664883559.049415 -- INFO: starting 24, 17, /users/jamilm/files_to_Send/FILE1
1664883559.192245 -- INFO: Throughput @61.1s:962.02Mbps, rtt :40.41ms cwnd: 231.3 lossRate: 8.602044828942195e-05 CC:25 score:-586.0 
1664883560.193137 -- INFO: Throughput @62.1s:988.13Mbps, rtt :41.7ms cwnd: 238.6 lossRate: 0.0003068199948454241 CC:25 score:-599.0 
1664883561.193294 -- INFO: Throughput @63.1s:936.7Mbps, rtt :41.82ms cwnd: 238.7 lossRate: 0.00023336936228751106 CC:25 score:-569.0 
1664883562.194570 -- INFO: Throughput @64.1s:932.78Mbps, rtt :41.2ms cwnd: 233.6 lossRate: 0.00028246506030014983 CC:25 score:-566.0 
1664883562.208304 -- INFO: Gradient_Fast: 5.0, Gredient_Fast Change: 0.008361204013377926, Theta: -1, Previous CC: 25, Choosen CC: 24
1664883562.208436 -- INFO: Changing concurrency to 24 ******
1664883562.209106 -- INFO: Process Status Bits from change concurrency are: 1 1 1 1 1 1 1 1 1 1 1 1 1 1 1 1 1 1 1 1 1 1 1 1 0 0 0 0 0 0 0 0
1664883562.209800 -- INFO: Active CC: 24
1664883563.196916 -- INFO: Throughput @65.1s:948.32Mbps, rtt :41.0ms cwnd: 226.3 lossRate: 0.0005118177403902938 CC:24 score:-585.0 
1664883564.197554 -- INFO: Throughput @66.1s:940.17Mbps, rtt :40.53ms cwnd: 223.8 lossRate: 0.0003435161329898172 CC:24 score:-581.0 
1664883565.196180 -- INFO: Throughput @67.1s:939.36Mbps, rtt :40.53ms cwnd: 223.1 lossRate: 0.0001475778780760764 CC:24 score:-583.0 
1664883565.410802 -- INFO: Gradient_Fast: 5.0, Gredient_Fast Change: 0.00865051903114187, Theta: -2, Previous CC: 24, Choosen CC: 22
1664883565.410965 -- INFO: Changing concurrency to 22 ******
1664883565.411769 -- INFO: Process Status Bits from change concurrency are: 1 1 1 1 1 1 1 1 1 1 1 1 1 1 1 1 1 1 1 1 1 1 0 0 0 0 0 0 0 0 0 0
1664883565.412568 -- INFO: Active CC: 22
1664883566.199913 -- INFO: Throughput @68.1s:907.73Mbps, rtt :39.83ms cwnd: 231.9 lossRate: 5.614823133071308e-05 CC:22 score:-587.0 
1664883567.200042 -- INFO: Throughput @69.1s:928.17Mbps, rtt :39.61ms cwnd: 220.9 lossRate: 0.0005226090635343304 CC:22 score:-596.0 
1664883568.201602 -- INFO: Throughput @70.1s:901.42Mbps, rtt :39.85ms cwnd: 216.7 lossRate: 0.0003997988109209559 CC:22 score:-579.0 
1664883568.616301 -- INFO: Gradient_Fast: 2.1666666666666856, Gredient_Fast Change: 0.003716409376786768, Theta: -3, Previous CC: 22, Choosen CC: 19
1664883568.616505 -- INFO: Changing concurrency to 19 ******
1664883568.617539 -- INFO: Process Status Bits from change concurrency are: 1 1 1 1 1 1 1 1 1 1 1 1 1 1 1 1 1 1 1 0 0 0 0 0 0 0 0 0 0 0 0 0
1664883568.618742 -- INFO: Active CC: 19
1664883569.202696 -- INFO: Throughput @71.1s:864.02Mbps, rtt :39.47ms cwnd: 212.3 lossRate: 0 CC:19 score:-593.0 
1664883570.204678 -- INFO: Throughput @72.1s:810.08Mbps, rtt :39.74ms cwnd: 222.4 lossRate: 0.0 CC:19 score:-556.0 
1664883571.204629 -- INFO: Throughput @73.1s:831.49Mbps, rtt :39.62ms cwnd: 224.1 lossRate: 0.00019469321911331147 CC:19 score:-569.0 
1664883571.819882 -- INFO: Gradient_Fast: -4.888888888888914, Gredient_Fast Change: 0.008323874385168411, Theta: 1, Previous CC: 19, Choosen CC: 20
1664883571.820040 -- INFO: Changing concurrency to 20 ******
1664883571.821655 -- INFO: Process Status Bits from change concurrency are: 1 1 1 1 1 1 1 1 1 1 1 1 1 1 1 1 1 1 1 1 0 0 0 0 0 0 0 0 0 0 0 0
1664883571.821681 -- INFO: Start Process :: 19
1664883571.822801 -- INFO: Active CC: 20
1664883571.861207 -- INFO: Process 19 get item 18 from queue and executing
1664883571.861684 -- INFO: starting 19, 18, /users/jamilm/files_to_Send/FILE0
1664883572.206880 -- INFO: Throughput @74.1s:844.29Mbps, rtt :39.69ms cwnd: 217.4 lossRate: 0.00027410402247652986 CC:20 score:-566.0 
1664883573.207994 -- INFO: Throughput @75.1s:875.21Mbps, rtt :40.23ms cwnd: 218.5 lossRate: 0.00033116530447338093 CC:20 score:-586.0 
1664883574.207803 -- INFO: Throughput @76.1s:864.65Mbps, rtt :39.41ms cwnd: 202.7 lossRate: 0.0007262359459895637 CC:20 score:-576.0 
1664883575.024012 -- INFO: Gradient_Fast: -3.3333333333333712, Gredient_Fast Change: 0.005820721769499484, Theta: 2, Previous CC: 20, Choosen CC: 22
1664883575.024200 -- INFO: Changing concurrency to 22 ******
1664883575.025915 -- INFO: Process Status Bits from change concurrency are: 1 1 1 1 1 1 1 1 1 1 1 1 1 1 1 1 1 1 1 1 1 1 0 0 0 0 0 0 0 0 0 0
1664883575.026291 -- INFO: Start Process :: 20
1664883575.027544 -- INFO: Active CC: 22
1664883575.027238 -- INFO: Start Process :: 21
1664883575.065815 -- INFO: Process 20 get item 28 from queue and executing
1664883575.066211 -- INFO: starting 20, 28, /users/jamilm/files_to_Send/FILE2
1664883575.067212 -- INFO: Process 21 get item 25 from queue and executing
1664883575.067697 -- INFO: starting 21, 25, /users/jamilm/files_to_Send/FILE1
1664883575.207676 -- INFO: Throughput @77.1s:839.3Mbps, rtt :39.43ms cwnd: 182.5 lossRate: 0.0004920567974131871 CC:22 score:-539.0 
1664883576.210591 -- INFO: Throughput @78.1s:896.21Mbps, rtt :40.3ms cwnd: 202.9 lossRate: 0.00015732134195104683 CC:22 score:-578.0 
1664883577.211262 -- INFO: Throughput @79.1s:905.27Mbps, rtt :39.86ms cwnd: 208.5 lossRate: 0.00029266554690283503 CC:22 score:-583.0 
1664883578.211237 -- INFO: Throughput @80.1s:924.04Mbps, rtt :40.31ms cwnd: 208.5 lossRate: 0.0001625914576949534 CC:22 score:-596.0 
1664883578.228447 -- INFO: Gradient_Fast: -4.833333333333314, Gredient_Fast Change: 0.008391203703703672, Theta: 3, Previous CC: 22, Choosen CC: 25
1664883578.228585 -- INFO: Changing concurrency to 25 ******
1664883578.229472 -- INFO: Process Status Bits from change concurrency are: 1 1 1 1 1 1 1 1 1 1 1 1 1 1 1 1 1 1 1 1 1 1 1 1 1 0 0 0 0 0 0 0
1664883578.229611 -- INFO: Start Process :: 22
1664883578.229947 -- INFO: Start Process :: 24
1664883578.230085 -- INFO: Start Process :: 23
1664883578.230345 -- INFO: Active CC: 25
1664883578.268835 -- INFO: Process 22 get item 23 from queue and executing
1664883578.269265 -- INFO: starting 22, 23, /users/jamilm/files_to_Send/FILE3
1664883578.269354 -- INFO: Process 24 get item 31 from queue and executing
1664883578.269442 -- INFO: Process 23 get item 15 from queue and executing
1664883578.269671 -- INFO: starting 24, 31, /users/jamilm/files_to_Send/FILE3
1664883578.269783 -- INFO: starting 23, 15, /users/jamilm/files_to_Send/FILE3
1664883579.214320 -- INFO: Throughput @81.1s:987.3Mbps, rtt :40.5ms cwnd: 187.5 lossRate: 0.0006521471637750707 CC:25 score:-595.0 
1664883580.213089 -- INFO: Throughput @82.1s:935.49Mbps, rtt :40.69ms cwnd: 182.8 lossRate: 0.0004672322636173614 CC:25 score:-566.0 
1664883581.215654 -- INFO: Throughput @83.1s:957.32Mbps, rtt :40.93ms cwnd: 181.6 lossRate: 0.0001718191971134375 CC:25 score:-582.0 
1664883581.431346 -- INFO: Gradient_Fast: 1.555555555555543, Gredient_Fast Change: 0.0026560424966799254, Theta: -1, Previous CC: 25, Choosen CC: 24
1664883581.431521 -- INFO: Changing concurrency to 24 ******
1664883581.432130 -- INFO: Process Status Bits from change concurrency are: 1 1 1 1 1 1 1 1 1 1 1 1 1 1 1 1 1 1 1 1 1 1 1 1 0 0 0 0 0 0 0 0
1664883581.432878 -- INFO: Active CC: 24
1664883582.215571 -- INFO: Throughput @84.1s:922.34Mbps, rtt :40.37ms cwnd: 181.9 lossRate: 0.00015979081929110982 CC:24 score:-572.0 
1664883583.214104 -- INFO: Throughput @85.1s:929.83Mbps, rtt :40.06ms cwnd: 178.3 lossRate: 0.00030762794246126966 CC:24 score:-575.0 
1664883584.217535 -- INFO: Throughput @86.1s:937.32Mbps, rtt :40.07ms cwnd: 189.2 lossRate: 0.00014808964359759109 CC:24 score:-581.0 
1664883584.634036 -- INFO: Gradient_Fast: -5.0, Gredient_Fast Change: 0.008605851979345954, Theta: 1, Previous CC: 24, Choosen CC: 25
1664883584.634238 -- INFO: Changing concurrency to 25 ******
1664883584.635231 -- INFO: Process Status Bits from change concurrency are: 1 1 1 1 1 1 1 1 1 1 1 1 1 1 1 1 1 1 1 1 1 1 1 1 1 0 0 0 0 0 0 0
1664883584.635780 -- INFO: Start Process :: 24
1664883584.636100 -- INFO: Active CC: 25
1664883584.675696 -- INFO: Process 24 get item 16 from queue and executing
1664883584.676056 -- INFO: starting 24, 16, /users/jamilm/files_to_Send/FILE2
1664883585.218255 -- INFO: Throughput @87.1s:965.32Mbps, rtt :40.58ms cwnd: 183.4 lossRate: 0.00041765450145564876 CC:25 score:-584.0 
1664883586.218907 -- INFO: Throughput @88.1s:926.63Mbps, rtt :40.92ms cwnd: 184.3 lossRate: 0.0002458149996312775 CC:25 score:-563.0 
1664883587.219677 -- INFO: Throughput @89.1s:953.48Mbps, rtt :40.97ms cwnd: 187.3 lossRate: 0.0003316016359014038 CC:25 score:-578.0 
1664883587.837259 -- INFO: Gradient_Fast: 1.0, Gredient_Fast Change: 0.001736111111111111, Theta: -1, Previous CC: 25, Choosen CC: 24
1664883587.837469 -- INFO: Changing concurrency to 24 ******
1664883587.838208 -- INFO: Process Status Bits from change concurrency are: 1 1 1 1 1 1 1 1 1 1 1 1 1 1 1 1 1 1 1 1 1 1 1 1 0 0 0 0 0 0 0 0
1664883587.839456 -- INFO: Active CC: 24
1664883588.224441 -- INFO: Throughput @90.1s:937.41Mbps, rtt :41.26ms cwnd: 191.5 lossRate: 0.00029442072721919626 CC:24 score:-580.0 
1664883589.227684 -- INFO: Throughput @91.1s:921.49Mbps, rtt :41.15ms cwnd: 199.8 lossRate: 0.00031271669227317844 CC:24 score:-570.0 
1664883590.222245 -- INFO: Throughput @92.1s:946.48Mbps, rtt :41.15ms cwnd: 207.6 lossRate: 0.00016077965766300584 CC:24 score:-587.0 
1664883591.040688 -- INFO: Gradient_Fast: 4.0, Gredient_Fast Change: 0.006956521739130435, Theta: -2, Previous CC: 24, Choosen CC: 22
1664883591.040912 -- INFO: Changing concurrency to 22 ******
1664883591.042036 -- INFO: Process Status Bits from change concurrency are: 1 1 1 1 1 1 1 1 1 1 1 1 1 1 1 1 1 1 1 1 1 1 0 0 0 0 0 0 0 0 0 0
1664883591.043021 -- INFO: Active CC: 22
1664883591.224673 -- INFO: Throughput @93.1s:943.9Mbps, rtt :41.35ms cwnd: 203.3 lossRate: 0.0004050670201797025 CC:22 score:-607.0 
1664883592.225380 -- INFO: Throughput @94.1s:891.11Mbps, rtt :40.82ms cwnd: 216.2 lossRate: 0 CC:22 score:-576.0 
1664883593.226060 -- INFO: Throughput @95.1s:909.68Mbps, rtt :40.77ms cwnd: 219.3 lossRate: 0.0002782978292769316 CC:22 score:-586.0 
1664883594.227456 -- INFO: Throughput @96.1s:904.85Mbps, rtt :40.83ms cwnd: 222.2 lossRate: 0.00024016887664168068 CC:22 score:-583.0 
1664883594.244122 -- INFO: Gradient_Fast: 1.3333333333333144, Gredient_Fast Change: 0.002302820955670664, Theta: -3, Previous CC: 22, Choosen CC: 19
1664883594.244321 -- INFO: Changing concurrency to 19 ******
1664883594.245771 -- INFO: Process Status Bits from change concurrency are: 1 1 1 1 1 1 1 1 1 1 1 1 1 1 1 1 1 1 1 0 0 0 0 0 0 0 0 0 0 0 0 0
1664883594.247411 -- INFO: Active CC: 19
1664883595.231637 -- INFO: Throughput @97.1s:810.76Mbps, rtt :39.73ms cwnd: 218.2 lossRate: 0 CC:19 score:-557.0 
1664883596.231140 -- INFO: Throughput @98.1s:835.31Mbps, rtt :40.21ms cwnd: 216.3 lossRate: 0.00028308563340410475 CC:19 score:-571.0 
1664883597.232377 -- INFO: Throughput @99.1s:843.98Mbps, rtt :40.53ms cwnd: 219.5 lossRate: 0.0001238083446824316 CC:19 score:-578.0 
1664883597.448527 -- INFO: Gradient_Fast: -4.333333333333333, Gredient_Fast Change: 0.007449856733524355, Theta: 1, Previous CC: 19, Choosen CC: 20
1664883597.448701 -- INFO: Changing concurrency to 20 ******
1664883597.450508 -- INFO: Process Status Bits from change concurrency are: 1 1 1 1 1 1 1 1 1 1 1 1 1 1 1 1 1 1 1 1 0 0 0 0 0 0 0 0 0 0 0 0
1664883597.450631 -- INFO: Start Process :: 19
1664883597.452527 -- INFO: Active CC: 20
1664883597.491324 -- INFO: Process 19 get item 17 from queue and executing
1664883597.491964 -- INFO: starting 19, 17, /users/jamilm/files_to_Send/FILE1
1664883598.231797 -- INFO: Throughput @100.1s:854.48Mbps, rtt :40.24ms cwnd: 219.6 lossRate: 0.00010684759526130915 CC:20 score:-574.0 
1664883599.232914 -- INFO: Throughput @101.2s:773.42Mbps, rtt :40.39ms cwnd: 217.2 lossRate: 0.000697092713330873 CC:20 score:-515.0 
1664883600.234364 -- INFO: Throughput @102.2s:854.66Mbps, rtt :40.73ms cwnd: 229.0 lossRate: 6.793293660498357e-05 CC:20 score:-575.0 
1664883600.653650 -- INFO: Gradient_Fast: 14.0, Gredient_Fast Change: 0.024618991793669404, Theta: -1, Previous CC: 20, Choosen CC: 19
1664883600.653834 -- INFO: Changing concurrency to 19 ******
1664883600.655524 -- INFO: Process Status Bits from change concurrency are: 1 1 1 1 1 1 1 1 1 1 1 1 1 1 1 1 1 1 1 0 0 0 0 0 0 0 0 0 0 0 0 0
1664883600.657203 -- INFO: Active CC: 19
1664883601.235371 -- INFO: Throughput @103.2s:866.32Mbps, rtt :40.63ms cwnd: 225.9 lossRate: 0.00020728693295064975 CC:19 score:-593.0 
1664883602.235290 -- INFO: Throughput @104.2s:839.91Mbps, rtt :39.41ms cwnd: 232.4 lossRate: 0.0001509433962264151 CC:19 score:-575.0 
1664883603.238549 -- INFO: Throughput @105.2s:839.15Mbps, rtt :39.46ms cwnd: 230.1 lossRate: 0.00038471579120924416 CC:19 score:-573.0 
1664883603.858248 -- INFO: Gradient_Fast: 25.666666666666742, Gredient_Fast Change: 0.0462740384615386, Theta: -2, Previous CC: 19, Choosen CC: 17
1664883603.858419 -- INFO: Changing concurrency to 17 ******
1664883603.859621 -- INFO: Process Status Bits from change concurrency are: 1 1 1 1 1 1 1 1 1 1 1 1 1 1 1 1 1 0 0 0 0 0 0 0 0 0 0 0 0 0 0 0
1664883603.861401 -- INFO: Active CC: 17
1664883604.239220 -- INFO: Throughput @106.2s:834.33Mbps, rtt :39.24ms cwnd: 225.3 lossRate: 0 CC:17 score:-596.0 
1664883605.239176 -- INFO: Throughput @107.2s:781.32Mbps, rtt :39.17ms cwnd: 217.9 lossRate: 0.0004570047027258119 CC:17 score:-554.0 
1664883606.239941 -- INFO: Throughput @108.2s:775.38Mbps, rtt :39.31ms cwnd: 216.9 lossRate: 0.00020496603420004685 CC:17 score:-552.0 
1664883607.062730 -- INFO: Gradient_Fast: -6.5, Gredient_Fast Change: 0.011200459506031015, Theta: 1, Previous CC: 17, Choosen CC: 18
1664883607.062925 -- INFO: Changing concurrency to 18 ******
1664883607.064533 -- INFO: Start Process :: 17
1664883607.064893 -- INFO: Process Status Bits from change concurrency are: 1 1 1 1 1 1 1 1 1 1 1 1 1 1 1 1 1 1 0 0 0 0 0 0 0 0 0 0 0 0 0 0
1664883607.066163 -- INFO: Active CC: 18
1664883607.104113 -- INFO: Process 17 get item 24 from queue and executing
1664883607.104682 -- INFO: starting 17, 24, /users/jamilm/files_to_Send/FILE2
1664883607.241781 -- INFO: Throughput @109.2s:783.9Mbps, rtt :39.15ms cwnd: 205.6 lossRate: 0.0003227746885957834 CC:18 score:-546.0 
1664883608.241894 -- INFO: Throughput @110.2s:830.81Mbps, rtt :39.46ms cwnd: 228.0 lossRate: 0.00017942171002691324 CC:18 score:-580.0 
1664883609.242808 -- INFO: Throughput @111.2s:836.04Mbps, rtt :39.48ms cwnd: 239.4 lossRate: 0.0 CC:18 score:-585.0 
1664883610.243252 -- INFO: Throughput @112.2s:843.21Mbps, rtt :39.21ms cwnd: 221.7 lossRate: 0.0008791088034505021 CC:18 score:-583.0 
1664883610.267303 -- INFO: Gradient_Fast: -15.333333333333258, Gredient_Fast Change: 0.027027027027026893, Theta: 2, Previous CC: 18, Choosen CC: 20
1664883610.267488 -- INFO: Changing concurrency to 20 ******
1664883610.268330 -- INFO: Process Status Bits from change concurrency are: 1 1 1 1 1 1 1 1 1 1 1 1 1 1 1 1 1 1 1 1 0 0 0 0 0 0 0 0 0 0 0 0
1664883610.268588 -- INFO: Start Process :: 18
1664883610.268770 -- INFO: Start Process :: 19
1664883610.270421 -- INFO: Active CC: 20
1664883610.308273 -- INFO: Process 18 get item 27 from queue and executing
1664883610.308706 -- INFO: starting 18, 27, /users/jamilm/files_to_Send/FILE3
1664883610.309534 -- INFO: Process 19 get item 26 from queue and executing
1664883610.309954 -- INFO: starting 19, 26, /users/jamilm/files_to_Send/FILE0
1664883611.245537 -- INFO: Throughput @113.2s:919.98Mbps, rtt :39.8ms cwnd: 249.5 lossRate: 6.340028403327247e-05 CC:20 score:-619.0 
1664883612.245712 -- INFO: Throughput @114.2s:920.86Mbps, rtt :39.87ms cwnd: 252.1 lossRate: 0.00018786633936175543 CC:20 score:-618.0 
1664883613.247408 -- INFO: Throughput @115.2s:925.92Mbps, rtt :39.76ms cwnd: 258.0 lossRate: 0.00011240866795728471 CC:20 score:-622.0 
1664883613.471634 -- INFO: Gradient_Fast: -18.5, Gredient_Fast Change: 0.031750572082379865, Theta: 3, Previous CC: 20, Choosen CC: 23
1664883613.471842 -- INFO: Changing concurrency to 23 ******
1664883613.473337 -- INFO: Process Status Bits from change concurrency are: 1 1 1 1 1 1 1 1 1 1 1 1 1 1 1 1 1 1 1 1 1 1 1 0 0 0 0 0 0 0 0 0
1664883613.473747 -- INFO: Start Process :: 20
1664883613.473983 -- INFO: Start Process :: 21
1664883613.473970 -- INFO: Start Process :: 22
1664883613.474887 -- INFO: Active CC: 23
1664883613.513912 -- INFO: Process 21 get item 19 from queue and executing
1664883613.514052 -- INFO: Process 22 get item 21 from queue and executing
1664883613.514276 -- INFO: starting 21, 19, /users/jamilm/files_to_Send/FILE3
1664883613.514452 -- INFO: starting 22, 21, /users/jamilm/files_to_Send/FILE1
1664883613.515065 -- INFO: Process 20 get item 31 from queue and executing
1664883613.515466 -- INFO: starting 20, 31, /users/jamilm/files_to_Send/FILE3
1664883614.247813 -- INFO: Throughput @116.2s:989.43Mbps, rtt :42.47ms cwnd: 260.0 lossRate: 0.0002361744707827319 CC:23 score:-625.0 
1664883615.248974 -- INFO: Throughput @117.2s:944.1Mbps, rtt :41.82ms cwnd: 254.8 lossRate: 0.0002210596124088129 CC:23 score:-597.0 
1664883616.249609 -- INFO: Throughput @118.2s:940.94Mbps, rtt :41.86ms cwnd: 251.1 lossRate: 0.00023356731041095555 CC:23 score:-595.0 
1664883616.676202 -- INFO: Gradient_Fast: 4.666666666666667, Gredient_Fast Change: 0.007530930607853686, Theta: -1, Previous CC: 23, Choosen CC: 22
1664883616.676451 -- INFO: Changing concurrency to 22 ******
1664883616.677619 -- INFO: Process Status Bits from change concurrency are: 1 1 1 1 1 1 1 1 1 1 1 1 1 1 1 1 1 1 1 1 1 1 0 0 0 0 0 0 0 0 0 0
1664883616.678773 -- INFO: Active CC: 22
1664883617.251291 -- INFO: Throughput @119.2s:919.68Mbps, rtt :39.6ms cwnd: 254.9 lossRate: 0.00040164824539220206 CC:22 score:-591.0 
1664883618.251733 -- INFO: Throughput @120.2s:925.26Mbps, rtt :39.73ms cwnd: 218.0 lossRate: 0.0008194447946345276 CC:22 score:-591.0 
1664883619.253142 -- INFO: Throughput @121.2s:939.98Mbps, rtt :40.47ms cwnd: 235.1 lossRate: 0.00017294412669392596 CC:22 score:-606.0 
1664883619.880013 -- INFO: Gradient_Fast: -9.666666666666629, Gredient_Fast Change: 0.015960374243258055, Theta: 1, Previous CC: 22, Choosen CC: 23
1664883619.880229 -- INFO: Changing concurrency to 23 ******
1664883619.881591 -- INFO: Start Process :: 22
1664883619.881654 -- INFO: Process Status Bits from change concurrency are: 1 1 1 1 1 1 1 1 1 1 1 1 1 1 1 1 1 1 1 1 1 1 1 0 0 0 0 0 0 0 0 0
1664883619.882696 -- INFO: Active CC: 23
1664883619.922023 -- INFO: Process 22 get item 16 from queue and executing
1664883619.922299 -- INFO: starting 22, 16, /users/jamilm/files_to_Send/FILE2
1664883620.253743 -- INFO: Throughput @122.2s:950.09Mbps, rtt :41.22ms cwnd: 236.2 lossRate: 0.0003194691896541132 CC:23 score:-599.0 
1664883621.255320 -- INFO: Throughput @123.2s:954.17Mbps, rtt :41.38ms cwnd: 232.3 lossRate: 0.00039296591020728953 CC:23 score:-601.0 
1664883622.255911 -- INFO: Throughput @124.2s:940.35Mbps, rtt :41.19ms cwnd: 228.7 lossRate: 0.0003564799449299947 CC:23 score:-593.0 
1664883623.083736 -- INFO: Gradient_Fast: -1.6666666666666288, Gredient_Fast Change: 0.0027964205816554174, Theta: 2, Previous CC: 23, Choosen CC: 25
1664883623.083904 -- INFO: Changing concurrency to 25 ******
1664883623.084615 -- INFO: Process Status Bits from change concurrency are: 1 1 1 1 1 1 1 1 1 1 1 1 1 1 1 1 1 1 1 1 1 1 1 1 1 0 0 0 0 0 0 0
1664883623.085229 -- INFO: Start Process :: 24
1664883623.085491 -- INFO: Active CC: 25
1664883623.085279 -- INFO: Start Process :: 23
1664883623.127305 -- INFO: Process 23 get item 15 from queue and executing
1664883623.127795 -- INFO: starting 23, 15, /users/jamilm/files_to_Send/FILE3
1664883623.127909 -- INFO: Process 24 get item 23 from queue and executing
1664883623.128220 -- INFO: starting 24, 23, /users/jamilm/files_to_Send/FILE3
1664883623.255863 -- INFO: Throughput @125.2s:948.79Mbps, rtt :41.15ms cwnd: 212.8 lossRate: 0.00029493087557603686 CC:25 score:-576.0 
1664883624.258077 -- INFO: Throughput @126.2s:965.41Mbps, rtt :41.88ms cwnd: 220.2 lossRate: 0.0003555795333325159 CC:25 score:-585.0 
1664883625.258893 -- INFO: Throughput @127.2s:960.98Mbps, rtt :41.68ms cwnd: 213.5 lossRate: 0.00020886573619028896 CC:25 score:-584.0 
1664883626.258902 -- INFO: Throughput @128.2s:934.69Mbps, rtt :41.47ms cwnd: 213.8 lossRate: 0.000233590282644242 CC:25 score:-568.0 
1664883626.286724 -- INFO: Gradient_Fast: 9.333333333333314, Gredient_Fast Change: 0.01561628555493583, Theta: -1, Previous CC: 25, Choosen CC: 24
1664883626.286969 -- INFO: Changing concurrency to 24 ******
1664883626.287800 -- INFO: Process Status Bits from change concurrency are: 1 1 1 1 1 1 1 1 1 1 1 1 1 1 1 1 1 1 1 1 1 1 1 1 0 0 0 0 0 0 0 0
1664883626.288710 -- INFO: Active CC: 24
1664883627.259997 -- INFO: Throughput @129.2s:929.69Mbps, rtt :40.43ms cwnd: 209.6 lossRate: 0.0004588853526755977 CC:24 score:-574.0 
1664883628.259165 -- INFO: Throughput @130.2s:940.69Mbps, rtt :40.65ms cwnd: 212.7 lossRate: 0.00017195214817362255 CC:24 score:-583.0 
1664883629.262471 -- INFO: Throughput @131.2s:948.91Mbps, rtt :40.39ms cwnd: 214.2 lossRate: 0.00011047824806049297 CC:24 score:-589.0 
1664883629.489831 -- INFO: Gradient_Fast: 3.0, Gredient_Fast Change: 0.0051813471502590676, Theta: -2, Previous CC: 24, Choosen CC: 22
1664883629.490001 -- INFO: Changing concurrency to 22 ******
1664883629.490684 -- INFO: Process Status Bits from change concurrency are: 1 1 1 1 1 1 1 1 1 1 1 1 1 1 1 1 1 1 1 1 1 1 0 0 0 0 0 0 0 0 0 0
1664883629.491763 -- INFO: Active CC: 22
1664883630.264679 -- INFO: Throughput @132.2s:875.82Mbps, rtt :39.62ms cwnd: 201.9 lossRate: 0 CC:22 score:-567.0 
1664883631.264198 -- INFO: Throughput @133.2s:854.34Mbps, rtt :39.67ms cwnd: 202.5 lossRate: 0.00026822595354326483 CC:22 score:-550.0 
1664883632.265432 -- INFO: Throughput @134.2s:879.89Mbps, rtt :39.64ms cwnd: 207.5 lossRate: 0.0001565843728795866 CC:22 score:-568.0 
1664883632.692888 -- INFO: Gradient_Fast: -10.166666666666686, Gredient_Fast Change: 0.017468499427262345, Theta: 1, Previous CC: 22, Choosen CC: 23
1664883632.693081 -- INFO: Changing concurrency to 23 ******
1664883632.694662 -- INFO: Process Status Bits from change concurrency are: 1 1 1 1 1 1 1 1 1 1 1 1 1 1 1 1 1 1 1 1 1 1 1 0 0 0 0 0 0 0 0 0
1664883632.695107 -- INFO: Start Process :: 22
1664883632.695978 -- INFO: Active CC: 23
1664883632.735082 -- INFO: Process 22 get item 18 from queue and executing
1664883632.735482 -- INFO: starting 22, 18, /users/jamilm/files_to_Send/FILE0
1664883633.266042 -- INFO: Throughput @135.2s:915.44Mbps, rtt :40.39ms cwnd: 217.7 lossRate: 0.00015235967039524636 CC:23 score:-579.0 
1664883634.267437 -- INFO: Throughput @136.2s:939.45Mbps, rtt :40.4ms cwnd: 210.3 lossRate: 0.0004920836050044902 CC:23 score:-591.0 
1664883635.268300 -- INFO: Throughput @137.2s:925.45Mbps, rtt :39.85ms cwnd: 214.0 lossRate: 0.0003256390666683366 CC:23 score:-584.0 
1664883635.896932 -- INFO: Gradient_Fast: -23.0, Gredient_Fast Change: 0.04094955489614244, Theta: 2, Previous CC: 23, Choosen CC: 25
1664883635.897108 -- INFO: Changing concurrency to 25 ******
1664883635.897765 -- INFO: Process Status Bits from change concurrency are: 1 1 1 1 1 1 1 1 1 1 1 1 1 1 1 1 1 1 1 1 1 1 1 1 1 0 0 0 0 0 0 0
1664883635.897939 -- INFO: Start Process :: 23
1664883635.898117 -- INFO: Start Process :: 24
1664883635.898529 -- INFO: Active CC: 25
1664883635.937460 -- INFO: Process 23 get item 25 from queue and executing
1664883635.937762 -- INFO: starting 23, 25, /users/jamilm/files_to_Send/FILE1
1664883635.937860 -- INFO: Process 24 get item 28 from queue and executing
1664883635.938219 -- INFO: starting 24, 28, /users/jamilm/files_to_Send/FILE2
1664883636.269603 -- INFO: Throughput @138.2s:934.48Mbps, rtt :41.54ms cwnd: 222.4 lossRate: 0.0002007251194941727 CC:25 score:-568.0 
1664883637.270178 -- INFO: Throughput @139.2s:945.04Mbps, rtt :41.26ms cwnd: 223.1 lossRate: 0.00023340663120523814 CC:25 score:-574.0 
1664883638.278544 -- INFO: Throughput @140.2s:936.32Mbps, rtt :41.18ms cwnd: 214.0 lossRate: 0.0005000487852473412 CC:25 score:-566.0 
1664883639.099557 -- INFO: Gradient_Fast: 7.666666666666629, Gredient_Fast Change: 0.013112884834663562, Theta: -1, Previous CC: 25, Choosen CC: 24
1664883639.099739 -- INFO: Changing concurrency to 24 ******
1664883639.100780 -- INFO: Process Status Bits from change concurrency are: 1 1 1 1 1 1 1 1 1 1 1 1 1 1 1 1 1 1 1 1 1 1 1 1 0 0 0 0 0 0 0 0
1664883639.101801 -- INFO: Active CC: 24
1664883639.272174 -- INFO: Throughput @141.2s:948.99Mbps, rtt :41.07ms cwnd: 206.7 lossRate: 0.00019397773732430094 CC:24 score:-588.0 
1664883640.273384 -- INFO: Throughput @142.2s:930.41Mbps, rtt :40.09ms cwnd: 199.5 lossRate: 0.0005036855036855037 CC:24 score:-574.0 
1664883641.274729 -- INFO: Throughput @143.2s:959.35Mbps, rtt :39.5ms cwnd: 200.1 lossRate: 0.0003906348446281408 CC:24 score:-593.0 
1664883642.274147 -- INFO: Throughput @144.2s:879.66Mbps, rtt :39.36ms cwnd: 195.6 lossRate: 0.0005227869773763936 CC:24 score:-542.0 
1664883642.302821 -- INFO: Gradient_Fast: 0.33333333333325754, Gredient_Fast Change: 0.0005854800936766818, Theta: -2, Previous CC: 24, Choosen CC: 22
1664883642.302982 -- INFO: Changing concurrency to 22 ******
1664883642.303665 -- INFO: Process Status Bits from change concurrency are: 1 1 1 1 1 1 1 1 1 1 1 1 1 1 1 1 1 1 1 1 1 1 0 0 0 0 0 0 0 0 0 0
1664883642.304488 -- INFO: Active CC: 22
1664883643.276034 -- INFO: Throughput @145.2s:780.1Mbps, rtt :39.24ms cwnd: 187.2 lossRate: 0 CC:22 score:-505.0 
1664883644.276675 -- INFO: Throughput @146.2s:810.44Mbps, rtt :39.27ms cwnd: 192.0 lossRate: 0.00021405636817695327 CC:22 score:-522.0 
1664883645.278962 -- INFO: Throughput @147.2s:834.77Mbps, rtt :39.44ms cwnd: 196.0 lossRate: 0.0002772310166061379 CC:22 score:-538.0 
1664883645.505510 -- INFO: Gradient_Fast: -24.0, Gredient_Fast Change: 0.042129900526623756, Theta: 1, Previous CC: 22, Choosen CC: 23
1664883645.505672 -- INFO: Changing concurrency to 23 ******
1664883645.506571 -- INFO: Process Status Bits from change concurrency are: 1 1 1 1 1 1 1 1 1 1 1 1 1 1 1 1 1 1 1 1 1 1 1 0 0 0 0 0 0 0 0 0
1664883645.506659 -- INFO: Start Process :: 22
1664883645.507534 -- INFO: Active CC: 23
1664883645.546061 -- INFO: Process 22 get item 17 from queue and executing
1664883645.546322 -- INFO: starting 22, 17, /users/jamilm/files_to_Send/FILE1
1664883646.279948 -- INFO: Throughput @148.2s:855.73Mbps, rtt :39.63ms cwnd: 200.6 lossRate: 0.00040033094024393497 CC:23 score:-539.0 
1664883647.280144 -- INFO: Throughput @149.2s:870.47Mbps, rtt :39.39ms cwnd: 198.5 lossRate: 0.0005025923182731987 CC:23 score:-548.0 
1664883648.282367 -- INFO: Throughput @150.2s:879.17Mbps, rtt :39.45ms cwnd: 196.3 lossRate: 0.00031754432389521036 CC:23 score:-555.0 
1664883648.708522 -- INFO: Gradient_Fast: -25.666666666666742, Gredient_Fast Change: 0.04920127795527172, Theta: 2, Previous CC: 23, Choosen CC: 27
1664883648.708688 -- INFO: Changing concurrency to 27 ******
1664883648.709824 -- INFO: Process Status Bits from change concurrency are: 1 1 1 1 1 1 1 1 1 1 1 1 1 1 1 1 1 1 1 1 1 1 1 1 1 1 1 0 0 0 0 0
1664883648.709833 -- INFO: Start Process :: 23
1664883648.710064 -- INFO: Start Process :: 24
1664883648.710318 -- INFO: Active CC: 27
1664883648.710486 -- INFO: Start Process :: 25
1664883648.710744 -- INFO: Start Process :: 26
1664883648.749411 -- INFO: Process 23 get item 20 from queue and executing
1664883648.749686 -- INFO: starting 23, 20, /users/jamilm/files_to_Send/FILE2
1664883648.751609 -- INFO: Process 25 get item 30 from queue and executing
1664883648.751925 -- INFO: Process 24 get item 21 from queue and executing
1664883648.752051 -- INFO: starting 25, 30, /users/jamilm/files_to_Send/FILE0
1664883648.752256 -- INFO: starting 24, 21, /users/jamilm/files_to_Send/FILE1
1664883648.752460 -- INFO: Process 26 get item 23 from queue and executing
1664883648.752885 -- INFO: starting 26, 23, /users/jamilm/files_to_Send/FILE3
1664883649.282629 -- INFO: Throughput @151.2s:958.81Mbps, rtt :42.11ms cwnd: 212.0 lossRate: 3.83548333482491e-05 CC:27 score:-561.0 
1664883650.283434 -- INFO: Throughput @152.2s:941.14Mbps, rtt :41.73ms cwnd: 213.5 lossRate: 0.0001473658356870932 CC:27 score:-550.0 
1664883651.284825 -- INFO: Throughput @153.2s:954.61Mbps, rtt :41.73ms cwnd: 207.1 lossRate: 0.00025791871875805995 CC:27 score:-557.0 
1664883651.911261 -- INFO: Gradient_Fast: -2.166666666666657, Gredient_Fast Change: 0.003958587088915938, Theta: 3, Previous CC: 27, Choosen CC: 30
1664883651.911435 -- INFO: Changing concurrency to 30 ******
1664883651.911817 -- INFO: Process Status Bits from change concurrency are: 1 1 1 1 1 1 1 1 1 1 1 1 1 1 1 1 1 1 1 1 1 1 1 1 1 1 1 1 1 1 0 0
1664883651.912160 -- INFO: Active CC: 30
1664883651.912341 -- INFO: Start Process :: 29
1664883651.912781 -- INFO: Start Process :: 28
1664883651.913352 -- INFO: Start Process :: 27
1664883651.954172 -- INFO: Process 29 get item 15 from queue and executing
1664883651.954519 -- INFO: Process 28 get item 16 from queue and executing
1664883651.954586 -- INFO: starting 29, 15, /users/jamilm/files_to_Send/FILE3
1664883651.954969 -- INFO: starting 28, 16, /users/jamilm/files_to_Send/FILE2
1664883651.955319 -- INFO: Process 27 get item 28 from queue and executing
1664883651.955764 -- INFO: starting 27, 28, /users/jamilm/files_to_Send/FILE2
1664883652.284653 -- INFO: Throughput @154.2s:963.93Mbps, rtt :42.38ms cwnd: 203.5 lossRate: 0.0003565413034658274 CC:30 score:-529.0 
1664883653.291539 -- INFO: Throughput @155.2s:964.28Mbps, rtt :42.43ms cwnd: 200.8 lossRate: 0.00011023467737984421 CC:30 score:-531.0 
1664883654.290460 -- INFO: Throughput @156.2s:954.81Mbps, rtt :42.11ms cwnd: 186.8 lossRate: 0.00040584415584415587 CC:30 score:-523.0 
1664883655.113280 -- INFO: Gradient_Fast: 9.444444444444457, Gredient_Fast Change: 0.01698641087130298, Theta: -1, Previous CC: 30, Choosen CC: 29
1664883655.113461 -- INFO: Changing concurrency to 29 ******
1664883655.113761 -- INFO: Process Status Bits from change concurrency are: 1 1 1 1 1 1 1 1 1 1 1 1 1 1 1 1 1 1 1 1 1 1 1 1 1 1 1 1 1 0 0 0
1664883655.114040 -- INFO: Active CC: 29
1664883655.287064 -- INFO: Throughput @157.2s:931.69Mbps, rtt :42.18ms cwnd: 181.5 lossRate: 0.00036888571920419056 CC:29 score:-521.0 
1664883656.290895 -- INFO: Throughput @158.2s:928.29Mbps, rtt :41.99ms cwnd: 176.1 lossRate: 0.00032166932393499484 CC:29 score:-520.0 
1664883657.293039 -- INFO: Throughput @159.2s:950.46Mbps, rtt :41.81ms cwnd: 169.6 lossRate: 0.000356042283090447 CC:29 score:-532.0 
1664883658.293911 -- INFO: Throughput @160.2s:936.39Mbps, rtt :41.67ms cwnd: 173.5 lossRate: 0.00017203244040304744 CC:29 score:-526.0 
1664883658.315010 -- INFO: Gradient_Fast: -1.6666666666666288, Gredient_Fast Change: 0.0031585596967781977, Theta: 1, Previous CC: 29, Choosen CC: 30
1664883658.315177 -- INFO: Changing concurrency to 30 ******
1664883658.315624 -- INFO: Process Status Bits from change concurrency are: 1 1 1 1 1 1 1 1 1 1 1 1 1 1 1 1 1 1 1 1 1 1 1 1 1 1 1 1 1 1 0 0
1664883658.315813 -- INFO: Start Process :: 29
1664883658.315903 -- INFO: Active CC: 30
1664883658.357232 -- INFO: Process 29 get item 25 from queue and executing
1664883658.357509 -- INFO: starting 29, 25, /users/jamilm/files_to_Send/FILE1
1664883659.291574 -- INFO: Throughput @161.2s:953.01Mbps, rtt :42.01ms cwnd: 168.9 lossRate: 0.00019680680951560925 CC:30 score:-524.0 
1664883660.294472 -- INFO: Throughput @162.2s:935.47Mbps, rtt :42.01ms cwnd: 166.5 lossRate: 0.00014728082771825178 CC:30 score:-515.0 
1664883661.300391 -- INFO: Throughput @163.2s:959.88Mbps, rtt :42.06ms cwnd: 157.6 lossRate: 0.00040467956736075345 CC:30 score:-526.0 
1664883661.516908 -- INFO: Gradient_Fast: 4.333333333333371, Gredient_Fast Change: 0.008238276299112873, Theta: -1, Previous CC: 30, Choosen CC: 29
1664883661.517077 -- INFO: Changing concurrency to 29 ******
1664883661.517440 -- INFO: Process Status Bits from change concurrency are: 1 1 1 1 1 1 1 1 1 1 1 1 1 1 1 1 1 1 1 1 1 1 1 1 1 1 1 1 1 0 0 0
1664883661.517767 -- INFO: Active CC: 29
1664883662.297551 -- INFO: Throughput @164.2s:931.22Mbps, rtt :41.61ms cwnd: 156.8 lossRate: 0.0002176337767621535 CC:29 score:-522.0 
1664883663.298035 -- INFO: Throughput @165.2s:935.25Mbps, rtt :41.29ms cwnd: 159.0 lossRate: 0.00041762372102735435 CC:29 score:-523.0 
1664883664.302404 -- INFO: Throughput @166.2s:953.97Mbps, rtt :41.28ms cwnd: 162.7 lossRate: 0.0004417015324589279 CC:29 score:-533.0 
1664883664.718883 -- INFO: Gradient_Fast: 4.333333333333371, Gredient_Fast Change: 0.008306709265175792, Theta: -2, Previous CC: 29, Choosen CC: 27
1664883664.719056 -- INFO: Changing concurrency to 27 ******
1664883664.719395 -- INFO: Process Status Bits from change concurrency are: 1 1 1 1 1 1 1 1 1 1 1 1 1 1 1 1 1 1 1 1 1 1 1 1 1 1 1 0 0 0 0 0
1664883664.719739 -- INFO: Active CC: 27
1664883665.299016 -- INFO: Throughput @167.2s:916.25Mbps, rtt :41.33ms cwnd: 172.6 lossRate: 0.00014453303784356709 CC:27 score:-535.0 
1664883666.297382 -- INFO: Throughput @168.2s:924.71Mbps, rtt :41.33ms cwnd: 186.4 lossRate: 0.00016473107651758504 CC:27 score:-540.0 
1664883667.300430 -- INFO: Throughput @169.2s:960.57Mbps, rtt :41.23ms cwnd: 191.0 lossRate: 0.00022086160566387318 CC:27 score:-561.0 
1664883667.920815 -- INFO: Gradient_Fast: 9.666666666666686, Gredient_Fast Change: 0.018377693282636283, Theta: -3, Previous CC: 27, Choosen CC: 24
1664883667.921000 -- INFO: Changing concurrency to 24 ******
1664883667.921504 -- INFO: Process Status Bits from change concurrency are: 1 1 1 1 1 1 1 1 1 1 1 1 1 1 1 1 1 1 1 1 1 1 1 1 0 0 0 0 0 0 0 0
1664883667.922009 -- INFO: Active CC: 24
1664883668.301771 -- INFO: Throughput @170.2s:910.08Mbps, rtt :40.45ms cwnd: 178.0 lossRate: 0 CC:24 score:-566.0 
1664883669.302925 -- INFO: Throughput @171.2s:900.13Mbps, rtt :39.53ms cwnd: 187.5 lossRate: 0 CC:24 score:-560.0 
1664883670.303013 -- INFO: Throughput @172.2s:895.13Mbps, rtt :39.59ms cwnd: 174.6 lossRate: 0.0004012113995806694 CC:24 score:-553.0 
1664883671.123317 -- INFO: Gradient_Fast: 4.777777777777753, Gredient_Fast Change: 0.008761206193968984, Theta: -4, Previous CC: 24, Choosen CC: 20
1664883671.123538 -- INFO: Changing concurrency to 20 ******
1664883671.124723 -- INFO: Process Status Bits from change concurrency are: 1 1 1 1 1 1 1 1 1 1 1 1 1 1 1 1 1 1 1 1 0 0 0 0 0 0 0 0 0 0 0 0
1664883671.125624 -- INFO: Active CC: 20
1664883671.305409 -- INFO: Throughput @173.2s:909.83Mbps, rtt :39.59ms cwnd: 188.1 lossRate: 0 CC:20 score:-612.0 
1664883672.307012 -- INFO: Throughput @174.2s:815.8Mbps, rtt :39.12ms cwnd: 201.6 lossRate: 0 CC:20 score:-549.0 
1664883673.308289 -- INFO: Throughput @175.2s:819.07Mbps, rtt :39.12ms cwnd: 200.4 lossRate: 0.0003452690941002144 CC:20 score:-548.0 
1664883674.308215 -- INFO: Throughput @176.2s:820.31Mbps, rtt :39.11ms cwnd: 207.6 lossRate: 9.855129594954174e-05 CC:20 score:-551.0 
1664883674.326898 -- INFO: Gradient_Fast: -2.5833333333333144, Gredient_Fast Change: 0.0046158427635496985, Theta: 1, Previous CC: 20, Choosen CC: 21
1664883674.327096 -- INFO: Changing concurrency to 21 ******
1664883674.328070 -- INFO: Process Status Bits from change concurrency are: 1 1 1 1 1 1 1 1 1 1 1 1 1 1 1 1 1 1 1 1 1 0 0 0 0 0 0 0 0 0 0 0
1664883674.329309 -- INFO: Active CC: 21
1664883674.328635 -- INFO: Start Process :: 20
1664883674.368869 -- INFO: Process 20 get item 18 from queue and executing
1664883674.369619 -- INFO: starting 20, 18, /users/jamilm/files_to_Send/FILE0
1664883675.308129 -- INFO: Throughput @177.2s:843.28Mbps, rtt :39.21ms cwnd: 207.1 lossRate: 0.00015050144344566215 CC:21 score:-555.0 
1664883676.312375 -- INFO: Throughput @178.2s:896.81Mbps, rtt :39.43ms cwnd: 219.8 lossRate: 0.00019055362178917146 CC:21 score:-590.0 
1664883677.311516 -- INFO: Throughput @179.2s:919.98Mbps, rtt :39.43ms cwnd: 217.0 lossRate: 0.00045476939401978245 CC:21 score:-603.0 
1664883677.530485 -- INFO: Gradient_Fast: -33.33333333333326, Gredient_Fast Change: 0.06067961165048529, Theta: 2, Previous CC: 21, Choosen CC: 25
1664883677.530688 -- INFO: Changing concurrency to 25 ******
1664883677.532005 -- INFO: Process Status Bits from change concurrency are: 1 1 1 1 1 1 1 1 1 1 1 1 1 1 1 1 1 1 1 1 1 1 1 1 1 0 0 0 0 0 0 0
1664883677.531965 -- INFO: Start Process :: 24
1664883677.532124 -- INFO: Start Process :: 22
1664883677.532365 -- INFO: Start Process :: 23
1664883677.532527 -- INFO: Start Process :: 21
1664883677.532830 -- INFO: Active CC: 25
1664883677.571446 -- INFO: Process 24 get item 15 from queue and executing
1664883677.571676 -- INFO: Process 22 get item 25 from queue and executing
1664883677.571752 -- INFO: starting 24, 15, /users/jamilm/files_to_Send/FILE3
1664883677.571962 -- INFO: starting 22, 25, /users/jamilm/files_to_Send/FILE1
1664883677.572078 -- INFO: Process 23 get item 16 from queue and executing
1664883677.572318 -- INFO: Process 21 get item 28 from queue and executing
1664883677.572432 -- INFO: starting 23, 16, /users/jamilm/files_to_Send/FILE2
1664883677.572692 -- INFO: starting 21, 28, /users/jamilm/files_to_Send/FILE2
1664883678.310933 -- INFO: Throughput @180.2s:958.97Mbps, rtt :40.9ms cwnd: 201.3 lossRate: 7.38652451710596e-05 CC:25 score:-584.0 
1664883679.309173 -- INFO: Throughput @181.2s:982.72Mbps, rtt :41.3ms cwnd: 205.7 lossRate: 0.00033182985731316134 CC:25 score:-596.0 
1664883680.313335 -- INFO: Throughput @182.2s:923.57Mbps, rtt :40.95ms cwnd: 212.5 lossRate: 0.00011039152193111568 CC:25 score:-562.0 
1664883680.733772 -- INFO: Gradient_Fast: 0.5, Gredient_Fast Change: 0.0008581235697940504, Theta: -1, Previous CC: 25, Choosen CC: 24
1664883680.733943 -- INFO: Changing concurrency to 24 ******
1664883680.734569 -- INFO: Process Status Bits from change concurrency are: 1 1 1 1 1 1 1 1 1 1 1 1 1 1 1 1 1 1 1 1 1 1 1 1 0 0 0 0 0 0 0 0
1664883680.735193 -- INFO: Active CC: 24
1664883681.316465 -- INFO: Throughput @183.2s:954.4Mbps, rtt :40.8ms cwnd: 217.5 lossRate: 0.00018637095807984665 CC:24 score:-592.0 
1664883682.314659 -- INFO: Throughput @184.2s:960.79Mbps, rtt :40.65ms cwnd: 216.0 lossRate: 0.0002954209748892171 CC:24 score:-595.0 
1664883683.316150 -- INFO: Throughput @185.2s:924.29Mbps, rtt :40.9ms cwnd: 206.9 lossRate: 0.0005894850602380046 CC:24 score:-569.0 
1664883683.936308 -- INFO: Gradient_Fast: 4.6666666666667425, Gredient_Fast Change: 0.008036739380023094, Theta: -2, Previous CC: 24, Choosen CC: 22
1664883683.936493 -- INFO: Changing concurrency to 22 ******
1664883683.937358 -- INFO: Process Status Bits from change concurrency are: 1 1 1 1 1 1 1 1 1 1 1 1 1 1 1 1 1 1 1 1 1 1 0 0 0 0 0 0 0 0 0 0
1664883683.938117 -- INFO: Active CC: 22
1664883684.317570 -- INFO: Throughput @186.2s:920.41Mbps, rtt :40.9ms cwnd: 213.8 lossRate: 3.5192679922576104e-05 CC:22 score:-595.0 
1664883685.318641 -- INFO: Throughput @187.2s:920.0Mbps, rtt :40.37ms cwnd: 233.9 lossRate: 7.08837789560237e-05 CC:22 score:-594.0 
1664883686.319650 -- INFO: Throughput @188.2s:954.97Mbps, rtt :40.15ms cwnd: 236.5 lossRate: 0.0002946484475709919 CC:22 score:-615.0 
1664883687.139064 -- INFO: Gradient_Fast: 8.0, Gredient_Fast Change: 0.013667425968109338, Theta: -3, Previous CC: 22, Choosen CC: 19
1664883687.139227 -- INFO: Changing concurrency to 19 ******
1664883687.140346 -- INFO: Process Status Bits from change concurrency are: 1 1 1 1 1 1 1 1 1 1 1 1 1 1 1 1 1 1 1 0 0 0 0 0 0 0 0 0 0 0 0 0
1664883687.141601 -- INFO: Active CC: 19
1664883687.323501 -- INFO: Throughput @189.2s:930.85Mbps, rtt :39.88ms cwnd: 238.4 lossRate: 0 CC:19 score:-639.0 
1664883688.134129 -- INFO: Process 10 finished on working on file 11 
1664883688.136109 -- INFO: Process 10 get item 21 from queue and executing
1664883688.142277 -- INFO: starting 10, 21, /users/jamilm/files_to_Send/FILE1
1664883688.322021 -- INFO: Throughput @190.2s:859.73Mbps, rtt :39.8ms cwnd: 243.2 lossRate: 0 CC:19 score:-590.0 
1664883689.323246 -- INFO: Throughput @191.2s:829.6Mbps, rtt :39.41ms cwnd: 238.3 lossRate: 0.0003812428516965307 CC:19 score:-566.0 
1664883690.323347 -- INFO: Throughput @192.2s:860.09Mbps, rtt :39.51ms cwnd: 235.7 lossRate: 0.00035377037581299156 CC:19 score:-587.0 
1664883690.342730 -- INFO: Gradient_Fast: -6.77777777777779, Gredient_Fast Change: 0.011271249076127145, Theta: 1, Previous CC: 19, Choosen CC: 20
1664883690.342927 -- INFO: Changing concurrency to 20 ******
1664883690.343814 -- INFO: Process Status Bits from change concurrency are: 1 1 1 1 1 1 1 1 1 1 1 1 1 1 1 1 1 1 1 1 0 0 0 0 0 0 0 0 0 0 0 0
1664883690.343917 -- INFO: Start Process :: 19
1664883690.345506 -- INFO: Active CC: 20
1664883690.383311 -- INFO: Process 19 get item 23 from queue and executing
1664883690.383558 -- INFO: starting 19, 23, /users/jamilm/files_to_Send/FILE3
1664883691.324901 -- INFO: Throughput @193.2s:880.53Mbps, rtt :39.68ms cwnd: 241.1 lossRate: 0.00011769783043665895 CC:20 score:-592.0 
1664883692.325799 -- INFO: Throughput @194.2s:894.99Mbps, rtt :39.92ms cwnd: 257.2 lossRate: 8.936094160900759e-05 CC:20 score:-602.0 
1664883693.327040 -- INFO: Throughput @195.2s:899.87Mbps, rtt :39.85ms cwnd: 251.9 lossRate: 0.0003474769313926103 CC:20 score:-602.0 
1664883693.342658 -- INFO: Process 5 finished on working on file 6 
1664883693.344632 -- INFO: Process 5 get item 30 from queue and executing
1664883693.345118 -- INFO: starting 5, 30, /users/jamilm/files_to_Send/FILE0
1664883693.546654 -- INFO: Gradient_Fast: -17.66666666666663, Gredient_Fast Change: 0.030407343660355645, Theta: 2, Previous CC: 20, Choosen CC: 22
1664883693.546849 -- INFO: Changing concurrency to 22 ******
1664883693.548389 -- INFO: Process Status Bits from change concurrency are: 1 1 1 1 1 1 1 1 1 1 1 1 1 1 1 1 1 1 1 1 1 1 0 0 0 0 0 0 0 0 0 0
1664883693.548312 -- INFO: Start Process :: 20
1664883693.548592 -- INFO: Start Process :: 21
1664883693.549964 -- INFO: Active CC: 22
1664883693.587840 -- INFO: Process 20 get item 19 from queue and executing
1664883693.588183 -- INFO: starting 20, 19, /users/jamilm/files_to_Send/FILE3
1664883693.588303 -- INFO: Process 21 get item 20 from queue and executing
1664883693.588694 -- INFO: starting 21, 20, /users/jamilm/files_to_Send/FILE2
1664883694.327567 -- INFO: Throughput @196.2s:949.04Mbps, rtt :40.87ms cwnd: 243.3 lossRate: 0.00018823175093174717 CC:22 score:-612.0 
1664883695.327074 -- INFO: Process 14 finished on working on file 10 
1664883695.329005 -- INFO: Process 14 get item 17 from queue and executing
1664883695.329389 -- INFO: starting 14, 17, /users/jamilm/files_to_Send/FILE1
1664883695.329830 -- INFO: Throughput @197.2s:959.44Mbps, rtt :41.08ms cwnd: 248.7 lossRate: 0.00018402424212682952 CC:22 score:-619.0 
1664883696.329112 -- INFO: Throughput @198.2s:930.06Mbps, rtt :40.92ms cwnd: 244.8 lossRate: 0.00028308389129578577 CC:22 score:-599.0 
1664883696.698101 -- INFO: Process 6 finished on working on file 5 
1664883696.699925 -- INFO: Process 6 get item 31 from queue and executing
1664883696.700366 -- INFO: starting 6, 31, /users/jamilm/files_to_Send/FILE3
1664883696.751235 -- INFO: Gradient_Fast: -5.666666666666686, Gredient_Fast Change: 0.009465478841870857, Theta: 3, Previous CC: 22, Choosen CC: 25
1664883696.751439 -- INFO: Changing concurrency to 25 ******
1664883696.752588 -- INFO: Process Status Bits from change concurrency are: 1 1 1 1 1 1 1 1 1 1 1 1 1 1 1 1 1 1 1 1 1 1 1 1 1 0 0 0 0 0 0 0
1664883696.753105 -- INFO: Start Process :: 22
1664883696.753163 -- INFO: Start Process :: 23
1664883696.753385 -- INFO: Start Process :: 24
1664883696.753677 -- INFO: Active CC: 25
1664883696.793852 -- INFO: Process 23 get item 15 from queue and executing
1664883696.793935 -- INFO: Process 24 get item 16 from queue and executing
1664883696.794208 -- INFO: starting 23, 15, /users/jamilm/files_to_Send/FILE3
1664883696.794241 -- INFO: starting 24, 16, /users/jamilm/files_to_Send/FILE2
1664883696.795224 -- INFO: Process 22 get item 25 from queue and executing
1664883696.795651 -- INFO: starting 22, 25, /users/jamilm/files_to_Send/FILE1
1664883697.049361 -- INFO: Process 2 finished on working on file 2 
1664883697.051351 -- INFO: Process 2 get item 28 from queue and executing
1664883697.051816 -- INFO: starting 2, 28, /users/jamilm/files_to_Send/FILE2
1664883697.329921 -- INFO: Throughput @199.2s:968.5Mbps, rtt :41.31ms cwnd: 222.9 lossRate: 0.0003070121576814442 CC:25 score:-587.0 
1664883698.318600 -- INFO: episode expires
1664883698.318800 -- INFO: Process 31 shutdown itself from outest loop
1664883698.318832 -- INFO: Process 27 shutdown itself from outest loop
1664883698.318824 -- INFO: Process 25 shutdown itself from outest loop
1664883698.318774 -- INFO: Process 28 shutdown itself from outest loop
1664883698.318859 -- INFO: Process 29 shutdown itself from outest loop
1664883698.319284 -- INFO: Process Status Bits are: 1 1 1 1 1 1 1 1 1 1 1 1 1 1 1 1 1 1 1 1 1 1 1 1 1 0 0 0 0 0 0 0
1664883698.319364 -- INFO: Process Status Bits are: 1 1 1 1 1 1 1 1 1 1 1 1 1 1 1 1 1 1 1 1 1 1 1 1 1 0 0 0 0 0 0 0
1664883698.319377 -- INFO: Process Status Bits are: 1 1 1 1 1 1 1 1 1 1 1 1 1 1 1 1 1 1 1 1 1 1 1 1 1 0 0 0 0 0 0 0
1664883698.319375 -- INFO: Process Status Bits are: 1 1 1 1 1 1 1 1 1 1 1 1 1 1 1 1 1 1 1 1 1 1 1 1 1 0 0 0 0 0 0 0
1664883698.319367 -- INFO: Process Status Bits are: 1 1 1 1 1 1 1 1 1 1 1 1 1 1 1 1 1 1 1 1 1 1 1 1 1 0 0 0 0 0 0 0
1664883698.319055 -- INFO: Process 26 shutdown itself from outest loop
1664883698.320000 -- INFO: Process Status Bits are: 1 1 1 1 1 1 1 1 1 1 1 1 1 1 1 1 1 1 1 1 1 1 1 1 1 0 0 0 0 0 0 0
1664883698.321236 -- INFO: Process 30 shutdown itself from outest loop
1664883698.321656 -- INFO: Process Status Bits are: 1 1 1 1 1 1 1 1 1 1 1 1 1 1 1 1 1 1 1 1 1 1 1 1 1 0 0 0 0 0 0 0
1664883699.954721 -- INFO: Gradient_Fast: 2.7777777777777906, Gredient_Fast Change: 0.0045537340619308045, Theta: -1, Previous CC: 25, Choosen CC: 24
1664883699.954886 -- INFO: episode expires
1664883700.086574 -- INFO: GD_Fast Optimizer Exits ...
1664883700.344913 -- INFO: Throughput @0.1s:0.0Mbps, rtt :38.78ms cwnd: 100.9 lossRate: 0.00028078333225695865 CC:0 score:-0.0 
