1664888035.642278 -- INFO: Iteration 1 Starts ...
1664888035.643684 -- INFO: Changing concurrency to 18 ******
1664888035.645405 -- INFO: Start Process :: 0
1664888035.647947 -- INFO: Start Process :: 2
1664888035.648513 -- INFO: Start Process :: 4
1664888035.648413 -- INFO: Start Process :: 1
1664888035.648629 -- INFO: Start Process :: 3
1664888035.650508 -- INFO: Process Status Bits from change concurrency are: 1 1 1 1 1 1 1 1 1 1 1 1 1 1 1 1 1 1 0 0 0 0 0 0 0 0 0 0 0 0 0 0
1664888035.652089 -- INFO: Start Process :: 6
1664888035.652576 -- INFO: Active CC: 18
1664888035.653359 -- INFO: Start Process :: 5
1664888035.654425 -- INFO: Start Process :: 7
1664888035.655581 -- INFO: Start Process :: 8
1664888035.656926 -- INFO: Start Process :: 12
1664888035.657143 -- INFO: Start Process :: 9
1664888035.657758 -- INFO: Start Process :: 11
1664888035.659987 -- INFO: Start Process :: 10
1664888035.660412 -- INFO: Start Process :: 13
1664888035.660681 -- INFO: Start Process :: 14
1664888035.661748 -- INFO: Start Process :: 15
1664888035.661849 -- INFO: Start Process :: 16
1664888035.661916 -- INFO: Start Process :: 17
1664888035.685144 -- INFO: Process 0 get item 0 from queue and executing
1664888035.685607 -- INFO: starting 0, 0, /users/jamilm/files_to_Send/FILE2
1664888035.687709 -- INFO: Process 2 get item 1 from queue and executing
1664888035.688084 -- INFO: starting 2, 1, /users/jamilm/files_to_Send/FILE1
1664888035.688129 -- INFO: Process 4 get item 2 from queue and executing
1664888035.688318 -- INFO: Process 1 get item 3 from queue and executing
1664888035.688380 -- INFO: Process 3 get item 4 from queue and executing
1664888035.688638 -- INFO: starting 1, 3, /users/jamilm/files_to_Send/FILE3
1664888035.688678 -- INFO: starting 4, 2, /users/jamilm/files_to_Send/FILE0
1664888035.688774 -- INFO: starting 3, 4, /users/jamilm/files_to_Send/FILE2
1664888035.692079 -- INFO: Process 6 get item 5 from queue and executing
1664888035.692488 -- INFO: starting 6, 5, /users/jamilm/files_to_Send/FILE1
1664888035.693120 -- INFO: Process 5 get item 6 from queue and executing
1664888035.693505 -- INFO: starting 5, 6, /users/jamilm/files_to_Send/FILE0
1664888035.694286 -- INFO: Process 7 get item 7 from queue and executing
1664888035.694876 -- INFO: starting 7, 7, /users/jamilm/files_to_Send/FILE3
1664888035.695592 -- INFO: Process 8 get item 8 from queue and executing
1664888035.696177 -- INFO: starting 8, 8, /users/jamilm/files_to_Send/FILE2
1664888035.696904 -- INFO: Process 12 get item 9 from queue and executing
1664888035.697098 -- INFO: Process 9 get item 10 from queue and executing
1664888035.697344 -- INFO: starting 12, 9, /users/jamilm/files_to_Send/FILE1
1664888035.697633 -- INFO: starting 9, 10, /users/jamilm/files_to_Send/FILE0
1664888035.697762 -- INFO: Process 11 get item 11 from queue and executing
1664888035.698168 -- INFO: starting 11, 11, /users/jamilm/files_to_Send/FILE3
1664888035.700000 -- INFO: Process 10 get item 12 from queue and executing
1664888035.700385 -- INFO: starting 10, 12, /users/jamilm/files_to_Send/FILE2
1664888035.700532 -- INFO: Process 13 get item 13 from queue and executing
1664888035.700929 -- INFO: starting 13, 13, /users/jamilm/files_to_Send/FILE1
1664888035.701008 -- INFO: Process 14 get item 14 from queue and executing
1664888035.701460 -- INFO: starting 14, 14, /users/jamilm/files_to_Send/FILE0
1664888035.701157 -- INFO: Throughput @0.1s:0.0Mbps, rtt :38.55ms cwnd: 10.0 lossRate: 0.0 CC:18 score:-0.0 
1664888035.701741 -- INFO: Process 15 get item 15 from queue and executing
1664888035.701989 -- INFO: Process 16 get item 16 from queue and executing
1664888035.702157 -- INFO: starting 15, 15, /users/jamilm/files_to_Send/FILE3
1664888035.702186 -- INFO: Process 17 get item 17 from queue and executing
1664888035.702344 -- INFO: starting 16, 16, /users/jamilm/files_to_Send/FILE2
1664888035.702873 -- INFO: starting 17, 17, /users/jamilm/files_to_Send/FILE1
1664888036.694789 -- INFO: Throughput @1.1s:771.2Mbps, rtt :41.38ms cwnd: 220.4 lossRate: 0.00010365379632029023 CC:18 score:-539.0 
1664888037.694853 -- INFO: Throughput @2.1s:827.91Mbps, rtt :41.92ms cwnd: 315.6 lossRate: 7.645844483523205e-05 CC:18 score:-579.0 
1664888038.695665 -- INFO: Throughput @3.1s:842.71Mbps, rtt :42.07ms cwnd: 320.4 lossRate: 0.00012389356166457883 CC:18 score:-589.0 
1664888038.856202 -- INFO: Iteration 1 Ends, Took 3.21 Seconds. Best Params: [18] and Score: -569.0.
1664888038.856867 -- INFO: Iteration 2 Starts ...
1664888038.857624 -- INFO: Changing concurrency to 22 ******
1664888038.859162 -- INFO: Process Status Bits from change concurrency are: 1 1 1 1 1 1 1 1 1 1 1 1 1 1 1 1 1 1 1 1 1 1 0 0 0 0 0 0 0 0 0 0
1664888038.860488 -- INFO: Active CC: 22
1664888038.861096 -- INFO: Start Process :: 20
1664888038.861415 -- INFO: Start Process :: 18
1664888038.861799 -- INFO: Start Process :: 21
1664888038.861771 -- INFO: Start Process :: 19
1664888038.902847 -- INFO: Process 20 get item 18 from queue and executing
1664888038.903162 -- INFO: starting 20, 18, /users/jamilm/files_to_Send/FILE0
1664888038.903703 -- INFO: Process 21 get item 19 from queue and executing
1664888038.904021 -- INFO: starting 21, 19, /users/jamilm/files_to_Send/FILE3
1664888038.904133 -- INFO: Process 18 get item 20 from queue and executing
1664888038.904447 -- INFO: starting 18, 20, /users/jamilm/files_to_Send/FILE2
1664888038.905094 -- INFO: Process 19 get item 21 from queue and executing
1664888038.905385 -- INFO: starting 19, 21, /users/jamilm/files_to_Send/FILE1
1664888039.696816 -- INFO: Throughput @4.1s:932.63Mbps, rtt :42.38ms cwnd: 287.6 lossRate: 3.849460433962506e-05 CC:22 score:-603.0 
1664888040.698679 -- INFO: Throughput @5.1s:950.54Mbps, rtt :43.1ms cwnd: 291.8 lossRate: 9.819203908043156e-05 CC:22 score:-614.0 
1664888041.699036 -- INFO: Throughput @6.1s:942.32Mbps, rtt :43.38ms cwnd: 295.8 lossRate: 2.457757296466974e-05 CC:22 score:-609.0 
1664888042.062015 -- INFO: Iteration 2 Ends, Took 3.2 Seconds. Best Params: [22] and Score: -608.6666666666666.
1664888042.062218 -- INFO: Iteration 3 Starts ...
1664888042.062801 -- INFO: Changing concurrency to 28 ******
1664888042.064005 -- INFO: Process Status Bits from change concurrency are: 1 1 1 1 1 1 1 1 1 1 1 1 1 1 1 1 1 1 1 1 1 1 1 1 1 1 1 1 0 0 0 0
1664888042.064706 -- INFO: Active CC: 28
1664888042.066880 -- INFO: Start Process :: 23
1664888042.066779 -- INFO: Start Process :: 24
1664888042.067226 -- INFO: Start Process :: 26
1664888042.067852 -- INFO: Start Process :: 22
1664888042.067580 -- INFO: Start Process :: 25
1664888042.069492 -- INFO: Start Process :: 27
1664888042.109265 -- INFO: Process 24 get item 22 from queue and executing
1664888042.109539 -- INFO: starting 24, 22, /users/jamilm/files_to_Send/FILE0
1664888042.109863 -- INFO: Process 26 get item 23 from queue and executing
1664888042.110137 -- INFO: starting 26, 23, /users/jamilm/files_to_Send/FILE3
1664888042.110204 -- INFO: Process 25 get item 24 from queue and executing
1664888042.110467 -- INFO: starting 25, 24, /users/jamilm/files_to_Send/FILE2
1664888042.110487 -- INFO: Process 22 get item 25 from queue and executing
1664888042.110569 -- INFO: Process 23 get item 26 from queue and executing
1664888042.110756 -- INFO: starting 22, 25, /users/jamilm/files_to_Send/FILE1
1664888042.110825 -- INFO: starting 23, 26, /users/jamilm/files_to_Send/FILE0
1664888042.111862 -- INFO: Process 27 get item 27 from queue and executing
1664888042.112236 -- INFO: starting 27, 27, /users/jamilm/files_to_Send/FILE3
1664888042.700644 -- INFO: Throughput @7.1s:993.0Mbps, rtt :43.62ms cwnd: 246.4 lossRate: 0.00014730071440846487 CC:28 score:-569.0 
1664888043.701181 -- INFO: Throughput @8.1s:950.11Mbps, rtt :43.44ms cwnd: 245.6 lossRate: 2.4587241680292095e-05 CC:28 score:-545.0 
1664888044.701804 -- INFO: Throughput @9.1s:953.13Mbps, rtt :43.6ms cwnd: 245.6 lossRate: 0.0 CC:28 score:-547.0 
1664888045.542594 -- INFO: Iteration 3 Ends, Took 3.48 Seconds. Best Params: [22] and Score: -608.6666666666666.
1664888045.547361 -- INFO: Iteration 4 Starts ...
1664888045.550483 -- INFO: Changing concurrency to 22 ******
1664888045.551540 -- INFO: Process Status Bits from change concurrency are: 1 1 1 1 1 1 1 1 1 1 1 1 1 1 1 1 1 1 1 1 1 1 0 0 0 0 0 0 0 0 0 0
1664888045.552614 -- INFO: Active CC: 22
1664888045.703129 -- INFO: Throughput @10.1s:960.3Mbps, rtt :43.65ms cwnd: 245.6 lossRate: 0.0 CC:22 score:-621.0 
1664888046.703806 -- INFO: Throughput @11.1s:900.02Mbps, rtt :43.28ms cwnd: 279.5 lossRate: 0.00032666098034589766 CC:22 score:-579.0 
1664888047.706052 -- INFO: Throughput @12.1s:936.9Mbps, rtt :42.73ms cwnd: 274.8 lossRate: 0.0002331059527899102 CC:22 score:-604.0 
1664888048.705554 -- INFO: Throughput @13.1s:928.36Mbps, rtt :42.79ms cwnd: 279.5 lossRate: 0.0 CC:22 score:-600.0 
1664888049.419495 -- INFO: Iteration 4 Ends, Took 3.87 Seconds. Best Params: [22] and Score: -608.6666666666666.
1664888049.419714 -- INFO: Iteration 5 Starts ...
1664888049.420016 -- INFO: Changing concurrency to 22 ******
1664888049.421337 -- INFO: Process Status Bits from change concurrency are: 1 1 1 1 1 1 1 1 1 1 1 1 1 1 1 1 1 1 1 1 1 1 0 0 0 0 0 0 0 0 0 0
1664888049.422379 -- INFO: Active CC: 22
1664888049.709825 -- INFO: Throughput @14.1s:938.01Mbps, rtt :42.94ms cwnd: 281.3 lossRate: 9.817637385563164e-05 CC:22 score:-606.0 
1664888050.708568 -- INFO: Throughput @15.1s:936.29Mbps, rtt :42.73ms cwnd: 275.3 lossRate: 0.000208958159201534 CC:22 score:-604.0 
1664888051.709010 -- INFO: Throughput @16.1s:946.13Mbps, rtt :42.74ms cwnd: 273.2 lossRate: 0.0001228712554984887 CC:22 score:-611.0 
1664888052.709672 -- INFO: Throughput @17.1s:938.85Mbps, rtt :42.65ms cwnd: 272.0 lossRate: 9.827526902854897e-05 CC:22 score:-606.0 
1664888053.349869 -- INFO: Iteration 5 Ends, Took 3.93 Seconds. Best Params: [22] and Score: -608.6666666666666.
1664888053.350121 -- INFO: Iteration 6 Starts ...
1664888053.350466 -- INFO: Changing concurrency to 22 ******
1664888053.351622 -- INFO: Process Status Bits from change concurrency are: 1 1 1 1 1 1 1 1 1 1 1 1 1 1 1 1 1 1 1 1 1 1 0 0 0 0 0 0 0 0 0 0
1664888053.352992 -- INFO: Active CC: 22
1664888053.711130 -- INFO: Throughput @18.1s:946.21Mbps, rtt :42.43ms cwnd: 259.7 lossRate: 0.0003317157073530315 CC:22 score:-609.0 
1664888054.712245 -- INFO: Throughput @19.1s:940.24Mbps, rtt :42.38ms cwnd: 262.4 lossRate: 0.0 CC:22 score:-608.0 
1664888055.713197 -- INFO: Throughput @20.1s:939.89Mbps, rtt :42.4ms cwnd: 263.0 lossRate: 0.0 CC:22 score:-608.0 
1664888056.714550 -- INFO: Throughput @21.1s:951.79Mbps, rtt :42.57ms cwnd: 249.3 lossRate: 0.0003682291858452701 CC:22 score:-612.0 
1664888057.214980 -- INFO: Iteration 6 Ends, Took 3.86 Seconds. Best Params: [22] and Score: -608.6666666666666.
1664888057.215226 -- INFO: Iteration 7 Starts ...
1664888057.215482 -- INFO: Changing concurrency to 22 ******
1664888057.216369 -- INFO: Process Status Bits from change concurrency are: 1 1 1 1 1 1 1 1 1 1 1 1 1 1 1 1 1 1 1 1 1 1 0 0 0 0 0 0 0 0 0 0
1664888057.217626 -- INFO: Active CC: 22
1664888057.714895 -- INFO: Throughput @22.1s:943.78Mbps, rtt :42.38ms cwnd: 252.0 lossRate: 0.00018435445216001968 CC:22 score:-609.0 
1664888058.716320 -- INFO: Throughput @23.1s:941.67Mbps, rtt :42.4ms cwnd: 256.2 lossRate: 0.0 CC:22 score:-609.0 
1664888059.717418 -- INFO: Throughput @24.1s:932.36Mbps, rtt :42.34ms cwnd: 259.5 lossRate: 0.0 CC:22 score:-603.0 
1664888060.734807 -- INFO: Throughput @25.1s:942.34Mbps, rtt :42.07ms cwnd: 263.4 lossRate: 0.0 CC:22 score:-610.0 
1664888061.114581 -- INFO: Iteration 7 Ends, Took 3.9 Seconds. Best Params: [22] and Score: -608.6666666666666.
1664888061.114823 -- INFO: Iteration 8 Starts ...
1664888061.115098 -- INFO: Changing concurrency to 22 ******
1664888061.116065 -- INFO: Process Status Bits from change concurrency are: 1 1 1 1 1 1 1 1 1 1 1 1 1 1 1 1 1 1 1 1 1 1 0 0 0 0 0 0 0 0 0 0
1664888061.117134 -- INFO: Active CC: 22
1664888061.719101 -- INFO: Throughput @26.1s:947.33Mbps, rtt :42.49ms cwnd: 265.0 lossRate: 0.0 CC:22 score:-613.0 
1664888062.720415 -- INFO: Throughput @27.1s:940.44Mbps, rtt :42.45ms cwnd: 265.0 lossRate: 0.0 CC:22 score:-608.0 
1664888063.721346 -- INFO: Throughput @28.1s:950.06Mbps, rtt :42.55ms cwnd: 265.0 lossRate: 0.0 CC:22 score:-615.0 
1664888064.743547 -- INFO: Throughput @29.1s:947.3Mbps, rtt :42.07ms cwnd: 267.4 lossRate: 0.00038731541999515855 CC:22 score:-609.0 
1664888064.953710 -- INFO: Iteration 8 Ends, Took 3.84 Seconds. Best Params: [22] and Score: -612.0.
1664888064.953873 -- INFO: Iteration 9 Starts ...
1664888064.954092 -- INFO: Changing concurrency to 22 ******
1664888064.955756 -- INFO: Process Status Bits from change concurrency are: 1 1 1 1 1 1 1 1 1 1 1 1 1 1 1 1 1 1 1 1 1 1 0 0 0 0 0 0 0 0 0 0
1664888064.956774 -- INFO: Active CC: 22
1664888065.722417 -- INFO: Throughput @30.1s:945.07Mbps, rtt :41.93ms cwnd: 289.0 lossRate: 7.489327708016077e-05 CC:22 score:-611.0 
1664888066.723638 -- INFO: Throughput @31.1s:943.51Mbps, rtt :41.96ms cwnd: 292.6 lossRate: 0.0 CC:22 score:-610.0 
1664888067.724802 -- INFO: Throughput @32.1s:940.06Mbps, rtt :41.59ms cwnd: 280.6 lossRate: 0.0003316545878884658 CC:22 score:-605.0 
1664888068.740044 -- INFO: Throughput @33.1s:936.33Mbps, rtt :41.78ms cwnd: 290.2 lossRate: 0.0001820962925194843 CC:22 score:-604.0 
1664888069.033918 -- INFO: Iteration 9 Ends, Took 4.08 Seconds. Best Params: [22] and Score: -612.0.
1664888069.034091 -- INFO: Iteration 10 Starts ...
1664888069.034323 -- INFO: Changing concurrency to 22 ******
1664888069.035605 -- INFO: Process Status Bits from change concurrency are: 1 1 1 1 1 1 1 1 1 1 1 1 1 1 1 1 1 1 1 1 1 1 0 0 0 0 0 0 0 0 0 0
1664888069.036669 -- INFO: Active CC: 22
1664888069.727691 -- INFO: Throughput @34.1s:939.71Mbps, rtt :41.64ms cwnd: 287.9 lossRate: 9.932212648672808e-05 CC:22 score:-607.0 
1664888070.728446 -- INFO: Throughput @35.1s:945.28Mbps, rtt :41.65ms cwnd: 289.2 lossRate: 6.13971536279578e-05 CC:22 score:-611.0 
1664888071.728917 -- INFO: Throughput @36.1s:930.01Mbps, rtt :41.59ms cwnd: 296.3 lossRate: 0.00011058684753759952 CC:22 score:-601.0 
1664888072.744973 -- INFO: Throughput @37.1s:963.59Mbps, rtt :40.93ms cwnd: 296.5 lossRate: 7.268410277532132e-05 CC:22 score:-623.0 
1664888072.951785 -- INFO: Iteration 10 Ends, Took 3.92 Seconds. Best Params: [22] and Score: -612.0.
1664888072.952039 -- INFO: Iteration 11 Starts ...
1664888072.952332 -- INFO: Changing concurrency to 22 ******
1664888072.953170 -- INFO: Process Status Bits from change concurrency are: 1 1 1 1 1 1 1 1 1 1 1 1 1 1 1 1 1 1 1 1 1 1 0 0 0 0 0 0 0 0 0 0
1664888072.954501 -- INFO: Active CC: 22
1664888073.731299 -- INFO: Throughput @38.1s:936.12Mbps, rtt :41.71ms cwnd: 301.4 lossRate: 3.7371069809158405e-05 CC:22 score:-605.0 
1664888074.732481 -- INFO: Throughput @39.1s:945.18Mbps, rtt :41.21ms cwnd: 287.1 lossRate: 0.0004053904647248873 CC:22 score:-608.0 
1664888075.733374 -- INFO: Throughput @40.1s:948.17Mbps, rtt :41.05ms cwnd: 279.0 lossRate: 0.0005032650856778121 CC:22 score:-609.0 
1664888076.749430 -- INFO: Throughput @41.1s:937.0Mbps, rtt :40.44ms cwnd: 266.5 lossRate: 0.00021834855707995196 CC:22 score:-604.0 
1664888076.832749 -- INFO: Iteration 11 Ends, Took 3.88 Seconds. Best Params: [22] and Score: -612.0.
1664888076.832902 -- INFO: Iteration 12 Starts ...
1664888076.833133 -- INFO: Changing concurrency to 22 ******
1664888076.834044 -- INFO: Process Status Bits from change concurrency are: 1 1 1 1 1 1 1 1 1 1 1 1 1 1 1 1 1 1 1 1 1 1 0 0 0 0 0 0 0 0 0 0
1664888076.834992 -- INFO: Active CC: 22
1664888077.735517 -- INFO: Throughput @42.1s:947.97Mbps, rtt :41.16ms cwnd: 271.0 lossRate: 0.0002486016159105034 CC:22 score:-611.0 
1664888078.737167 -- INFO: Throughput @43.1s:944.85Mbps, rtt :41.2ms cwnd: 266.9 lossRate: 0.00030675975802790285 CC:22 score:-608.0 
1664888079.737181 -- INFO: Throughput @44.1s:945.43Mbps, rtt :41.4ms cwnd: 269.3 lossRate: 8.603736479842674e-05 CC:22 score:-611.0 
1664888080.634614 -- INFO: Iteration 12 Ends, Took 3.8 Seconds. Best Params: [22] and Score: -612.0.
1664888080.634774 -- INFO: Iteration 13 Starts ...
1664888080.635009 -- INFO: Changing concurrency to 22 ******
1664888080.635772 -- INFO: Process Status Bits from change concurrency are: 1 1 1 1 1 1 1 1 1 1 1 1 1 1 1 1 1 1 1 1 1 1 0 0 0 0 0 0 0 0 0 0
1664888080.636382 -- INFO: Active CC: 22
1664888080.739048 -- INFO: Throughput @45.1s:941.62Mbps, rtt :41.32ms cwnd: 271.9 lossRate: 8.595601507914093e-05 CC:22 score:-608.0 
1664888081.738618 -- INFO: Throughput @46.1s:943.75Mbps, rtt :41.41ms cwnd: 271.9 lossRate: 3.689356207341819e-05 CC:22 score:-610.0 
1664888082.739987 -- INFO: Throughput @47.1s:944.71Mbps, rtt :41.04ms cwnd: 273.0 lossRate: 0.00023336649594065122 CC:22 score:-609.0 
1664888083.741191 -- INFO: Throughput @48.1s:935.23Mbps, rtt :41.44ms cwnd: 282.8 lossRate: 0.0 CC:22 score:-605.0 
1664888084.510282 -- INFO: Iteration 13 Ends, Took 3.88 Seconds. Best Params: [22] and Score: -612.0.
1664888084.510502 -- INFO: Iteration 14 Starts ...
1664888084.510771 -- INFO: Changing concurrency to 22 ******
1664888084.511521 -- INFO: Process Status Bits from change concurrency are: 1 1 1 1 1 1 1 1 1 1 1 1 1 1 1 1 1 1 1 1 1 1 0 0 0 0 0 0 0 0 0 0
1664888084.512353 -- INFO: Active CC: 22
1664888084.742081 -- INFO: Throughput @49.1s:931.3Mbps, rtt :41.02ms cwnd: 282.2 lossRate: 8.59697386519945e-05 CC:22 score:-602.0 
1664888085.743103 -- INFO: Throughput @50.1s:950.05Mbps, rtt :41.23ms cwnd: 282.5 lossRate: 0.00012288182454933092 CC:22 score:-613.0 
1664888086.744838 -- INFO: Throughput @51.1s:940.04Mbps, rtt :41.37ms cwnd: 286.1 lossRate: 0.0 CC:22 score:-608.0 
1664888087.745431 -- INFO: Throughput @52.1s:941.13Mbps, rtt :41.26ms cwnd: 289.0 lossRate: 8.60479409956976e-05 CC:22 score:-608.0 
1664888088.408921 -- INFO: Iteration 14 Ends, Took 3.9 Seconds. Best Params: [22] and Score: -612.0.
1664888088.409173 -- INFO: Iteration 15 Starts ...
1664888088.409524 -- INFO: Changing concurrency to 22 ******
1664888088.410582 -- INFO: Process Status Bits from change concurrency are: 1 1 1 1 1 1 1 1 1 1 1 1 1 1 1 1 1 1 1 1 1 1 0 0 0 0 0 0 0 0 0 0
1664888088.411769 -- INFO: Active CC: 22
1664888088.746098 -- INFO: Throughput @53.1s:943.71Mbps, rtt :41.03ms cwnd: 290.9 lossRate: 0.00018414623666474335 CC:22 score:-609.0 
1664888089.747501 -- INFO: Throughput @54.1s:933.45Mbps, rtt :41.3ms cwnd: 311.1 lossRate: 0.0 CC:22 score:-604.0 
1664888090.747747 -- INFO: Throughput @55.1s:940.29Mbps, rtt :41.49ms cwnd: 311.1 lossRate: 0.0001106221883527127 CC:22 score:-607.0 
1664888091.750053 -- INFO: Throughput @56.1s:936.2Mbps, rtt :41.39ms cwnd: 313.9 lossRate: 0.0 CC:22 score:-606.0 
1664888092.445851 -- INFO: Iteration 15 Ends, Took 4.04 Seconds. Best Params: [22] and Score: -612.0.
1664888092.446131 -- INFO: Iteration 16 Starts ...
1664888092.446557 -- INFO: Changing concurrency to 22 ******
1664888092.447873 -- INFO: Process Status Bits from change concurrency are: 1 1 1 1 1 1 1 1 1 1 1 1 1 1 1 1 1 1 1 1 1 1 0 0 0 0 0 0 0 0 0 0
1664888092.449293 -- INFO: Active CC: 22
1664888092.749512 -- INFO: Throughput @57.1s:956.47Mbps, rtt :41.5ms cwnd: 317.6 lossRate: 0.00028303512096674953 CC:22 score:-616.0 
1664888093.750815 -- INFO: Throughput @58.1s:938.66Mbps, rtt :41.53ms cwnd: 321.8 lossRate: 0.0 CC:22 score:-607.0 
1664888094.751932 -- INFO: Throughput @59.1s:933.21Mbps, rtt :41.66ms cwnd: 323.4 lossRate: 0.0 CC:22 score:-604.0 
1664888095.752904 -- INFO: Throughput @60.1s:945.47Mbps, rtt :41.48ms cwnd: 324.5 lossRate: 0.0 CC:22 score:-612.0 
1664888096.279360 -- INFO: Iteration 16 Ends, Took 3.83 Seconds. Best Params: [22] and Score: -612.0.
1664888096.279620 -- INFO: Iteration 17 Starts ...
1664888096.279969 -- INFO: Changing concurrency to 22 ******
1664888096.280823 -- INFO: Process Status Bits from change concurrency are: 1 1 1 1 1 1 1 1 1 1 1 1 1 1 1 1 1 1 1 1 1 1 0 0 0 0 0 0 0 0 0 0
1664888096.281851 -- INFO: Active CC: 22
1664888096.754261 -- INFO: Throughput @61.1s:935.26Mbps, rtt :41.37ms cwnd: 339.5 lossRate: 0.00012291203185879864 CC:22 score:-604.0 
1664888097.755578 -- INFO: Throughput @62.1s:937.5Mbps, rtt :41.44ms cwnd: 339.0 lossRate: 6.138509324395663e-05 CC:22 score:-606.0 
1664888098.756363 -- INFO: Throughput @63.1s:947.09Mbps, rtt :41.48ms cwnd: 334.2 lossRate: 0.00025804548973347587 CC:22 score:-610.0 
1664888099.772255 -- INFO: Throughput @64.1s:942.88Mbps, rtt :41.45ms cwnd: 344.4 lossRate: 0.0 CC:22 score:-610.0 
1664888100.210442 -- INFO: Iteration 17 Ends, Took 3.93 Seconds. Best Params: [22] and Score: -612.0.
1664888100.210769 -- INFO: Iteration 18 Starts ...
1664888100.211128 -- INFO: Changing concurrency to 22 ******
1664888100.212444 -- INFO: Process Status Bits from change concurrency are: 1 1 1 1 1 1 1 1 1 1 1 1 1 1 1 1 1 1 1 1 1 1 0 0 0 0 0 0 0 0 0 0
1664888100.213712 -- INFO: Active CC: 22
1664888100.758182 -- INFO: Throughput @65.1s:942.25Mbps, rtt :40.84ms cwnd: 339.7 lossRate: 0.00021194629031654803 CC:22 score:-607.0 
1664888101.759095 -- INFO: Throughput @66.1s:946.58Mbps, rtt :41.21ms cwnd: 343.5 lossRate: 0.0 CC:22 score:-612.0 
1664888102.760917 -- INFO: Throughput @67.1s:953.27Mbps, rtt :41.15ms cwnd: 342.7 lossRate: 7.357900545710957e-05 CC:22 score:-616.0 
1664888103.767458 -- INFO: Throughput @68.1s:940.45Mbps, rtt :41.44ms cwnd: 352.3 lossRate: 0.00023236758105348124 CC:22 score:-606.0 
1664888104.137279 -- INFO: Iteration 18 Ends, Took 3.93 Seconds. Best Params: [22] and Score: -612.0.
1664888104.137532 -- INFO: Iteration 19 Starts ...
1664888104.137852 -- INFO: Changing concurrency to 22 ******
1664888104.138863 -- INFO: Process Status Bits from change concurrency are: 1 1 1 1 1 1 1 1 1 1 1 1 1 1 1 1 1 1 1 1 1 1 0 0 0 0 0 0 0 0 0 0
1664888104.139940 -- INFO: Active CC: 22
1664888104.762116 -- INFO: Throughput @69.1s:954.9Mbps, rtt :41.4ms cwnd: 352.5 lossRate: 0.0 CC:22 score:-618.0 
1664888105.763268 -- INFO: Throughput @70.1s:934.86Mbps, rtt :41.3ms cwnd: 344.5 lossRate: 0.00019646124188062524 CC:22 score:-603.0 
1664888106.764370 -- INFO: Throughput @71.1s:945.14Mbps, rtt :41.11ms cwnd: 338.7 lossRate: 0.00019657710122492105 CC:22 score:-609.0 
1664888107.779801 -- INFO: Throughput @72.1s:947.6Mbps, rtt :40.99ms cwnd: 358.1 lossRate: 0.0 CC:22 score:-613.0 
1664888108.193731 -- INFO: Iteration 19 Ends, Took 4.06 Seconds. Best Params: [22] and Score: -612.0.
1664888108.193963 -- INFO: Iteration 20 Starts ...
1664888108.194405 -- INFO: Changing concurrency to 22 ******
1664888108.195805 -- INFO: Process Status Bits from change concurrency are: 1 1 1 1 1 1 1 1 1 1 1 1 1 1 1 1 1 1 1 1 1 1 0 0 0 0 0 0 0 0 0 0
1664888108.197335 -- INFO: Active CC: 22
1664888108.765028 -- INFO: Throughput @73.1s:938.57Mbps, rtt :41.5ms cwnd: 361.5 lossRate: 0.0 CC:22 score:-607.0 
1664888109.766798 -- INFO: Throughput @74.1s:949.74Mbps, rtt :41.38ms cwnd: 351.2 lossRate: 0.0003070460937595952 CC:22 score:-611.0 
1664888110.767885 -- INFO: Throughput @75.1s:931.69Mbps, rtt :41.48ms cwnd: 349.5 lossRate: 3.683919690550746e-05 CC:22 score:-602.0 
1664888111.769103 -- INFO: Throughput @76.1s:943.3Mbps, rtt :41.49ms cwnd: 349.8 lossRate: 0.0 CC:22 score:-610.0 
1664888112.115735 -- INFO: Iteration 20 Ends, Took 3.92 Seconds. Best Params: [22] and Score: -612.0.
1664888112.115901 -- INFO: Iteration 21 Starts ...
1664888112.116176 -- INFO: Changing concurrency to 22 ******
1664888112.117464 -- INFO: Process Status Bits from change concurrency are: 1 1 1 1 1 1 1 1 1 1 1 1 1 1 1 1 1 1 1 1 1 1 0 0 0 0 0 0 0 0 0 0
1664888112.118427 -- INFO: Active CC: 22
1664888112.769584 -- INFO: Throughput @77.1s:940.31Mbps, rtt :41.15ms cwnd: 341.3 lossRate: 0.00029480045694070826 CC:22 score:-605.0 
1664888113.771020 -- INFO: Throughput @78.1s:940.12Mbps, rtt :41.62ms cwnd: 342.6 lossRate: 0.0 CC:22 score:-608.0 
1664888114.772588 -- INFO: Throughput @79.1s:940.12Mbps, rtt :41.47ms cwnd: 353.2 lossRate: 4.912254847781503e-05 CC:22 score:-608.0 
1664888115.802806 -- INFO: Throughput @80.1s:960.33Mbps, rtt :42.17ms cwnd: 342.7 lossRate: 0.0004965423695970741 CC:22 score:-616.0 
1664888116.096651 -- INFO: Iteration 21 Ends, Took 3.98 Seconds. Best Params: [22] and Score: -612.0.
1664888116.096906 -- INFO: Iteration 22 Starts ...
1664888116.097340 -- INFO: Changing concurrency to 22 ******
1664888116.098347 -- INFO: Process Status Bits from change concurrency are: 1 1 1 1 1 1 1 1 1 1 1 1 1 1 1 1 1 1 1 1 1 1 0 0 0 0 0 0 0 0 0 0
1664888116.099733 -- INFO: Active CC: 22
1664888116.774567 -- INFO: Throughput @81.1s:939.81Mbps, rtt :42.03ms cwnd: 318.0 lossRate: 0.00019926520953982192 CC:22 score:-606.0 
1664888117.774792 -- INFO: Throughput @82.1s:935.33Mbps, rtt :42.01ms cwnd: 337.4 lossRate: 0.0 CC:22 score:-605.0 
1664888118.776227 -- INFO: Throughput @83.1s:949.81Mbps, rtt :42.21ms cwnd: 337.5 lossRate: 0.0 CC:22 score:-614.0 
1664888119.788958 -- INFO: Throughput @84.1s:935.33Mbps, rtt :42.46ms cwnd: 337.8 lossRate: 0.0 CC:22 score:-605.0 
1664888120.041013 -- INFO: Iteration 22 Ends, Took 3.94 Seconds. Best Params: [22] and Score: -612.0.
1664888120.041211 -- INFO: Iteration 23 Starts ...
1664888120.041522 -- INFO: Changing concurrency to 22 ******
1664888120.042717 -- INFO: Process Status Bits from change concurrency are: 1 1 1 1 1 1 1 1 1 1 1 1 1 1 1 1 1 1 1 1 1 1 0 0 0 0 0 0 0 0 0 0
1664888120.043804 -- INFO: Active CC: 22
1664888120.778059 -- INFO: Throughput @85.1s:949.5Mbps, rtt :42.47ms cwnd: 329.9 lossRate: 0.00017385689094205598 CC:22 score:-613.0 
1664888121.778681 -- INFO: Throughput @86.1s:940.12Mbps, rtt :42.39ms cwnd: 328.3 lossRate: 3.686092373474879e-05 CC:22 score:-608.0 
1664888122.779951 -- INFO: Throughput @87.1s:955.12Mbps, rtt :42.23ms cwnd: 323.2 lossRate: 0.0003437691835481891 CC:22 score:-615.0 
1664888123.800394 -- INFO: Throughput @88.1s:935.81Mbps, rtt :42.16ms cwnd: 326.4 lossRate: 0.0 CC:22 score:-605.0 
1664888123.998201 -- INFO: Iteration 23 Ends, Took 3.96 Seconds. Best Params: [22] and Score: -612.0.
1664888123.998437 -- INFO: Iteration 24 Starts ...
1664888123.998846 -- INFO: Changing concurrency to 22 ******
1664888123.999971 -- INFO: Process Status Bits from change concurrency are: 1 1 1 1 1 1 1 1 1 1 1 1 1 1 1 1 1 1 1 1 1 1 0 0 0 0 0 0 0 0 0 0
1664888124.001368 -- INFO: Active CC: 22
1664888124.782086 -- INFO: Throughput @89.1s:944.21Mbps, rtt :42.44ms cwnd: 323.0 lossRate: 0.00013770655983975965 CC:22 score:-609.0 
1664888125.783714 -- INFO: Throughput @90.1s:930.12Mbps, rtt :42.22ms cwnd: 321.7 lossRate: 7.367477498495807e-05 CC:22 score:-601.0 
1664888126.784773 -- INFO: Throughput @91.1s:950.12Mbps, rtt :41.74ms cwnd: 336.3 lossRate: 0.0001718698208870938 CC:22 score:-613.0 
1664888127.800328 -- INFO: Throughput @92.1s:944.6Mbps, rtt :42.39ms cwnd: 340.6 lossRate: 0.00013412834863615856 CC:22 score:-610.0 
1664888127.880044 -- INFO: Iteration 24 Ends, Took 3.88 Seconds. Best Params: [22] and Score: -612.0.
1664888127.880264 -- INFO: Iteration 25 Starts ...
1664888127.880639 -- INFO: Changing concurrency to 22 ******
1664888127.881663 -- INFO: Process Status Bits from change concurrency are: 1 1 1 1 1 1 1 1 1 1 1 1 1 1 1 1 1 1 1 1 1 1 0 0 0 0 0 0 0 0 0 0
1664888127.883024 -- INFO: Active CC: 22
1664888128.786218 -- INFO: Throughput @93.1s:935.12Mbps, rtt :42.38ms cwnd: 344.1 lossRate: 0.0 CC:22 score:-605.0 
1664888129.786977 -- INFO: Throughput @94.1s:945.84Mbps, rtt :42.43ms cwnd: 345.8 lossRate: 0.0 CC:22 score:-612.0 
1664888130.787977 -- INFO: Throughput @95.1s:944.18Mbps, rtt :42.38ms cwnd: 346.7 lossRate: 0.0 CC:22 score:-611.0 
1664888131.716980 -- INFO: Iteration 25 Ends, Took 3.84 Seconds. Best Params: [22] and Score: -612.0.
1664888131.717235 -- INFO: Iteration 26 Starts ...
1664888131.717652 -- INFO: Changing concurrency to 22 ******
1664888131.718692 -- INFO: Process Status Bits from change concurrency are: 1 1 1 1 1 1 1 1 1 1 1 1 1 1 1 1 1 1 1 1 1 1 0 0 0 0 0 0 0 0 0 0
1664888131.720307 -- INFO: Active CC: 22
1664888131.790239 -- INFO: Throughput @96.1s:945.12Mbps, rtt :42.46ms cwnd: 350.2 lossRate: 9.812700087087713e-05 CC:22 score:-610.0 
1664888132.789914 -- INFO: Throughput @97.1s:945.12Mbps, rtt :41.75ms cwnd: 373.2 lossRate: 0.0 CC:22 score:-611.0 
1664888133.790799 -- INFO: Throughput @98.1s:939.6Mbps, rtt :41.74ms cwnd: 373.5 lossRate: 0.0 CC:22 score:-608.0 
1664888134.791730 -- INFO: Throughput @99.1s:945.12Mbps, rtt :41.75ms cwnd: 362.2 lossRate: 0.0003193240156223134 CC:22 score:-608.0 
1664888135.722440 -- INFO: Iteration 26 Ends, Took 4.0 Seconds. Best Params: [22] and Score: -612.0.
1664888135.722647 -- INFO: Iteration 27 Starts ...
1664888135.723078 -- INFO: Changing concurrency to 22 ******
1664888135.724229 -- INFO: Process Status Bits from change concurrency are: 1 1 1 1 1 1 1 1 1 1 1 1 1 1 1 1 1 1 1 1 1 1 0 0 0 0 0 0 0 0 0 0
1664888135.725368 -- INFO: Active CC: 22
1664888135.793508 -- INFO: Throughput @100.2s:855.34Mbps, rtt :41.88ms cwnd: 366.2 lossRate: 0.0 CC:22 score:-553.0 
1664888136.792194 -- INFO: Throughput @101.2s:939.15Mbps, rtt :41.87ms cwnd: 367.1 lossRate: 7.384524498160023e-05 CC:22 score:-607.0 
1664888137.794690 -- INFO: Throughput @102.2s:950.12Mbps, rtt :41.93ms cwnd: 366.4 lossRate: 2.4562480810561866e-05 CC:22 score:-614.0 
1664888138.796733 -- INFO: Throughput @103.2s:940.12Mbps, rtt :42.04ms cwnd: 366.6 lossRate: 0.0 CC:22 score:-608.0 
1664888139.591671 -- INFO: Iteration 27 Ends, Took 3.87 Seconds. Best Params: [22] and Score: -612.0.
1664888139.591864 -- INFO: Iteration 28 Starts ...
1664888139.592170 -- INFO: Changing concurrency to 22 ******
1664888139.593323 -- INFO: Process Status Bits from change concurrency are: 1 1 1 1 1 1 1 1 1 1 1 1 1 1 1 1 1 1 1 1 1 1 0 0 0 0 0 0 0 0 0 0
1664888139.594378 -- INFO: Active CC: 22
1664888139.796881 -- INFO: Throughput @104.2s:934.9Mbps, rtt :42.0ms cwnd: 358.4 lossRate: 0.00020883238130335973 CC:22 score:-603.0 
1664888140.798199 -- INFO: Throughput @105.2s:940.12Mbps, rtt :42.05ms cwnd: 352.5 lossRate: 0.00014738031490260618 CC:22 score:-607.0 
1664888141.799547 -- INFO: Throughput @106.2s:949.6Mbps, rtt :42.1ms cwnd: 348.1 lossRate: 0.00011058412994863982 CC:22 score:-613.0 
1664888142.800323 -- INFO: Throughput @107.2s:941.0Mbps, rtt :42.39ms cwnd: 337.9 lossRate: 0.00027020056250844375 CC:22 score:-606.0 
1664888143.633207 -- INFO: Iteration 28 Ends, Took 4.04 Seconds. Best Params: [22] and Score: -612.0.
1664888143.633376 -- INFO: Iteration 29 Starts ...
1664888143.633826 -- INFO: Changing concurrency to 22 ******
1664888143.634774 -- INFO: Process Status Bits from change concurrency are: 1 1 1 1 1 1 1 1 1 1 1 1 1 1 1 1 1 1 1 1 1 1 0 0 0 0 0 0 0 0 0 0
1664888143.635916 -- INFO: Active CC: 22
1664888143.800296 -- INFO: Throughput @108.2s:944.02Mbps, rtt :41.91ms cwnd: 333.7 lossRate: 0.00014742014742014743 CC:22 score:-609.0 
1664888144.802055 -- INFO: Throughput @109.2s:935.12Mbps, rtt :41.74ms cwnd: 327.5 lossRate: 0.00017196482091092223 CC:22 score:-603.0 
1664888145.803343 -- INFO: Throughput @110.2s:940.12Mbps, rtt :41.68ms cwnd: 327.6 lossRate: 0.00018417110723669672 CC:22 score:-606.0 
1664888146.804618 -- INFO: Throughput @111.2s:940.12Mbps, rtt :41.56ms cwnd: 330.6 lossRate: 0.0 CC:22 score:-608.0 
1664888147.352238 -- INFO: Iteration 29 Ends, Took 3.72 Seconds. Best Params: [22] and Score: -612.0.
1664888147.354586 -- INFO: Iteration 30 Starts ...
1664888147.355290 -- INFO: Changing concurrency to 1 ******
1664888147.356806 -- INFO: Process Status Bits from change concurrency are: 1 0 0 0 0 0 0 0 0 0 0 0 0 0 0 0 0 0 0 0 0 0 0 0 0 0 0 0 0 0 0 0
1664888147.357867 -- INFO: Active CC: 1
1664888147.816089 -- INFO: Throughput @112.2s:605.63Mbps, rtt :38.81ms cwnd: 236.8 lossRate: 0 CC:1 score:-594.0 
1664888148.814597 -- INFO: Throughput @113.2s:50.0Mbps, rtt :39.58ms cwnd: 602.0 lossRate: 0 CC:1 score:-49.0 
1664888149.816016 -- INFO: Throughput @114.2s:50.0Mbps, rtt :39.64ms cwnd: 602.0 lossRate: 0.0 CC:1 score:-49.0 
1664888150.820403 -- INFO: Throughput @115.2s:50.0Mbps, rtt :39.63ms cwnd: 602.0 lossRate: 0.0 CC:1 score:-49.0 
1664888151.060939 -- INFO: Iteration 30 Ends, Took 3.71 Seconds. Best Params: [22] and Score: -612.0.
1664888151.061075 -- INFO: Iteration 31 Starts ...
1664888151.061344 -- INFO: Changing concurrency to 22 ******
1664888151.062238 -- INFO: Start Process :: 1
1664888151.062529 -- INFO: Start Process :: 4
1664888151.062913 -- INFO: Start Process :: 5
1664888151.062959 -- INFO: Start Process :: 3
1664888151.063203 -- INFO: Start Process :: 2
1664888151.063689 -- INFO: Start Process :: 6
1664888151.063472 -- INFO: Start Process :: 7
1664888151.063897 -- INFO: Start Process :: 8
1664888151.064034 -- INFO: Start Process :: 9
1664888151.064323 -- INFO: Start Process :: 10
1664888151.064950 -- INFO: Start Process :: 18
1664888151.064595 -- INFO: Start Process :: 13
1664888151.064587 -- INFO: Start Process :: 11
1664888151.064864 -- INFO: Start Process :: 12
1664888151.065001 -- INFO: Start Process :: 15
1664888151.064797 -- INFO: Start Process :: 14
1664888151.065353 -- INFO: Start Process :: 20
1664888151.065098 -- INFO: Start Process :: 16
1664888151.065389 -- INFO: Start Process :: 17
1664888151.065893 -- INFO: Process Status Bits from change concurrency are: 1 1 1 1 1 1 1 1 1 1 1 1 1 1 1 1 1 1 1 1 1 1 0 0 0 0 0 0 0 0 0 0
1664888151.065637 -- INFO: Start Process :: 19
1664888151.066948 -- INFO: Active CC: 22
1664888151.066120 -- INFO: Start Process :: 21
1664888151.101603 -- INFO: Process 1 get item 28 from queue and executing
1664888151.101889 -- INFO: Process 4 get item 29 from queue and executing
1664888151.102052 -- INFO: starting 1, 28, /users/jamilm/files_to_Send/FILE2
1664888151.102380 -- INFO: starting 4, 29, /users/jamilm/files_to_Send/FILE1
1664888151.102439 -- INFO: Process 5 get item 30 from queue and executing
1664888151.102997 -- INFO: starting 5, 30, /users/jamilm/files_to_Send/FILE0
1664888151.103027 -- INFO: Process 3 get item 31 from queue and executing
1664888151.103514 -- INFO: starting 3, 31, /users/jamilm/files_to_Send/FILE3
1664888151.103616 -- INFO: Process 6 get item 25 from queue and executing
1664888151.103508 -- INFO: Process 2 get item 26 from queue and executing
1664888151.103800 -- INFO: Process 7 get item 27 from queue and executing
1664888151.104133 -- INFO: starting 6, 25, /users/jamilm/files_to_Send/FILE1
1664888151.104112 -- INFO: Process 9 get item 23 from queue and executing
1664888151.104501 -- INFO: starting 2, 26, /users/jamilm/files_to_Send/FILE0
1664888151.104566 -- INFO: starting 9, 23, /users/jamilm/files_to_Send/FILE3
1664888151.104648 -- INFO: Process 8 get item 22 from queue and executing
1664888151.104727 -- INFO: starting 7, 27, /users/jamilm/files_to_Send/FILE3
1664888151.104780 -- INFO: Process 10 get item 24 from queue and executing
1664888151.105045 -- INFO: starting 8, 22, /users/jamilm/files_to_Send/FILE0
1664888151.105326 -- INFO: Process 18 get item 8 from queue and executing
1664888151.105339 -- INFO: starting 10, 24, /users/jamilm/files_to_Send/FILE2
1664888151.105421 -- INFO: Process 15 get item 21 from queue and executing
1664888151.105636 -- INFO: Process 16 get item 3 from queue and executing
1664888151.105762 -- INFO: starting 18, 8, /users/jamilm/files_to_Send/FILE2
1664888151.105915 -- INFO: Process 19 get item 17 from queue and executing
1664888151.106015 -- INFO: Process 20 get item 6 from queue and executing
1664888151.106061 -- INFO: starting 15, 21, /users/jamilm/files_to_Send/FILE1
1664888151.106099 -- INFO: Process 14 get item 13 from queue and executing
1664888151.106221 -- INFO: starting 16, 3, /users/jamilm/files_to_Send/FILE3
1664888151.106261 -- INFO: Process 13 get item 16 from queue and executing
1664888151.106344 -- INFO: starting 19, 17, /users/jamilm/files_to_Send/FILE1
1664888151.106443 -- INFO: starting 20, 6, /users/jamilm/files_to_Send/FILE0
1664888151.106494 -- INFO: Process 12 get item 10 from queue and executing
1664888151.106607 -- INFO: starting 14, 13, /users/jamilm/files_to_Send/FILE1
1664888151.106717 -- INFO: starting 13, 16, /users/jamilm/files_to_Send/FILE2
1664888151.106712 -- INFO: Process 11 get item 14 from queue and executing
1664888151.106834 -- INFO: Process 21 get item 4 from queue and executing
1664888151.106909 -- INFO: starting 12, 10, /users/jamilm/files_to_Send/FILE0
1664888151.106988 -- INFO: Process 17 get item 1 from queue and executing
1664888151.107354 -- INFO: starting 11, 14, /users/jamilm/files_to_Send/FILE0
1664888151.107396 -- INFO: starting 21, 4, /users/jamilm/files_to_Send/FILE2
1664888151.107552 -- INFO: starting 17, 1, /users/jamilm/files_to_Send/FILE1
1664888151.810326 -- INFO: Throughput @116.2s:632.9Mbps, rtt :39.14ms cwnd: 171.4 lossRate: 9.842761878983243e-05 CC:22 score:-409.0 
1664888152.809889 -- INFO: Throughput @117.2s:897.83Mbps, rtt :40.7ms cwnd: 272.0 lossRate: 0.0 CC:22 score:-581.0 
1664888153.811083 -- INFO: Throughput @118.2s:932.0Mbps, rtt :40.87ms cwnd: 295.5 lossRate: 8.598980406608931e-05 CC:22 score:-602.0 
1664888154.811889 -- INFO: Throughput @119.2s:943.89Mbps, rtt :40.92ms cwnd: 293.3 lossRate: 9.827285458074343e-05 CC:22 score:-610.0 
1664888154.998228 -- INFO: Iteration 31 Ends, Took 3.94 Seconds. Best Params: [22] and Score: -612.0.
1664888154.998452 -- INFO: Iteration 32 Starts ...
1664888154.998927 -- INFO: Changing concurrency to 23 ******
1664888154.999923 -- INFO: Process Status Bits from change concurrency are: 1 1 1 1 1 1 1 1 1 1 1 1 1 1 1 1 1 1 1 1 1 1 1 0 0 0 0 0 0 0 0 0
1664888155.000753 -- INFO: Active CC: 23
1664888155.000949 -- INFO: Start Process :: 22
1664888155.042914 -- INFO: Process 22 get item 12 from queue and executing
1664888155.043403 -- INFO: starting 22, 12, /users/jamilm/files_to_Send/FILE2
1664888155.813427 -- INFO: Throughput @120.2s:949.49Mbps, rtt :40.96ms cwnd: 284.7 lossRate: 0.00013512351517682754 CC:23 score:-601.0 
1664888156.814006 -- INFO: Throughput @121.2s:942.75Mbps, rtt :41.4ms cwnd: 285.7 lossRate: 0.00013518661898265924 CC:23 score:-597.0 
1664888157.815200 -- INFO: Throughput @122.2s:944.69Mbps, rtt :41.02ms cwnd: 275.8 lossRate: 0.00025770665619477713 CC:23 score:-597.0 
1664888158.784057 -- INFO: Iteration 32 Ends, Took 3.79 Seconds. Best Params: [22] and Score: -612.0.
1664888158.787507 -- INFO: Iteration 33 Starts ...
1664888158.788316 -- INFO: Changing concurrency to 32 ******
1664888158.790018 -- INFO: Process Status Bits from change concurrency are: 1 1 1 1 1 1 1 1 1 1 1 1 1 1 1 1 1 1 1 1 1 1 1 1 1 1 1 1 1 1 1 1
1664888158.790697 -- INFO: Active CC: 32
1664888158.791915 -- INFO: Start Process :: 24
1664888158.792681 -- INFO: Start Process :: 23
1664888158.792873 -- INFO: Start Process :: 27
1664888158.793680 -- INFO: Start Process :: 30
1664888158.794158 -- INFO: Start Process :: 26
1664888158.797482 -- INFO: Start Process :: 29
1664888158.799691 -- INFO: Start Process :: 25
1664888158.803806 -- INFO: Start Process :: 28
1664888158.804866 -- INFO: Start Process :: 31
1664888158.815994 -- INFO: Throughput @123.2s:937.0Mbps, rtt :41.7ms cwnd: 200.8 lossRate: 0.00011043351289004503 CC:32 score:-496.0 
1664888158.835336 -- INFO: Process 30 get item 15 from queue and executing
1664888158.835542 -- INFO: Process 23 get item 18 from queue and executing
1664888158.835610 -- INFO: starting 30, 15, /users/jamilm/files_to_Send/FILE3
1664888158.835691 -- INFO: Process 27 get item 11 from queue and executing
1664888158.835750 -- INFO: Process 24 get item 20 from queue and executing
1664888158.835940 -- INFO: starting 23, 18, /users/jamilm/files_to_Send/FILE0
1664888158.836140 -- INFO: starting 27, 11, /users/jamilm/files_to_Send/FILE3
1664888158.836174 -- INFO: starting 24, 20, /users/jamilm/files_to_Send/FILE2
1664888158.837970 -- INFO: Process 26 get item 19 from queue and executing
1664888158.838636 -- INFO: starting 26, 19, /users/jamilm/files_to_Send/FILE3
1664888158.841666 -- INFO: Process 29 get item 9 from queue and executing
1664888158.842044 -- INFO: starting 29, 9, /users/jamilm/files_to_Send/FILE1
1664888158.842265 -- INFO: Process 25 get item 5 from queue and executing
1664888158.842636 -- INFO: starting 25, 5, /users/jamilm/files_to_Send/FILE1
1664888158.846573 -- INFO: Process 28 get item 2 from queue and executing
1664888158.846894 -- INFO: starting 28, 2, /users/jamilm/files_to_Send/FILE0
1664888158.847480 -- INFO: Process 31 get item 7 from queue and executing
1664888158.847782 -- INFO: starting 31, 7, /users/jamilm/files_to_Send/FILE3
1664888159.816451 -- INFO: Throughput @124.2s:1030.79Mbps, rtt :42.75ms cwnd: 220.0 lossRate: 2.460811575657652e-05 CC:32 score:-547.0 
1664888160.816252 -- INFO: Throughput @125.2s:950.28Mbps, rtt :42.77ms cwnd: 220.2 lossRate: 0.0 CC:32 score:-504.0 
1664888161.820247 -- INFO: Throughput @126.2s:942.31Mbps, rtt :42.8ms cwnd: 216.9 lossRate: 6.135496300295731e-05 CC:32 score:-499.0 
1664888162.532166 -- INFO: Iteration 33 Ends, Took 3.74 Seconds. Best Params: [22] and Score: -612.0.
1664888162.532377 -- INFO: Iteration 34 Starts ...
1664888162.532638 -- INFO: Changing concurrency to 20 ******
1664888162.532789 -- INFO: Process Status Bits from change concurrency are: 1 1 1 1 1 1 1 1 1 1 1 1 1 1 1 1 1 1 1 1 0 0 0 0 0 0 0 0 0 0 0 0
1664888162.532946 -- INFO: Active CC: 20
1664888162.821022 -- INFO: Throughput @127.2s:908.27Mbps, rtt :41.69ms cwnd: 197.5 lossRate: 0.008492569002123142 CC:20 score:-534.0 
1664888163.821372 -- INFO: Throughput @128.2s:873.69Mbps, rtt :41.24ms cwnd: 288.1 lossRate: 0 CC:20 score:-588.0 
1664888164.822146 -- INFO: Throughput @129.2s:934.69Mbps, rtt :40.83ms cwnd: 321.6 lossRate: 0.0 CC:20 score:-629.0 
1664888165.823378 -- INFO: Throughput @130.2s:926.27Mbps, rtt :40.72ms cwnd: 333.8 lossRate: 0.0 CC:20 score:-623.0 
1664888166.403201 -- INFO: Iteration 34 Ends, Took 3.87 Seconds. Best Params: [22] and Score: -612.0.
1664888166.403427 -- INFO: Iteration 35 Starts ...
1664888166.403794 -- INFO: Changing concurrency to 24 ******
1664888166.405149 -- INFO: Process Status Bits from change concurrency are: 1 1 1 1 1 1 1 1 1 1 1 1 1 1 1 1 1 1 1 1 1 1 1 1 0 0 0 0 0 0 0 0
1664888166.405270 -- INFO: Start Process :: 20
1664888166.405425 -- INFO: Start Process :: 23
1664888166.405619 -- INFO: Start Process :: 22
1664888166.405811 -- INFO: Start Process :: 21
1664888166.406173 -- INFO: Active CC: 24
1664888166.446369 -- INFO: Process 22 get item 18 from queue and executing
1664888166.446747 -- INFO: starting 22, 18, /users/jamilm/files_to_Send/FILE0
1664888166.447057 -- INFO: Process 21 get item 7 from queue and executing
1664888166.447506 -- INFO: starting 21, 7, /users/jamilm/files_to_Send/FILE3
1664888166.447585 -- INFO: Process 23 get item 11 from queue and executing
1664888166.448042 -- INFO: Process 20 get item 4 from queue and executing
1664888166.448079 -- INFO: starting 23, 11, /users/jamilm/files_to_Send/FILE3
1664888166.448314 -- INFO: starting 20, 4, /users/jamilm/files_to_Send/FILE2
1664888166.823502 -- INFO: Throughput @131.2s:958.66Mbps, rtt :41.73ms cwnd: 297.2 lossRate: 0.00014759784507146196 CC:24 score:-595.0 
1664888167.824897 -- INFO: Throughput @132.2s:963.81Mbps, rtt :42.0ms cwnd: 301.8 lossRate: 9.824751003966744e-05 CC:24 score:-598.0 
1664888168.825792 -- INFO: Throughput @133.2s:942.69Mbps, rtt :42.19ms cwnd: 303.0 lossRate: 2.4552831555299114e-05 CC:24 score:-586.0 
1664888169.841071 -- INFO: Throughput @134.2s:932.29Mbps, rtt :42.31ms cwnd: 302.2 lossRate: 3.662288197665902e-05 CC:24 score:-579.0 
1664888170.300660 -- INFO: Iteration 35 Ends, Took 3.9 Seconds. Best Params: [22] and Score: -612.0.
1664888170.300857 -- INFO: Iteration 36 Starts ...
1664888170.301168 -- INFO: Changing concurrency to 24 ******
1664888170.301966 -- INFO: Process Status Bits from change concurrency are: 1 1 1 1 1 1 1 1 1 1 1 1 1 1 1 1 1 1 1 1 1 1 1 1 0 0 0 0 0 0 0 0
1664888170.302652 -- INFO: Active CC: 24
1664888170.828120 -- INFO: Throughput @135.2s:943.43Mbps, rtt :42.23ms cwnd: 299.3 lossRate: 0.00021023732083451848 CC:24 score:-585.0 
1664888171.830081 -- INFO: Throughput @136.2s:949.95Mbps, rtt :42.08ms cwnd: 297.8 lossRate: 6.138207888824778e-05 CC:24 score:-590.0 
1664888172.829831 -- INFO: Throughput @137.2s:935.39Mbps, rtt :42.04ms cwnd: 303.0 lossRate: 0.0 CC:24 score:-582.0 
1664888173.850682 -- INFO: Throughput @138.2s:947.14Mbps, rtt :42.53ms cwnd: 303.8 lossRate: 8.454106280193237e-05 CC:24 score:-588.0 
1664888174.123326 -- INFO: Iteration 36 Ends, Took 3.82 Seconds. Best Params: [22] and Score: -612.0.
1664888174.123578 -- INFO: Iteration 37 Starts ...
1664888174.123916 -- INFO: Changing concurrency to 20 ******
1664888174.124753 -- INFO: Process Status Bits from change concurrency are: 1 1 1 1 1 1 1 1 1 1 1 1 1 1 1 1 1 1 1 1 0 0 0 0 0 0 0 0 0 0 0 0
1664888174.125374 -- INFO: Active CC: 20
1664888174.832620 -- INFO: Throughput @139.2s:917.64Mbps, rtt :41.83ms cwnd: 370.4 lossRate: 0.0003919135177504164 CC:20 score:-614.0 
1664888175.832942 -- INFO: Throughput @140.2s:910.2Mbps, rtt :40.52ms cwnd: 371.3 lossRate: 0.00018459948066012775 CC:20 score:-611.0 
1664888176.834931 -- INFO: Throughput @141.2s:930.15Mbps, rtt :41.13ms cwnd: 392.6 lossRate: 0.0 CC:20 score:-626.0 
1664888177.836621 -- INFO: Throughput @142.2s:945.02Mbps, rtt :41.48ms cwnd: 402.3 lossRate: 0.0 CC:20 score:-636.0 
1664888178.012140 -- INFO: Iteration 37 Ends, Took 3.89 Seconds. Best Params: [20] and Score: -617.0.
1664888178.012474 -- INFO: Iteration 38 Starts ...
1664888178.012902 -- INFO: Changing concurrency to 19 ******
1664888178.014648 -- INFO: Process Status Bits from change concurrency are: 1 1 1 1 1 1 1 1 1 1 1 1 1 1 1 1 1 1 1 0 0 0 0 0 0 0 0 0 0 0 0 0
1664888178.016264 -- INFO: Active CC: 19
1664888178.836111 -- INFO: Throughput @143.2s:915.18Mbps, rtt :40.36ms cwnd: 416.0 lossRate: 0 CC:19 score:-628.0 
1664888179.836880 -- INFO: Throughput @144.2s:921.95Mbps, rtt :40.29ms cwnd: 418.7 lossRate: 0.0 CC:19 score:-633.0 
1664888180.839241 -- INFO: Throughput @145.2s:934.0Mbps, rtt :40.39ms cwnd: 422.4 lossRate: 0.0 CC:19 score:-641.0 
1664888181.869304 -- INFO: Throughput @146.2s:950.95Mbps, rtt :41.21ms cwnd: 427.7 lossRate: 0.0 CC:19 score:-653.0 
1664888181.909322 -- INFO: Iteration 38 Ends, Took 3.9 Seconds. Best Params: [19] and Score: -634.0.
1664888181.909573 -- INFO: Iteration 39 Starts ...
1664888181.909994 -- INFO: Changing concurrency to 17 ******
1664888181.912416 -- INFO: Process Status Bits from change concurrency are: 1 1 1 1 1 1 1 1 1 1 1 1 1 1 1 1 1 0 0 0 0 0 0 0 0 0 0 0 0 0 0 0
1664888181.913500 -- INFO: Active CC: 17
1664888182.839720 -- INFO: Throughput @147.2s:855.05Mbps, rtt :39.92ms cwnd: 440.4 lossRate: 0 CC:17 score:-611.0 
1664888183.840998 -- INFO: Throughput @148.2s:855.0Mbps, rtt :39.77ms cwnd: 427.8 lossRate: 0.0003532272745798633 CC:17 score:-608.0 
1664888184.841990 -- INFO: Throughput @149.2s:850.0Mbps, rtt :39.74ms cwnd: 434.2 lossRate: 0.0 CC:17 score:-607.0 
1664888185.828844 -- INFO: Iteration 39 Ends, Took 3.92 Seconds. Best Params: [19] and Score: -634.0.
1664888185.829168 -- INFO: Iteration 40 Starts ...
1664888185.829600 -- INFO: Changing concurrency to 17 ******
1664888185.832525 -- INFO: Process Status Bits from change concurrency are: 1 1 1 1 1 1 1 1 1 1 1 1 1 1 1 1 1 0 0 0 0 0 0 0 0 0 0 0 0 0 0 0
1664888185.834994 -- INFO: Active CC: 17
1664888185.844581 -- INFO: Throughput @150.2s:850.0Mbps, rtt :39.83ms cwnd: 440.2 lossRate: 0.0 CC:17 score:-607.0 
1664888186.844564 -- INFO: Throughput @151.2s:850.0Mbps, rtt :39.72ms cwnd: 437.9 lossRate: 0.0001904036557501904 CC:17 score:-605.0 
1664888187.844908 -- INFO: Throughput @152.2s:850.0Mbps, rtt :39.8ms cwnd: 443.0 lossRate: 0.0 CC:17 score:-607.0 
1664888188.846967 -- INFO: Throughput @153.2s:850.0Mbps, rtt :39.83ms cwnd: 447.1 lossRate: 0.0 CC:17 score:-607.0 
1664888189.693797 -- INFO: Iteration 40 Ends, Took 3.86 Seconds. Best Params: [19] and Score: -634.0.
1664888189.693985 -- INFO: Iteration 41 Starts ...
1664888189.694228 -- INFO: Changing concurrency to 16 ******
1664888189.695936 -- INFO: Process Status Bits from change concurrency are: 1 1 1 1 1 1 1 1 1 1 1 1 1 1 1 1 0 0 0 0 0 0 0 0 0 0 0 0 0 0 0 0
1664888189.697819 -- INFO: Active CC: 16
1664888189.850862 -- INFO: Throughput @154.2s:845.0Mbps, rtt :39.96ms cwnd: 450.1 lossRate: 0 CC:16 score:-616.0 
1664888190.849320 -- INFO: Throughput @155.2s:800.0Mbps, rtt :40.25ms cwnd: 439.4 lossRate: 0.00031838837592983876 CC:16 score:-580.0 
1664888191.849224 -- INFO: Throughput @156.2s:800.0Mbps, rtt :39.93ms cwnd: 432.0 lossRate: 0.0002894230351793699 CC:16 score:-580.0 
1664888192.850655 -- INFO: Throughput @157.2s:800.0Mbps, rtt :39.95ms cwnd: 429.2 lossRate: 0.00021653145480266767 CC:16 score:-581.0 
1664888193.557530 -- INFO: Iteration 41 Ends, Took 3.86 Seconds. Best Params: [19] and Score: -634.0.
1664888193.557756 -- INFO: Iteration 42 Starts ...
1664888193.558094 -- INFO: Changing concurrency to 19 ******
1664888193.560288 -- INFO: Process Status Bits from change concurrency are: 1 1 1 1 1 1 1 1 1 1 1 1 1 1 1 1 1 1 1 0 0 0 0 0 0 0 0 0 0 0 0 0
1664888193.560061 -- INFO: Start Process :: 18
1664888193.560174 -- INFO: Start Process :: 16
1664888193.560316 -- INFO: Start Process :: 17
1664888193.562112 -- INFO: Active CC: 19
1664888193.599795 -- INFO: Process 18 get item 20 from queue and executing
1664888193.600076 -- INFO: Process 16 get item 9 from queue and executing
1664888193.600179 -- INFO: Process 17 get item 6 from queue and executing
1664888193.600296 -- INFO: starting 18, 20, /users/jamilm/files_to_Send/FILE2
1664888193.600561 -- INFO: starting 16, 9, /users/jamilm/files_to_Send/FILE1
1664888193.600739 -- INFO: starting 17, 6, /users/jamilm/files_to_Send/FILE0
1664888193.850362 -- INFO: Throughput @158.2s:830.0Mbps, rtt :40.14ms cwnd: 396.1 lossRate: 0.00017173524150268337 CC:19 score:-568.0 
1664888194.852720 -- INFO: Throughput @159.2s:950.0Mbps, rtt :41.39ms cwnd: 405.3 lossRate: 0.00033046522159529024 CC:19 score:-649.0 
1664888195.853119 -- INFO: Throughput @160.2s:945.0Mbps, rtt :41.01ms cwnd: 413.8 lossRate: 6.143185364475188e-05 CC:19 score:-648.0 
1664888196.854704 -- INFO: Throughput @161.2s:950.0Mbps, rtt :40.9ms cwnd: 395.6 lossRate: 0.00015955618832539644 CC:19 score:-651.0 
1664888197.232502 -- INFO: Process 0 finished on working on file 0 
1664888197.234209 -- INFO: Process 0 get item 5 from queue and executing
1664888197.234857 -- INFO: starting 0, 5, /users/jamilm/files_to_Send/FILE1
1664888197.565571 -- INFO: Iteration 42 Ends, Took 4.01 Seconds. Best Params: [19] and Score: -634.0.
1664888197.565864 -- INFO: Iteration 43 Starts ...
1664888197.566240 -- INFO: Changing concurrency to 19 ******
1664888197.567589 -- INFO: Process Status Bits from change concurrency are: 1 1 1 1 1 1 1 1 1 1 1 1 1 1 1 1 1 1 1 0 0 0 0 0 0 0 0 0 0 0 0 0
1664888197.569546 -- INFO: Active CC: 19
1664888197.854870 -- INFO: Throughput @162.2s:945.0Mbps, rtt :41.92ms cwnd: 396.6 lossRate: 0.00011072425968529705 CC:19 score:-648.0 
1664888198.856321 -- INFO: Throughput @163.2s:939.93Mbps, rtt :41.93ms cwnd: 402.7 lossRate: 0.0 CC:19 score:-645.0 
1664888199.857435 -- INFO: Throughput @164.2s:940.07Mbps, rtt :41.62ms cwnd: 409.5 lossRate: 0.0 CC:19 score:-645.0 
1664888199.886544 -- INFO: Process 13 finished on working on file 16 
1664888199.887291 -- INFO: Process 13 get item 19 from queue and executing
1664888199.887670 -- INFO: starting 13, 19, /users/jamilm/files_to_Send/FILE3
1664888200.858286 -- INFO: Throughput @165.2s:945.0Mbps, rtt :41.87ms cwnd: 408.3 lossRate: 6.142279768558898e-05 CC:19 score:-648.0 
1664888201.474602 -- INFO: Iteration 43 Ends, Took 3.91 Seconds. Best Params: [19] and Score: -646.0.
1664888201.475102 -- INFO: Iteration 44 Starts ...
1664888201.475747 -- INFO: Changing concurrency to 13 ******
1664888201.477990 -- INFO: Process Status Bits from change concurrency are: 1 1 1 1 1 1 1 1 1 1 1 1 1 0 0 0 0 0 0 0 0 0 0 0 0 0 0 0 0 0 0 0
1664888201.480805 -- INFO: Active CC: 13
1664888201.860702 -- INFO: Throughput @166.2s:825.0Mbps, rtt :39.29ms cwnd: 393.2 lossRate: 0 CC:13 score:-638.0 
1664888202.862525 -- INFO: Throughput @167.2s:650.0Mbps, rtt :39.32ms cwnd: 395.8 lossRate: 0.0 CC:13 score:-502.0 
1664888203.862092 -- INFO: Throughput @168.2s:650.0Mbps, rtt :39.3ms cwnd: 397.7 lossRate: 0.0 CC:13 score:-502.0 
1664888204.886890 -- INFO: Throughput @169.2s:650.0Mbps, rtt :39.67ms cwnd: 400.5 lossRate: 0.0 CC:13 score:-502.0 
1664888205.168175 -- INFO: Process 11 finished on working on file 14 
1664888205.169125 -- INFO: Process 11 get item 15 from queue and executing
1664888205.169670 -- INFO: starting 11, 15, /users/jamilm/files_to_Send/FILE3
1664888205.180214 -- INFO: Iteration 44 Ends, Took 3.7 Seconds. Best Params: [19] and Score: -646.0.
1664888205.180504 -- INFO: Iteration 45 Starts ...
1664888205.181028 -- INFO: Changing concurrency to 18 ******
1664888205.186502 -- INFO: Start Process :: 14
1664888205.186672 -- INFO: Process Status Bits from change concurrency are: 1 1 1 1 1 1 1 1 1 1 1 1 1 1 1 1 1 1 0 0 0 0 0 0 0 0 0 0 0 0 0 0
1664888205.186608 -- INFO: Start Process :: 13
1664888205.186717 -- INFO: Start Process :: 15
1664888205.186849 -- INFO: Start Process :: 16
1664888205.187000 -- INFO: Start Process :: 17
1664888205.188003 -- INFO: Active CC: 18
1664888205.225943 -- INFO: Process 14 get item 12 from queue and executing
1664888205.226289 -- INFO: starting 14, 12, /users/jamilm/files_to_Send/FILE2
1664888205.226407 -- INFO: Process 13 get item 2 from queue and executing
1664888205.226518 -- INFO: Process 16 get item 18 from queue and executing
1664888205.226722 -- INFO: starting 13, 2, /users/jamilm/files_to_Send/FILE0
1664888205.226772 -- INFO: Process 15 get item 7 from queue and executing
1664888205.226815 -- INFO: starting 16, 18, /users/jamilm/files_to_Send/FILE0
1664888205.226906 -- INFO: Process 17 get item 11 from queue and executing
1664888205.227062 -- INFO: starting 15, 7, /users/jamilm/files_to_Send/FILE3
1664888205.227354 -- INFO: starting 17, 11, /users/jamilm/files_to_Send/FILE3
1664888205.864169 -- INFO: Throughput @170.2s:820.0Mbps, rtt :40.89ms cwnd: 369.7 lossRate: 0.0 CC:18 score:-574.0 
1664888206.864665 -- INFO: Throughput @171.2s:900.0Mbps, rtt :40.22ms cwnd: 415.3 lossRate: 0.0 CC:18 score:-630.0 
1664888207.865241 -- INFO: Throughput @172.2s:900.0Mbps, rtt :40.1ms cwnd: 418.4 lossRate: 0.0 CC:18 score:-630.0 
1664888208.887334 -- INFO: Throughput @173.2s:880.0Mbps, rtt :39.85ms cwnd: 420.9 lossRate: 0.0 CC:18 score:-616.0 
1664888208.945303 -- INFO: Iteration 45 Ends, Took 3.76 Seconds. Best Params: [19] and Score: -646.0.
1664888208.947968 -- INFO: Iteration 46 Starts ...
1664888208.948675 -- INFO: Changing concurrency to 18 ******
1664888208.951083 -- INFO: Process Status Bits from change concurrency are: 1 1 1 1 1 1 1 1 1 1 1 1 1 1 1 1 1 1 0 0 0 0 0 0 0 0 0 0 0 0 0 0
1664888208.953774 -- INFO: Active CC: 18
1664888209.867628 -- INFO: Throughput @174.2s:900.0Mbps, rtt :39.93ms cwnd: 414.8 lossRate: 0.00015627238276315618 CC:18 score:-629.0 
1664888210.867814 -- INFO: Throughput @175.2s:900.0Mbps, rtt :40.09ms cwnd: 410.0 lossRate: 0.00016728433189211448 CC:18 score:-629.0 
1664888211.461143 -- INFO: Process 12 finished on working on file 10 
1664888211.462149 -- INFO: Process 12 get item 4 from queue and executing
1664888211.462473 -- INFO: starting 12, 4, /users/jamilm/files_to_Send/FILE2
1664888211.869668 -- INFO: Throughput @176.2s:900.0Mbps, rtt :40.08ms cwnd: 413.4 lossRate: 0.0 CC:18 score:-630.0 
1664888212.752344 -- INFO: Iteration 46 Ends, Took 3.8 Seconds. Best Params: [19] and Score: -646.0.
1664888212.754554 -- INFO: Iteration 47 Starts ...
1664888212.755300 -- INFO: Changing concurrency to 18 ******
1664888212.758399 -- INFO: Process Status Bits from change concurrency are: 1 1 1 1 1 1 1 1 1 1 1 1 1 1 1 1 1 1 0 0 0 0 0 0 0 0 0 0 0 0 0 0
1664888212.760351 -- INFO: Active CC: 18
1664888212.871473 -- INFO: Throughput @177.2s:890.0Mbps, rtt :40.95ms cwnd: 405.3 lossRate: 0.00023476933912431035 CC:18 score:-621.0 
1664888213.872925 -- INFO: Throughput @178.2s:905.0Mbps, rtt :41.26ms cwnd: 397.6 lossRate: 0.0003087690407575134 CC:18 score:-631.0 
1664888214.872806 -- INFO: Throughput @179.2s:905.0Mbps, rtt :41.0ms cwnd: 404.7 lossRate: 0.0 CC:18 score:-634.0 
1664888215.874417 -- INFO: Throughput @180.2s:900.0Mbps, rtt :40.94ms cwnd: 409.8 lossRate: 0.0 CC:18 score:-630.0 
1664888216.707387 -- INFO: Iteration 47 Ends, Took 3.95 Seconds. Best Params: [19] and Score: -646.0.
1664888216.707643 -- INFO: Iteration 48 Starts ...
1664888216.708132 -- INFO: Changing concurrency to 18 ******
1664888216.709708 -- INFO: Process Status Bits from change concurrency are: 1 1 1 1 1 1 1 1 1 1 1 1 1 1 1 1 1 1 0 0 0 0 0 0 0 0 0 0 0 0 0 0
1664888216.711155 -- INFO: Active CC: 18
1664888216.874475 -- INFO: Throughput @181.2s:890.0Mbps, rtt :41.67ms cwnd: 414.4 lossRate: 0.0 CC:18 score:-623.0 
1664888217.875604 -- INFO: Throughput @182.2s:900.0Mbps, rtt :41.45ms cwnd: 413.2 lossRate: 0.0001155727915965739 CC:18 score:-629.0 
1664888218.876388 -- INFO: Throughput @183.2s:900.0Mbps, rtt :41.6ms cwnd: 399.8 lossRate: 0.00038532675709001234 CC:18 score:-627.0 
1664888219.877968 -- INFO: Throughput @184.2s:900.0Mbps, rtt :41.45ms cwnd: 388.6 lossRate: 0.00041182451128013073 CC:18 score:-626.0 
1664888220.546888 -- INFO: Iteration 48 Ends, Took 3.84 Seconds. Best Params: [19] and Score: -646.0.
1664888220.547170 -- INFO: Iteration 49 Starts ...
1664888220.547621 -- INFO: Changing concurrency to 19 ******
1664888220.549085 -- INFO: Process Status Bits from change concurrency are: 1 1 1 1 1 1 1 1 1 1 1 1 1 1 1 1 1 1 1 0 0 0 0 0 0 0 0 0 0 0 0 0
1664888220.549258 -- INFO: Start Process :: 18
1664888220.550432 -- INFO: Active CC: 19
1664888220.589022 -- INFO: Process 18 get item 17 from queue and executing
1664888220.589352 -- INFO: starting 18, 17, /users/jamilm/files_to_Send/FILE1
1664888220.877732 -- INFO: Throughput @185.2s:905.0Mbps, rtt :41.35ms cwnd: 387.7 lossRate: 0.0 CC:19 score:-621.0 
1664888221.880546 -- INFO: Throughput @186.2s:950.0Mbps, rtt :42.3ms cwnd: 398.4 lossRate: 3.670847353930866e-05 CC:19 score:-652.0 
1664888222.880178 -- INFO: Throughput @187.2s:960.0Mbps, rtt :42.44ms cwnd: 394.2 lossRate: 0.00011068885363243921 CC:19 score:-658.0 
1664888223.882923 -- INFO: Throughput @188.2s:950.0Mbps, rtt :42.5ms cwnd: 394.8 lossRate: 0.0 CC:19 score:-652.0 
1664888224.506283 -- INFO: Iteration 49 Ends, Took 3.96 Seconds. Best Params: [19] and Score: -646.0.
1664888224.506487 -- INFO: Iteration 50 Starts ...
1664888224.506848 -- INFO: Changing concurrency to 19 ******
1664888224.508803 -- INFO: Process Status Bits from change concurrency are: 1 1 1 1 1 1 1 1 1 1 1 1 1 1 1 1 1 1 1 0 0 0 0 0 0 0 0 0 0 0 0 0
1664888224.510617 -- INFO: Active CC: 19
1664888224.883457 -- INFO: Throughput @189.2s:945.0Mbps, rtt :42.33ms cwnd: 391.8 lossRate: 8.596234849136078e-05 CC:19 score:-648.0 
1664888225.883415 -- INFO: Throughput @190.2s:945.0Mbps, rtt :42.31ms cwnd: 392.4 lossRate: 0.0 CC:19 score:-649.0 
1664888226.884585 -- INFO: Throughput @191.2s:945.0Mbps, rtt :42.33ms cwnd: 392.9 lossRate: 0.0 CC:19 score:-649.0 
1664888227.896285 -- INFO: Throughput @192.2s:945.0Mbps, rtt :41.68ms cwnd: 387.3 lossRate: 0.00014586650783424701 CC:19 score:-647.0 
1664888228.499048 -- INFO: Iteration 50 Ends, Took 3.99 Seconds. Best Params: [19] and Score: -648.6666666666666.
1664888228.499278 -- INFO: Iteration 51 Starts ...
1664888228.499810 -- INFO: Changing concurrency to 19 ******
1664888228.502118 -- INFO: Process Status Bits from change concurrency are: 1 1 1 1 1 1 1 1 1 1 1 1 1 1 1 1 1 1 1 0 0 0 0 0 0 0 0 0 0 0 0 0
1664888228.504194 -- INFO: Active CC: 19
1664888228.885956 -- INFO: Throughput @193.2s:940.0Mbps, rtt :42.69ms cwnd: 390.1 lossRate: 0.0 CC:19 score:-645.0 
1664888229.887034 -- INFO: Throughput @194.2s:950.0Mbps, rtt :42.57ms cwnd: 383.4 lossRate: 0.0001474328259186908 CC:19 score:-651.0 
1664888230.889013 -- INFO: Throughput @195.2s:940.0Mbps, rtt :42.04ms cwnd: 359.4 lossRate: 0.0003802747791952895 CC:19 score:-642.0 
1664888231.906411 -- INFO: Throughput @196.2s:925.0Mbps, rtt :41.5ms cwnd: 376.9 lossRate: 0.0 CC:19 score:-635.0 
1664888232.436737 -- INFO: Iteration 51 Ends, Took 3.94 Seconds. Best Params: [19] and Score: -648.6666666666666.
1664888232.437084 -- INFO: Iteration 52 Starts ...
1664888232.437627 -- INFO: Changing concurrency to 19 ******
1664888232.442080 -- INFO: Process Status Bits from change concurrency are: 1 1 1 1 1 1 1 1 1 1 1 1 1 1 1 1 1 1 1 0 0 0 0 0 0 0 0 0 0 0 0 0
1664888232.443304 -- INFO: Active CC: 19
1664888232.890093 -- INFO: Throughput @197.2s:925.0Mbps, rtt :40.64ms cwnd: 400.8 lossRate: 8.68917576961271e-05 CC:19 score:-634.0 
1664888233.891435 -- INFO: Throughput @198.2s:935.0Mbps, rtt :40.64ms cwnd: 407.5 lossRate: 0.0 CC:19 score:-642.0 
1664888234.892228 -- INFO: Throughput @199.2s:940.0Mbps, rtt :40.66ms cwnd: 406.0 lossRate: 0.0001477341278146429 CC:19 score:-644.0 
1664888235.880577 -- INFO: episode expires
1664888235.880759 -- INFO: Process 26 shutdown itself from outest loop
1664888235.880780 -- INFO: Process 27 shutdown itself from outest loop
1664888235.880826 -- INFO: Process 22 shutdown itself from outest loop
1664888235.880843 -- INFO: Process 21 shutdown itself from outest loop
1664888235.881272 -- INFO: Process Status Bits are: 1 1 1 1 1 1 1 1 1 1 1 1 1 1 1 1 1 1 1 0 0 0 0 0 0 0 0 0 0 0 0 0
1664888235.881358 -- INFO: Process Status Bits are: 1 1 1 1 1 1 1 1 1 1 1 1 1 1 1 1 1 1 1 0 0 0 0 0 0 0 0 0 0 0 0 0
1664888235.881411 -- INFO: Process Status Bits are: 1 1 1 1 1 1 1 1 1 1 1 1 1 1 1 1 1 1 1 0 0 0 0 0 0 0 0 0 0 0 0 0
1664888235.881415 -- INFO: Process 20 shutdown itself from outest loop
1664888235.881532 -- INFO: Process 23 shutdown itself from outest loop
1664888235.881633 -- INFO: Process 30 shutdown itself from outest loop
1664888235.881926 -- INFO: Process Status Bits are: 1 1 1 1 1 1 1 1 1 1 1 1 1 1 1 1 1 1 1 0 0 0 0 0 0 0 0 0 0 0 0 0
1664888235.881559 -- INFO: Process 19 shutdown itself from outest loop
1664888235.881662 -- INFO: Process 28 shutdown itself from outest loop
1664888235.882299 -- INFO: Process Status Bits are: 1 1 1 1 1 1 1 1 1 1 1 1 1 1 1 1 1 1 1 0 0 0 0 0 0 0 0 0 0 0 0 0
1664888235.882325 -- INFO: Process Status Bits are: 1 1 1 1 1 1 1 1 1 1 1 1 1 1 1 1 1 1 1 0 0 0 0 0 0 0 0 0 0 0 0 0
1664888235.882376 -- INFO: Process Status Bits are: 1 1 1 1 1 1 1 1 1 1 1 1 1 1 1 1 1 1 1 0 0 0 0 0 0 0 0 0 0 0 0 0
1664888235.882555 -- INFO: Process Status Bits are: 1 1 1 1 1 1 1 1 1 1 1 1 1 1 1 1 1 1 1 0 0 0 0 0 0 0 0 0 0 0 0 0
1664888235.882309 -- INFO: Process 25 shutdown itself from outest loop
1664888235.882487 -- INFO: Process 29 shutdown itself from outest loop
1664888235.882853 -- INFO: Process Status Bits are: 1 1 1 1 1 1 1 1 1 1 1 1 1 1 1 1 1 1 1 0 0 0 0 0 0 0 0 0 0 0 0 0
1664888235.882933 -- INFO: Process Status Bits are: 1 1 1 1 1 1 1 1 1 1 1 1 1 1 1 1 1 1 1 0 0 0 0 0 0 0 0 0 0 0 0 0
1664888235.883220 -- INFO: Process Status Bits are: 1 1 1 1 1 1 1 1 1 1 1 1 1 1 1 1 1 1 1 0 0 0 0 0 0 0 0 0 0 0 0 0
1664888235.883375 -- INFO: Process 31 shutdown itself from outest loop
1664888235.884048 -- INFO: Process Status Bits are: 1 1 1 1 1 1 1 1 1 1 1 1 1 1 1 1 1 1 1 0 0 0 0 0 0 0 0 0 0 0 0 0
1664888235.886647 -- INFO: Process 24 shutdown itself from outest loop
1664888235.887215 -- INFO: Process Status Bits are: 1 1 1 1 1 1 1 1 1 1 1 1 1 1 1 1 1 1 1 0 0 0 0 0 0 0 0 0 0 0 0 0
1664888236.281045 -- INFO: Iteration 52 Ends, Took 3.84 Seconds. Best Params: [19] and Score: -648.6666666666666.
1664888236.281227 -- INFO: Iteration 53 Starts ...
1664888236.281527 -- INFO: episode expires
1664888236.873798 -- INFO: Iteration 53 Ends, Took 0.59 Seconds. Best Params: [19] and Score: -648.6666666666666.
1664888236.874189 -- INFO: Bayseian Optimizer Exits ...
1664888237.129685 -- INFO: Throughput @0.1s:0.0Mbps, rtt :0.0ms cwnd: 0.0 lossRate: 0 CC:0 score:-0.0 
