1664818130.182024 -- INFO: Changing concurrency to 1 ******
1664818130.184357 -- INFO: Start Process :: 0
1664818130.192564 -- INFO: Process Status Bits from change concurrency are: 1 0 0 0 0 0 0 0 0 0 0 0 0 0 0 0 0 0 0 0 0 0 0 0 0 0 0 0 0 0 0 0
1664818130.204199 -- INFO: Active CC: 1
1664818130.224161 -- INFO: Process 0 get item 0 from queue and executing
1664818130.224551 -- INFO: starting 0, 0, /users/jamilm/files_to_Send/FILE2
1664818130.255803 -- INFO: Throughput @0.1s:0.0Mbps, rtt :38.54ms cwnd: 10.0 lossRate: 0.0 CC:1 score:-0.0 
1664818131.246768 -- INFO: Throughput @1.1s:343.93Mbps, rtt :39.08ms cwnd: 2200.0 lossRate: 0.0 CC:1 score:-337.0 
1664818132.251474 -- INFO: Throughput @2.1s:587.2Mbps, rtt :39.56ms cwnd: 2200.0 lossRate: 0.0 CC:1 score:-576.0 
1664818133.252608 -- INFO: Throughput @3.1s:595.59Mbps, rtt :40.13ms cwnd: 2200.0 lossRate: 0.0 CC:1 score:-584.0 
1664818133.407302 -- INFO: Changing concurrency to 2 ******
1664818133.410222 -- INFO: Start Process :: 1
1664818133.415823 -- INFO: Process Status Bits from change concurrency are: 1 1 0 0 0 0 0 0 0 0 0 0 0 0 0 0 0 0 0 0 0 0 0 0 0 0 0 0 0 0 0 0
1664818133.422075 -- INFO: Active CC: 2
1664818133.450557 -- INFO: Process 1 get item 1 from queue and executing
1664818133.451187 -- INFO: starting 1, 1, /users/jamilm/files_to_Send/FILE1
1664818134.248538 -- INFO: Throughput @4.1s:771.75Mbps, rtt :41.38ms cwnd: 1940.0 lossRate: 0.0 CC:2 score:-742.0 
1664818135.251783 -- INFO: Throughput @5.1s:956.3Mbps, rtt :41.4ms cwnd: 2001.5 lossRate: 0.0 CC:2 score:-919.0 
1664818136.248439 -- INFO: Throughput @6.1s:939.52Mbps, rtt :41.57ms cwnd: 2001.5 lossRate: 0.0 CC:2 score:-903.0 
1664818136.623239 -- INFO: Gradient_Fast: -355.66666666666663, Gredient_Fast Change: 0.712758851035404, Theta: 1, Previous CC: 2, Choosen CC: 4
1664818136.623336 -- INFO: Changing concurrency to 4 ******
1664818136.625701 -- INFO: Start Process :: 2
1664818136.626223 -- INFO: Start Process :: 3
1664818136.627395 -- INFO: Process Status Bits from change concurrency are: 1 1 1 1 0 0 0 0 0 0 0 0 0 0 0 0 0 0 0 0 0 0 0 0 0 0 0 0 0 0 0 0
1664818136.632274 -- INFO: Active CC: 4
1664818136.666511 -- INFO: Process 3 get item 2 from queue and executing
1664818136.666920 -- INFO: starting 3, 2, /users/jamilm/files_to_Send/FILE0
1664818136.667216 -- INFO: Process 2 get item 3 from queue and executing
1664818136.667581 -- INFO: starting 2, 3, /users/jamilm/files_to_Send/FILE3
1664818137.252459 -- INFO: Throughput @7.1s:956.3Mbps, rtt :42.05ms cwnd: 1329.0 lossRate: 0.0 CC:4 score:-883.0 
1664818138.256681 -- INFO: Throughput @8.1s:947.91Mbps, rtt :42.15ms cwnd: 1330.0 lossRate: 0.0 CC:4 score:-876.0 
1664818139.254865 -- INFO: Throughput @9.1s:939.52Mbps, rtt :42.31ms cwnd: 1341.8 lossRate: 0.0 CC:4 score:-868.0 
1664818139.833497 -- INFO: Gradient_Fast: -10.5, Gredient_Fast Change: 0.012285491419656788, Theta: 2, Previous CC: 4, Choosen CC: 6
1664818139.833617 -- INFO: Changing concurrency to 6 ******
1664818139.837257 -- INFO: Start Process :: 4
1664818139.840329 -- INFO: Start Process :: 5
1664818139.841508 -- INFO: Process Status Bits from change concurrency are: 1 1 1 1 1 1 0 0 0 0 0 0 0 0 0 0 0 0 0 0 0 0 0 0 0 0 0 0 0 0 0 0
1664818139.847827 -- INFO: Active CC: 6
1664818139.880802 -- INFO: Process 5 get item 4 from queue and executing
1664818139.881073 -- INFO: Process 4 get item 5 from queue and executing
1664818139.881480 -- INFO: starting 4, 5, /users/jamilm/files_to_Send/FILE1
1664818139.881558 -- INFO: starting 5, 4, /users/jamilm/files_to_Send/FILE2
1664818140.256559 -- INFO: Throughput @10.1s:973.08Mbps, rtt :43.11ms cwnd: 1183.3 lossRate: 0.0 CC:6 score:-864.0 
1664818141.256196 -- INFO: Throughput @11.1s:947.91Mbps, rtt :43.44ms cwnd: 1183.3 lossRate: 0.0 CC:6 score:-842.0 
1664818142.259115 -- INFO: Throughput @12.1s:947.91Mbps, rtt :42.66ms cwnd: 1185.8 lossRate: 0.0 CC:6 score:-842.0 
1664818143.048852 -- INFO: Gradient_Fast: 13.166666666666629, Gredient_Fast Change: 0.015036162923486824, Theta: -1, Previous CC: 6, Choosen CC: 5
1664818143.048955 -- INFO: Changing concurrency to 5 ******
1664818143.054991 -- INFO: Process Status Bits from change concurrency are: 1 1 1 1 1 0 0 0 0 0 0 0 0 0 0 0 0 0 0 0 0 0 0 0 0 0 0 0 0 0 0 0
1664818143.060485 -- INFO: Active CC: 5
1664818143.260472 -- INFO: Throughput @13.1s:922.75Mbps, rtt :42.74ms cwnd: 1272.2 lossRate: 0.0 CC:5 score:-836.0 
1664818144.258116 -- INFO: Throughput @14.1s:931.14Mbps, rtt :42.59ms cwnd: 1272.2 lossRate: 0.0 CC:5 score:-843.0 
1664818145.260910 -- INFO: Throughput @15.1s:956.3Mbps, rtt :42.68ms cwnd: 1273.0 lossRate: 0.0 CC:5 score:-866.0 
1664818146.261511 -- INFO: Gradient_Fast: -1.0, Gredient_Fast Change: 0.0011773940345368916, Theta: 1, Previous CC: 5, Choosen CC: 6
1664818146.261624 -- INFO: Changing concurrency to 6 ******
1664818146.261878 -- INFO: Throughput @16.1s:939.52Mbps, rtt :42.57ms cwnd: 1273.0 lossRate: 0.0 CC:5 score:-851.0 
1664818146.264977 -- INFO: Start Process :: 5
1664818146.268587 -- INFO: Process Status Bits from change concurrency are: 1 1 1 1 1 1 0 0 0 0 0 0 0 0 0 0 0 0 0 0 0 0 0 0 0 0 0 0 0 0 0 0
1664818146.273743 -- INFO: Active CC: 6
1664818146.306798 -- INFO: Process 5 get item 6 from queue and executing
1664818146.307426 -- INFO: starting 5, 6, /users/jamilm/files_to_Send/FILE0
1664818147.265008 -- INFO: Throughput @17.1s:964.69Mbps, rtt :42.98ms cwnd: 1167.5 lossRate: 0.0 CC:6 score:-857.0 
1664818148.264624 -- INFO: Throughput @18.1s:931.14Mbps, rtt :43.07ms cwnd: 1183.8 lossRate: 0.0 CC:6 score:-827.0 
1664818149.264533 -- INFO: Throughput @19.1s:956.3Mbps, rtt :43.19ms cwnd: 1183.8 lossRate: 0.0 CC:6 score:-849.0 
1664818149.474795 -- INFO: Gradient_Fast: 4.0, Gredient_Fast Change: 0.004715127701375246, Theta: -1, Previous CC: 6, Choosen CC: 5
1664818149.474900 -- INFO: Changing concurrency to 5 ******
1664818149.480476 -- INFO: Process Status Bits from change concurrency are: 1 1 1 1 1 0 0 0 0 0 0 0 0 0 0 0 0 0 0 0 0 0 0 0 0 0 0 0 0 0 0 0
1664818149.486553 -- INFO: Active CC: 5
1664818150.246453 -- INFO: episode expires
1664818150.246571 -- INFO: Process 5 shutdown itself from outest loop
1664818150.246800 -- INFO: Process 30 shutdown itself from outest loop
1664818150.246999 -- INFO: Process 31 shutdown itself from outest loop
1664818150.246836 -- INFO: Process 6 shutdown itself from outest loop
1664818150.247054 -- INFO: Process 23 shutdown itself from outest loop
1664818150.247527 -- INFO: Process Status Bits are: 1 1 1 1 1 0 0 0 0 0 0 0 0 0 0 0 0 0 0 0 0 0 0 0 0 0 0 0 0 0 0 0
1664818150.247023 -- INFO: Process 8 shutdown itself from outest loop
1664818150.248045 -- INFO: Process Status Bits are: 1 1 1 1 1 0 0 0 0 0 0 0 0 0 0 0 0 0 0 0 0 0 0 0 0 0 0 0 0 0 0 0
1664818150.248085 -- INFO: Process Status Bits are: 1 1 1 1 1 0 0 0 0 0 0 0 0 0 0 0 0 0 0 0 0 0 0 0 0 0 0 0 0 0 0 0
1664818150.248071 -- INFO: Process Status Bits are: 1 1 1 1 1 0 0 0 0 0 0 0 0 0 0 0 0 0 0 0 0 0 0 0 0 0 0 0 0 0 0 0
1664818150.248209 -- INFO: Process Status Bits are: 1 1 1 1 1 0 0 0 0 0 0 0 0 0 0 0 0 0 0 0 0 0 0 0 0 0 0 0 0 0 0 0
1664818150.248257 -- INFO: Process Status Bits are: 1 1 1 1 1 0 0 0 0 0 0 0 0 0 0 0 0 0 0 0 0 0 0 0 0 0 0 0 0 0 0 0
1664818150.248016 -- INFO: Process 28 shutdown itself from outest loop
1664818150.247939 -- INFO: Process 9 shutdown itself from outest loop
1664818150.248860 -- INFO: Process Status Bits are: 1 1 1 1 1 0 0 0 0 0 0 0 0 0 0 0 0 0 0 0 0 0 0 0 0 0 0 0 0 0 0 0
1664818150.248023 -- INFO: Process 22 shutdown itself from outest loop
1664818150.247366 -- INFO: Process 24 shutdown itself from outest loop
1664818150.247539 -- INFO: Process 26 shutdown itself from outest loop
1664818150.249010 -- INFO: Process Status Bits are: 1 1 1 1 1 0 0 0 0 0 0 0 0 0 0 0 0 0 0 0 0 0 0 0 0 0 0 0 0 0 0 0
1664818150.248514 -- INFO: Process 10 shutdown itself from outest loop
1664818150.248520 -- INFO: Process 27 shutdown itself from outest loop
1664818150.249299 -- INFO: Process Status Bits are: 1 1 1 1 1 0 0 0 0 0 0 0 0 0 0 0 0 0 0 0 0 0 0 0 0 0 0 0 0 0 0 0
1664818150.249387 -- INFO: Process Status Bits are: 1 1 1 1 1 0 0 0 0 0 0 0 0 0 0 0 0 0 0 0 0 0 0 0 0 0 0 0 0 0 0 0
1664818150.249371 -- INFO: Process Status Bits are: 1 1 1 1 1 0 0 0 0 0 0 0 0 0 0 0 0 0 0 0 0 0 0 0 0 0 0 0 0 0 0 0
1664818150.249461 -- INFO: Process Status Bits are: 1 1 1 1 1 0 0 0 0 0 0 0 0 0 0 0 0 0 0 0 0 0 0 0 0 0 0 0 0 0 0 0
1664818150.249625 -- INFO: Process Status Bits are: 1 1 1 1 1 0 0 0 0 0 0 0 0 0 0 0 0 0 0 0 0 0 0 0 0 0 0 0 0 0 0 0
1664818150.248384 -- INFO: Process 18 shutdown itself from outest loop
1664818150.248328 -- INFO: Process 21 shutdown itself from outest loop
1664818150.248425 -- INFO: Process 29 shutdown itself from outest loop
1664818150.248528 -- INFO: Process 16 shutdown itself from outest loop
1664818150.248692 -- INFO: Process 17 shutdown itself from outest loop
1664818150.250545 -- INFO: Process Status Bits are: 1 1 1 1 1 0 0 0 0 0 0 0 0 0 0 0 0 0 0 0 0 0 0 0 0 0 0 0 0 0 0 0
1664818150.248878 -- INFO: Process 19 shutdown itself from outest loop
1664818150.250894 -- INFO: Process Status Bits are: 1 1 1 1 1 0 0 0 0 0 0 0 0 0 0 0 0 0 0 0 0 0 0 0 0 0 0 0 0 0 0 0
1664818150.249130 -- INFO: Process 20 shutdown itself from outest loop
1664818150.249420 -- INFO: Process 15 shutdown itself from outest loop
1664818150.249454 -- INFO: Process 11 shutdown itself from outest loop
1664818150.251086 -- INFO: Process Status Bits are: 1 1 1 1 1 0 0 0 0 0 0 0 0 0 0 0 0 0 0 0 0 0 0 0 0 0 0 0 0 0 0 0
1664818150.249380 -- INFO: Process 13 shutdown itself from outest loop
1664818150.251148 -- INFO: Process Status Bits are: 1 1 1 1 1 0 0 0 0 0 0 0 0 0 0 0 0 0 0 0 0 0 0 0 0 0 0 0 0 0 0 0
1664818150.251112 -- INFO: Process Status Bits are: 1 1 1 1 1 0 0 0 0 0 0 0 0 0 0 0 0 0 0 0 0 0 0 0 0 0 0 0 0 0 0 0
1664818150.249571 -- INFO: Process 14 shutdown itself from outest loop
1664818150.251369 -- INFO: Process Status Bits are: 1 1 1 1 1 0 0 0 0 0 0 0 0 0 0 0 0 0 0 0 0 0 0 0 0 0 0 0 0 0 0 0
1664818150.250196 -- INFO: Process 7 shutdown itself from outest loop
1664818150.251595 -- INFO: Process Status Bits are: 1 1 1 1 1 0 0 0 0 0 0 0 0 0 0 0 0 0 0 0 0 0 0 0 0 0 0 0 0 0 0 0
1664818150.251627 -- INFO: Process Status Bits are: 1 1 1 1 1 0 0 0 0 0 0 0 0 0 0 0 0 0 0 0 0 0 0 0 0 0 0 0 0 0 0 0
1664818150.251761 -- INFO: Process Status Bits are: 1 1 1 1 1 0 0 0 0 0 0 0 0 0 0 0 0 0 0 0 0 0 0 0 0 0 0 0 0 0 0 0
1664818150.251819 -- INFO: Process Status Bits are: 1 1 1 1 1 0 0 0 0 0 0 0 0 0 0 0 0 0 0 0 0 0 0 0 0 0 0 0 0 0 0 0
1664818150.248819 -- INFO: Process 25 shutdown itself from outest loop
1664818150.252021 -- INFO: Process Status Bits are: 1 1 1 1 1 0 0 0 0 0 0 0 0 0 0 0 0 0 0 0 0 0 0 0 0 0 0 0 0 0 0 0
1664818150.252104 -- INFO: Process Status Bits are: 1 1 1 1 1 0 0 0 0 0 0 0 0 0 0 0 0 0 0 0 0 0 0 0 0 0 0 0 0 0 0 0
1664818150.252571 -- INFO: Process Status Bits are: 1 1 1 1 1 0 0 0 0 0 0 0 0 0 0 0 0 0 0 0 0 0 0 0 0 0 0 0 0 0 0 0
1664818150.254555 -- INFO: Process 12 shutdown itself from outest loop
1664818150.256223 -- INFO: Process Status Bits are: 1 1 1 1 1 0 0 0 0 0 0 0 0 0 0 0 0 0 0 0 0 0 0 0 0 0 0 0 0 0 0 0
1664818152.019919 -- INFO: Process 0 finished on working on file 0 
1664818152.020799 -- INFO: Process 0 get item 7 from queue and executing
1664818152.021320 -- INFO: starting 0, 7, /users/jamilm/files_to_Send/FILE3
1664818152.687756 -- INFO: Gradient_Fast: 0.0, Gredient_Fast Change: 0.0, Theta: 1, Previous CC: 5, Choosen CC: 5
1664818152.687904 -- INFO: episode expires
1664818152.723441 -- INFO: GD_Fast Optimizer Exits ...
1664818152.955106 -- INFO: Throughput @0.1s:0.0Mbps, rtt :0.0ms cwnd: 0.0 lossRate: 0 CC:0 score:-0.0 
