1665054698.501866 -- INFO: Changing concurrency to 1 ******
1665054698.503403 -- INFO: Start Process :: 0
1665054698.503880 -- INFO: Process Status Bits from change concurrency are: 1 0 0 0 0 0 0 0 0 0 0 0 0 0 0 0 0 0 0 0 0 0 0 0 0 0 0 0 0 0 0 0
1665054698.505764 -- INFO: Active CC: 1
1665054698.538534 -- INFO: Process 0 get item 0 from queue and executing
1665054698.538733 -- INFO: starting 0, 0, /home/cc/files_to_send/FILE3
1665054698.558532 -- INFO: Throughput @0.1s:8.34Mbps, rtt :34.45ms cwnd: 10.0 lossRate: 0.0 CC:1 score:-8.0 
1665054699.558380 -- INFO: Throughput @1.1s:315.94Mbps, rtt :35.13ms cwnd: 1101.0 lossRate: 0.0001515783091439615 CC:1 score:-309.0 
1665054700.559066 -- INFO: Throughput @2.1s:358.39Mbps, rtt :34.69ms cwnd: 1114.0 lossRate: 0.0 CC:1 score:-351.0 
1665054701.560398 -- INFO: Throughput @3.1s:374.83Mbps, rtt :34.72ms cwnd: 1128.0 lossRate: 0.0 CC:1 score:-367.0 
1665054701.706903 -- INFO: Changing concurrency to 3 ******
1665054701.708294 -- INFO: Start Process :: 1
1665054701.708485 -- INFO: Process Status Bits from change concurrency are: 1 1 1 0 0 0 0 0 0 0 0 0 0 0 0 0 0 0 0 0 0 0 0 0 0 0 0 0 0 0 0 0
1665054701.708478 -- INFO: Start Process :: 2
1665054701.710044 -- INFO: Active CC: 3
1665054701.742616 -- INFO: Process 1 get item 1 from queue and executing
1665054701.742813 -- INFO: starting 1, 1, /home/cc/files_to_send/FILE1
1665054701.742932 -- INFO: Process 2 get item 2 from queue and executing
1665054701.743138 -- INFO: starting 2, 2, /home/cc/files_to_send/FILE0
1665054702.560981 -- INFO: Throughput @4.1s:909.05Mbps, rtt :34.29ms cwnd: 1351.3 lossRate: 0.0001422052150530684 CC:3 score:-855.0 
1665054703.562215 -- INFO: Throughput @5.1s:1166.45Mbps, rtt :34.26ms cwnd: 1422.0 lossRate: 0.0 CC:3 score:-1099.0 
1665054704.563271 -- INFO: Throughput @6.1s:1183.55Mbps, rtt :34.23ms cwnd: 1450.0 lossRate: 0.0 CC:3 score:-1115.0 
1665054704.918166 -- INFO: Gradient: -340.33333333333337, Gredient Change: 0.9941577409931842, Theta: 1, Previous CC: 2, Choosen CC: 4
1665054704.919631 -- INFO: Changing concurrency to 3 ******
1665054704.921543 -- INFO: Process Status Bits from change concurrency are: 1 1 1 0 0 0 0 0 0 0 0 0 0 0 0 0 0 0 0 0 0 0 0 0 0 0 0 0 0 0 0 0
1665054704.923277 -- INFO: Active CC: 3
1665054705.564534 -- INFO: Throughput @7.1s:1208.06Mbps, rtt :34.72ms cwnd: 1473.3 lossRate: 0.0 CC:3 score:-1138.0 
1665054706.564951 -- INFO: Throughput @8.1s:1233.22Mbps, rtt :34.47ms cwnd: 1491.3 lossRate: 0.0 CC:3 score:-1162.0 
1665054707.566034 -- INFO: Throughput @9.1s:1241.94Mbps, rtt :34.84ms cwnd: 1505.0 lossRate: 0.0 CC:3 score:-1170.0 
1665054708.124535 -- INFO: Changing concurrency to 5 ******
1665054708.126196 -- INFO: Process Status Bits from change concurrency are: 1 1 1 1 1 0 0 0 0 0 0 0 0 0 0 0 0 0 0 0 0 0 0 0 0 0 0 0 0 0 0 0
1665054708.126339 -- INFO: Start Process :: 3
1665054708.126562 -- INFO: Start Process :: 4
1665054708.127903 -- INFO: Active CC: 5
1665054708.160768 -- INFO: Process 3 get item 3 from queue and executing
1665054708.160969 -- INFO: starting 3, 3, /home/cc/files_to_send/FILE2
1665054708.161726 -- INFO: Process 4 get item 4 from queue and executing
1665054708.161897 -- INFO: starting 4, 4, /home/cc/files_to_send/FILE3
1665054708.567029 -- INFO: Throughput @10.1s:1450.33Mbps, rtt :34.39ms cwnd: 1350.4 lossRate: 8.197258836645025e-05 CC:5 score:-1312.0 
1665054709.568226 -- INFO: Throughput @11.1s:2016.45Mbps, rtt :34.61ms cwnd: 1370.0 lossRate: 0.0 CC:5 score:-1826.0 
1665054710.569510 -- INFO: Throughput @12.1s:2050.33Mbps, rtt :34.49ms cwnd: 1392.2 lossRate: 0.0 CC:5 score:-1857.0 
1665054711.328892 -- INFO: Gradient: -254.16666666666663, Gredient Change: 0.21974063400576363, Theta: 2, Previous CC: 4, Choosen CC: 6
1665054711.329057 -- INFO: Changing concurrency to 5 ******
1665054711.330628 -- INFO: Process Status Bits from change concurrency are: 1 1 1 1 1 0 0 0 0 0 0 0 0 0 0 0 0 0 0 0 0 0 0 0 0 0 0 0 0 0 0 0
1665054711.332004 -- INFO: Active CC: 5
1665054711.569598 -- INFO: Throughput @13.1s:2083.22Mbps, rtt :34.78ms cwnd: 1417.8 lossRate: 0.0 CC:5 score:-1887.0 
1665054712.570741 -- INFO: Throughput @14.1s:2133.22Mbps, rtt :34.55ms cwnd: 1448.2 lossRate: 0.0 CC:5 score:-1932.0 
1665054713.572732 -- INFO: Throughput @15.1s:2116.45Mbps, rtt :34.37ms cwnd: 1377.0 lossRate: 0.00014742014742014743 CC:5 score:-1914.0 
1665054714.533185 -- INFO: Changing concurrency to 7 ******
1665054714.535085 -- INFO: Process Status Bits from change concurrency are: 1 1 1 1 1 1 1 0 0 0 0 0 0 0 0 0 0 0 0 0 0 0 0 0 0 0 0 0 0 0 0 0
1665054714.534908 -- INFO: Start Process :: 6
1665054714.535067 -- INFO: Start Process :: 5
1665054714.536466 -- INFO: Active CC: 7
1665054714.568630 -- INFO: Process 5 get item 5 from queue and executing
1665054714.568803 -- INFO: starting 5, 5, /home/cc/files_to_send/FILE1
1665054714.569357 -- INFO: Process 6 get item 6 from queue and executing
1665054714.569553 -- INFO: starting 6, 6, /home/cc/files_to_send/FILE0
1665054714.573479 -- INFO: Throughput @16.1s:2166.78Mbps, rtt :34.36ms cwnd: 1036.6 lossRate: 0.0 CC:7 score:-1886.0 
1665054715.574844 -- INFO: Throughput @17.1s:2658.98Mbps, rtt :34.37ms cwnd: 1440.1 lossRate: 0.0 CC:7 score:-2315.0 
1665054716.576116 -- INFO: Throughput @18.1s:2781.04Mbps, rtt :34.3ms cwnd: 1491.6 lossRate: 0.0 CC:7 score:-2421.0 
1665054717.577233 -- INFO: Throughput @19.1s:2860.7Mbps, rtt :34.45ms cwnd: 1533.9 lossRate: 0.0 CC:7 score:-2490.0 
1665054717.737672 -- INFO: Gradient: -248.83333333333326, Gredient Change: 0.13021105878248732, Theta: 3, Previous CC: 6, Choosen CC: 9
1665054717.737853 -- INFO: Changing concurrency to 8 ******
1665054717.739377 -- INFO: Process Status Bits from change concurrency are: 1 1 1 1 1 1 1 1 0 0 0 0 0 0 0 0 0 0 0 0 0 0 0 0 0 0 0 0 0 0 0 0
1665054717.739417 -- INFO: Start Process :: 7
1665054717.740830 -- INFO: Active CC: 8
1665054717.774481 -- INFO: Process 7 get item 7 from queue and executing
1665054717.774672 -- INFO: starting 7, 7, /home/cc/files_to_send/FILE2
1665054717.964379 -- INFO: Process 1 finished on working on file 1 
1665054717.964784 -- INFO: Process 1 get item 8 from queue and executing
1665054717.964986 -- INFO: starting 1, 8, /home/cc/files_to_send/FILE3
1665054718.577457 -- INFO: Throughput @20.1s:3180.09Mbps, rtt :34.76ms cwnd: 1520.8 lossRate: 2.5520806749159636e-05 CC:8 score:-2713.0 
1665054719.577962 -- INFO: Throughput @21.1s:3389.57Mbps, rtt :34.45ms cwnd: 1501.1 lossRate: 0.0023664776204659513 CC:8 score:-2813.0 
1665054719.882786 -- INFO: Process 2 finished on working on file 2 
1665054719.883295 -- INFO: Process 2 get item 9 from queue and executing
1665054719.883536 -- INFO: starting 2, 9, /home/cc/files_to_send/FILE1
1665054720.418728 -- INFO: Process 0 finished on working on file 0 
1665054720.419202 -- INFO: Process 0 get item 10 from queue and executing
1665054720.446921 -- INFO: starting 0, 10, /home/cc/files_to_send/FILE0
1665054720.579104 -- INFO: Throughput @22.1s:3381.6Mbps, rtt :34.44ms cwnd: 1456.5 lossRate: 0.0019955973419466333 CC:8 score:-2819.0 
1665054720.941898 -- INFO: Changing concurrency to 10 ******
1665054720.943408 -- INFO: Process Status Bits from change concurrency are: 1 1 1 1 1 1 1 1 1 1 0 0 0 0 0 0 0 0 0 0 0 0 0 0 0 0 0 0 0 0 0 0
1665054720.943599 -- INFO: Start Process :: 8
1665054720.943836 -- INFO: Start Process :: 9
1665054720.944799 -- INFO: Active CC: 10
1665054720.977248 -- INFO: Process 8 get item 11 from queue and executing
1665054720.977478 -- INFO: starting 8, 11, /home/cc/files_to_send/FILE2
1665054720.978200 -- INFO: Process 9 get item 12 from queue and executing
1665054720.978396 -- INFO: starting 9, 12, /home/cc/files_to_send/FILE3
1665054721.581248 -- INFO: Throughput @23.1s:3630.7Mbps, rtt :34.29ms cwnd: 1506.1 lossRate: 9.635025243766138e-06 CC:10 score:-2978.0 
1665054722.582202 -- INFO: Throughput @24.1s:4184.09Mbps, rtt :34.51ms cwnd: 1613.5 lossRate: 0.0 CC:10 score:-3432.0 
1665054723.582794 -- INFO: Throughput @25.1s:4190.25Mbps, rtt :34.63ms cwnd: 1636.6 lossRate: 0.0 CC:10 score:-3437.0 
1665054724.146340 -- INFO: Gradient: -250.33333333333348, Gredient Change: 0.0899940083882565, Theta: 4, Previous CC: 9, Choosen CC: 13
1665054724.146616 -- INFO: Changing concurrency to 12 ******
1665054724.148271 -- INFO: Process Status Bits from change concurrency are: 1 1 1 1 1 1 1 1 1 1 1 1 0 0 0 0 0 0 0 0 0 0 0 0 0 0 0 0 0 0 0 0
1665054724.148439 -- INFO: Start Process :: 10
1665054724.148640 -- INFO: Start Process :: 11
1665054724.149638 -- INFO: Active CC: 12
1665054724.182375 -- INFO: Process 11 get item 13 from queue and executing
1665054724.182564 -- INFO: starting 11, 13, /home/cc/files_to_send/FILE1
1665054724.182863 -- INFO: Process 10 get item 14 from queue and executing
1665054724.183108 -- INFO: starting 10, 14, /home/cc/files_to_send/FILE0
1665054724.582915 -- INFO: Throughput @26.1s:4409.66Mbps, rtt :35.14ms cwnd: 1592.5 lossRate: 0.0 CC:12 score:-3477.0 
1665054725.584874 -- INFO: Throughput @27.1s:5266.15Mbps, rtt :34.49ms cwnd: 1777.4 lossRate: 1.0954294302452448e-05 CC:12 score:-4152.0 
1665054726.287765 -- INFO: Process 3 finished on working on file 3 
1665054726.288219 -- INFO: Process 3 get item 15 from queue and executing
1665054726.288441 -- INFO: starting 3, 15, /home/cc/files_to_send/FILE2
1665054726.467795 -- INFO: Process 4 finished on working on file 4 
1665054726.468291 -- INFO: Process 4 get item 16 from queue and executing
1665054726.468533 -- INFO: starting 4, 16, /home/cc/files_to_send/FILE3
1665054726.585140 -- INFO: Throughput @28.1s:5284.07Mbps, rtt :34.47ms cwnd: 1786.8 lossRate: 0.0 CC:12 score:-4166.0 
1665054727.350604 -- INFO: Changing concurrency to 14 ******
1665054727.351899 -- INFO: Process Status Bits from change concurrency are: 1 1 1 1 1 1 1 1 1 1 1 1 1 1 0 0 0 0 0 0 0 0 0 0 0 0 0 0 0 0 0 0
1665054727.352384 -- INFO: Start Process :: 12
1665054727.352988 -- INFO: Active CC: 14
1665054727.356193 -- INFO: Start Process :: 13
1665054727.386323 -- INFO: Process 12 get item 17 from queue and executing
1665054727.386548 -- INFO: starting 12, 17, /home/cc/files_to_send/FILE1
1665054727.391355 -- INFO: Process 13 get item 18 from queue and executing
1665054727.391649 -- INFO: starting 13, 18, /home/cc/files_to_send/FILE0
1665054727.585988 -- INFO: Throughput @29.1s:5378.43Mbps, rtt :34.42ms cwnd: 1587.6 lossRate: 0.0 CC:14 score:-4076.0 
1665054728.587088 -- INFO: Throughput @30.1s:6263.39Mbps, rtt :35.33ms cwnd: 1806.1 lossRate: 5.544323167508788e-06 CC:14 score:-4747.0 
1665054729.588822 -- INFO: Throughput @31.1s:6300.0Mbps, rtt :34.56ms cwnd: 1612.5 lossRate: 7.721624409157847e-05 CC:14 score:-4770.0 
1665054730.554186 -- INFO: Gradient: -299.66666666666674, Gredient Change: 0.07621873675286141, Theta: 5, Previous CC: 13, Choosen CC: 18
1665054730.554353 -- INFO: Changing concurrency to 17 ******
1665054730.555508 -- INFO: Process Status Bits from change concurrency are: 1 1 1 1 1 1 1 1 1 1 1 1 1 1 1 1 1 0 0 0 0 0 0 0 0 0 0 0 0 0 0 0
1665054730.556566 -- INFO: Active CC: 17
1665054730.556388 -- INFO: Start Process :: 15
1665054730.560014 -- INFO: Start Process :: 14
1665054730.560633 -- INFO: Start Process :: 16
1665054730.589264 -- INFO: Throughput @32.1s:6283.22Mbps, rtt :34.66ms cwnd: 1458.5 lossRate: 3.4832474132304735e-05 CC:17 score:-4485.0 
1665054730.590893 -- INFO: Process 15 get item 19 from queue and executing
1665054730.591098 -- INFO: starting 15, 19, /home/cc/files_to_send/FILE2
1665054730.594375 -- INFO: Process 14 get item 20 from queue and executing
1665054730.594649 -- INFO: starting 14, 20, /home/cc/files_to_send/FILE3
1665054730.596662 -- INFO: Process 16 get item 21 from queue and executing
1665054730.597058 -- INFO: starting 16, 21, /home/cc/files_to_send/FILE1
1665054731.590507 -- INFO: Throughput @33.1s:7291.61Mbps, rtt :35.39ms cwnd: 1771.2 lossRate: 0.0 CC:17 score:-5207.0 
1665054732.591918 -- INFO: Throughput @34.1s:7533.55Mbps, rtt :35.13ms cwnd: 1767.2 lossRate: 4.927010951821531e-05 CC:17 score:-5376.0 
1665054733.592276 -- INFO: Throughput @35.1s:7567.11Mbps, rtt :36.05ms cwnd: 1800.6 lossRate: 0.0 CC:17 score:-5404.0 
1665054733.757531 -- INFO: Changing concurrency to 19 ******
1665054733.758515 -- INFO: Process Status Bits from change concurrency are: 1 1 1 1 1 1 1 1 1 1 1 1 1 1 1 1 1 1 1 0 0 0 0 0 0 0 0 0 0 0 0 0
1665054733.759292 -- INFO: Active CC: 19
1665054733.759355 -- INFO: Start Process :: 18
1665054733.765222 -- INFO: Start Process :: 17
1665054733.794033 -- INFO: Process 18 get item 22 from queue and executing
1665054733.794247 -- INFO: starting 18, 22, /home/cc/files_to_send/FILE0
1665054733.800946 -- INFO: Process 17 get item 23 from queue and executing
1665054733.801326 -- INFO: starting 17, 23, /home/cc/files_to_send/FILE2
1665054733.965067 -- INFO: Process 1 finished on working on file 8 
1665054733.965529 -- INFO: Process 1 get item 24 from queue and executing
1665054733.965695 -- INFO: starting 1, 24, /home/cc/files_to_send/FILE3
1665054734.593121 -- INFO: Throughput @36.1s:7858.06Mbps, rtt :41.86ms cwnd: 1758.4 lossRate: 1.4733225486122775e-06 CC:19 score:-5394.0 
1665054735.157039 -- INFO: Process 5 finished on working on file 5 
1665054735.157458 -- INFO: Process 5 get item 25 from queue and executing
1665054735.180497 -- INFO: starting 5, 25, /home/cc/files_to_send/FILE1
1665054735.594105 -- INFO: Throughput @37.1s:8292.27Mbps, rtt :41.65ms cwnd: 1820.8 lossRate: 0.0 CC:19 score:-5692.0 
1665054735.883615 -- INFO: Process 2 finished on working on file 9 
1665054735.884032 -- INFO: Process 2 get item 26 from queue and executing
1665054735.884174 -- INFO: starting 2, 26, /home/cc/files_to_send/FILE0
1665054736.096596 -- INFO: Process 7 finished on working on file 7 
1665054736.097140 -- INFO: Process 7 get item 27 from queue and executing
1665054736.097386 -- INFO: starting 7, 27, /home/cc/files_to_send/FILE2
1665054736.494407 -- INFO: Process 0 finished on working on file 10 
1665054736.494833 -- INFO: Process 0 get item 28 from queue and executing
1665054736.494985 -- INFO: starting 0, 28, /home/cc/files_to_send/FILE3
1665054736.595507 -- INFO: Throughput @38.1s:8374.83Mbps, rtt :40.8ms cwnd: 1836.9 lossRate: 0.0 CC:19 score:-5749.0 
1665054736.960230 -- INFO: Gradient: -141.33333333333348, Gredient Change: 0.026521548758366202, Theta: 6, Previous CC: 18, Choosen CC: 24
1665054736.960399 -- INFO: Changing concurrency to 23 ******
1665054736.961183 -- INFO: Process Status Bits from change concurrency are: 1 1 1 1 1 1 1 1 1 1 1 1 1 1 1 1 1 1 1 1 1 1 1 0 0 0 0 0 0 0 0 0
1665054736.961883 -- INFO: Active CC: 23
1665054736.962248 -- INFO: Start Process :: 19
1665054736.962971 -- INFO: Start Process :: 20
1665054736.963080 -- INFO: Start Process :: 21
1665054736.964083 -- INFO: Start Process :: 22
1665054736.998381 -- INFO: Process 22 get item 29 from queue and executing
1665054736.998626 -- INFO: starting 22, 29, /home/cc/files_to_send/FILE1
1665054736.998677 -- INFO: Process 19 get item 30 from queue and executing
1665054736.998909 -- INFO: starting 19, 30, /home/cc/files_to_send/FILE0
1665054736.999016 -- INFO: Process 21 get item 31 from queue and executing
1665054736.999100 -- INFO: Process 20 get item 32 from queue and executing
1665054736.999235 -- INFO: starting 21, 31, /home/cc/files_to_send/FILE2
1665054736.999322 -- INFO: starting 20, 32, /home/cc/files_to_send/FILE3
1665054737.177518 -- INFO: Process 8 finished on working on file 11 
1665054737.177981 -- INFO: Process 8 get item 33 from queue and executing
1665054737.178261 -- INFO: starting 8, 33, /home/cc/files_to_send/FILE1
1665054737.597006 -- INFO: Throughput @39.1s:8594.84Mbps, rtt :40.4ms cwnd: 1575.5 lossRate: 6.790498191690331e-06 CC:23 score:-5450.0 
1665054738.597448 -- INFO: Throughput @40.1s:8852.31Mbps, rtt :44.0ms cwnd: 1644.9 lossRate: 0.0 CC:23 score:-5614.0 
1665054739.188106 -- INFO: Process 9 finished on working on file 12 
1665054739.188573 -- INFO: Process 9 get item 34 from queue and executing
1665054739.191884 -- INFO: starting 9, 34, /home/cc/files_to_send/FILE0
1665054739.598479 -- INFO: Throughput @41.1s:8960.65Mbps, rtt :51.21ms cwnd: 1754.0 lossRate: 0.0 CC:23 score:-5682.0 
1665054740.162970 -- INFO: Changing concurrency to 25 ******
1665054740.163753 -- INFO: Process Status Bits from change concurrency are: 1 1 1 1 1 1 1 1 1 1 1 1 1 1 1 1 1 1 1 1 1 1 1 1 1 0 0 0 0 0 0 0
1665054740.164281 -- INFO: Active CC: 25
1665054740.165044 -- INFO: Start Process :: 24
1665054740.167979 -- INFO: Start Process :: 23
1665054740.213480 -- INFO: Process 24 get item 35 from queue and executing
1665054740.213854 -- INFO: starting 24, 35, /home/cc/files_to_send/FILE2
1665054740.214305 -- INFO: Process 23 get item 36 from queue and executing
1665054740.214679 -- INFO: starting 23, 36, /home/cc/files_to_send/FILE3
1665054740.413550 -- INFO: Process 10 finished on working on file 14 
1665054740.414086 -- INFO: Process 10 get item 37 from queue and executing
1665054740.425377 -- INFO: starting 10, 37, /home/cc/files_to_send/FILE1
1665054740.446005 -- INFO: Process 11 finished on working on file 13 
1665054740.446379 -- INFO: Process 11 get item 38 from queue and executing
1665054740.466721 -- INFO: starting 11, 38, /home/cc/files_to_send/FILE0
1665054740.603252 -- INFO: Throughput @42.1s:9019.08Mbps, rtt :47.96ms cwnd: 1518.7 lossRate: 5.298382959366572e-05 CC:25 score:-5493.0 
1665054741.604445 -- INFO: Throughput @43.1s:8925.02Mbps, rtt :50.86ms cwnd: 1564.4 lossRate: 1.8181841794599732e-05 CC:25 score:-5438.0 
1665054742.288560 -- INFO: Process 3 finished on working on file 15 
1665054742.289044 -- INFO: Process 3 get item 39 from queue and executing
1665054742.289213 -- INFO: starting 3, 39, /home/cc/files_to_send/FILE2
1665054742.604875 -- INFO: Throughput @44.1s:8878.85Mbps, rtt :46.22ms cwnd: 1467.4 lossRate: 0.00011361291687452171 CC:25 score:-5402.0 
1665054743.170310 -- INFO: Process 4 finished on working on file 16 
1665054743.170780 -- INFO: Process 4 get item 40 from queue and executing
1665054743.193817 -- INFO: starting 4, 40, /home/cc/files_to_send/FILE3
1665054743.365290 -- INFO: Gradient: 68.83333333333348, Gredient Change: 0.012331302997730829, Theta: -1, Previous CC: 24, Choosen CC: 23
1665054743.365455 -- INFO: Changing concurrency to 22 ******
1665054743.365910 -- INFO: Process Status Bits from change concurrency are: 1 1 1 1 1 1 1 1 1 1 1 1 1 1 1 1 1 1 1 1 1 1 0 0 0 0 0 0 0 0 0 0
1665054743.366423 -- INFO: Active CC: 22
1665054743.603025 -- INFO: Throughput @45.1s:8730.13Mbps, rtt :37.49ms cwnd: 1393.5 lossRate: 8.350719619949472e-05 CC:22 score:-5640.0 
1665054743.881392 -- INFO: Process 12 finished on working on file 17 
1665054743.881835 -- INFO: Process 12 get item 41 from queue and executing
1665054743.882098 -- INFO: starting 12, 41, /home/cc/files_to_send/FILE1
1665054744.606401 -- INFO: Throughput @46.1s:8411.7Mbps, rtt :38.57ms cwnd: 1349.3 lossRate: 2.139567557737122e-05 CC:22 score:-5439.0 
1665054745.606108 -- INFO: Throughput @47.1s:8660.94Mbps, rtt :35.82ms cwnd: 1437.2 lossRate: 4.025284151517062e-05 CC:22 score:-5599.0 
1665054746.567435 -- INFO: Changing concurrency to 24 ******
1665054746.568244 -- INFO: Process Status Bits from change concurrency are: 1 1 1 1 1 1 1 1 1 1 1 1 1 1 1 1 1 1 1 1 1 1 1 1 0 0 0 0 0 0 0 0
1665054746.568446 -- INFO: Start Process :: 23
1665054746.568839 -- INFO: Active CC: 24
1665054746.569307 -- INFO: Start Process :: 22
1665054746.606091 -- INFO: Process 23 get item 42 from queue and executing
1665054746.606576 -- INFO: starting 23, 42, /home/cc/files_to_send/FILE0
1665054746.607371 -- INFO: Process 22 get item 43 from queue and executing
1665054746.607732 -- INFO: starting 22, 43, /home/cc/files_to_send/FILE2
1665054746.608230 -- INFO: Throughput @48.1s:8900.62Mbps, rtt :39.1ms cwnd: 1383.3 lossRate: 0.0 CC:24 score:-5534.0 
1665054747.014920 -- INFO: Process 13 finished on working on file 18 
1665054747.015569 -- INFO: Process 13 get item 44 from queue and executing
1665054747.033509 -- INFO: starting 13, 44, /home/cc/files_to_send/FILE3
1665054747.611245 -- INFO: Throughput @49.1s:8942.92Mbps, rtt :45.92ms cwnd: 1501.1 lossRate: 0.0 CC:24 score:-5560.0 
1665054747.631073 -- INFO: Process 14 finished on working on file 20 
1665054747.631599 -- INFO: Process 14 get item 45 from queue and executing
1665054747.631881 -- INFO: starting 14, 45, /home/cc/files_to_send/FILE1
1665054748.609013 -- INFO: Throughput @50.1s:8925.67Mbps, rtt :46.56ms cwnd: 1499.0 lossRate: 2.7277722284210486e-05 CC:24 score:-5547.0 
1665054749.609182 -- INFO: Throughput @51.1s:8763.62Mbps, rtt :48.04ms cwnd: 1531.7 lossRate: 4.3569072823724816e-05 CC:24 score:-5445.0 
1665054749.769837 -- INFO: Gradient: 21.0, Gredient Change: 0.003777431346684255, Theta: -2, Previous CC: 23, Choosen CC: 21
1665054749.770010 -- INFO: Changing concurrency to 20 ******
1665054749.770643 -- INFO: Process Status Bits from change concurrency are: 1 1 1 1 1 1 1 1 1 1 1 1 1 1 1 1 1 1 1 1 0 0 0 0 0 0 0 0 0 0 0 0
1665054749.771281 -- INFO: Active CC: 20
1665054750.102411 -- INFO: Process 1 finished on working on file 24 
1665054750.102875 -- INFO: Process 1 get item 46 from queue and executing
1665054750.115662 -- INFO: starting 1, 46, /home/cc/files_to_send/FILE0
1665054750.546252 -- INFO: Process 17 finished on working on file 23 
1665054750.546865 -- INFO: Process 17 get item 47 from queue and executing
1665054750.547273 -- INFO: starting 17, 47, /home/cc/files_to_send/FILE2
1665054750.612395 -- INFO: Throughput @52.1s:8771.42Mbps, rtt :37.77ms cwnd: 1707.6 lossRate: 6.575715495866969e-05 CC:20 score:-5897.0 
1665054751.612067 -- INFO: Throughput @53.1s:8800.0Mbps, rtt :39.86ms cwnd: 1765.2 lossRate: 0.0 CC:20 score:-5922.0 
1665054751.885135 -- INFO: Process 2 finished on working on file 26 
1665054751.885549 -- INFO: Process 2 get item 48 from queue and executing
1665054751.885715 -- INFO: starting 2, 48, /home/cc/files_to_send/FILE3
1665054752.281402 -- INFO: Process 5 finished on working on file 25 
1665054752.281883 -- INFO: Process 5 get item 49 from queue and executing
1665054752.282023 -- INFO: starting 5, 49, /home/cc/files_to_send/FILE1
1665054752.611391 -- INFO: Throughput @54.1s:8966.45Mbps, rtt :40.27ms cwnd: 1816.6 lossRate: 0.0 CC:20 score:-6034.0 
1665054752.768101 -- INFO: Process 0 finished on working on file 28 
1665054752.768600 -- INFO: Process 0 get item 50 from queue and executing
1665054752.781535 -- INFO: starting 0, 50, /home/cc/files_to_send/FILE0
1665054752.972428 -- INFO: Changing concurrency to 22 ******
1665054752.973361 -- INFO: Start Process :: 20
1665054752.973460 -- INFO: Process Status Bits from change concurrency are: 1 1 1 1 1 1 1 1 1 1 1 1 1 1 1 1 1 1 1 1 1 1 0 0 0 0 0 0 0 0 0 0
1665054752.973543 -- INFO: Start Process :: 21
1665054752.974169 -- INFO: Active CC: 22
1665054753.012425 -- INFO: Process 21 get item 51 from queue and executing
1665054753.012713 -- INFO: starting 21, 51, /home/cc/files_to_send/FILE2
1665054753.014247 -- INFO: Process 20 get item 52 from queue and executing
1665054753.014493 -- INFO: starting 20, 52, /home/cc/files_to_send/FILE3
1665054753.279069 -- INFO: Process 7 finished on working on file 27 
1665054753.279616 -- INFO: Process 7 get item 53 from queue and executing
1665054753.299480 -- INFO: starting 7, 53, /home/cc/files_to_send/FILE1
1665054753.345181 -- INFO: Process 8 finished on working on file 33 
1665054753.345501 -- INFO: Process 8 get item 54 from queue and executing
1665054753.345642 -- INFO: starting 8, 54, /home/cc/files_to_send/FILE0
1665054753.613845 -- INFO: Throughput @55.1s:9011.55Mbps, rtt :43.81ms cwnd: 1704.5 lossRate: 1.2833560273457503e-06 CC:22 score:-5829.0 
1665054754.617949 -- INFO: Throughput @56.1s:9025.6Mbps, rtt :46.03ms cwnd: 1703.5 lossRate: 1.5410536697624724e-05 CC:22 score:-5837.0 
1665054754.792923 -- INFO: Process 19 finished on working on file 30 
1665054754.793388 -- INFO: Process 19 get item 55 from queue and executing
1665054754.793610 -- INFO: starting 19, 55, /home/cc/files_to_send/FILE2
1665054755.381051 -- INFO: Process 16 finished on working on file 21 
1665054755.381844 -- INFO: Process 16 get item 56 from queue and executing
1665054755.421376 -- INFO: starting 16, 56, /home/cc/files_to_send/FILE3
1665054755.619758 -- INFO: Throughput @57.1s:9039.1Mbps, rtt :45.84ms cwnd: 1757.0 lossRate: 2.5662312199991532e-06 CC:22 score:-5847.0 
1665054755.660369 -- INFO: Process 6 finished on working on file 6 
1665054755.660790 -- INFO: Process 6 get item 57 from queue and executing
1665054755.677593 -- INFO: starting 6, 57, /home/cc/files_to_send/FILE1
1665054756.175241 -- INFO: Gradient: 56.666666666666515, Gredient Change: 0.00952220915252336, Theta: -3, Previous CC: 21, Choosen CC: 18
1665054756.175414 -- INFO: Changing concurrency to 17 ******
1665054756.176204 -- INFO: Process Status Bits from change concurrency are: 1 1 1 1 1 1 1 1 1 1 1 1 1 1 1 1 1 0 0 0 0 0 0 0 0 0 0 0 0 0 0 0
1665054756.176952 -- INFO: Active CC: 17
1665054756.617194 -- INFO: Throughput @58.1s:8491.85Mbps, rtt :35.02ms cwnd: 1652.6 lossRate: 0 CC:17 score:-6065.0 
1665054757.149614 -- INFO: Process 10 finished on working on file 37 
1665054757.150020 -- INFO: Process 10 get item 58 from queue and executing
1665054757.150174 -- INFO: starting 10, 58, /home/cc/files_to_send/FILE0
1665054757.617672 -- INFO: Throughput @59.1s:7891.94Mbps, rtt :34.91ms cwnd: 1702.5 lossRate: 0.0 CC:17 score:-5636.0 
1665054758.617765 -- INFO: Throughput @60.1s:8000.66Mbps, rtt :35.97ms cwnd: 1748.9 lossRate: 0.0 CC:17 score:-5714.0 
1665054759.378006 -- INFO: Changing concurrency to 19 ******
1665054759.378847 -- INFO: Start Process :: 18
1665054759.378963 -- INFO: Process Status Bits from change concurrency are: 1 1 1 1 1 1 1 1 1 1 1 1 1 1 1 1 1 1 1 0 0 0 0 0 0 0 0 0 0 0 0 0
1665054759.378983 -- INFO: Start Process :: 17
1665054759.379815 -- INFO: Active CC: 19
1665054759.413070 -- INFO: Process 18 get item 59 from queue and executing
1665054759.413366 -- INFO: starting 18, 59, /home/cc/files_to_send/FILE2
1665054759.418409 -- INFO: Process 17 get item 60 from queue and executing
1665054759.418775 -- INFO: starting 17, 60, /home/cc/files_to_send/FILE3
1665054759.619425 -- INFO: Throughput @61.1s:8193.7Mbps, rtt :35.25ms cwnd: 1637.2 lossRate: 0.0 CC:19 score:-5624.0 
1665054759.823437 -- INFO: Process 3 finished on working on file 39 
1665054759.823804 -- INFO: Process 3 get item 61 from queue and executing
1665054759.823966 -- INFO: starting 3, 61, /home/cc/files_to_send/FILE1
1665054760.465500 -- INFO: Process 12 finished on working on file 41 
1665054760.465963 -- INFO: Process 12 get item 62 from queue and executing
1665054760.466203 -- INFO: starting 12, 62, /home/cc/files_to_send/FILE0
1665054760.569755 -- INFO: Process 4 finished on working on file 40 
1665054760.570182 -- INFO: Process 4 get item 63 from queue and executing
1665054760.570378 -- INFO: starting 4, 63, /home/cc/files_to_send/FILE2
1665054760.620828 -- INFO: Throughput @62.1s:9022.75Mbps, rtt :37.7ms cwnd: 1875.6 lossRate: 0.0 CC:19 score:-6193.0 
1665054760.944900 -- INFO: Process 15 finished on working on file 19 
1665054760.945336 -- INFO: Process 15 get item 64 from queue and executing
1665054760.945619 -- INFO: starting 15, 64, /home/cc/files_to_send/FILE3
1665054761.596783 -- INFO: Process 9 finished on working on file 34 
1665054761.597212 -- INFO: Process 9 get item 65 from queue and executing
1665054761.615297 -- INFO: starting 9, 65, /home/cc/files_to_send/FILE1
1665054761.621161 -- INFO: Throughput @63.1s:9141.28Mbps, rtt :39.74ms cwnd: 1918.3 lossRate: 0.0 CC:19 score:-6275.0 
1665054762.580937 -- INFO: Gradient: -112.83333333333348, Gredient Change: 0.019437266724088454, Theta: 1, Previous CC: 18, Choosen CC: 19
1665054762.581102 -- INFO: Changing concurrency to 18 ******
1665054762.582113 -- INFO: Process Status Bits from change concurrency are: 1 1 1 1 1 1 1 1 1 1 1 1 1 1 1 1 1 1 0 0 0 0 0 0 0 0 0 0 0 0 0 0
1665054762.582851 -- INFO: Active CC: 18
1665054762.621850 -- INFO: Throughput @64.1s:9008.39Mbps, rtt :35.56ms cwnd: 1706.5 lossRate: 8.371779118979724e-05 CC:18 score:-6300.0 
1665054763.622924 -- INFO: Throughput @65.1s:8475.5Mbps, rtt :37.16ms cwnd: 1801.9 lossRate: 0 CC:18 score:-5934.0 
1665054763.673576 -- INFO: Process 14 finished on working on file 45 
1665054763.674198 -- INFO: Process 14 get item 66 from queue and executing
1665054763.674419 -- INFO: starting 14, 66, /home/cc/files_to_send/FILE0
1665054764.623691 -- INFO: Throughput @66.1s:8749.34Mbps, rtt :35.8ms cwnd: 1850.7 lossRate: 0.0 CC:18 score:-6126.0 
1665054765.185744 -- INFO: Process 13 finished on working on file 44 
1665054765.186260 -- INFO: Process 13 get item 67 from queue and executing
1665054765.186453 -- INFO: starting 13, 67, /home/cc/files_to_send/FILE2
1665054765.625423 -- INFO: Throughput @67.1s:8808.39Mbps, rtt :35.61ms cwnd: 1893.2 lossRate: 0.0 CC:18 score:-6167.0 
1665054765.783780 -- INFO: Changing concurrency to 20 ******
1665054765.784725 -- INFO: Start Process :: 18
1665054765.784847 -- INFO: Start Process :: 19
1665054765.784967 -- INFO: Process Status Bits from change concurrency are: 1 1 1 1 1 1 1 1 1 1 1 1 1 1 1 1 1 1 1 1 0 0 0 0 0 0 0 0 0 0 0 0
1665054765.785852 -- INFO: Active CC: 20
1665054765.819903 -- INFO: Process 18 get item 68 from queue and executing
1665054765.820083 -- INFO: starting 18, 68, /home/cc/files_to_send/FILE3
1665054765.821532 -- INFO: Process 19 get item 69 from queue and executing
1665054765.821702 -- INFO: starting 19, 69, /home/cc/files_to_send/FILE1
1665054765.887336 -- INFO: Process 11 finished on working on file 38 
1665054765.887786 -- INFO: Process 11 get item 70 from queue and executing
1665054765.897201 -- INFO: starting 11, 70, /home/cc/files_to_send/FILE0
1665054766.626073 -- INFO: Throughput @68.1s:9175.5Mbps, rtt :35.92ms cwnd: 1837.0 lossRate: 0.0 CC:20 score:-6175.0 
1665054766.919330 -- INFO: Process 1 finished on working on file 46 
1665054766.919748 -- INFO: Process 1 get item 71 from queue and executing
1665054766.921161 -- INFO: starting 1, 71, /home/cc/files_to_send/FILE2
1665054767.627062 -- INFO: Throughput @69.1s:9308.39Mbps, rtt :37.04ms cwnd: 1738.2 lossRate: 3.9849220511888145e-05 CC:20 score:-6261.0 
1665054767.885840 -- INFO: Process 2 finished on working on file 48 
1665054767.886244 -- INFO: Process 2 get item 72 from queue and executing
1665054767.886409 -- INFO: starting 2, 72, /home/cc/files_to_send/FILE3
1665054768.282089 -- INFO: Process 5 finished on working on file 49 
1665054768.282489 -- INFO: Process 5 get item 73 from queue and executing
1665054768.282628 -- INFO: starting 5, 73, /home/cc/files_to_send/FILE1
1665054768.627880 -- INFO: Throughput @70.1s:9291.28Mbps, rtt :36.12ms cwnd: 1772.6 lossRate: 0.0 CC:20 score:-6253.0 
1665054768.986900 -- INFO: Gradient: -77.0, Gredient Change: 0.012673506336753168, Theta: 2, Previous CC: 19, Choosen CC: 21
1665054768.987086 -- INFO: Changing concurrency to 20 ******
1665054768.987906 -- INFO: Process Status Bits from change concurrency are: 1 1 1 1 1 1 1 1 1 1 1 1 1 1 1 1 1 1 1 1 0 0 0 0 0 0 0 0 0 0 0 0
1665054768.988826 -- INFO: Active CC: 20
1665054769.581280 -- INFO: Process 7 finished on working on file 53 
1665054769.581734 -- INFO: Process 7 get item 74 from queue and executing
1665054769.581918 -- INFO: starting 7, 74, /home/cc/files_to_send/FILE0
1665054769.630610 -- INFO: Throughput @71.1s:9333.55Mbps, rtt :37.48ms cwnd: 1801.1 lossRate: 0.0 CC:20 score:-6281.0 
1665054770.007582 -- INFO: Process 8 finished on working on file 54 
1665054770.007954 -- INFO: Process 8 get item 75 from queue and executing
1665054770.008116 -- INFO: starting 8, 75, /home/cc/files_to_send/FILE2
1665054770.630473 -- INFO: Throughput @72.1s:9341.28Mbps, rtt :39.58ms cwnd: 1824.1 lossRate: 0.0 CC:20 score:-6286.0 
1665054771.631669 -- INFO: Throughput @73.1s:9333.89Mbps, rtt :40.59ms cwnd: 1819.0 lossRate: 6.204174416714542e-06 CC:20 score:-6281.0 
1665054772.030148 -- INFO: Process 6 finished on working on file 57 
1665054772.030667 -- INFO: Process 6 get item 76 from queue and executing
1665054772.030867 -- INFO: starting 6, 76, /home/cc/files_to_send/FILE3
1665054772.189712 -- INFO: Changing concurrency to 22 ******
1665054772.190579 -- INFO: Process Status Bits from change concurrency are: 1 1 1 1 1 1 1 1 1 1 1 1 1 1 1 1 1 1 1 1 1 1 0 0 0 0 0 0 0 0 0 0
1665054772.190571 -- INFO: Start Process :: 20
1665054772.190690 -- INFO: Start Process :: 21
1665054772.191262 -- INFO: Active CC: 22
1665054772.229558 -- INFO: Process 20 get item 77 from queue and executing
1665054772.229771 -- INFO: starting 20, 77, /home/cc/files_to_send/FILE1
1665054772.230944 -- INFO: Process 21 get item 78 from queue and executing
1665054772.231136 -- INFO: starting 21, 78, /home/cc/files_to_send/FILE0
1665054772.632985 -- INFO: Throughput @74.1s:9181.76Mbps, rtt :41.39ms cwnd: 1661.1 lossRate: 1.266056764921112e-06 CC:22 score:-5939.0 
1665054773.176876 -- INFO: Process 10 finished on working on file 58 
1665054773.177380 -- INFO: Process 10 get item 79 from queue and executing
1665054773.177564 -- INFO: starting 10, 79, /home/cc/files_to_send/FILE2
1665054773.635331 -- INFO: Throughput @75.1s:9018.57Mbps, rtt :36.3ms cwnd: 1509.3 lossRate: 8.520603723503828e-05 CC:22 score:-5826.0 
1665054773.718411 -- INFO: Process 0 finished on working on file 50 
1665054773.718828 -- INFO: Process 0 get item 80 from queue and executing
1665054773.751120 -- INFO: starting 0, 80, /home/cc/files_to_send/FILE3
1665054774.634781 -- INFO: Throughput @76.1s:9291.28Mbps, rtt :38.69ms cwnd: 1619.7 lossRate: 4.969888686918135e-06 CC:22 score:-6010.0 
1665054774.657977 -- INFO: Process 16 finished on working on file 56 
1665054774.658643 -- INFO: Process 16 get item 81 from queue and executing
1665054774.658868 -- INFO: starting 16, 81, /home/cc/files_to_send/FILE1
1665054775.392208 -- INFO: Gradient: 178.83333333333348, Gredient Change: 0.028464558573854014, Theta: -1, Previous CC: 21, Choosen CC: 20
1665054775.392383 -- INFO: Changing concurrency to 19 ******
1665054775.393161 -- INFO: Process Status Bits from change concurrency are: 1 1 1 1 1 1 1 1 1 1 1 1 1 1 1 1 1 1 1 0 0 0 0 0 0 0 0 0 0 0 0 0
1665054775.393868 -- INFO: Active CC: 19
1665054775.636149 -- INFO: Throughput @77.1s:8991.61Mbps, rtt :34.99ms cwnd: 1558.2 lossRate: 0.00021106182291913056 CC:19 score:-6153.0 
1665054775.846635 -- INFO: Process 3 finished on working on file 61 
1665054775.846996 -- INFO: Process 3 get item 82 from queue and executing
1665054775.847142 -- INFO: starting 3, 82, /home/cc/files_to_send/FILE0
1665054776.524745 -- INFO: Process 17 finished on working on file 60 
1665054776.525269 -- INFO: Process 17 get item 83 from queue and executing
1665054776.537889 -- INFO: starting 17, 83, /home/cc/files_to_send/FILE2
1665054776.636627 -- INFO: Throughput @78.1s:8600.33Mbps, rtt :34.77ms cwnd: 1609.3 lossRate: 0.0 CC:19 score:-5904.0 
1665054776.676429 -- INFO: Process 4 finished on working on file 63 
1665054776.676839 -- INFO: Process 4 get item 84 from queue and executing
1665054776.676983 -- INFO: starting 4, 84, /home/cc/files_to_send/FILE3
1665054777.282417 -- INFO: Process 15 finished on working on file 64 
1665054777.282867 -- INFO: Process 15 get item 85 from queue and executing
1665054777.304044 -- INFO: starting 15, 85, /home/cc/files_to_send/FILE1
1665054777.304523 -- INFO: Process 12 finished on working on file 62 
1665054777.304949 -- INFO: Process 12 get item 86 from queue and executing
1665054777.305100 -- INFO: starting 12, 86, /home/cc/files_to_send/FILE0
1665054777.636978 -- INFO: Throughput @79.1s:8575.17Mbps, rtt :35.77ms cwnd: 1645.3 lossRate: 0.0 CC:19 score:-5886.0 
1665054777.900876 -- INFO: Process 9 finished on working on file 65 
1665054777.901313 -- INFO: Process 9 get item 87 from queue and executing
1665054777.901495 -- INFO: starting 9, 87, /home/cc/files_to_send/FILE2
1665054778.594938 -- INFO: Changing concurrency to 21 ******
1665054778.595834 -- INFO: Start Process :: 19
1665054778.595946 -- INFO: Process Status Bits from change concurrency are: 1 1 1 1 1 1 1 1 1 1 1 1 1 1 1 1 1 1 1 1 1 0 0 0 0 0 0 0 0 0 0 0
1665054778.595970 -- INFO: Start Process :: 20
1665054778.596700 -- INFO: Active CC: 21
1665054778.629890 -- INFO: Process 19 get item 88 from queue and executing
1665054778.629924 -- INFO: Process 20 get item 89 from queue and executing
1665054778.630109 -- INFO: starting 20, 89, /home/cc/files_to_send/FILE1
1665054778.630170 -- INFO: starting 19, 88, /home/cc/files_to_send/FILE3
1665054778.638556 -- INFO: Throughput @80.1s:8692.95Mbps, rtt :34.64ms cwnd: 1516.3 lossRate: 0.0 CC:21 score:-5735.0 
1665054779.642447 -- INFO: Throughput @81.1s:8907.38Mbps, rtt :35.73ms cwnd: 1577.3 lossRate: 6.509416521940639e-06 CC:21 score:-5876.0 
1665054779.828643 -- INFO: Process 14 finished on working on file 66 
1665054779.829243 -- INFO: Process 14 get item 90 from queue and executing
1665054779.829440 -- INFO: starting 14, 90, /home/cc/files_to_send/FILE0
1665054780.641275 -- INFO: Throughput @82.1s:8949.67Mbps, rtt :36.8ms cwnd: 1599.0 lossRate: 0.0 CC:21 score:-5905.0 
1665054781.237953 -- INFO: Process 13 finished on working on file 67 
1665054781.238496 -- INFO: Process 13 get item 91 from queue and executing
1665054781.238639 -- INFO: starting 13, 91, /home/cc/files_to_send/FILE2
1665054781.642367 -- INFO: Throughput @83.1s:8991.28Mbps, rtt :35.4ms cwnd: 1614.4 lossRate: 0.0 CC:21 score:-5932.0 
1665054781.797645 -- INFO: Gradient: 38.333333333333485, Gredient Change: 0.006409184640249705, Theta: -2, Previous CC: 20, Choosen CC: 18
1665054781.797808 -- INFO: Changing concurrency to 17 ******
1665054781.798668 -- INFO: Process Status Bits from change concurrency are: 1 1 1 1 1 1 1 1 1 1 1 1 1 1 1 1 1 0 0 0 0 0 0 0 0 0 0 0 0 0 0 0
1665054781.799540 -- INFO: Active CC: 17
1665054782.464261 -- INFO: Process 11 finished on working on file 70 
1665054782.464716 -- INFO: Process 11 get item 92 from queue and executing
1665054782.464872 -- INFO: starting 11, 92, /home/cc/files_to_send/FILE3
1665054782.642518 -- INFO: Throughput @84.1s:8216.45Mbps, rtt :34.61ms cwnd: 1818.5 lossRate: 0 CC:17 score:-5868.0 
1665054782.928771 -- INFO: Process 1 finished on working on file 71 
1665054782.929223 -- INFO: Process 1 get item 93 from queue and executing
1665054782.929368 -- INFO: starting 1, 93, /home/cc/files_to_send/FILE1
1665054783.644688 -- INFO: Throughput @85.1s:8025.17Mbps, rtt :34.85ms cwnd: 1828.6 lossRate: 0.0 CC:17 score:-5731.0 
1665054784.645419 -- INFO: Throughput @86.1s:8041.94Mbps, rtt :34.76ms cwnd: 1834.7 lossRate: 0.0 CC:17 score:-5743.0 
1665054785.000498 -- INFO: Changing concurrency to 19 ******
1665054785.001603 -- INFO: Process Status Bits from change concurrency are: 1 1 1 1 1 1 1 1 1 1 1 1 1 1 1 1 1 1 1 0 0 0 0 0 0 0 0 0 0 0 0 0
1665054785.001631 -- INFO: Start Process :: 17
1665054785.001705 -- INFO: Start Process :: 18
1665054785.002514 -- INFO: Active CC: 19
1665054785.036954 -- INFO: Process 18 get item 94 from queue and executing
1665054785.037040 -- INFO: Process 17 get item 95 from queue and executing
1665054785.037142 -- INFO: starting 18, 94, /home/cc/files_to_send/FILE0
1665054785.037270 -- INFO: starting 17, 95, /home/cc/files_to_send/FILE2
1665054785.615454 -- INFO: Process 7 finished on working on file 74 
1665054785.615895 -- INFO: Process 7 get item 96 from queue and executing
1665054785.616060 -- INFO: starting 7, 96, /home/cc/files_to_send/FILE3
1665054785.645716 -- INFO: Throughput @87.1s:8191.56Mbps, rtt :34.94ms cwnd: 1696.9 lossRate: 0.0 CC:19 score:-5623.0 
1665054786.647123 -- INFO: Throughput @88.1s:8533.4Mbps, rtt :35.05ms cwnd: 1790.9 lossRate: 0.0 CC:19 score:-5858.0 
1665054787.393159 -- INFO: Process 2 finished on working on file 72 
1665054787.393803 -- INFO: Process 2 get item 97 from queue and executing
1665054787.411173 -- INFO: starting 2, 97, /home/cc/files_to_send/FILE1
1665054787.648101 -- INFO: Throughput @89.1s:8691.37Mbps, rtt :35.02ms cwnd: 1805.3 lossRate: 0.0 CC:19 score:-5966.0 
1665054788.032979 -- INFO: Process 6 finished on working on file 76 
1665054788.033414 -- INFO: Process 6 get item 98 from queue and executing
1665054788.033600 -- INFO: starting 6, 98, /home/cc/files_to_send/FILE0
1665054788.203390 -- INFO: Gradient: -17.5, Gredient Change: 0.0030273324876023524, Theta: 1, Previous CC: 18, Choosen CC: 19
1665054788.203571 -- INFO: Changing concurrency to 18 ******
1665054788.204425 -- INFO: Process Status Bits from change concurrency are: 1 1 1 1 1 1 1 1 1 1 1 1 1 1 1 1 1 1 0 0 0 0 0 0 0 0 0 0 0 0 0 0
1665054788.205372 -- INFO: Active CC: 18
1665054788.557418 -- INFO: Process 8 finished on working on file 75 
1665054788.557876 -- INFO: Process 8 get item 99 from queue and executing
1665054788.567241 -- INFO: starting 8, 99, /home/cc/files_to_send/FILE2
1665054788.648721 -- INFO: Throughput @90.1s:8667.23Mbps, rtt :35.83ms cwnd: 1902.2 lossRate: 0.0 CC:18 score:-6068.0 
1665054789.192824 -- INFO: Process 10 finished on working on file 79 
1665054789.193322 -- INFO: Process 10 get item 100 from queue and executing
1665054789.193502 -- INFO: starting 10, 100, /home/cc/files_to_send/FILE3
1665054789.650319 -- INFO: Throughput @91.1s:8650.33Mbps, rtt :36.02ms cwnd: 1922.4 lossRate: 0.0 CC:18 score:-6057.0 
1665054790.224497 -- INFO: Process 5 finished on working on file 73 
1665054790.225032 -- INFO: Process 5 get item 101 from queue and executing
1665054790.244231 -- INFO: starting 5, 101, /home/cc/files_to_send/FILE1
1665054790.651822 -- INFO: Throughput @92.1s:8774.5Mbps, rtt :35.22ms cwnd: 1949.1 lossRate: 0.0 CC:18 score:-6144.0 
1665054790.658976 -- INFO: Process 16 finished on working on file 81 
1665054790.659611 -- INFO: Process 16 get item 102 from queue and executing
1665054790.659839 -- INFO: starting 16, 102, /home/cc/files_to_send/FILE0
1665054791.406325 -- INFO: Changing concurrency to 20 ******
1665054791.407356 -- INFO: Start Process :: 19
1665054791.407468 -- INFO: Process Status Bits from change concurrency are: 1 1 1 1 1 1 1 1 1 1 1 1 1 1 1 1 1 1 1 1 0 0 0 0 0 0 0 0 0 0 0 0
1665054791.408229 -- INFO: Active CC: 20
1665054791.409640 -- INFO: Start Process :: 18
1665054791.442990 -- INFO: Process 19 get item 103 from queue and executing
1665054791.443282 -- INFO: starting 19, 103, /home/cc/files_to_send/FILE2
1665054791.446226 -- INFO: Process 18 get item 104 from queue and executing
1665054791.446719 -- INFO: starting 18, 104, /home/cc/files_to_send/FILE3
1665054791.652818 -- INFO: Throughput @93.1s:8844.09Mbps, rtt :35.14ms cwnd: 1809.0 lossRate: 0.0 CC:20 score:-5952.0 
1665054791.847212 -- INFO: Process 3 finished on working on file 82 
1665054791.847616 -- INFO: Process 3 get item 105 from queue and executing
1665054791.847768 -- INFO: starting 3, 105, /home/cc/files_to_send/FILE1
1665054792.653215 -- INFO: Throughput @94.1s:9070.91Mbps, rtt :35.78ms cwnd: 1773.3 lossRate: 8.702574170247946e-05 CC:20 score:-6097.0 
1665054792.677050 -- INFO: Process 4 finished on working on file 84 
1665054792.677449 -- INFO: Process 4 get item 106 from queue and executing
1665054792.677595 -- INFO: starting 4, 106, /home/cc/files_to_send/FILE0
1665054793.319088 -- INFO: Process 12 finished on working on file 86 
1665054793.319508 -- INFO: Process 12 get item 107 from queue and executing
1665054793.326844 -- INFO: starting 12, 107, /home/cc/files_to_send/FILE2
1665054793.408240 -- INFO: Process 15 finished on working on file 85 
1665054793.408644 -- INFO: Process 15 get item 108 from queue and executing
1665054793.429780 -- INFO: starting 15, 108, /home/cc/files_to_send/FILE3
1665054793.653835 -- INFO: Throughput @95.1s:9085.0Mbps, rtt :35.81ms cwnd: 1801.2 lossRate: 3.823921176238154e-05 CC:20 score:-6110.0 
1665054793.901569 -- INFO: Process 9 finished on working on file 87 
1665054793.901989 -- INFO: Process 9 get item 109 from queue and executing
1665054793.902130 -- INFO: starting 9, 109, /home/cc/files_to_send/FILE1
1665054794.609198 -- INFO: Gradient: 18.333333333333485, Gredient Change: 0.0030105643439706856, Theta: -1, Previous CC: 19, Choosen CC: 18
1665054794.609370 -- INFO: Changing concurrency to 17 ******
1665054794.610461 -- INFO: Process Status Bits from change concurrency are: 1 1 1 1 1 1 1 1 1 1 1 1 1 1 1 1 1 0 0 0 0 0 0 0 0 0 0 0 0 0 0 0
1665054794.611204 -- INFO: Active CC: 17
1665054794.656223 -- INFO: Throughput @96.1s:9127.12Mbps, rtt :39.04ms cwnd: 1855.0 lossRate: 0.0 CC:17 score:-6518.0 
1665054795.616115 -- INFO: Process 0 finished on working on file 80 
1665054795.616545 -- INFO: Process 0 get item 110 from queue and executing
1665054795.616733 -- INFO: starting 0, 110, /home/cc/files_to_send/FILE0
1665054795.657386 -- INFO: Throughput @97.1s:8406.11Mbps, rtt :34.95ms cwnd: 2001.2 lossRate: 0 CC:17 score:-6003.0 
1665054795.829546 -- INFO: Process 14 finished on working on file 90 
1665054795.830127 -- INFO: Process 14 get item 111 from queue and executing
1665054795.830336 -- INFO: starting 14, 111, /home/cc/files_to_send/FILE2
1665054796.658325 -- INFO: Throughput @98.2s:7644.29Mbps, rtt :34.94ms cwnd: 2032.5 lossRate: 0.0 CC:17 score:-5459.0 
1665054797.238754 -- INFO: Process 13 finished on working on file 91 
1665054797.239371 -- INFO: Process 13 get item 112 from queue and executing
1665054797.239581 -- INFO: starting 13, 112, /home/cc/files_to_send/FILE3
1665054797.658876 -- INFO: Throughput @99.2s:8433.22Mbps, rtt :35.17ms cwnd: 2049.0 lossRate: 0.0 CC:17 score:-6023.0 
1665054797.812167 -- INFO: Changing concurrency to 19 ******
1665054797.813198 -- INFO: Process Status Bits from change concurrency are: 1 1 1 1 1 1 1 1 1 1 1 1 1 1 1 1 1 1 1 0 0 0 0 0 0 0 0 0 0 0 0 0
1665054797.813141 -- INFO: Start Process :: 17
1665054797.813258 -- INFO: Start Process :: 18
1665054797.814197 -- INFO: Active CC: 19
1665054797.847502 -- INFO: Process 17 get item 113 from queue and executing
1665054797.847573 -- INFO: Process 18 get item 114 from queue and executing
1665054797.847794 -- INFO: starting 17, 113, /home/cc/files_to_send/FILE1
1665054797.847822 -- INFO: starting 18, 114, /home/cc/files_to_send/FILE0
1665054798.464955 -- INFO: Process 11 finished on working on file 92 
1665054798.465410 -- INFO: Process 11 get item 115 from queue and executing
1665054798.465569 -- INFO: starting 11, 115, /home/cc/files_to_send/FILE2
1665054798.662821 -- INFO: Throughput @100.2s:8917.11Mbps, rtt :36.17ms cwnd: 2000.1 lossRate: 0.0 CC:19 score:-6121.0 
1665054798.929438 -- INFO: Process 1 finished on working on file 93 
1665054798.929873 -- INFO: Process 1 get item 116 from queue and executing
1665054798.930043 -- INFO: starting 1, 116, /home/cc/files_to_send/FILE3
1665054799.661864 -- INFO: Throughput @101.2s:9266.45Mbps, rtt :35.3ms cwnd: 2018.9 lossRate: 0.0 CC:19 score:-6361.0 
1665054800.663799 -- INFO: Throughput @102.2s:9258.39Mbps, rtt :36.0ms cwnd: 2027.3 lossRate: 0.0 CC:19 score:-6355.0 
1665054801.015165 -- INFO: Gradient: -225.33333333333348, Gredient Change: 0.03866171003717475, Theta: 1, Previous CC: 18, Choosen CC: 19
1665054801.015334 -- INFO: Changing concurrency to 18 ******
1665054801.016234 -- INFO: Process Status Bits from change concurrency are: 1 1 1 1 1 1 1 1 1 1 1 1 1 1 1 1 1 1 0 0 0 0 0 0 0 0 0 0 0 0 0 0
1665054801.017150 -- INFO: Active CC: 18
1665054801.616256 -- INFO: Process 7 finished on working on file 96 
1665054801.616663 -- INFO: Process 7 get item 117 from queue and executing
1665054801.616825 -- INFO: starting 7, 117, /home/cc/files_to_send/FILE1
1665054801.663002 -- INFO: Throughput @103.2s:9091.94Mbps, rtt :35.71ms cwnd: 2087.9 lossRate: 0.0 CC:18 score:-6366.0 
1665054802.663653 -- INFO: Throughput @104.2s:8974.83Mbps, rtt :36.98ms cwnd: 2089.2 lossRate: 0.0 CC:18 score:-6284.0 
1665054803.665766 -- INFO: Throughput @105.2s:8466.78Mbps, rtt :34.61ms cwnd: 1718.3 lossRate: 0.00022957661672802458 CC:18 score:-5909.0 
1665054804.033673 -- INFO: Process 6 finished on working on file 98 
1665054804.034124 -- INFO: Process 6 get item 118 from queue and executing
1665054804.034266 -- INFO: starting 6, 118, /home/cc/files_to_send/FILE0
1665054804.218031 -- INFO: Changing concurrency to 20 ******
1665054804.219200 -- INFO: Start Process :: 19
1665054804.219265 -- INFO: Process Status Bits from change concurrency are: 1 1 1 1 1 1 1 1 1 1 1 1 1 1 1 1 1 1 1 1 0 0 0 0 0 0 0 0 0 0 0 0
1665054804.219421 -- INFO: Start Process :: 18
1665054804.220176 -- INFO: Active CC: 20
1665054804.254246 -- INFO: Process 18 get item 119 from queue and executing
1665054804.254469 -- INFO: starting 18, 119, /home/cc/files_to_send/FILE2
1665054804.254799 -- INFO: Process 19 get item 120 from queue and executing
1665054804.255003 -- INFO: starting 19, 120, /home/cc/files_to_send/FILE3
1665054804.504204 -- INFO: Process 2 finished on working on file 97 
1665054804.504587 -- INFO: Process 2 get item 121 from queue and executing
1665054804.504735 -- INFO: starting 2, 121, /home/cc/files_to_send/FILE1
1665054804.571639 -- INFO: Process 8 finished on working on file 99 
1665054804.572064 -- INFO: Process 8 get item 122 from queue and executing
1665054804.572227 -- INFO: starting 8, 122, /home/cc/files_to_send/FILE0
1665054804.669294 -- INFO: Throughput @106.2s:8590.64Mbps, rtt :34.77ms cwnd: 1627.7 lossRate: 0.0 CC:20 score:-5781.0 
1665054805.213197 -- INFO: Process 10 finished on working on file 100 
1665054805.213672 -- INFO: Process 10 get item 123 from queue and executing
1665054805.241992 -- INFO: starting 10, 123, /home/cc/files_to_send/FILE2
1665054805.669548 -- INFO: Throughput @107.2s:8518.08Mbps, rtt :34.85ms cwnd: 1539.6 lossRate: 0.00012406592672475496 CC:20 score:-5722.0 
1665054806.659943 -- INFO: Process 16 finished on working on file 102 
1665054806.660589 -- INFO: Process 16 get item 124 from queue and executing
1665054806.660801 -- INFO: starting 16, 124, /home/cc/files_to_send/FILE3
1665054806.670513 -- INFO: Throughput @108.2s:8508.39Mbps, rtt :34.93ms cwnd: 1579.5 lossRate: 0.0 CC:20 score:-5726.0 
1665054807.421125 -- INFO: Gradient: 221.66666666666652, Gredient Change: 0.0358316719650843, Theta: -1, Previous CC: 19, Choosen CC: 18
1665054807.421295 -- INFO: Changing concurrency to 17 ******
1665054807.422305 -- INFO: Process Status Bits from change concurrency are: 1 1 1 1 1 1 1 1 1 1 1 1 1 1 1 1 1 0 0 0 0 0 0 0 0 0 0 0 0 0 0 0
1665054807.423230 -- INFO: Active CC: 17
1665054807.671812 -- INFO: Throughput @109.2s:8350.99Mbps, rtt :36.26ms cwnd: 1576.9 lossRate: 0.0 CC:17 score:-5964.0 
1665054807.847858 -- INFO: Process 3 finished on working on file 105 
1665054807.848220 -- INFO: Process 3 get item 125 from queue and executing
1665054807.848382 -- INFO: starting 3, 125, /home/cc/files_to_send/FILE1
1665054808.673663 -- INFO: Throughput @110.2s:7816.11Mbps, rtt :36.07ms cwnd: 1733.2 lossRate: 0.0 CC:17 score:-5582.0 
1665054808.721961 -- INFO: Process 4 finished on working on file 106 
1665054808.722289 -- INFO: Process 4 get item 126 from queue and executing
1665054808.722431 -- INFO: starting 4, 126, /home/cc/files_to_send/FILE0
1665054809.378515 -- INFO: Process 5 finished on working on file 101 
1665054809.379221 -- INFO: Process 5 get item 127 from queue and executing
1665054809.403142 -- INFO: starting 5, 127, /home/cc/files_to_send/FILE2
1665054809.674309 -- INFO: Throughput @111.2s:7874.83Mbps, rtt :35.75ms cwnd: 1750.2 lossRate: 0.0 CC:17 score:-5624.0 
1665054809.916802 -- INFO: Process 9 finished on working on file 109 
1665054809.917216 -- INFO: Process 9 get item 35 from queue and executing
1665054809.917361 -- INFO: starting 9, 35, /home/cc/files_to_send/FILE2
1665054810.479296 -- INFO: Process 12 finished on working on file 107 
1665054810.479743 -- INFO: Process 12 get item 29 from queue and executing
1665054810.495424 -- INFO: starting 12, 29, /home/cc/files_to_send/FILE1
1665054810.624564 -- INFO: Changing concurrency to 19 ******
1665054810.625827 -- INFO: Process Status Bits from change concurrency are: 1 1 1 1 1 1 1 1 1 1 1 1 1 1 1 1 1 1 1 0 0 0 0 0 0 0 0 0 0 0 0 0
1665054810.625831 -- INFO: Start Process :: 17
1665054810.625941 -- INFO: Start Process :: 18
1665054810.626702 -- INFO: Active CC: 19
1665054810.662312 -- INFO: Process 18 get item 36 from queue and executing
1665054810.662750 -- INFO: starting 18, 36, /home/cc/files_to_send/FILE3
1665054810.663353 -- INFO: Process 17 get item 32 from queue and executing
1665054810.663590 -- INFO: starting 17, 32, /home/cc/files_to_send/FILE3
1665054810.673566 -- INFO: Throughput @112.2s:7893.61Mbps, rtt :36.76ms cwnd: 1577.5 lossRate: 0.0 CC:19 score:-5418.0 
1665054811.616836 -- INFO: Process 0 finished on working on file 110 
1665054811.617275 -- INFO: Process 0 get item 42 from queue and executing
1665054811.617464 -- INFO: starting 0, 42, /home/cc/files_to_send/FILE0
1665054811.675752 -- INFO: Throughput @113.2s:8172.84Mbps, rtt :36.16ms cwnd: 1622.9 lossRate: 8.557333420808298e-06 CC:19 score:-5609.0 
1665054811.897214 -- INFO: Process 14 finished on working on file 111 
1665054811.897758 -- INFO: Process 14 get item 43 from queue and executing
1665054811.897938 -- INFO: starting 14, 43, /home/cc/files_to_send/FILE2
1665054812.187270 -- INFO: Process 15 finished on working on file 108 
1665054812.187724 -- INFO: Process 15 get item 31 from queue and executing
1665054812.208029 -- INFO: starting 15, 31, /home/cc/files_to_send/FILE2
1665054812.676591 -- INFO: Throughput @114.2s:8141.93Mbps, rtt :36.05ms cwnd: 1630.7 lossRate: 0.0 CC:19 score:-5589.0 
1665054813.247880 -- INFO: Process 13 finished on working on file 112 
1665054813.248390 -- INFO: Process 13 get item 55 from queue and executing
1665054813.248575 -- INFO: starting 13, 55, /home/cc/files_to_send/FILE2
1665054813.678362 -- INFO: Throughput @115.2s:8125.83Mbps, rtt :37.99ms cwnd: 1638.6 lossRate: 0.0 CC:19 score:-5578.0 
1665054813.827628 -- INFO: Gradient: 65.66666666666652, Gredient Change: 0.011473500291205566, Theta: -2, Previous CC: 18, Choosen CC: 16
1665054813.827821 -- INFO: Changing concurrency to 15 ******
1665054813.828713 -- INFO: Process Status Bits from change concurrency are: 1 1 1 1 1 1 1 1 1 1 1 1 1 1 1 0 0 0 0 0 0 0 0 0 0 0 0 0 0 0 0 0
1665054813.829498 -- INFO: Active CC: 15
1665054814.465646 -- INFO: Process 11 finished on working on file 115 
1665054814.466084 -- INFO: Process 11 get item 22 from queue and executing
1665054814.466270 -- INFO: starting 11, 22, /home/cc/files_to_send/FILE0
1665054814.679397 -- INFO: Throughput @116.2s:7323.84Mbps, rtt :36.79ms cwnd: 1810.6 lossRate: 0 CC:15 score:-5442.0 
1665054814.930120 -- INFO: Process 1 finished on working on file 116 
1665054814.930618 -- INFO: Process 1 get item 52 from queue and executing
1665054814.930781 -- INFO: starting 1, 52, /home/cc/files_to_send/FILE3
1665054815.266525 -- INFO: Process 11 finished on working on file 22 
1665054815.266917 -- INFO: Process 11 get item 47 from queue and executing
1665054815.267101 -- INFO: starting 11, 47, /home/cc/files_to_send/FILE2
1665054815.679581 -- INFO: Throughput @117.2s:7091.94Mbps, rtt :37.3ms cwnd: 1818.9 lossRate: 0.0 CC:15 score:-5269.0 
1665054816.679859 -- INFO: Throughput @118.2s:7157.73Mbps, rtt :35.14ms cwnd: 1827.3 lossRate: 0.0 CC:15 score:-5318.0 
1665054817.030374 -- INFO: Changing concurrency to 17 ******
1665054817.031251 -- INFO: Start Process :: 15
1665054817.031514 -- INFO: Process Status Bits from change concurrency are: 1 1 1 1 1 1 1 1 1 1 1 1 1 1 1 1 1 0 0 0 0 0 0 0 0 0 0 0 0 0 0 0
1665054817.031469 -- INFO: Start Process :: 16
1665054817.032465 -- INFO: Active CC: 17
1665054817.065500 -- INFO: Process 15 get item 51 from queue and executing
1665054817.065668 -- INFO: starting 15, 51, /home/cc/files_to_send/FILE2
1665054817.065888 -- INFO: Process 16 get item 59 from queue and executing
1665054817.066145 -- INFO: starting 16, 59, /home/cc/files_to_send/FILE2
1665054817.682534 -- INFO: Throughput @119.2s:7342.08Mbps, rtt :35.29ms cwnd: 1679.9 lossRate: 4.757683261994516e-06 CC:17 score:-5243.0 
1665054818.683948 -- INFO: Throughput @120.2s:7691.47Mbps, rtt :35.08ms cwnd: 1781.5 lossRate: 0.0 CC:17 score:-5493.0 
1665054819.683275 -- INFO: Throughput @121.2s:7399.67Mbps, rtt :35.88ms cwnd: 1689.1 lossRate: 0.00010209290454313425 CC:17 score:-5277.0 
1665054820.233647 -- INFO: Gradient: 2.666666666666515, Gredient Change: 0.0004990953896063102, Theta: -3, Previous CC: 16, Choosen CC: 13
1665054820.233816 -- INFO: Changing concurrency to 12 ******
1665054820.234880 -- INFO: Process Status Bits from change concurrency are: 1 1 1 1 1 1 1 1 1 1 1 1 0 0 0 0 0 0 0 0 0 0 0 0 0 0 0 0 0 0 0 0
1665054820.235840 -- INFO: Active CC: 12
1665054820.505013 -- INFO: Process 2 finished on working on file 121 
1665054820.505381 -- INFO: Process 2 get item 78 from queue and executing
1665054820.505557 -- INFO: starting 2, 78, /home/cc/files_to_send/FILE0
1665054820.572325 -- INFO: Process 8 finished on working on file 122 
1665054820.572742 -- INFO: Process 8 get item 69 from queue and executing
1665054820.572909 -- INFO: starting 8, 69, /home/cc/files_to_send/FILE1
1665054820.683863 -- INFO: Throughput @122.2s:6609.05Mbps, rtt :34.94ms cwnd: 1777.3 lossRate: 0 CC:12 score:-5211.0 
1665054821.684864 -- INFO: Throughput @123.2s:5525.17Mbps, rtt :34.64ms cwnd: 1770.9 lossRate: 7.1336104251422e-05 CC:12 score:-4353.0 
1665054822.222471 -- INFO: Process 6 finished on working on file 118 
1665054822.223115 -- INFO: Process 6 get item 77 from queue and executing
1665054822.232089 -- INFO: starting 6, 77, /home/cc/files_to_send/FILE1
1665054822.685973 -- INFO: Throughput @124.2s:5482.89Mbps, rtt :34.59ms cwnd: 1623.2 lossRate: 3.7876556095179577e-05 CC:12 score:-4321.0 
1665054823.436902 -- INFO: Changing concurrency to 14 ******
1665054823.438298 -- INFO: Start Process :: 12
1665054823.438682 -- INFO: Process Status Bits from change concurrency are: 1 1 1 1 1 1 1 1 1 1 1 1 1 1 0 0 0 0 0 0 0 0 0 0 0 0 0 0 0 0 0 0
1665054823.438843 -- INFO: Start Process :: 13
1665054823.440115 -- INFO: Active CC: 14
1665054823.472361 -- INFO: Process 12 get item 89 from queue and executing
1665054823.472539 -- INFO: starting 12, 89, /home/cc/files_to_send/FILE1
1665054823.474266 -- INFO: Process 13 get item 68 from queue and executing
1665054823.474788 -- INFO: starting 13, 68, /home/cc/files_to_send/FILE3
1665054823.686660 -- INFO: Throughput @125.2s:5710.82Mbps, rtt :34.73ms cwnd: 1580.1 lossRate: 0.0 CC:14 score:-4328.0 
1665054823.848442 -- INFO: Process 3 finished on working on file 125 
1665054823.848812 -- INFO: Process 3 get item 88 from queue and executing
1665054823.848977 -- INFO: starting 3, 88, /home/cc/files_to_send/FILE3
1665054824.234979 -- INFO: Process 9 finished on working on file 35 
1665054824.235405 -- INFO: Process 9 get item 83 from queue and executing
1665054824.266464 -- INFO: starting 9, 83, /home/cc/files_to_send/FILE2
1665054824.687804 -- INFO: Throughput @126.2s:6106.29Mbps, rtt :37.09ms cwnd: 1742.7 lossRate: 0.0 CC:14 score:-4628.0 
1665054824.722510 -- INFO: Process 4 finished on working on file 126 
1665054824.722990 -- INFO: Process 4 get item 94 from queue and executing
1665054824.723139 -- INFO: starting 4, 94, /home/cc/files_to_send/FILE0
1665054824.743416 -- INFO: Process 10 finished on working on file 123 
1665054824.743929 -- INFO: Process 10 get item 103 from queue and executing
1665054824.764115 -- INFO: starting 10, 103, /home/cc/files_to_send/FILE2
1665054825.581785 -- INFO: Process 11 finished on working on file 47 
1665054825.582233 -- INFO: Process 11 get item 95 from queue and executing
1665054825.612260 -- INFO: starting 11, 95, /home/cc/files_to_send/FILE2
1665054825.688504 -- INFO: Throughput @127.2s:6650.0Mbps, rtt :35.3ms cwnd: 1895.0 lossRate: 0.0 CC:14 score:-5040.0 
1665054826.037841 -- INFO: Process 5 finished on working on file 127 
1665054826.038321 -- INFO: Process 5 get item 104 from queue and executing
1665054826.038503 -- INFO: starting 5, 104, /home/cc/files_to_send/FILE3
1665054826.641042 -- INFO: Gradient: -18.5, Gredient Change: 0.003997119193374145, Theta: 1, Previous CC: 13, Choosen CC: 14
1665054826.641205 -- INFO: Changing concurrency to 13 ******
1665054826.642308 -- INFO: Process Status Bits from change concurrency are: 1 1 1 1 1 1 1 1 1 1 1 1 1 0 0 0 0 0 0 0 0 0 0 0 0 0 0 0 0 0 0 0
1665054826.643840 -- INFO: Active CC: 13
1665054826.689935 -- INFO: Throughput @128.2s:6633.22Mbps, rtt :35.36ms cwnd: 1882.3 lossRate: 0.0 CC:13 score:-5128.0 
1665054827.217809 -- INFO: Process 0 finished on working on file 42 
1665054827.218333 -- INFO: Process 0 get item 114 from queue and executing
1665054827.218492 -- INFO: starting 0, 114, /home/cc/files_to_send/FILE0
1665054827.308035 -- INFO: Process 8 finished on working on file 69 
1665054827.308521 -- INFO: Process 8 get item 113 from queue and executing
1665054827.309906 -- INFO: starting 8, 113, /home/cc/files_to_send/FILE1
1665054827.690170 -- INFO: Throughput @129.2s:6141.61Mbps, rtt :35.09ms cwnd: 1888.2 lossRate: 0.0 CC:13 score:-4748.0 
1665054828.691658 -- INFO: Throughput @130.2s:6183.22Mbps, rtt :35.1ms cwnd: 1892.3 lossRate: 0.0 CC:13 score:-4780.0 
1665054829.462744 -- INFO: Process 1 finished on working on file 52 
1665054829.463187 -- INFO: Process 1 get item 119 from queue and executing
1665054829.467446 -- INFO: starting 1, 119, /home/cc/files_to_send/FILE2
1665054829.693161 -- INFO: Throughput @131.2s:6174.83Mbps, rtt :35.79ms cwnd: 1895.2 lossRate: 0.0 CC:13 score:-4773.0 
1665054829.844693 -- INFO: Changing concurrency to 15 ******
1665054829.845944 -- INFO: Start Process :: 13
1665054829.846093 -- INFO: Process Status Bits from change concurrency are: 1 1 1 1 1 1 1 1 1 1 1 1 1 1 1 0 0 0 0 0 0 0 0 0 0 0 0 0 0 0 0 0
1665054829.845989 -- INFO: Start Process :: 14
1665054829.847347 -- INFO: Active CC: 15
1665054829.880107 -- INFO: Process 13 get item 120 from queue and executing
1665054829.880363 -- INFO: starting 13, 120, /home/cc/files_to_send/FILE3
1665054829.881359 -- INFO: Process 14 get item 31 from queue and executing
1665054829.881702 -- INFO: starting 14, 31, /home/cc/files_to_send/FILE2
1665054830.693975 -- INFO: Throughput @132.2s:6750.0Mbps, rtt :36.21ms cwnd: 1923.5 lossRate: 0.0 CC:15 score:-5015.0 
1665054831.099728 -- INFO: Process 7 finished on working on file 117 
1665054831.100196 -- INFO: Process 7 get item 124 from queue and executing
1665054831.132587 -- INFO: starting 7, 124, /home/cc/files_to_send/FILE3
1665054831.694686 -- INFO: Throughput @133.2s:7158.39Mbps, rtt :36.53ms cwnd: 1946.1 lossRate: 0.0 CC:15 score:-5319.0 
1665054832.695544 -- INFO: Throughput @134.2s:7166.78Mbps, rtt :36.75ms cwnd: 1952.3 lossRate: 0.0 CC:15 score:-5325.0 
1665054833.048426 -- INFO: Gradient: -226.33333333333348, Gredient Change: 0.04747919725893297, Theta: 2, Previous CC: 14, Choosen CC: 16
1665054833.048591 -- INFO: Changing concurrency to 15 ******
1665054833.049731 -- INFO: Process Status Bits from change concurrency are: 1 1 1 1 1 1 1 1 1 1 1 1 1 1 1 0 0 0 0 0 0 0 0 0 0 0 0 0 0 0 0 0
1665054833.050622 -- INFO: Active CC: 15
1665054833.349683 -- INFO: Process 11 finished on working on file 95 
1665054833.350158 -- INFO: Process 11 get item 36 from queue and executing
1665054833.357925 -- INFO: starting 11, 36, /home/cc/files_to_send/FILE3
1665054833.697035 -- INFO: Throughput @135.2s:7174.83Mbps, rtt :37.12ms cwnd: 1961.3 lossRate: 0.0 CC:15 score:-5331.0 
1665054834.009974 -- INFO: Process 8 finished on working on file 113 
1665054834.010397 -- INFO: Process 8 get item 32 from queue and executing
1665054834.010541 -- INFO: starting 8, 32, /home/cc/files_to_send/FILE3
1665054834.697507 -- INFO: Throughput @136.2s:7200.33Mbps, rtt :37.54ms cwnd: 1974.5 lossRate: 0.0 CC:15 score:-5350.0 
1665054834.906009 -- INFO: Process 2 finished on working on file 78 
1665054834.906448 -- INFO: Process 2 get item 43 from queue and executing
1665054834.906626 -- INFO: starting 2, 43, /home/cc/files_to_send/FILE2
1665054834.967076 -- INFO: Process 9 finished on working on file 83 
1665054834.967503 -- INFO: Process 9 get item 55 from queue and executing
1665054835.004903 -- INFO: starting 9, 55, /home/cc/files_to_send/FILE2
1665054835.698023 -- INFO: Throughput @137.2s:7266.78Mbps, rtt :37.05ms cwnd: 1955.5 lossRate: 5.41858574911948e-05 CC:15 score:-5395.0 
1665054836.251533 -- INFO: Changing concurrency to 17 ******
1665054836.252631 -- INFO: Start Process :: 15
1665054836.252917 -- INFO: Process Status Bits from change concurrency are: 1 1 1 1 1 1 1 1 1 1 1 1 1 1 1 1 1 0 0 0 0 0 0 0 0 0 0 0 0 0 0 0
1665054836.253172 -- INFO: Start Process :: 16
1665054836.253862 -- INFO: Active CC: 17
1665054836.290081 -- INFO: Process 15 get item 29 from queue and executing
1665054836.290261 -- INFO: starting 15, 29, /home/cc/files_to_send/FILE1
1665054836.290330 -- INFO: Process 16 get item 51 from queue and executing
1665054836.290766 -- INFO: starting 16, 51, /home/cc/files_to_send/FILE2
1665054836.700127 -- INFO: Throughput @138.2s:7410.95Mbps, rtt :37.59ms cwnd: 1790.9 lossRate: 0.0 CC:17 score:-5293.0 
1665054837.700458 -- INFO: Throughput @139.2s:7439.52Mbps, rtt :36.75ms cwnd: 1755.3 lossRate: 9.050493954113996e-05 CC:17 score:-5306.0 
1665054837.861680 -- INFO: Process 6 finished on working on file 77 
1665054837.862260 -- INFO: Process 6 get item 59 from queue and executing
1665054837.872895 -- INFO: starting 6, 59, /home/cc/files_to_send/FILE2
1665054838.044020 -- INFO: Process 14 finished on working on file 31 
1665054838.044625 -- INFO: Process 14 get item 68 from queue and executing
1665054838.068324 -- INFO: starting 14, 68, /home/cc/files_to_send/FILE3
1665054838.701404 -- INFO: Throughput @140.2s:7833.09Mbps, rtt :37.1ms cwnd: 1872.8 lossRate: 0.0 CC:17 score:-5594.0 
1665054838.949062 -- INFO: Process 3 finished on working on file 88 
1665054839.299276 -- INFO: Process 12 finished on working on file 89 
1665054839.455102 -- INFO: Gradient: -19.5, Gredient Change: 0.0036389649166459316, Theta: 3, Previous CC: 16, Choosen CC: 19
1665054839.455277 -- INFO: Changing concurrency to 18 ******
1665054839.456612 -- INFO: Process Status Bits from change concurrency are: 1 1 1 1 1 1 1 1 1 1 1 1 1 1 1 1 1 1 0 0 0 0 0 0 0 0 0 0 0 0 0 0
1665054839.457738 -- INFO: Active CC: 18
1665054839.660163 -- INFO: Process 10 finished on working on file 103 
1665054839.701048 -- INFO: Throughput @141.2s:7641.61Mbps, rtt :37.87ms cwnd: 1986.7 lossRate: 0 CC:18 score:-5350.0 
1665054840.123214 -- INFO: Process 4 finished on working on file 94 
1665054840.450468 -- INFO: Process 2 finished on working on file 43 
1665054840.703646 -- INFO: Throughput @142.2s:6450.0Mbps, rtt :35.25ms cwnd: 2008.0 lossRate: 0 CC:18 score:-4516.0 
1665054841.418857 -- INFO: Process 0 finished on working on file 114 
1665054841.479318 -- INFO: Process 5 finished on working on file 104 
1665054841.704984 -- INFO: Throughput @143.2s:5616.45Mbps, rtt :36.44ms cwnd: 2025.8 lossRate: 0 CC:18 score:-3932.0 
1665054842.569216 -- INFO: Process 7 finished on working on file 124 
1665054842.642998 -- INFO: Process 9 finished on working on file 55 
1665054842.659159 -- INFO: Changing concurrency to 20 ******
1665054842.660476 -- INFO: Process Status Bits from change concurrency are: 1 1 1 1 1 1 1 1 1 1 1 1 1 1 1 1 1 1 1 1 0 0 0 0 0 0 0 0 0 0 0 0
1665054842.661209 -- INFO: Active CC: 20
1665054842.706903 -- INFO: Throughput @144.2s:4800.0Mbps, rtt :35.14ms cwnd: 1988.6 lossRate: 0 CC:20 score:-3230.0 
1665054843.707657 -- INFO: Throughput @145.2s:3875.17Mbps, rtt :34.77ms cwnd: 1990.2 lossRate: 0.0 CC:20 score:-2608.0 
1665054844.709874 -- INFO: Throughput @146.2s:3891.61Mbps, rtt :36.33ms cwnd: 1990.6 lossRate: 0.0 CC:20 score:-2619.0 
1665054845.177735 -- INFO: Process 15 finished on working on file 29 
1665054845.211861 -- INFO: Process 13 finished on working on file 120 
1665054845.708505 -- INFO: Throughput @147.2s:3374.83Mbps, rtt :35.24ms cwnd: 1925.2 lossRate: 0 CC:20 score:-2271.0 
1665054845.863114 -- INFO: Gradient: 1049.9999999999998, Gredient Change: 0.22829395564574573, Theta: -1, Previous CC: 19, Choosen CC: 14
1665054845.863266 -- INFO: Changing concurrency to 13 ******
1665054845.864382 -- INFO: Process Status Bits from change concurrency are: 1 1 1 1 1 1 1 1 1 1 1 1 1 0 0 0 0 0 0 0 0 0 0 0 0 0 0 0 0 0 0 0
1665054845.865810 -- INFO: Active CC: 13
1665054845.887562 -- INFO: Start Process :: 5
1665054845.887650 -- INFO: Start Process :: 0
1665054845.887626 -- INFO: Start Process :: 9
1665054845.887749 -- INFO: Start Process :: 2
1665054845.887794 -- INFO: Start Process :: 4
1665054845.887845 -- INFO: Start Process :: 12
1665054845.887982 -- INFO: Start Process :: 7
1665054845.888021 -- INFO: Start Process :: 3
1665054845.888101 -- INFO: Start Process :: 10
1665054845.921299 -- INFO: Process 5 get item 51 from queue and executing
1665054845.921509 -- INFO: starting 5, 51, /home/cc/files_to_send/FILE2
1665054845.921465 -- INFO: Process 9 get item 68 from queue and executing
1665054845.921831 -- INFO: starting 9, 68, /home/cc/files_to_send/FILE3
1665054846.711112 -- INFO: Throughput @148.2s:2575.5Mbps, rtt :34.75ms cwnd: 1817.2 lossRate: 0 CC:13 score:-1991.0 
1665054846.824626 -- INFO: Process 9 finished on working on file 68 
1665054847.111076 -- INFO: Process 8 finished on working on file 32 
1665054847.394765 -- INFO: Process 11 finished on working on file 36 
1665054847.714012 -- INFO: Throughput @149.2s:1917.11Mbps, rtt :33.92ms cwnd: 1481.0 lossRate: 0 CC:13 score:-1482.0 
1665054847.771246 -- INFO: Process 1 finished on working on file 119 
1665054848.473280 -- INFO: Process 6 finished on working on file 59 
1665054848.713840 -- INFO: Throughput @150.2s:816.45Mbps, rtt :33.2ms cwnd: 1145.0 lossRate: 0 CC:13 score:-631.0 
1665054849.070112 -- INFO: Changing concurrency to 15 ******
1665054849.071542 -- INFO: Process Status Bits from change concurrency are: 1 1 1 1 1 1 1 1 1 1 1 1 1 1 1 0 0 0 0 0 0 0 0 0 0 0 0 0 0 0 0 0
1665054849.072628 -- INFO: Active CC: 15
1665054849.714350 -- INFO: Throughput @151.2s:391.61Mbps, rtt :33.37ms cwnd: 1158.0 lossRate: 0.0 CC:15 score:-291.0 
1665054850.716609 -- INFO: Throughput @152.2s:391.61Mbps, rtt :33.32ms cwnd: 1172.0 lossRate: 0.0 CC:15 score:-291.0 
1665054851.717643 -- INFO: Throughput @153.2s:408.39Mbps, rtt :33.32ms cwnd: 1185.0 lossRate: 0.0 CC:15 score:-303.0 
1665054852.277364 -- INFO: Gradient: 536.5, Gredient Change: 0.3921783625730994, Theta: -2, Previous CC: 14, Choosen CC: 2
1665054852.277570 -- INFO: Changing concurrency to 1 ******
1665054852.279427 -- INFO: Process Status Bits from change concurrency are: 1 0 0 0 0 0 0 0 0 0 0 0 0 0 0 0 0 0 0 0 0 0 0 0 0 0 0 0 0 0 0 0
1665054852.281556 -- INFO: Active CC: 1
1665054852.296885 -- INFO: Start Process :: 0
1665054852.330506 -- INFO: Process 0 get item 51 from queue and executing
1665054852.330875 -- INFO: starting 0, 51, /home/cc/files_to_send/FILE2
1665054852.716889 -- INFO: Throughput @154.2s:282.91Mbps, rtt :33.06ms cwnd: 265.0 lossRate: 0 CC:1 score:-277.0 
1665054853.716559 -- INFO: Throughput @155.2s:100.64Mbps, rtt :33.19ms cwnd: 305.0 lossRate: 0.0 CC:1 score:-99.0 
1665054854.716316 -- INFO: Throughput @156.2s:108.06Mbps, rtt :33.1ms cwnd: 334.0 lossRate: 0.0 CC:1 score:-106.0 
1665054855.482506 -- INFO: Changing concurrency to 3 ******
1665054855.485026 -- INFO: Process Status Bits from change concurrency are: 1 1 1 0 0 0 0 0 0 0 0 0 0 0 0 0 0 0 0 0 0 0 0 0 0 0 0 0 0 0 0 0
1665054855.487185 -- INFO: Active CC: 3
1665054855.718380 -- INFO: Throughput @157.2s:125.17Mbps, rtt :33.71ms cwnd: 352.0 lossRate: 0.0 CC:3 score:-118.0 
1665054856.719221 -- INFO: Throughput @158.2s:124.83Mbps, rtt :33.14ms cwnd: 362.0 lossRate: 0.0 CC:3 score:-118.0 
1665054857.106063 -- INFO: Process 0 finished on working on file 51 
1665054857.106107 -- INFO: Process 12 shutdown itself from outest loop
1665054857.106112 -- INFO: Process 7 shutdown itself from outest loop
1665054857.106126 -- INFO: Process 10 shutdown itself from outest loop
1665054857.106171 -- INFO: Process 9 shutdown itself from outest loop
1665054857.106168 -- INFO: Process 21 shutdown itself from outest loop
1665054857.106222 -- INFO: Process 4 shutdown itself from outest loop
1665054857.106276 -- INFO: Process Status Bits are: 1 1 1 0 0 0 0 0 0 0 0 0 0 0 0 0 0 0 0 0 0 0 0 0 0 0 0 0 0 0 0 0
1665054857.106233 -- INFO: Process 5 shutdown itself from outest loop
1665054857.106372 -- INFO: Process Status Bits are: 1 1 0 0 0 0 0 0 0 0 0 0 0 0 0 0 0 0 0 0 0 0 0 0 0 0 0 0 0 0 0 0
1665054857.106353 -- INFO: Process 8 shutdown itself from outest loop
1665054857.106229 -- INFO: Process 13 shutdown itself from outest loop
1665054857.106233 -- INFO: Process 16 shutdown itself from outest loop
1665054857.106366 -- INFO: Process 11 shutdown itself from outest loop
1665054857.106337 -- INFO: Process 3 shutdown itself from outest loop
1665054857.106359 -- INFO: Process 15 shutdown itself from outest loop
1665054857.106413 -- INFO: Process Status Bits are: 1 1 0 0 0 0 0 0 0 0 0 0 0 0 0 0 0 0 0 0 0 0 0 0 0 0 0 0 0 0 0 0
1665054857.106240 -- INFO: Process 23 shutdown itself from outest loop
1665054857.106376 -- INFO: Process 6 shutdown itself from outest loop
1665054857.106239 -- INFO: Process 18 shutdown itself from outest loop
1665054857.106493 -- INFO: Process Status Bits are: 0 1 0 0 0 0 0 0 0 0 0 0 0 0 0 0 0 0 0 0 0 0 0 0 0 0 0 0 0 0 0 0
1665054857.106501 -- INFO: Process Status Bits are: 0 1 0 0 0 0 0 0 0 0 0 0 0 0 0 0 0 0 0 0 0 0 0 0 0 0 0 0 0 0 0 0
1665054857.106495 -- INFO: Process 0 shutdown itself from outest loop
1665054857.106309 -- INFO: Process 14 shutdown itself from outest loop
1665054857.106400 -- INFO: Process 22 shutdown itself from outest loop
1665054857.106400 -- INFO: Process 17 shutdown itself from outest loop
1665054857.106569 -- INFO: Process 1 shutdown itself from outest loop
1665054857.106623 -- INFO: Process Status Bits are: 0 0 0 0 0 0 0 0 0 0 0 0 0 0 0 0 0 0 0 0 0 0 0 0 0 0 0 0 0 0 0 0
1665054857.106632 -- INFO: Process Status Bits are: 0 0 0 0 0 0 0 0 0 0 0 0 0 0 0 0 0 0 0 0 0 0 0 0 0 0 0 0 0 0 0 0
1665054857.106642 -- INFO: Process Status Bits are: 0 0 0 0 0 0 0 0 0 0 0 0 0 0 0 0 0 0 0 0 0 0 0 0 0 0 0 0 0 0 0 0
1665054857.106671 -- INFO: Process Status Bits are: 0 0 0 0 0 0 0 0 0 0 0 0 0 0 0 0 0 0 0 0 0 0 0 0 0 0 0 0 0 0 0 0
1665054857.106681 -- INFO: Process Status Bits are: 0 0 0 0 0 0 0 0 0 0 0 0 0 0 0 0 0 0 0 0 0 0 0 0 0 0 0 0 0 0 0 0
1665054857.106691 -- INFO: Process Status Bits are: 0 0 0 0 0 0 0 0 0 0 0 0 0 0 0 0 0 0 0 0 0 0 0 0 0 0 0 0 0 0 0 0
1665054857.106695 -- INFO: Process Status Bits are: 0 0 0 0 0 0 0 0 0 0 0 0 0 0 0 0 0 0 0 0 0 0 0 0 0 0 0 0 0 0 0 0
1665054857.106735 -- INFO: Process Status Bits are: 0 0 0 0 0 0 0 0 0 0 0 0 0 0 0 0 0 0 0 0 0 0 0 0 0 0 0 0 0 0 0 0
1665054857.106841 -- INFO: Process Status Bits are: 0 0 0 0 0 0 0 0 0 0 0 0 0 0 0 0 0 0 0 0 0 0 0 0 0 0 0 0 0 0 0 0
1665054857.106854 -- INFO: Process Status Bits are: 0 0 0 0 0 0 0 0 0 0 0 0 0 0 0 0 0 0 0 0 0 0 0 0 0 0 0 0 0 0 0 0
1665054857.106684 -- INFO: Process Status Bits are: 0 0 0 0 0 0 0 0 0 0 0 0 0 0 0 0 0 0 0 0 0 0 0 0 0 0 0 0 0 0 0 0
1665054857.106671 -- INFO: Process 29 shutdown itself from outest loop
1665054857.106764 -- INFO: Process Status Bits are: 0 0 0 0 0 0 0 0 0 0 0 0 0 0 0 0 0 0 0 0 0 0 0 0 0 0 0 0 0 0 0 0
1665054857.106941 -- INFO: Process Status Bits are: 0 0 0 0 0 0 0 0 0 0 0 0 0 0 0 0 0 0 0 0 0 0 0 0 0 0 0 0 0 0 0 0
1665054857.107023 -- INFO: Process Status Bits are: 0 0 0 0 0 0 0 0 0 0 0 0 0 0 0 0 0 0 0 0 0 0 0 0 0 0 0 0 0 0 0 0
1665054857.107026 -- INFO: Process Status Bits are: 0 0 0 0 0 0 0 0 0 0 0 0 0 0 0 0 0 0 0 0 0 0 0 0 0 0 0 0 0 0 0 0
1665054857.107160 -- INFO: Process Status Bits are: 0 0 0 0 0 0 0 0 0 0 0 0 0 0 0 0 0 0 0 0 0 0 0 0 0 0 0 0 0 0 0 0
1665054857.106713 -- INFO: Process 26 shutdown itself from outest loop
1665054857.107026 -- INFO: Process Status Bits are: 0 0 0 0 0 0 0 0 0 0 0 0 0 0 0 0 0 0 0 0 0 0 0 0 0 0 0 0 0 0 0 0
1665054857.107315 -- INFO: Process Status Bits are: 0 0 0 0 0 0 0 0 0 0 0 0 0 0 0 0 0 0 0 0 0 0 0 0 0 0 0 0 0 0 0 0
1665054857.108202 -- INFO: Process 2 shutdown itself from outest loop
1665054857.108261 -- INFO: Process 19 shutdown itself from outest loop
1665054857.108289 -- INFO: Process 20 shutdown itself from outest loop
1665054857.109481 -- INFO: Process Status Bits are: 0 0 0 0 0 0 0 0 0 0 0 0 0 0 0 0 0 0 0 0 0 0 0 0 0 0 0 0 0 0 0 0
1665054857.109481 -- INFO: Process Status Bits are: 0 0 0 0 0 0 0 0 0 0 0 0 0 0 0 0 0 0 0 0 0 0 0 0 0 0 0 0 0 0 0 0
1665054857.109638 -- INFO: Process Status Bits are: 0 0 0 0 0 0 0 0 0 0 0 0 0 0 0 0 0 0 0 0 0 0 0 0 0 0 0 0 0 0 0 0
1665054857.108719 -- INFO: Process 31 shutdown itself from outest loop
1665054857.108677 -- INFO: Process 30 shutdown itself from outest loop
1665054857.108713 -- INFO: Process 24 shutdown itself from outest loop
1665054857.110418 -- INFO: Process Status Bits are: 0 0 0 0 0 0 0 0 0 0 0 0 0 0 0 0 0 0 0 0 0 0 0 0 0 0 0 0 0 0 0 0
1665054857.110500 -- INFO: Process Status Bits are: 0 0 0 0 0 0 0 0 0 0 0 0 0 0 0 0 0 0 0 0 0 0 0 0 0 0 0 0 0 0 0 0
1665054857.110558 -- INFO: Process Status Bits are: 0 0 0 0 0 0 0 0 0 0 0 0 0 0 0 0 0 0 0 0 0 0 0 0 0 0 0 0 0 0 0 0
1665054857.108680 -- INFO: Process 25 shutdown itself from outest loop
1665054857.110634 -- INFO: Process 28 shutdown itself from outest loop
1665054857.110614 -- INFO: Process 27 shutdown itself from outest loop
1665054857.111823 -- INFO: Process Status Bits are: 0 0 0 0 0 0 0 0 0 0 0 0 0 0 0 0 0 0 0 0 0 0 0 0 0 0 0 0 0 0 0 0
1665054857.112001 -- INFO: Process Status Bits are: 0 0 0 0 0 0 0 0 0 0 0 0 0 0 0 0 0 0 0 0 0 0 0 0 0 0 0 0 0 0 0 0
1665054857.112028 -- INFO: Process Status Bits are: 0 0 0 0 0 0 0 0 0 0 0 0 0 0 0 0 0 0 0 0 0 0 0 0 0 0 0 0 0 0 0 0
1665054858.688055 -- INFO: Gradient: 23.33333333333333, Gredient Change: 0.14522821576763484, Theta: -3, Previous CC: 2, Choosen CC: 2
1665054858.688558 -- INFO: GD Optimizer Exits ...
