1664856619.408731 -- INFO: Iteration 1 Starts ...
1664856619.409987 -- INFO: Changing concurrency to 22 ******
1664856619.413549 -- INFO: Start Process :: 1
1664856619.414751 -- INFO: Process Status Bits from change concurrency are: 1 1 1 1 1 1 1 1 1 1 1 1 1 1 1 1 1 1 1 1 1 1 0 0 0 0 0 0 0 0 0 0
1664856619.414996 -- INFO: Start Process :: 0
1664856619.415270 -- INFO: Start Process :: 2
1664856619.416761 -- INFO: Active CC: 22
1664856619.417768 -- INFO: Start Process :: 3
1664856619.418093 -- INFO: Start Process :: 4
1664856619.419610 -- INFO: Start Process :: 6
1664856619.422502 -- INFO: Start Process :: 8
1664856619.422659 -- INFO: Start Process :: 9
1664856619.422897 -- INFO: Start Process :: 5
1664856619.423026 -- INFO: Start Process :: 7
1664856619.424793 -- INFO: Start Process :: 11
1664856619.424896 -- INFO: Start Process :: 12
1664856619.426593 -- INFO: Start Process :: 10
1664856619.426769 -- INFO: Start Process :: 13
1664856619.428687 -- INFO: Start Process :: 14
1664856619.429396 -- INFO: Start Process :: 15
1664856619.430019 -- INFO: Start Process :: 16
1664856619.431738 -- INFO: Start Process :: 17
1664856619.432097 -- INFO: Start Process :: 19
1664856619.432408 -- INFO: Start Process :: 18
1664856619.432489 -- INFO: Start Process :: 20
1664856619.432952 -- INFO: Start Process :: 21
1664856619.453053 -- INFO: Process 1 get item 0 from queue and executing
1664856619.453526 -- INFO: starting 1, 0, /users/jamilm/files_to_Send/FILE2
1664856619.455256 -- INFO: Process 0 get item 1 from queue and executing
1664856619.455366 -- INFO: Process 2 get item 2 from queue and executing
1664856619.455734 -- INFO: starting 0, 1, /users/jamilm/files_to_Send/FILE1
1664856619.455789 -- INFO: starting 2, 2, /users/jamilm/files_to_Send/FILE0
1664856619.457700 -- INFO: Process 3 get item 3 from queue and executing
1664856619.458204 -- INFO: starting 3, 3, /users/jamilm/files_to_Send/FILE3
1664856619.458177 -- INFO: Process 4 get item 4 from queue and executing
1664856619.458646 -- INFO: starting 4, 4, /users/jamilm/files_to_Send/FILE2
1664856619.459592 -- INFO: Process 6 get item 5 from queue and executing
1664856619.459987 -- INFO: starting 6, 5, /users/jamilm/files_to_Send/FILE1
1664856619.462634 -- INFO: Process 8 get item 6 from queue and executing
1664856619.462796 -- INFO: Process 9 get item 7 from queue and executing
1664856619.462913 -- INFO: Process 5 get item 8 from queue and executing
1664856619.463055 -- INFO: starting 8, 6, /users/jamilm/files_to_Send/FILE0
1664856619.463191 -- INFO: starting 9, 7, /users/jamilm/files_to_Send/FILE3
1664856619.463278 -- INFO: Process 7 get item 9 from queue and executing
1664856619.463318 -- INFO: starting 5, 8, /users/jamilm/files_to_Send/FILE2
1664856619.463692 -- INFO: starting 7, 9, /users/jamilm/files_to_Send/FILE1
1664856619.465035 -- INFO: Process 11 get item 10 from queue and executing
1664856619.465179 -- INFO: Process 12 get item 11 from queue and executing
1664856619.465500 -- INFO: starting 11, 10, /users/jamilm/files_to_Send/FILE0
1664856619.465540 -- INFO: starting 12, 11, /users/jamilm/files_to_Send/FILE3
1664856619.466423 -- INFO: Throughput @0.1s:0.0Mbps, rtt :38.54ms cwnd: 10.0 lossRate: 0.0 CC:22 score:-0.0 
1664856619.466720 -- INFO: Process 10 get item 12 from queue and executing
1664856619.466835 -- INFO: Process 13 get item 13 from queue and executing
1664856619.467146 -- INFO: starting 10, 12, /users/jamilm/files_to_Send/FILE2
1664856619.467206 -- INFO: starting 13, 13, /users/jamilm/files_to_Send/FILE1
1664856619.468457 -- INFO: Process 14 get item 14 from queue and executing
1664856619.468813 -- INFO: starting 14, 14, /users/jamilm/files_to_Send/FILE0
1664856619.469277 -- INFO: Process 15 get item 15 from queue and executing
1664856619.469686 -- INFO: starting 15, 15, /users/jamilm/files_to_Send/FILE3
1664856619.469771 -- INFO: Process 16 get item 16 from queue and executing
1664856619.470151 -- INFO: starting 16, 16, /users/jamilm/files_to_Send/FILE2
1664856619.471873 -- INFO: Process 17 get item 17 from queue and executing
1664856619.472061 -- INFO: Process 19 get item 18 from queue and executing
1664856619.472307 -- INFO: starting 17, 17, /users/jamilm/files_to_Send/FILE1
1664856619.472487 -- INFO: starting 19, 18, /users/jamilm/files_to_Send/FILE0
1664856619.472567 -- INFO: Process 18 get item 19 from queue and executing
1664856619.472819 -- INFO: Process 20 get item 20 from queue and executing
1664856619.473065 -- INFO: starting 18, 19, /users/jamilm/files_to_Send/FILE3
1664856619.473094 -- INFO: Process 21 get item 21 from queue and executing
1664856619.473526 -- INFO: starting 20, 20, /users/jamilm/files_to_Send/FILE2
1664856619.473620 -- INFO: starting 21, 21, /users/jamilm/files_to_Send/FILE1
1664856620.464758 -- INFO: Throughput @1.1s:511.71Mbps, rtt :38.97ms cwnd: 124.6 lossRate: 0.00014607781078054244 CC:22 score:-330.0 
1664856621.465721 -- INFO: Throughput @2.1s:931.14Mbps, rtt :41.84ms cwnd: 203.8 lossRate: 6.187965644414742e-05 CC:22 score:-602.0 
1664856622.466641 -- INFO: Throughput @3.1s:939.52Mbps, rtt :41.73ms cwnd: 200.0 lossRate: 0.00011065074935146366 CC:22 score:-607.0 
1664856622.625231 -- INFO: Iteration 1 Ends, Took 3.22 Seconds. Best Params: [22] and Score: -513.0.
1664856622.626145 -- INFO: Iteration 2 Starts ...
1664856622.628607 -- INFO: Changing concurrency to 28 ******
1664856622.630356 -- INFO: Process Status Bits from change concurrency are: 1 1 1 1 1 1 1 1 1 1 1 1 1 1 1 1 1 1 1 1 1 1 1 1 1 1 1 1 0 0 0 0
1664856622.631037 -- INFO: Active CC: 28
1664856622.634177 -- INFO: Start Process :: 23
1664856622.635031 -- INFO: Start Process :: 24
1664856622.635993 -- INFO: Start Process :: 27
1664856622.635500 -- INFO: Start Process :: 25
1664856622.635991 -- INFO: Start Process :: 22
1664856622.636189 -- INFO: Start Process :: 26
1664856622.677373 -- INFO: Process 23 get item 22 from queue and executing
1664856622.677787 -- INFO: starting 23, 22, /users/jamilm/files_to_Send/FILE0
1664856622.678249 -- INFO: Process 22 get item 23 from queue and executing
1664856622.678509 -- INFO: Process 27 get item 24 from queue and executing
1664856622.678715 -- INFO: starting 22, 23, /users/jamilm/files_to_Send/FILE3
1664856622.678671 -- INFO: Process 25 get item 25 from queue and executing
1664856622.678792 -- INFO: starting 27, 24, /users/jamilm/files_to_Send/FILE2
1664856622.678862 -- INFO: Process 24 get item 26 from queue and executing
1664856622.679094 -- INFO: starting 25, 25, /users/jamilm/files_to_Send/FILE1
1664856622.679193 -- INFO: starting 24, 26, /users/jamilm/files_to_Send/FILE0
1664856622.679351 -- INFO: Process 26 get item 27 from queue and executing
1664856622.679631 -- INFO: starting 26, 27, /users/jamilm/files_to_Send/FILE3
1664856623.463758 -- INFO: Throughput @4.1s:964.69Mbps, rtt :42.06ms cwnd: 168.1 lossRate: 6.154452130671327e-05 CC:28 score:-553.0 
1664856624.468277 -- INFO: Throughput @5.1s:939.52Mbps, rtt :41.91ms cwnd: 165.6 lossRate: 8.594440624693056e-05 CC:28 score:-539.0 
1664856625.469465 -- INFO: Throughput @6.1s:947.91Mbps, rtt :41.8ms cwnd: 156.8 lossRate: 0.0003318257791760889 CC:28 score:-541.0 
1664856625.832491 -- INFO: Iteration 2 Ends, Took 3.21 Seconds. Best Params: [28] and Score: -544.3333333333334.
1664856625.832642 -- INFO: Iteration 3 Starts ...
1664856625.833120 -- INFO: Changing concurrency to 27 ******
1664856625.833489 -- INFO: Process Status Bits from change concurrency are: 1 1 1 1 1 1 1 1 1 1 1 1 1 1 1 1 1 1 1 1 1 1 1 1 1 1 1 0 0 0 0 0
1664856625.833865 -- INFO: Active CC: 27
1664856626.469934 -- INFO: Throughput @7.1s:939.52Mbps, rtt :41.68ms cwnd: 160.9 lossRate: 2.621506842132858e-05 CC:27 score:-550.0 
1664856627.471167 -- INFO: Throughput @8.1s:947.91Mbps, rtt :41.55ms cwnd: 156.4 lossRate: 0.00018438617841206624 CC:27 score:-554.0 
1664856628.473437 -- INFO: Throughput @9.1s:956.3Mbps, rtt :41.62ms cwnd: 155.9 lossRate: 4.91460867428431e-05 CC:27 score:-560.0 
1664856629.473942 -- INFO: Throughput @10.1s:947.91Mbps, rtt :41.63ms cwnd: 157.1 lossRate: 3.690263853865551e-05 CC:27 score:-555.0 
1664856629.747870 -- INFO: Iteration 3 Ends, Took 3.92 Seconds. Best Params: [27] and Score: -554.6666666666666.
1664856629.748053 -- INFO: Iteration 4 Starts ...
1664856629.748248 -- INFO: Changing concurrency to 26 ******
1664856629.748651 -- INFO: Process Status Bits from change concurrency are: 1 1 1 1 1 1 1 1 1 1 1 1 1 1 1 1 1 1 1 1 1 1 1 1 1 1 0 0 0 0 0 0
1664856629.749123 -- INFO: Active CC: 26
1664856630.470380 -- INFO: Throughput @11.1s:931.14Mbps, rtt :41.55ms cwnd: 158.8 lossRate: 0.00011241007194244605 CC:26 score:-555.0 
1664856631.476096 -- INFO: Throughput @12.1s:956.3Mbps, rtt :41.43ms cwnd: 159.4 lossRate: 0.0 CC:26 score:-571.0 
1664856632.477247 -- INFO: Throughput @13.1s:922.75Mbps, rtt :41.61ms cwnd: 159.7 lossRate: 0.0 CC:26 score:-551.0 
1664856633.340996 -- INFO: Iteration 4 Ends, Took 3.59 Seconds. Best Params: [26] and Score: -559.0.
1664856633.341128 -- INFO: Iteration 5 Starts ...
1664856633.341300 -- INFO: Changing concurrency to 1 ******
1664856633.341963 -- INFO: Process Status Bits from change concurrency are: 1 0 0 0 0 0 0 0 0 0 0 0 0 0 0 0 0 0 0 0 0 0 0 0 0 0 0 0 0 0 0 0
1664856633.342699 -- INFO: Active CC: 1
1664856633.474891 -- INFO: Throughput @14.1s:956.3Mbps, rtt :41.46ms cwnd: 157.5 lossRate: 0.00019660608741598162 CC:1 score:-936.0 
1664856634.483350 -- INFO: Throughput @15.1s:142.61Mbps, rtt :38.67ms cwnd: 159.0 lossRate: 0 CC:1 score:-140.0 
1664856635.482169 -- INFO: Throughput @16.1s:50.33Mbps, rtt :38.98ms cwnd: 176.0 lossRate: 0.0 CC:1 score:-49.0 
1664856636.481980 -- INFO: Throughput @17.1s:50.33Mbps, rtt :38.7ms cwnd: 186.0 lossRate: 0.0 CC:1 score:-49.0 
1664856637.210041 -- INFO: Iteration 5 Ends, Took 3.87 Seconds. Best Params: [26] and Score: -559.0.
1664856637.210180 -- INFO: Iteration 6 Starts ...
1664856637.211030 -- INFO: Changing concurrency to 26 ******
1664856637.211665 -- INFO: Start Process :: 1
1664856637.212053 -- INFO: Start Process :: 2
1664856637.212342 -- INFO: Start Process :: 4
1664856637.212988 -- INFO: Start Process :: 3
1664856637.213185 -- INFO: Start Process :: 8
1664856637.213271 -- INFO: Start Process :: 6
1664856637.213389 -- INFO: Start Process :: 7
1664856637.213521 -- INFO: Start Process :: 5
1664856637.213713 -- INFO: Start Process :: 11
1664856637.213796 -- INFO: Start Process :: 10
1664856637.214182 -- INFO: Start Process :: 12
1664856637.214366 -- INFO: Start Process :: 9
1664856637.214772 -- INFO: Start Process :: 14
1664856637.214841 -- INFO: Start Process :: 15
1664856637.215085 -- INFO: Start Process :: 13
1664856637.215206 -- INFO: Start Process :: 16
1664856637.215385 -- INFO: Start Process :: 17
1664856637.215414 -- INFO: Start Process :: 19
1664856637.215620 -- INFO: Start Process :: 20
1664856637.215739 -- INFO: Process Status Bits from change concurrency are: 1 1 1 1 1 1 1 1 1 1 1 1 1 1 1 1 1 1 1 1 1 1 1 1 1 1 0 0 0 0 0 0
1664856637.215697 -- INFO: Start Process :: 18
1664856637.215889 -- INFO: Start Process :: 21
1664856637.216029 -- INFO: Start Process :: 22
1664856637.216740 -- INFO: Active CC: 26
1664856637.216511 -- INFO: Start Process :: 25
1664856637.216579 -- INFO: Start Process :: 24
1664856637.216791 -- INFO: Start Process :: 23
1664856637.250981 -- INFO: Process 1 get item 28 from queue and executing
1664856637.251345 -- INFO: Process 2 get item 29 from queue and executing
1664856637.251519 -- INFO: starting 1, 28, /users/jamilm/files_to_Send/FILE2
1664856637.251633 -- INFO: Process 4 get item 30 from queue and executing
1664856637.251829 -- INFO: starting 2, 29, /users/jamilm/files_to_Send/FILE1
1664856637.251936 -- INFO: starting 4, 30, /users/jamilm/files_to_Send/FILE0
1664856637.252277 -- INFO: Process 3 get item 31 from queue and executing
1664856637.252737 -- INFO: Process 8 get item 24 from queue and executing
1664856637.252751 -- INFO: starting 3, 31, /users/jamilm/files_to_Send/FILE3
1664856637.252965 -- INFO: Process 7 get item 27 from queue and executing
1664856637.253060 -- INFO: Process 6 get item 6 from queue and executing
1664856637.253217 -- INFO: starting 8, 24, /users/jamilm/files_to_Send/FILE2
1664856637.253484 -- INFO: starting 7, 27, /users/jamilm/files_to_Send/FILE3
1664856637.253523 -- INFO: starting 6, 6, /users/jamilm/files_to_Send/FILE0
1664856637.253582 -- INFO: Process 5 get item 16 from queue and executing
1664856637.253653 -- INFO: Process 10 get item 22 from queue and executing
1664856637.253740 -- INFO: Process 11 get item 18 from queue and executing
1664856637.254046 -- INFO: starting 10, 22, /users/jamilm/files_to_Send/FILE0
1664856637.254070 -- INFO: starting 5, 16, /users/jamilm/files_to_Send/FILE2
1664856637.254239 -- INFO: starting 11, 18, /users/jamilm/files_to_Send/FILE0
1664856637.254609 -- INFO: Process 14 get item 4 from queue and executing
1664856637.254687 -- INFO: Process 15 get item 7 from queue and executing
1664856637.254992 -- INFO: Process 12 get item 10 from queue and executing
1664856637.255073 -- INFO: starting 14, 4, /users/jamilm/files_to_Send/FILE2
1664856637.255150 -- INFO: starting 15, 7, /users/jamilm/files_to_Send/FILE3
1664856637.255301 -- INFO: Process 9 get item 17 from queue and executing
1664856637.255281 -- INFO: Process 13 get item 23 from queue and executing
1664856637.255356 -- INFO: starting 12, 10, /users/jamilm/files_to_Send/FILE0
1664856637.255685 -- INFO: starting 9, 17, /users/jamilm/files_to_Send/FILE1
1664856637.255712 -- INFO: Process 17 get item 15 from queue and executing
1664856637.255872 -- INFO: Process 16 get item 19 from queue and executing
1664856637.255916 -- INFO: starting 13, 23, /users/jamilm/files_to_Send/FILE3
1664856637.255975 -- INFO: Process 19 get item 21 from queue and executing
1664856637.256077 -- INFO: Process 20 get item 0 from queue and executing
1664856637.256181 -- INFO: starting 16, 19, /users/jamilm/files_to_Send/FILE3
1664856637.256274 -- INFO: Process 18 get item 8 from queue and executing
1664856637.256404 -- INFO: starting 17, 15, /users/jamilm/files_to_Send/FILE3
1664856637.256470 -- INFO: starting 20, 0, /users/jamilm/files_to_Send/FILE2
1664856637.256469 -- INFO: starting 19, 21, /users/jamilm/files_to_Send/FILE1
1664856637.256668 -- INFO: starting 18, 8, /users/jamilm/files_to_Send/FILE2
1664856637.256972 -- INFO: Process 21 get item 12 from queue and executing
1664856637.257167 -- INFO: Process 22 get item 9 from queue and executing
1664856637.257326 -- INFO: Process 25 get item 5 from queue and executing
1664856637.257432 -- INFO: Process 24 get item 14 from queue and executing
1664856637.257513 -- INFO: Process 23 get item 3 from queue and executing
1664856637.257640 -- INFO: starting 22, 9, /users/jamilm/files_to_Send/FILE1
1664856637.257622 -- INFO: starting 21, 12, /users/jamilm/files_to_Send/FILE2
1664856637.257820 -- INFO: starting 25, 5, /users/jamilm/files_to_Send/FILE1
1664856637.257911 -- INFO: starting 23, 3, /users/jamilm/files_to_Send/FILE3
1664856637.257961 -- INFO: starting 24, 14, /users/jamilm/files_to_Send/FILE0
1664856637.478362 -- INFO: Throughput @18.1s:58.72Mbps, rtt :39.05ms cwnd: 73.0 lossRate: 0.0001756388864494599 CC:26 score:-35.0 
1664856638.480571 -- INFO: Throughput @19.1s:914.36Mbps, rtt :41.35ms cwnd: 159.1 lossRate: 9.561927138115208e-05 CC:26 score:-546.0 
1664856639.478763 -- INFO: Throughput @20.1s:1006.63Mbps, rtt :41.66ms cwnd: 166.8 lossRate: 7.383343177790904e-05 CC:26 score:-601.0 
1664856640.485014 -- INFO: Throughput @21.1s:939.52Mbps, rtt :41.66ms cwnd: 164.9 lossRate: 6.132110181755746e-05 CC:26 score:-561.0 
1664856640.650931 -- INFO: Iteration 6 Ends, Took 3.44 Seconds. Best Params: [26] and Score: -559.0.
1664856640.651321 -- INFO: Iteration 7 Starts ...
1664856640.651736 -- INFO: Changing concurrency to 32 ******
1664856640.652790 -- INFO: Process Status Bits from change concurrency are: 1 1 1 1 1 1 1 1 1 1 1 1 1 1 1 1 1 1 1 1 1 1 1 1 1 1 1 1 1 1 1 1
1664856640.653027 -- INFO: Start Process :: 27
1664856640.653224 -- INFO: Active CC: 32
1664856640.655217 -- INFO: Start Process :: 26
1664856640.656040 -- INFO: Start Process :: 29
1664856640.656104 -- INFO: Start Process :: 31
1664856640.656427 -- INFO: Start Process :: 28
1664856640.657815 -- INFO: Start Process :: 30
1664856640.695088 -- INFO: Process 27 get item 2 from queue and executing
1664856640.695535 -- INFO: starting 27, 2, /users/jamilm/files_to_Send/FILE0
1664856640.697854 -- INFO: Process 26 get item 20 from queue and executing
1664856640.698548 -- INFO: starting 26, 20, /users/jamilm/files_to_Send/FILE2
1664856640.698617 -- INFO: Process 29 get item 13 from queue and executing
1664856640.698857 -- INFO: Process 28 get item 26 from queue and executing
1664856640.698953 -- INFO: starting 29, 13, /users/jamilm/files_to_Send/FILE1
1664856640.698939 -- INFO: Process 31 get item 11 from queue and executing
1664856640.699187 -- INFO: starting 28, 26, /users/jamilm/files_to_Send/FILE0
1664856640.699303 -- INFO: starting 31, 11, /users/jamilm/files_to_Send/FILE3
1664856640.700831 -- INFO: Process 30 get item 25 from queue and executing
1664856640.701293 -- INFO: starting 30, 25, /users/jamilm/files_to_Send/FILE1
1664856641.479688 -- INFO: Throughput @22.1s:922.75Mbps, rtt :41.94ms cwnd: 142.7 lossRate: 0.00013554309654365104 CC:32 score:-488.0 
1664856642.486869 -- INFO: Throughput @23.1s:947.91Mbps, rtt :41.84ms cwnd: 139.7 lossRate: 6.130155460742485e-05 CC:32 score:-502.0 
1664856643.487853 -- INFO: Throughput @24.1s:947.91Mbps, rtt :41.94ms cwnd: 137.8 lossRate: 9.833687755829533e-05 CC:32 score:-502.0 
1664856644.040177 -- INFO: Iteration 7 Ends, Took 3.39 Seconds. Best Params: [26] and Score: -559.0.
1664856644.040538 -- INFO: Iteration 8 Starts ...
1664856644.041012 -- INFO: Changing concurrency to 32 ******
1664856644.041357 -- INFO: Process Status Bits from change concurrency are: 1 1 1 1 1 1 1 1 1 1 1 1 1 1 1 1 1 1 1 1 1 1 1 1 1 1 1 1 1 1 1 1
1664856644.041709 -- INFO: Active CC: 32
1664856644.482592 -- INFO: Throughput @25.1s:931.14Mbps, rtt :41.9ms cwnd: 137.2 lossRate: 4.927746910918655e-05 CC:32 score:-494.0 
1664856645.489731 -- INFO: Throughput @26.1s:905.97Mbps, rtt :41.54ms cwnd: 128.1 lossRate: 0.0005149646268345615 CC:32 score:-476.0 
1664856646.486465 -- INFO: Throughput @27.1s:989.86Mbps, rtt :41.59ms cwnd: 125.6 lossRate: 0.00012309661853588882 CC:32 score:-524.0 
1664856647.419348 -- INFO: Iteration 8 Ends, Took 3.38 Seconds. Best Params: [26] and Score: -559.0.
1664856647.419775 -- INFO: Iteration 9 Starts ...
1664856647.420416 -- INFO: Changing concurrency to 32 ******
1664856647.420849 -- INFO: Process Status Bits from change concurrency are: 1 1 1 1 1 1 1 1 1 1 1 1 1 1 1 1 1 1 1 1 1 1 1 1 1 1 1 1 1 1 1 1
1664856647.421230 -- INFO: Active CC: 32
1664856647.490119 -- INFO: Throughput @28.1s:947.91Mbps, rtt :41.58ms cwnd: 125.3 lossRate: 4.910807459516531e-05 CC:32 score:-503.0 
1664856648.485746 -- INFO: Throughput @29.1s:939.52Mbps, rtt :41.41ms cwnd: 123.8 lossRate: 0.000184749541205306 CC:32 score:-497.0 
1664856649.493848 -- INFO: Throughput @30.1s:956.3Mbps, rtt :41.52ms cwnd: 124.4 lossRate: 2.4519419380149078e-05 CC:32 score:-507.0 
1664856650.495323 -- INFO: Throughput @31.1s:922.75Mbps, rtt :41.51ms cwnd: 125.0 lossRate: 6.14431773495871e-05 CC:32 score:-489.0 
1664856651.000853 -- INFO: Iteration 9 Ends, Took 3.58 Seconds. Best Params: [26] and Score: -559.0.
1664856651.001152 -- INFO: Iteration 10 Starts ...
1664856651.001639 -- INFO: Changing concurrency to 32 ******
1664856651.001996 -- INFO: Process Status Bits from change concurrency are: 1 1 1 1 1 1 1 1 1 1 1 1 1 1 1 1 1 1 1 1 1 1 1 1 1 1 1 1 1 1 1 1
1664856651.002320 -- INFO: Active CC: 32
1664856651.489954 -- INFO: Throughput @32.1s:947.91Mbps, rtt :41.51ms cwnd: 125.7 lossRate: 0.0 CC:32 score:-503.0 
1664856652.494788 -- INFO: Throughput @33.1s:931.14Mbps, rtt :41.53ms cwnd: 125.4 lossRate: 7.361511563707747e-05 CC:32 score:-493.0 
1664856653.498366 -- INFO: Throughput @34.1s:947.91Mbps, rtt :41.44ms cwnd: 123.8 lossRate: 8.598241045546111e-05 CC:32 score:-502.0 
1664856654.496583 -- INFO: Throughput @35.1s:956.3Mbps, rtt :41.39ms cwnd: 121.0 lossRate: 0.0001723076923076923 CC:32 score:-506.0 
1664856654.504274 -- INFO: Iteration 10 Ends, Took 3.5 Seconds. Best Params: [26] and Score: -559.0.
1664856654.504659 -- INFO: Iteration 11 Starts ...
1664856654.505039 -- INFO: Changing concurrency to 21 ******
1664856654.505379 -- INFO: Process Status Bits from change concurrency are: 1 1 1 1 1 1 1 1 1 1 1 1 1 1 1 1 1 1 1 1 1 0 0 0 0 0 0 0 0 0 0 0
1664856654.505747 -- INFO: Active CC: 21
1664856655.498530 -- INFO: Throughput @36.1s:973.08Mbps, rtt :40.98ms cwnd: 179.0 lossRate: 0 CC:21 score:-642.0 
1664856656.495180 -- INFO: Throughput @37.1s:914.36Mbps, rtt :41.11ms cwnd: 184.0 lossRate: 8.616869368260377e-05 CC:21 score:-602.0 
1664856657.498057 -- INFO: Throughput @38.1s:956.3Mbps, rtt :41.25ms cwnd: 188.6 lossRate: 2.4549817717603446e-05 CC:21 score:-631.0 
1664856658.002104 -- INFO: Iteration 11 Ends, Took 3.5 Seconds. Best Params: [21] and Score: -625.0.
1664856658.002502 -- INFO: Iteration 12 Starts ...
1664856658.002903 -- INFO: Changing concurrency to 17 ******
1664856658.004476 -- INFO: Process Status Bits from change concurrency are: 1 1 1 1 1 1 1 1 1 1 1 1 1 1 1 1 1 0 0 0 0 0 0 0 0 0 0 0 0 0 0 0
1664856658.006814 -- INFO: Active CC: 17
1664856658.504115 -- INFO: Throughput @39.1s:947.91Mbps, rtt :41.15ms cwnd: 205.3 lossRate: 0 CC:17 score:-677.0 
1664856659.501784 -- INFO: Throughput @40.1s:947.91Mbps, rtt :40.98ms cwnd: 227.8 lossRate: 0 CC:17 score:-677.0 
1664856660.504434 -- INFO: Throughput @41.1s:939.52Mbps, rtt :40.88ms cwnd: 225.8 lossRate: 7.380618495829951e-05 CC:17 score:-670.0 
1664856661.505985 -- INFO: Throughput @42.1s:947.91Mbps, rtt :41.13ms cwnd: 228.9 lossRate: 2.4566402987274605e-05 CC:17 score:-677.0 
1664856661.619339 -- INFO: Iteration 12 Ends, Took 3.62 Seconds. Best Params: [17] and Score: -674.6666666666666.
1664856661.619754 -- INFO: Iteration 13 Starts ...
1664856661.620339 -- INFO: Changing concurrency to 17 ******
1664856661.624198 -- INFO: Process Status Bits from change concurrency are: 1 1 1 1 1 1 1 1 1 1 1 1 1 1 1 1 1 0 0 0 0 0 0 0 0 0 0 0 0 0 0 0
1664856661.626792 -- INFO: Active CC: 17
1664856662.508005 -- INFO: Throughput @43.1s:939.52Mbps, rtt :41.08ms cwnd: 230.3 lossRate: 0.00013514675709213323 CC:17 score:-670.0 
1664856663.507461 -- INFO: Throughput @44.1s:947.91Mbps, rtt :41.25ms cwnd: 231.6 lossRate: 6.148170919151552e-05 CC:17 score:-676.0 
1664856664.510764 -- INFO: Throughput @45.1s:956.3Mbps, rtt :41.1ms cwnd: 230.0 lossRate: 0.0002699585245539549 CC:17 score:-680.0 
1664856665.164348 -- INFO: Iteration 13 Ends, Took 3.54 Seconds. Best Params: [17] and Score: -675.3333333333334.
1664856665.164689 -- INFO: Iteration 14 Starts ...
1664856665.165204 -- INFO: Changing concurrency to 17 ******
1664856665.168754 -- INFO: Process Status Bits from change concurrency are: 1 1 1 1 1 1 1 1 1 1 1 1 1 1 1 1 1 0 0 0 0 0 0 0 0 0 0 0 0 0 0 0
1664856665.171473 -- INFO: Active CC: 17
1664856665.510863 -- INFO: Throughput @46.1s:939.52Mbps, rtt :41.19ms cwnd: 230.9 lossRate: 1.2291354261412523e-05 CC:17 score:-671.0 
1664856666.512164 -- INFO: Throughput @47.1s:939.52Mbps, rtt :41.22ms cwnd: 233.7 lossRate: 0.0 CC:17 score:-671.0 
1664856667.515046 -- INFO: Throughput @48.1s:947.91Mbps, rtt :41.16ms cwnd: 233.3 lossRate: 4.912013557157418e-05 CC:17 score:-676.0 
1664856668.530113 -- INFO: Throughput @49.1s:922.75Mbps, rtt :41.11ms cwnd: 234.0 lossRate: 0.0001211122953202209 CC:17 score:-658.0 
1664856668.764572 -- INFO: Iteration 14 Ends, Took 3.6 Seconds. Best Params: [17] and Score: -675.3333333333334.
1664856668.765007 -- INFO: Iteration 15 Starts ...
1664856668.765635 -- INFO: Changing concurrency to 17 ******
1664856668.769271 -- INFO: Process Status Bits from change concurrency are: 1 1 1 1 1 1 1 1 1 1 1 1 1 1 1 1 1 0 0 0 0 0 0 0 0 0 0 0 0 0 0 0
1664856668.771918 -- INFO: Active CC: 17
1664856669.517359 -- INFO: Throughput @50.1s:964.69Mbps, rtt :41.28ms cwnd: 232.5 lossRate: 0.0001746681305519513 CC:17 score:-687.0 
1664856670.516573 -- INFO: Throughput @51.1s:947.91Mbps, rtt :41.32ms cwnd: 234.3 lossRate: 3.693125861729368e-05 CC:17 score:-677.0 
1664856671.517466 -- INFO: Throughput @52.1s:947.91Mbps, rtt :41.23ms cwnd: 234.4 lossRate: 2.457425109969774e-05 CC:17 score:-677.0 
1664856672.384466 -- INFO: Iteration 15 Ends, Took 3.62 Seconds. Best Params: [17] and Score: -680.3333333333334.
1664856672.384621 -- INFO: Iteration 16 Starts ...
1664856672.384890 -- INFO: Changing concurrency to 17 ******
1664856672.386008 -- INFO: Process Status Bits from change concurrency are: 1 1 1 1 1 1 1 1 1 1 1 1 1 1 1 1 1 0 0 0 0 0 0 0 0 0 0 0 0 0 0 0
1664856672.387707 -- INFO: Active CC: 17
1664856672.520593 -- INFO: Throughput @53.1s:922.75Mbps, rtt :41.25ms cwnd: 227.7 lossRate: 7.425191198673365e-05 CC:17 score:-658.0 
1664856673.520907 -- INFO: Throughput @54.1s:922.75Mbps, rtt :41.2ms cwnd: 229.9 lossRate: 2.4604180250224513e-05 CC:17 score:-659.0 
1664856674.521603 -- INFO: Throughput @55.1s:956.3Mbps, rtt :41.26ms cwnd: 230.3 lossRate: 6.14801972284727e-05 CC:17 score:-682.0 
1664856675.522972 -- INFO: Throughput @56.1s:947.91Mbps, rtt :41.37ms cwnd: 240.1 lossRate: 2.457757296466974e-05 CC:17 score:-677.0 
1664856676.043480 -- INFO: Iteration 16 Ends, Took 3.66 Seconds. Best Params: [17] and Score: -680.3333333333334.
1664856676.043681 -- INFO: Iteration 17 Starts ...
1664856676.044001 -- INFO: Changing concurrency to 17 ******
1664856676.046015 -- INFO: Process Status Bits from change concurrency are: 1 1 1 1 1 1 1 1 1 1 1 1 1 1 1 1 1 0 0 0 0 0 0 0 0 0 0 0 0 0 0 0
1664856676.047652 -- INFO: Active CC: 17
1664856676.521939 -- INFO: Throughput @57.1s:947.91Mbps, rtt :41.46ms cwnd: 236.9 lossRate: 1.2304512064574079e-05 CC:17 score:-677.0 
1664856677.524342 -- INFO: Throughput @58.1s:939.52Mbps, rtt :41.56ms cwnd: 227.9 lossRate: 0.000343832504451403 CC:17 score:-668.0 
1664856678.525348 -- INFO: Throughput @59.1s:939.52Mbps, rtt :41.34ms cwnd: 229.5 lossRate: 8.604053738461349e-05 CC:17 score:-670.0 
1664856679.528909 -- INFO: Throughput @60.1s:964.69Mbps, rtt :41.52ms cwnd: 233.2 lossRate: 3.673904258055035e-05 CC:17 score:-689.0 
1664856679.658940 -- INFO: Iteration 17 Ends, Took 3.61 Seconds. Best Params: [17] and Score: -680.3333333333334.
1664856679.659823 -- INFO: Iteration 18 Starts ...
1664856679.660469 -- INFO: Changing concurrency to 18 ******
1664856679.663960 -- INFO: Start Process :: 17
1664856679.664354 -- INFO: Process Status Bits from change concurrency are: 1 1 1 1 1 1 1 1 1 1 1 1 1 1 1 1 1 1 0 0 0 0 0 0 0 0 0 0 0 0 0 0
1664856679.667507 -- INFO: Active CC: 18
1664856679.704262 -- INFO: Process 17 get item 25 from queue and executing
1664856679.704965 -- INFO: starting 17, 25, /users/jamilm/files_to_Send/FILE1
1664856680.525270 -- INFO: Throughput @61.1s:939.52Mbps, rtt :41.54ms cwnd: 220.8 lossRate: 0.00017272435660177165 CC:18 score:-656.0 
1664856681.526273 -- INFO: Throughput @62.1s:931.14Mbps, rtt :41.31ms cwnd: 215.5 lossRate: 0.0001968019680196802 CC:18 score:-650.0 
1664856682.525723 -- INFO: Throughput @63.1s:939.52Mbps, rtt :41.47ms cwnd: 217.7 lossRate: 0.0 CC:18 score:-658.0 
1664856683.224460 -- INFO: Iteration 18 Ends, Took 3.56 Seconds. Best Params: [17] and Score: -680.3333333333334.
1664856683.224647 -- INFO: Iteration 19 Starts ...
1664856683.224895 -- INFO: Changing concurrency to 16 ******
1664856683.226863 -- INFO: Process Status Bits from change concurrency are: 1 1 1 1 1 1 1 1 1 1 1 1 1 1 1 1 0 0 0 0 0 0 0 0 0 0 0 0 0 0 0 0
1664856683.228386 -- INFO: Active CC: 16
1664856683.528895 -- INFO: Throughput @64.1s:956.3Mbps, rtt :41.32ms cwnd: 227.2 lossRate: 0.0 CC:16 score:-697.0 
1664856684.532518 -- INFO: Throughput @65.1s:922.75Mbps, rtt :41.51ms cwnd: 242.1 lossRate: 0 CC:16 score:-672.0 
1664856685.531136 -- INFO: Throughput @66.1s:964.69Mbps, rtt :41.24ms cwnd: 241.6 lossRate: 3.6863188420043744e-05 CC:16 score:-702.0 
1664856686.545110 -- INFO: Throughput @67.1s:939.52Mbps, rtt :41.24ms cwnd: 238.8 lossRate: 0.00017040336911804084 CC:16 score:-683.0 
1664856687.107988 -- INFO: Iteration 19 Ends, Took 3.88 Seconds. Best Params: [16] and Score: -690.3333333333334.
1664856687.108267 -- INFO: Iteration 20 Starts ...
1664856687.108570 -- INFO: Changing concurrency to 15 ******
1664856687.110508 -- INFO: Process Status Bits from change concurrency are: 1 1 1 1 1 1 1 1 1 1 1 1 1 1 1 0 0 0 0 0 0 0 0 0 0 0 0 0 0 0 0 0
1664856687.113241 -- INFO: Active CC: 15
1664856687.535597 -- INFO: Throughput @68.1s:922.75Mbps, rtt :41.3ms cwnd: 251.6 lossRate: 0 CC:15 score:-686.0 
1664856688.532904 -- INFO: Throughput @69.1s:939.52Mbps, rtt :41.33ms cwnd: 260.1 lossRate: 8.616551163849875e-05 CC:15 score:-697.0 
1664856689.537832 -- INFO: Throughput @70.1s:973.08Mbps, rtt :41.4ms cwnd: 263.4 lossRate: 0.00013491138774759305 CC:15 score:-722.0 
1664856690.544764 -- INFO: Throughput @71.1s:931.14Mbps, rtt :41.43ms cwnd: 269.0 lossRate: 0.0 CC:15 score:-692.0 
1664856690.730964 -- INFO: Iteration 20 Ends, Took 3.62 Seconds. Best Params: [15] and Score: -701.6666666666666.
1664856690.731218 -- INFO: Iteration 21 Starts ...
1664856690.731719 -- INFO: Changing concurrency to 15 ******
1664856690.743767 -- INFO: Process Status Bits from change concurrency are: 1 1 1 1 1 1 1 1 1 1 1 1 1 1 1 0 0 0 0 0 0 0 0 0 0 0 0 0 0 0 0 0
1664856690.747794 -- INFO: Active CC: 15
1664856691.540621 -- INFO: Throughput @72.1s:939.52Mbps, rtt :41.46ms cwnd: 260.2 lossRate: 0.00024727380628570015 CC:15 score:-696.0 
1664856692.544207 -- INFO: Throughput @73.1s:947.91Mbps, rtt :41.41ms cwnd: 264.1 lossRate: 0.0 CC:15 score:-704.0 
1664856693.543445 -- INFO: Throughput @74.1s:947.91Mbps, rtt :41.52ms cwnd: 261.3 lossRate: 0.00014725913927033095 CC:15 score:-703.0 
1664856694.347979 -- INFO: Iteration 21 Ends, Took 3.62 Seconds. Best Params: [15] and Score: -701.6666666666666.
1664856694.348354 -- INFO: Iteration 22 Starts ...
1664856694.349340 -- INFO: Changing concurrency to 15 ******
1664856694.353430 -- INFO: Process Status Bits from change concurrency are: 1 1 1 1 1 1 1 1 1 1 1 1 1 1 1 0 0 0 0 0 0 0 0 0 0 0 0 0 0 0 0 0
1664856694.356791 -- INFO: Active CC: 15
1664856694.541104 -- INFO: Throughput @75.1s:931.14Mbps, rtt :41.19ms cwnd: 255.7 lossRate: 0.0001599881854878409 CC:15 score:-690.0 
1664856695.543948 -- INFO: Throughput @76.1s:939.52Mbps, rtt :41.21ms cwnd: 260.1 lossRate: 0.0 CC:15 score:-698.0 
1664856696.544667 -- INFO: Throughput @77.1s:939.52Mbps, rtt :41.38ms cwnd: 260.4 lossRate: 0.00011058956526013123 CC:15 score:-697.0 
1664856697.546252 -- INFO: Throughput @78.1s:947.91Mbps, rtt :41.53ms cwnd: 265.1 lossRate: 0.0 CC:15 score:-704.0 
1664856698.066012 -- INFO: Iteration 22 Ends, Took 3.72 Seconds. Best Params: [15] and Score: -701.6666666666666.
1664856698.066303 -- INFO: Iteration 23 Starts ...
1664856698.066776 -- INFO: Changing concurrency to 15 ******
1664856698.071160 -- INFO: Process Status Bits from change concurrency are: 1 1 1 1 1 1 1 1 1 1 1 1 1 1 1 0 0 0 0 0 0 0 0 0 0 0 0 0 0 0 0 0
1664856698.074311 -- INFO: Active CC: 15
1664856698.545530 -- INFO: Throughput @79.1s:964.69Mbps, rtt :41.46ms cwnd: 258.6 lossRate: 0.000184499575650976 CC:15 score:-715.0 
1664856699.548088 -- INFO: Throughput @80.1s:931.14Mbps, rtt :41.53ms cwnd: 258.9 lossRate: 0.00011043893340532316 CC:15 score:-691.0 
1664856700.549753 -- INFO: Throughput @81.1s:947.91Mbps, rtt :41.37ms cwnd: 262.8 lossRate: 0.0 CC:15 score:-704.0 
1664856701.544581 -- INFO: Throughput @82.1s:931.14Mbps, rtt :41.28ms cwnd: 257.9 lossRate: 0.00014787066246056783 CC:15 score:-690.0 
1664856701.697605 -- INFO: Iteration 23 Ends, Took 3.63 Seconds. Best Params: [15] and Score: -703.3333333333334.
1664856701.697900 -- INFO: Iteration 24 Starts ...
1664856701.698381 -- INFO: Changing concurrency to 15 ******
1664856701.703403 -- INFO: Process Status Bits from change concurrency are: 1 1 1 1 1 1 1 1 1 1 1 1 1 1 1 0 0 0 0 0 0 0 0 0 0 0 0 0 0 0 0 0
1664856701.706784 -- INFO: Active CC: 15
1664856702.548051 -- INFO: Throughput @83.1s:931.14Mbps, rtt :41.42ms cwnd: 258.7 lossRate: 0.00012255202333390523 CC:15 score:-691.0 
1664856703.551288 -- INFO: Throughput @84.1s:956.3Mbps, rtt :41.35ms cwnd: 257.9 lossRate: 0.0001230723788660111 CC:15 score:-709.0 
1664856704.552677 -- INFO: Throughput @85.1s:939.52Mbps, rtt :41.33ms cwnd: 259.1 lossRate: 3.68618295754746e-05 CC:15 score:-698.0 
1664856705.369930 -- INFO: Iteration 24 Ends, Took 3.67 Seconds. Best Params: [15] and Score: -703.3333333333334.
1664856705.370178 -- INFO: Iteration 25 Starts ...
1664856705.370543 -- INFO: Changing concurrency to 15 ******
1664856705.373038 -- INFO: Process Status Bits from change concurrency are: 1 1 1 1 1 1 1 1 1 1 1 1 1 1 1 0 0 0 0 0 0 0 0 0 0 0 0 0 0 0 0 0
1664856705.375204 -- INFO: Active CC: 15
1664856705.547659 -- INFO: Throughput @86.1s:939.52Mbps, rtt :41.06ms cwnd: 258.5 lossRate: 0.00013525144473134146 CC:15 score:-697.0 
1664856706.554249 -- INFO: Throughput @87.1s:964.69Mbps, rtt :41.08ms cwnd: 248.3 lossRate: 0.0002334324397375728 CC:15 score:-715.0 
1664856707.556748 -- INFO: Throughput @88.1s:914.36Mbps, rtt :41.14ms cwnd: 248.7 lossRate: 0.000110508091648044 CC:15 score:-678.0 
1664856708.555264 -- INFO: Throughput @89.1s:956.3Mbps, rtt :41.08ms cwnd: 251.3 lossRate: 1.2296039445694541e-05 CC:15 score:-710.0 
1664856709.074781 -- INFO: Iteration 25 Ends, Took 3.7 Seconds. Best Params: [15] and Score: -703.3333333333334.
1664856709.074940 -- INFO: Iteration 26 Starts ...
1664856709.075212 -- INFO: Changing concurrency to 14 ******
1664856709.077518 -- INFO: Process Status Bits from change concurrency are: 1 1 1 1 1 1 1 1 1 1 1 1 1 1 0 0 0 0 0 0 0 0 0 0 0 0 0 0 0 0 0 0
1664856709.079262 -- INFO: Active CC: 14
1664856709.555149 -- INFO: Throughput @90.1s:931.14Mbps, rtt :41.06ms cwnd: 266.3 lossRate: 0 CC:14 score:-706.0 
1664856710.558855 -- INFO: Throughput @91.1s:956.3Mbps, rtt :41.15ms cwnd: 267.6 lossRate: 0.0003558238549220255 CC:14 score:-721.0 
1664856711.560024 -- INFO: Throughput @92.1s:931.14Mbps, rtt :41.19ms cwnd: 270.9 lossRate: 0.0001596032018857732 CC:14 score:-704.0 
1664856712.559541 -- INFO: Throughput @93.1s:956.3Mbps, rtt :41.27ms cwnd: 276.6 lossRate: 0.00011041319069584846 CC:14 score:-724.0 
1664856712.663115 -- INFO: Iteration 26 Ends, Took 3.59 Seconds. Best Params: [14] and Score: -710.3333333333334.
1664856712.663394 -- INFO: Iteration 27 Starts ...
1664856712.663776 -- INFO: Changing concurrency to 14 ******
1664856712.667085 -- INFO: Process Status Bits from change concurrency are: 1 1 1 1 1 1 1 1 1 1 1 1 1 1 0 0 0 0 0 0 0 0 0 0 0 0 0 0 0 0 0 0
1664856712.670262 -- INFO: Active CC: 14
1664856713.561323 -- INFO: Throughput @94.1s:939.52Mbps, rtt :41.34ms cwnd: 284.3 lossRate: 0.0 CC:14 score:-712.0 
1664856714.563750 -- INFO: Throughput @95.1s:939.52Mbps, rtt :41.4ms cwnd: 285.9 lossRate: 0.0 CC:14 score:-712.0 
1664856715.561889 -- INFO: Throughput @96.1s:931.14Mbps, rtt :41.33ms cwnd: 286.6 lossRate: 6.158545597871606e-05 CC:14 score:-705.0 
1664856716.356365 -- INFO: Iteration 27 Ends, Took 3.69 Seconds. Best Params: [14] and Score: -710.3333333333334.
1664856716.356545 -- INFO: Iteration 28 Starts ...
1664856716.356894 -- INFO: Changing concurrency to 14 ******
1664856716.358755 -- INFO: Process Status Bits from change concurrency are: 1 1 1 1 1 1 1 1 1 1 1 1 1 1 0 0 0 0 0 0 0 0 0 0 0 0 0 0 0 0 0 0
1664856716.360965 -- INFO: Active CC: 14
1664856716.562884 -- INFO: Throughput @97.1s:947.91Mbps, rtt :41.44ms cwnd: 289.6 lossRate: 0.0 CC:14 score:-718.0 
1664856717.564462 -- INFO: Throughput @98.1s:956.3Mbps, rtt :41.44ms cwnd: 285.5 lossRate: 0.0001965481235796327 CC:14 score:-723.0 
1664856718.566789 -- INFO: Throughput @99.1s:939.52Mbps, rtt :41.47ms cwnd: 286.6 lossRate: 0.00012287729473347915 CC:14 score:-711.0 
1664856719.568413 -- INFO: Throughput @100.2s:861.74Mbps, rtt :41.4ms cwnd: 278.3 lossRate: 0.00018429329663849028 CC:14 score:-652.0 
1664856720.257022 -- INFO: Iteration 28 Ends, Took 3.9 Seconds. Best Params: [14] and Score: -717.3333333333334.
1664856720.257228 -- INFO: Iteration 29 Starts ...
1664856720.257502 -- INFO: Changing concurrency to 13 ******
1664856720.262276 -- INFO: Process Status Bits from change concurrency are: 1 1 1 1 1 1 1 1 1 1 1 1 1 0 0 0 0 0 0 0 0 0 0 0 0 0 0 0 0 0 0 0
1664856720.264505 -- INFO: Active CC: 13
1664856720.566598 -- INFO: Throughput @101.2s:931.14Mbps, rtt :41.33ms cwnd: 271.3 lossRate: 0.0002333292398378976 CC:13 score:-718.0 
1664856721.176741 -- INFO: Process 0 finished on working on file 1 
1664856721.177599 -- INFO: Process 0 get item 11 from queue and executing
1664856721.178351 -- INFO: starting 0, 11, /users/jamilm/files_to_Send/FILE3
1664856721.569608 -- INFO: Throughput @102.2s:945.18Mbps, rtt :41.15ms cwnd: 289.1 lossRate: 0 CC:13 score:-731.0 
1664856722.569077 -- INFO: Throughput @103.2s:922.75Mbps, rtt :41.02ms cwnd: 288.0 lossRate: 0.0002456579949394453 CC:13 score:-711.0 
1664856723.571406 -- INFO: Throughput @104.2s:956.3Mbps, rtt :41.22ms cwnd: 293.0 lossRate: 0.0 CC:13 score:-739.0 
1664856723.959054 -- INFO: Iteration 29 Ends, Took 3.7 Seconds. Best Params: [13] and Score: -720.0.
1664856723.959658 -- INFO: Iteration 30 Starts ...
1664856723.960469 -- INFO: Changing concurrency to 13 ******
1664856723.963370 -- INFO: Process Status Bits from change concurrency are: 1 1 1 1 1 1 1 1 1 1 1 1 1 0 0 0 0 0 0 0 0 0 0 0 0 0 0 0 0 0 0 0
1664856723.966312 -- INFO: Active CC: 13
1664856724.278405 -- INFO: Process 11 finished on working on file 18 
1664856724.279430 -- INFO: Process 11 get item 14 from queue and executing
1664856724.279807 -- INFO: starting 11, 14, /users/jamilm/files_to_Send/FILE0
1664856724.570843 -- INFO: Throughput @105.2s:936.79Mbps, rtt :41.23ms cwnd: 292.8 lossRate: 6.143336323090344e-05 CC:13 score:-724.0 
1664856725.570801 -- INFO: Throughput @106.2s:931.14Mbps, rtt :40.99ms cwnd: 283.0 lossRate: 0.00025812161215384047 CC:13 score:-717.0 
1664856726.574980 -- INFO: Throughput @107.2s:931.14Mbps, rtt :41.09ms cwnd: 279.7 lossRate: 0.00020889140104691454 CC:13 score:-718.0 
1664856727.581897 -- INFO: Throughput @108.2s:956.3Mbps, rtt :41.18ms cwnd: 286.3 lossRate: 0.0 CC:13 score:-739.0 
1664856727.766493 -- INFO: Iteration 30 Ends, Took 3.81 Seconds. Best Params: [13] and Score: -720.0.
1664856727.766665 -- INFO: Iteration 31 Starts ...
1664856727.766998 -- INFO: Changing concurrency to 13 ******
1664856727.769557 -- INFO: Process Status Bits from change concurrency are: 1 1 1 1 1 1 1 1 1 1 1 1 1 0 0 0 0 0 0 0 0 0 0 0 0 0 0 0 0 0 0 0
1664856727.773198 -- INFO: Active CC: 13
1664856728.573820 -- INFO: Throughput @109.2s:964.69Mbps, rtt :41.19ms cwnd: 289.5 lossRate: 2.4746656108093392e-05 CC:13 score:-745.0 
1664856729.574789 -- INFO: Throughput @110.2s:939.52Mbps, rtt :41.36ms cwnd: 291.2 lossRate: 6.148095320069843e-05 CC:13 score:-726.0 
1664856729.817423 -- INFO: Process 6 finished on working on file 6 
1664856729.818520 -- INFO: Process 6 get item 9 from queue and executing
1664856729.818918 -- INFO: starting 6, 9, /users/jamilm/files_to_Send/FILE1
1664856730.576221 -- INFO: Throughput @111.2s:920.01Mbps, rtt :41.25ms cwnd: 292.5 lossRate: 0.0 CC:13 score:-711.0 
1664856731.476588 -- INFO: Iteration 31 Ends, Took 3.71 Seconds. Best Params: [13] and Score: -727.3333333333334.
1664856731.476752 -- INFO: Iteration 32 Starts ...
1664856731.477051 -- INFO: Changing concurrency to 12 ******
1664856731.479246 -- INFO: Process Status Bits from change concurrency are: 1 1 1 1 1 1 1 1 1 1 1 1 0 0 0 0 0 0 0 0 0 0 0 0 0 0 0 0 0 0 0 0
1664856731.481393 -- INFO: Active CC: 12
1664856731.578179 -- INFO: Throughput @112.2s:973.08Mbps, rtt :41.31ms cwnd: 298.0 lossRate: 0.0 CC:12 score:-767.0 
1664856732.445656 -- INFO: Process 5 finished on working on file 16 
1664856732.446531 -- INFO: Process 5 get item 3 from queue and executing
1664856732.447030 -- INFO: starting 5, 3, /users/jamilm/files_to_Send/FILE3
1664856732.581114 -- INFO: Throughput @113.2s:911.63Mbps, rtt :41.05ms cwnd: 311.1 lossRate: 0 CC:12 score:-719.0 
1664856733.582169 -- INFO: Throughput @114.2s:956.3Mbps, rtt :41.08ms cwnd: 308.2 lossRate: 0.00015975815073795976 CC:12 score:-753.0 
1664856734.580454 -- INFO: Throughput @115.2s:947.91Mbps, rtt :40.65ms cwnd: 294.3 lossRate: 0.0003316668099794858 CC:12 score:-744.0 
1664856735.054413 -- INFO: Iteration 32 Ends, Took 3.58 Seconds. Best Params: [12] and Score: -738.6666666666666.
1664856735.054892 -- INFO: Iteration 33 Starts ...
1664856735.055604 -- INFO: Changing concurrency to 8 ******
1664856735.059170 -- INFO: Process Status Bits from change concurrency are: 1 1 1 1 1 1 1 1 0 0 0 0 0 0 0 0 0 0 0 0 0 0 0 0 0 0 0 0 0 0 0 0
1664856735.064239 -- INFO: Active CC: 8
1664856735.579877 -- INFO: Throughput @116.2s:905.97Mbps, rtt :39.92ms cwnd: 436.2 lossRate: 0 CC:8 score:-773.0 
1664856736.585370 -- INFO: Throughput @117.2s:931.14Mbps, rtt :39.67ms cwnd: 426.2 lossRate: 0.00018366597281743602 CC:8 score:-793.0 
1664856737.583904 -- INFO: Throughput @118.2s:947.91Mbps, rtt :40.05ms cwnd: 445.6 lossRate: 0.0 CC:8 score:-809.0 
1664856738.599384 -- INFO: Throughput @119.2s:939.52Mbps, rtt :40.62ms cwnd: 464.0 lossRate: 0.0 CC:8 score:-802.0 
1664856738.641803 -- INFO: Iteration 33 Ends, Took 3.59 Seconds. Best Params: [8] and Score: -791.6666666666666.
1664856738.642298 -- INFO: Iteration 34 Starts ...
1664856738.643120 -- INFO: Changing concurrency to 1 ******
1664856738.648445 -- INFO: Process Status Bits from change concurrency are: 1 0 0 0 0 0 0 0 0 0 0 0 0 0 0 0 0 0 0 0 0 0 0 0 0 0 0 0 0 0 0 0
1664856738.653126 -- INFO: Active CC: 1
1664856739.587046 -- INFO: Throughput @120.2s:612.37Mbps, rtt :39.63ms cwnd: 2170.0 lossRate: 0 CC:1 score:-600.0 
1664856740.588797 -- INFO: Throughput @121.2s:503.32Mbps, rtt :39.06ms cwnd: 1617.0 lossRate: 0.0010332238881362937 CC:1 score:-488.0 
1664856741.590962 -- INFO: Throughput @122.2s:494.93Mbps, rtt :39.04ms cwnd: 1755.0 lossRate: 0.0 CC:1 score:-485.0 
1664856742.467237 -- INFO: Iteration 34 Ends, Took 3.82 Seconds. Best Params: [8] and Score: -791.6666666666666.
1664856742.467530 -- INFO: Iteration 35 Starts ...
1664856742.468005 -- INFO: Changing concurrency to 8 ******
1664856742.469544 -- INFO: Start Process :: 2
1664856742.469647 -- INFO: Start Process :: 1
1664856742.470307 -- INFO: Start Process :: 4
1664856742.470843 -- INFO: Start Process :: 5
1664856742.470879 -- INFO: Start Process :: 3
1664856742.471359 -- INFO: Start Process :: 7
1664856742.471839 -- INFO: Start Process :: 6
1664856742.474705 -- INFO: Process Status Bits from change concurrency are: 1 1 1 1 1 1 1 1 0 0 0 0 0 0 0 0 0 0 0 0 0 0 0 0 0 0 0 0 0 0 0 0
1664856742.478558 -- INFO: Active CC: 8
1664856742.508993 -- INFO: Process 2 get item 12 from queue and executing
1664856742.509314 -- INFO: starting 2, 12, /users/jamilm/files_to_Send/FILE2
1664856742.510133 -- INFO: Process 1 get item 26 from queue and executing
1664856742.510316 -- INFO: Process 4 get item 5 from queue and executing
1664856742.510412 -- INFO: Process 3 get item 20 from queue and executing
1664856742.510765 -- INFO: starting 3, 20, /users/jamilm/files_to_Send/FILE2
1664856742.510770 -- INFO: starting 1, 26, /users/jamilm/files_to_Send/FILE0
1664856742.510775 -- INFO: starting 4, 5, /users/jamilm/files_to_Send/FILE1
1664856742.510774 -- INFO: Process 5 get item 2 from queue and executing
1664856742.511019 -- INFO: Process 7 get item 13 from queue and executing
1664856742.511286 -- INFO: starting 5, 2, /users/jamilm/files_to_Send/FILE0
1664856742.511697 -- INFO: starting 7, 13, /users/jamilm/files_to_Send/FILE1
1664856742.511843 -- INFO: Process 6 get item 15 from queue and executing
1664856742.512146 -- INFO: starting 6, 15, /users/jamilm/files_to_Send/FILE3
1664856742.588764 -- INFO: Throughput @123.2s:528.48Mbps, rtt :38.76ms cwnd: 251.1 lossRate: 0.0 CC:8 score:-451.0 
1664856743.591470 -- INFO: Throughput @124.2s:847.25Mbps, rtt :39.79ms cwnd: 441.0 lossRate: 8.301166313867098e-05 CC:8 score:-722.0 
1664856744.592499 -- INFO: Throughput @125.2s:998.24Mbps, rtt :41.13ms cwnd: 587.2 lossRate: 0.0005574066963124451 CC:8 score:-846.0 
1664856745.592525 -- INFO: Throughput @126.2s:947.91Mbps, rtt :41.5ms cwnd: 568.4 lossRate: 0.00017219748591670563 CC:8 score:-807.0 
1664856746.211984 -- INFO: Iteration 35 Ends, Took 3.74 Seconds. Best Params: [8] and Score: -791.6666666666666.
1664856746.212144 -- INFO: Iteration 36 Starts ...
1664856746.212456 -- INFO: Changing concurrency to 8 ******
1664856746.220157 -- INFO: Process Status Bits from change concurrency are: 1 1 1 1 1 1 1 1 0 0 0 0 0 0 0 0 0 0 0 0 0 0 0 0 0 0 0 0 0 0 0 0
1664856746.226503 -- INFO: Active CC: 8
1664856746.591439 -- INFO: Throughput @127.2s:931.14Mbps, rtt :41.33ms cwnd: 568.4 lossRate: 0.0 CC:8 score:-795.0 
1664856747.596882 -- INFO: Throughput @128.2s:931.14Mbps, rtt :40.97ms cwnd: 552.1 lossRate: 7.351860020585208e-05 CC:8 score:-794.0 
1664856748.597215 -- INFO: Throughput @129.2s:964.69Mbps, rtt :41.21ms cwnd: 571.2 lossRate: 0.0 CC:8 score:-823.0 
1664856749.607439 -- INFO: Throughput @130.2s:931.14Mbps, rtt :40.89ms cwnd: 574.5 lossRate: 0.0 CC:8 score:-795.0 
1664856749.741398 -- INFO: Iteration 36 Ends, Took 3.53 Seconds. Best Params: [8] and Score: -804.0.
1664856749.741579 -- INFO: Iteration 37 Starts ...
1664856749.741874 -- INFO: Changing concurrency to 32 ******
1664856749.744581 -- INFO: Start Process :: 8
1664856749.746060 -- INFO: Start Process :: 9
1664856749.746150 -- INFO: Start Process :: 10
1664856749.746239 -- INFO: Start Process :: 12
1664856749.746499 -- INFO: Start Process :: 15
1664856749.747093 -- INFO: Process Status Bits from change concurrency are: 1 1 1 1 1 1 1 1 1 1 1 1 1 1 1 1 1 1 1 1 1 1 1 1 1 1 1 1 1 1 1 1
1664856749.746635 -- INFO: Start Process :: 11
1664856749.746921 -- INFO: Start Process :: 13
1664856749.751298 -- INFO: Active CC: 32
1664856749.751576 -- INFO: Start Process :: 22
1664856749.751608 -- INFO: Start Process :: 14
1664856749.752516 -- INFO: Start Process :: 23
1664856749.747480 -- INFO: Start Process :: 16
1664856749.748271 -- INFO: Start Process :: 26
1664856749.748227 -- INFO: Start Process :: 21
1664856749.748659 -- INFO: Start Process :: 25
1664856749.748561 -- INFO: Start Process :: 18
1664856749.748809 -- INFO: Start Process :: 27
1664856749.748756 -- INFO: Start Process :: 24
1664856749.748784 -- INFO: Start Process :: 19
1664856749.749512 -- INFO: Start Process :: 29
1664856749.749640 -- INFO: Start Process :: 28
1664856749.749636 -- INFO: Start Process :: 20
1664856749.749980 -- INFO: Start Process :: 17
1664856749.750102 -- INFO: Start Process :: 31
1664856749.754985 -- INFO: Start Process :: 30
1664856749.790676 -- INFO: Process 9 get item 0 from queue and executing
1664856749.790810 -- INFO: Process 13 get item 21 from queue and executing
1664856749.791141 -- INFO: starting 9, 0, /users/jamilm/files_to_Send/FILE2
1664856749.791421 -- INFO: starting 13, 21, /users/jamilm/files_to_Send/FILE1
1664856749.791530 -- INFO: Process 10 get item 8 from queue and executing
1664856749.791858 -- INFO: Process 11 get item 25 from queue and executing
1664856749.792068 -- INFO: Process 14 get item 19 from queue and executing
1664856749.792094 -- INFO: starting 10, 8, /users/jamilm/files_to_Send/FILE2
1664856749.792149 -- INFO: Process 12 get item 7 from queue and executing
1664856749.792301 -- INFO: starting 11, 25, /users/jamilm/files_to_Send/FILE1
1664856749.793005 -- INFO: starting 12, 7, /users/jamilm/files_to_Send/FILE3
1664856749.793171 -- INFO: starting 14, 19, /users/jamilm/files_to_Send/FILE3
1664856749.793249 -- INFO: Process 15 get item 4 from queue and executing
1664856749.793882 -- INFO: starting 15, 4, /users/jamilm/files_to_Send/FILE2
1664856749.795335 -- INFO: Process 26 get item 23 from queue and executing
1664856749.795749 -- INFO: starting 26, 23, /users/jamilm/files_to_Send/FILE3
1664856749.795819 -- INFO: Process 22 get item 10 from queue and executing
1664856749.796259 -- INFO: Process 28 get item 24 from queue and executing
1664856749.796520 -- INFO: Process 23 get item 17 from queue and executing
1664856749.796685 -- INFO: Process 29 get item 22 from queue and executing
1664856749.796955 -- INFO: starting 28, 24, /users/jamilm/files_to_Send/FILE2
1664856749.797372 -- INFO: Process 8 get item 9 from queue and executing
1664856749.796741 -- INFO: Process 24 get item 14 from queue and executing
1664856749.797405 -- INFO: starting 29, 22, /users/jamilm/files_to_Send/FILE0
1664856749.797836 -- INFO: Process 16 get item 31 from queue and executing
1664856749.798041 -- INFO: Process 19 get item 27 from queue and executing
1664856749.797558 -- INFO: Process 31 get item 3 from queue and executing
1664856749.797621 -- INFO: Process 18 get item 28 from queue and executing
1664856749.798504 -- INFO: Process 17 get item 29 from queue and executing
1664856749.798755 -- INFO: starting 31, 3, /users/jamilm/files_to_Send/FILE3
1664856749.798768 -- INFO: starting 18, 28, /users/jamilm/files_to_Send/FILE2
1664856749.798769 -- INFO: starting 16, 31, /users/jamilm/files_to_Send/FILE3
1664856749.799266 -- INFO: starting 17, 29, /users/jamilm/files_to_Send/FILE1
1664856749.799700 -- INFO: starting 19, 27, /users/jamilm/files_to_Send/FILE3
1664856749.799851 -- INFO: starting 8, 9, /users/jamilm/files_to_Send/FILE1
1664856749.797739 -- INFO: starting 23, 17, /users/jamilm/files_to_Send/FILE1
1664856749.797719 -- INFO: Process 21 get item 30 from queue and executing
1664856749.800707 -- INFO: starting 24, 14, /users/jamilm/files_to_Send/FILE0
1664856749.801020 -- INFO: starting 21, 30, /users/jamilm/files_to_Send/FILE0
1664856749.802363 -- INFO: starting 22, 10, /users/jamilm/files_to_Send/FILE0
1664856750.592464 -- INFO: Throughput @131.2s:981.47Mbps, rtt :42.72ms cwnd: 207.3 lossRate: 0.0 CC:32 score:-521.0 
1664856751.592325 -- INFO: Throughput @132.2s:880.8Mbps, rtt :42.65ms cwnd: 206.5 lossRate: 2.4595405578237984e-05 CC:32 score:-467.0 
1664856752.598629 -- INFO: Throughput @133.2s:956.3Mbps, rtt :42.4ms cwnd: 201.4 lossRate: 0.0001839069185782769 CC:32 score:-506.0 
1664856753.384873 -- INFO: Iteration 37 Ends, Took 3.64 Seconds. Best Params: [8] and Score: -804.0.
1664856753.385050 -- INFO: Iteration 38 Starts ...
1664856753.385280 -- INFO: Changing concurrency to 9 ******
1664856753.385426 -- INFO: Process Status Bits from change concurrency are: 1 1 1 1 1 1 1 1 1 0 0 0 0 0 0 0 0 0 0 0 0 0 0 0 0 0 0 0 0 0 0 0
1664856753.385647 -- INFO: Active CC: 9
1664856753.388203 -- INFO: Process 25 get item 22 from queue and executing
1664856753.388637 -- INFO: Process 27 get item 22 from queue and executing
1664856753.389072 -- INFO: Process 20 get item 22 from queue and executing
1664856753.600051 -- INFO: Throughput @134.2s:964.69Mbps, rtt :42.68ms cwnd: 258.6 lossRate: 0.0 CC:9 score:-807.0 
1664856754.603249 -- INFO: Throughput @135.2s:939.52Mbps, rtt :41.24ms cwnd: 507.3 lossRate: 0 CC:9 score:-786.0 
1664856755.603085 -- INFO: Throughput @136.2s:931.14Mbps, rtt :41.13ms cwnd: 507.9 lossRate: 0.0 CC:9 score:-779.0 
1664856756.604822 -- INFO: Throughput @137.2s:947.91Mbps, rtt :41.51ms cwnd: 495.3 lossRate: 0.00015978367748279253 CC:9 score:-792.0 
1664856757.189069 -- INFO: Iteration 38 Ends, Took 3.8 Seconds. Best Params: [8] and Score: -804.0.
1664856757.189479 -- INFO: Iteration 39 Starts ...
1664856757.190226 -- INFO: Changing concurrency to 7 ******
1664856757.193292 -- INFO: Process Status Bits from change concurrency are: 1 1 1 1 1 1 1 0 0 0 0 0 0 0 0 0 0 0 0 0 0 0 0 0 0 0 0 0 0 0 0 0
1664856757.200392 -- INFO: Active CC: 7
1664856757.606155 -- INFO: Throughput @138.2s:931.14Mbps, rtt :41.64ms cwnd: 558.1 lossRate: 0 CC:7 score:-811.0 
1664856758.464882 -- INFO: Process 0 finished on working on file 11 
1664856758.465593 -- INFO: Process 0 get item 22 from queue and executing
1664856758.465864 -- INFO: starting 0, 22, /users/jamilm/files_to_Send/FILE0
1664856758.606119 -- INFO: Throughput @139.2s:936.79Mbps, rtt :41.6ms cwnd: 552.6 lossRate: 3.68903863653132e-05 CC:7 score:-815.0 
1664856759.608214 -- INFO: Throughput @140.2s:947.91Mbps, rtt :41.35ms cwnd: 546.3 lossRate: 7.376898014384951e-05 CC:7 score:-825.0 
1664856760.624189 -- INFO: Throughput @141.2s:939.52Mbps, rtt :41.42ms cwnd: 546.4 lossRate: 0.0 CC:7 score:-818.0 
1664856760.953490 -- INFO: Iteration 39 Ends, Took 3.76 Seconds. Best Params: [7] and Score: -817.0.
1664856760.953692 -- INFO: Iteration 40 Starts ...
1664856760.954019 -- INFO: Changing concurrency to 6 ******
1664856760.958419 -- INFO: Process Status Bits from change concurrency are: 1 1 1 1 1 1 0 0 0 0 0 0 0 0 0 0 0 0 0 0 0 0 0 0 0 0 0 0 0 0 0 0
1664856760.961219 -- INFO: Active CC: 6
1664856761.609987 -- INFO: Throughput @142.2s:922.75Mbps, rtt :39.91ms cwnd: 606.7 lossRate: 0 CC:6 score:-819.0 
1664856762.612067 -- INFO: Throughput @143.2s:939.52Mbps, rtt :39.95ms cwnd: 612.8 lossRate: 6.13903690788989e-05 CC:6 score:-834.0 
1664856763.613209 -- INFO: Throughput @144.2s:947.91Mbps, rtt :39.94ms cwnd: 583.7 lossRate: 0.00039318318650398713 CC:6 score:-838.0 
1664856764.633811 -- INFO: Throughput @145.2s:947.91Mbps, rtt :40.16ms cwnd: 590.5 lossRate: 0.00012110202845897669 CC:6 score:-841.0 
1664856764.677160 -- INFO: Iteration 40 Ends, Took 3.72 Seconds. Best Params: [6] and Score: -830.3333333333334.
1664856764.677324 -- INFO: Iteration 41 Starts ...
1664856764.677683 -- INFO: Changing concurrency to 6 ******
1664856764.680252 -- INFO: Process Status Bits from change concurrency are: 1 1 1 1 1 1 0 0 0 0 0 0 0 0 0 0 0 0 0 0 0 0 0 0 0 0 0 0 0 0 0 0
1664856764.683034 -- INFO: Active CC: 6
1664856765.612792 -- INFO: Throughput @146.2s:931.14Mbps, rtt :40.07ms cwnd: 610.2 lossRate: 0.0 CC:6 score:-827.0 
1664856766.616031 -- INFO: Throughput @147.2s:939.52Mbps, rtt :40.52ms cwnd: 572.5 lossRate: 0.00011058956526013123 CC:6 score:-833.0 
1664856767.619100 -- INFO: Throughput @148.2s:947.91Mbps, rtt :40.71ms cwnd: 590.0 lossRate: 0.0 CC:6 score:-842.0 
1664856768.410738 -- INFO: Iteration 41 Ends, Took 3.73 Seconds. Best Params: [6] and Score: -834.0.
1664856768.410907 -- INFO: Iteration 42 Starts ...
1664856768.411213 -- INFO: Changing concurrency to 6 ******
1664856768.414749 -- INFO: Process Status Bits from change concurrency are: 1 1 1 1 1 1 0 0 0 0 0 0 0 0 0 0 0 0 0 0 0 0 0 0 0 0 0 0 0 0 0 0
1664856768.417684 -- INFO: Active CC: 6
1664856768.618672 -- INFO: Throughput @149.2s:939.52Mbps, rtt :40.74ms cwnd: 586.8 lossRate: 4.917448336058419e-05 CC:6 score:-834.0 
1664856769.619884 -- INFO: Throughput @150.2s:947.91Mbps, rtt :40.22ms cwnd: 596.3 lossRate: 0.00012304057878288258 CC:6 score:-841.0 
1664856770.620895 -- INFO: Throughput @151.2s:939.52Mbps, rtt :39.9ms cwnd: 549.0 lossRate: 0.0001478743068391867 CC:6 score:-833.0 
1664856771.620979 -- INFO: Throughput @152.2s:931.14Mbps, rtt :40.55ms cwnd: 564.2 lossRate: 0.0 CC:6 score:-827.0 
1664856772.164779 -- INFO: Iteration 42 Ends, Took 3.75 Seconds. Best Params: [6] and Score: -836.0.
1664856772.165000 -- INFO: Iteration 43 Starts ...
1664856772.165406 -- INFO: Changing concurrency to 6 ******
1664856772.167176 -- INFO: Process Status Bits from change concurrency are: 1 1 1 1 1 1 0 0 0 0 0 0 0 0 0 0 0 0 0 0 0 0 0 0 0 0 0 0 0 0 0 0
1664856772.170654 -- INFO: Active CC: 6
1664856772.621366 -- INFO: Throughput @153.2s:947.91Mbps, rtt :40.77ms cwnd: 576.0 lossRate: 0.0 CC:6 score:-842.0 
1664856773.619846 -- INFO: Throughput @154.2s:956.3Mbps, rtt :41.03ms cwnd: 594.3 lossRate: 0.0 CC:6 score:-849.0 
1664856774.624401 -- INFO: Throughput @155.2s:922.75Mbps, rtt :40.89ms cwnd: 606.0 lossRate: 1.2283654141433994e-05 CC:6 score:-819.0 
1664856775.623644 -- INFO: Throughput @156.2s:964.69Mbps, rtt :41.3ms cwnd: 625.0 lossRate: 0.0 CC:6 score:-857.0 
1664856775.855505 -- INFO: Iteration 43 Ends, Took 3.69 Seconds. Best Params: [6] and Score: -836.6666666666666.
1664856775.855795 -- INFO: Iteration 44 Starts ...
1664856775.856220 -- INFO: Changing concurrency to 6 ******
1664856775.861752 -- INFO: Process Status Bits from change concurrency are: 1 1 1 1 1 1 0 0 0 0 0 0 0 0 0 0 0 0 0 0 0 0 0 0 0 0 0 0 0 0 0 0
1664856775.864258 -- INFO: Active CC: 6
1664856776.625487 -- INFO: Throughput @157.2s:931.14Mbps, rtt :41.7ms cwnd: 636.7 lossRate: 0.0 CC:6 score:-827.0 
1664856777.627070 -- INFO: Throughput @158.2s:964.69Mbps, rtt :41.13ms cwnd: 631.8 lossRate: 0.00023391236903985127 CC:6 score:-854.0 
1664856778.628279 -- INFO: Throughput @159.2s:931.14Mbps, rtt :41.33ms cwnd: 641.7 lossRate: 0.0 CC:6 score:-827.0 
1664856778.657021 -- INFO: Process 1 finished on working on file 26 
1664856778.658300 -- INFO: Process 1 get item 3 from queue and executing
1664856778.658679 -- INFO: starting 1, 3, /users/jamilm/files_to_Send/FILE3
1664856779.308000 -- INFO: Process 0 finished on working on file 22 
1664856779.308967 -- INFO: Process 0 get item 14 from queue and executing
1664856779.309332 -- INFO: starting 0, 14, /users/jamilm/files_to_Send/FILE0
1664856779.550299 -- INFO: Iteration 44 Ends, Took 3.69 Seconds. Best Params: [6] and Score: -836.6666666666666.
1664856779.550583 -- INFO: Iteration 45 Starts ...
1664856779.550986 -- INFO: Changing concurrency to 6 ******
1664856779.559158 -- INFO: Process Status Bits from change concurrency are: 1 1 1 1 1 1 0 0 0 0 0 0 0 0 0 0 0 0 0 0 0 0 0 0 0 0 0 0 0 0 0 0
1664856779.564931 -- INFO: Active CC: 6
1664856779.631658 -- INFO: Throughput @160.2s:950.84Mbps, rtt :41.41ms cwnd: 644.3 lossRate: 0.0 CC:6 score:-844.0 
1664856780.627764 -- INFO: Throughput @161.2s:931.14Mbps, rtt :41.35ms cwnd: 644.3 lossRate: 0.0 CC:6 score:-827.0 
1664856780.847691 -- INFO: Process 5 finished on working on file 2 
1664856780.848545 -- INFO: Process 5 get item 19 from queue and executing
1664856780.849142 -- INFO: starting 5, 19, /users/jamilm/files_to_Send/FILE3
1664856781.630745 -- INFO: Throughput @162.2s:945.18Mbps, rtt :41.25ms cwnd: 638.0 lossRate: 3.690173069116941e-05 CC:6 score:-839.0 
1664856782.629618 -- INFO: Throughput @163.2s:947.91Mbps, rtt :41.42ms cwnd: 638.0 lossRate: 0.0 CC:6 score:-842.0 
1664856783.139756 -- INFO: Iteration 45 Ends, Took 3.59 Seconds. Best Params: [6] and Score: -836.6666666666666.
1664856783.140046 -- INFO: Iteration 46 Starts ...
1664856783.140457 -- INFO: Changing concurrency to 6 ******
1664856783.146277 -- INFO: Process Status Bits from change concurrency are: 1 1 1 1 1 1 0 0 0 0 0 0 0 0 0 0 0 0 0 0 0 0 0 0 0 0 0 0 0 0 0 0
1664856783.151089 -- INFO: Active CC: 6
1664856783.631771 -- INFO: Throughput @164.2s:931.14Mbps, rtt :41.4ms cwnd: 635.8 lossRate: 0.00011040777270719859 CC:6 score:-826.0 
1664856784.631686 -- INFO: Throughput @165.2s:939.52Mbps, rtt :41.6ms cwnd: 637.2 lossRate: 0.0 CC:6 score:-834.0 
1664856785.635899 -- INFO: Throughput @166.2s:956.3Mbps, rtt :41.38ms cwnd: 627.0 lossRate: 7.353752252086627e-05 CC:6 score:-848.0 
1664856786.640882 -- INFO: Throughput @167.2s:931.14Mbps, rtt :41.3ms cwnd: 627.8 lossRate: 0.0 CC:6 score:-827.0 
1664856786.787915 -- INFO: Iteration 46 Ends, Took 3.65 Seconds. Best Params: [6] and Score: -836.6666666666666.
1664856786.788101 -- INFO: Iteration 47 Starts ...
1664856786.788471 -- INFO: Changing concurrency to 6 ******
1664856786.793319 -- INFO: Process Status Bits from change concurrency are: 1 1 1 1 1 1 0 0 0 0 0 0 0 0 0 0 0 0 0 0 0 0 0 0 0 0 0 0 0 0 0 0
1664856786.798010 -- INFO: Active CC: 6
1664856787.635956 -- INFO: Throughput @168.2s:939.52Mbps, rtt :41.42ms cwnd: 629.7 lossRate: 0.0 CC:6 score:-834.0 
1664856788.637100 -- INFO: Throughput @169.2s:956.3Mbps, rtt :41.51ms cwnd: 633.0 lossRate: 0.0 CC:6 score:-849.0 
1664856789.636404 -- INFO: Throughput @170.2s:931.14Mbps, rtt :41.6ms cwnd: 621.2 lossRate: 0.00033144288134344846 CC:6 score:-824.0 
1664856790.522451 -- INFO: Iteration 47 Ends, Took 3.73 Seconds. Best Params: [6] and Score: -836.6666666666666.
1664856790.522641 -- INFO: Iteration 48 Starts ...
1664856790.522947 -- INFO: Changing concurrency to 6 ******
1664856790.527987 -- INFO: Process Status Bits from change concurrency are: 1 1 1 1 1 1 0 0 0 0 0 0 0 0 0 0 0 0 0 0 0 0 0 0 0 0 0 0 0 0 0 0
1664856790.533544 -- INFO: Active CC: 6
1664856790.643723 -- INFO: Throughput @171.2s:956.3Mbps, rtt :40.76ms cwnd: 619.5 lossRate: 0.00035491371925100966 CC:6 score:-846.0 
1664856791.638352 -- INFO: Throughput @172.2s:922.75Mbps, rtt :40.74ms cwnd: 608.3 lossRate: 0.0002591728683031582 CC:6 score:-817.0 
1664856792.643575 -- INFO: Throughput @173.2s:947.91Mbps, rtt :40.69ms cwnd: 621.8 lossRate: 2.45368666421298e-05 CC:6 score:-841.0 
1664856793.643015 -- INFO: Throughput @174.2s:956.3Mbps, rtt :41.17ms cwnd: 634.3 lossRate: 0.0 CC:6 score:-849.0 
1664856794.243762 -- INFO: Iteration 48 Ends, Took 3.72 Seconds. Best Params: [6] and Score: -836.6666666666666.
1664856794.243931 -- INFO: Iteration 49 Starts ...
1664856794.244217 -- INFO: Changing concurrency to 6 ******
1664856794.253421 -- INFO: Process Status Bits from change concurrency are: 1 1 1 1 1 1 0 0 0 0 0 0 0 0 0 0 0 0 0 0 0 0 0 0 0 0 0 0 0 0 0 0
1664856794.258329 -- INFO: Active CC: 6
1664856794.638524 -- INFO: Throughput @175.2s:922.75Mbps, rtt :41.08ms cwnd: 641.5 lossRate: 0.0 CC:6 score:-819.0 
1664856795.645180 -- INFO: Throughput @176.2s:956.3Mbps, rtt :40.38ms cwnd: 568.8 lossRate: 0.00045375389369895267 CC:6 score:-845.0 
1664856796.647253 -- INFO: Throughput @177.2s:939.52Mbps, rtt :40.36ms cwnd: 581.5 lossRate: 0.0 CC:6 score:-834.0 
1664856797.656694 -- INFO: Throughput @178.2s:931.14Mbps, rtt :40.51ms cwnd: 590.8 lossRate: 0.0 CC:6 score:-827.0 
1664856797.938278 -- INFO: Iteration 49 Ends, Took 3.69 Seconds. Best Params: [6] and Score: -836.6666666666666.
1664856797.938460 -- INFO: Iteration 50 Starts ...
1664856797.938753 -- INFO: Changing concurrency to 6 ******
1664856797.943525 -- INFO: Process Status Bits from change concurrency are: 1 1 1 1 1 1 0 0 0 0 0 0 0 0 0 0 0 0 0 0 0 0 0 0 0 0 0 0 0 0 0 0
1664856797.948826 -- INFO: Active CC: 6
1664856798.646427 -- INFO: Throughput @179.2s:956.3Mbps, rtt :40.5ms cwnd: 594.2 lossRate: 2.4837932490499493e-05 CC:6 score:-849.0 
1664856799.648053 -- INFO: Throughput @180.2s:947.91Mbps, rtt :40.63ms cwnd: 591.0 lossRate: 3.690536234914933e-05 CC:6 score:-841.0 
1664856800.648827 -- INFO: Throughput @181.2s:931.14Mbps, rtt :40.81ms cwnd: 599.2 lossRate: 0.0 CC:6 score:-827.0 
1664856801.486845 -- INFO: Iteration 50 Ends, Took 3.55 Seconds. Best Params: [6] and Score: -839.0.
1664856801.487162 -- INFO: Iteration 51 Starts ...
1664856801.487500 -- INFO: Changing concurrency to 23 ******
1664856801.489193 -- INFO: Start Process :: 8
1664856801.489831 -- INFO: Start Process :: 7
1664856801.490643 -- INFO: Start Process :: 10
1664856801.490577 -- INFO: Start Process :: 6
1664856801.491145 -- INFO: Start Process :: 13
1664856801.491405 -- INFO: Process Status Bits from change concurrency are: 1 1 1 1 1 1 1 1 1 1 1 1 1 1 1 1 1 1 1 1 1 1 1 0 0 0 0 0 0 0 0 0
1664856801.491379 -- INFO: Start Process :: 14
1664856801.491520 -- INFO: Start Process :: 12
1664856801.491903 -- INFO: Start Process :: 9
1664856801.491961 -- INFO: Start Process :: 21
1664856801.492308 -- INFO: Start Process :: 15
1664856801.492788 -- INFO: Start Process :: 18
1664856801.493284 -- INFO: Start Process :: 11
1664856801.493411 -- INFO: Start Process :: 19
1664856801.493784 -- INFO: Active CC: 23
1664856801.493408 -- INFO: Start Process :: 16
1664856801.493690 -- INFO: Start Process :: 20
1664856801.494608 -- INFO: Start Process :: 17
1664856801.494682 -- INFO: Start Process :: 22
1664856801.528922 -- INFO: Process 8 get item 27 from queue and executing
1664856801.529526 -- INFO: starting 8, 27, /users/jamilm/files_to_Send/FILE3
1664856801.530586 -- INFO: Process 10 get item 29 from queue and executing
1664856801.530978 -- INFO: Process 6 get item 8 from queue and executing
1664856801.531558 -- INFO: Process 12 get item 7 from queue and executing
1664856801.531581 -- INFO: starting 10, 29, /users/jamilm/files_to_Send/FILE1
1664856801.531698 -- INFO: starting 6, 8, /users/jamilm/files_to_Send/FILE2
1664856801.531931 -- INFO: Process 7 get item 28 from queue and executing
1664856801.531978 -- INFO: starting 12, 7, /users/jamilm/files_to_Send/FILE3
1664856801.532295 -- INFO: starting 7, 28, /users/jamilm/files_to_Send/FILE2
1664856801.533009 -- INFO: Process 13 get item 17 from queue and executing
1664856801.533012 -- INFO: Process 21 get item 23 from queue and executing
1664856801.533123 -- INFO: Process 18 get item 4 from queue and executing
1664856801.533215 -- INFO: Process 14 get item 21 from queue and executing
1664856801.533478 -- INFO: Process 9 get item 31 from queue and executing
1664856801.533773 -- INFO: starting 18, 4, /users/jamilm/files_to_Send/FILE2
1664856801.533808 -- INFO: starting 14, 21, /users/jamilm/files_to_Send/FILE1
1664856801.534117 -- INFO: starting 13, 17, /users/jamilm/files_to_Send/FILE1
1664856801.534145 -- INFO: starting 9, 31, /users/jamilm/files_to_Send/FILE3
1664856801.534655 -- INFO: starting 21, 23, /users/jamilm/files_to_Send/FILE3
1664856801.534785 -- INFO: Process 16 get item 24 from queue and executing
1664856801.534875 -- INFO: Process 19 get item 0 from queue and executing
1664856801.535029 -- INFO: Process 11 get item 25 from queue and executing
1664856801.535070 -- INFO: Process 15 get item 30 from queue and executing
1664856801.535211 -- INFO: starting 19, 0, /users/jamilm/files_to_Send/FILE2
1664856801.535321 -- INFO: Process 20 get item 10 from queue and executing
1664856801.535458 -- INFO: starting 16, 24, /users/jamilm/files_to_Send/FILE2
1664856801.535527 -- INFO: starting 15, 30, /users/jamilm/files_to_Send/FILE0
1664856801.535895 -- INFO: starting 20, 10, /users/jamilm/files_to_Send/FILE0
1664856801.535468 -- INFO: starting 11, 25, /users/jamilm/files_to_Send/FILE1
1664856801.536299 -- INFO: Process 22 get item 13 from queue and executing
1664856801.536501 -- INFO: Process 17 get item 9 from queue and executing
1664856801.537074 -- INFO: starting 17, 9, /users/jamilm/files_to_Send/FILE1
1664856801.537538 -- INFO: starting 22, 13, /users/jamilm/files_to_Send/FILE1
1664856801.645628 -- INFO: Throughput @182.2s:931.14Mbps, rtt :40.35ms cwnd: 175.4 lossRate: 0.00017284590787313111 CC:23 score:-589.0 
1664856802.164385 -- INFO: Process 2 finished on working on file 12 
1664856802.166736 -- INFO: Process 2 get item 15 from queue and executing
1664856802.167488 -- INFO: starting 2, 15, /users/jamilm/files_to_Send/FILE3
1664856802.647460 -- INFO: Throughput @183.2s:1087.79Mbps, rtt :43.82ms cwnd: 332.8 lossRate: 9.810052851659739e-05 CC:23 score:-689.0 
1664856803.648401 -- INFO: Throughput @184.2s:931.14Mbps, rtt :43.6ms cwnd: 313.3 lossRate: 0.00025820730357801547 CC:23 score:-588.0 
1664856804.649325 -- INFO: Throughput @185.2s:931.14Mbps, rtt :43.25ms cwnd: 299.3 lossRate: 0.00018425254882692543 CC:23 score:-589.0 
1664856805.178686 -- INFO: Iteration 51 Ends, Took 3.69 Seconds. Best Params: [6] and Score: -839.0.
1664856805.178856 -- INFO: Iteration 52 Starts ...
1664856805.179175 -- INFO: Changing concurrency to 6 ******
1664856805.179811 -- INFO: Process Status Bits from change concurrency are: 1 1 1 1 1 1 0 0 0 0 0 0 0 0 0 0 0 0 0 0 0 0 0 0 0 0 0 0 0 0 0 0
1664856805.180657 -- INFO: Active CC: 6
1664856805.650902 -- INFO: Throughput @186.2s:847.25Mbps, rtt :41.52ms cwnd: 349.0 lossRate: 0 CC:6 score:-752.0 
1664856806.655525 -- INFO: Throughput @187.2s:855.64Mbps, rtt :39.49ms cwnd: 517.7 lossRate: 0.00028924026224450445 CC:6 score:-757.0 
1664856807.501786 -- INFO: Process 0 finished on working on file 14 
1664856807.504236 -- INFO: Process 0 get item 27 from queue and executing
1664856807.504874 -- INFO: starting 0, 27, /users/jamilm/files_to_Send/FILE3
1664856807.655602 -- INFO: Throughput @188.2s:894.85Mbps, rtt :39.26ms cwnd: 516.8 lossRate: 0.00022414429618690997 CC:6 score:-793.0 
1664856808.673466 -- INFO: Throughput @189.2s:931.14Mbps, rtt :39.69ms cwnd: 564.5 lossRate: 0.0 CC:6 score:-827.0 
1664856808.944435 -- INFO: Iteration 52 Ends, Took 3.77 Seconds. Best Params: [6] and Score: -839.0.
1664856808.944599 -- INFO: Iteration 53 Starts ...
1664856808.944851 -- INFO: Changing concurrency to 5 ******
1664856808.948562 -- INFO: Process Status Bits from change concurrency are: 1 1 1 1 1 0 0 0 0 0 0 0 0 0 0 0 0 0 0 0 0 0 0 0 0 0 0 0 0 0 0 0
1664856808.952539 -- INFO: Active CC: 5
1664856809.657616 -- INFO: Throughput @190.2s:729.81Mbps, rtt :38.96ms cwnd: 451.4 lossRate: 0 CC:5 score:-661.0 
1664856810.663462 -- INFO: Throughput @191.2s:704.64Mbps, rtt :38.81ms cwnd: 487.4 lossRate: 0.0 CC:5 score:-638.0 
1664856811.660894 -- INFO: Throughput @192.2s:729.81Mbps, rtt :39.11ms cwnd: 527.6 lossRate: 0.0 CC:5 score:-661.0 
1664856812.005929 -- INFO: Process 1 finished on working on file 3 
1664856812.006831 -- INFO: Process 1 get item 24 from queue and executing
1664856812.007418 -- INFO: starting 1, 24, /users/jamilm/files_to_Send/FILE2
1664856812.674102 -- INFO: Iteration 53 Ends, Took 3.73 Seconds. Best Params: [6] and Score: -839.0.
1664856812.674596 -- INFO: Iteration 54 Starts ...
1664856812.674730 -- INFO: Throughput @193.2s:810.96Mbps, rtt :38.99ms cwnd: 573.0 lossRate: 0.0 CC:5 score:-735.0 
1664856812.675284 -- INFO: Changing concurrency to 18 ******
1664856812.678044 -- INFO: Start Process :: 5
1664856812.678758 -- INFO: Start Process :: 6
1664856812.679096 -- INFO: Start Process :: 10
1664856812.679587 -- INFO: Start Process :: 7
1664856812.679763 -- INFO: Start Process :: 12
1664856812.680676 -- INFO: Process Status Bits from change concurrency are: 1 1 1 1 1 1 1 1 1 1 1 1 1 1 1 1 1 1 0 0 0 0 0 0 0 0 0 0 0 0 0 0
1664856812.680645 -- INFO: Start Process :: 14
1664856812.680929 -- INFO: Start Process :: 16
1664856812.681379 -- INFO: Start Process :: 15
1664856812.681354 -- INFO: Start Process :: 17
1664856812.681198 -- INFO: Start Process :: 11
1664856812.680052 -- INFO: Start Process :: 13
1664856812.682081 -- INFO: Start Process :: 8
1664856812.683244 -- INFO: Start Process :: 9
1664856812.685010 -- INFO: Active CC: 18
1664856812.717645 -- INFO: Process 5 get item 29 from queue and executing
1664856812.718184 -- INFO: starting 5, 29, /users/jamilm/files_to_Send/FILE1
1664856812.719064 -- INFO: Process 6 get item 25 from queue and executing
1664856812.719123 -- INFO: Process 10 get item 7 from queue and executing
1664856812.719324 -- INFO: starting 10, 7, /users/jamilm/files_to_Send/FILE3
1664856812.719401 -- INFO: starting 6, 25, /users/jamilm/files_to_Send/FILE1
1664856812.721315 -- INFO: Process 7 get item 4 from queue and executing
1664856812.721431 -- INFO: Process 12 get item 0 from queue and executing
1664856812.721587 -- INFO: Process 14 get item 23 from queue and executing
1664856812.721650 -- INFO: Process 16 get item 13 from queue and executing
1664856812.721676 -- INFO: starting 7, 4, /users/jamilm/files_to_Send/FILE2
1664856812.721911 -- INFO: starting 12, 0, /users/jamilm/files_to_Send/FILE2
1664856812.722052 -- INFO: starting 16, 13, /users/jamilm/files_to_Send/FILE1
1664856812.722070 -- INFO: starting 14, 23, /users/jamilm/files_to_Send/FILE3
1664856812.722258 -- INFO: Process 15 get item 10 from queue and executing
1664856812.722337 -- INFO: Process 11 get item 8 from queue and executing
1664856812.722437 -- INFO: Process 13 get item 21 from queue and executing
1664856812.722558 -- INFO: starting 15, 10, /users/jamilm/files_to_Send/FILE0
1664856812.722593 -- INFO: Process 17 get item 17 from queue and executing
1664856812.722781 -- INFO: starting 11, 8, /users/jamilm/files_to_Send/FILE2
1664856812.722913 -- INFO: starting 13, 21, /users/jamilm/files_to_Send/FILE1
1664856812.722920 -- INFO: starting 17, 17, /users/jamilm/files_to_Send/FILE1
1664856812.723060 -- INFO: Process 8 get item 28 from queue and executing
1664856812.723301 -- INFO: Process 9 get item 31 from queue and executing
1664856812.723415 -- INFO: starting 8, 28, /users/jamilm/files_to_Send/FILE2
1664856812.723537 -- INFO: starting 9, 31, /users/jamilm/files_to_Send/FILE3
1664856813.658254 -- INFO: Throughput @194.2s:1107.3Mbps, rtt :44.38ms cwnd: 455.1 lossRate: 5.027904872039821e-05 CC:18 score:-775.0 
1664856814.661167 -- INFO: Throughput @195.2s:931.14Mbps, rtt :44.23ms cwnd: 448.6 lossRate: 0.00012289994715302272 CC:18 score:-651.0 
1664856815.661264 -- INFO: Throughput @196.2s:939.52Mbps, rtt :43.47ms cwnd: 418.6 lossRate: 0.00014763597888805502 CC:18 score:-656.0 
1664856816.415670 -- INFO: Iteration 54 Ends, Took 3.74 Seconds. Best Params: [6] and Score: -839.0.
1664856816.416179 -- INFO: Iteration 55 Starts ...
1664856816.416819 -- INFO: Changing concurrency to 27 ******
1664856816.419224 -- INFO: Start Process :: 19
1664856816.419385 -- INFO: Process Status Bits from change concurrency are: 1 1 1 1 1 1 1 1 1 1 1 1 1 1 1 1 1 1 1 1 1 1 1 1 1 1 1 0 0 0 0 0
1664856816.420036 -- INFO: Start Process :: 20
1664856816.420098 -- INFO: Start Process :: 22
1664856816.419818 -- INFO: Start Process :: 23
1664856816.421088 -- INFO: Start Process :: 18
1664856816.421879 -- INFO: Start Process :: 24
1664856816.420418 -- INFO: Start Process :: 25
1664856816.420739 -- INFO: Active CC: 27
1664856816.420539 -- INFO: Start Process :: 26
1664856816.420799 -- INFO: Start Process :: 21
1664856816.462541 -- INFO: Process 20 get item 30 from queue and executing
1664856816.462826 -- INFO: starting 20, 30, /users/jamilm/files_to_Send/FILE0
1664856816.463165 -- INFO: Process 19 get item 9 from queue and executing
1664856816.463360 -- INFO: starting 19, 9, /users/jamilm/files_to_Send/FILE1
1664856816.463739 -- INFO: Process 18 get item 19 from queue and executing
1664856816.464098 -- INFO: starting 18, 19, /users/jamilm/files_to_Send/FILE3
1664856816.659209 -- INFO: Throughput @197.2s:947.91Mbps, rtt :43.6ms cwnd: 356.3 lossRate: 0.00028315359235731524 CC:27 score:-553.0 
1664856817.661911 -- INFO: Throughput @198.2s:981.47Mbps, rtt :44.18ms cwnd: 395.8 lossRate: 0.00019633829087517792 CC:27 score:-573.0 
1664856818.081613 -- INFO: Process 18 finished on working on file 19 
1664856818.657765 -- INFO: Throughput @199.2s:945.18Mbps, rtt :43.96ms cwnd: 388.8 lossRate: 2.6981086258532768e-05 CC:27 score:-553.0 
1664856819.648570 -- INFO: episode expires
1664856819.648676 -- INFO: Process 26 shutdown itself from outest loop
1664856819.648687 -- INFO: Process 18 shutdown itself from outest loop
1664856819.648846 -- INFO: Process Status Bits are: 1 1 1 1 1 1 1 1 1 1 1 1 1 1 1 1 1 1 0 1 1 1 1 1 1 1 0 0 0 0 0 0
1664856819.648903 -- INFO: Process Status Bits are: 1 1 1 1 1 1 1 1 1 1 1 1 1 1 1 1 1 1 0 1 1 1 1 0 1 1 0 0 0 0 0 0
1664856819.648745 -- INFO: Process 31 shutdown itself from outest loop
1664856819.648732 -- INFO: Process 30 shutdown itself from outest loop
1664856819.648792 -- INFO: Process 29 shutdown itself from outest loop
1664856819.648775 -- INFO: Process 27 shutdown itself from outest loop
1664856819.648988 -- INFO: Process 21 shutdown itself from outest loop
1664856819.649072 -- INFO: Process 24 shutdown itself from outest loop
1664856819.649128 -- INFO: Process Status Bits are: 1 1 1 1 1 1 1 1 1 1 1 1 1 1 1 1 1 1 0 1 1 0 1 0 0 1 0 0 0 0 0 0
1664856819.649149 -- INFO: Process Status Bits are: 1 1 1 1 1 1 1 1 1 1 1 1 1 1 1 1 1 1 0 1 1 0 1 0 0 1 0 0 0 0 0 0
1664856819.649182 -- INFO: Process Status Bits are: 1 1 1 1 1 1 1 1 1 1 1 1 1 1 1 1 1 1 0 1 1 0 0 0 0 1 0 0 0 0 0 0
1664856819.649246 -- INFO: Process Status Bits are: 1 1 1 1 1 1 1 1 1 1 1 1 1 1 1 1 1 1 0 1 1 0 0 0 0 1 0 0 0 0 0 0
1664856819.649285 -- INFO: Process Status Bits are: 1 1 1 1 1 1 1 1 1 1 1 1 1 1 1 1 1 1 0 1 1 0 0 0 0 1 0 0 0 0 0 0
1664856819.649220 -- INFO: Process 22 shutdown itself from outest loop
1664856819.649345 -- INFO: Process Status Bits are: 1 1 1 1 1 1 1 1 1 1 1 1 1 1 1 1 1 1 0 1 1 0 0 0 0 1 0 0 0 0 0 0
1664856819.649342 -- INFO: Process 25 shutdown itself from outest loop
1664856819.648988 -- INFO: Process 28 shutdown itself from outest loop
1664856819.649178 -- INFO: Process 23 shutdown itself from outest loop
1664856819.649584 -- INFO: Process Status Bits are: 1 1 1 1 1 1 1 1 1 1 1 1 1 1 1 1 1 1 0 1 1 0 0 0 0 0 0 0 0 0 0 0
1664856819.649652 -- INFO: Process Status Bits are: 1 1 1 1 1 1 1 1 1 1 1 1 1 1 1 1 1 1 0 1 1 0 0 0 0 0 0 0 0 0 0 0
1664856819.649949 -- INFO: Process Status Bits are: 1 1 1 1 1 1 1 1 1 1 1 1 1 1 1 1 1 1 0 1 1 0 0 0 0 0 0 0 0 0 0 0
1664856819.649950 -- INFO: Process Status Bits are: 1 1 1 1 1 1 1 1 1 1 1 1 1 1 1 1 1 1 0 1 1 0 0 0 0 0 0 0 0 0 0 0
1664856820.025491 -- INFO: Iteration 55 Ends, Took 3.61 Seconds. Best Params: [6] and Score: -839.0.
1664856820.025762 -- INFO: Iteration 56 Starts ...
1664856820.026120 -- INFO: episode expires
1664856820.525158 -- INFO: Iteration 56 Ends, Took 0.5 Seconds. Best Params: [6] and Score: -839.0.
1664856820.525319 -- INFO: Bayseian Optimizer Exits ...
