1664843087.394917 -- INFO: Changing concurrency to 1 ******
1664843087.397972 -- INFO: Start Process :: 0
1664843087.404819 -- INFO: Process Status Bits from change concurrency are: 1 0 0 0 0 0 0 0 0 0 0 0 0 0 0 0 0 0 0 0 0 0 0 0 0 0 0 0 0 0 0 0
1664843087.411563 -- INFO: Active CC: 1
1664843087.438185 -- INFO: Process 0 get item 0 from queue and executing
1664843087.438636 -- INFO: starting 0, 0, /users/jamilm/files_to_Send/FILE2
1664843087.466810 -- INFO: Throughput @0.1s:8.34Mbps, rtt :38.55ms cwnd: 10.0 lossRate: 0.0 CC:1 score:-8.0 
1664843088.462750 -- INFO: Throughput @1.1s:6.15Mbps, rtt :39.3ms cwnd: 21.0 lossRate: 0.004149377593360996 CC:1 score:-6.0 
1664843089.462809 -- INFO: Throughput @2.1s:6.3Mbps, rtt :38.6ms cwnd: 25.0 lossRate: 0.0034965034965034965 CC:1 score:-6.0 
1664843090.459731 -- INFO: Throughput @3.1s:9.9Mbps, rtt :39.37ms cwnd: 38.0 lossRate: 0.0 CC:1 score:-10.0 
1664843090.615378 -- INFO: Changing concurrency to 2 ******
1664843090.618335 -- INFO: Start Process :: 1
1664843090.621948 -- INFO: Process Status Bits from change concurrency are: 1 1 0 0 0 0 0 0 0 0 0 0 0 0 0 0 0 0 0 0 0 0 0 0 0 0 0 0 0 0 0 0
1664843090.628044 -- INFO: Active CC: 2
1664843090.658491 -- INFO: Process 1 get item 1 from queue and executing
1664843090.659525 -- INFO: starting 1, 1, /users/jamilm/files_to_Send/FILE1
1664843091.460785 -- INFO: Throughput @4.1s:15.08Mbps, rtt :39.53ms cwnd: 25.0 lossRate: 0.003430531732418525 CC:2 score:-14.0 
1664843092.461590 -- INFO: Throughput @5.1s:19.29Mbps, rtt :40.11ms cwnd: 32.5 lossRate: 0.006365372374283896 CC:2 score:-17.0 
1664843093.465259 -- INFO: Throughput @6.1s:17.72Mbps, rtt :39.33ms cwnd: 31.0 lossRate: 0.004195804195804196 CC:2 score:-16.0 
1664843093.829230 -- INFO: Gradient_Fast: -8.333333333333332, Gredient_Fast Change: 1.1363636363636362, Theta: 1, Previous CC: 2, Choosen CC: 5
1664843093.829337 -- INFO: Changing concurrency to 5 ******
1664843093.833292 -- INFO: Start Process :: 4
1664843093.833189 -- INFO: Start Process :: 2
1664843093.833493 -- INFO: Start Process :: 3
1664843093.835170 -- INFO: Process Status Bits from change concurrency are: 1 1 1 1 1 0 0 0 0 0 0 0 0 0 0 0 0 0 0 0 0 0 0 0 0 0 0 0 0 0 0 0
1664843093.841868 -- INFO: Active CC: 5
1664843093.873207 -- INFO: Process 4 get item 2 from queue and executing
1664843093.873601 -- INFO: starting 4, 2, /users/jamilm/files_to_Send/FILE0
1664843093.873889 -- INFO: Process 2 get item 3 from queue and executing
1664843093.873996 -- INFO: Process 3 get item 4 from queue and executing
1664843093.874295 -- INFO: starting 2, 3, /users/jamilm/files_to_Send/FILE3
1664843093.874372 -- INFO: starting 3, 4, /users/jamilm/files_to_Send/FILE2
1664843094.467378 -- INFO: Throughput @7.1s:28.84Mbps, rtt :39.35ms cwnd: 22.6 lossRate: 0.002459016393442623 CC:5 score:-25.0 
1664843095.464486 -- INFO: Throughput @8.1s:39.66Mbps, rtt :39.38ms cwnd: 28.6 lossRate: 0.003381494005533354 CC:5 score:-35.0 
1664843096.469624 -- INFO: Throughput @9.1s:40.36Mbps, rtt :39.68ms cwnd: 24.0 lossRate: 0.004939796233405372 CC:5 score:-35.0 
1664843097.043051 -- INFO: Gradient_Fast: -5.333333333333333, Gredient_Fast Change: 0.3404255319148936, Theta: 2, Previous CC: 5, Choosen CC: 9
1664843097.043173 -- INFO: Changing concurrency to 9 ******
1664843097.048079 -- INFO: Process Status Bits from change concurrency are: 1 1 1 1 1 1 1 1 1 0 0 0 0 0 0 0 0 0 0 0 0 0 0 0 0 0 0 0 0 0 0 0
1664843097.047826 -- INFO: Start Process :: 5
1664843097.048098 -- INFO: Start Process :: 7
1664843097.048459 -- INFO: Start Process :: 8
1664843097.049911 -- INFO: Start Process :: 6
1664843097.051857 -- INFO: Active CC: 9
1664843097.087756 -- INFO: Process 5 get item 5 from queue and executing
1664843097.088034 -- INFO: Process 7 get item 6 from queue and executing
1664843097.088351 -- INFO: starting 5, 5, /users/jamilm/files_to_Send/FILE1
1664843097.088419 -- INFO: starting 7, 6, /users/jamilm/files_to_Send/FILE0
1664843097.088559 -- INFO: Process 8 get item 7 from queue and executing
1664843097.089189 -- INFO: starting 8, 7, /users/jamilm/files_to_Send/FILE3
1664843097.090261 -- INFO: Process 6 get item 8 from queue and executing
1664843097.091071 -- INFO: starting 6, 8, /users/jamilm/files_to_Send/FILE2
1664843097.470567 -- INFO: Throughput @10.1s:48.67Mbps, rtt :39.44ms cwnd: 25.6 lossRate: 0.000725689404934688 CC:9 score:-40.0 
1664843098.469811 -- INFO: Throughput @11.1s:76.27Mbps, rtt :39.12ms cwnd: 32.8 lossRate: 0.003232062055591467 CC:9 score:-61.0 
1664843099.468252 -- INFO: Throughput @12.1s:118.35Mbps, rtt :38.93ms cwnd: 41.0 lossRate: 0.0023241073315022186 CC:9 score:-96.0 
1664843100.252970 -- INFO: Gradient_Fast: -8.5, Gredient_Fast Change: 0.26842105263157895, Theta: 3, Previous CC: 9, Choosen CC: 18
1664843100.253099 -- INFO: Changing concurrency to 18 ******
1664843100.256069 -- INFO: Process Status Bits from change concurrency are: 1 1 1 1 1 1 1 1 1 1 1 1 1 1 1 1 1 1 0 0 0 0 0 0 0 0 0 0 0 0 0 0
1664843100.257981 -- INFO: Start Process :: 9
1664843100.258637 -- INFO: Active CC: 18
1664843100.261018 -- INFO: Start Process :: 17
1664843100.261141 -- INFO: Start Process :: 13
1664843100.261297 -- INFO: Start Process :: 12
1664843100.261934 -- INFO: Start Process :: 10
1664843100.263156 -- INFO: Start Process :: 15
1664843100.263651 -- INFO: Start Process :: 16
1664843100.264012 -- INFO: Start Process :: 11
1664843100.265149 -- INFO: Start Process :: 14
1664843100.298011 -- INFO: Process 9 get item 9 from queue and executing
1664843100.298432 -- INFO: starting 9, 9, /users/jamilm/files_to_Send/FILE1
1664843100.301075 -- INFO: Process 17 get item 10 from queue and executing
1664843100.301208 -- INFO: Process 13 get item 11 from queue and executing
1664843100.301387 -- INFO: starting 17, 10, /users/jamilm/files_to_Send/FILE0
1664843100.301454 -- INFO: Process 12 get item 12 from queue and executing
1664843100.301507 -- INFO: starting 13, 11, /users/jamilm/files_to_Send/FILE3
1664843100.301580 -- INFO: Process 10 get item 13 from queue and executing
1664843100.301925 -- INFO: starting 12, 12, /users/jamilm/files_to_Send/FILE2
1664843100.302194 -- INFO: starting 10, 13, /users/jamilm/files_to_Send/FILE1
1664843100.302918 -- INFO: Process 15 get item 14 from queue and executing
1664843100.303374 -- INFO: starting 15, 14, /users/jamilm/files_to_Send/FILE0
1664843100.304010 -- INFO: Process 16 get item 15 from queue and executing
1664843100.304095 -- INFO: Process 11 get item 16 from queue and executing
1664843100.304482 -- INFO: starting 16, 15, /users/jamilm/files_to_Send/FILE3
1664843100.304864 -- INFO: starting 11, 16, /users/jamilm/files_to_Send/FILE2
1664843100.305284 -- INFO: Process 14 get item 17 from queue and executing
1664843100.305717 -- INFO: starting 14, 17, /users/jamilm/files_to_Send/FILE1
1664843100.470471 -- INFO: Throughput @13.1s:104.13Mbps, rtt :39.06ms cwnd: 22.5 lossRate: 0.00346860908775581 CC:18 score:-69.0 
1664843101.471971 -- INFO: Throughput @14.1s:147.4Mbps, rtt :38.97ms cwnd: 31.8 lossRate: 0.00195726635132931 CC:18 score:-100.0 
1664843102.472998 -- INFO: Throughput @15.1s:158.06Mbps, rtt :39.44ms cwnd: 25.3 lossRate: 0.005427719593303264 CC:18 score:-102.0 
1664843103.459854 -- INFO: Gradient_Fast: -2.7407407407407396, Gredient_Fast Change: 0.04173716864072192, Theta: 4, Previous CC: 18, Choosen CC: 22
1664843103.460022 -- INFO: Changing concurrency to 22 ******
1664843103.461239 -- INFO: Process Status Bits from change concurrency are: 1 1 1 1 1 1 1 1 1 1 1 1 1 1 1 1 1 1 1 1 1 1 0 0 0 0 0 0 0 0 0 0
1664843103.462683 -- INFO: Active CC: 22
1664843103.464020 -- INFO: Start Process :: 20
1664843103.464205 -- INFO: Start Process :: 18
1664843103.465541 -- INFO: Start Process :: 21
1664843103.465563 -- INFO: Start Process :: 19
1664843103.473936 -- INFO: Throughput @16.1s:150.32Mbps, rtt :39.42ms cwnd: 29.4 lossRate: 0.002633617350890782 CC:18 score:-101.0 
1664843103.503944 -- INFO: Process 20 get item 18 from queue and executing
1664843103.504065 -- INFO: Process 18 get item 19 from queue and executing
1664843103.504260 -- INFO: starting 20, 18, /users/jamilm/files_to_Send/FILE0
1664843103.504369 -- INFO: starting 18, 19, /users/jamilm/files_to_Send/FILE3
1664843103.505550 -- INFO: Process 21 get item 20 from queue and executing
1664843103.505634 -- INFO: Process 19 get item 21 from queue and executing
1664843103.505970 -- INFO: starting 19, 21, /users/jamilm/files_to_Send/FILE1
1664843103.505975 -- INFO: starting 21, 20, /users/jamilm/files_to_Send/FILE2
1664843104.475067 -- INFO: Throughput @17.1s:182.68Mbps, rtt :39.1ms cwnd: 30.9 lossRate: 0.00243137756734276 CC:22 score:-114.0 
1664843105.474653 -- INFO: Throughput @18.1s:210.92Mbps, rtt :39.16ms cwnd: 29.3 lossRate: 0.003527336860670194 CC:22 score:-129.0 
1664843106.475475 -- INFO: Throughput @19.1s:199.75Mbps, rtt :39.07ms cwnd: 30.4 lossRate: 0.0025011633317822243 CC:22 score:-124.0 
1664843106.663599 -- INFO: Gradient_Fast: -8.0, Gredient_Fast Change: 0.0885608856088561, Theta: 5, Previous CC: 22, Choosen CC: 32
1664843106.663745 -- INFO: Changing concurrency to 32 ******
1664843106.664286 -- INFO: Process Status Bits from change concurrency are: 1 1 1 1 1 1 1 1 1 1 1 1 1 1 1 1 1 1 1 1 1 1 1 1 1 1 1 1 1 1 1 1
1664843106.664465 -- INFO: Active CC: 32
1664843106.666747 -- INFO: Start Process :: 31
1664843106.666859 -- INFO: Start Process :: 24
1664843106.667593 -- INFO: Start Process :: 30
1664843106.668219 -- INFO: Start Process :: 22
1664843106.670653 -- INFO: Start Process :: 23
1664843106.669804 -- INFO: Start Process :: 26
1664843106.671535 -- INFO: Start Process :: 29
1664843106.671892 -- INFO: Start Process :: 28
1664843106.672486 -- INFO: Start Process :: 27
1664843106.672531 -- INFO: Start Process :: 25
1664843106.706154 -- INFO: Process 31 get item 22 from queue and executing
1664843106.706472 -- INFO: starting 31, 22, /users/jamilm/files_to_Send/FILE0
1664843106.707326 -- INFO: Process 30 get item 23 from queue and executing
1664843106.707374 -- INFO: Process 24 get item 24 from queue and executing
1664843106.707578 -- INFO: Process 22 get item 25 from queue and executing
1664843106.707655 -- INFO: starting 24, 24, /users/jamilm/files_to_Send/FILE2
1664843106.707707 -- INFO: starting 30, 23, /users/jamilm/files_to_Send/FILE3
1664843106.707814 -- INFO: starting 22, 25, /users/jamilm/files_to_Send/FILE1
1664843106.710840 -- INFO: Process 23 get item 26 from queue and executing
1664843106.711120 -- INFO: starting 23, 26, /users/jamilm/files_to_Send/FILE0
1664843106.711139 -- INFO: Process 26 get item 27 from queue and executing
1664843106.711276 -- INFO: Process 29 get item 28 from queue and executing
1664843106.711421 -- INFO: starting 26, 27, /users/jamilm/files_to_Send/FILE3
1664843106.711564 -- INFO: starting 29, 28, /users/jamilm/files_to_Send/FILE2
1664843106.711565 -- INFO: Process 28 get item 29 from queue and executing
1664843106.711825 -- INFO: starting 28, 29, /users/jamilm/files_to_Send/FILE1
1664843106.712197 -- INFO: Process 27 get item 30 from queue and executing
1664843106.712604 -- INFO: starting 27, 30, /users/jamilm/files_to_Send/FILE0
1664843106.713824 -- INFO: Process 25 get item 31 from queue and executing
1664843106.714216 -- INFO: starting 25, 31, /users/jamilm/files_to_Send/FILE3
1664843107.477470 -- INFO: Throughput @20.1s:239.66Mbps, rtt :39.27ms cwnd: 26.6 lossRate: 0.0029910269192422734 CC:32 score:-120.0 
1664843108.478048 -- INFO: Throughput @21.1s:302.86Mbps, rtt :39.15ms cwnd: 32.0 lossRate: 0.0026371518759739482 CC:32 score:-153.0 
1664843109.479969 -- INFO: Throughput @22.1s:300.24Mbps, rtt :39.01ms cwnd: 32.7 lossRate: 0.0025187940788963807 CC:32 score:-152.0 
1664843109.865552 -- INFO: Gradient_Fast: -1.933333333333333, Gredient_Fast Change: 0.015803814713896455, Theta: 6, Previous CC: 32, Choosen CC: 32
1664843109.865682 -- INFO: Changing concurrency to 32 ******
1664843109.865822 -- INFO: Process Status Bits from change concurrency are: 1 1 1 1 1 1 1 1 1 1 1 1 1 1 1 1 1 1 1 1 1 1 1 1 1 1 1 1 1 1 1 1
1664843109.865983 -- INFO: Active CC: 32
1664843110.480220 -- INFO: Throughput @23.1s:301.79Mbps, rtt :39.26ms cwnd: 30.6 lossRate: 0.003436956941494497 CC:32 score:-150.0 
1664843111.481105 -- INFO: Throughput @24.1s:280.7Mbps, rtt :39.43ms cwnd: 28.0 lossRate: 0.003623806275579809 CC:32 score:-139.0 
1664843112.482431 -- INFO: Throughput @25.1s:257.08Mbps, rtt :39.48ms cwnd: 29.7 lossRate: 0.0031495383553369572 CC:32 score:-128.0 
1664843113.067060 -- INFO: Gradient_Fast: -2.666666666666657, Gredient_Fast Change: 0.018823529411764642, Theta: 7, Previous CC: 32, Choosen CC: 32
1664843113.067200 -- INFO: Changing concurrency to 32 ******
1664843113.067339 -- INFO: Process Status Bits from change concurrency are: 1 1 1 1 1 1 1 1 1 1 1 1 1 1 1 1 1 1 1 1 1 1 1 1 1 1 1 1 1 1 1 1
1664843113.067491 -- INFO: Active CC: 32
1664843113.483756 -- INFO: Throughput @26.1s:282.84Mbps, rtt :39.71ms cwnd: 28.1 lossRate: 0.0038065757550405756 CC:32 score:-139.0 
1664843114.485165 -- INFO: Throughput @27.1s:274.53Mbps, rtt :39.44ms cwnd: 29.9 lossRate: 0.0025700442384664 CC:32 score:-139.0 
1664843115.485775 -- INFO: Throughput @28.1s:283.14Mbps, rtt :39.15ms cwnd: 29.3 lossRate: 0.0034654895003919306 CC:32 score:-140.0 
1664843116.268527 -- INFO: Gradient_Fast: 0.3333333333333428, Gredient_Fast Change: 0.0023980815347722506, Theta: -1, Previous CC: 32, Choosen CC: 31
1664843116.268658 -- INFO: Changing concurrency to 31 ******
1664843116.268796 -- INFO: Process Status Bits from change concurrency are: 1 1 1 1 1 1 1 1 1 1 1 1 1 1 1 1 1 1 1 1 1 1 1 1 1 1 1 1 1 1 1 0
1664843116.268952 -- INFO: Active CC: 31
1664843116.486871 -- INFO: Throughput @29.1s:267.38Mbps, rtt :39.47ms cwnd: 29.2 lossRate: 0.003338469440164355 CC:31 score:-136.0 
1664843117.487708 -- INFO: Throughput @30.1s:263.6Mbps, rtt :39.44ms cwnd: 29.1 lossRate: 0.004054054054054054 CC:31 score:-132.0 
1664843118.485955 -- INFO: Throughput @31.1s:259.5Mbps, rtt :39.09ms cwnd: 30.1 lossRate: 0.002975933753126887 CC:31 score:-133.0 
1664843119.469904 -- INFO: Gradient_Fast: -5.666666666666686, Gredient_Fast Change: 0.04066985645933028, Theta: 1, Previous CC: 31, Choosen CC: 32
1664843119.470022 -- INFO: Changing concurrency to 32 ******
1664843119.470217 -- INFO: Process Status Bits from change concurrency are: 1 1 1 1 1 1 1 1 1 1 1 1 1 1 1 1 1 1 1 1 1 1 1 1 1 1 1 1 1 1 1 1
1664843119.470367 -- INFO: Active CC: 32
1664843119.471898 -- INFO: Start Process :: 31
1664843119.489537 -- INFO: Throughput @32.1s:267.04Mbps, rtt :39.25ms cwnd: 26.3 lossRate: 0.004086709310589908 CC:32 score:-131.0 
1664843119.511738 -- INFO: Process 31 get item 22 from queue and executing
1664843119.512197 -- INFO: starting 31, 22, /users/jamilm/files_to_Send/FILE0
1664843120.490426 -- INFO: Throughput @33.1s:256.69Mbps, rtt :39.33ms cwnd: 28.6 lossRate: 0.0030111412225233363 CC:32 score:-128.0 
1664843121.491390 -- INFO: Throughput @34.1s:280.6Mbps, rtt :39.47ms cwnd: 27.6 lossRate: 0.003477958438396661 CC:32 score:-139.0 
1664843122.492518 -- INFO: Throughput @35.1s:254.81Mbps, rtt :39.43ms cwnd: 27.6 lossRate: 0.0034275539728466503 CC:32 score:-126.0 
1664843122.671333 -- INFO: Gradient_Fast: 2.666666666666657, Gredient_Fast Change: 0.019950124688279232, Theta: -1, Previous CC: 32, Choosen CC: 31
1664843122.671471 -- INFO: Changing concurrency to 31 ******
1664843122.671613 -- INFO: Process Status Bits from change concurrency are: 1 1 1 1 1 1 1 1 1 1 1 1 1 1 1 1 1 1 1 1 1 1 1 1 1 1 1 1 1 1 1 0
1664843122.671760 -- INFO: Active CC: 31
1664843123.493956 -- INFO: Throughput @36.1s:274.09Mbps, rtt :39.41ms cwnd: 31.0 lossRate: 0.002185233401525014 CC:31 score:-142.0 
1664843124.495292 -- INFO: Throughput @37.1s:268.9Mbps, rtt :39.37ms cwnd: 28.5 lossRate: 0.0035430718005634767 CC:31 score:-136.0 
1664843125.496092 -- INFO: Throughput @38.1s:272.86Mbps, rtt :39.1ms cwnd: 30.5 lossRate: 0.0028415115144832265 CC:31 score:-140.0 
1664843125.872670 -- INFO: Gradient_Fast: 8.333333333333343, Gredient_Fast Change: 0.06361323155216292, Theta: -2, Previous CC: 31, Choosen CC: 27
1664843125.872783 -- INFO: Changing concurrency to 27 ******
1664843125.872986 -- INFO: Process Status Bits from change concurrency are: 1 1 1 1 1 1 1 1 1 1 1 1 1 1 1 1 1 1 1 1 1 1 1 1 1 1 1 0 0 0 0 0
1664843125.873187 -- INFO: Active CC: 27
1664843126.492308 -- INFO: Throughput @39.1s:255.77Mbps, rtt :39.27ms cwnd: 30.3 lossRate: 0 CC:27 score:-150.0 
1664843127.496131 -- INFO: Throughput @40.1s:246.61Mbps, rtt :39.03ms cwnd: 30.2 lossRate: 0 CC:27 score:-144.0 
1664843128.498293 -- INFO: Throughput @41.1s:256.58Mbps, rtt :39.24ms cwnd: 32.3 lossRate: 0.002550192423610145 CC:27 score:-144.0 
1664843129.074030 -- INFO: Gradient_Fast: 1.6666666666666643, Gredient_Fast Change: 0.01196172248803826, Theta: -3, Previous CC: 27, Choosen CC: 24
1664843129.074164 -- INFO: Changing concurrency to 24 ******
1664843129.074550 -- INFO: Process Status Bits from change concurrency are: 1 1 1 1 1 1 1 1 1 1 1 1 1 1 1 1 1 1 1 1 1 1 1 1 0 0 0 0 0 0 0 0
1664843129.074907 -- INFO: Active CC: 24
1664843129.498031 -- INFO: Throughput @42.1s:236.53Mbps, rtt :39.19ms cwnd: 28.9 lossRate: 0.0031254439551072597 CC:24 score:-140.0 
1664843130.499820 -- INFO: Throughput @43.1s:203.04Mbps, rtt :39.28ms cwnd: 28.8 lossRate: 0 CC:24 score:-126.0 
1664843131.498889 -- INFO: Throughput @44.1s:194.68Mbps, rtt :39.44ms cwnd: 26.5 lossRate: 0.003910715360086637 CC:24 score:-113.0 
1664843132.276038 -- INFO: Gradient_Fast: -6.555555555555557, Gredient_Fast Change: 0.044901065449010666, Theta: 1, Previous CC: 24, Choosen CC: 26
1664843132.276203 -- INFO: Changing concurrency to 26 ******
1664843132.276682 -- INFO: Process Status Bits from change concurrency are: 1 1 1 1 1 1 1 1 1 1 1 1 1 1 1 1 1 1 1 1 1 1 1 1 1 1 0 0 0 0 0 0
1664843132.277006 -- INFO: Start Process :: 25
1664843132.277222 -- INFO: Active CC: 26
1664843132.277888 -- INFO: Start Process :: 24
1664843132.316192 -- INFO: Process 25 get item 22 from queue and executing
1664843132.316551 -- INFO: starting 25, 22, /users/jamilm/files_to_Send/FILE0
1664843132.317531 -- INFO: Process 24 get item 30 from queue and executing
1664843132.317975 -- INFO: starting 24, 30, /users/jamilm/files_to_Send/FILE0
1664843132.502087 -- INFO: Throughput @45.1s:210.44Mbps, rtt :39.34ms cwnd: 29.2 lossRate: 0.0025150905432595573 CC:26 score:-120.0 
1664843133.504249 -- INFO: Throughput @46.1s:249.02Mbps, rtt :39.01ms cwnd: 34.0 lossRate: 0.0022607732767371044 CC:26 score:-143.0 
1664843134.505110 -- INFO: Throughput @47.1s:239.76Mbps, rtt :39.58ms cwnd: 29.9 lossRate: 0.003506038176860148 CC:26 score:-135.0 
1664843135.478343 -- INFO: Gradient_Fast: -3.1666666666666643, Gredient_Fast Change: 0.025065963060685998, Theta: 2, Previous CC: 26, Choosen CC: 28
1664843135.478493 -- INFO: Changing concurrency to 28 ******
1664843135.478919 -- INFO: Process Status Bits from change concurrency are: 1 1 1 1 1 1 1 1 1 1 1 1 1 1 1 1 1 1 1 1 1 1 1 1 1 1 1 1 0 0 0 0
1664843135.479240 -- INFO: Active CC: 28
1664843135.479247 -- INFO: Start Process :: 26
1664843135.479738 -- INFO: Start Process :: 27
1664843135.500480 -- INFO: Throughput @48.1s:227.87Mbps, rtt :39.47ms cwnd: 28.8 lossRate: 0.003140035452013168 CC:28 score:-124.0 
1664843135.518539 -- INFO: Process 26 get item 28 from queue and executing
1664843135.518979 -- INFO: starting 26, 28, /users/jamilm/files_to_Send/FILE2
1664843135.519538 -- INFO: Process 27 get item 23 from queue and executing
1664843135.520139 -- INFO: starting 27, 23, /users/jamilm/files_to_Send/FILE3
1664843136.507578 -- INFO: Throughput @49.1s:248.3Mbps, rtt :39.04ms cwnd: 28.9 lossRate: 0.003280715100798783 CC:28 score:-134.0 
1664843137.508099 -- INFO: Throughput @50.1s:240.24Mbps, rtt :39.53ms cwnd: 29.0 lossRate: 0.0030745580322828594 CC:28 score:-131.0 
1664843138.509397 -- INFO: Throughput @51.1s:251.97Mbps, rtt :39.18ms cwnd: 31.3 lossRate: 0.0024123805188893946 CC:28 score:-139.0 
1664843138.680194 -- INFO: Gradient_Fast: -1.0, Gredient_Fast Change: 0.007537688442211056, Theta: 3, Previous CC: 28, Choosen CC: 31
1664843138.680342 -- INFO: Changing concurrency to 31 ******
1664843138.680646 -- INFO: Process Status Bits from change concurrency are: 1 1 1 1 1 1 1 1 1 1 1 1 1 1 1 1 1 1 1 1 1 1 1 1 1 1 1 1 1 1 1 0
1664843138.680898 -- INFO: Active CC: 31
1664843138.680946 -- INFO: Start Process :: 29
1664843138.681283 -- INFO: Start Process :: 28
1664843138.682080 -- INFO: Start Process :: 30
1664843138.719941 -- INFO: Process 29 get item 29 from queue and executing
1664843138.720304 -- INFO: starting 29, 29, /users/jamilm/files_to_Send/FILE1
1664843138.720625 -- INFO: Process 28 get item 24 from queue and executing
1664843138.720961 -- INFO: starting 28, 24, /users/jamilm/files_to_Send/FILE2
1664843138.721700 -- INFO: Process 30 get item 31 from queue and executing
1664843138.722288 -- INFO: starting 30, 31, /users/jamilm/files_to_Send/FILE3
1664843139.509795 -- INFO: Throughput @52.1s:284.96Mbps, rtt :39.17ms cwnd: 33.5 lossRate: 0.002560290716881401 CC:31 score:-147.0 
1664843140.510178 -- INFO: Throughput @53.1s:323.12Mbps, rtt :39.27ms cwnd: 34.7 lossRate: 0.002976081125766984 CC:31 score:-165.0 
1664843141.512366 -- INFO: Throughput @54.1s:297.59Mbps, rtt :39.02ms cwnd: 32.6 lossRate: 0.003092624091541673 CC:31 score:-152.0 
1664843141.881793 -- INFO: Gradient_Fast: -6.666666666666667, Gredient_Fast Change: 0.04950495049504951, Theta: 4, Previous CC: 31, Choosen CC: 32
1664843141.881911 -- INFO: Changing concurrency to 32 ******
1664843141.882110 -- INFO: Process Status Bits from change concurrency are: 1 1 1 1 1 1 1 1 1 1 1 1 1 1 1 1 1 1 1 1 1 1 1 1 1 1 1 1 1 1 1 1
1664843141.882259 -- INFO: Active CC: 32
1664843141.882872 -- INFO: Start Process :: 31
1664843141.922481 -- INFO: Process 31 get item 27 from queue and executing
1664843141.922788 -- INFO: starting 31, 27, /users/jamilm/files_to_Send/FILE3
1664843142.513066 -- INFO: Throughput @55.1s:310.11Mbps, rtt :38.99ms cwnd: 33.6 lossRate: 0.0024594745667970933 CC:32 score:-157.0 
1664843143.514227 -- INFO: Throughput @56.1s:298.15Mbps, rtt :39.39ms cwnd: 29.8 lossRate: 0.0035283856644465587 CC:32 score:-148.0 
1664843144.515321 -- INFO: Throughput @57.1s:295.22Mbps, rtt :39.42ms cwnd: 31.7 lossRate: 0.002730834685558238 CC:32 score:-149.0 
1664843145.083158 -- INFO: Gradient_Fast: 3.3333333333333144, Gredient_Fast Change: 0.021551724137930914, Theta: -1, Previous CC: 32, Choosen CC: 31
1664843145.083274 -- INFO: Changing concurrency to 31 ******
1664843145.083421 -- INFO: Process Status Bits from change concurrency are: 1 1 1 1 1 1 1 1 1 1 1 1 1 1 1 1 1 1 1 1 1 1 1 1 1 1 1 1 1 1 1 0
1664843145.083570 -- INFO: Active CC: 31
1664843145.517190 -- INFO: Throughput @58.1s:296.15Mbps, rtt :39.18ms cwnd: 31.8 lossRate: 0.0029362951614962337 CC:31 score:-152.0 
1664843146.517640 -- INFO: Throughput @59.1s:297.49Mbps, rtt :39.05ms cwnd: 32.8 lossRate: 0.002394786432160804 CC:31 score:-154.0 
1664843147.518867 -- INFO: Throughput @60.1s:274.7Mbps, rtt :39.43ms cwnd: 29.4 lossRate: 0.0033947422893810804 CC:31 score:-139.0 
1664843148.284472 -- INFO: Gradient_Fast: -3.0, Gredient_Fast Change: 0.019823788546255505, Theta: 1, Previous CC: 31, Choosen CC: 32
1664843148.284607 -- INFO: Changing concurrency to 32 ******
1664843148.284793 -- INFO: Process Status Bits from change concurrency are: 1 1 1 1 1 1 1 1 1 1 1 1 1 1 1 1 1 1 1 1 1 1 1 1 1 1 1 1 1 1 1 1
1664843148.284939 -- INFO: Active CC: 32
1664843148.285153 -- INFO: Start Process :: 31
1664843148.324376 -- INFO: Process 31 get item 27 from queue and executing
1664843148.324615 -- INFO: starting 31, 27, /users/jamilm/files_to_Send/FILE3
1664843148.519535 -- INFO: Throughput @61.1s:278.23Mbps, rtt :39.44ms cwnd: 30.2 lossRate: 0.0029300099042588314 CC:32 score:-139.0 
1664843149.520749 -- INFO: Throughput @62.1s:281.72Mbps, rtt :39.03ms cwnd: 29.2 lossRate: 0.0033783783783783786 CC:32 score:-140.0 
1664843150.521975 -- INFO: Throughput @63.1s:286.07Mbps, rtt :39.15ms cwnd: 30.5 lossRate: 0.0027947254477465066 CC:32 score:-144.0 
1664843151.485878 -- INFO: Gradient_Fast: 7.333333333333343, Gredient_Fast Change: 0.049438202247191074, Theta: -1, Previous CC: 32, Choosen CC: 30
1664843151.485990 -- INFO: Changing concurrency to 30 ******
1664843151.486123 -- INFO: Process Status Bits from change concurrency are: 1 1 1 1 1 1 1 1 1 1 1 1 1 1 1 1 1 1 1 1 1 1 1 1 1 1 1 1 1 1 0 0
1664843151.486268 -- INFO: Active CC: 30
1664843151.523031 -- INFO: Throughput @64.1s:297.04Mbps, rtt :39.4ms cwnd: 32.3 lossRate: 0.002491629681538581 CC:30 score:-157.0 
1664843152.523210 -- INFO: Throughput @65.1s:301.56Mbps, rtt :39.07ms cwnd: 33.0 lossRate: 0.0018199150706300373 CC:30 score:-161.0 
1664843153.525322 -- INFO: Throughput @66.1s:271.38Mbps, rtt :39.17ms cwnd: 31.1 lossRate: 0.0031458411979363283 CC:30 score:-141.0 
1664843154.525904 -- INFO: Throughput @67.1s:281.31Mbps, rtt :39.1ms cwnd: 30.9 lossRate: 0.002763114483668756 CC:30 score:-148.0 
1664843154.690602 -- INFO: Gradient_Fast: 4.5, Gredient_Fast Change: 0.031914893617021274, Theta: -2, Previous CC: 30, Choosen CC: 28
1664843154.690722 -- INFO: Changing concurrency to 28 ******
1664843154.690986 -- INFO: Process Status Bits from change concurrency are: 1 1 1 1 1 1 1 1 1 1 1 1 1 1 1 1 1 1 1 1 1 1 1 1 1 1 1 1 0 0 0 0
1664843154.691260 -- INFO: Active CC: 28
1664843155.527011 -- INFO: Throughput @68.1s:250.06Mbps, rtt :38.99ms cwnd: 29.6 lossRate: 0.0029896907216494847 CC:28 score:-136.0 
1664843156.529091 -- INFO: Throughput @69.1s:258.67Mbps, rtt :39.22ms cwnd: 30.7 lossRate: 0.007625994694960212 CC:28 score:-129.0 
1664843157.528062 -- INFO: Throughput @70.1s:250.66Mbps, rtt :39.41ms cwnd: 27.3 lossRate: 0.003771849126034959 CC:28 score:-135.0 
1664843157.892306 -- INFO: Gradient_Fast: -8.333333333333329, Gredient_Fast Change: 0.055555555555555525, Theta: 1, Previous CC: 28, Choosen CC: 30
1664843157.892466 -- INFO: Changing concurrency to 30 ******
1664843157.892835 -- INFO: Process Status Bits from change concurrency are: 1 1 1 1 1 1 1 1 1 1 1 1 1 1 1 1 1 1 1 1 1 1 1 1 1 1 1 1 1 1 0 0
1664843157.893156 -- INFO: Active CC: 30
1664843157.893209 -- INFO: Start Process :: 28
1664843157.893458 -- INFO: Start Process :: 29
1664843157.932411 -- INFO: Process 28 get item 31 from queue and executing
1664843157.932627 -- INFO: starting 28, 31, /users/jamilm/files_to_Send/FILE3
1664843157.932751 -- INFO: Process 29 get item 27 from queue and executing
1664843157.932982 -- INFO: starting 29, 27, /users/jamilm/files_to_Send/FILE3
1664843158.531063 -- INFO: Throughput @71.1s:254.32Mbps, rtt :39.32ms cwnd: 29.5 lossRate: 0.002967359050445104 CC:30 score:-133.0 
1664843159.530141 -- INFO: Throughput @72.1s:284.16Mbps, rtt :39.27ms cwnd: 30.8 lossRate: 0.0028245067497403944 CC:30 score:-149.0 
1664843160.532570 -- INFO: Throughput @73.1s:272.05Mbps, rtt :39.31ms cwnd: 31.3 lossRate: 0.003123698458975427 CC:30 score:-142.0 
1664843161.094094 -- INFO: Gradient_Fast: -4.0, Gredient_Fast Change: 0.03, Theta: 2, Previous CC: 30, Choosen CC: 32
1664843161.094241 -- INFO: Changing concurrency to 32 ******
1664843161.094479 -- INFO: Process Status Bits from change concurrency are: 1 1 1 1 1 1 1 1 1 1 1 1 1 1 1 1 1 1 1 1 1 1 1 1 1 1 1 1 1 1 1 1
1664843161.094634 -- INFO: Active CC: 32
1664843161.095222 -- INFO: Start Process :: 30
1664843161.095606 -- INFO: Start Process :: 31
1664843161.134763 -- INFO: Process 30 get item 24 from queue and executing
1664843161.135249 -- INFO: starting 30, 24, /users/jamilm/files_to_Send/FILE2
1664843161.135359 -- INFO: Process 31 get item 29 from queue and executing
1664843161.135809 -- INFO: starting 31, 29, /users/jamilm/files_to_Send/FILE1
1664843161.534110 -- INFO: Throughput @74.1s:292.49Mbps, rtt :39.05ms cwnd: 31.3 lossRate: 0.0026534796767579303 CC:32 score:-147.0 
1664843162.534707 -- INFO: Throughput @75.1s:305.46Mbps, rtt :39.09ms cwnd: 32.2 lossRate: 0.002545302587091137 CC:32 score:-154.0 
1664843163.536337 -- INFO: Throughput @76.1s:299.81Mbps, rtt :39.05ms cwnd: 32.6 lossRate: 0.0027624309392265192 CC:32 score:-151.0 
1664843164.295616 -- INFO: Gradient_Fast: -4.666666666666657, Gredient_Fast Change: 0.03301886792452823, Theta: 3, Previous CC: 32, Choosen CC: 32
1664843164.295739 -- INFO: Changing concurrency to 32 ******
1664843164.295874 -- INFO: Process Status Bits from change concurrency are: 1 1 1 1 1 1 1 1 1 1 1 1 1 1 1 1 1 1 1 1 1 1 1 1 1 1 1 1 1 1 1 1
1664843164.296022 -- INFO: Active CC: 32
1664843164.536830 -- INFO: Throughput @77.1s:305.35Mbps, rtt :39.2ms cwnd: 32.2 lossRate: 0.002862923235484979 CC:32 score:-153.0 
1664843165.537855 -- INFO: Throughput @78.1s:289.45Mbps, rtt :39.25ms cwnd: 30.4 lossRate: 0.003121829392023726 CC:32 score:-145.0 
1664843166.539513 -- INFO: Throughput @79.1s:286.39Mbps, rtt :39.27ms cwnd: 31.8 lossRate: 0.0026716321243523316 CC:32 score:-144.0 
1664843167.496937 -- INFO: Gradient_Fast: -3.3333333333333144, Gredient_Fast Change: 0.02212389380530961, Theta: 4, Previous CC: 32, Choosen CC: 32
1664843167.497048 -- INFO: Changing concurrency to 32 ******
1664843167.497182 -- INFO: Process Status Bits from change concurrency are: 1 1 1 1 1 1 1 1 1 1 1 1 1 1 1 1 1 1 1 1 1 1 1 1 1 1 1 1 1 1 1 1
1664843167.497326 -- INFO: Active CC: 32
1664843167.540414 -- INFO: Throughput @80.1s:303.45Mbps, rtt :39.25ms cwnd: 30.2 lossRate: 0.003190834999231124 CC:32 score:-151.0 
1664843168.541379 -- INFO: Throughput @81.1s:276.26Mbps, rtt :39.18ms cwnd: 29.3 lossRate: 0.0033508459851900882 CC:32 score:-137.0 
1664843169.542685 -- INFO: Throughput @82.1s:289.09Mbps, rtt :39.16ms cwnd: 30.4 lossRate: 0.0030205314502632762 CC:32 score:-145.0 
1664843170.543463 -- INFO: Throughput @83.1s:289.58Mbps, rtt :39.23ms cwnd: 30.6 lossRate: 0.003009305088101366 CC:32 score:-145.0 
1664843170.698162 -- INFO: Gradient_Fast: -5.0, Gredient_Fast Change: 0.033936651583710405, Theta: 5, Previous CC: 32, Choosen CC: 32
1664843170.698285 -- INFO: Changing concurrency to 32 ******
1664843170.698425 -- INFO: Process Status Bits from change concurrency are: 1 1 1 1 1 1 1 1 1 1 1 1 1 1 1 1 1 1 1 1 1 1 1 1 1 1 1 1 1 1 1 1
1664843170.698567 -- INFO: Active CC: 32
1664843171.544785 -- INFO: Throughput @84.1s:288.37Mbps, rtt :39.21ms cwnd: 32.6 lossRate: 0.002450786623448494 CC:32 score:-146.0 
1664843172.546345 -- INFO: Throughput @85.1s:303.01Mbps, rtt :39.06ms cwnd: 31.6 lossRate: 0.003285405071119357 CC:32 score:-151.0 
1664843173.547504 -- INFO: Throughput @86.1s:314.51Mbps, rtt :39.17ms cwnd: 33.8 lossRate: 0.0021088460542380404 CC:32 score:-160.0 
1664843173.899406 -- INFO: Gradient_Fast: 10.0, Gredient_Fast Change: 0.0702576112412178, Theta: -1, Previous CC: 32, Choosen CC: 29
1664843173.899530 -- INFO: Changing concurrency to 29 ******
1664843173.899663 -- INFO: Process Status Bits from change concurrency are: 1 1 1 1 1 1 1 1 1 1 1 1 1 1 1 1 1 1 1 1 1 1 1 1 1 1 1 1 1 0 0 0
1664843173.899806 -- INFO: Active CC: 29
1664843174.548045 -- INFO: Throughput @87.1s:286.26Mbps, rtt :38.8ms cwnd: 32.3 lossRate: 0.014040561622464899 CC:29 score:-121.0 
1664843175.548884 -- INFO: Throughput @88.1s:282.48Mbps, rtt :39.43ms cwnd: 33.0 lossRate: 0.003561407295488884 CC:29 score:-149.0 
1664843176.550492 -- INFO: Throughput @89.1s:270.68Mbps, rtt :39.34ms cwnd: 31.1 lossRate: 0.003122626381973162 CC:29 score:-144.0 
1664843177.100655 -- INFO: Gradient_Fast: -4.777777777777781, Gredient_Fast Change: 0.031363967906637515, Theta: 1, Previous CC: 29, Choosen CC: 30
1664843177.100759 -- INFO: Changing concurrency to 30 ******
1664843177.101040 -- INFO: Process Status Bits from change concurrency are: 1 1 1 1 1 1 1 1 1 1 1 1 1 1 1 1 1 1 1 1 1 1 1 1 1 1 1 1 1 1 0 0
1664843177.101339 -- INFO: Active CC: 30
1664843177.101409 -- INFO: Start Process :: 29
1664843177.140682 -- INFO: Process 29 get item 29 from queue and executing
1664843177.140928 -- INFO: starting 29, 29, /users/jamilm/files_to_Send/FILE1
1664843177.550530 -- INFO: Throughput @90.1s:274.29Mbps, rtt :39.06ms cwnd: 32.3 lossRate: 0.002845686198421938 CC:30 score:-144.0 
1664843178.552722 -- INFO: Throughput @91.1s:278.75Mbps, rtt :39.16ms cwnd: 30.1 lossRate: 0.0032756976406684082 CC:30 score:-145.0 
1664843179.553536 -- INFO: Throughput @92.1s:263.38Mbps, rtt :39.16ms cwnd: 29.7 lossRate: 0.003287135749822317 CC:30 score:-137.0 
1664843180.302295 -- INFO: Gradient_Fast: -4.0, Gredient_Fast Change: 0.028985507246376812, Theta: 2, Previous CC: 30, Choosen CC: 32
1664843180.302449 -- INFO: Changing concurrency to 32 ******
1664843180.302718 -- INFO: Process Status Bits from change concurrency are: 1 1 1 1 1 1 1 1 1 1 1 1 1 1 1 1 1 1 1 1 1 1 1 1 1 1 1 1 1 1 1 1
1664843180.302866 -- INFO: Active CC: 32
1664843180.303104 -- INFO: Start Process :: 31
1664843180.303394 -- INFO: Start Process :: 30
1664843180.342459 -- INFO: Process 31 get item 24 from queue and executing
1664843180.342695 -- INFO: starting 31, 24, /users/jamilm/files_to_Send/FILE2
1664843180.342838 -- INFO: Process 30 get item 27 from queue and executing
1664843180.343157 -- INFO: starting 30, 27, /users/jamilm/files_to_Send/FILE3
1664843180.554193 -- INFO: Throughput @93.1s:271.09Mbps, rtt :39.31ms cwnd: 29.6 lossRate: 0.0030237213065883056 CC:32 score:-136.0 
1664843181.555776 -- INFO: Throughput @94.1s:276.88Mbps, rtt :39.37ms cwnd: 28.7 lossRate: 0.004030395902430832 CC:32 score:-136.0 
1664843182.556716 -- INFO: Throughput @95.1s:278.9Mbps, rtt :39.47ms cwnd: 28.5 lossRate: 0.0031752663463547105 CC:32 score:-139.0 
1664843183.503717 -- INFO: Gradient_Fast: 2.5, Gredient_Fast Change: 0.017605633802816902, Theta: -1, Previous CC: 32, Choosen CC: 31
1664843183.503840 -- INFO: Changing concurrency to 31 ******
1664843183.503978 -- INFO: Process Status Bits from change concurrency are: 1 1 1 1 1 1 1 1 1 1 1 1 1 1 1 1 1 1 1 1 1 1 1 1 1 1 1 1 1 1 1 0
1664843183.504120 -- INFO: Active CC: 31
1664843183.557659 -- INFO: Throughput @96.1s:286.75Mbps, rtt :39.13ms cwnd: 30.4 lossRate: 0.002797426367741678 CC:31 score:-147.0 
1664843184.559284 -- INFO: Throughput @97.2s:258.16Mbps, rtt :39.46ms cwnd: 29.9 lossRate: 0.003266972945380296 CC:31 score:-131.0 
1664843185.560250 -- INFO: Throughput @98.2s:282.43Mbps, rtt :39.06ms cwnd: 31.8 lossRate: 0.002617265775160512 CC:31 score:-145.0 
1664843186.561048 -- INFO: Throughput @99.2s:295.94Mbps, rtt :39.12ms cwnd: 32.4 lossRate: 0.002502150285401517 CC:31 score:-153.0 
1664843186.704957 -- INFO: Gradient_Fast: 6.0, Gredient_Fast Change: 0.043795620437956206, Theta: -2, Previous CC: 31, Choosen CC: 27
1664843186.705082 -- INFO: Changing concurrency to 27 ******
1664843186.705312 -- INFO: Process Status Bits from change concurrency are: 1 1 1 1 1 1 1 1 1 1 1 1 1 1 1 1 1 1 1 1 1 1 1 1 1 1 1 0 0 0 0 0
1664843186.705513 -- INFO: Active CC: 27
1664843187.562044 -- INFO: Throughput @100.2s:255.43Mbps, rtt :39.26ms cwnd: 27.7 lossRate: 0 CC:27 score:-150.0 
1664843188.563545 -- INFO: Throughput @101.2s:237.76Mbps, rtt :39.11ms cwnd: 29.8 lossRate: 0.0025470972702806615 CC:27 score:-133.0 
1664843189.560009 -- INFO: Throughput @102.2s:241.6Mbps, rtt :39.24ms cwnd: 29.6 lossRate: 0.0033555415065895052 CC:27 score:-133.0 
1664843189.906333 -- INFO: Gradient_Fast: -1.0833333333333357, Gredient_Fast Change: 0.0075757575757575924, Theta: 1, Previous CC: 27, Choosen CC: 28
1664843189.906504 -- INFO: Changing concurrency to 28 ******
1664843189.906832 -- INFO: Process Status Bits from change concurrency are: 1 1 1 1 1 1 1 1 1 1 1 1 1 1 1 1 1 1 1 1 1 1 1 1 1 1 1 1 0 0 0 0
1664843189.907187 -- INFO: Active CC: 28
1664843189.907187 -- INFO: Start Process :: 27
1664843189.946454 -- INFO: Process 27 get item 24 from queue and executing
1664843189.946689 -- INFO: starting 27, 24, /users/jamilm/files_to_Send/FILE2
1664843190.564665 -- INFO: Throughput @103.2s:220.72Mbps, rtt :39.26ms cwnd: 25.6 lossRate: 0.004554735354169939 CC:28 score:-117.0 
1664843191.566627 -- INFO: Throughput @104.2s:232.06Mbps, rtt :39.32ms cwnd: 29.4 lossRate: 0.0024644168385052558 CC:28 score:-128.0 
1664843192.568111 -- INFO: Throughput @105.2s:245.82Mbps, rtt :39.23ms cwnd: 30.6 lossRate: 0.0029378847229994402 CC:28 score:-134.0 
1664843193.108132 -- INFO: Gradient_Fast: 12.333333333333329, Gredient_Fast Change: 0.08894230769230767, Theta: -1, Previous CC: 28, Choosen CC: 25
1664843193.108288 -- INFO: Changing concurrency to 25 ******
1664843193.108622 -- INFO: Process Status Bits from change concurrency are: 1 1 1 1 1 1 1 1 1 1 1 1 1 1 1 1 1 1 1 1 1 1 1 1 1 0 0 0 0 0 0 0
1664843193.108979 -- INFO: Active CC: 25
1664843193.566760 -- INFO: Throughput @106.2s:241.02Mbps, rtt :39.13ms cwnd: 29.9 lossRate: 0 CC:25 score:-147.0 
1664843194.564140 -- INFO: Throughput @107.2s:223.83Mbps, rtt :39.13ms cwnd: 30.5 lossRate: 0 CC:25 score:-136.0 
1664843195.568676 -- INFO: Throughput @108.2s:222.65Mbps, rtt :39.26ms cwnd: 30.2 lossRate: 0.0030105368790767687 CC:25 score:-129.0 
1664843196.310018 -- INFO: Gradient_Fast: 3.6666666666666714, Gredient_Fast Change: 0.029023746701847004, Theta: -2, Previous CC: 25, Choosen CC: 23
1664843196.310177 -- INFO: Changing concurrency to 23 ******
1664843196.310908 -- INFO: Process Status Bits from change concurrency are: 1 1 1 1 1 1 1 1 1 1 1 1 1 1 1 1 1 1 1 1 1 1 1 0 0 0 0 0 0 0 0 0
1664843196.311653 -- INFO: Active CC: 23
1664843196.566124 -- INFO: Throughput @109.2s:217.9Mbps, rtt :39.39ms cwnd: 29.7 lossRate: 0.0033905488450943 CC:23 score:-131.0 
1664843197.571031 -- INFO: Throughput @110.2s:203.76Mbps, rtt :39.02ms cwnd: 29.6 lossRate: 0 CC:23 score:-129.0 
1664843198.572333 -- INFO: Throughput @111.2s:196.22Mbps, rtt :39.11ms cwnd: 26.7 lossRate: 0.00383072963428503 CC:23 score:-117.0 
1664843199.512580 -- INFO: Gradient_Fast: -5.833333333333336, Gredient_Fast Change: 0.04247572815533982, Theta: 1, Previous CC: 23, Choosen CC: 24
1664843199.512717 -- INFO: Changing concurrency to 24 ******
1664843199.513397 -- INFO: Process Status Bits from change concurrency are: 1 1 1 1 1 1 1 1 1 1 1 1 1 1 1 1 1 1 1 1 1 1 1 1 0 0 0 0 0 0 0 0
1664843199.513736 -- INFO: Start Process :: 23
1664843199.513927 -- INFO: Active CC: 24
1664843199.553137 -- INFO: Process 23 get item 27 from queue and executing
1664843199.553571 -- INFO: starting 23, 27, /users/jamilm/files_to_Send/FILE3
1664843199.569498 -- INFO: Throughput @112.2s:187.11Mbps, rtt :39.34ms cwnd: 25.9 lossRate: 0.003915871913092907 CC:24 score:-109.0 
1664843200.574317 -- INFO: Throughput @113.2s:195.54Mbps, rtt :39.24ms cwnd: 29.7 lossRate: 0.0023146808633759623 CC:24 score:-117.0 
1664843201.576870 -- INFO: Throughput @114.2s:213.96Mbps, rtt :39.11ms cwnd: 31.8 lossRate: 0.002404873877725524 CC:24 score:-128.0 
1664843202.571139 -- INFO: Throughput @115.2s:228.24Mbps, rtt :39.25ms cwnd: 30.7 lossRate: 0.0032285728698986027 CC:24 score:-135.0 
1664843202.714783 -- INFO: Gradient_Fast: -1.0, Gredient_Fast Change: 0.007957559681697613, Theta: 2, Previous CC: 24, Choosen CC: 26
1664843202.714924 -- INFO: Changing concurrency to 26 ******
1664843202.715412 -- INFO: Process Status Bits from change concurrency are: 1 1 1 1 1 1 1 1 1 1 1 1 1 1 1 1 1 1 1 1 1 1 1 1 1 1 0 0 0 0 0 0
1664843202.715759 -- INFO: Start Process :: 25
1664843202.715958 -- INFO: Active CC: 26
1664843202.716029 -- INFO: Start Process :: 24
1664843202.754901 -- INFO: Process 25 get item 29 from queue and executing
1664843202.755120 -- INFO: starting 25, 29, /users/jamilm/files_to_Send/FILE1
1664843202.755197 -- INFO: Process 24 get item 23 from queue and executing
1664843202.755429 -- INFO: starting 24, 23, /users/jamilm/files_to_Send/FILE3
1664843203.577650 -- INFO: Throughput @116.2s:231.44Mbps, rtt :39.47ms cwnd: 32.3 lossRate: 0.0030588967233513066 CC:26 score:-131.0 
1664843204.579302 -- INFO: Throughput @117.2s:251.38Mbps, rtt :39.33ms cwnd: 32.6 lossRate: 0.0026096511308488233 CC:26 score:-144.0 
1664843205.581525 -- INFO: Throughput @118.2s:238.11Mbps, rtt :39.55ms cwnd: 29.2 lossRate: 0.0035514205682272908 CC:26 score:-134.0 
1664843205.916668 -- INFO: Gradient_Fast: -4.833333333333336, Gredient_Fast Change: 0.03815789473684212, Theta: 3, Previous CC: 26, Choosen CC: 29
1664843205.916797 -- INFO: Changing concurrency to 29 ******
1664843205.917107 -- INFO: Process Status Bits from change concurrency are: 1 1 1 1 1 1 1 1 1 1 1 1 1 1 1 1 1 1 1 1 1 1 1 1 1 1 1 1 1 0 0 0
1664843205.917461 -- INFO: Active CC: 29
1664843205.917556 -- INFO: Start Process :: 28
1664843205.917815 -- INFO: Start Process :: 26
1664843205.917878 -- INFO: Start Process :: 27
1664843205.956784 -- INFO: Process 28 get item 31 from queue and executing
1664843205.957040 -- INFO: starting 28, 31, /users/jamilm/files_to_Send/FILE3
1664843205.957167 -- INFO: Process 26 get item 28 from queue and executing
1664843205.957251 -- INFO: Process 27 get item 22 from queue and executing
1664843205.957500 -- INFO: starting 26, 28, /users/jamilm/files_to_Send/FILE2
1664843205.957512 -- INFO: starting 27, 22, /users/jamilm/files_to_Send/FILE0
1664843206.582462 -- INFO: Throughput @119.2s:259.95Mbps, rtt :39.08ms cwnd: 31.3 lossRate: 0.0027853860080776192 CC:29 score:-139.0 
1664843207.582613 -- INFO: Throughput @120.2s:261.27Mbps, rtt :39.25ms cwnd: 28.8 lossRate: 0.004159660146915657 CC:29 score:-136.0 
1664843208.584596 -- INFO: Throughput @121.2s:248.76Mbps, rtt :39.31ms cwnd: 31.6 lossRate: 0.002384701912260967 CC:29 score:-134.0 
1664843209.118162 -- INFO: Gradient_Fast: 0.0, Gredient_Fast Change: 0.0, Theta: 4, Previous CC: 29, Choosen CC: 29
1664843209.118297 -- INFO: Changing concurrency to 29 ******
1664843209.118700 -- INFO: Process Status Bits from change concurrency are: 1 1 1 1 1 1 1 1 1 1 1 1 1 1 1 1 1 1 1 1 1 1 1 1 1 1 1 1 1 0 0 0
1664843209.119045 -- INFO: Active CC: 29
1664843209.586190 -- INFO: Throughput @122.2s:275.91Mbps, rtt :39.08ms cwnd: 33.2 lossRate: 0.0022560160427807486 CC:29 score:-149.0 
1664843210.587181 -- INFO: Throughput @123.2s:289.19Mbps, rtt :39.32ms cwnd: 32.9 lossRate: 0.002725349821021803 CC:29 score:-155.0 
1664843211.588526 -- INFO: Throughput @124.2s:278.93Mbps, rtt :39.24ms cwnd: 32.0 lossRate: 0.003084875771218943 CC:29 score:-148.0 
1664843212.319719 -- INFO: Gradient_Fast: 14.333333333333314, Gredient_Fast Change: 0.10513447432762822, Theta: -1, Previous CC: 29, Choosen CC: 25
1664843212.319844 -- INFO: Changing concurrency to 25 ******
1664843212.320130 -- INFO: Process Status Bits from change concurrency are: 1 1 1 1 1 1 1 1 1 1 1 1 1 1 1 1 1 1 1 1 1 1 1 1 1 0 0 0 0 0 0 0
1664843212.320464 -- INFO: Active CC: 25
1664843212.585810 -- INFO: Throughput @125.2s:277.92Mbps, rtt :39.12ms cwnd: 35.8 lossRate: 0.001969904240766074 CC:25 score:-164.0 
1664843213.587625 -- INFO: Throughput @126.2s:263.95Mbps, rtt :39.03ms cwnd: 37.0 lossRate: 0 CC:25 score:-161.0 
1664843214.583674 -- INFO: Throughput @127.2s:232.04Mbps, rtt :39.21ms cwnd: 29.7 lossRate: 0.004280442804428044 CC:25 score:-132.0 
1664843215.521230 -- INFO: Gradient_Fast: 0.4166666666666714, Gredient_Fast Change: 0.0027654867256637484, Theta: -2, Previous CC: 25, Choosen CC: 23
1664843215.521372 -- INFO: Changing concurrency to 23 ******
1664843215.521916 -- INFO: Process Status Bits from change concurrency are: 1 1 1 1 1 1 1 1 1 1 1 1 1 1 1 1 1 1 1 1 1 1 1 0 0 0 0 0 0 0 0 0
1664843215.522543 -- INFO: Active CC: 23
1664843215.587052 -- INFO: Throughput @128.2s:237.27Mbps, rtt :39.12ms cwnd: 31.4 lossRate: 0.002384080182941663 CC:23 score:-145.0 
1664843216.592404 -- INFO: Throughput @129.2s:214.2Mbps, rtt :39.36ms cwnd: 28.6 lossRate: 0 CC:23 score:-136.0 
1664843217.588105 -- INFO: Throughput @130.2s:191.75Mbps, rtt :39.24ms cwnd: 27.2 lossRate: 0.003743283221638592 CC:23 score:-114.0 
1664843218.590806 -- INFO: Throughput @131.2s:187.13Mbps, rtt :39.32ms cwnd: 27.4 lossRate: 0.0037999127888868126 CC:23 score:-112.0 
1664843218.723324 -- INFO: Gradient_Fast: -15.833333333333336, Gredient_Fast Change: 0.1039387308533917, Theta: 1, Previous CC: 23, Choosen CC: 26
1664843218.723452 -- INFO: Changing concurrency to 26 ******
1664843218.723971 -- INFO: Process Status Bits from change concurrency are: 1 1 1 1 1 1 1 1 1 1 1 1 1 1 1 1 1 1 1 1 1 1 1 1 1 1 0 0 0 0 0 0
1664843218.724108 -- INFO: Start Process :: 23
1664843218.724218 -- INFO: Start Process :: 25
1664843218.724373 -- INFO: Active CC: 26
1664843218.724408 -- INFO: Start Process :: 24
1664843218.763346 -- INFO: Process 23 get item 24 from queue and executing
1664843218.763479 -- INFO: Process 25 get item 26 from queue and executing
1664843218.763568 -- INFO: starting 23, 24, /users/jamilm/files_to_Send/FILE2
1664843218.763686 -- INFO: starting 25, 26, /users/jamilm/files_to_Send/FILE0
1664843218.763825 -- INFO: Process 24 get item 30 from queue and executing
1664843218.764031 -- INFO: starting 24, 30, /users/jamilm/files_to_Send/FILE0
1664843219.594795 -- INFO: Throughput @132.2s:229.31Mbps, rtt :39.04ms cwnd: 30.1 lossRate: 0.0025838484142263656 CC:26 score:-131.0 
1664843220.595863 -- INFO: Throughput @133.2s:247.52Mbps, rtt :39.12ms cwnd: 31.6 lossRate: 0.003085824493731919 CC:26 score:-140.0 
1664843221.594685 -- INFO: Throughput @134.2s:230.26Mbps, rtt :39.18ms cwnd: 29.5 lossRate: 0.0034415681580128683 CC:26 score:-130.0 
1664843221.925111 -- INFO: Gradient_Fast: -4.333333333333329, Gredient_Fast Change: 0.03591160220994471, Theta: 2, Previous CC: 26, Choosen CC: 28
1664843221.925244 -- INFO: Changing concurrency to 28 ******
1664843221.925818 -- INFO: Process Status Bits from change concurrency are: 1 1 1 1 1 1 1 1 1 1 1 1 1 1 1 1 1 1 1 1 1 1 1 1 1 1 1 1 0 0 0 0
1664843221.926319 -- INFO: Active CC: 28
1664843221.926556 -- INFO: Start Process :: 26
1664843221.926669 -- INFO: Start Process :: 27
1664843221.965946 -- INFO: Process 26 get item 22 from queue and executing
1664843221.966078 -- INFO: Process 27 get item 28 from queue and executing
1664843221.966287 -- INFO: starting 26, 22, /users/jamilm/files_to_Send/FILE0
1664843221.966325 -- INFO: starting 27, 28, /users/jamilm/files_to_Send/FILE2
1664843222.599135 -- INFO: Throughput @135.2s:232.25Mbps, rtt :39.32ms cwnd: 29.2 lossRate: 0.0032308546620223133 CC:28 score:-126.0 
1664843223.599940 -- INFO: Throughput @136.2s:235.81Mbps, rtt :39.32ms cwnd: 29.2 lossRate: 0.003423171496070585 CC:28 score:-127.0 
1664843224.598784 -- INFO: Throughput @137.2s:256.24Mbps, rtt :39.0ms cwnd: 31.3 lossRate: 0.0025519673348181142 CC:28 score:-141.0 
1664843225.127247 -- INFO: Gradient_Fast: 1.1666666666666572, Gredient_Fast Change: 0.008728179551122124, Theta: -1, Previous CC: 28, Choosen CC: 27
1664843225.127378 -- INFO: Changing concurrency to 27 ******
1664843225.127670 -- INFO: Process Status Bits from change concurrency are: 1 1 1 1 1 1 1 1 1 1 1 1 1 1 1 1 1 1 1 1 1 1 1 1 1 1 1 0 0 0 0 0
1664843225.128011 -- INFO: Active CC: 27
1664843225.601665 -- INFO: Throughput @138.2s:255.63Mbps, rtt :39.34ms cwnd: 32.5 lossRate: 0.002660635891978183 CC:27 score:-143.0 
1664843226.602947 -- INFO: Throughput @139.2s:272.36Mbps, rtt :39.23ms cwnd: 33.7 lossRate: 0.002233768756373525 CC:27 score:-153.0 
1664843227.603863 -- INFO: Throughput @140.2s:255.47Mbps, rtt :39.34ms cwnd: 30.9 lossRate: 0.003085059497576025 CC:27 score:-142.0 
1664843228.328955 -- INFO: Gradient_Fast: 14.666666666666657, Gredient_Fast Change: 0.11167512690355322, Theta: -2, Previous CC: 27, Choosen CC: 19
1664843228.329089 -- INFO: Changing concurrency to 19 ******
1664843228.329508 -- INFO: Process Status Bits from change concurrency are: 1 1 1 1 1 1 1 1 1 1 1 1 1 1 1 1 1 1 1 0 0 0 0 0 0 0 0 0 0 0 0 0
1664843228.329941 -- INFO: Active CC: 19
1664843228.601607 -- INFO: Throughput @141.2s:233.35Mbps, rtt :39.08ms cwnd: 33.5 lossRate: 0.0022544737212906864 CC:19 score:-155.0 
1664843229.603307 -- INFO: Throughput @142.2s:179.42Mbps, rtt :39.03ms cwnd: 29.8 lossRate: 0 CC:19 score:-123.0 
1664843230.606475 -- INFO: Throughput @143.2s:183.56Mbps, rtt :39.05ms cwnd: 33.5 lossRate: 0 CC:19 score:-126.0 
1664843231.530958 -- INFO: Gradient_Fast: -1.4166666666666679, Gredient_Fast Change: 0.009703196347031972, Theta: 1, Previous CC: 19, Choosen CC: 20
1664843231.531083 -- INFO: Changing concurrency to 20 ******
1664843231.532329 -- INFO: Process Status Bits from change concurrency are: 1 1 1 1 1 1 1 1 1 1 1 1 1 1 1 1 1 1 1 1 0 0 0 0 0 0 0 0 0 0 0 0
1664843231.533637 -- INFO: Active CC: 20
1664843231.533502 -- INFO: Start Process :: 19
1664843231.573263 -- INFO: Process 19 get item 31 from queue and executing
1664843231.573907 -- INFO: starting 19, 31, /users/jamilm/files_to_Send/FILE3
1664843231.603885 -- INFO: Throughput @144.2s:185.03Mbps, rtt :39.25ms cwnd: 31.6 lossRate: 0.0027690371302706105 CC:20 score:-119.0 
1664843232.607152 -- INFO: Throughput @145.2s:201.14Mbps, rtt :39.14ms cwnd: 32.9 lossRate: 0.0025667950064169874 CC:20 score:-130.0 
1664843233.603891 -- INFO: Throughput @146.2s:178.13Mbps, rtt :39.21ms cwnd: 28.1 lossRate: 0.003969286829776158 CC:20 score:-113.0 
1664843234.604011 -- INFO: Throughput @147.2s:157.82Mbps, rtt :39.39ms cwnd: 28.2 lossRate: 0.003151410972640023 CC:20 score:-101.0 
1664843234.734447 -- INFO: Gradient_Fast: 19.999999999999986, Gredient_Fast Change: 0.14851485148514842, Theta: -1, Previous CC: 20, Choosen CC: 17
1664843234.734592 -- INFO: Changing concurrency to 17 ******
1664843234.735416 -- INFO: Process Status Bits from change concurrency are: 1 1 1 1 1 1 1 1 1 1 1 1 1 1 1 1 1 0 0 0 0 0 0 0 0 0 0 0 0 0 0 0
1664843234.736528 -- INFO: Active CC: 17
1664843235.610774 -- INFO: Throughput @148.2s:155.22Mbps, rtt :38.97ms cwnd: 29.9 lossRate: 0 CC:17 score:-111.0 
1664843236.612351 -- INFO: Throughput @149.2s:146.48Mbps, rtt :39.16ms cwnd: 33.1 lossRate: 0.0021906632421815984 CC:17 score:-101.0 
1664843237.611346 -- INFO: Throughput @150.2s:159.47Mbps, rtt :39.23ms cwnd: 31.9 lossRate: 0.002719788297559541 CC:17 score:-110.0 
1664843237.937352 -- INFO: Gradient_Fast: -2.4444444444444478, Gredient_Fast Change: 0.02131782945736437, Theta: 1, Previous CC: 17, Choosen CC: 18
1664843237.937455 -- INFO: Changing concurrency to 18 ******
1664843237.939275 -- INFO: Process Status Bits from change concurrency are: 1 1 1 1 1 1 1 1 1 1 1 1 1 1 1 1 1 1 0 0 0 0 0 0 0 0 0 0 0 0 0 0
1664843237.941144 -- INFO: Active CC: 18
1664843237.940271 -- INFO: Start Process :: 17
1664843237.980774 -- INFO: Process 17 get item 29 from queue and executing
1664843237.981579 -- INFO: starting 17, 29, /users/jamilm/files_to_Send/FILE1
1664843238.615211 -- INFO: Throughput @151.2s:173.12Mbps, rtt :39.02ms cwnd: 34.6 lossRate: 0.0021582248600526066 CC:18 score:-117.0 
1664843239.615014 -- INFO: Throughput @152.2s:184.26Mbps, rtt :39.07ms cwnd: 37.3 lossRate: 0.0034105534105534105 CC:18 score:-123.0 
1664843240.615237 -- INFO: Throughput @153.2s:213.68Mbps, rtt :39.03ms cwnd: 53.2 lossRate: 0.0018145914500720499 CC:18 score:-146.0 
1664843241.141966 -- INFO: Gradient_Fast: -21.33333333333333, Gredient_Fast Change: 0.19875776397515524, Theta: 2, Previous CC: 18, Choosen CC: 26
1664843241.142075 -- INFO: Changing concurrency to 26 ******
1664843241.143388 -- INFO: Process Status Bits from change concurrency are: 1 1 1 1 1 1 1 1 1 1 1 1 1 1 1 1 1 1 1 1 1 1 1 1 1 1 0 0 0 0 0 0
1664843241.144432 -- INFO: Active CC: 26
1664843241.144302 -- INFO: Start Process :: 23
1664843241.144471 -- INFO: Start Process :: 19
1664843241.144600 -- INFO: Start Process :: 22
1664843241.144472 -- INFO: Start Process :: 24
1664843241.144754 -- INFO: Start Process :: 21
1664843241.144481 -- INFO: Start Process :: 20
1664843241.145139 -- INFO: Start Process :: 25
1664843241.145216 -- INFO: Start Process :: 18
1664843241.184074 -- INFO: Process 19 get item 23 from queue and executing
1664843241.184243 -- INFO: Process 23 get item 27 from queue and executing
1664843241.184330 -- INFO: Process 22 get item 28 from queue and executing
1664843241.184381 -- INFO: starting 19, 23, /users/jamilm/files_to_Send/FILE3
1664843241.184558 -- INFO: starting 23, 27, /users/jamilm/files_to_Send/FILE3
1664843241.184663 -- INFO: starting 22, 28, /users/jamilm/files_to_Send/FILE2
1664843241.184883 -- INFO: Process 24 get item 22 from queue and executing
1664843241.185066 -- INFO: Process 21 get item 25 from queue and executing
1664843241.185218 -- INFO: Process 20 get item 18 from queue and executing
1664843241.185285 -- INFO: Process 25 get item 26 from queue and executing
1664843241.185434 -- INFO: starting 24, 22, /users/jamilm/files_to_Send/FILE0
1664843241.185606 -- INFO: starting 20, 18, /users/jamilm/files_to_Send/FILE0
1664843241.185642 -- INFO: starting 21, 25, /users/jamilm/files_to_Send/FILE1
1664843241.185640 -- INFO: Process 18 get item 21 from queue and executing
1664843241.185750 -- INFO: starting 25, 26, /users/jamilm/files_to_Send/FILE0
1664843241.186425 -- INFO: starting 18, 21, /users/jamilm/files_to_Send/FILE1
1664843241.618402 -- INFO: Throughput @154.2s:229.79Mbps, rtt :39.25ms cwnd: 38.9 lossRate: 0.003786683496371095 CC:26 score:-129.0 
1664843242.617704 -- INFO: Throughput @155.2s:283.67Mbps, rtt :39.08ms cwnd: 41.0 lossRate: 0.0028106142018682317 CC:26 score:-162.0 
1664843243.619867 -- INFO: Throughput @156.2s:303.35Mbps, rtt :39.01ms cwnd: 41.2 lossRate: 0.0018878101402373248 CC:26 score:-176.0 
1664843244.345276 -- INFO: Gradient_Fast: -3.375, Gredient_Fast Change: 0.02623056994818653, Theta: 3, Previous CC: 26, Choosen CC: 29
1664843244.345429 -- INFO: Changing concurrency to 29 ******
1664843244.345905 -- INFO: Process Status Bits from change concurrency are: 1 1 1 1 1 1 1 1 1 1 1 1 1 1 1 1 1 1 1 1 1 1 1 1 1 1 1 1 1 0 0 0
1664843244.346224 -- INFO: Active CC: 29
1664843244.346548 -- INFO: Start Process :: 28
1664843244.346758 -- INFO: Start Process :: 26
1664843244.346921 -- INFO: Start Process :: 27
1664843244.385898 -- INFO: Process 28 get item 24 from queue and executing
1664843244.386264 -- INFO: starting 28, 24, /users/jamilm/files_to_Send/FILE2
1664843244.386450 -- INFO: Process 27 get item 20 from queue and executing
1664843244.386591 -- INFO: Process 26 get item 30 from queue and executing
1664843244.386808 -- INFO: starting 27, 20, /users/jamilm/files_to_Send/FILE2
1664843244.386883 -- INFO: starting 26, 30, /users/jamilm/files_to_Send/FILE0
1664843244.620291 -- INFO: Throughput @157.2s:317.14Mbps, rtt :38.94ms cwnd: 37.4 lossRate: 0.002430906167021953 CC:29 score:-171.0 
1664843245.622015 -- INFO: Throughput @158.2s:338.96Mbps, rtt :39.16ms cwnd: 36.4 lossRate: 0.002713026095027309 CC:29 score:-182.0 
1664843246.622807 -- INFO: Throughput @159.2s:284.21Mbps, rtt :39.04ms cwnd: 30.9 lossRate: 0.0031187978451942162 CC:29 score:-151.0 
1664843247.546954 -- INFO: Gradient_Fast: -4.111111111111114, Gredient_Fast Change: 0.026409707351891527, Theta: 4, Previous CC: 29, Choosen CC: 32
1664843247.547058 -- INFO: Changing concurrency to 32 ******
1664843247.547351 -- INFO: Process Status Bits from change concurrency are: 1 1 1 1 1 1 1 1 1 1 1 1 1 1 1 1 1 1 1 1 1 1 1 1 1 1 1 1 1 1 1 1
1664843247.547514 -- INFO: Active CC: 32
1664843247.547901 -- INFO: Start Process :: 31
1664843247.548246 -- INFO: Start Process :: 30
1664843247.548412 -- INFO: Start Process :: 29
1664843247.587203 -- INFO: Process 31 get item 31 from queue and executing
1664843247.587491 -- INFO: starting 31, 31, /users/jamilm/files_to_Send/FILE3
1664843247.587854 -- INFO: Process 30 get item 10 from queue and executing
1664843247.587958 -- INFO: Process 29 get item 19 from queue and executing
1664843247.588114 -- INFO: starting 30, 10, /users/jamilm/files_to_Send/FILE0
1664843247.588181 -- INFO: starting 29, 19, /users/jamilm/files_to_Send/FILE3
1664843247.621414 -- INFO: Throughput @160.2s:279.24Mbps, rtt :39.3ms cwnd: 30.4 lossRate: 0.0024172002883677537 CC:32 score:-141.0 
1664843248.624410 -- INFO: Throughput @161.2s:286.58Mbps, rtt :39.31ms cwnd: 30.9 lossRate: 0.0032865731462925853 CC:32 score:-143.0 
1664843249.625674 -- INFO: Throughput @162.2s:305.62Mbps, rtt :39.15ms cwnd: 32.7 lossRate: 0.0023968954497032417 CC:32 score:-155.0 
1664843250.626295 -- INFO: Throughput @163.2s:316.44Mbps, rtt :39.23ms cwnd: 33.6 lossRate: 0.0021245421245421245 CC:32 score:-161.0 
1664843250.748192 -- INFO: Gradient_Fast: 5.0, Gredient_Fast Change: 0.02976190476190476, Theta: -1, Previous CC: 32, Choosen CC: 31
1664843250.748286 -- INFO: Changing concurrency to 31 ******
1664843250.748401 -- INFO: Process Status Bits from change concurrency are: 1 1 1 1 1 1 1 1 1 1 1 1 1 1 1 1 1 1 1 1 1 1 1 1 1 1 1 1 1 1 1 0
1664843250.748536 -- INFO: Active CC: 31
1664843251.626598 -- INFO: Throughput @164.2s:300.35Mbps, rtt :39.14ms cwnd: 30.5 lossRate: 0.0034267372256441397 CC:31 score:-152.0 
1664843252.628262 -- INFO: Throughput @165.2s:269.64Mbps, rtt :39.39ms cwnd: 30.3 lossRate: 0.0031811538130857193 CC:31 score:-137.0 
1664843253.629814 -- INFO: Throughput @166.2s:283.8Mbps, rtt :39.15ms cwnd: 30.7 lossRate: 0.0029211701372949964 CC:31 score:-145.0 
1664843253.949252 -- INFO: Gradient_Fast: -8.333333333333343, Gredient_Fast Change: 0.05446623093681923, Theta: 1, Previous CC: 31, Choosen CC: 32
1664843253.949346 -- INFO: Changing concurrency to 32 ******
1664843253.949555 -- INFO: Process Status Bits from change concurrency are: 1 1 1 1 1 1 1 1 1 1 1 1 1 1 1 1 1 1 1 1 1 1 1 1 1 1 1 1 1 1 1 1
1664843253.949685 -- INFO: Active CC: 32
1664843253.949922 -- INFO: Start Process :: 31
1664843253.989026 -- INFO: Process 31 get item 31 from queue and executing
1664843253.989280 -- INFO: starting 31, 31, /users/jamilm/files_to_Send/FILE3
1664843254.629899 -- INFO: Throughput @167.2s:289.71Mbps, rtt :39.1ms cwnd: 32.4 lossRate: 0.0023476015337663353 CC:32 score:-147.0 
1664843255.631524 -- INFO: Throughput @168.2s:298.83Mbps, rtt :39.36ms cwnd: 30.2 lossRate: 0.0033411949685534592 CC:32 score:-149.0 
1664843256.632266 -- INFO: Throughput @169.2s:278.95Mbps, rtt :39.17ms cwnd: 30.1 lossRate: 0.0029194712513178167 CC:32 score:-140.0 
1664843257.150430 -- INFO: Gradient_Fast: -0.6666666666666856, Gredient_Fast Change: 0.004608294930875707, Theta: 2, Previous CC: 32, Choosen CC: 32
1664843257.150524 -- INFO: Changing concurrency to 32 ******
1664843257.150644 -- INFO: Process Status Bits from change concurrency are: 1 1 1 1 1 1 1 1 1 1 1 1 1 1 1 1 1 1 1 1 1 1 1 1 1 1 1 1 1 1 1 1
1664843257.150771 -- INFO: Active CC: 32
1664843257.633368 -- INFO: Throughput @170.2s:292.47Mbps, rtt :39.13ms cwnd: 32.7 lossRate: 0.0026490066225165563 CC:32 score:-147.0 
1664843258.634816 -- INFO: Throughput @171.2s:305.25Mbps, rtt :39.09ms cwnd: 30.6 lossRate: 0.0032037993290867286 CC:32 score:-152.0 
1664843259.636053 -- INFO: Throughput @172.2s:297.32Mbps, rtt :39.13ms cwnd: 33.8 lossRate: 0.0018578903465534238 CC:32 score:-152.0 
1664843260.351577 -- INFO: Gradient_Fast: 5.0, Gredient_Fast Change: 0.03440366972477064, Theta: -1, Previous CC: 32, Choosen CC: 30
1664843260.351691 -- INFO: Changing concurrency to 30 ******
1664843260.351801 -- INFO: Process Status Bits from change concurrency are: 1 1 1 1 1 1 1 1 1 1 1 1 1 1 1 1 1 1 1 1 1 1 1 1 1 1 1 1 1 1 0 0
1664843260.351931 -- INFO: Active CC: 30
1664843260.637280 -- INFO: Throughput @173.2s:308.37Mbps, rtt :39.28ms cwnd: 29.2 lossRate: 0.00368573008170035 CC:30 score:-159.0 
1664843261.638426 -- INFO: Throughput @174.2s:250.37Mbps, rtt :39.09ms cwnd: 28.8 lossRate: 0.0028430030535958723 CC:30 score:-131.0 
1664843262.636891 -- INFO: Throughput @175.2s:258.66Mbps, rtt :39.36ms cwnd: 27.8 lossRate: 0.003401823377330249 CC:30 score:-134.0 
1664843263.552628 -- INFO: Gradient_Fast: -4.5, Gredient_Fast Change: 0.029933481152993345, Theta: 1, Previous CC: 30, Choosen CC: 31
1664843263.552730 -- INFO: Changing concurrency to 31 ******
1664843263.552932 -- INFO: Process Status Bits from change concurrency are: 1 1 1 1 1 1 1 1 1 1 1 1 1 1 1 1 1 1 1 1 1 1 1 1 1 1 1 1 1 1 1 0
1664843263.553132 -- INFO: Active CC: 31
1664843263.553299 -- INFO: Start Process :: 30
1664843263.592483 -- INFO: Process 30 get item 31 from queue and executing
1664843263.592678 -- INFO: starting 30, 31, /users/jamilm/files_to_Send/FILE3
1664843263.640435 -- INFO: Throughput @176.2s:264.78Mbps, rtt :39.19ms cwnd: 29.8 lossRate: 0.0024325519681556835 CC:31 score:-137.0 
1664843264.641389 -- INFO: Throughput @177.2s:277.98Mbps, rtt :39.23ms cwnd: 29.3 lossRate: 0.003385721451262331 CC:31 score:-141.0 
1664843265.642184 -- INFO: Throughput @178.2s:280.93Mbps, rtt :39.08ms cwnd: 30.6 lossRate: 0.002870852643235041 CC:31 score:-144.0 
1664843266.643909 -- INFO: Throughput @179.2s:268.88Mbps, rtt :39.04ms cwnd: 28.9 lossRate: 0.0036126224156692054 CC:31 score:-136.0 
1664843266.753869 -- INFO: Gradient_Fast: 1.0, Gredient_Fast Change: 0.007075471698113207, Theta: -1, Previous CC: 31, Choosen CC: 30
1664843266.753969 -- INFO: Changing concurrency to 30 ******
1664843266.754173 -- INFO: Process Status Bits from change concurrency are: 1 1 1 1 1 1 1 1 1 1 1 1 1 1 1 1 1 1 1 1 1 1 1 1 1 1 1 1 1 1 0 0
1664843266.754380 -- INFO: Active CC: 30
1664843267.644077 -- INFO: Throughput @180.2s:248.62Mbps, rtt :39.57ms cwnd: 28.5 lossRate: 0.003055286129970902 CC:30 score:-130.0 
1664843268.643499 -- INFO: Throughput @181.2s:273.2Mbps, rtt :39.19ms cwnd: 32.6 lossRate: 0.002218430034129693 CC:30 score:-145.0 
1664843269.646583 -- INFO: Throughput @182.2s:274.08Mbps, rtt :39.79ms cwnd: 28.5 lossRate: 0.003992273019961365 CC:30 score:-140.0 
1664843269.955091 -- INFO: Gradient_Fast: -2.0, Gredient_Fast Change: 0.014251781472684084, Theta: 1, Previous CC: 30, Choosen CC: 31
1664843269.955216 -- INFO: Changing concurrency to 31 ******
1664843269.955438 -- INFO: Process Status Bits from change concurrency are: 1 1 1 1 1 1 1 1 1 1 1 1 1 1 1 1 1 1 1 1 1 1 1 1 1 1 1 1 1 1 1 0
1664843269.955629 -- INFO: Active CC: 31
1664843269.955820 -- INFO: Start Process :: 30
1664843269.995024 -- INFO: Process 30 get item 10 from queue and executing
1664843269.995258 -- INFO: starting 30, 10, /users/jamilm/files_to_Send/FILE0
1664843270.647903 -- INFO: Throughput @183.2s:255.42Mbps, rtt :39.22ms cwnd: 27.3 lossRate: 0.0035861818511961504 CC:31 score:-129.0 
1664843271.647002 -- INFO: Throughput @184.2s:240.49Mbps, rtt :39.6ms cwnd: 27.1 lossRate: 0.0035164021653634387 CC:31 score:-122.0 
1664843272.649965 -- INFO: Throughput @185.2s:258.88Mbps, rtt :39.42ms cwnd: 26.3 lossRate: 0.003956387725997147 CC:31 score:-130.0 
1664843273.156360 -- INFO: Gradient_Fast: 11.333333333333343, Gredient_Fast Change: 0.08192771084337355, Theta: -1, Previous CC: 31, Choosen CC: 28
1664843273.156456 -- INFO: Changing concurrency to 28 ******
1664843273.156630 -- INFO: Process Status Bits from change concurrency are: 1 1 1 1 1 1 1 1 1 1 1 1 1 1 1 1 1 1 1 1 1 1 1 1 1 1 1 1 0 0 0 0
1664843273.156831 -- INFO: Active CC: 28
1664843273.647484 -- INFO: Throughput @186.2s:251.83Mbps, rtt :39.18ms cwnd: 29.7 lossRate: 0.0020508813906929047 CC:28 score:-139.0 
1664843274.651258 -- INFO: Throughput @187.2s:243.73Mbps, rtt :39.11ms cwnd: 30.4 lossRate: 0 CC:28 score:-140.0 
1664843275.652517 -- INFO: Throughput @188.2s:257.94Mbps, rtt :39.34ms cwnd: 31.2 lossRate: 0.002830188679245283 CC:28 score:-141.0 
1664843276.357665 -- INFO: Gradient_Fast: 4.333333333333333, Gredient_Fast Change: 0.03412073490813648, Theta: -2, Previous CC: 28, Choosen CC: 26
1664843276.357814 -- INFO: Changing concurrency to 26 ******
1664843276.358141 -- INFO: Process Status Bits from change concurrency are: 1 1 1 1 1 1 1 1 1 1 1 1 1 1 1 1 1 1 1 1 1 1 1 1 1 1 0 0 0 0 0 0
1664843276.358522 -- INFO: Active CC: 26
1664843276.653544 -- INFO: Throughput @189.2s:263.25Mbps, rtt :39.12ms cwnd: 33.0 lossRate: 0.0023997556612417644 CC:26 score:-151.0 
1664843277.654485 -- INFO: Throughput @190.2s:258.21Mbps, rtt :39.26ms cwnd: 31.8 lossRate: 0 CC:26 score:-154.0 
1664843278.655425 -- INFO: Throughput @191.2s:237.65Mbps, rtt :39.4ms cwnd: 31.5 lossRate: 0.002830686561435494 CC:26 score:-135.0 
1664843279.559438 -- INFO: Gradient_Fast: 3.3333333333333286, Gredient_Fast Change: 0.023809523809523777, Theta: -3, Previous CC: 26, Choosen CC: 23
1664843279.559599 -- INFO: Changing concurrency to 23 ******
1664843279.560051 -- INFO: Process Status Bits from change concurrency are: 1 1 1 1 1 1 1 1 1 1 1 1 1 1 1 1 1 1 1 1 1 1 1 0 0 0 0 0 0 0 0 0
1664843279.560485 -- INFO: Active CC: 23
1664843279.657300 -- INFO: Throughput @192.2s:232.31Mbps, rtt :39.32ms cwnd: 30.3 lossRate: 0.00309552599758162 CC:23 score:-140.0 
1664843280.656257 -- INFO: Throughput @193.3s:195.97Mbps, rtt :39.35ms cwnd: 29.3 lossRate: 0 CC:23 score:-124.0 
1664843281.658005 -- INFO: Throughput @194.3s:196.73Mbps, rtt :39.14ms cwnd: 31.7 lossRate: 0.0028518216738447214 CC:23 score:-119.0 
1664843282.659161 -- INFO: Throughput @195.3s:207.59Mbps, rtt :39.15ms cwnd: 29.8 lossRate: 0.0031017032159764923 CC:23 score:-125.0 
1664843282.761421 -- INFO: Gradient_Fast: -7.999999999999996, Gredient_Fast Change: 0.05454545454545452, Theta: 1, Previous CC: 23, Choosen CC: 25
1664843282.761593 -- INFO: Changing concurrency to 25 ******
1664843282.762197 -- INFO: Process Status Bits from change concurrency are: 1 1 1 1 1 1 1 1 1 1 1 1 1 1 1 1 1 1 1 1 1 1 1 1 1 0 0 0 0 0 0 0
1664843282.762525 -- INFO: Start Process :: 23
1664843282.762712 -- INFO: Active CC: 25
1664843282.763047 -- INFO: Start Process :: 24
1664843282.801764 -- INFO: Process 23 get item 31 from queue and executing
1664843282.802073 -- INFO: starting 23, 31, /users/jamilm/files_to_Send/FILE3
1664843282.802579 -- INFO: Process 24 get item 24 from queue and executing
1664843282.803046 -- INFO: starting 24, 24, /users/jamilm/files_to_Send/FILE2
1664843283.659167 -- INFO: Throughput @196.3s:234.87Mbps, rtt :39.14ms cwnd: 31.0 lossRate: 0.0028126569563033652 CC:25 score:-137.0 
1664843284.661827 -- INFO: Throughput @197.3s:217.34Mbps, rtt :39.04ms cwnd: 29.8 lossRate: 0.0033457054733650477 CC:25 score:-125.0 
1664843285.662544 -- INFO: Throughput @198.3s:234.55Mbps, rtt :39.43ms cwnd: 29.0 lossRate: 0.0032155982033483053 CC:25 score:-135.0 
1664843285.963518 -- INFO: Gradient_Fast: -4.833333333333336, Gredient_Fast Change: 0.039402173913043494, Theta: 2, Previous CC: 25, Choosen CC: 27
1664843285.963669 -- INFO: Changing concurrency to 27 ******
1664843285.964236 -- INFO: Process Status Bits from change concurrency are: 1 1 1 1 1 1 1 1 1 1 1 1 1 1 1 1 1 1 1 1 1 1 1 1 1 1 1 0 0 0 0 0
1664843285.964601 -- INFO: Active CC: 27
1664843285.964549 -- INFO: Start Process :: 25
1664843285.964772 -- INFO: Start Process :: 26
1664843286.003923 -- INFO: Process 25 get item 10 from queue and executing
1664843286.004039 -- INFO: Process 26 get item 19 from queue and executing
1664843286.004182 -- INFO: starting 25, 10, /users/jamilm/files_to_Send/FILE0
1664843286.004283 -- INFO: starting 26, 19, /users/jamilm/files_to_Send/FILE3
1664843286.664176 -- INFO: Throughput @199.3s:232.33Mbps, rtt :39.09ms cwnd: 31.1 lossRate: 0.002680299796495756 CC:27 score:-130.0 
1664843287.647981 -- INFO: episode expires
1664843287.648001 -- INFO: Process 28 shutdown itself from outest loop
1664843287.648014 -- INFO: Process 30 shutdown itself from outest loop
1664843287.648017 -- INFO: Process 29 shutdown itself from outest loop
1664843287.648271 -- INFO: Process Status Bits are: 1 1 1 1 1 1 1 1 1 1 1 1 1 1 1 1 1 1 1 1 1 1 1 1 1 1 1 0 0 0 0 0
1664843287.648292 -- INFO: Process Status Bits are: 1 1 1 1 1 1 1 1 1 1 1 1 1 1 1 1 1 1 1 1 1 1 1 1 1 1 1 0 0 0 0 0
1664843287.648300 -- INFO: Process Status Bits are: 1 1 1 1 1 1 1 1 1 1 1 1 1 1 1 1 1 1 1 1 1 1 1 1 1 1 1 0 0 0 0 0
1664843287.648153 -- INFO: Process 27 shutdown itself from outest loop
1664843287.648521 -- INFO: Process Status Bits are: 1 1 1 1 1 1 1 1 1 1 1 1 1 1 1 1 1 1 1 1 1 1 1 1 1 1 1 0 0 0 0 0
1664843287.648504 -- INFO: Process 31 shutdown itself from outest loop
1664843287.649441 -- INFO: Process Status Bits are: 1 1 1 1 1 1 1 1 1 1 1 1 1 1 1 1 1 1 1 1 1 1 1 1 1 1 1 0 0 0 0 0
1664843289.165704 -- INFO: Gradient_Fast: 1.1666666666666714, Gredient_Fast Change: 0.008816120906801042, Theta: -1, Previous CC: 27, Choosen CC: 26
1664843289.165853 -- INFO: episode expires
1664843289.347106 -- INFO: GD_Fast Optimizer Exits ...
1664843289.632647 -- INFO: Throughput @0.1s:0.0Mbps, rtt :39.21ms cwnd: 28.1 lossRate: 0.002909784003274697 CC:0 score:-0.0 
