1664849667.434343 -- INFO: Changing concurrency to 1 ******
1664849667.437172 -- INFO: Start Process :: 0
1664849667.441833 -- INFO: Process Status Bits from change concurrency are: 1 0 0 0 0 0 0 0 0 0 0 0 0 0 0 0 0 0 0 0 0 0 0 0 0 0 0 0 0 0 0 0
1664849667.450326 -- INFO: Active CC: 1
1664849667.477306 -- INFO: Process 0 get item 0 from queue and executing
1664849667.477710 -- INFO: starting 0, 0, /users/jamilm/files_to_Send/FILE2
1664849667.511230 -- INFO: Throughput @0.1s:0.0Mbps, rtt :38.58ms cwnd: 10.0 lossRate: 0.0 CC:1 score:-0.0 
1664849668.498229 -- INFO: Throughput @1.1s:8.39Mbps, rtt :38.44ms cwnd: 33.0 lossRate: 0.002819548872180451 CC:1 score:-8.0 
1664849669.499822 -- INFO: Throughput @2.1s:8.39Mbps, rtt :38.55ms cwnd: 24.0 lossRate: 0.004658385093167702 CC:1 score:-8.0 
1664849670.500804 -- INFO: Throughput @3.1s:8.39Mbps, rtt :38.6ms cwnd: 38.0 lossRate: 0.0 CC:1 score:-8.0 
1664849670.653399 -- INFO: Changing concurrency to 3 ******
1664849670.655606 -- INFO: Start Process :: 1
1664849670.657203 -- INFO: Start Process :: 2
1664849670.661810 -- INFO: Process Status Bits from change concurrency are: 1 1 1 0 0 0 0 0 0 0 0 0 0 0 0 0 0 0 0 0 0 0 0 0 0 0 0 0 0 0 0 0
1664849670.668690 -- INFO: Active CC: 3
1664849670.695535 -- INFO: Process 1 get item 1 from queue and executing
1664849670.695989 -- INFO: starting 1, 1, /users/jamilm/files_to_Send/FILE1
1664849670.697126 -- INFO: Process 2 get item 2 from queue and executing
1664849670.697904 -- INFO: starting 2, 2, /users/jamilm/files_to_Send/FILE0
1664849671.501573 -- INFO: Throughput @4.1s:25.17Mbps, rtt :39.96ms cwnd: 38.7 lossRate: 0.002830188679245283 CC:3 score:-23.0 
1664849672.501425 -- INFO: Throughput @5.1s:25.17Mbps, rtt :39.26ms cwnd: 26.7 lossRate: 0.006872852233676976 CC:3 score:-22.0 
1664849673.502318 -- INFO: Throughput @6.1s:16.78Mbps, rtt :38.81ms cwnd: 24.7 lossRate: 0.005128205128205128 CC:3 score:-15.0 
1664849673.869797 -- INFO: Gradient: -6.0, Gredient Change: 0.75, Theta: 1, Previous CC: 2, Choosen CC: 4
1664849673.869901 -- INFO: Changing concurrency to 3 ******
1664849673.875249 -- INFO: Process Status Bits from change concurrency are: 1 1 1 0 0 0 0 0 0 0 0 0 0 0 0 0 0 0 0 0 0 0 0 0 0 0 0 0 0 0 0 0
1664849673.881111 -- INFO: Active CC: 3
1664849674.504855 -- INFO: Throughput @7.1s:25.17Mbps, rtt :40.0ms cwnd: 14.7 lossRate: 0.01411589895988113 CC:3 score:-20.0 
1664849675.503780 -- INFO: Throughput @8.1s:8.39Mbps, rtt :39.75ms cwnd: 19.3 lossRate: 0.0070859167404783 CC:3 score:-7.0 
1664849676.508204 -- INFO: Throughput @9.1s:16.78Mbps, rtt :39.91ms cwnd: 15.3 lossRate: 0.0109460516028147 CC:3 score:-14.0 
1664849677.082133 -- INFO: Changing concurrency to 5 ******
1664849677.085302 -- INFO: Start Process :: 3
1664849677.085425 -- INFO: Start Process :: 4
1664849677.087386 -- INFO: Process Status Bits from change concurrency are: 1 1 1 1 1 0 0 0 0 0 0 0 0 0 0 0 0 0 0 0 0 0 0 0 0 0 0 0 0 0 0 0
1664849677.093143 -- INFO: Active CC: 5
1664849677.125545 -- INFO: Process 3 get item 3 from queue and executing
1664849677.125780 -- INFO: Process 4 get item 4 from queue and executing
1664849677.126523 -- INFO: starting 3, 3, /users/jamilm/files_to_Send/FILE3
1664849677.126850 -- INFO: starting 4, 4, /users/jamilm/files_to_Send/FILE2
1664849677.507591 -- INFO: Throughput @10.1s:8.39Mbps, rtt :39.16ms cwnd: 19.4 lossRate: 0.0062959076600209865 CC:5 score:-7.0 
1664849678.506825 -- INFO: Throughput @11.1s:33.55Mbps, rtt :40.56ms cwnd: 21.4 lossRate: 0.006423123243677238 CC:5 score:-28.0 
1664849679.507963 -- INFO: Throughput @12.1s:33.55Mbps, rtt :38.65ms cwnd: 27.2 lossRate: 0.0026755852842809363 CC:5 score:-29.0 
1664849680.294241 -- INFO: Gradient: -3.833333333333333, Gredient Change: 0.28048780487804875, Theta: 2, Previous CC: 4, Choosen CC: 8
1664849680.294344 -- INFO: Changing concurrency to 7 ******
1664849680.298273 -- INFO: Start Process :: 6
1664849680.298376 -- INFO: Start Process :: 5
1664849680.300232 -- INFO: Process Status Bits from change concurrency are: 1 1 1 1 1 1 1 0 0 0 0 0 0 0 0 0 0 0 0 0 0 0 0 0 0 0 0 0 0 0 0 0
1664849680.304852 -- INFO: Active CC: 7
1664849680.338349 -- INFO: Process 6 get item 5 from queue and executing
1664849680.338493 -- INFO: Process 5 get item 6 from queue and executing
1664849680.338933 -- INFO: starting 6, 5, /users/jamilm/files_to_Send/FILE1
1664849680.339098 -- INFO: starting 5, 6, /users/jamilm/files_to_Send/FILE0
1664849680.512587 -- INFO: Throughput @13.1s:33.55Mbps, rtt :38.97ms cwnd: 24.0 lossRate: 0.005488157134604275 CC:7 score:-27.0 
1664849681.511297 -- INFO: Throughput @14.1s:58.72Mbps, rtt :39.58ms cwnd: 24.3 lossRate: 0.004003768252472915 CC:7 score:-49.0 
1664849682.511898 -- INFO: Throughput @15.1s:50.33Mbps, rtt :39.79ms cwnd: 20.9 lossRate: 0.00605296343001261 CC:7 score:-41.0 
1664849683.505883 -- INFO: Changing concurrency to 9 ******
1664849683.511207 -- INFO: Process Status Bits from change concurrency are: 1 1 1 1 1 1 1 1 1 0 0 0 0 0 0 0 0 0 0 0 0 0 0 0 0 0 0 0 0 0 0 0
1664849683.511463 -- INFO: Start Process :: 7
1664849683.511705 -- INFO: Start Process :: 8
1664849683.515283 -- INFO: Throughput @16.1s:33.55Mbps, rtt :39.99ms cwnd: 19.4 lossRate: 0.006046267087276551 CC:7 score:-27.0 
1664849683.515948 -- INFO: Active CC: 9
1664849683.551744 -- INFO: Process 7 get item 7 from queue and executing
1664849683.551864 -- INFO: Process 8 get item 8 from queue and executing
1664849683.552182 -- INFO: starting 7, 7, /users/jamilm/files_to_Send/FILE3
1664849683.552421 -- INFO: starting 8, 8, /users/jamilm/files_to_Send/FILE2
1664849684.515787 -- INFO: Throughput @17.1s:58.72Mbps, rtt :39.41ms cwnd: 26.8 lossRate: 0.0029101491451436886 CC:9 score:-47.0 
1664849685.515340 -- INFO: Throughput @18.1s:67.11Mbps, rtt :39.7ms cwnd: 23.4 lossRate: 0.005368647100930566 CC:9 score:-53.0 
1664849686.515538 -- INFO: Throughput @19.1s:58.72Mbps, rtt :39.13ms cwnd: 22.8 lossRate: 0.005543045210462498 CC:9 score:-46.0 
1664849686.717118 -- INFO: Gradient: -4.833333333333332, Gredient Change: 0.12393162393162391, Theta: 3, Previous CC: 8, Choosen CC: 11
1664849686.717223 -- INFO: Changing concurrency to 10 ******
1664849686.722283 -- INFO: Process Status Bits from change concurrency are: 1 1 1 1 1 1 1 1 1 1 0 0 0 0 0 0 0 0 0 0 0 0 0 0 0 0 0 0 0 0 0 0
1664849686.723993 -- INFO: Start Process :: 9
1664849686.725499 -- INFO: Active CC: 10
1664849686.764217 -- INFO: Process 9 get item 9 from queue and executing
1664849686.764630 -- INFO: starting 9, 9, /users/jamilm/files_to_Send/FILE1
1664849687.517215 -- INFO: Throughput @20.1s:67.11Mbps, rtt :39.41ms cwnd: 24.2 lossRate: 0.004712382190445239 CC:10 score:-52.0 
1664849688.519827 -- INFO: Throughput @21.1s:67.11Mbps, rtt :39.28ms cwnd: 25.5 lossRate: 0.004056466006814863 CC:10 score:-52.0 
1664849689.518219 -- INFO: Throughput @22.1s:67.11Mbps, rtt :39.62ms cwnd: 26.1 lossRate: 0.004109372530425162 CC:10 score:-52.0 
1664849689.926492 -- INFO: Changing concurrency to 12 ******
1664849689.930967 -- INFO: Process Status Bits from change concurrency are: 1 1 1 1 1 1 1 1 1 1 1 1 0 0 0 0 0 0 0 0 0 0 0 0 0 0 0 0 0 0 0 0
1664849689.932587 -- INFO: Start Process :: 10
1664849689.933068 -- INFO: Start Process :: 11
1664849689.933883 -- INFO: Active CC: 12
1664849689.973147 -- INFO: Process 10 get item 10 from queue and executing
1664849689.973254 -- INFO: Process 11 get item 11 from queue and executing
1664849689.973619 -- INFO: starting 11, 11, /users/jamilm/files_to_Send/FILE3
1664849689.973666 -- INFO: starting 10, 10, /users/jamilm/files_to_Send/FILE0
1664849690.522951 -- INFO: Throughput @23.1s:83.89Mbps, rtt :39.29ms cwnd: 24.5 lossRate: 0.005702066999287242 CC:12 score:-61.0 
1664849691.520418 -- INFO: Throughput @24.1s:83.89Mbps, rtt :39.41ms cwnd: 21.7 lossRate: 0.006435006435006435 CC:12 score:-61.0 
1664849692.524005 -- INFO: Throughput @25.1s:83.89Mbps, rtt :39.7ms cwnd: 23.3 lossRate: 0.0049261083743842365 CC:12 score:-62.0 
1664849693.134815 -- INFO: Gradient: -4.666666666666668, Gredient Change: 0.08974358974358977, Theta: 4, Previous CC: 11, Choosen CC: 15
1664849693.134921 -- INFO: Changing concurrency to 14 ******
1664849693.137163 -- INFO: Process Status Bits from change concurrency are: 1 1 1 1 1 1 1 1 1 1 1 1 1 1 0 0 0 0 0 0 0 0 0 0 0 0 0 0 0 0 0 0
1664849693.140356 -- INFO: Active CC: 14
1664849693.140600 -- INFO: Start Process :: 12
1664849693.141026 -- INFO: Start Process :: 13
1664849693.180981 -- INFO: Process 12 get item 12 from queue and executing
1664849693.181124 -- INFO: Process 13 get item 13 from queue and executing
1664849693.181478 -- INFO: starting 13, 13, /users/jamilm/files_to_Send/FILE1
1664849693.181580 -- INFO: starting 12, 12, /users/jamilm/files_to_Send/FILE2
1664849693.522786 -- INFO: Throughput @26.1s:75.5Mbps, rtt :39.49ms cwnd: 21.7 lossRate: 0.006417410714285714 CC:14 score:-52.0 
1664849694.524373 -- INFO: Throughput @27.1s:75.5Mbps, rtt :39.08ms cwnd: 20.5 lossRate: 0.006340707341130055 CC:14 score:-52.0 
1664849695.523211 -- INFO: Throughput @28.1s:92.27Mbps, rtt :39.76ms cwnd: 22.1 lossRate: 0.004800830413909433 CC:14 score:-65.0 
1664849696.341359 -- INFO: Changing concurrency to 16 ******
1664849696.343410 -- INFO: Process Status Bits from change concurrency are: 1 1 1 1 1 1 1 1 1 1 1 1 1 1 1 1 0 0 0 0 0 0 0 0 0 0 0 0 0 0 0 0
1664849696.346042 -- INFO: Active CC: 16
1664849696.348062 -- INFO: Start Process :: 14
1664849696.348513 -- INFO: Start Process :: 15
1664849696.388533 -- INFO: Process 14 get item 14 from queue and executing
1664849696.388905 -- INFO: Process 15 get item 15 from queue and executing
1664849696.389213 -- INFO: starting 14, 14, /users/jamilm/files_to_Send/FILE0
1664849696.389419 -- INFO: starting 15, 15, /users/jamilm/files_to_Send/FILE3
1664849696.525986 -- INFO: Throughput @29.1s:100.66Mbps, rtt :39.0ms cwnd: 27.4 lossRate: 0.002924634420697413 CC:16 score:-70.0 
1664849697.526063 -- INFO: Throughput @30.1s:134.22Mbps, rtt :39.36ms cwnd: 24.2 lossRate: 0.005760921747479597 CC:16 score:-90.0 
1664849698.527407 -- INFO: Throughput @31.1s:100.66Mbps, rtt :39.17ms cwnd: 21.2 lossRate: 0.005744809514210845 CC:16 score:-68.0 
1664849699.527919 -- INFO: Throughput @32.1s:100.66Mbps, rtt :39.92ms cwnd: 21.4 lossRate: 0.005604971365907152 CC:16 score:-68.0 
1664849699.547016 -- INFO: Gradient: -9.499999999999996, Gredient Change: 0.1686390532544378, Theta: 5, Previous CC: 15, Choosen CC: 24
1664849699.547149 -- INFO: Changing concurrency to 23 ******
1664849699.549018 -- INFO: Process Status Bits from change concurrency are: 1 1 1 1 1 1 1 1 1 1 1 1 1 1 1 1 1 1 1 1 1 1 1 0 0 0 0 0 0 0 0 0
1664849699.550175 -- INFO: Active CC: 23
1664849699.554157 -- INFO: Start Process :: 17
1664849699.554839 -- INFO: Start Process :: 22
1664849699.554961 -- INFO: Start Process :: 21
1664849699.555122 -- INFO: Start Process :: 18
1664849699.555820 -- INFO: Start Process :: 20
1664849699.555930 -- INFO: Start Process :: 16
1664849699.556017 -- INFO: Start Process :: 19
1664849699.594133 -- INFO: Process 17 get item 16 from queue and executing
1664849699.594633 -- INFO: starting 17, 16, /users/jamilm/files_to_Send/FILE2
1664849699.594966 -- INFO: Process 22 get item 17 from queue and executing
1664849699.595107 -- INFO: Process 21 get item 18 from queue and executing
1664849699.595242 -- INFO: starting 22, 17, /users/jamilm/files_to_Send/FILE1
1664849699.595207 -- INFO: Process 18 get item 19 from queue and executing
1664849699.595627 -- INFO: starting 21, 18, /users/jamilm/files_to_Send/FILE0
1664849699.595690 -- INFO: starting 18, 19, /users/jamilm/files_to_Send/FILE3
1664849699.595745 -- INFO: Process 20 get item 20 from queue and executing
1664849699.595901 -- INFO: Process 16 get item 21 from queue and executing
1664849699.596065 -- INFO: starting 20, 20, /users/jamilm/files_to_Send/FILE2
1664849699.596066 -- INFO: Process 19 get item 22 from queue and executing
1664849699.596259 -- INFO: starting 16, 21, /users/jamilm/files_to_Send/FILE1
1664849699.596437 -- INFO: starting 19, 22, /users/jamilm/files_to_Send/FILE0
1664849700.521329 -- INFO: Throughput @33.1s:117.44Mbps, rtt :39.35ms cwnd: 24.3 lossRate: 0.004859086491739553 CC:23 score:-69.0 
1664849701.525414 -- INFO: Throughput @34.1s:167.77Mbps, rtt :39.64ms cwnd: 21.2 lossRate: 0.0066194932663775395 CC:23 score:-95.0 
1664849702.527310 -- INFO: Throughput @35.1s:142.61Mbps, rtt :39.33ms cwnd: 23.6 lossRate: 0.004646840148698885 CC:23 score:-84.0 
1664849702.751146 -- INFO: Changing concurrency to 25 ******
1664849702.751837 -- INFO: Process Status Bits from change concurrency are: 1 1 1 1 1 1 1 1 1 1 1 1 1 1 1 1 1 1 1 1 1 1 1 1 1 0 0 0 0 0 0 0
1664849702.752404 -- INFO: Active CC: 25
1664849702.754666 -- INFO: Start Process :: 23
1664849702.755218 -- INFO: Start Process :: 24
1664849702.794877 -- INFO: Process 23 get item 23 from queue and executing
1664849702.795156 -- INFO: starting 23, 23, /users/jamilm/files_to_Send/FILE3
1664849702.795429 -- INFO: Process 24 get item 24 from queue and executing
1664849702.795709 -- INFO: starting 24, 24, /users/jamilm/files_to_Send/FILE2
1664849703.530564 -- INFO: Throughput @36.1s:167.77Mbps, rtt :39.59ms cwnd: 23.8 lossRate: 0.004450738417964798 CC:25 score:-95.0 
1664849704.533393 -- INFO: Throughput @37.1s:176.16Mbps, rtt :39.45ms cwnd: 21.9 lossRate: 0.0067451205510907 CC:25 score:-95.0 
1664849705.530406 -- INFO: Throughput @38.1s:142.61Mbps, rtt :39.11ms cwnd: 24.3 lossRate: 0.0039261606281857 CC:25 score:-81.0 
1664849705.953333 -- INFO: Gradient: -3.8333333333333286, Gredient Change: 0.04637096774193542, Theta: 6, Previous CC: 24, Choosen CC: 31
1664849705.953449 -- INFO: Changing concurrency to 30 ******
1664849705.953895 -- INFO: Process Status Bits from change concurrency are: 1 1 1 1 1 1 1 1 1 1 1 1 1 1 1 1 1 1 1 1 1 1 1 1 1 1 1 1 1 1 0 0
1664849705.954144 -- INFO: Active CC: 30
1664849705.956027 -- INFO: Start Process :: 27
1664849705.957882 -- INFO: Start Process :: 29
1664849705.958165 -- INFO: Start Process :: 28
1664849705.957828 -- INFO: Start Process :: 26
1664849705.958485 -- INFO: Start Process :: 25
1664849705.995352 -- INFO: Process 27 get item 25 from queue and executing
1664849705.995683 -- INFO: starting 27, 25, /users/jamilm/files_to_Send/FILE1
1664849705.997665 -- INFO: Process 29 get item 26 from queue and executing
1664849705.997814 -- INFO: Process 28 get item 27 from queue and executing
1664849705.997929 -- INFO: starting 29, 26, /users/jamilm/files_to_Send/FILE0
1664849705.998060 -- INFO: Process 26 get item 28 from queue and executing
1664849705.998182 -- INFO: starting 28, 27, /users/jamilm/files_to_Send/FILE3
1664849705.998395 -- INFO: starting 26, 28, /users/jamilm/files_to_Send/FILE2
1664849705.999133 -- INFO: Process 25 get item 29 from queue and executing
1664849705.999453 -- INFO: starting 25, 29, /users/jamilm/files_to_Send/FILE1
1664849706.532091 -- INFO: Throughput @39.1s:150.99Mbps, rtt :39.45ms cwnd: 21.5 lossRate: 0.0072510266940451745 CC:30 score:-72.0 
1664849707.535026 -- INFO: Throughput @40.1s:243.27Mbps, rtt :39.51ms cwnd: 24.1 lossRate: 0.0044705224923162895 CC:30 score:-123.0 
1664849708.536523 -- INFO: Throughput @41.1s:167.77Mbps, rtt :39.42ms cwnd: 23.0 lossRate: 0.005011389521640091 CC:30 score:-84.0 
1664849709.155109 -- INFO: Changing concurrency to 32 ******
1664849709.155383 -- INFO: Process Status Bits from change concurrency are: 1 1 1 1 1 1 1 1 1 1 1 1 1 1 1 1 1 1 1 1 1 1 1 1 1 1 1 1 1 1 1 1
1664849709.155538 -- INFO: Active CC: 32
1664849709.158576 -- INFO: Start Process :: 31
1664849709.159971 -- INFO: Start Process :: 30
1664849709.198406 -- INFO: Process 31 get item 30 from queue and executing
1664849709.198695 -- INFO: starting 31, 30, /users/jamilm/files_to_Send/FILE0
1664849709.200071 -- INFO: Process 30 get item 31 from queue and executing
1664849709.200513 -- INFO: starting 30, 31, /users/jamilm/files_to_Send/FILE3
1664849709.537846 -- INFO: Throughput @42.1s:226.49Mbps, rtt :39.16ms cwnd: 25.4 lossRate: 0.003536067892503536 CC:32 score:-112.0 
1664849710.538621 -- INFO: Throughput @43.1s:260.05Mbps, rtt :39.74ms cwnd: 23.7 lossRate: 0.004678711861032303 CC:32 score:-126.0 
1664849711.539228 -- INFO: Throughput @44.1s:201.33Mbps, rtt :39.38ms cwnd: 24.6 lossRate: 0.0047065044949762035 CC:32 score:-97.0 
1664849712.356365 -- INFO: Gradient: -9.333333333333336, Gredient Change: 0.10035842293906813, Theta: 7, Previous CC: 31, Choosen CC: 31
1664849712.356495 -- INFO: Changing concurrency to 30 ******
1664849712.356611 -- INFO: Process Status Bits from change concurrency are: 1 1 1 1 1 1 1 1 1 1 1 1 1 1 1 1 1 1 1 1 1 1 1 1 1 1 1 1 1 1 0 0
1664849712.356747 -- INFO: Active CC: 30
1664849712.540624 -- INFO: Throughput @45.1s:260.05Mbps, rtt :39.51ms cwnd: 24.8 lossRate: 0.004888340022640733 CC:30 score:-131.0 
1664849713.539149 -- INFO: Throughput @46.1s:209.72Mbps, rtt :39.39ms cwnd: 23.8 lossRate: 0.0049087283325663445 CC:30 score:-105.0 
1664849714.543354 -- INFO: Throughput @47.1s:218.1Mbps, rtt :39.19ms cwnd: 25.2 lossRate: 0.003713330857779428 CC:30 score:-112.0 
1664849715.543598 -- INFO: Throughput @48.1s:209.72Mbps, rtt :39.48ms cwnd: 24.6 lossRate: 0.0049496782709123905 CC:30 score:-105.0 
1664849715.557589 -- INFO: Changing concurrency to 32 ******
1664849715.557821 -- INFO: Process Status Bits from change concurrency are: 1 1 1 1 1 1 1 1 1 1 1 1 1 1 1 1 1 1 1 1 1 1 1 1 1 1 1 1 1 1 1 1
1664849715.557970 -- INFO: Active CC: 32
1664849715.558135 -- INFO: Start Process :: 31
1664849715.558291 -- INFO: Start Process :: 30
1664849715.597475 -- INFO: Process 31 get item 30 from queue and executing
1664849715.597606 -- INFO: Process 30 get item 31 from queue and executing
1664849715.597870 -- INFO: starting 31, 30, /users/jamilm/files_to_Send/FILE0
1664849715.598091 -- INFO: starting 30, 31, /users/jamilm/files_to_Send/FILE3
1664849716.544366 -- INFO: Throughput @49.1s:226.49Mbps, rtt :39.16ms cwnd: 24.9 lossRate: 0.004440814659792762 CC:32 score:-110.0 
1664849717.545429 -- INFO: Throughput @50.1s:226.49Mbps, rtt :39.36ms cwnd: 22.8 lossRate: 0.005668398677373642 CC:32 score:-107.0 
1664849718.546338 -- INFO: Throughput @51.1s:201.33Mbps, rtt :39.49ms cwnd: 23.7 lossRate: 0.00468384074941452 CC:32 score:-97.0 
1664849718.758878 -- INFO: Gradient: 1.3333333333333286, Gredient Change: 0.01242236024844716, Theta: -1, Previous CC: 31, Choosen CC: 30
1664849718.758989 -- INFO: Changing concurrency to 29 ******
1664849718.759104 -- INFO: Process Status Bits from change concurrency are: 1 1 1 1 1 1 1 1 1 1 1 1 1 1 1 1 1 1 1 1 1 1 1 1 1 1 1 1 1 0 0 0
1664849718.759237 -- INFO: Active CC: 29
1664849719.547339 -- INFO: Throughput @52.1s:226.49Mbps, rtt :39.46ms cwnd: 21.8 lossRate: 0.006523942234608563 CC:29 score:-113.0 
1664849720.548614 -- INFO: Throughput @53.1s:192.94Mbps, rtt :39.5ms cwnd: 21.9 lossRate: 0.009395424836601307 CC:29 score:-91.0 
1664849721.550026 -- INFO: Throughput @54.1s:159.38Mbps, rtt :39.81ms cwnd: 21.1 lossRate: 0.006047061916655712 CC:29 score:-80.0 
1664849721.960077 -- INFO: Changing concurrency to 31 ******
1664849721.960352 -- INFO: Process Status Bits from change concurrency are: 1 1 1 1 1 1 1 1 1 1 1 1 1 1 1 1 1 1 1 1 1 1 1 1 1 1 1 1 1 1 1 0
1664849721.960572 -- INFO: Active CC: 31
1664849721.960721 -- INFO: Start Process :: 29
1664849721.960807 -- INFO: Start Process :: 30
1664849721.999950 -- INFO: Process 29 get item 31 from queue and executing
1664849722.000095 -- INFO: Process 30 get item 26 from queue and executing
1664849722.000306 -- INFO: starting 29, 31, /users/jamilm/files_to_Send/FILE3
1664849722.000315 -- INFO: starting 30, 26, /users/jamilm/files_to_Send/FILE0
1664849722.550716 -- INFO: Throughput @55.1s:192.94Mbps, rtt :39.43ms cwnd: 21.7 lossRate: 0.004974535117849106 CC:31 score:-95.0 
1664849723.551868 -- INFO: Throughput @56.1s:218.1Mbps, rtt :39.3ms cwnd: 19.9 lossRate: 0.0069120232826047415 CC:31 score:-103.0 
1664849724.552500 -- INFO: Throughput @57.1s:167.77Mbps, rtt :39.26ms cwnd: 22.5 lossRate: 0.004738227551915765 CC:31 score:-83.0 
1664849725.161392 -- INFO: Gradient: 0.5, Gredient Change: 0.00528169014084507, Theta: -2, Previous CC: 30, Choosen CC: 28
1664849725.161491 -- INFO: Changing concurrency to 27 ******
1664849725.161730 -- INFO: Process Status Bits from change concurrency are: 1 1 1 1 1 1 1 1 1 1 1 1 1 1 1 1 1 1 1 1 1 1 1 1 1 1 1 0 0 0 0 0
1664849725.161928 -- INFO: Active CC: 27
1664849725.553724 -- INFO: Throughput @58.1s:243.27Mbps, rtt :39.21ms cwnd: 23.6 lossRate: 0 CC:27 score:-143.0 
1664849726.555690 -- INFO: Throughput @59.1s:192.94Mbps, rtt :39.38ms cwnd: 23.2 lossRate: 0.005017795670692573 CC:27 score:-103.0 
1664849727.556415 -- INFO: Throughput @60.1s:201.33Mbps, rtt :39.24ms cwnd: 22.4 lossRate: 0.010208816705336427 CC:27 score:-97.0 
1664849728.362708 -- INFO: Changing concurrency to 29 ******
1664849728.363172 -- INFO: Process Status Bits from change concurrency are: 1 1 1 1 1 1 1 1 1 1 1 1 1 1 1 1 1 1 1 1 1 1 1 1 1 1 1 1 1 0 0 0
1664849728.363472 -- INFO: Active CC: 29
1664849728.363669 -- INFO: Start Process :: 27
1664849728.363878 -- INFO: Start Process :: 28
1664849728.402869 -- INFO: Process 27 get item 30 from queue and executing
1664849728.403192 -- INFO: starting 27, 30, /users/jamilm/files_to_Send/FILE0
1664849728.403250 -- INFO: Process 28 get item 26 from queue and executing
1664849728.403789 -- INFO: starting 28, 26, /users/jamilm/files_to_Send/FILE0
1664849728.557580 -- INFO: Throughput @61.1s:142.61Mbps, rtt :39.67ms cwnd: 20.8 lossRate: 0.005516516713732186 CC:29 score:-72.0 
1664849729.555785 -- INFO: Throughput @62.1s:201.33Mbps, rtt :39.67ms cwnd: 23.0 lossRate: 0.00508356103450467 CC:29 score:-103.0 
1664849730.559743 -- INFO: Throughput @63.1s:209.72Mbps, rtt :39.51ms cwnd: 23.1 lossRate: 0.004805517865219358 CC:29 score:-108.0 
1664849731.560484 -- INFO: Throughput @64.1s:150.99Mbps, rtt :39.46ms cwnd: 20.3 lossRate: 0.006907477820025348 CC:29 score:-75.0 
1664849731.564256 -- INFO: Gradient: 9.5, Gredient Change: 0.08309037900874636, Theta: -3, Previous CC: 28, Choosen CC: 19
1664849731.564368 -- INFO: Changing concurrency to 18 ******
1664849731.564677 -- INFO: Process Status Bits from change concurrency are: 1 1 1 1 1 1 1 1 1 1 1 1 1 1 1 1 1 1 0 0 0 0 0 0 0 0 0 0 0 0 0 0
1664849731.564988 -- INFO: Active CC: 18
1664849732.557747 -- INFO: Throughput @65.1s:192.94Mbps, rtt :39.74ms cwnd: 20.9 lossRate: 0 CC:18 score:-135.0 
1664849733.560512 -- INFO: Throughput @66.1s:117.44Mbps, rtt :39.19ms cwnd: 22.1 lossRate: 0 CC:18 score:-82.0 
1664849734.562569 -- INFO: Throughput @67.1s:142.61Mbps, rtt :39.65ms cwnd: 21.8 lossRate: 0.005280988441610204 CC:18 score:-92.0 
1664849734.765873 -- INFO: Changing concurrency to 20 ******
1664849734.767164 -- INFO: Process Status Bits from change concurrency are: 1 1 1 1 1 1 1 1 1 1 1 1 1 1 1 1 1 1 1 1 0 0 0 0 0 0 0 0 0 0 0 0
1664849734.767234 -- INFO: Start Process :: 18
1664849734.767479 -- INFO: Start Process :: 19
1664849734.768222 -- INFO: Active CC: 20
1664849734.807046 -- INFO: Process 18 get item 27 from queue and executing
1664849734.807176 -- INFO: Process 19 get item 31 from queue and executing
1664849734.807528 -- INFO: starting 18, 27, /users/jamilm/files_to_Send/FILE3
1664849734.807727 -- INFO: starting 19, 31, /users/jamilm/files_to_Send/FILE3
1664849735.560360 -- INFO: Throughput @68.1s:75.5Mbps, rtt :39.31ms cwnd: 21.9 lossRate: 0.00595695618754804 CC:20 score:-46.0 
1664849736.560003 -- INFO: Throughput @69.1s:159.38Mbps, rtt :39.78ms cwnd: 22.2 lossRate: 0.00497638326585695 CC:20 score:-99.0 
1664849737.561027 -- INFO: Throughput @70.1s:117.44Mbps, rtt :39.6ms cwnd: 22.6 lossRate: 0.00445414847161572 CC:20 score:-74.0 
1664849737.969057 -- INFO: Gradient: 15.0, Gredient Change: 0.14563106796116504, Theta: -4, Previous CC: 19, Choosen CC: 7
1664849737.969170 -- INFO: Changing concurrency to 6 ******
1664849737.969836 -- INFO: Process Status Bits from change concurrency are: 1 1 1 1 1 1 0 0 0 0 0 0 0 0 0 0 0 0 0 0 0 0 0 0 0 0 0 0 0 0 0 0
1664849737.970565 -- INFO: Active CC: 6
1664849738.567847 -- INFO: Throughput @71.1s:167.77Mbps, rtt :39.14ms cwnd: 26.5 lossRate: 0 CC:6 score:-149.0 
1664849739.571214 -- INFO: Throughput @72.1s:125.83Mbps, rtt :39.22ms cwnd: 23.2 lossRate: 0 CC:6 score:-112.0 
1664849740.575394 -- INFO: Throughput @73.1s:25.17Mbps, rtt :39.45ms cwnd: 21.3 lossRate: 0 CC:6 score:-22.0 
1664849741.171498 -- INFO: Changing concurrency to 8 ******
1664849741.173382 -- INFO: Start Process :: 6
1664849741.173868 -- INFO: Start Process :: 7
1664849741.175828 -- INFO: Process Status Bits from change concurrency are: 1 1 1 1 1 1 1 1 0 0 0 0 0 0 0 0 0 0 0 0 0 0 0 0 0 0 0 0 0 0 0 0
1664849741.180412 -- INFO: Active CC: 8
1664849741.212816 -- INFO: Process 6 get item 25 from queue and executing
1664849741.213401 -- INFO: starting 6, 25, /users/jamilm/files_to_Send/FILE1
1664849741.213614 -- INFO: Process 7 get item 22 from queue and executing
1664849741.214214 -- INFO: starting 7, 22, /users/jamilm/files_to_Send/FILE0
1664849741.572931 -- INFO: Throughput @74.1s:50.33Mbps, rtt :39.52ms cwnd: 21.1 lossRate: 0.005483959418700302 CC:8 score:-40.0 
1664849742.573037 -- INFO: Throughput @75.1s:50.33Mbps, rtt :39.5ms cwnd: 25.5 lossRate: 0.004245855236554792 CC:8 score:-41.0 
1664849743.572770 -- INFO: Throughput @76.1s:67.11Mbps, rtt :39.46ms cwnd: 24.0 lossRate: 0.0042695377761277145 CC:8 score:-54.0 
1664849744.381524 -- INFO: Gradient: 24.666666666666664, Gredient Change: 0.2614840989399293, Theta: -5, Previous CC: 7, Choosen CC: 2
1664849744.381630 -- INFO: Changing concurrency to 1 ******
1664849744.385482 -- INFO: Process Status Bits from change concurrency are: 1 0 0 0 0 0 0 0 0 0 0 0 0 0 0 0 0 0 0 0 0 0 0 0 0 0 0 0 0 0 0 0
1664849744.391438 -- INFO: Active CC: 1
1664849744.572174 -- INFO: Throughput @77.1s:67.11Mbps, rtt :39.63ms cwnd: 23.8 lossRate: 0.004195804195804196 CC:1 score:-63.0 
1664849745.577685 -- INFO: Throughput @78.1s:41.94Mbps, rtt :38.88ms cwnd: 16.0 lossRate: 0 CC:1 score:-41.0 
1664849746.577415 -- INFO: Throughput @79.1s:8.39Mbps, rtt :39.33ms cwnd: 14.0 lossRate: 0 CC:1 score:-8.0 
1664849747.576189 -- INFO: Throughput @80.1s:8.39Mbps, rtt :39.09ms cwnd: 27.0 lossRate: 0.0 CC:1 score:-8.0 
1664849747.592355 -- INFO: Changing concurrency to 3 ******
1664849747.592813 -- INFO: Start Process :: 1
1664849747.593462 -- INFO: Start Process :: 2
1664849747.599657 -- INFO: Process Status Bits from change concurrency are: 1 1 1 0 0 0 0 0 0 0 0 0 0 0 0 0 0 0 0 0 0 0 0 0 0 0 0 0 0 0 0 0
1664849747.608351 -- INFO: Active CC: 3
1664849747.632221 -- INFO: Process 1 get item 23 from queue and executing
1664849747.632752 -- INFO: Process 2 get item 26 from queue and executing
1664849747.632791 -- INFO: starting 1, 23, /users/jamilm/files_to_Send/FILE3
1664849747.633274 -- INFO: starting 2, 26, /users/jamilm/files_to_Send/FILE0
1664849748.580501 -- INFO: Throughput @81.1s:8.39Mbps, rtt :39.38ms cwnd: 27.3 lossRate: 0.0032240730789897904 CC:3 score:-8.0 
1664849749.578275 -- INFO: Throughput @82.1s:16.78Mbps, rtt :39.88ms cwnd: 22.3 lossRate: 0.00830367734282325 CC:3 score:-14.0 
1664849750.584244 -- INFO: Throughput @83.1s:25.17Mbps, rtt :39.85ms cwnd: 23.0 lossRate: 0.007348438456827924 CC:3 score:-22.0 
1664849750.809332 -- INFO: Gradient: 2.166666666666667, Gredient Change: 0.11403508771929827, Theta: -6, Previous CC: 2, Choosen CC: 2
1664849750.809457 -- INFO: Changing concurrency to 1 ******
1664849750.814357 -- INFO: Process Status Bits from change concurrency are: 1 0 0 0 0 0 0 0 0 0 0 0 0 0 0 0 0 0 0 0 0 0 0 0 0 0 0 0 0 0 0 0
1664849750.820078 -- INFO: Active CC: 1
1664849751.580688 -- INFO: Throughput @84.1s:25.17Mbps, rtt :39.85ms cwnd: 19.0 lossRate: 0 CC:1 score:-25.0 
1664849752.581511 -- INFO: Throughput @85.1s:8.39Mbps, rtt :38.74ms cwnd: 20.0 lossRate: 0 CC:1 score:-8.0 
1664849753.585492 -- INFO: Throughput @86.1s:0.0Mbps, rtt :39.51ms cwnd: 33.0 lossRate: 0.0 CC:1 score:-0.0 
1664849754.021062 -- INFO: Changing concurrency to 3 ******
1664849754.021630 -- INFO: Start Process :: 1
1664849754.022696 -- INFO: Start Process :: 2
1664849754.028602 -- INFO: Process Status Bits from change concurrency are: 1 1 1 0 0 0 0 0 0 0 0 0 0 0 0 0 0 0 0 0 0 0 0 0 0 0 0 0 0 0 0 0
1664849754.033720 -- INFO: Active CC: 3
1664849754.060953 -- INFO: Process 1 get item 20 from queue and executing
1664849754.061512 -- INFO: starting 1, 20, /users/jamilm/files_to_Send/FILE2
1664849754.062252 -- INFO: Process 2 get item 29 from queue and executing
1664849754.062737 -- INFO: starting 2, 29, /users/jamilm/files_to_Send/FILE1
1664849754.580885 -- INFO: Throughput @87.1s:8.39Mbps, rtt :39.25ms cwnd: 22.7 lossRate: 0.006808510638297872 CC:3 score:-7.0 
1664849755.586461 -- INFO: Throughput @88.1s:16.78Mbps, rtt :39.72ms cwnd: 20.3 lossRate: 0.009174311926605505 CC:3 score:-14.0 
1664849756.586078 -- INFO: Throughput @89.1s:16.78Mbps, rtt :39.48ms cwnd: 19.3 lossRate: 0.007380073800738007 CC:3 score:-15.0 
1664849757.234752 -- INFO: Gradient: -0.5, Gredient Change: 0.045454545454545456, Theta: 1, Previous CC: 2, Choosen CC: 3
1664849757.234875 -- INFO: Changing concurrency to 2 ******
1664849757.243726 -- INFO: Process Status Bits from change concurrency are: 1 1 0 0 0 0 0 0 0 0 0 0 0 0 0 0 0 0 0 0 0 0 0 0 0 0 0 0 0 0 0 0
1664849757.249821 -- INFO: Active CC: 2
1664849757.589427 -- INFO: Throughput @90.1s:16.78Mbps, rtt :40.36ms cwnd: 17.5 lossRate: 0 CC:2 score:-16.0 
1664849758.589655 -- INFO: Throughput @91.1s:16.78Mbps, rtt :39.42ms cwnd: 21.5 lossRate: 0.004162330905306972 CC:2 score:-15.0 
1664849759.589677 -- INFO: Throughput @92.1s:16.78Mbps, rtt :39.69ms cwnd: 21.0 lossRate: 0.007597340930674264 CC:2 score:-15.0 
1664849760.450812 -- INFO: Changing concurrency to 4 ******
1664849760.451724 -- INFO: Start Process :: 2
1664849760.452966 -- INFO: Start Process :: 3
1664849760.455363 -- INFO: Process Status Bits from change concurrency are: 1 1 1 1 0 0 0 0 0 0 0 0 0 0 0 0 0 0 0 0 0 0 0 0 0 0 0 0 0 0 0 0
1664849760.464229 -- INFO: Active CC: 4
1664849760.491282 -- INFO: Process 2 get item 19 from queue and executing
1664849760.491678 -- INFO: starting 2, 19, /users/jamilm/files_to_Send/FILE3
1664849760.493250 -- INFO: Process 3 get item 17 from queue and executing
1664849760.494127 -- INFO: starting 3, 17, /users/jamilm/files_to_Send/FILE1
1664849760.588814 -- INFO: Throughput @93.1s:0.0Mbps, rtt :38.66ms cwnd: 21.8 lossRate: 0.004754358161648178 CC:4 score:-0.0 
1664849761.589920 -- INFO: Throughput @94.1s:41.94Mbps, rtt :39.15ms cwnd: 28.8 lossRate: 0.0028268551236749115 CC:4 score:-38.0 
1664849762.592715 -- INFO: Throughput @95.1s:33.55Mbps, rtt :39.5ms cwnd: 26.8 lossRate: 0.003908794788273616 CC:4 score:-30.0 
1664849763.592829 -- INFO: Throughput @96.1s:16.78Mbps, rtt :39.5ms cwnd: 24.0 lossRate: 0.004412354592860008 CC:4 score:-15.0 
1664849763.665242 -- INFO: Gradient: -6.166666666666667, Gredient Change: 0.40217391304347827, Theta: 2, Previous CC: 3, Choosen CC: 7
1664849763.665374 -- INFO: Changing concurrency to 6 ******
1664849763.667264 -- INFO: Start Process :: 4
1664849763.669274 -- INFO: Start Process :: 5
1664849763.670282 -- INFO: Process Status Bits from change concurrency are: 1 1 1 1 1 1 0 0 0 0 0 0 0 0 0 0 0 0 0 0 0 0 0 0 0 0 0 0 0 0 0 0
1664849763.678148 -- INFO: Active CC: 6
1664849763.706974 -- INFO: Process 4 get item 18 from queue and executing
1664849763.707620 -- INFO: starting 4, 18, /users/jamilm/files_to_Send/FILE0
1664849763.709422 -- INFO: Process 5 get item 28 from queue and executing
1664849763.710254 -- INFO: starting 5, 28, /users/jamilm/files_to_Send/FILE2
1664849764.592015 -- INFO: Throughput @97.1s:41.94Mbps, rtt :40.51ms cwnd: 27.5 lossRate: 0.00499265785609398 CC:6 score:-35.0 
1664849765.591720 -- INFO: Throughput @98.1s:41.94Mbps, rtt :38.96ms cwnd: 20.7 lossRate: 0.007054673721340388 CC:6 score:-34.0 
1664849766.594716 -- INFO: Throughput @99.1s:41.94Mbps, rtt :39.29ms cwnd: 24.0 lossRate: 0.004060324825986079 CC:6 score:-36.0 
1664849766.879267 -- INFO: Changing concurrency to 8 ******
1664849766.882269 -- INFO: Start Process :: 7
1664849766.883730 -- INFO: Start Process :: 6
1664849766.885013 -- INFO: Process Status Bits from change concurrency are: 1 1 1 1 1 1 1 1 0 0 0 0 0 0 0 0 0 0 0 0 0 0 0 0 0 0 0 0 0 0 0 0
1664849766.888053 -- INFO: Active CC: 8
1664849766.921967 -- INFO: Process 7 get item 30 from queue and executing
1664849766.922604 -- INFO: starting 7, 30, /users/jamilm/files_to_Send/FILE0
1664849766.925012 -- INFO: Process 6 get item 24 from queue and executing
1664849766.925808 -- INFO: starting 6, 24, /users/jamilm/files_to_Send/FILE2
1664849767.599582 -- INFO: Throughput @100.1s:50.33Mbps, rtt :40.14ms cwnd: 21.2 lossRate: 0.006772009029345372 CC:8 score:-40.0 
1664849768.597394 -- INFO: Throughput @101.2s:45.76Mbps, rtt :40.23ms cwnd: 28.8 lossRate: 0.006193078324225865 CC:8 score:-36.0 
1664849769.598276 -- INFO: Throughput @102.2s:75.5Mbps, rtt :40.06ms cwnd: 21.2 lossRate: 0.005918289423444063 CC:8 score:-60.0 
1664849770.089005 -- INFO: Gradient: -5.166666666666668, Gredient Change: 0.14761904761904765, Theta: 3, Previous CC: 7, Choosen CC: 13
1664849770.089136 -- INFO: Changing concurrency to 12 ******
1664849770.091974 -- INFO: Start Process :: 11
1664849770.092379 -- INFO: Start Process :: 9
1664849770.092607 -- INFO: Start Process :: 8
1664849770.092493 -- INFO: Start Process :: 10
1664849770.094106 -- INFO: Process Status Bits from change concurrency are: 1 1 1 1 1 1 1 1 1 1 1 1 0 0 0 0 0 0 0 0 0 0 0 0 0 0 0 0 0 0 0 0
1664849770.097289 -- INFO: Active CC: 12
1664849770.131977 -- INFO: Process 11 get item 27 from queue and executing
1664849770.132168 -- INFO: Process 9 get item 11 from queue and executing
1664849770.132657 -- INFO: starting 11, 27, /users/jamilm/files_to_Send/FILE3
1664849770.132629 -- INFO: Process 10 get item 16 from queue and executing
1664849770.132751 -- INFO: Process 8 get item 9 from queue and executing
1664849770.133254 -- INFO: starting 9, 11, /users/jamilm/files_to_Send/FILE3
1664849770.133389 -- INFO: starting 8, 9, /users/jamilm/files_to_Send/FILE1
1664849770.133491 -- INFO: starting 10, 16, /users/jamilm/files_to_Send/FILE2
1664849770.599085 -- INFO: Throughput @103.2s:33.55Mbps, rtt :39.46ms cwnd: 24.9 lossRate: 0.003410518757853168 CC:12 score:-25.0 
1664849771.597180 -- INFO: Throughput @104.2s:109.05Mbps, rtt :39.23ms cwnd: 27.1 lossRate: 0.005453223460979157 CC:12 score:-80.0 
1664849772.599288 -- INFO: Throughput @105.2s:100.66Mbps, rtt :39.89ms cwnd: 23.0 lossRate: 0.0051000392310710085 CC:12 score:-74.0 
1664849773.298444 -- INFO: Changing concurrency to 14 ******
1664849773.301017 -- INFO: Start Process :: 13
1664849773.301415 -- INFO: Process Status Bits from change concurrency are: 1 1 1 1 1 1 1 1 1 1 1 1 1 1 0 0 0 0 0 0 0 0 0 0 0 0 0 0 0 0 0 0
1664849773.301666 -- INFO: Start Process :: 12
1664849773.304830 -- INFO: Active CC: 14
1664849773.340786 -- INFO: Process 13 get item 21 from queue and executing
1664849773.341324 -- INFO: Process 12 get item 10 from queue and executing
1664849773.341435 -- INFO: starting 13, 21, /users/jamilm/files_to_Send/FILE1
1664849773.342196 -- INFO: starting 12, 10, /users/jamilm/files_to_Send/FILE0
1664849773.603704 -- INFO: Throughput @106.2s:75.5Mbps, rtt :39.0ms cwnd: 24.1 lossRate: 0.004405286343612335 CC:14 score:-54.0 
1664849774.601798 -- INFO: Throughput @107.2s:100.66Mbps, rtt :39.37ms cwnd: 26.1 lossRate: 0.003799731783638802 CC:14 score:-72.0 
1664849775.604226 -- INFO: Throughput @108.2s:117.44Mbps, rtt :39.13ms cwnd: 23.1 lossRate: 0.004873294346978557 CC:14 score:-83.0 
1664849776.505748 -- INFO: Gradient: -5.0000000000000036, Gredient Change: 0.08379888268156431, Theta: 4, Previous CC: 13, Choosen CC: 21
1664849776.505897 -- INFO: Changing concurrency to 20 ******
1664849776.507644 -- INFO: Process Status Bits from change concurrency are: 1 1 1 1 1 1 1 1 1 1 1 1 1 1 1 1 1 1 1 1 0 0 0 0 0 0 0 0 0 0 0 0
1664849776.508579 -- INFO: Start Process :: 14
1664849776.508434 -- INFO: Start Process :: 15
1664849776.508496 -- INFO: Start Process :: 17
1664849776.508651 -- INFO: Start Process :: 16
1664849776.508929 -- INFO: Start Process :: 18
1664849776.509720 -- INFO: Active CC: 20
1664849776.509096 -- INFO: Start Process :: 19
1664849776.549060 -- INFO: Process 15 get item 13 from queue and executing
1664849776.549183 -- INFO: Process 16 get item 31 from queue and executing
1664849776.549337 -- INFO: Process 14 get item 7 from queue and executing
1664849776.549504 -- INFO: Process 17 get item 12 from queue and executing
1664849776.549639 -- INFO: Process 18 get item 14 from queue and executing
1664849776.549784 -- INFO: Process 19 get item 5 from queue and executing
1664849776.549818 -- INFO: starting 15, 13, /users/jamilm/files_to_Send/FILE1
1664849776.549950 -- INFO: starting 17, 12, /users/jamilm/files_to_Send/FILE2
1664849776.550002 -- INFO: starting 16, 31, /users/jamilm/files_to_Send/FILE3
1664849776.550121 -- INFO: starting 14, 7, /users/jamilm/files_to_Send/FILE3
1664849776.550193 -- INFO: starting 19, 5, /users/jamilm/files_to_Send/FILE1
1664849776.550247 -- INFO: starting 18, 14, /users/jamilm/files_to_Send/FILE0
1664849776.600240 -- INFO: Throughput @109.2s:92.27Mbps, rtt :39.24ms cwnd: 22.2 lossRate: 0.004259134723156243 CC:20 score:-58.0 
1664849777.603453 -- INFO: Throughput @110.2s:109.05Mbps, rtt :39.54ms cwnd: 25.8 lossRate: 0.005002050020500205 CC:20 score:-68.0 
1664849778.605714 -- INFO: Throughput @111.2s:176.16Mbps, rtt :39.29ms cwnd: 25.2 lossRate: 0.004216232495106159 CC:20 score:-111.0 
1664849779.605703 -- INFO: Throughput @112.2s:150.99Mbps, rtt :39.37ms cwnd: 25.4 lossRate: 0.004217059197963081 CC:20 score:-95.0 
1664849779.710497 -- INFO: Changing concurrency to 22 ******
1664849779.711513 -- INFO: Process Status Bits from change concurrency are: 1 1 1 1 1 1 1 1 1 1 1 1 1 1 1 1 1 1 1 1 1 1 0 0 0 0 0 0 0 0 0 0
1664849779.712317 -- INFO: Active CC: 22
1664849779.712106 -- INFO: Start Process :: 21
1664849779.712390 -- INFO: Start Process :: 20
1664849779.751893 -- INFO: Process 21 get item 15 from queue and executing
1664849779.752249 -- INFO: Process 20 get item 8 from queue and executing
1664849779.752370 -- INFO: starting 21, 15, /users/jamilm/files_to_Send/FILE3
1664849779.752992 -- INFO: starting 20, 8, /users/jamilm/files_to_Send/FILE2
1664849780.607463 -- INFO: Throughput @113.2s:109.05Mbps, rtt :39.42ms cwnd: 20.0 lossRate: 0.008034145116746171 CC:22 score:-62.0 
1664849781.608424 -- INFO: Throughput @114.2s:142.61Mbps, rtt :39.31ms cwnd: 24.3 lossRate: 0.0039447731755424065 CC:22 score:-87.0 
1664849782.607240 -- INFO: Throughput @115.2s:192.94Mbps, rtt :39.05ms cwnd: 28.2 lossRate: 0.002889576883384933 CC:22 score:-119.0 
1664849782.913064 -- INFO: Gradient: 1.0, Gredient Change: 0.010948905109489052, Theta: -1, Previous CC: 21, Choosen CC: 20
1664849782.913206 -- INFO: Changing concurrency to 19 ******
1664849782.913893 -- INFO: Process Status Bits from change concurrency are: 1 1 1 1 1 1 1 1 1 1 1 1 1 1 1 1 1 1 1 0 0 0 0 0 0 0 0 0 0 0 0 0
1664849782.914639 -- INFO: Active CC: 19
1664849783.607182 -- INFO: Throughput @116.2s:167.77Mbps, rtt :39.38ms cwnd: 25.1 lossRate: 0.006211180124223602 CC:19 score:-105.0 
1664849784.610452 -- INFO: Throughput @117.2s:125.83Mbps, rtt :39.54ms cwnd: 24.2 lossRate: 0.0033743883921039312 CC:19 score:-82.0 
1664849785.609293 -- INFO: Throughput @118.2s:125.83Mbps, rtt :39.31ms cwnd: 23.6 lossRate: 0.004785112981834293 CC:19 score:-80.0 
1664849786.115572 -- INFO: Changing concurrency to 21 ******
1664849786.116619 -- INFO: Process Status Bits from change concurrency are: 1 1 1 1 1 1 1 1 1 1 1 1 1 1 1 1 1 1 1 1 1 0 0 0 0 0 0 0 0 0 0 0
1664849786.117063 -- INFO: Start Process :: 20
1664849786.117160 -- INFO: Start Process :: 19
1664849786.117839 -- INFO: Active CC: 21
1664849786.156558 -- INFO: Process 20 get item 6 from queue and executing
1664849786.156700 -- INFO: Process 19 get item 4 from queue and executing
1664849786.156974 -- INFO: starting 20, 6, /users/jamilm/files_to_Send/FILE0
1664849786.157100 -- INFO: starting 19, 4, /users/jamilm/files_to_Send/FILE2
1664849786.612822 -- INFO: Throughput @119.2s:142.61Mbps, rtt :39.38ms cwnd: 24.8 lossRate: 0.003335401799565622 CC:21 score:-89.0 
1664849787.616193 -- INFO: Throughput @120.2s:159.38Mbps, rtt :39.56ms cwnd: 22.2 lossRate: 0.005744982466611952 CC:21 score:-96.0 
1664849788.615471 -- INFO: Throughput @121.2s:150.99Mbps, rtt :39.31ms cwnd: 23.5 lossRate: 0.004361780923380792 CC:21 score:-93.0 
1664849789.318687 -- INFO: Gradient: -1.8333333333333357, Gredient Change: 0.020599250936329614, Theta: 1, Previous CC: 20, Choosen CC: 21
1664849789.318843 -- INFO: Changing concurrency to 20 ******
1664849789.319564 -- INFO: Process Status Bits from change concurrency are: 1 1 1 1 1 1 1 1 1 1 1 1 1 1 1 1 1 1 1 1 0 0 0 0 0 0 0 0 0 0 0 0
1664849789.320283 -- INFO: Active CC: 20
1664849789.613959 -- INFO: Throughput @122.2s:142.61Mbps, rtt :39.23ms cwnd: 22.9 lossRate: 0.005304212168486739 CC:20 score:-88.0 
1664849790.614616 -- INFO: Throughput @123.2s:142.61Mbps, rtt :39.52ms cwnd: 23.6 lossRate: 0.00437080707460866 CC:20 score:-90.0 
1664849791.618860 -- INFO: Throughput @124.2s:134.22Mbps, rtt :39.55ms cwnd: 22.6 lossRate: 0.0051245095684202095 CC:20 score:-83.0 
1664849792.521092 -- INFO: Changing concurrency to 22 ******
1664849792.521941 -- INFO: Process Status Bits from change concurrency are: 1 1 1 1 1 1 1 1 1 1 1 1 1 1 1 1 1 1 1 1 1 1 0 0 0 0 0 0 0 0 0 0
1664849792.522064 -- INFO: Start Process :: 20
1664849792.522462 -- INFO: Start Process :: 21
1664849792.523012 -- INFO: Active CC: 22
1664849792.561209 -- INFO: Process 20 get item 25 from queue and executing
1664849792.561482 -- INFO: starting 20, 25, /users/jamilm/files_to_Send/FILE1
1664849792.561725 -- INFO: Process 21 get item 3 from queue and executing
1664849792.562129 -- INFO: starting 21, 3, /users/jamilm/files_to_Send/FILE3
1664849792.618709 -- INFO: Throughput @125.2s:167.77Mbps, rtt :39.54ms cwnd: 24.6 lossRate: 0.004 CC:22 score:-102.0 
1664849793.621122 -- INFO: Throughput @126.2s:134.22Mbps, rtt :39.32ms cwnd: 25.5 lossRate: 0.003967701517471808 CC:22 score:-81.0 
1664849794.621086 -- INFO: Throughput @127.2s:159.38Mbps, rtt :39.63ms cwnd: 23.0 lossRate: 0.00579440589455612 CC:22 score:-94.0 
1664849795.618002 -- INFO: Throughput @128.2s:176.16Mbps, rtt :39.71ms cwnd: 22.5 lossRate: 0.0045068729812964775 CC:22 score:-106.0 
1664849795.723745 -- INFO: Gradient: -3.3333333333333357, Gredient Change: 0.03831417624521075, Theta: 2, Previous CC: 21, Choosen CC: 23
1664849795.723879 -- INFO: Changing concurrency to 22 ******
1664849795.724721 -- INFO: Process Status Bits from change concurrency are: 1 1 1 1 1 1 1 1 1 1 1 1 1 1 1 1 1 1 1 1 1 1 0 0 0 0 0 0 0 0 0 0
1664849795.725299 -- INFO: Active CC: 22
1664849796.624756 -- INFO: Throughput @129.2s:117.44Mbps, rtt :39.94ms cwnd: 24.5 lossRate: 0.004447621316813597 CC:22 score:-71.0 
1664849797.623777 -- INFO: Throughput @130.2s:192.94Mbps, rtt :39.36ms cwnd: 24.7 lossRate: 0.004852636837222579 CC:22 score:-115.0 
1664849798.625847 -- INFO: Throughput @131.2s:142.61Mbps, rtt :39.88ms cwnd: 23.5 lossRate: 0.004482035711703897 CC:22 score:-86.0 
1664849798.926077 -- INFO: Changing concurrency to 24 ******
1664849798.926767 -- INFO: Process Status Bits from change concurrency are: 1 1 1 1 1 1 1 1 1 1 1 1 1 1 1 1 1 1 1 1 1 1 1 1 0 0 0 0 0 0 0 0
1664849798.927152 -- INFO: Start Process :: 22
1664849798.927499 -- INFO: Active CC: 24
1664849798.927330 -- INFO: Start Process :: 23
1664849798.966513 -- INFO: Process 22 get item 1 from queue and executing
1664849798.966681 -- INFO: Process 23 get item 2 from queue and executing
1664849798.967025 -- INFO: starting 22, 1, /users/jamilm/files_to_Send/FILE1
1664849798.967148 -- INFO: starting 23, 2, /users/jamilm/files_to_Send/FILE0
1664849799.626298 -- INFO: Throughput @132.2s:150.99Mbps, rtt :39.32ms cwnd: 26.5 lossRate: 0.003745318352059925 CC:24 score:-88.0 
1664849800.628283 -- INFO: Throughput @133.2s:167.77Mbps, rtt :39.31ms cwnd: 21.2 lossRate: 0.00687137642258965 CC:24 score:-93.0 
1664849801.629254 -- INFO: Throughput @134.2s:150.99Mbps, rtt :39.46ms cwnd: 24.2 lossRate: 0.0039768618944323935 CC:24 score:-88.0 
1664849802.128396 -- INFO: Gradient: 0.5, Gredient Change: 0.005514705882352941, Theta: -1, Previous CC: 23, Choosen CC: 22
1664849802.128556 -- INFO: Changing concurrency to 21 ******
1664849802.129178 -- INFO: Process Status Bits from change concurrency are: 1 1 1 1 1 1 1 1 1 1 1 1 1 1 1 1 1 1 1 1 1 0 0 0 0 0 0 0 0 0 0 0
1664849802.129921 -- INFO: Active CC: 21
1664849802.630425 -- INFO: Throughput @135.2s:184.55Mbps, rtt :39.66ms cwnd: 22.9 lossRate: 0.00556947925368978 CC:21 score:-111.0 
1664849803.630358 -- INFO: Throughput @136.2s:176.16Mbps, rtt :39.48ms cwnd: 24.0 lossRate: 0.002815843814529754 CC:21 score:-111.0 
1664849804.633233 -- INFO: Throughput @137.2s:117.44Mbps, rtt :39.55ms cwnd: 24.4 lossRate: 0.004156107450582869 CC:21 score:-73.0 
1664849805.330852 -- INFO: Changing concurrency to 23 ******
1664849805.331590 -- INFO: Process Status Bits from change concurrency are: 1 1 1 1 1 1 1 1 1 1 1 1 1 1 1 1 1 1 1 1 1 1 1 0 0 0 0 0 0 0 0 0
1664849805.331547 -- INFO: Start Process :: 21
1664849805.332006 -- INFO: Start Process :: 22
1664849805.332242 -- INFO: Active CC: 23
1664849805.370685 -- INFO: Process 21 get item 22 from queue and executing
1664849805.370965 -- INFO: starting 21, 22, /users/jamilm/files_to_Send/FILE0
1664849805.371422 -- INFO: Process 22 get item 23 from queue and executing
1664849805.371848 -- INFO: starting 22, 23, /users/jamilm/files_to_Send/FILE3
1664849805.634167 -- INFO: Throughput @138.2s:159.38Mbps, rtt :39.46ms cwnd: 20.4 lossRate: 0.0062087081111199555 CC:23 score:-91.0 
1664849806.635282 -- INFO: Throughput @139.2s:142.61Mbps, rtt :39.83ms cwnd: 22.4 lossRate: 0.004810346187209211 CC:23 score:-84.0 
1664849807.636045 -- INFO: Throughput @140.2s:142.61Mbps, rtt :39.4ms cwnd: 25.3 lossRate: 0.003951701427003293 CC:23 score:-85.0 
1664849808.533242 -- INFO: Gradient: 5.833333333333329, Gredient Change: 0.05932203389830504, Theta: -2, Previous CC: 22, Choosen CC: 18
1664849808.533403 -- INFO: Changing concurrency to 17 ******
1664849808.533948 -- INFO: Process Status Bits from change concurrency are: 1 1 1 1 1 1 1 1 1 1 1 1 1 1 1 1 1 0 0 0 0 0 0 0 0 0 0 0 0 0 0 0
1664849808.534627 -- INFO: Active CC: 17
1664849808.635450 -- INFO: Throughput @141.2s:176.16Mbps, rtt :39.24ms cwnd: 25.4 lossRate: 0.004094724629768648 CC:17 score:-119.0 
1664849809.634942 -- INFO: Throughput @142.2s:167.77Mbps, rtt :39.55ms cwnd: 23.4 lossRate: 0 CC:17 score:-120.0 
1664849810.638568 -- INFO: Throughput @143.2s:150.99Mbps, rtt :39.36ms cwnd: 25.1 lossRate: 0 CC:17 score:-108.0 
1664849811.641546 -- INFO: Throughput @144.2s:109.05Mbps, rtt :39.56ms cwnd: 24.1 lossRate: 0.005145797598627788 CC:17 score:-72.0 
1664849811.735601 -- INFO: Changing concurrency to 19 ******
1664849811.736588 -- INFO: Start Process :: 18
1664849811.736739 -- INFO: Start Process :: 17
1664849811.737310 -- INFO: Process Status Bits from change concurrency are: 1 1 1 1 1 1 1 1 1 1 1 1 1 1 1 1 1 1 1 0 0 0 0 0 0 0 0 0 0 0 0 0
1664849811.738751 -- INFO: Active CC: 19
1664849811.775866 -- INFO: Process 18 get item 26 from queue and executing
1664849811.775945 -- INFO: Process 17 get item 29 from queue and executing
1664849811.776222 -- INFO: starting 18, 26, /users/jamilm/files_to_Send/FILE0
1664849811.776237 -- INFO: starting 17, 29, /users/jamilm/files_to_Send/FILE1
1664849812.637872 -- INFO: Throughput @145.2s:142.61Mbps, rtt :39.66ms cwnd: 24.5 lossRate: 0.004014720642355303 CC:19 score:-92.0 
1664849813.640370 -- INFO: Throughput @146.2s:134.22Mbps, rtt :39.36ms cwnd: 25.7 lossRate: 0.004742765273311897 CC:19 score:-86.0 
1664849814.640991 -- INFO: Throughput @147.2s:134.22Mbps, rtt :39.49ms cwnd: 22.4 lossRate: 0.005338234007175987 CC:19 score:-85.0 
1664849814.939592 -- INFO: Gradient: 6.166666666666664, Gredient Change: 0.06166666666666664, Theta: -3, Previous CC: 18, Choosen CC: 12
1664849814.939722 -- INFO: Changing concurrency to 11 ******
1664849814.940653 -- INFO: Process Status Bits from change concurrency are: 1 1 1 1 1 1 1 1 1 1 1 0 0 0 0 0 0 0 0 0 0 0 0 0 0 0 0 0 0 0 0 0
1664849814.941789 -- INFO: Active CC: 11
1664849815.644119 -- INFO: Throughput @148.2s:109.05Mbps, rtt :39.68ms cwnd: 22.0 lossRate: 0 CC:11 score:-88.0 
1664849816.645307 -- INFO: Throughput @149.2s:109.05Mbps, rtt :38.89ms cwnd: 23.5 lossRate: 0 CC:11 score:-88.0 
1664849817.648555 -- INFO: Throughput @150.2s:100.66Mbps, rtt :39.43ms cwnd: 22.5 lossRate: 0.00493642483171279 CC:11 score:-76.0 
1664849818.142806 -- INFO: Changing concurrency to 13 ******
1664849818.144334 -- INFO: Start Process :: 11
1664849818.144500 -- INFO: Start Process :: 12
1664849818.145231 -- INFO: Process Status Bits from change concurrency are: 1 1 1 1 1 1 1 1 1 1 1 1 1 0 0 0 0 0 0 0 0 0 0 0 0 0 0 0 0 0 0 0
1664849818.148134 -- INFO: Active CC: 13
1664849818.183887 -- INFO: Process 12 get item 15 from queue and executing
1664849818.184047 -- INFO: Process 11 get item 8 from queue and executing
1664849818.184411 -- INFO: starting 12, 15, /users/jamilm/files_to_Send/FILE3
1664849818.184510 -- INFO: starting 11, 8, /users/jamilm/files_to_Send/FILE2
1664849818.648796 -- INFO: Throughput @151.2s:67.11Mbps, rtt :39.94ms cwnd: 26.5 lossRate: 0.002728512960436562 CC:13 score:-50.0 
1664849819.649826 -- INFO: Throughput @152.2s:92.27Mbps, rtt :39.57ms cwnd: 21.8 lossRate: 0.007416879795396419 CC:13 score:-64.0 
1664849820.650326 -- INFO: Throughput @153.2s:100.66Mbps, rtt :39.33ms cwnd: 25.4 lossRate: 0.0031901840490797546 CC:13 score:-75.0 
1664849821.349103 -- INFO: Gradient: 10.5, Gredient Change: 0.125, Theta: -4, Previous CC: 12, Choosen CC: 4
1664849821.349246 -- INFO: Changing concurrency to 3 ******
1664849821.353052 -- INFO: Process Status Bits from change concurrency are: 1 1 1 0 0 0 0 0 0 0 0 0 0 0 0 0 0 0 0 0 0 0 0 0 0 0 0 0 0 0 0 0
1664849821.355569 -- INFO: Active CC: 3
1664849821.654184 -- INFO: Throughput @154.2s:67.11Mbps, rtt :39.84ms cwnd: 22.2 lossRate: 0.005554086220576567 CC:3 score:-60.0 
1664849822.652997 -- INFO: Throughput @155.2s:67.11Mbps, rtt :39.1ms cwnd: 20.3 lossRate: 0 CC:3 score:-63.0 
1664849823.652692 -- INFO: Throughput @156.2s:33.55Mbps, rtt :39.56ms cwnd: 20.7 lossRate: 0 CC:3 score:-32.0 
1664849824.556564 -- INFO: Changing concurrency to 5 ******
1664849824.558139 -- INFO: Start Process :: 3
1664849824.558120 -- INFO: Start Process :: 4
1664849824.562899 -- INFO: Process Status Bits from change concurrency are: 1 1 1 1 1 0 0 0 0 0 0 0 0 0 0 0 0 0 0 0 0 0 0 0 0 0 0 0 0 0 0 0
1664849824.568670 -- INFO: Active CC: 5
1664849824.597576 -- INFO: Process 3 get item 5 from queue and executing
1664849824.597831 -- INFO: Process 4 get item 6 from queue and executing
1664849824.597951 -- INFO: starting 3, 5, /users/jamilm/files_to_Send/FILE1
1664849824.598278 -- INFO: starting 4, 6, /users/jamilm/files_to_Send/FILE0
1664849824.656970 -- INFO: Throughput @157.2s:25.17Mbps, rtt :39.52ms cwnd: 16.2 lossRate: 0.006053268765133172 CC:5 score:-21.0 
1664849825.656665 -- INFO: Throughput @158.2s:25.17Mbps, rtt :39.02ms cwnd: 30.2 lossRate: 0.0013490725126475548 CC:5 score:-22.0 
1664849826.657918 -- INFO: Throughput @159.2s:50.33Mbps, rtt :39.0ms cwnd: 25.4 lossRate: 0.0052173913043478265 CC:5 score:-43.0 
1664849827.659620 -- INFO: Throughput @160.2s:33.55Mbps, rtt :39.18ms cwnd: 22.2 lossRate: 0.006445672191528545 CC:5 score:-28.0 
1664849827.769805 -- INFO: Gradient: 10.333333333333332, Gredient Change: 0.19999999999999998, Theta: -5, Previous CC: 4, Choosen CC: 2
1664849827.769951 -- INFO: Changing concurrency to 1 ******
1664849827.775378 -- INFO: Process Status Bits from change concurrency are: 1 0 0 0 0 0 0 0 0 0 0 0 0 0 0 0 0 0 0 0 0 0 0 0 0 0 0 0 0 0 0 0
1664849827.781167 -- INFO: Active CC: 1
1664849828.661282 -- INFO: Throughput @161.2s:33.55Mbps, rtt :40.34ms cwnd: 19.8 lossRate: 0 CC:1 score:-33.0 
1664849829.660862 -- INFO: Throughput @162.2s:16.78Mbps, rtt :40.82ms cwnd: 17.0 lossRate: 0 CC:1 score:-16.0 
1664849830.661732 -- INFO: Throughput @163.2s:0.0Mbps, rtt :38.83ms cwnd: 21.0 lossRate: 0.0033444816053511705 CC:1 score:-0.0 
1664849830.982097 -- INFO: Changing concurrency to 3 ******
1664849830.983242 -- INFO: Start Process :: 1
1664849830.983479 -- INFO: Start Process :: 2
1664849830.990245 -- INFO: Process Status Bits from change concurrency are: 1 1 1 0 0 0 0 0 0 0 0 0 0 0 0 0 0 0 0 0 0 0 0 0 0 0 0 0 0 0 0 0
1664849830.995538 -- INFO: Active CC: 3
1664849831.022729 -- INFO: Process 1 get item 3 from queue and executing
1664849831.022908 -- INFO: Process 2 get item 2 from queue and executing
1664849831.023156 -- INFO: starting 1, 3, /users/jamilm/files_to_Send/FILE3
1664849831.023542 -- INFO: starting 2, 2, /users/jamilm/files_to_Send/FILE0
1664849831.661908 -- INFO: Throughput @164.2s:8.39Mbps, rtt :39.11ms cwnd: 27.3 lossRate: 0.0 CC:3 score:-8.0 
1664849832.665487 -- INFO: Throughput @165.2s:33.55Mbps, rtt :39.04ms cwnd: 35.3 lossRate: 0.0029717682020802376 CC:3 score:-31.0 
1664849833.662731 -- INFO: Throughput @166.2s:33.55Mbps, rtt :39.01ms cwnd: 34.3 lossRate: 0.002494802494802495 CC:3 score:-31.0 
1664849834.196556 -- INFO: Gradient: -3.5, Gredient Change: 0.2142857142857143, Theta: 1, Previous CC: 2, Choosen CC: 3
1664849834.196662 -- INFO: Changing concurrency to 2 ******
1664849834.204405 -- INFO: Process Status Bits from change concurrency are: 1 1 0 0 0 0 0 0 0 0 0 0 0 0 0 0 0 0 0 0 0 0 0 0 0 0 0 0 0 0 0 0
1664849834.211349 -- INFO: Active CC: 2
1664849834.667751 -- INFO: Throughput @167.2s:16.78Mbps, rtt :39.33ms cwnd: 30.0 lossRate: 0.003211561621838619 CC:2 score:-16.0 
1664849835.667494 -- INFO: Throughput @168.2s:33.55Mbps, rtt :38.66ms cwnd: 38.0 lossRate: 0 CC:2 score:-32.0 
1664849836.667186 -- INFO: Throughput @169.2s:16.78Mbps, rtt :39.59ms cwnd: 24.5 lossRate: 0.0068073519400953025 CC:2 score:-15.0 
1664849837.412278 -- INFO: Changing concurrency to 4 ******
1664849837.413853 -- INFO: Start Process :: 2
1664849837.414461 -- INFO: Start Process :: 3
1664849837.419692 -- INFO: Process Status Bits from change concurrency are: 1 1 1 1 0 0 0 0 0 0 0 0 0 0 0 0 0 0 0 0 0 0 0 0 0 0 0 0 0 0 0 0
1664849837.425027 -- INFO: Active CC: 4
1664849837.453870 -- INFO: Process 3 get item 1 from queue and executing
1664849837.454116 -- INFO: Process 2 get item 22 from queue and executing
1664849837.454597 -- INFO: starting 3, 1, /users/jamilm/files_to_Send/FILE1
1664849837.454597 -- INFO: starting 2, 22, /users/jamilm/files_to_Send/FILE0
1664849837.668801 -- INFO: Throughput @170.2s:16.78Mbps, rtt :38.95ms cwnd: 15.8 lossRate: 0.0061633281972265025 CC:4 score:-14.0 
1664849838.669589 -- INFO: Throughput @171.2s:25.17Mbps, rtt :39.13ms cwnd: 24.8 lossRate: 0.0030198446937014668 CC:4 score:-22.0 
1664849839.668990 -- INFO: Throughput @172.2s:25.17Mbps, rtt :40.08ms cwnd: 24.0 lossRate: 0.006996064713598601 CC:4 score:-21.0 
1664849840.626022 -- INFO: Gradient: 1.0, Gredient Change: 0.047619047619047616, Theta: -1, Previous CC: 3, Choosen CC: 2
1664849840.626126 -- INFO: Changing concurrency to 1 ******
1664849840.631669 -- INFO: Process Status Bits from change concurrency are: 1 0 0 0 0 0 0 0 0 0 0 0 0 0 0 0 0 0 0 0 0 0 0 0 0 0 0 0 0 0 0 0
1664849840.639108 -- INFO: Active CC: 1
1664849840.673628 -- INFO: Throughput @173.2s:25.17Mbps, rtt :38.68ms cwnd: 22.5 lossRate: 0.0049362402303578775 CC:1 score:-23.0 
1664849841.673597 -- INFO: Throughput @174.2s:16.78Mbps, rtt :40.01ms cwnd: 23.7 lossRate: 0 CC:1 score:-16.0 
1664849842.674575 -- INFO: Throughput @175.2s:25.17Mbps, rtt :39.32ms cwnd: 11.0 lossRate: 0 CC:1 score:-25.0 
1664849843.672878 -- INFO: Throughput @176.2s:0.0Mbps, rtt :39.49ms cwnd: 19.0 lossRate: 0.006006006006006006 CC:1 score:-0.0 
1664849843.840045 -- INFO: Changing concurrency to 3 ******
1664849843.841684 -- INFO: Start Process :: 2
1664849843.842136 -- INFO: Start Process :: 1
1664849843.846333 -- INFO: Process Status Bits from change concurrency are: 1 1 1 0 0 0 0 0 0 0 0 0 0 0 0 0 0 0 0 0 0 0 0 0 0 0 0 0 0 0 0 0
1664849843.849895 -- INFO: Active CC: 3
1664849843.881256 -- INFO: Process 2 get item 23 from queue and executing
1664849843.881771 -- INFO: Process 1 get item 4 from queue and executing
1664849843.882123 -- INFO: starting 1, 4, /users/jamilm/files_to_Send/FILE2
1664849843.882184 -- INFO: starting 2, 23, /users/jamilm/files_to_Send/FILE3
1664849844.675874 -- INFO: Throughput @177.2s:8.39Mbps, rtt :38.99ms cwnd: 17.7 lossRate: 0.006628003314001657 CC:3 score:-7.0 
1664849845.674876 -- INFO: Throughput @178.2s:16.78Mbps, rtt :40.22ms cwnd: 17.3 lossRate: 0.006711409395973154 CC:3 score:-15.0 
1664849846.678282 -- INFO: Throughput @179.2s:16.78Mbps, rtt :39.6ms cwnd: 18.0 lossRate: 0.007326007326007326 CC:3 score:-15.0 
1664849847.050811 -- INFO: Gradient: 0.6666666666666661, Gredient Change: 0.04878048780487801, Theta: -2, Previous CC: 2, Choosen CC: 2
1664849847.050910 -- INFO: Changing concurrency to 1 ******
1664849847.057652 -- INFO: Process Status Bits from change concurrency are: 1 0 0 0 0 0 0 0 0 0 0 0 0 0 0 0 0 0 0 0 0 0 0 0 0 0 0 0 0 0 0 0
1664849847.062714 -- INFO: Active CC: 1
1664849847.678280 -- INFO: Throughput @180.2s:16.78Mbps, rtt :39.13ms cwnd: 24.0 lossRate: 4.0 CC:1 score:655.0 
1664849848.678575 -- INFO: Throughput @181.2s:16.78Mbps, rtt :39.17ms cwnd: 20.0 lossRate: 0 CC:1 score:-16.0 
1664849849.682732 -- INFO: Throughput @182.2s:8.39Mbps, rtt :38.6ms cwnd: 15.0 lossRate: 0.011494252873563218 CC:1 score:-7.0 
1664849850.263630 -- INFO: Changing concurrency to 3 ******
1664849850.265650 -- INFO: Start Process :: 2
1664849850.267281 -- INFO: Start Process :: 1
1664849850.274331 -- INFO: Process Status Bits from change concurrency are: 1 1 1 0 0 0 0 0 0 0 0 0 0 0 0 0 0 0 0 0 0 0 0 0 0 0 0 0 0 0 0 0
1664849850.280265 -- INFO: Active CC: 3
1664849850.304990 -- INFO: Process 2 get item 14 from queue and executing
1664849850.305573 -- INFO: starting 2, 14, /users/jamilm/files_to_Send/FILE0
1664849850.308309 -- INFO: Process 1 get item 12 from queue and executing
1664849850.309384 -- INFO: starting 1, 12, /users/jamilm/files_to_Send/FILE2
1664849850.684415 -- INFO: Throughput @183.2s:8.39Mbps, rtt :39.47ms cwnd: 22.3 lossRate: 0.0010822510822510823 CC:3 score:-8.0 
1664849851.686082 -- INFO: Throughput @184.2s:25.17Mbps, rtt :39.67ms cwnd: 22.0 lossRate: 0.00552791597567717 CC:3 score:-22.0 
1664849852.685914 -- INFO: Throughput @185.2s:16.78Mbps, rtt :38.69ms cwnd: 27.7 lossRate: 0.002082248828735034 CC:3 score:-15.0 
1664849853.481338 -- INFO: Gradient: -112.83333333333333, Gredient Change: 0.5356012658227848, Theta: 1, Previous CC: 2, Choosen CC: 4
1664849853.481465 -- INFO: Changing concurrency to 3 ******
1664849853.487286 -- INFO: Process Status Bits from change concurrency are: 1 1 1 0 0 0 0 0 0 0 0 0 0 0 0 0 0 0 0 0 0 0 0 0 0 0 0 0 0 0 0 0
1664849853.496109 -- INFO: Active CC: 3
1664849853.681431 -- INFO: Throughput @186.2s:25.17Mbps, rtt :39.92ms cwnd: 24.0 lossRate: 0.004897159647404506 CC:3 score:-22.0 
1664849854.686922 -- INFO: Throughput @187.2s:16.78Mbps, rtt :38.64ms cwnd: 34.3 lossRate: 0.00044483985765124553 CC:3 score:-16.0 
1664849855.685992 -- INFO: Throughput @188.2s:41.94Mbps, rtt :39.08ms cwnd: 28.3 lossRate: 0.0038535645472061657 CC:3 score:-38.0 
1664849856.683798 -- INFO: Throughput @189.2s:8.39Mbps, rtt :38.68ms cwnd: 29.3 lossRate: 0.002758620689655172 CC:3 score:-8.0 
1664849856.697057 -- INFO: Changing concurrency to 5 ******
1664849856.699356 -- INFO: Start Process :: 3
1664849856.699682 -- INFO: Start Process :: 4
1664849856.704219 -- INFO: Process Status Bits from change concurrency are: 1 1 1 1 1 0 0 0 0 0 0 0 0 0 0 0 0 0 0 0 0 0 0 0 0 0 0 0 0 0 0 0
1664849856.709087 -- INFO: Active CC: 5
1664849856.738680 -- INFO: Process 3 get item 25 from queue and executing
1664849856.739195 -- INFO: Process 4 get item 29 from queue and executing
1664849856.739256 -- INFO: starting 3, 25, /users/jamilm/files_to_Send/FILE1
1664849856.739845 -- INFO: starting 4, 29, /users/jamilm/files_to_Send/FILE1
1664849857.688247 -- INFO: Throughput @190.2s:41.94Mbps, rtt :39.84ms cwnd: 21.8 lossRate: 0.006641366223908918 CC:5 score:-35.0 
1664849858.691934 -- INFO: Throughput @191.2s:33.55Mbps, rtt :40.21ms cwnd: 23.6 lossRate: 0.003974319779883827 CC:5 score:-29.0 
1664849859.689816 -- INFO: Throughput @192.2s:41.94Mbps, rtt :39.44ms cwnd: 20.0 lossRate: 0.0062871114215857496 CC:5 score:-35.0 
1664849859.910088 -- INFO: Gradient: -6.166666666666666, Gredient Change: 0.2983870967741935, Theta: 2, Previous CC: 4, Choosen CC: 8
1664849859.910214 -- INFO: Changing concurrency to 7 ******
1664849859.911885 -- INFO: Start Process :: 5
1664849859.912111 -- INFO: Start Process :: 6
1664849859.914564 -- INFO: Process Status Bits from change concurrency are: 1 1 1 1 1 1 1 0 0 0 0 0 0 0 0 0 0 0 0 0 0 0 0 0 0 0 0 0 0 0 0 0
1664849859.919755 -- INFO: Active CC: 7
1664849859.951748 -- INFO: Process 6 get item 31 from queue and executing
1664849859.951979 -- INFO: Process 5 get item 7 from queue and executing
1664849859.952214 -- INFO: starting 6, 31, /users/jamilm/files_to_Send/FILE3
1664849859.952464 -- INFO: starting 5, 7, /users/jamilm/files_to_Send/FILE3
1664849860.692478 -- INFO: Throughput @193.2s:25.17Mbps, rtt :39.68ms cwnd: 19.9 lossRate: 0.006640507093268941 CC:7 score:-20.0 
1664849861.692984 -- INFO: Throughput @194.2s:41.94Mbps, rtt :39.73ms cwnd: 20.7 lossRate: 0.005537974683544304 CC:7 score:-34.0 
1664849862.696207 -- INFO: Throughput @195.2s:41.94Mbps, rtt :39.6ms cwnd: 24.7 lossRate: 0.003839262861530586 CC:7 score:-35.0 
1664849863.120586 -- INFO: Changing concurrency to 9 ******
1664849863.123314 -- INFO: Start Process :: 8
1664849863.123557 -- INFO: Start Process :: 7
1664849863.126115 -- INFO: Process Status Bits from change concurrency are: 1 1 1 1 1 1 1 1 1 0 0 0 0 0 0 0 0 0 0 0 0 0 0 0 0 0 0 0 0 0 0 0
1664849863.130020 -- INFO: Active CC: 9
1664849863.163030 -- INFO: Process 8 get item 13 from queue and executing
1664849863.163541 -- INFO: starting 8, 13, /users/jamilm/files_to_Send/FILE1
1664849863.695714 -- INFO: Throughput @196.2s:50.33Mbps, rtt :39.48ms cwnd: 23.4 lossRate: 0.005298318359824925 CC:9 score:-39.0 
1664849864.173549 -- INFO: Process 7 get item 21 from queue and executing
1664849864.174246 -- INFO: starting 7, 21, /users/jamilm/files_to_Send/FILE1
1664849864.695394 -- INFO: Throughput @197.2s:67.11Mbps, rtt :39.05ms cwnd: 25.8 lossRate: 0.0042766827817032355 CC:9 score:-53.0 
1664849865.694860 -- INFO: Throughput @198.2s:33.55Mbps, rtt :39.6ms cwnd: 19.4 lossRate: 0.00808200275970826 CC:9 score:-25.0 
1664849866.330998 -- INFO: Gradient: -4.666666666666666, Gredient Change: 0.15730337078651682, Theta: 3, Previous CC: 8, Choosen CC: 14
1664849866.331107 -- INFO: Changing concurrency to 13 ******
1664849866.334267 -- INFO: Start Process :: 10
1664849866.334520 -- INFO: Start Process :: 11
1664849866.334622 -- INFO: Start Process :: 9
1664849866.334827 -- INFO: Start Process :: 12
1664849866.336595 -- INFO: Process Status Bits from change concurrency are: 1 1 1 1 1 1 1 1 1 1 1 1 1 0 0 0 0 0 0 0 0 0 0 0 0 0 0 0 0 0 0 0
1664849866.339523 -- INFO: Active CC: 13
1664849866.374239 -- INFO: Process 10 get item 10 from queue and executing
1664849866.374489 -- INFO: Process 11 get item 26 from queue and executing
1664849866.374711 -- INFO: Process 9 get item 27 from queue and executing
1664849866.374900 -- INFO: starting 10, 10, /users/jamilm/files_to_Send/FILE0
1664849866.375086 -- INFO: starting 11, 26, /users/jamilm/files_to_Send/FILE0
1664849866.375160 -- INFO: Process 12 get item 30 from queue and executing
1664849866.375372 -- INFO: starting 9, 27, /users/jamilm/files_to_Send/FILE3
1664849866.375850 -- INFO: starting 12, 30, /users/jamilm/files_to_Send/FILE0
1664849866.698516 -- INFO: Throughput @199.2s:75.5Mbps, rtt :39.29ms cwnd: 22.7 lossRate: 0.003821656050955414 CC:13 score:-55.0 
1664849867.679583 -- INFO: episode expires
1664849867.679921 -- INFO: Process 21 shutdown itself from outest loop
1664849867.679932 -- INFO: Process 27 shutdown itself from outest loop
1664849867.680023 -- INFO: Process 23 shutdown itself from outest loop
1664849867.680081 -- INFO: Process 29 shutdown itself from outest loop
1664849867.680540 -- INFO: Process Status Bits are: 1 1 1 1 1 1 1 1 1 1 1 1 1 0 0 0 0 0 0 0 0 0 0 0 0 0 0 0 0 0 0 0
1664849867.680067 -- INFO: Process 24 shutdown itself from outest loop
1664849867.680615 -- INFO: Process Status Bits are: 1 1 1 1 1 1 1 1 1 1 1 1 1 0 0 0 0 0 0 0 0 0 0 0 0 0 0 0 0 0 0 0
1664849867.680345 -- INFO: Process 17 shutdown itself from outest loop
1664849867.680212 -- INFO: Process 18 shutdown itself from outest loop
1664849867.680255 -- INFO: Process 28 shutdown itself from outest loop
1664849867.680728 -- INFO: Process Status Bits are: 1 1 1 1 1 1 1 1 1 1 1 1 1 0 0 0 0 0 0 0 0 0 0 0 0 0 0 0 0 0 0 0
1664849867.680360 -- INFO: Process 15 shutdown itself from outest loop
1664849867.680369 -- INFO: Process 30 shutdown itself from outest loop
1664849867.680374 -- INFO: Process 13 shutdown itself from outest loop
1664849867.680815 -- INFO: Process Status Bits are: 1 1 1 1 1 1 1 1 1 1 1 1 1 0 0 0 0 0 0 0 0 0 0 0 0 0 0 0 0 0 0 0
1664849867.680591 -- INFO: Process 25 shutdown itself from outest loop
1664849867.681056 -- INFO: Process Status Bits are: 1 1 1 1 1 1 1 1 1 1 1 1 1 0 0 0 0 0 0 0 0 0 0 0 0 0 0 0 0 0 0 0
1664849867.680980 -- INFO: Process Status Bits are: 1 1 1 1 1 1 1 1 1 1 1 1 1 0 0 0 0 0 0 0 0 0 0 0 0 0 0 0 0 0 0 0
1664849867.680650 -- INFO: Process 14 shutdown itself from outest loop
1664849867.681135 -- INFO: Process Status Bits are: 1 1 1 1 1 1 1 1 1 1 1 1 1 0 0 0 0 0 0 0 0 0 0 0 0 0 0 0 0 0 0 0
1664849867.681258 -- INFO: Process Status Bits are: 1 1 1 1 1 1 1 1 1 1 1 1 1 0 0 0 0 0 0 0 0 0 0 0 0 0 0 0 0 0 0 0
1664849867.681229 -- INFO: Process Status Bits are: 1 1 1 1 1 1 1 1 1 1 1 1 1 0 0 0 0 0 0 0 0 0 0 0 0 0 0 0 0 0 0 0
1664849867.680795 -- INFO: Process 19 shutdown itself from outest loop
1664849867.680451 -- INFO: Process 26 shutdown itself from outest loop
1664849867.681213 -- INFO: Process Status Bits are: 1 1 1 1 1 1 1 1 1 1 1 1 1 0 0 0 0 0 0 0 0 0 0 0 0 0 0 0 0 0 0 0
1664849867.681250 -- INFO: Process Status Bits are: 1 1 1 1 1 1 1 1 1 1 1 1 1 0 0 0 0 0 0 0 0 0 0 0 0 0 0 0 0 0 0 0
1664849867.681308 -- INFO: Process Status Bits are: 1 1 1 1 1 1 1 1 1 1 1 1 1 0 0 0 0 0 0 0 0 0 0 0 0 0 0 0 0 0 0 0
1664849867.680630 -- INFO: Process 31 shutdown itself from outest loop
1664849867.681568 -- INFO: Process Status Bits are: 1 1 1 1 1 1 1 1 1 1 1 1 1 0 0 0 0 0 0 0 0 0 0 0 0 0 0 0 0 0 0 0
1664849867.680758 -- INFO: Process 20 shutdown itself from outest loop
1664849867.681699 -- INFO: Process Status Bits are: 1 1 1 1 1 1 1 1 1 1 1 1 1 0 0 0 0 0 0 0 0 0 0 0 0 0 0 0 0 0 0 0
1664849867.681758 -- INFO: Process Status Bits are: 1 1 1 1 1 1 1 1 1 1 1 1 1 0 0 0 0 0 0 0 0 0 0 0 0 0 0 0 0 0 0 0
1664849867.681807 -- INFO: Process Status Bits are: 1 1 1 1 1 1 1 1 1 1 1 1 1 0 0 0 0 0 0 0 0 0 0 0 0 0 0 0 0 0 0 0
1664849867.680990 -- INFO: Process 16 shutdown itself from outest loop
1664849867.682027 -- INFO: Process Status Bits are: 1 1 1 1 1 1 1 1 1 1 1 1 1 0 0 0 0 0 0 0 0 0 0 0 0 0 0 0 0 0 0 0
1664849867.682254 -- INFO: Process Status Bits are: 1 1 1 1 1 1 1 1 1 1 1 1 1 0 0 0 0 0 0 0 0 0 0 0 0 0 0 0 0 0 0 0
1664849867.681275 -- INFO: Process 22 shutdown itself from outest loop
1664849867.682993 -- INFO: Process Status Bits are: 1 1 1 1 1 1 1 1 1 1 1 1 1 0 0 0 0 0 0 0 0 0 0 0 0 0 0 0 0 0 0 0
1664849869.540531 -- INFO: episode expires
1664849869.623719 -- INFO: GD Optimizer Exits ...
1664849869.901607 -- INFO: Throughput @0.1s:0.0Mbps, rtt :39.25ms cwnd: 19.6 lossRate: 0.00537274659529245 CC:0 score:-0.0 
