1665029078.804165 -- INFO: Iteration 1 Starts ...
1665029078.804946 -- INFO: Changing concurrency to 2 ******
1665029078.806083 -- INFO: Start Process :: 1
1665029078.806122 -- INFO: Start Process :: 0
1665029078.806416 -- INFO: Process Status Bits from change concurrency are: 1 1 0 0 0 0 0 0 0 0 0 0 0 0 0 0 0 0 0 0 0 0 0 0 0 0 0 0 0 0 0 0
1665029078.807768 -- INFO: Active CC: 2
1665029078.839785 -- INFO: Process 0 get item 0 from queue and executing
1665029078.840036 -- INFO: starting 0, 0, /home/cc/files_to_send/FILE3
1665029078.840456 -- INFO: Process 1 get item 1 from queue and executing
1665029078.840682 -- INFO: starting 1, 1, /home/cc/files_to_send/FILE1
1665029078.857859 -- INFO: Throughput @0.1s:0.0Mbps, rtt :33.4ms cwnd: 10.0 lossRate: 0.0 CC:2 score:-0.0 
1665029079.857305 -- INFO: Throughput @1.1s:612.37Mbps, rtt :34.74ms cwnd: 1488.5 lossRate: 5.550827073233912e-05 CC:2 score:-588.0 
1665029080.857721 -- INFO: Throughput @2.1s:1015.02Mbps, rtt :33.75ms cwnd: 1520.5 lossRate: 0.0 CC:2 score:-976.0 
1665029081.859401 -- INFO: Throughput @3.1s:1040.19Mbps, rtt :33.65ms cwnd: 1528.0 lossRate: 0.0 CC:2 score:-1000.0 
1665029082.008947 -- INFO: Iteration 1 Ends, Took 3.2 Seconds. Best Params: [2] and Score: -854.6666666666666.
1665029082.009064 -- INFO: Iteration 2 Starts ...
1665029082.009372 -- INFO: Changing concurrency to 25 ******
1665029082.010335 -- INFO: Process Status Bits from change concurrency are: 1 1 1 1 1 1 1 1 1 1 1 1 1 1 1 1 1 1 1 1 1 1 1 1 1 0 0 0 0 0 0 0
1665029082.010693 -- INFO: Active CC: 25
1665029082.011300 -- INFO: Start Process :: 3
1665029082.011390 -- INFO: Start Process :: 2
1665029082.011589 -- INFO: Start Process :: 4
1665029082.012421 -- INFO: Start Process :: 5
1665029082.012676 -- INFO: Start Process :: 6
1665029082.012911 -- INFO: Start Process :: 7
1665029082.013520 -- INFO: Start Process :: 8
1665029082.014002 -- INFO: Start Process :: 9
1665029082.014406 -- INFO: Start Process :: 11
1665029082.014717 -- INFO: Start Process :: 12
1665029082.014894 -- INFO: Start Process :: 13
1665029082.015670 -- INFO: Start Process :: 15
1665029082.015755 -- INFO: Start Process :: 14
1665029082.015959 -- INFO: Start Process :: 18
1665029082.016402 -- INFO: Start Process :: 17
1665029082.019054 -- INFO: Start Process :: 19
1665029082.019336 -- INFO: Start Process :: 21
1665029082.019490 -- INFO: Start Process :: 20
1665029082.020037 -- INFO: Start Process :: 16
1665029082.020144 -- INFO: Start Process :: 22
1665029082.020401 -- INFO: Start Process :: 23
1665029082.020593 -- INFO: Start Process :: 24
1665029082.021715 -- INFO: Start Process :: 10
1665029082.045129 -- INFO: Process 4 get item 2 from queue and executing
1665029082.045288 -- INFO: starting 4, 2, /home/cc/files_to_send/FILE0
1665029082.045767 -- INFO: Process 2 get item 3 from queue and executing
1665029082.045921 -- INFO: starting 2, 3, /home/cc/files_to_send/FILE2
1665029082.046314 -- INFO: Process 3 get item 4 from queue and executing
1665029082.046480 -- INFO: starting 3, 4, /home/cc/files_to_send/FILE3
1665029082.046656 -- INFO: Process 5 get item 5 from queue and executing
1665029082.046803 -- INFO: starting 5, 5, /home/cc/files_to_send/FILE1
1665029082.046861 -- INFO: Process 6 get item 6 from queue and executing
1665029082.047110 -- INFO: starting 6, 6, /home/cc/files_to_send/FILE0
1665029082.047213 -- INFO: Process 7 get item 7 from queue and executing
1665029082.047368 -- INFO: starting 7, 7, /home/cc/files_to_send/FILE2
1665029082.047477 -- INFO: Process 9 get item 8 from queue and executing
1665029082.047638 -- INFO: starting 9, 8, /home/cc/files_to_send/FILE3
1665029082.048425 -- INFO: Process 8 get item 9 from queue and executing
1665029082.048498 -- INFO: Process 13 get item 10 from queue and executing
1665029082.048576 -- INFO: starting 8, 9, /home/cc/files_to_send/FILE1
1665029082.048639 -- INFO: starting 13, 10, /home/cc/files_to_send/FILE0
1665029082.048731 -- INFO: Process 11 get item 11 from queue and executing
1665029082.048856 -- INFO: Process 12 get item 12 from queue and executing
1665029082.048874 -- INFO: starting 11, 11, /home/cc/files_to_send/FILE2
1665029082.049021 -- INFO: starting 12, 12, /home/cc/files_to_send/FILE3
1665029082.049230 -- INFO: Process 15 get item 13 from queue and executing
1665029082.049410 -- INFO: starting 15, 13, /home/cc/files_to_send/FILE1
1665029082.050106 -- INFO: Process 14 get item 14 from queue and executing
1665029082.050167 -- INFO: Process 18 get item 15 from queue and executing
1665029082.050245 -- INFO: starting 14, 14, /home/cc/files_to_send/FILE0
1665029082.050344 -- INFO: starting 18, 15, /home/cc/files_to_send/FILE2
1665029082.050795 -- INFO: Process 17 get item 16 from queue and executing
1665029082.050946 -- INFO: starting 17, 16, /home/cc/files_to_send/FILE3
1665029082.052586 -- INFO: Process 19 get item 17 from queue and executing
1665029082.052734 -- INFO: starting 19, 17, /home/cc/files_to_send/FILE1
1665029082.052790 -- INFO: Process 21 get item 18 from queue and executing
1665029082.052947 -- INFO: starting 21, 18, /home/cc/files_to_send/FILE0
1665029082.053736 -- INFO: Process 20 get item 19 from queue and executing
1665029082.053889 -- INFO: starting 20, 19, /home/cc/files_to_send/FILE2
1665029082.055102 -- INFO: Process 23 get item 20 from queue and executing
1665029082.055184 -- INFO: Process 16 get item 21 from queue and executing
1665029082.055237 -- INFO: Process 24 get item 22 from queue and executing
1665029082.055253 -- INFO: starting 23, 20, /home/cc/files_to_send/FILE3
1665029082.055304 -- INFO: Process 22 get item 23 from queue and executing
1665029082.055429 -- INFO: starting 24, 22, /home/cc/files_to_send/FILE0
1665029082.055437 -- INFO: starting 16, 21, /home/cc/files_to_send/FILE1
1665029082.055468 -- INFO: starting 22, 23, /home/cc/files_to_send/FILE2
1665029082.057111 -- INFO: Process 10 get item 24 from queue and executing
1665029082.057481 -- INFO: starting 10, 24, /home/cc/files_to_send/FILE3
1665029082.859519 -- INFO: Throughput @4.1s:5024.78Mbps, rtt :37.39ms cwnd: 1057.7 lossRate: 8.465031191288542e-05 CC:25 score:-3059.0 
1665029083.860884 -- INFO: Throughput @5.1s:8237.61Mbps, rtt :39.46ms cwnd: 1298.3 lossRate: 0.0 CC:25 score:-5021.0 
1665029084.864803 -- INFO: Throughput @6.1s:8531.21Mbps, rtt :39.13ms cwnd: 1309.6 lossRate: 0.0 CC:25 score:-5200.0 
1665029085.220883 -- INFO: Iteration 2 Ends, Took 3.21 Seconds. Best Params: [25] and Score: -4426.666666666667.
1665029085.222054 -- INFO: Iteration 3 Starts ...
1665029085.224597 -- INFO: Changing concurrency to 7 ******
1665029085.225421 -- INFO: Process Status Bits from change concurrency are: 1 1 1 1 1 1 1 0 0 0 0 0 0 0 0 0 0 0 0 0 0 0 0 0 0 0 0 0 0 0 0 0
1665029085.226061 -- INFO: Active CC: 7
1665029085.862980 -- INFO: Throughput @7.1s:5360.32Mbps, rtt :33.96ms cwnd: 1388.1 lossRate: 0 CC:7 score:-4666.0 
1665029086.863470 -- INFO: Throughput @8.1s:3263.17Mbps, rtt :34.21ms cwnd: 1403.1 lossRate: 0.0 CC:7 score:-2841.0 
1665029087.865573 -- INFO: Throughput @9.1s:3271.56Mbps, rtt :34.27ms cwnd: 1419.9 lossRate: 0.0 CC:7 score:-2848.0 
1665029088.615182 -- INFO: Iteration 3 Ends, Took 3.39 Seconds. Best Params: [25] and Score: -4426.666666666667.
1665029088.615325 -- INFO: Iteration 4 Starts ...
1665029088.616726 -- INFO: Changing concurrency to 25 ******
1665029088.617390 -- INFO: Start Process :: 7
1665029088.617529 -- INFO: Start Process :: 8
1665029088.617575 -- INFO: Start Process :: 11
1665029088.617670 -- INFO: Start Process :: 9
1665029088.617753 -- INFO: Start Process :: 20
1665029088.617839 -- INFO: Process Status Bits from change concurrency are: 1 1 1 1 1 1 1 1 1 1 1 1 1 1 1 1 1 1 1 1 1 1 1 1 1 0 0 0 0 0 0 0
1665029088.617933 -- INFO: Start Process :: 18
1665029088.618012 -- INFO: Start Process :: 22
1665029088.618111 -- INFO: Start Process :: 21
1665029088.618159 -- INFO: Start Process :: 17
1665029088.618217 -- INFO: Start Process :: 15
1665029088.618260 -- INFO: Start Process :: 13
1665029088.618330 -- INFO: Active CC: 25
1665029088.618336 -- INFO: Start Process :: 12
1665029088.618406 -- INFO: Start Process :: 14
1665029088.618474 -- INFO: Start Process :: 24
1665029088.618564 -- INFO: Start Process :: 16
1665029088.618675 -- INFO: Start Process :: 19
1665029088.618751 -- INFO: Start Process :: 10
1665029088.618834 -- INFO: Start Process :: 23
1665029088.651479 -- INFO: Process 15 get item 25 from queue and executing
1665029088.651718 -- INFO: starting 15, 25, /home/cc/files_to_send/FILE1
1665029088.651917 -- INFO: Process 11 get item 26 from queue and executing
1665029088.652029 -- INFO: Process 8 get item 27 from queue and executing
1665029088.652154 -- INFO: starting 11, 26, /home/cc/files_to_send/FILE0
1665029088.652174 -- INFO: Process 9 get item 28 from queue and executing
1665029088.652241 -- INFO: starting 8, 27, /home/cc/files_to_send/FILE2
1665029088.652479 -- INFO: Process 20 get item 29 from queue and executing
1665029088.652540 -- INFO: starting 9, 28, /home/cc/files_to_send/FILE3
1665029088.652607 -- INFO: Process 21 get item 30 from queue and executing
1665029088.652649 -- INFO: Process 17 get item 31 from queue and executing
1665029088.652704 -- INFO: starting 20, 29, /home/cc/files_to_send/FILE1
1665029088.652753 -- INFO: Process 24 get item 32 from queue and executing
1665029088.652853 -- INFO: starting 21, 30, /home/cc/files_to_send/FILE0
1665029088.652920 -- INFO: starting 17, 31, /home/cc/files_to_send/FILE2
1665029088.652929 -- INFO: starting 24, 32, /home/cc/files_to_send/FILE3
1665029088.653128 -- INFO: Process 14 get item 33 from queue and executing
1665029088.653187 -- INFO: Process 23 get item 34 from queue and executing
1665029088.653286 -- INFO: Process 18 get item 35 from queue and executing
1665029088.653336 -- INFO: Process 7 get item 36 from queue and executing
1665029088.653376 -- INFO: starting 14, 33, /home/cc/files_to_send/FILE1
1665029088.653408 -- INFO: starting 23, 34, /home/cc/files_to_send/FILE0
1665029088.653493 -- INFO: Process 16 get item 37 from queue and executing
1665029088.653500 -- INFO: starting 18, 35, /home/cc/files_to_send/FILE2
1665029088.653611 -- INFO: Process 12 get item 38 from queue and executing
1665029088.653666 -- INFO: starting 16, 37, /home/cc/files_to_send/FILE1
1665029088.653672 -- INFO: starting 7, 36, /home/cc/files_to_send/FILE3
1665029088.653677 -- INFO: Process 22 get item 39 from queue and executing
1665029088.653812 -- INFO: starting 12, 38, /home/cc/files_to_send/FILE0
1665029088.653835 -- INFO: Process 13 get item 40 from queue and executing
1665029088.653849 -- INFO: starting 22, 39, /home/cc/files_to_send/FILE2
1665029088.653898 -- INFO: Process 19 get item 41 from queue and executing
1665029088.653994 -- INFO: Process 10 get item 42 from queue and executing
1665029088.654014 -- INFO: starting 13, 40, /home/cc/files_to_send/FILE3
1665029088.654113 -- INFO: starting 19, 41, /home/cc/files_to_send/FILE1
1665029088.654405 -- INFO: starting 10, 42, /home/cc/files_to_send/FILE0
1665029088.869446 -- INFO: Throughput @10.1s:3581.94Mbps, rtt :34.52ms cwnd: 605.0 lossRate: 7.891621728265159e-05 CC:25 score:-2180.0 
1665029089.870013 -- INFO: Throughput @11.1s:6157.24Mbps, rtt :34.94ms cwnd: 928.0 lossRate: 9.3909587605437e-06 CC:25 score:-3752.0 
1665029090.869851 -- INFO: Throughput @12.1s:8304.72Mbps, rtt :40.91ms cwnd: 1333.3 lossRate: 0.0 CC:25 score:-5062.0 
1665029091.150037 -- INFO: Process 0 finished on working on file 0 
1665029091.150462 -- INFO: Process 0 get item 43 from queue and executing
1665029091.150693 -- INFO: starting 0, 43, /home/cc/files_to_send/FILE2
1665029091.872100 -- INFO: Throughput @13.1s:8562.04Mbps, rtt :40.45ms cwnd: 1262.3 lossRate: 4.49496359760541e-05 CC:25 score:-5215.0 
1665029092.015630 -- INFO: Iteration 4 Ends, Took 3.4 Seconds. Best Params: [25] and Score: -4426.666666666667.
1665029092.015771 -- INFO: Iteration 5 Starts ...
1665029092.015954 -- INFO: Changing concurrency to 25 ******
1665029092.016554 -- INFO: Process Status Bits from change concurrency are: 1 1 1 1 1 1 1 1 1 1 1 1 1 1 1 1 1 1 1 1 1 1 1 1 1 0 0 0 0 0 0 0
1665029092.017183 -- INFO: Active CC: 25
1665029092.873465 -- INFO: Throughput @14.1s:8531.21Mbps, rtt :39.47ms cwnd: 1303.0 lossRate: 0.0 CC:25 score:-5200.0 
1665029093.874619 -- INFO: Throughput @15.1s:8782.87Mbps, rtt :43.38ms cwnd: 1344.2 lossRate: 0.0 CC:25 score:-5353.0 
1665029094.876354 -- INFO: Throughput @16.1s:8858.37Mbps, rtt :39.98ms cwnd: 1255.7 lossRate: 4.3385602027816744e-05 CC:25 score:-5396.0 
1665029094.883026 -- INFO: Process 6 finished on working on file 6 
1665029094.883466 -- INFO: Process 6 get item 44 from queue and executing
1665029094.883713 -- INFO: starting 6, 44, /home/cc/files_to_send/FILE3
1665029094.948599 -- INFO: Process 4 finished on working on file 2 
1665029094.949131 -- INFO: Process 4 get item 45 from queue and executing
1665029094.949524 -- INFO: starting 4, 45, /home/cc/files_to_send/FILE1
1665029095.345668 -- INFO: Iteration 5 Ends, Took 3.33 Seconds. Best Params: [25] and Score: -5316.333333333333.
1665029095.345814 -- INFO: Iteration 6 Starts ...
1665029095.345922 -- INFO: Changing concurrency to 23 ******
1665029095.346556 -- INFO: Process Status Bits from change concurrency are: 1 1 1 1 1 1 1 1 1 1 1 1 1 1 1 1 1 1 1 1 1 1 1 0 0 0 0 0 0 0 0 0
1665029095.347156 -- INFO: Active CC: 23
1665029095.876163 -- INFO: Throughput @17.1s:8693.52Mbps, rtt :40.92ms cwnd: 1366.9 lossRate: 4.7616553418630454e-06 CC:23 score:-5513.0 
1665029096.875077 -- INFO: Throughput @18.1s:8380.22Mbps, rtt :38.04ms cwnd: 1213.9 lossRate: 0.00013459080925152248 CC:23 score:-5303.0 
1665029097.875160 -- INFO: Throughput @19.1s:8413.77Mbps, rtt :37.28ms cwnd: 1181.2 lossRate: 8.54750343968082e-05 CC:23 score:-5328.0 
1665029098.657323 -- INFO: Iteration 6 Ends, Took 3.31 Seconds. Best Params: [23] and Score: -5381.333333333333.
1665029098.657487 -- INFO: Iteration 7 Starts ...
1665029098.657663 -- INFO: Changing concurrency to 21 ******
1665029098.658284 -- INFO: Process Status Bits from change concurrency are: 1 1 1 1 1 1 1 1 1 1 1 1 1 1 1 1 1 1 1 1 1 0 0 0 0 0 0 0 0 0 0 0
1665029098.658877 -- INFO: Active CC: 21
1665029098.878134 -- INFO: Throughput @20.1s:8120.17Mbps, rtt :36.95ms cwnd: 1251.9 lossRate: 5.018956211537422e-05 CC:21 score:-5353.0 
1665029099.879078 -- INFO: Throughput @21.1s:7809.79Mbps, rtt :38.86ms cwnd: 1215.2 lossRate: 4.305685880913637e-05 CC:21 score:-5149.0 
1665029100.752870 -- INFO: Process 1 finished on working on file 1 
1665029100.753364 -- INFO: Process 1 get item 46 from queue and executing
1665029100.753640 -- INFO: starting 1, 46, /home/cc/files_to_send/FILE0
1665029100.878826 -- INFO: Throughput @22.1s:8050.33Mbps, rtt :35.7ms cwnd: 1265.4 lossRate: 0.0 CC:21 score:-5311.0 
1665029101.880073 -- INFO: Throughput @23.1s:8304.72Mbps, rtt :34.93ms cwnd: 1308.9 lossRate: 0.0 CC:21 score:-5479.0 
1665029101.970363 -- INFO: Iteration 7 Ends, Took 3.31 Seconds. Best Params: [23] and Score: -5381.333333333333.
1665029101.970506 -- INFO: Iteration 8 Starts ...
1665029101.970644 -- INFO: Changing concurrency to 20 ******
1665029101.971413 -- INFO: Process Status Bits from change concurrency are: 1 1 1 1 1 1 1 1 1 1 1 1 1 1 1 1 1 1 1 1 0 0 0 0 0 0 0 0 0 0 0 0
1665029101.972027 -- INFO: Active CC: 20
1665029102.135565 -- INFO: Process 19 finished on working on file 41 
1665029102.136013 -- INFO: Process 19 get item 47 from queue and executing
1665029102.136201 -- INFO: starting 19, 47, /home/cc/files_to_send/FILE2
1665029102.220300 -- INFO: Process 10 finished on working on file 42 
1665029102.220938 -- INFO: Process 10 get item 48 from queue and executing
1665029102.221169 -- INFO: starting 10, 48, /home/cc/files_to_send/FILE3
1665029102.630107 -- INFO: Process 18 finished on working on file 35 
1665029102.630603 -- INFO: Process 18 get item 49 from queue and executing
1665029102.630788 -- INFO: starting 18, 49, /home/cc/files_to_send/FILE1
1665029102.784958 -- INFO: Process 2 finished on working on file 3 
1665029102.785394 -- INFO: Process 2 get item 50 from queue and executing
1665029102.785665 -- INFO: starting 2, 50, /home/cc/files_to_send/FILE0
1665029102.880090 -- INFO: Throughput @24.1s:8318.96Mbps, rtt :35.32ms cwnd: 1316.7 lossRate: 2.7294711922512133e-05 CC:20 score:-5596.0 
1665029103.751712 -- INFO: Process 3 finished on working on file 4 
1665029103.752235 -- INFO: Process 3 get item 51 from queue and executing
1665029103.752524 -- INFO: starting 3, 51, /home/cc/files_to_send/FILE2
1665029103.883511 -- INFO: Throughput @25.1s:7689.62Mbps, rtt :34.8ms cwnd: 1239.0 lossRate: 8.481019176190144e-05 CC:20 score:-5168.0 
1665029104.804951 -- INFO: Process 12 finished on working on file 38 
1665029104.805393 -- INFO: Process 12 get item 52 from queue and executing
1665029104.805528 -- INFO: starting 12, 52, /home/cc/files_to_send/FILE3
1665029104.883170 -- INFO: Throughput @26.1s:7647.68Mbps, rtt :35.78ms cwnd: 1281.3 lossRate: 0.0 CC:20 score:-5147.0 
1665029105.295514 -- INFO: Iteration 8 Ends, Took 3.32 Seconds. Best Params: [23] and Score: -5381.333333333333.
1665029105.295676 -- INFO: Iteration 9 Starts ...
1665029105.295868 -- INFO: Changing concurrency to 19 ******
1665029105.296708 -- INFO: Process Status Bits from change concurrency are: 1 1 1 1 1 1 1 1 1 1 1 1 1 1 1 1 1 1 1 0 0 0 0 0 0 0 0 0 0 0 0 0
1665029105.297368 -- INFO: Active CC: 19
1665029105.669738 -- INFO: Process 0 finished on working on file 43 
1665029105.670213 -- INFO: Process 0 get item 53 from queue and executing
1665029105.670405 -- INFO: starting 0, 53, /home/cc/files_to_send/FILE1
1665029105.884337 -- INFO: Throughput @27.1s:7815.45Mbps, rtt :34.77ms cwnd: 1287.4 lossRate: 0 CC:19 score:-5365.0 
1665029106.231877 -- INFO: Process 9 finished on working on file 28 
1665029106.232298 -- INFO: Process 9 get item 54 from queue and executing
1665029106.232478 -- INFO: starting 9, 54, /home/cc/files_to_send/FILE0
1665029106.509715 -- INFO: Process 8 finished on working on file 27 
1665029106.510140 -- INFO: Process 8 get item 55 from queue and executing
1665029106.510318 -- INFO: starting 8, 55, /home/cc/files_to_send/FILE2
1665029106.884672 -- INFO: Throughput @28.1s:7980.49Mbps, rtt :34.94ms cwnd: 1302.6 lossRate: 0.0 CC:19 score:-5478.0 
1665029107.280892 -- INFO: Process 4 finished on working on file 45 
1665029107.281277 -- INFO: Process 4 get item 56 from queue and executing
1665029107.281419 -- INFO: starting 4, 56, /home/cc/files_to_send/FILE3
1665029107.885872 -- INFO: Throughput @29.1s:7614.12Mbps, rtt :36.66ms cwnd: 1273.6 lossRate: 1.2155246812286523e-05 CC:19 score:-5226.0 
1665029108.770918 -- INFO: Iteration 9 Ends, Took 3.48 Seconds. Best Params: [23] and Score: -5381.333333333333.
1665029108.771077 -- INFO: Iteration 10 Starts ...
1665029108.771293 -- INFO: Changing concurrency to 19 ******
1665029108.772379 -- INFO: Process Status Bits from change concurrency are: 1 1 1 1 1 1 1 1 1 1 1 1 1 1 1 1 1 1 1 0 0 0 0 0 0 0 0 0 0 0 0 0
1665029108.773433 -- INFO: Active CC: 19
1665029108.886544 -- INFO: Throughput @30.1s:7574.91Mbps, rtt :35.12ms cwnd: 1292.9 lossRate: 0.0 CC:19 score:-5200.0 
1665029109.886635 -- INFO: Throughput @31.1s:7633.63Mbps, rtt :34.67ms cwnd: 1241.2 lossRate: 7.741312653403218e-05 CC:19 score:-5234.0 
1665029110.887775 -- INFO: Throughput @32.1s:7692.35Mbps, rtt :34.92ms cwnd: 1270.6 lossRate: 0.0 CC:19 score:-5280.0 
1665029111.442349 -- INFO: Process 6 finished on working on file 44 
1665029111.442842 -- INFO: Process 6 get item 57 from queue and executing
1665029111.443007 -- INFO: starting 6, 57, /home/cc/files_to_send/FILE1
1665029111.889063 -- INFO: Throughput @33.1s:7773.51Mbps, rtt :35.56ms cwnd: 1299.9 lossRate: 0.0 CC:19 score:-5336.0 
1665029112.100688 -- INFO: Iteration 10 Ends, Took 3.33 Seconds. Best Params: [23] and Score: -5381.333333333333.
1665029112.100843 -- INFO: Iteration 11 Starts ...
1665029112.101031 -- INFO: Changing concurrency to 18 ******
1665029112.102031 -- INFO: Process Status Bits from change concurrency are: 1 1 1 1 1 1 1 1 1 1 1 1 1 1 1 1 1 1 0 0 0 0 0 0 0 0 0 0 0 0 0 0
1665029112.103107 -- INFO: Active CC: 18
1665029112.114100 -- INFO: Process 7 finished on working on file 36 
1665029112.114497 -- INFO: Process 7 get item 58 from queue and executing
1665029112.114617 -- INFO: starting 7, 58, /home/cc/files_to_send/FILE0
1665029112.209567 -- INFO: Process 13 finished on working on file 40 
1665029112.210054 -- INFO: Process 13 get item 59 from queue and executing
1665029112.210239 -- INFO: starting 13, 59, /home/cc/files_to_send/FILE2
1665029112.890065 -- INFO: Throughput @34.1s:7510.73Mbps, rtt :34.67ms cwnd: 1282.4 lossRate: 0 CC:18 score:-5259.0 
1665029113.891851 -- INFO: Throughput @35.1s:7516.19Mbps, rtt :34.72ms cwnd: 1243.6 lossRate: 5.2485416000950914e-05 CC:18 score:-5259.0 
1665029114.892688 -- INFO: Throughput @36.1s:7423.92Mbps, rtt :35.7ms cwnd: 1298.3 lossRate: 0.0 CC:18 score:-5198.0 
1665029115.427592 -- INFO: Iteration 11 Ends, Took 3.33 Seconds. Best Params: [23] and Score: -5381.333333333333.
1665029115.427734 -- INFO: Iteration 12 Starts ...
1665029115.427961 -- INFO: Changing concurrency to 18 ******
1665029115.428967 -- INFO: Process Status Bits from change concurrency are: 1 1 1 1 1 1 1 1 1 1 1 1 1 1 1 1 1 1 0 0 0 0 0 0 0 0 0 0 0 0 0 0
1665029115.430260 -- INFO: Active CC: 18
1665029115.441218 -- INFO: Process 2 finished on working on file 50 
1665029115.441715 -- INFO: Process 2 get item 60 from queue and executing
1665029115.442019 -- INFO: starting 2, 60, /home/cc/files_to_send/FILE3
1665029115.894039 -- INFO: Throughput @37.1s:7748.34Mbps, rtt :35.25ms cwnd: 1356.5 lossRate: 0.0 CC:18 score:-5425.0 
1665029115.921483 -- INFO: Process 10 finished on working on file 48 
1665029115.922039 -- INFO: Process 10 get item 61 from queue and executing
1665029115.922235 -- INFO: starting 10, 61, /home/cc/files_to_send/FILE1
1665029116.894813 -- INFO: Throughput @38.1s:7974.83Mbps, rtt :36.57ms cwnd: 1416.0 lossRate: 0.0 CC:18 score:-5584.0 
1665029117.474420 -- INFO: Process 12 finished on working on file 52 
1665029117.474927 -- INFO: Process 12 get item 62 from queue and executing
1665029117.475084 -- INFO: starting 12, 62, /home/cc/files_to_send/FILE0
1665029117.895085 -- INFO: Throughput @39.1s:8201.33Mbps, rtt :36.31ms cwnd: 1481.7 lossRate: 0.0 CC:18 score:-5742.0 
1665029118.744575 -- INFO: Iteration 12 Ends, Took 3.32 Seconds. Best Params: [18] and Score: -5583.666666666667.
1665029118.744715 -- INFO: Iteration 13 Starts ...
1665029118.744875 -- INFO: Changing concurrency to 16 ******
1665029118.746117 -- INFO: Process Status Bits from change concurrency are: 1 1 1 1 1 1 1 1 1 1 1 1 1 1 1 1 0 0 0 0 0 0 0 0 0 0 0 0 0 0 0 0
1665029118.747207 -- INFO: Active CC: 16
1665029118.896469 -- INFO: Throughput @40.1s:8220.84Mbps, rtt :35.05ms cwnd: 1517.6 lossRate: 0 CC:16 score:-5988.0 
1665029119.642826 -- INFO: Process 4 finished on working on file 56 
1665029119.643224 -- INFO: Process 4 get item 63 from queue and executing
1665029119.643437 -- INFO: starting 4, 63, /home/cc/files_to_send/FILE2
1665029119.808175 -- INFO: Process 11 finished on working on file 26 
1665029119.808515 -- INFO: Process 11 get item 64 from queue and executing
1665029119.808653 -- INFO: starting 11, 64, /home/cc/files_to_send/FILE3
1665029119.898214 -- INFO: Throughput @41.1s:8005.66Mbps, rtt :34.73ms cwnd: 1560.6 lossRate: 0.0 CC:16 score:-5832.0 
1665029120.305264 -- INFO: Process 0 finished on working on file 53 
1665029120.305808 -- INFO: Process 0 get item 65 from queue and executing
1665029120.306003 -- INFO: starting 0, 65, /home/cc/files_to_send/FILE1
1665029120.897939 -- INFO: Throughput @42.1s:8083.89Mbps, rtt :35.11ms cwnd: 1601.6 lossRate: 0.0 CC:16 score:-5889.0 
1665029120.968016 -- INFO: Process 9 finished on working on file 54 
1665029120.968580 -- INFO: Process 9 get item 66 from queue and executing
1665029120.968798 -- INFO: starting 9, 66, /home/cc/files_to_send/FILE0
1665029121.899312 -- INFO: Throughput @43.1s:8092.27Mbps, rtt :34.65ms cwnd: 1430.1 lossRate: 9.347460941993972e-05 CC:16 score:-5887.0 
1665029122.053030 -- INFO: Iteration 13 Ends, Took 3.31 Seconds. Best Params: [16] and Score: -5869.333333333333.
1665029122.053183 -- INFO: Iteration 14 Starts ...
1665029122.053359 -- INFO: Changing concurrency to 15 ******
1665029122.054763 -- INFO: Process Status Bits from change concurrency are: 1 1 1 1 1 1 1 1 1 1 1 1 1 1 1 0 0 0 0 0 0 0 0 0 0 0 0 0 0 0 0 0
1665029122.055831 -- INFO: Active CC: 15
1665029122.900147 -- INFO: Throughput @44.1s:7323.25Mbps, rtt :35.24ms cwnd: 1546.7 lossRate: 0 CC:15 score:-5441.0 
1665029123.090666 -- INFO: Process 3 finished on working on file 51 
1665029123.091080 -- INFO: Process 3 get item 67 from queue and executing
1665029123.091230 -- INFO: starting 3, 67, /home/cc/files_to_send/FILE2
1665029123.447151 -- INFO: Process 8 finished on working on file 55 
1665029123.447641 -- INFO: Process 8 get item 68 from queue and executing
1665029123.447839 -- INFO: starting 8, 68, /home/cc/files_to_send/FILE3
1665029123.902696 -- INFO: Throughput @45.1s:7628.17Mbps, rtt :35.13ms cwnd: 1602.6 lossRate: 0.0 CC:15 score:-5668.0 
1665029123.924120 -- INFO: Process 7 finished on working on file 58 
1665029123.924574 -- INFO: Process 7 get item 69 from queue and executing
1665029123.924775 -- INFO: starting 7, 69, /home/cc/files_to_send/FILE1
1665029124.651407 -- INFO: Process 6 finished on working on file 57 
1665029124.651815 -- INFO: Process 6 get item 70 from queue and executing
1665029124.651989 -- INFO: starting 6, 70, /home/cc/files_to_send/FILE0
1665029124.902957 -- INFO: Throughput @46.1s:7930.16Mbps, rtt :35.37ms cwnd: 1655.5 lossRate: 0.0 CC:15 score:-5892.0 
1665029125.361350 -- INFO: Iteration 14 Ends, Took 3.31 Seconds. Best Params: [16] and Score: -5869.333333333333.
1665029125.361498 -- INFO: Iteration 15 Starts ...
1665029125.361741 -- INFO: Changing concurrency to 15 ******
1665029125.362774 -- INFO: Process Status Bits from change concurrency are: 1 1 1 1 1 1 1 1 1 1 1 1 1 1 1 0 0 0 0 0 0 0 0 0 0 0 0 0 0 0 0 0
1665029125.363714 -- INFO: Active CC: 15
1665029125.575636 -- INFO: Process 14 finished on working on file 33 
1665029125.576139 -- INFO: Process 14 get item 71 from queue and executing
1665029125.576329 -- INFO: starting 14, 71, /home/cc/files_to_send/FILE2
1665029125.904272 -- INFO: Throughput @47.1s:8134.22Mbps, rtt :34.99ms cwnd: 1707.1 lossRate: 0.0 CC:15 score:-6044.0 
1665029126.905106 -- INFO: Throughput @48.1s:8455.72Mbps, rtt :35.45ms cwnd: 1759.3 lossRate: 0.0 CC:15 score:-6283.0 
1665029127.034530 -- INFO: Process 2 finished on working on file 60 
1665029127.034990 -- INFO: Process 2 get item 72 from queue and executing
1665029127.035212 -- INFO: starting 2, 72, /home/cc/files_to_send/FILE3
1665029127.549718 -- INFO: Process 5 finished on working on file 5 
1665029127.550136 -- INFO: Process 5 get item 73 from queue and executing
1665029127.550360 -- INFO: starting 5, 73, /home/cc/files_to_send/FILE1
1665029127.905777 -- INFO: Throughput @49.1s:8248.93Mbps, rtt :35.61ms cwnd: 1813.2 lossRate: 0.0 CC:15 score:-6129.0 
1665029128.677106 -- INFO: Iteration 15 Ends, Took 3.32 Seconds. Best Params: [15] and Score: -6152.0.
1665029128.677263 -- INFO: Iteration 16 Starts ...
1665029128.677479 -- INFO: Changing concurrency to 14 ******
1665029128.678832 -- INFO: Process Status Bits from change concurrency are: 1 1 1 1 1 1 1 1 1 1 1 1 1 1 0 0 0 0 0 0 0 0 0 0 0 0 0 0 0 0 0 0
1665029128.680008 -- INFO: Active CC: 14
1665029128.907211 -- INFO: Throughput @50.1s:8430.55Mbps, rtt :35.47ms cwnd: 1847.9 lossRate: 0 CC:14 score:-6389.0 
1665029129.521173 -- INFO: Process 12 finished on working on file 62 
1665029129.521613 -- INFO: Process 12 get item 74 from queue and executing
1665029129.521766 -- INFO: starting 12, 74, /home/cc/files_to_send/FILE0
1665029129.907041 -- INFO: Throughput @51.1s:8201.33Mbps, rtt :35.54ms cwnd: 1902.3 lossRate: 0.0 CC:14 score:-6216.0 
1665029130.908282 -- INFO: Throughput @52.1s:8438.94Mbps, rtt :36.66ms cwnd: 1956.9 lossRate: 0.0 CC:14 score:-6396.0 
1665029131.909563 -- INFO: Throughput @53.1s:8346.66Mbps, rtt :37.31ms cwnd: 1984.7 lossRate: 0.0 CC:14 score:-6326.0 
1665029131.950523 -- INFO: Process 0 finished on working on file 65 
1665029131.950943 -- INFO: Process 0 get item 75 from queue and executing
1665029131.951099 -- INFO: starting 0, 75, /home/cc/files_to_send/FILE2
1665029131.997226 -- INFO: Iteration 16 Ends, Took 3.32 Seconds. Best Params: [14] and Score: -6333.666666666667.
1665029131.997375 -- INFO: Iteration 17 Starts ...
1665029131.997575 -- INFO: Changing concurrency to 13 ******
1665029131.998871 -- INFO: Process Status Bits from change concurrency are: 1 1 1 1 1 1 1 1 1 1 1 1 1 0 0 0 0 0 0 0 0 0 0 0 0 0 0 0 0 0 0 0
1665029131.999935 -- INFO: Active CC: 13
1665029132.702777 -- INFO: Process 10 finished on working on file 61 
1665029132.703530 -- INFO: Process 10 get item 76 from queue and executing
1665029132.703838 -- INFO: starting 10, 76, /home/cc/files_to_send/FILE3
1665029132.910214 -- INFO: Throughput @54.1s:8282.48Mbps, rtt :34.71ms cwnd: 1988.1 lossRate: 0 CC:13 score:-6403.0 
1665029133.040454 -- INFO: Process 4 finished on working on file 63 
1665029133.040915 -- INFO: Process 4 get item 77 from queue and executing
1665029133.041065 -- INFO: starting 4, 77, /home/cc/files_to_send/FILE1
1665029133.583638 -- INFO: Process 9 finished on working on file 66 
1665029133.584084 -- INFO: Process 9 get item 78 from queue and executing
1665029133.584291 -- INFO: starting 9, 78, /home/cc/files_to_send/FILE0
1665029133.911769 -- INFO: Throughput @55.1s:7745.61Mbps, rtt :35.2ms cwnd: 1830.7 lossRate: 8.852518541525064e-05 CC:13 score:-5981.0 
1665029134.166726 -- INFO: Process 1 finished on working on file 46 
1665029134.167168 -- INFO: Process 1 get item 79 from queue and executing
1665029134.167336 -- INFO: starting 1, 79, /home/cc/files_to_send/FILE2
1665029134.912827 -- INFO: Throughput @56.1s:7664.46Mbps, rtt :34.68ms cwnd: 1873.2 lossRate: 0.0 CC:13 score:-5925.0 
1665029135.323045 -- INFO: Iteration 17 Ends, Took 3.33 Seconds. Best Params: [14] and Score: -6333.666666666667.
1665029135.323189 -- INFO: Iteration 18 Starts ...
1665029135.323459 -- INFO: Changing concurrency to 13 ******
1665029135.324701 -- INFO: Process Status Bits from change concurrency are: 1 1 1 1 1 1 1 1 1 1 1 1 1 0 0 0 0 0 0 0 0 0 0 0 0 0 0 0 0 0 0 0
1665029135.326002 -- INFO: Active CC: 13
1665029135.798273 -- INFO: Process 7 finished on working on file 69 
1665029135.798750 -- INFO: Process 7 get item 80 from queue and executing
1665029135.798928 -- INFO: starting 7, 80, /home/cc/files_to_send/FILE3
1665029135.913875 -- INFO: Throughput @57.1s:7840.62Mbps, rtt :37.65ms cwnd: 1908.5 lossRate: 0.0 CC:13 score:-6061.0 
1665029136.082449 -- INFO: Process 3 finished on working on file 67 
1665029136.082901 -- INFO: Process 3 get item 81 from queue and executing
1665029136.083057 -- INFO: starting 3, 81, /home/cc/files_to_send/FILE1
1665029136.406335 -- INFO: Process 6 finished on working on file 70 
1665029136.406721 -- INFO: Process 6 get item 82 from queue and executing
1665029136.406951 -- INFO: starting 6, 82, /home/cc/files_to_send/FILE0
1665029136.820597 -- INFO: Process 11 finished on working on file 64 
1665029136.821049 -- INFO: Process 11 get item 83 from queue and executing
1665029136.821223 -- INFO: starting 11, 83, /home/cc/files_to_send/FILE2
1665029136.914575 -- INFO: Throughput @58.1s:7801.6Mbps, rtt :36.98ms cwnd: 1938.2 lossRate: 0.0 CC:13 score:-6031.0 
1665029137.915302 -- INFO: Throughput @59.1s:7927.23Mbps, rtt :35.03ms cwnd: 1510.7 lossRate: 8.344043962864612e-05 CC:13 score:-6121.0 
1665029138.654649 -- INFO: Iteration 18 Ends, Took 3.33 Seconds. Best Params: [14] and Score: -6333.666666666667.
1665029138.654814 -- INFO: Iteration 19 Starts ...
1665029138.655046 -- INFO: Changing concurrency to 13 ******
1665029138.656466 -- INFO: Process Status Bits from change concurrency are: 1 1 1 1 1 1 1 1 1 1 1 1 1 0 0 0 0 0 0 0 0 0 0 0 0 0 0 0 0 0 0 0
1665029138.657761 -- INFO: Active CC: 13
1665029138.801938 -- INFO: Process 8 finished on working on file 68 
1665029138.802389 -- INFO: Process 8 get item 84 from queue and executing
1665029138.802527 -- INFO: starting 8, 84, /home/cc/files_to_send/FILE3
1665029138.916523 -- INFO: Throughput @60.1s:7471.52Mbps, rtt :37.18ms cwnd: 1788.8 lossRate: 0.0 CC:13 score:-5776.0 
1665029139.078294 -- INFO: Process 2 finished on working on file 72 
1665029139.078746 -- INFO: Process 2 get item 85 from queue and executing
1665029139.078935 -- INFO: starting 2, 85, /home/cc/files_to_send/FILE1
1665029139.918358 -- INFO: Throughput @61.1s:7681.23Mbps, rtt :35.07ms cwnd: 1842.2 lossRate: 0.0 CC:13 score:-5938.0 
1665029140.917954 -- INFO: Throughput @62.1s:7751.07Mbps, rtt :34.9ms cwnd: 1887.7 lossRate: 0.0 CC:13 score:-5992.0 
1665029141.604994 -- INFO: Process 5 finished on working on file 73 
1665029141.605392 -- INFO: Process 5 get item 86 from queue and executing
1665029141.605591 -- INFO: starting 5, 86, /home/cc/files_to_send/FILE0
1665029141.919392 -- INFO: Throughput @63.1s:7958.06Mbps, rtt :34.8ms cwnd: 1927.8 lossRate: 0.0 CC:13 score:-6152.0 
1665029142.017656 -- INFO: Iteration 19 Ends, Took 3.36 Seconds. Best Params: [14] and Score: -6333.666666666667.
1665029142.017823 -- INFO: Iteration 20 Starts ...
1665029142.018016 -- INFO: Changing concurrency to 32 ******
1665029142.019012 -- INFO: Start Process :: 13
1665029142.019200 -- INFO: Process Status Bits from change concurrency are: 1 1 1 1 1 1 1 1 1 1 1 1 1 1 1 1 1 1 1 1 1 1 1 1 1 1 1 1 1 1 1 1
1665029142.019181 -- INFO: Start Process :: 14
1665029142.019344 -- INFO: Active CC: 32
1665029142.019316 -- INFO: Start Process :: 15
1665029142.019507 -- INFO: Start Process :: 20
1665029142.019782 -- INFO: Start Process :: 17
1665029142.019855 -- INFO: Start Process :: 22
1665029142.020085 -- INFO: Start Process :: 19
1665029142.020399 -- INFO: Start Process :: 16
1665029142.020948 -- INFO: Start Process :: 25
1665029142.021395 -- INFO: Start Process :: 18
1665029142.022228 -- INFO: Start Process :: 30
1665029142.022616 -- INFO: Start Process :: 27
1665029142.021818 -- INFO: Start Process :: 24
1665029142.021912 -- INFO: Start Process :: 21
1665029142.021984 -- INFO: Start Process :: 23
1665029142.023232 -- INFO: Start Process :: 29
1665029142.023334 -- INFO: Start Process :: 28
1665029142.025067 -- INFO: Start Process :: 31
1665029142.024664 -- INFO: Start Process :: 26
1665029142.054193 -- INFO: Process 13 get item 87 from queue and executing
1665029142.054255 -- INFO: Process 15 get item 88 from queue and executing
1665029142.054349 -- INFO: starting 13, 87, /home/cc/files_to_send/FILE2
1665029142.054505 -- INFO: starting 15, 88, /home/cc/files_to_send/FILE3
1665029142.054579 -- INFO: Process 22 get item 89 from queue and executing
1665029142.054774 -- INFO: starting 22, 89, /home/cc/files_to_send/FILE1
1665029142.055159 -- INFO: Process 20 get item 90 from queue and executing
1665029142.055425 -- INFO: starting 20, 90, /home/cc/files_to_send/FILE0
1665029142.055928 -- INFO: Process 19 get item 91 from queue and executing
1665029142.056063 -- INFO: starting 19, 91, /home/cc/files_to_send/FILE2
1665029142.056147 -- INFO: Process 17 get item 92 from queue and executing
1665029142.056290 -- INFO: starting 17, 92, /home/cc/files_to_send/FILE3
1665029142.056293 -- INFO: Process 14 get item 93 from queue and executing
1665029142.056443 -- INFO: starting 14, 93, /home/cc/files_to_send/FILE1
1665029142.056644 -- INFO: Process 16 get item 94 from queue and executing
1665029142.056816 -- INFO: starting 16, 94, /home/cc/files_to_send/FILE0
1665029142.057297 -- INFO: Process 25 get item 95 from queue and executing
1665029142.057516 -- INFO: starting 25, 95, /home/cc/files_to_send/FILE2
1665029142.057718 -- INFO: Process 18 get item 96 from queue and executing
1665029142.057942 -- INFO: Process 23 get item 97 from queue and executing
1665029142.058140 -- INFO: Process 24 get item 98 from queue and executing
1665029142.058186 -- INFO: starting 18, 96, /home/cc/files_to_send/FILE3
1665029142.058193 -- INFO: Process 30 get item 99 from queue and executing
1665029142.058363 -- INFO: starting 30, 99, /home/cc/files_to_send/FILE2
1665029142.058464 -- INFO: starting 23, 97, /home/cc/files_to_send/FILE1
1665029142.058683 -- INFO: starting 24, 98, /home/cc/files_to_send/FILE0
1665029142.058993 -- INFO: Process 27 get item 100 from queue and executing
1665029142.059078 -- INFO: Process 21 get item 101 from queue and executing
1665029142.059127 -- INFO: starting 27, 100, /home/cc/files_to_send/FILE3
1665029142.059355 -- INFO: Process 29 get item 102 from queue and executing
1665029142.059506 -- INFO: Process 28 get item 103 from queue and executing
1665029142.059591 -- INFO: starting 29, 102, /home/cc/files_to_send/FILE0
1665029142.059603 -- INFO: starting 21, 101, /home/cc/files_to_send/FILE1
1665029142.059688 -- INFO: starting 28, 103, /home/cc/files_to_send/FILE2
1665029142.060284 -- INFO: Process 26 get item 104 from queue and executing
1665029142.060567 -- INFO: starting 26, 104, /home/cc/files_to_send/FILE3
1665029142.061275 -- INFO: Process 31 get item 105 from queue and executing
1665029142.061558 -- INFO: starting 31, 105, /home/cc/files_to_send/FILE1
1665029142.331543 -- INFO: Process 12 finished on working on file 74 
1665029142.332036 -- INFO: Process 12 get item 106 from queue and executing
1665029142.332149 -- INFO: starting 12, 106, /home/cc/files_to_send/FILE0
1665029142.923602 -- INFO: Throughput @64.1s:8905.97Mbps, rtt :46.18ms cwnd: 1206.6 lossRate: 3.043169341788934e-05 CC:32 score:-4723.0 
1665029143.924867 -- INFO: Throughput @65.1s:8782.87Mbps, rtt :50.57ms cwnd: 1246.1 lossRate: 0.00013808394714935555 CC:32 score:-4648.0 
1665029144.308725 -- INFO: Process 0 finished on working on file 75 
1665029144.309257 -- INFO: Process 0 get item 107 from queue and executing
1665029144.309507 -- INFO: starting 0, 107, /home/cc/files_to_send/FILE2
1665029144.925719 -- INFO: Throughput @66.1s:8763.36Mbps, rtt :47.59ms cwnd: 1150.8 lossRate: 0.00022668462468449744 CC:32 score:-4630.0 
1665029145.393330 -- INFO: Iteration 20 Ends, Took 3.38 Seconds. Best Params: [14] and Score: -6333.666666666667.
1665029145.393474 -- INFO: Iteration 21 Starts ...
1665029145.393716 -- INFO: Changing concurrency to 13 ******
1665029145.393823 -- INFO: Process Status Bits from change concurrency are: 1 1 1 1 1 1 1 1 1 1 1 1 1 0 0 0 0 0 0 0 0 0 0 0 0 0 0 0 0 0 0 0
1665029145.393924 -- INFO: Active CC: 13
1665029145.924128 -- INFO: Throughput @67.1s:7516.19Mbps, rtt :34.55ms cwnd: 1508.8 lossRate: 0 CC:13 score:-5810.0 
1665029146.580082 -- INFO: Process 10 finished on working on file 76 
1665029146.580654 -- INFO: Process 10 get item 108 from queue and executing
1665029146.580890 -- INFO: starting 10, 108, /home/cc/files_to_send/FILE3
1665029146.925207 -- INFO: Throughput @68.1s:6573.94Mbps, rtt :34.44ms cwnd: 1567.5 lossRate: 0.0 CC:13 score:-5082.0 
1665029147.343864 -- INFO: Process 9 finished on working on file 78 
1665029147.344387 -- INFO: Process 9 get item 109 from queue and executing
1665029147.344554 -- INFO: starting 9, 109, /home/cc/files_to_send/FILE1
1665029147.926171 -- INFO: Throughput @69.1s:6741.71Mbps, rtt :34.83ms cwnd: 1606.9 lossRate: 0.0 CC:13 score:-5212.0 
1665029147.956872 -- INFO: Process 4 finished on working on file 77 
1665029147.957327 -- INFO: Process 4 get item 110 from queue and executing
1665029147.957520 -- INFO: starting 4, 110, /home/cc/files_to_send/FILE0
1665029148.803137 -- INFO: Iteration 21 Ends, Took 3.41 Seconds. Best Params: [14] and Score: -6333.666666666667.
1665029148.803315 -- INFO: Iteration 22 Starts ...
1665029148.803612 -- INFO: Changing concurrency to 15 ******
1665029148.804569 -- INFO: Start Process :: 14
1665029148.804708 -- INFO: Start Process :: 13
1665029148.805052 -- INFO: Process Status Bits from change concurrency are: 1 1 1 1 1 1 1 1 1 1 1 1 1 1 1 0 0 0 0 0 0 0 0 0 0 0 0 0 0 0 0 0
1665029148.806561 -- INFO: Active CC: 15
1665029148.838272 -- INFO: Process 13 get item 111 from queue and executing
1665029148.838465 -- INFO: starting 13, 111, /home/cc/files_to_send/FILE2
1665029148.839554 -- INFO: Process 14 get item 112 from queue and executing
1665029148.839727 -- INFO: starting 14, 112, /home/cc/files_to_send/FILE3
1665029148.926339 -- INFO: Throughput @70.1s:6934.65Mbps, rtt :34.55ms cwnd: 1424.3 lossRate: 0.0 CC:15 score:-5153.0 
1665029149.285518 -- INFO: Process 3 finished on working on file 81 
1665029149.286267 -- INFO: Process 3 get item 113 from queue and executing
1665029149.286533 -- INFO: starting 3, 113, /home/cc/files_to_send/FILE1
1665029149.926190 -- INFO: Throughput @71.1s:7236.64Mbps, rtt :35.17ms cwnd: 1520.8 lossRate: 0.0 CC:15 score:-5377.0 
1665029150.839031 -- INFO: Process 6 finished on working on file 82 
1665029150.839499 -- INFO: Process 6 get item 114 from queue and executing
1665029150.839650 -- INFO: starting 6, 114, /home/cc/files_to_send/FILE0
1665029150.928025 -- INFO: Throughput @72.1s:7714.79Mbps, rtt :36.3ms cwnd: 1721.4 lossRate: 0.0 CC:15 score:-5732.0 
1665029151.158039 -- INFO: Process 7 finished on working on file 80 
1665029151.158523 -- INFO: Process 7 get item 115 from queue and executing
1665029151.158746 -- INFO: starting 7, 115, /home/cc/files_to_send/FILE2
1665029151.930551 -- INFO: Throughput @73.1s:8243.27Mbps, rtt :36.44ms cwnd: 1757.5 lossRate: 0.0 CC:15 score:-6125.0 
1665029152.201079 -- INFO: Iteration 22 Ends, Took 3.4 Seconds. Best Params: [14] and Score: -6333.666666666667.
1665029152.201263 -- INFO: Iteration 23 Starts ...
1665029152.201562 -- INFO: Changing concurrency to 14 ******
1665029152.202974 -- INFO: Process Status Bits from change concurrency are: 1 1 1 1 1 1 1 1 1 1 1 1 1 1 0 0 0 0 0 0 0 0 0 0 0 0 0 0 0 0 0 0
1665029152.204169 -- INFO: Active CC: 14
1665029152.873157 -- INFO: Process 11 finished on working on file 83 
1665029152.873636 -- INFO: Process 11 get item 116 from queue and executing
1665029152.873797 -- INFO: starting 11, 116, /home/cc/files_to_send/FILE3
1665029152.932260 -- INFO: Throughput @74.1s:8092.27Mbps, rtt :35.2ms cwnd: 1738.9 lossRate: 0.0 CC:14 score:-6133.0 
1665029153.609093 -- INFO: Process 1 finished on working on file 79 
1665029153.609574 -- INFO: Process 1 get item 117 from queue and executing
1665029153.609725 -- INFO: starting 1, 117, /home/cc/files_to_send/FILE1
1665029153.932778 -- INFO: Throughput @75.1s:7907.73Mbps, rtt :35.42ms cwnd: 1752.0 lossRate: 0.0 CC:14 score:-5993.0 
1665029154.933499 -- INFO: Throughput @76.1s:7826.57Mbps, rtt :35.43ms cwnd: 1760.5 lossRate: 0.0 CC:14 score:-5932.0 
1665029155.617908 -- INFO: Iteration 23 Ends, Took 3.42 Seconds. Best Params: [14] and Score: -6333.666666666667.
1665029155.618078 -- INFO: Iteration 24 Starts ...
1665029155.618395 -- INFO: Changing concurrency to 14 ******
1665029155.619584 -- INFO: Process Status Bits from change concurrency are: 1 1 1 1 1 1 1 1 1 1 1 1 1 1 0 0 0 0 0 0 0 0 0 0 0 0 0 0 0 0 0 0
1665029155.620766 -- INFO: Active CC: 14
1665029155.934065 -- INFO: Throughput @77.1s:7935.62Mbps, rtt :37.25ms cwnd: 1771.1 lossRate: 0.0 CC:14 score:-6014.0 
1665029156.222973 -- INFO: Process 8 finished on working on file 84 
1665029156.223407 -- INFO: Process 8 get item 118 from queue and executing
1665029156.223591 -- INFO: starting 8, 118, /home/cc/files_to_send/FILE0
1665029156.934609 -- INFO: Throughput @78.1s:8067.11Mbps, rtt :35.53ms cwnd: 1786.2 lossRate: 0.0 CC:14 score:-6114.0 
1665029157.262429 -- INFO: Process 12 finished on working on file 106 
1665029157.262907 -- INFO: Process 12 get item 119 from queue and executing
1665029157.263099 -- INFO: starting 12, 119, /home/cc/files_to_send/FILE2
1665029157.646422 -- INFO: Process 2 finished on working on file 85 
1665029157.646983 -- INFO: Process 2 get item 120 from queue and executing
1665029157.647168 -- INFO: starting 2, 120, /home/cc/files_to_send/FILE3
1665029157.935786 -- INFO: Throughput @79.1s:7888.22Mbps, rtt :34.51ms cwnd: 1692.7 lossRate: 0.0001001351824963701 CC:14 score:-5970.0 
1665029158.366969 -- INFO: Process 10 finished on working on file 108 
1665029158.367558 -- INFO: Process 10 get item 121 from queue and executing
1665029158.367747 -- INFO: starting 10, 121, /home/cc/files_to_send/FILE1
1665029158.937512 -- INFO: Throughput @80.1s:7840.62Mbps, rtt :35.84ms cwnd: 1733.7 lossRate: 0.0 CC:14 score:-5942.0 
1665029159.022548 -- INFO: Iteration 24 Ends, Took 3.4 Seconds. Best Params: [14] and Score: -6333.666666666667.
1665029159.022732 -- INFO: Iteration 25 Starts ...
1665029159.023033 -- INFO: Changing concurrency to 13 ******
1665029159.024282 -- INFO: Process Status Bits from change concurrency are: 1 1 1 1 1 1 1 1 1 1 1 1 1 0 0 0 0 0 0 0 0 0 0 0 0 0 0 0 0 0 0 0
1665029159.025388 -- INFO: Active CC: 13
1665029159.781958 -- INFO: Process 4 finished on working on file 110 
1665029159.782377 -- INFO: Process 4 get item 122 from queue and executing
1665029159.782520 -- INFO: starting 4, 122, /home/cc/files_to_send/FILE0
1665029159.937657 -- INFO: Throughput @81.1s:7236.64Mbps, rtt :34.76ms cwnd: 1735.8 lossRate: 0.0 CC:13 score:-5594.0 
1665029160.051531 -- INFO: Process 5 finished on working on file 86 
1665029160.051934 -- INFO: Process 5 get item 123 from queue and executing
1665029160.052132 -- INFO: starting 5, 123, /home/cc/files_to_send/FILE2
1665029160.908881 -- INFO: Process 3 finished on working on file 113 
1665029160.909395 -- INFO: Process 3 get item 124 from queue and executing
1665029160.909556 -- INFO: starting 3, 124, /home/cc/files_to_send/FILE3
1665029160.938394 -- INFO: Throughput @82.1s:7351.35Mbps, rtt :35.08ms cwnd: 1774.8 lossRate: 0.0 CC:13 score:-5683.0 
1665029161.022142 -- INFO: Process 9 finished on working on file 109 
1665029161.022586 -- INFO: Process 9 get item 125 from queue and executing
1665029161.022736 -- INFO: starting 9, 125, /home/cc/files_to_send/FILE1
1665029161.940373 -- INFO: Throughput @83.1s:7630.9Mbps, rtt :34.98ms cwnd: 1818.3 lossRate: 0.0 CC:13 score:-5899.0 
1665029162.409860 -- INFO: Iteration 25 Ends, Took 3.39 Seconds. Best Params: [14] and Score: -6333.666666666667.
1665029162.410046 -- INFO: Iteration 26 Starts ...
1665029162.410396 -- INFO: Changing concurrency to 15 ******
1665029162.411370 -- INFO: Start Process :: 13
1665029162.411451 -- INFO: Start Process :: 14
1665029162.411909 -- INFO: Process Status Bits from change concurrency are: 1 1 1 1 1 1 1 1 1 1 1 1 1 1 1 0 0 0 0 0 0 0 0 0 0 0 0 0 0 0 0 0
1665029162.413154 -- INFO: Active CC: 15
1665029162.445641 -- INFO: Process 13 get item 126 from queue and executing
1665029162.445807 -- INFO: starting 13, 126, /home/cc/files_to_send/FILE0
1665029162.447265 -- INFO: Process 14 get item 127 from queue and executing
1665029162.447412 -- INFO: starting 14, 127, /home/cc/files_to_send/FILE2
1665029162.940667 -- INFO: Throughput @84.1s:7868.51Mbps, rtt :39.66ms cwnd: 1790.3 lossRate: 0.0 CC:15 score:-5846.0 
1665029163.162192 -- INFO: Process 0 finished on working on file 107 
1665029163.162611 -- INFO: Process 0 get item 13 from queue and executing
1665029163.162793 -- INFO: starting 0, 13, /home/cc/files_to_send/FILE1
1665029163.942506 -- INFO: Throughput @85.1s:7949.67Mbps, rtt :34.86ms cwnd: 1620.3 lossRate: 0.00018874522467265872 CC:15 score:-5892.0 
1665029164.004951 -- INFO: Process 6 finished on working on file 114 
1665029164.005381 -- INFO: Process 6 get item 24 from queue and executing
1665029164.005535 -- INFO: starting 6, 24, /home/cc/files_to_send/FILE3
1665029164.942828 -- INFO: Throughput @86.1s:7966.45Mbps, rtt :35.05ms cwnd: 1694.1 lossRate: 0.0 CC:15 score:-5919.0 
1665029165.805712 -- INFO: Iteration 26 Ends, Took 3.4 Seconds. Best Params: [14] and Score: -6333.666666666667.
1665029165.805899 -- INFO: Iteration 27 Starts ...
1665029165.806237 -- INFO: Changing concurrency to 15 ******
1665029165.807473 -- INFO: Process Status Bits from change concurrency are: 1 1 1 1 1 1 1 1 1 1 1 1 1 1 1 0 0 0 0 0 0 0 0 0 0 0 0 0 0 0 0 0
1665029165.808872 -- INFO: Active CC: 15
1665029165.943613 -- INFO: Throughput @87.1s:8329.89Mbps, rtt :35.25ms cwnd: 1756.5 lossRate: 0.0 CC:15 score:-6189.0 
1665029166.944960 -- INFO: Throughput @88.1s:8573.16Mbps, rtt :34.72ms cwnd: 1809.3 lossRate: 0.0 CC:15 score:-6370.0 
1665029167.304601 -- INFO: Process 7 finished on working on file 115 
1665029167.305126 -- INFO: Process 7 get item 19 from queue and executing
1665029167.305315 -- INFO: starting 7, 19, /home/cc/files_to_send/FILE2
1665029167.635449 -- INFO: Process 1 finished on working on file 117 
1665029167.635901 -- INFO: Process 1 get item 16 from queue and executing
1665029167.636062 -- INFO: starting 1, 16, /home/cc/files_to_send/FILE3
1665029167.946255 -- INFO: Throughput @89.1s:8693.52Mbps, rtt :37.44ms cwnd: 1767.8 lossRate: 4.127340435021682e-05 CC:15 score:-6456.0 
1665029168.679489 -- INFO: Process 8 finished on working on file 118 
1665029168.679991 -- INFO: Process 8 get item 7 from queue and executing
1665029168.680251 -- INFO: starting 8, 7, /home/cc/files_to_send/FILE2
1665029168.948908 -- INFO: Throughput @90.1s:8469.76Mbps, rtt :34.99ms cwnd: 1769.6 lossRate: 3.694272919200778e-05 CC:15 score:-6290.0 
1665029169.163283 -- INFO: Iteration 27 Ends, Took 3.36 Seconds. Best Params: [15] and Score: -6372.0.
1665029169.163486 -- INFO: Iteration 28 Starts ...
1665029169.163807 -- INFO: Changing concurrency to 1 ******
1665029169.165368 -- INFO: Process Status Bits from change concurrency are: 1 0 0 0 0 0 0 0 0 0 0 0 0 0 0 0 0 0 0 0 0 0 0 0 0 0 0 0 0 0 0 0
1665029169.166847 -- INFO: Active CC: 1
1665029169.949028 -- INFO: Throughput @91.1s:2323.64Mbps, rtt :33.32ms cwnd: 1176.0 lossRate: 0 CC:1 score:-2278.0 
1665029170.950542 -- INFO: Throughput @92.1s:402.65Mbps, rtt :33.32ms cwnd: 1177.0 lossRate: 0.0 CC:1 score:-395.0 
1665029171.950964 -- INFO: Throughput @93.1s:411.04Mbps, rtt :33.36ms cwnd: 1177.0 lossRate: 0.0 CC:1 score:-403.0 
1665029172.602607 -- INFO: Iteration 28 Ends, Took 3.44 Seconds. Best Params: [15] and Score: -6372.0.
1665029172.602836 -- INFO: Iteration 29 Starts ...
1665029172.603165 -- INFO: Changing concurrency to 15 ******
1665029172.603832 -- INFO: Start Process :: 1
1665029172.603954 -- INFO: Start Process :: 3
1665029172.604314 -- INFO: Start Process :: 6
1665029172.604617 -- INFO: Start Process :: 4
1665029172.604724 -- INFO: Start Process :: 14
1665029172.604870 -- INFO: Start Process :: 10
1665029172.604931 -- INFO: Start Process :: 9
1665029172.605066 -- INFO: Start Process :: 11
1665029172.605149 -- INFO: Start Process :: 8
1665029172.605239 -- INFO: Start Process :: 5
1665029172.605314 -- INFO: Process Status Bits from change concurrency are: 1 1 1 1 1 1 1 1 1 1 1 1 1 1 1 0 0 0 0 0 0 0 0 0 0 0 0 0 0 0 0 0
1665029172.605360 -- INFO: Start Process :: 13
1665029172.605593 -- INFO: Start Process :: 12
1665029172.605843 -- INFO: Start Process :: 2
1665029172.606691 -- INFO: Active CC: 15
1665029172.606138 -- INFO: Start Process :: 7
1665029172.637505 -- INFO: Process 1 get item 23 from queue and executing
1665029172.637689 -- INFO: starting 1, 23, /home/cc/files_to_send/FILE2
1665029172.638382 -- INFO: Process 3 get item 17 from queue and executing
1665029172.638599 -- INFO: starting 3, 17, /home/cc/files_to_send/FILE1
1665029172.638601 -- INFO: Process 11 get item 20 from queue and executing
1665029172.638605 -- INFO: Process 8 get item 10 from queue and executing
1665029172.638801 -- INFO: starting 8, 10, /home/cc/files_to_send/FILE0
1665029172.638907 -- INFO: starting 11, 20, /home/cc/files_to_send/FILE3
1665029172.638962 -- INFO: Process 6 get item 14 from queue and executing
1665029172.639019 -- INFO: Process 14 get item 11 from queue and executing
1665029172.639112 -- INFO: starting 6, 14, /home/cc/files_to_send/FILE0
1665029172.639181 -- INFO: starting 14, 11, /home/cc/files_to_send/FILE2
1665029172.639218 -- INFO: Process 9 get item 22 from queue and executing
1665029172.639341 -- INFO: Process 10 get item 12 from queue and executing
1665029172.639392 -- INFO: starting 9, 22, /home/cc/files_to_send/FILE0
1665029172.639554 -- INFO: Process 5 get item 21 from queue and executing
1665029172.639640 -- INFO: starting 10, 12, /home/cc/files_to_send/FILE3
1665029172.639666 -- INFO: Process 13 get item 9 from queue and executing
1665029172.639727 -- INFO: starting 5, 21, /home/cc/files_to_send/FILE1
1665029172.639727 -- INFO: Process 4 get item 18 from queue and executing
1665029172.639882 -- INFO: starting 4, 18, /home/cc/files_to_send/FILE0
1665029172.639947 -- INFO: starting 13, 9, /home/cc/files_to_send/FILE1
1665029172.640581 -- INFO: Process 12 get item 8 from queue and executing
1665029172.641001 -- INFO: starting 12, 8, /home/cc/files_to_send/FILE3
1665029172.641170 -- INFO: Process 2 get item 15 from queue and executing
1665029172.641439 -- INFO: Process 7 get item 34 from queue and executing
1665029172.641631 -- INFO: starting 2, 15, /home/cc/files_to_send/FILE2
1665029172.641934 -- INFO: starting 7, 34, /home/cc/files_to_send/FILE0
1665029172.953096 -- INFO: Throughput @94.1s:973.08Mbps, rtt :34.1ms cwnd: 670.3 lossRate: 0.0002700184962669943 CC:15 score:-720.0 
1665029173.952648 -- INFO: Throughput @95.1s:4999.61Mbps, rtt :34.8ms cwnd: 1358.1 lossRate: 1.1295886715811304e-05 CC:15 score:-3714.0 
1665029174.953435 -- INFO: Throughput @96.1s:6601.83Mbps, rtt :34.69ms cwnd: 1374.9 lossRate: 0.0 CC:15 score:-4905.0 
1665029175.955282 -- INFO: Throughput @97.1s:6652.17Mbps, rtt :34.33ms cwnd: 1384.9 lossRate: 0.0 CC:15 score:-4943.0 
1665029176.008218 -- INFO: Iteration 29 Ends, Took 3.41 Seconds. Best Params: [15] and Score: -6372.0.
1665029176.008423 -- INFO: Iteration 30 Starts ...
1665029176.008713 -- INFO: Changing concurrency to 11 ******
1665029176.010006 -- INFO: Process Status Bits from change concurrency are: 1 1 1 1 1 1 1 1 1 1 1 0 0 0 0 0 0 0 0 0 0 0 0 0 0 0 0 0 0 0 0 0
1665029176.011457 -- INFO: Active CC: 11
1665029176.956360 -- INFO: Throughput @98.1s:5033.16Mbps, rtt :34.55ms cwnd: 1395.0 lossRate: 0 CC:11 score:-4048.0 
1665029177.957136 -- INFO: Throughput @99.2s:4476.47Mbps, rtt :34.31ms cwnd: 1405.1 lossRate: 0.0 CC:11 score:-3600.0 
1665029178.958309 -- INFO: Throughput @100.2s:4999.61Mbps, rtt :35.0ms cwnd: 1416.8 lossRate: 0.0 CC:11 score:-4021.0 
1665029179.412369 -- INFO: Iteration 30 Ends, Took 3.4 Seconds. Best Params: [15] and Score: -6372.0.
1665029179.412547 -- INFO: Iteration 31 Starts ...
1665029179.412819 -- INFO: Changing concurrency to 28 ******
1665029179.413580 -- INFO: Start Process :: 12
1665029179.413661 -- INFO: Start Process :: 11
1665029179.413791 -- INFO: Start Process :: 13
1665029179.414158 -- INFO: Process Status Bits from change concurrency are: 1 1 1 1 1 1 1 1 1 1 1 1 1 1 1 1 1 1 1 1 1 1 1 1 1 1 1 1 0 0 0 0
1665029179.414141 -- INFO: Start Process :: 14
1665029179.414204 -- INFO: Start Process :: 17
1665029179.414461 -- INFO: Start Process :: 16
1665029179.414429 -- INFO: Start Process :: 18
1665029179.414565 -- INFO: Start Process :: 19
1665029179.414688 -- INFO: Active CC: 28
1665029179.414747 -- INFO: Start Process :: 27
1665029179.414961 -- INFO: Start Process :: 21
1665029179.414890 -- INFO: Start Process :: 23
1665029179.414953 -- INFO: Start Process :: 24
1665029179.415341 -- INFO: Start Process :: 26
1665029179.415989 -- INFO: Start Process :: 15
1665029179.416099 -- INFO: Start Process :: 20
1665029179.416281 -- INFO: Start Process :: 22
1665029179.416597 -- INFO: Start Process :: 25
1665029179.448104 -- INFO: Process 14 get item 32 from queue and executing
1665029179.448357 -- INFO: starting 14, 32, /home/cc/files_to_send/FILE3
1665029179.448404 -- INFO: Process 12 get item 30 from queue and executing
1665029179.448451 -- INFO: Process 11 get item 39 from queue and executing
1665029179.448551 -- INFO: starting 12, 30, /home/cc/files_to_send/FILE0
1665029179.448590 -- INFO: starting 11, 39, /home/cc/files_to_send/FILE2
1665029179.448941 -- INFO: Process 13 get item 29 from queue and executing
1665029179.449136 -- INFO: starting 13, 29, /home/cc/files_to_send/FILE1
1665029179.449140 -- INFO: Process 17 get item 49 from queue and executing
1665029179.449200 -- INFO: Process 19 get item 47 from queue and executing
1665029179.449326 -- INFO: starting 17, 49, /home/cc/files_to_send/FILE1
1665029179.449456 -- INFO: starting 19, 47, /home/cc/files_to_send/FILE2
1665029179.449499 -- INFO: Process 18 get item 31 from queue and executing
1665029179.449772 -- INFO: starting 18, 31, /home/cc/files_to_send/FILE2
1665029179.450173 -- INFO: Process 21 get item 37 from queue and executing
1665029179.450276 -- INFO: Process 16 get item 25 from queue and executing
1665029179.450349 -- INFO: starting 21, 37, /home/cc/files_to_send/FILE1
1665029179.450394 -- INFO: Process 24 get item 71 from queue and executing
1665029179.450447 -- INFO: starting 16, 25, /home/cc/files_to_send/FILE1
1665029179.450617 -- INFO: Process 23 get item 59 from queue and executing
1665029179.450634 -- INFO: starting 24, 71, /home/cc/files_to_send/FILE2
1665029179.450679 -- INFO: Process 27 get item 105 from queue and executing
1665029179.450916 -- INFO: starting 23, 59, /home/cc/files_to_send/FILE2
1665029179.450955 -- INFO: starting 27, 105, /home/cc/files_to_send/FILE1
1665029179.451248 -- INFO: Process 20 get item 99 from queue and executing
1665029179.451512 -- INFO: Process 26 get item 93 from queue and executing
1665029179.451554 -- INFO: Process 25 get item 94 from queue and executing
1665029179.451610 -- INFO: Process 15 get item 96 from queue and executing
1665029179.451665 -- INFO: starting 20, 99, /home/cc/files_to_send/FILE2
1665029179.451855 -- INFO: Process 22 get item 88 from queue and executing
1665029179.451958 -- INFO: starting 26, 93, /home/cc/files_to_send/FILE1
1665029179.452091 -- INFO: starting 15, 96, /home/cc/files_to_send/FILE3
1665029179.452124 -- INFO: starting 25, 94, /home/cc/files_to_send/FILE0
1665029179.452353 -- INFO: starting 22, 88, /home/cc/files_to_send/FILE3
1665029179.960778 -- INFO: Throughput @101.2s:6241.12Mbps, rtt :36.14ms cwnd: 1003.9 lossRate: 2.8260881852557327e-05 CC:28 score:-3583.0 
1665029180.068459 -- INFO: Process 23 finished on working on file 59 
1665029180.069015 -- INFO: Process 23 get item 98 from queue and executing
1665029180.069241 -- INFO: starting 23, 98, /home/cc/files_to_send/FILE0
1665029180.219911 -- INFO: Process 21 finished on working on file 37 
1665029180.220492 -- INFO: Process 21 get item 100 from queue and executing
1665029180.220680 -- INFO: starting 21, 100, /home/cc/files_to_send/FILE3
1665029180.962026 -- INFO: Throughput @102.2s:8769.02Mbps, rtt :48.09ms cwnd: 1349.7 lossRate: 1.3128062941184966e-05 CC:28 score:-5036.0 
1665029181.540162 -- INFO: Process 0 finished on working on file 13 
1665029181.540559 -- INFO: Process 0 get item 104 from queue and executing
1665029181.540700 -- INFO: starting 0, 104, /home/cc/files_to_send/FILE3
1665029181.961901 -- INFO: Throughput @103.2s:8788.53Mbps, rtt :45.98ms cwnd: 1305.1 lossRate: 1.8499016248743057e-05 CC:28 score:-5046.0 
1665029182.770816 -- INFO: Iteration 31 Ends, Took 3.36 Seconds. Best Params: [15] and Score: -6372.0.
1665029182.771005 -- INFO: Iteration 32 Starts ...
1665029182.771386 -- INFO: Changing concurrency to 32 ******
1665029182.771846 -- INFO: Process Status Bits from change concurrency are: 1 1 1 1 1 1 1 1 1 1 1 1 1 1 1 1 1 1 1 1 1 1 1 1 1 1 1 1 1 1 1 1
1665029182.771997 -- INFO: Active CC: 32
1665029182.772334 -- INFO: Start Process :: 29
1665029182.772455 -- INFO: Start Process :: 30
1665029182.772687 -- INFO: Start Process :: 31
1665029182.773566 -- INFO: Start Process :: 28
1665029182.813310 -- INFO: Process 29 get item 95 from queue and executing
1665029182.813561 -- INFO: starting 29, 95, /home/cc/files_to_send/FILE2
1665029182.816412 -- INFO: Process 30 get item 89 from queue and executing
1665029182.816636 -- INFO: starting 30, 89, /home/cc/files_to_send/FILE1
1665029182.816753 -- INFO: Process 31 get item 90 from queue and executing
1665029182.816827 -- INFO: Process 28 get item 91 from queue and executing
1665029182.817130 -- INFO: starting 31, 90, /home/cc/files_to_send/FILE0
1665029182.817357 -- INFO: starting 28, 91, /home/cc/files_to_send/FILE2
1665029182.961553 -- INFO: Throughput @104.2s:8514.44Mbps, rtt :46.06ms cwnd: 1063.9 lossRate: 5.5768351868375805e-05 CC:32 score:-4513.0 
1665029182.994643 -- INFO: Process 10 finished on working on file 12 
1665029182.995342 -- INFO: Process 10 get item 102 from queue and executing
1665029182.995534 -- INFO: starting 10, 102, /home/cc/files_to_send/FILE0
1665029183.379053 -- INFO: Process 1 finished on working on file 23 
1665029183.379986 -- INFO: Process 1 get item 87 from queue and executing
1665029183.380210 -- INFO: starting 1, 87, /home/cc/files_to_send/FILE2
1665029183.965949 -- INFO: Throughput @105.2s:8349.59Mbps, rtt :54.48ms cwnd: 1265.4 lossRate: 5.9572463667724195e-05 CC:32 score:-4426.0 
1665029184.133266 -- INFO: Process 17 finished on working on file 49 
1665029184.134481 -- INFO: Process 17 get item 92 from queue and executing
1665029184.134822 -- INFO: starting 17, 92, /home/cc/files_to_send/FILE3
1665029184.167143 -- INFO: Process 9 finished on working on file 22 
1665029184.168085 -- INFO: Process 9 get item 97 from queue and executing
1665029184.168311 -- INFO: starting 9, 97, /home/cc/files_to_send/FILE1
1665029184.967761 -- INFO: Throughput @106.2s:8542.53Mbps, rtt :42.3ms cwnd: 1019.2 lossRate: 0.00030496310356711105 CC:32 score:-4507.0 
1665029185.128059 -- INFO: Process 2 finished on working on file 15 
1665029185.129287 -- INFO: Process 2 get item 101 from queue and executing
1665029185.129490 -- INFO: starting 2, 101, /home/cc/files_to_send/FILE1
1665029185.968550 -- INFO: Throughput @107.2s:8469.76Mbps, rtt :48.14ms cwnd: 1086.0 lossRate: 2.730274788506089e-06 CC:32 score:-4494.0 
1665029186.155123 -- INFO: Iteration 32 Ends, Took 3.38 Seconds. Best Params: [15] and Score: -6372.0.
1665029186.155328 -- INFO: Iteration 33 Starts ...
1665029186.155647 -- INFO: Changing concurrency to 24 ******
1665029186.155799 -- INFO: Process Status Bits from change concurrency are: 1 1 1 1 1 1 1 1 1 1 1 1 1 1 1 1 1 1 1 1 1 1 1 1 0 0 0 0 0 0 0 0
1665029186.155944 -- INFO: Active CC: 24
1665029186.968360 -- INFO: Throughput @108.2s:8044.68Mbps, rtt :34.18ms cwnd: 1055.2 lossRate: 0 CC:24 score:-5002.0 
1665029187.605397 -- INFO: Process 5 finished on working on file 21 
1665029187.605919 -- INFO: Process 5 get item 103 from queue and executing
1665029187.606049 -- INFO: starting 5, 103, /home/cc/files_to_send/FILE2
1665029187.970063 -- INFO: Throughput @109.2s:8503.32Mbps, rtt :35.92ms cwnd: 1130.5 lossRate: 0.0 CC:24 score:-5287.0 
1665029188.971266 -- INFO: Throughput @110.2s:8355.05Mbps, rtt :36.01ms cwnd: 1199.1 lossRate: 0.0 CC:24 score:-5195.0 
1665029189.523838 -- INFO: Iteration 33 Ends, Took 3.37 Seconds. Best Params: [15] and Score: -6372.0.
1665029189.524011 -- INFO: Iteration 34 Starts ...
1665029189.524277 -- INFO: Changing concurrency to 23 ******
1665029189.525046 -- INFO: Process Status Bits from change concurrency are: 1 1 1 1 1 1 1 1 1 1 1 1 1 1 1 1 1 1 1 1 1 1 1 0 0 0 0 0 0 0 0 0
1665029189.525697 -- INFO: Active CC: 23
1665029189.972392 -- INFO: Throughput @111.2s:8380.22Mbps, rtt :39.93ms cwnd: 1233.5 lossRate: 0 CC:23 score:-5314.0 
1665029190.973731 -- INFO: Throughput @112.2s:8564.77Mbps, rtt :39.03ms cwnd: 1293.3 lossRate: 0.0 CC:23 score:-5431.0 
1665029191.883321 -- INFO: Process 16 finished on working on file 25 
1665029191.883960 -- INFO: Process 16 get item 112 from queue and executing
1665029191.884243 -- INFO: starting 16, 112, /home/cc/files_to_send/FILE3
1665029191.974827 -- INFO: Throughput @113.2s:8553.65Mbps, rtt :42.94ms cwnd: 1316.3 lossRate: 1.2196361418843378e-05 CC:23 score:-5423.0 
1665029192.267363 -- INFO: Process 18 finished on working on file 31 
1665029192.268305 -- INFO: Process 18 get item 111 from queue and executing
1665029192.268589 -- INFO: starting 18, 111, /home/cc/files_to_send/FILE2
1665029192.911964 -- INFO: Iteration 34 Ends, Took 3.39 Seconds. Best Params: [15] and Score: -6372.0.
1665029192.912728 -- INFO: Iteration 35 Starts ...
1665029192.913330 -- INFO: Changing concurrency to 17 ******
1665029192.914479 -- INFO: Process Status Bits from change concurrency are: 1 1 1 1 1 1 1 1 1 1 1 1 1 1 1 1 1 0 0 0 0 0 0 0 0 0 0 0 0 0 0 0
1665029192.915317 -- INFO: Active CC: 17
1665029192.974781 -- INFO: Throughput @114.2s:8494.93Mbps, rtt :38.09ms cwnd: 1327.5 lossRate: 8.431110798847748e-05 CC:17 score:-6060.0 
1665029193.206949 -- INFO: Process 6 finished on working on file 14 
1665029193.207413 -- INFO: Process 6 get item 19 from queue and executing
1665029193.207594 -- INFO: starting 6, 19, /home/cc/files_to_send/FILE2
1665029193.787979 -- INFO: Process 0 finished on working on file 104 
1665029193.788425 -- INFO: Process 0 get item 16 from queue and executing
1665029193.788619 -- INFO: starting 0, 16, /home/cc/files_to_send/FILE3
1665029193.799634 -- INFO: Process 8 finished on working on file 10 
1665029193.800269 -- INFO: Process 8 get item 127 from queue and executing
1665029193.800541 -- INFO: starting 8, 127, /home/cc/files_to_send/FILE2
1665029193.976928 -- INFO: Throughput @115.2s:7289.89Mbps, rtt :34.21ms cwnd: 1268.9 lossRate: 0 CC:17 score:-5206.0 
1665029194.977292 -- INFO: Throughput @116.2s:7348.42Mbps, rtt :34.16ms cwnd: 1343.1 lossRate: 0.0 CC:17 score:-5248.0 
1665029195.042848 -- INFO: Process 13 finished on working on file 29 
1665029195.043668 -- INFO: Process 13 get item 123 from queue and executing
1665029195.043890 -- INFO: starting 13, 123, /home/cc/files_to_send/FILE2
1665029195.980612 -- INFO: Throughput @117.2s:7706.4Mbps, rtt :34.61ms cwnd: 1392.6 lossRate: 0.0 CC:17 score:-5504.0 
1665029196.302756 -- INFO: Iteration 35 Ends, Took 3.39 Seconds. Best Params: [15] and Score: -6372.0.
1665029196.304072 -- INFO: Iteration 36 Starts ...
1665029196.304463 -- INFO: Changing concurrency to 21 ******
1665029196.305495 -- INFO: Start Process :: 17
1665029196.305678 -- INFO: Start Process :: 18
1665029196.305746 -- INFO: Start Process :: 19
1665029196.305811 -- INFO: Process Status Bits from change concurrency are: 1 1 1 1 1 1 1 1 1 1 1 1 1 1 1 1 1 1 1 1 1 0 0 0 0 0 0 0 0 0 0 0
1665029196.305859 -- INFO: Start Process :: 20
1665029196.306784 -- INFO: Active CC: 21
1665029196.339800 -- INFO: Process 17 get item 24 from queue and executing
1665029196.339988 -- INFO: starting 17, 24, /home/cc/files_to_send/FILE3
1665029196.340907 -- INFO: Process 18 get item 120 from queue and executing
1665029196.340972 -- INFO: Process 20 get item 119 from queue and executing
1665029196.341119 -- INFO: starting 18, 120, /home/cc/files_to_send/FILE3
1665029196.341221 -- INFO: starting 20, 119, /home/cc/files_to_send/FILE2
1665029196.341828 -- INFO: Process 19 get item 126 from queue and executing
1665029196.342010 -- INFO: starting 19, 126, /home/cc/files_to_send/FILE0
1665029196.924504 -- INFO: Process 4 finished on working on file 18 
1665029196.924968 -- INFO: Process 4 get item 116 from queue and executing
1665029196.925114 -- INFO: starting 4, 116, /home/cc/files_to_send/FILE3
1665029196.979176 -- INFO: Throughput @118.2s:7949.67Mbps, rtt :35.88ms cwnd: 1209.5 lossRate: 1.4545179509332915e-06 CC:21 score:-5245.0 
1665029197.494098 -- INFO: Process 4 finished on working on file 116 
1665029197.494423 -- INFO: Process 4 get item 125 from queue and executing
1665029197.494540 -- INFO: starting 4, 125, /home/cc/files_to_send/FILE1
1665029197.680679 -- INFO: Process 3 finished on working on file 17 
1665029197.681438 -- INFO: Process 3 get item 121 from queue and executing
1665029197.681663 -- INFO: starting 3, 121, /home/cc/files_to_send/FILE1
1665029197.696683 -- INFO: Process 20 finished on working on file 119 
1665029197.697190 -- INFO: Process 20 get item 7 from queue and executing
1665029197.697391 -- INFO: starting 20, 7, /home/cc/files_to_send/FILE2
1665029197.946867 -- INFO: Process 2 finished on working on file 101 
1665029197.947480 -- INFO: Process 2 get item 122 from queue and executing
1665029197.947728 -- INFO: starting 2, 122, /home/cc/files_to_send/FILE0
1665029197.980412 -- INFO: Throughput @119.2s:8419.62Mbps, rtt :35.06ms cwnd: 1319.5 lossRate: 0.0 CC:21 score:-5555.0 
1665029198.682707 -- INFO: Process 14 finished on working on file 32 
1665029198.683143 -- INFO: Process 14 get item 124 from queue and executing
1665029198.683291 -- INFO: starting 14, 124, /home/cc/files_to_send/FILE3
1665029198.979169 -- INFO: Throughput @120.2s:8276.82Mbps, rtt :37.58ms cwnd: 1333.9 lossRate: 9.360496469556033e-05 CC:21 score:-5453.0 
1665029199.674591 -- INFO: Iteration 36 Ends, Took 3.37 Seconds. Best Params: [15] and Score: -6372.0.
1665029199.674713 -- INFO: Iteration 37 Starts ...
1665029199.674963 -- INFO: Changing concurrency to 19 ******
1665029199.675727 -- INFO: Process Status Bits from change concurrency are: 1 1 1 1 1 1 1 1 1 1 1 1 1 1 1 1 1 1 1 0 0 0 0 0 0 0 0 0 0 0 0 0
1665029199.676502 -- INFO: Active CC: 19
1665029199.983407 -- INFO: Throughput @121.2s:8606.71Mbps, rtt :35.28ms cwnd: 1388.5 lossRate: 0.0 CC:19 score:-5908.0 
1665029199.988495 -- INFO: Process 7 finished on working on file 34 
1665029199.988994 -- INFO: Process 7 get item 11 from queue and executing
1665029199.989167 -- INFO: starting 7, 11, /home/cc/files_to_send/FILE2
1665029200.285466 -- INFO: Process 3 finished on working on file 121 
1665029200.285913 -- INFO: Process 3 get item 8 from queue and executing
1665029200.286068 -- INFO: starting 3, 8, /home/cc/files_to_send/FILE3
1665029200.983595 -- INFO: Throughput @122.2s:8550.92Mbps, rtt :34.97ms cwnd: 1426.4 lossRate: 0.0 CC:19 score:-5870.0 
1665029201.548910 -- INFO: Process 2 finished on working on file 122 
1665029201.549473 -- INFO: Process 2 get item 20 from queue and executing
1665029201.549824 -- INFO: starting 2, 20, /home/cc/files_to_send/FILE3
1665029201.895083 -- INFO: Process 11 finished on working on file 39 
1665029201.895597 -- INFO: Process 11 get item 9 from queue and executing
1665029201.895815 -- INFO: starting 11, 9, /home/cc/files_to_send/FILE1
1665029201.983464 -- INFO: Throughput @123.2s:8576.08Mbps, rtt :36.94ms cwnd: 1462.8 lossRate: 0.0 CC:19 score:-5887.0 
1665029202.032295 -- INFO: Process 10 finished on working on file 102 
1665029202.033036 -- INFO: Process 10 get item 93 from queue and executing
1665029202.033457 -- INFO: starting 10, 93, /home/cc/files_to_send/FILE1
1665029202.599631 -- INFO: Process 6 finished on working on file 19 
1665029202.600076 -- INFO: Process 6 get item 89 from queue and executing
1665029202.600274 -- INFO: starting 6, 89, /home/cc/files_to_send/FILE1
1665029202.762706 -- INFO: Process 12 finished on working on file 30 
1665029202.763121 -- INFO: Process 12 get item 91 from queue and executing
1665029202.763282 -- INFO: starting 12, 91, /home/cc/files_to_send/FILE2
1665029202.782069 -- INFO: Process 1 finished on working on file 87 
1665029202.782385 -- INFO: Process 1 get item 105 from queue and executing
1665029202.782520 -- INFO: starting 1, 105, /home/cc/files_to_send/FILE1
1665029202.985083 -- INFO: Throughput @124.2s:8629.34Mbps, rtt :36.61ms cwnd: 1499.9 lossRate: 0.0 CC:19 score:-5923.0 
1665029203.076324 -- INFO: Iteration 37 Ends, Took 3.4 Seconds. Best Params: [15] and Score: -6372.0.
1665029203.076521 -- INFO: Iteration 38 Starts ...
1665029203.076763 -- INFO: Changing concurrency to 18 ******
1665029203.077657 -- INFO: Process Status Bits from change concurrency are: 1 1 1 1 1 1 1 1 1 1 1 1 1 1 1 1 1 1 0 0 0 0 0 0 0 0 0 0 0 0 0 0
1665029203.078930 -- INFO: Active CC: 18
1665029203.299433 -- INFO: Process 8 finished on working on file 127 
1665029203.300140 -- INFO: Process 8 get item 95 from queue and executing
1665029203.300396 -- INFO: starting 8, 95, /home/cc/files_to_send/FILE2
1665029203.471103 -- INFO: Process 13 finished on working on file 123 
1665029203.471570 -- INFO: Process 13 get item 71 from queue and executing
1665029203.471750 -- INFO: starting 13, 71, /home/cc/files_to_send/FILE2
1665029203.732474 -- INFO: Process 14 finished on working on file 124 
1665029203.732911 -- INFO: Process 14 get item 90 from queue and executing
1665029203.733092 -- INFO: starting 14, 90, /home/cc/files_to_send/FILE0
1665029203.796489 -- INFO: Process 0 finished on working on file 16 
1665029203.796928 -- INFO: Process 0 get item 94 from queue and executing
1665029203.797104 -- INFO: starting 0, 94, /home/cc/files_to_send/FILE0
1665029203.987084 -- INFO: Throughput @125.2s:8092.47Mbps, rtt :35.55ms cwnd: 1492.6 lossRate: 0.0 CC:18 score:-5666.0 
1665029204.985647 -- INFO: Throughput @126.2s:8355.05Mbps, rtt :37.29ms cwnd: 1521.4 lossRate: 0.0 CC:18 score:-5850.0 
1665029205.986184 -- INFO: Throughput @127.2s:8371.83Mbps, rtt :38.48ms cwnd: 1555.2 lossRate: 0.0 CC:18 score:-5862.0 
1665029206.501298 -- INFO: Process 4 finished on working on file 125 
1665029206.501740 -- INFO: Process 4 get item 98 from queue and executing
1665029206.501899 -- INFO: starting 4, 98, /home/cc/files_to_send/FILE0
1665029206.627920 -- INFO: Iteration 38 Ends, Took 3.55 Seconds. Best Params: [15] and Score: -6372.0.
1665029206.628056 -- INFO: Iteration 39 Starts ...
1665029206.628506 -- INFO: Changing concurrency to 18 ******
1665029206.629622 -- INFO: Process Status Bits from change concurrency are: 1 1 1 1 1 1 1 1 1 1 1 1 1 1 1 1 1 1 0 0 0 0 0 0 0 0 0 0 0 0 0 0
1665029206.630822 -- INFO: Active CC: 18
1665029206.986164 -- INFO: Throughput @128.2s:8595.59Mbps, rtt :38.98ms cwnd: 1580.0 lossRate: 0.0 CC:18 score:-6018.0 
1665029207.172459 -- INFO: Process 5 finished on working on file 103 
1665029207.172911 -- INFO: Process 5 get item 99 from queue and executing
1665029207.173097 -- INFO: starting 5, 99, /home/cc/files_to_send/FILE2
1665029207.312891 -- INFO: Process 16 finished on working on file 112 
1665029207.313323 -- INFO: Process 16 get item 92 from queue and executing
1665029207.313468 -- INFO: starting 16, 92, /home/cc/files_to_send/FILE3
1665029207.986942 -- INFO: Throughput @129.2s:8659.97Mbps, rtt :39.68ms cwnd: 1599.4 lossRate: 0.0 CC:18 score:-6063.0 
1665029208.188497 -- INFO: Process 10 finished on working on file 93 
1665029208.189119 -- INFO: Process 10 get item 100 from queue and executing
1665029208.189345 -- INFO: starting 10, 100, /home/cc/files_to_send/FILE3
1665029208.551940 -- INFO: Process 3 finished on working on file 8 
1665029208.552590 -- INFO: Process 3 get item 111 from queue and executing
1665029208.552761 -- INFO: starting 3, 111, /home/cc/files_to_send/FILE2
1665029208.989451 -- INFO: Throughput @130.2s:8693.52Mbps, rtt :36.93ms cwnd: 1624.6 lossRate: 0.0 CC:18 score:-6087.0 
1665029209.534175 -- INFO: Process 2 finished on working on file 20 
1665029209.534827 -- INFO: Process 2 get item 88 from queue and executing
1665029209.535038 -- INFO: starting 2, 88, /home/cc/files_to_send/FILE3
1665029209.991845 -- INFO: Throughput @131.2s:8746.59Mbps, rtt :40.87ms cwnd: 1656.5 lossRate: 0.0 CC:18 score:-6124.0 
1665029210.010040 -- INFO: Iteration 39 Ends, Took 3.38 Seconds. Best Params: [15] and Score: -6372.0.
1665029210.010213 -- INFO: Iteration 40 Starts ...
1665029210.010528 -- INFO: Changing concurrency to 18 ******
1665029210.011603 -- INFO: Process Status Bits from change concurrency are: 1 1 1 1 1 1 1 1 1 1 1 1 1 1 1 1 1 1 0 0 0 0 0 0 0 0 0 0 0 0 0 0
1665029210.012709 -- INFO: Active CC: 18
1665029210.079481 -- INFO: Process 7 finished on working on file 11 
1665029210.080174 -- INFO: Process 7 get item 47 from queue and executing
1665029210.080477 -- INFO: starting 7, 47, /home/cc/files_to_send/FILE2
1665029210.697938 -- INFO: Process 9 finished on working on file 97 
1665029210.698486 -- INFO: Process 9 get item 126 from queue and executing
1665029210.698679 -- INFO: starting 9, 126, /home/cc/files_to_send/FILE0
1665029210.937750 -- INFO: Process 3 finished on working on file 111 
1665029210.938295 -- INFO: Process 3 get item 7 from queue and executing
1665029210.938486 -- INFO: starting 3, 7, /home/cc/files_to_send/FILE2
1665029210.993127 -- INFO: Throughput @132.2s:8590.13Mbps, rtt :37.9ms cwnd: 1696.9 lossRate: 0.0 CC:18 score:-6014.0 
1665029211.856188 -- INFO: Process 17 finished on working on file 24 
1665029211.856678 -- INFO: Process 17 get item 120 from queue and executing
1665029211.856951 -- INFO: starting 17, 120, /home/cc/files_to_send/FILE3
1665029211.994488 -- INFO: Throughput @133.2s:8771.75Mbps, rtt :43.21ms cwnd: 1746.7 lossRate: 0.0 CC:18 score:-6142.0 
1665029212.333763 -- INFO: Process 6 finished on working on file 89 
1665029212.834887 -- INFO: Process 4 finished on working on file 98 
1665029212.994641 -- INFO: Throughput @134.2s:8483.81Mbps, rtt :34.84ms cwnd: 1677.6 lossRate: 0 CC:18 score:-5940.0 
1665029213.211787 -- INFO: Process 0 finished on working on file 94 
1665029213.389187 -- INFO: Iteration 40 Ends, Took 3.38 Seconds. Best Params: [15] and Score: -6372.0.
1665029213.389302 -- INFO: Iteration 41 Starts ...
1665029213.389527 -- INFO: Changing concurrency to 18 ******
1665029213.390672 -- INFO: Process Status Bits from change concurrency are: 1 1 1 1 1 1 1 1 1 1 1 1 1 1 1 1 1 1 0 0 0 0 0 0 0 0 0 0 0 0 0 0
1665029213.391650 -- INFO: Active CC: 18
1665029213.647258 -- INFO: Process 11 finished on working on file 9 
1665029213.996857 -- INFO: Throughput @135.2s:8290.87Mbps, rtt :34.4ms cwnd: 1735.9 lossRate: 0 CC:18 score:-5805.0 
1665029214.076485 -- INFO: Process 7 finished on working on file 47 
1665029214.094880 -- INFO: Process 13 finished on working on file 71 
1665029214.171290 -- INFO: Process 17 finished on working on file 120 
1665029214.202442 -- INFO: Process 1 finished on working on file 105 
1665029214.285364 -- INFO: Process 14 finished on working on file 90 
1665029214.334981 -- INFO: Process 10 finished on working on file 100 
1665029214.790521 -- INFO: Process 5 finished on working on file 99 
1665029214.997912 -- INFO: Throughput @136.2s:5248.92Mbps, rtt :34.1ms cwnd: 1744.0 lossRate: 0 CC:18 score:-3675.0 
1665029215.436628 -- INFO: Process 9 finished on working on file 126 
1665029216.001710 -- INFO: Throughput @137.2s:3822.47Mbps, rtt :34.18ms cwnd: 1808.8 lossRate: 0 CC:18 score:-2676.0 
1665029216.571967 -- INFO: Process 16 finished on working on file 92 
1665029216.763731 -- INFO: Iteration 41 Ends, Took 3.37 Seconds. Best Params: [15] and Score: -6372.0.
1665029216.763837 -- INFO: Iteration 42 Starts ...
1665029216.764063 -- INFO: Changing concurrency to 20 ******
1665029216.765195 -- INFO: Process Status Bits from change concurrency are: 1 1 1 1 1 1 1 1 1 1 1 1 1 1 1 1 1 1 1 1 0 0 0 0 0 0 0 0 0 0 0 0
1665029216.766083 -- INFO: Active CC: 20
1665029216.999242 -- INFO: Throughput @138.2s:3461.76Mbps, rtt :34.09ms cwnd: 1918.0 lossRate: 0 CC:20 score:-2330.0 
1665029217.311375 -- INFO: Process 15 finished on working on file 96 
1665029218.003800 -- INFO: Throughput @139.2s:2748.73Mbps, rtt :34.15ms cwnd: 1907.2 lossRate: 0 CC:20 score:-1850.0 
1665029218.531386 -- INFO: Process 8 finished on working on file 95 
1665029219.002982 -- INFO: Throughput @140.2s:2304.14Mbps, rtt :34.29ms cwnd: 2013.3 lossRate: 0 CC:20 score:-1551.0 
1665029219.362082 -- INFO: Process 2 finished on working on file 88 
1665029219.406732 -- INFO: Process 12 finished on working on file 91 
1665029220.003989 -- INFO: Throughput @141.2s:1219.27Mbps, rtt :34.36ms cwnd: 2175.0 lossRate: 0 CC:20 score:-821.0 
1665029220.192232 -- INFO: Iteration 42 Ends, Took 3.43 Seconds. Best Params: [15] and Score: -6372.0.
1665029220.192369 -- INFO: Iteration 43 Starts ...
1665029220.192662 -- INFO: Changing concurrency to 14 ******
1665029220.193304 -- INFO: Start Process :: 18
1665029220.193651 -- INFO: Process Status Bits from change concurrency are: 1 1 1 1 1 1 1 1 1 1 1 1 1 1 0 0 0 0 0 0 0 0 0 0 0 0 0 0 0 0 0 0
1665029220.194904 -- INFO: Active CC: 14
1665029220.795717 -- INFO: Process 14 shutdown itself from outest loop
1665029220.795744 -- INFO: Process 8 shutdown itself from outest loop
1665029220.795733 -- INFO: Process 27 shutdown itself from outest loop
1665029220.795753 -- INFO: Process 16 shutdown itself from outest loop
1665029220.795810 -- INFO: Process 10 shutdown itself from outest loop
1665029220.795652 -- INFO: Process 3 finished on working on file 7 
1665029220.795772 -- INFO: Process 29 shutdown itself from outest loop
1665029220.795773 -- INFO: Process 15 shutdown itself from outest loop
1665029220.795754 -- INFO: Process 17 shutdown itself from outest loop
1665029220.796020 -- INFO: Process Status Bits are: 1 0 0 1 1 0 1 0 0 0 0 1 0 1 0 0 0 0 0 0 0 0 0 0 0 0 0 0 0 0 0 0
1665029220.795877 -- INFO: Process Status Bits are: 1 1 0 1 1 1 1 0 0 0 0 1 1 1 0 0 0 0 0 0 0 0 0 0 0 0 0 0 0 0 0 0
1665029220.795758 -- INFO: Process 18 shutdown itself from outest loop
1665029220.795781 -- INFO: Process 19 shutdown itself from outest loop
1665029220.795799 -- INFO: Process 31 shutdown itself from outest loop
1665029220.795916 -- INFO: Process 2 shutdown itself from outest loop
1665029220.795897 -- INFO: Process 9 shutdown itself from outest loop
1665029220.795833 -- INFO: Process 24 shutdown itself from outest loop
1665029220.795917 -- INFO: Process 12 shutdown itself from outest loop
1665029220.796000 -- INFO: Process Status Bits are: 1 0 0 1 1 0 1 0 0 0 0 1 0 1 0 0 0 0 0 0 0 0 0 0 0 0 0 0 0 0 0 0
1665029220.795798 -- INFO: Process 21 shutdown itself from outest loop
1665029220.796007 -- INFO: Process Status Bits are: 1 0 0 1 1 0 1 0 0 0 0 1 0 1 0 0 0 0 0 0 0 0 0 0 0 0 0 0 0 0 0 0
1665029220.795796 -- INFO: Process 23 shutdown itself from outest loop
1665029220.795858 -- INFO: Process 26 shutdown itself from outest loop
1665029220.796065 -- INFO: Process Status Bits are: 0 0 0 1 1 0 1 0 0 0 0 1 0 1 0 0 0 0 0 0 0 0 0 0 0 0 0 0 0 0 0 0
1665029220.796022 -- INFO: Process 5 shutdown itself from outest loop
1665029220.796025 -- INFO: Process 1 shutdown itself from outest loop
1665029220.796088 -- INFO: Process Status Bits are: 0 0 0 1 1 0 1 0 0 0 0 0 0 1 0 0 0 0 0 0 0 0 0 0 0 0 0 0 0 0 0 0
1665029220.795902 -- INFO: Process 7 shutdown itself from outest loop
1665029220.796057 -- INFO: Process 0 shutdown itself from outest loop
1665029220.796092 -- INFO: Process Status Bits are: 0 0 0 1 1 0 1 0 0 0 0 0 0 1 0 0 0 0 0 0 0 0 0 0 0 0 0 0 0 0 0 0
1665029220.795796 -- INFO: Process 25 shutdown itself from outest loop
1665029220.796084 -- INFO: Process 11 shutdown itself from outest loop
1665029220.796135 -- INFO: Process Status Bits are: 0 0 0 1 1 0 0 0 0 0 0 0 0 1 0 0 0 0 0 0 0 0 0 0 0 0 0 0 0 0 0 0
1665029220.796118 -- INFO: Process 6 shutdown itself from outest loop
1665029220.796166 -- INFO: Process Status Bits are: 0 0 0 1 1 0 0 0 0 0 0 0 0 1 0 0 0 0 0 0 0 0 0 0 0 0 0 0 0 0 0 0
1665029220.796167 -- INFO: Process Status Bits are: 0 0 0 1 1 0 0 0 0 0 0 0 0 1 0 0 0 0 0 0 0 0 0 0 0 0 0 0 0 0 0 0
1665029220.795930 -- INFO: Process 20 shutdown itself from outest loop
1665029220.796242 -- INFO: Process Status Bits are: 0 0 0 1 1 0 0 0 0 0 0 0 0 0 0 0 0 0 0 0 0 0 0 0 0 0 0 0 0 0 0 0
1665029220.796246 -- INFO: Process Status Bits are: 0 0 0 1 1 0 0 0 0 0 0 0 0 0 0 0 0 0 0 0 0 0 0 0 0 0 0 0 0 0 0 0
1665029220.796259 -- INFO: Process Status Bits are: 0 0 0 1 1 0 0 0 0 0 0 0 0 0 0 0 0 0 0 0 0 0 0 0 0 0 0 0 0 0 0 0
1665029220.796015 -- INFO: Process 22 shutdown itself from outest loop
1665029220.796312 -- INFO: Process Status Bits are: 0 0 0 1 0 0 0 0 0 0 0 0 0 0 0 0 0 0 0 0 0 0 0 0 0 0 0 0 0 0 0 0
1665029220.796235 -- INFO: Process 13 shutdown itself from outest loop
1665029220.796328 -- INFO: Process Status Bits are: 0 0 0 1 0 0 0 0 0 0 0 0 0 0 0 0 0 0 0 0 0 0 0 0 0 0 0 0 0 0 0 0
1665029220.796124 -- INFO: Process 28 shutdown itself from outest loop
1665029220.796296 -- INFO: Process 4 shutdown itself from outest loop
1665029220.796410 -- INFO: Process Status Bits are: 0 0 0 1 0 0 0 0 0 0 0 0 0 0 0 0 0 0 0 0 0 0 0 0 0 0 0 0 0 0 0 0
1665029220.796472 -- INFO: Process 3 shutdown itself from outest loop
1665029220.796291 -- INFO: Process 30 shutdown itself from outest loop
1665029220.796490 -- INFO: Process Status Bits are: 0 0 0 0 0 0 0 0 0 0 0 0 0 0 0 0 0 0 0 0 0 0 0 0 0 0 0 0 0 0 0 0
1665029220.796533 -- INFO: Process Status Bits are: 0 0 0 0 0 0 0 0 0 0 0 0 0 0 0 0 0 0 0 0 0 0 0 0 0 0 0 0 0 0 0 0
1665029220.796535 -- INFO: Process Status Bits are: 0 0 0 0 0 0 0 0 0 0 0 0 0 0 0 0 0 0 0 0 0 0 0 0 0 0 0 0 0 0 0 0
1665029220.796542 -- INFO: Process Status Bits are: 0 0 0 0 0 0 0 0 0 0 0 0 0 0 0 0 0 0 0 0 0 0 0 0 0 0 0 0 0 0 0 0
1665029220.796567 -- INFO: Process Status Bits are: 0 0 0 0 0 0 0 0 0 0 0 0 0 0 0 0 0 0 0 0 0 0 0 0 0 0 0 0 0 0 0 0
1665029220.796590 -- INFO: Process Status Bits are: 0 0 0 0 0 0 0 0 0 0 0 0 0 0 0 0 0 0 0 0 0 0 0 0 0 0 0 0 0 0 0 0
1665029220.796882 -- INFO: Process Status Bits are: 0 0 0 0 0 0 0 0 0 0 0 0 0 0 0 0 0 0 0 0 0 0 0 0 0 0 0 0 0 0 0 0
1665029220.796645 -- INFO: Process Status Bits are: 0 0 0 0 0 0 0 0 0 0 0 0 0 0 0 0 0 0 0 0 0 0 0 0 0 0 0 0 0 0 0 0
1665029220.796655 -- INFO: Process Status Bits are: 0 0 0 0 0 0 0 0 0 0 0 0 0 0 0 0 0 0 0 0 0 0 0 0 0 0 0 0 0 0 0 0
1665029220.796746 -- INFO: Process Status Bits are: 0 0 0 0 0 0 0 0 0 0 0 0 0 0 0 0 0 0 0 0 0 0 0 0 0 0 0 0 0 0 0 0
1665029220.796831 -- INFO: Process Status Bits are: 0 0 0 0 0 0 0 0 0 0 0 0 0 0 0 0 0 0 0 0 0 0 0 0 0 0 0 0 0 0 0 0
1665029220.796820 -- INFO: Process Status Bits are: 0 0 0 0 0 0 0 0 0 0 0 0 0 0 0 0 0 0 0 0 0 0 0 0 0 0 0 0 0 0 0 0
1665029220.796840 -- INFO: Process Status Bits are: 0 0 0 0 0 0 0 0 0 0 0 0 0 0 0 0 0 0 0 0 0 0 0 0 0 0 0 0 0 0 0 0
1665029220.796897 -- INFO: Process Status Bits are: 0 0 0 0 0 0 0 0 0 0 0 0 0 0 0 0 0 0 0 0 0 0 0 0 0 0 0 0 0 0 0 0
1665029220.796941 -- INFO: Process Status Bits are: 0 0 0 0 0 0 0 0 0 0 0 0 0 0 0 0 0 0 0 0 0 0 0 0 0 0 0 0 0 0 0 0
1665029220.796847 -- INFO: Process Status Bits are: 0 0 0 0 0 0 0 0 0 0 0 0 0 0 0 0 0 0 0 0 0 0 0 0 0 0 0 0 0 0 0 0
1665029223.541399 -- INFO: Iteration 43 Ends, Took 3.35 Seconds. Best Params: [15] and Score: -6372.0.
1665029223.541531 -- INFO: Iteration 44 Starts ...
1665029223.743948 -- INFO: Iteration 44 Ends, Took 0.2 Seconds. Best Params: [15] and Score: -6372.0.
1665029223.744020 -- INFO: Bayseian Optimizer Exits ...
1665029223.939609 -- INFO: Throughput @0.1s:0.0Mbps, rtt :0.0ms cwnd: 0.0 lossRate: 0 CC:0 score:-0.0 
