1665105568.103784 -- INFO: Iteration 1 Starts ...
1665105568.105629 -- INFO: Changing concurrency to 16 ******
1665105568.113360 -- INFO: Process Status Bits from change concurrency are: 1 1 1 1 1 1 1 1 1 1 1 1 1 1 1 1 0 0 0 0 0 0 0 0 0 0 0 0 0 0 0 0
1665105568.115006 -- INFO: Start Process :: 0
1665105568.117350 -- INFO: Active CC: 16
1665105568.117017 -- INFO: Start Process :: 2
1665105568.117222 -- INFO: Start Process :: 1
1665105568.118266 -- INFO: Start Process :: 3
1665105568.118368 -- INFO: Start Process :: 5
1665105568.119668 -- INFO: Start Process :: 4
1665105568.121856 -- INFO: Start Process :: 11
1665105568.122635 -- INFO: Start Process :: 8
1665105568.122737 -- INFO: Start Process :: 10
1665105568.122967 -- INFO: Start Process :: 7
1665105568.123445 -- INFO: Start Process :: 6
1665105568.132584 -- INFO: Start Process :: 12
1665105568.134058 -- INFO: Start Process :: 9
1665105568.134629 -- INFO: Start Process :: 13
1665105568.134704 -- INFO: Start Process :: 15
1665105568.135217 -- INFO: Start Process :: 14
1665105568.157944 -- INFO: Process 0 get item 0 from queue and executing
1665105568.158284 -- INFO: starting 0, 0, /users/jamilm/files_to_Send/FILE2
1665105568.160645 -- INFO: Process 1 get item 1 from queue and executing
1665105568.161072 -- INFO: starting 1, 1, /users/jamilm/files_to_Send/FILE1
1665105568.161188 -- INFO: Process 2 get item 2 from queue and executing
1665105568.161654 -- INFO: starting 2, 2, /users/jamilm/files_to_Send/FILE0
1665105568.162372 -- INFO: Throughput @0.1s:0.0Mbps, rtt :43.38ms cwnd: 45.5 lossRate: 9.820467873484426e-05 CC:16 score:-0.0 
1665105568.162649 -- INFO: Process 5 get item 3 from queue and executing
1665105568.162962 -- INFO: starting 5, 3, /users/jamilm/files_to_Send/FILE3
1665105568.163021 -- INFO: Process 4 get item 4 from queue and executing
1665105568.163365 -- INFO: Process 3 get item 5 from queue and executing
1665105568.163472 -- INFO: starting 4, 4, /users/jamilm/files_to_Send/FILE2
1665105568.163664 -- INFO: starting 3, 5, /users/jamilm/files_to_Send/FILE1
1665105568.166156 -- INFO: Process 11 get item 6 from queue and executing
1665105568.166466 -- INFO: starting 11, 6, /users/jamilm/files_to_Send/FILE0
1665105568.166497 -- INFO: Process 8 get item 7 from queue and executing
1665105568.166794 -- INFO: starting 8, 7, /users/jamilm/files_to_Send/FILE3
1665105568.166708 -- INFO: Process 10 get item 8 from queue and executing
1665105568.167353 -- INFO: starting 10, 8, /users/jamilm/files_to_Send/FILE2
1665105568.167587 -- INFO: Process 7 get item 9 from queue and executing
1665105568.167902 -- INFO: starting 7, 9, /users/jamilm/files_to_Send/FILE1
1665105568.167900 -- INFO: Process 6 get item 10 from queue and executing
1665105568.168205 -- INFO: starting 6, 10, /users/jamilm/files_to_Send/FILE0
1665105568.176311 -- INFO: Process 12 get item 11 from queue and executing
1665105568.176616 -- INFO: starting 12, 11, /users/jamilm/files_to_Send/FILE3
1665105568.177944 -- INFO: Process 13 get item 12 from queue and executing
1665105568.178071 -- INFO: Process 14 get item 13 from queue and executing
1665105568.178151 -- INFO: Process 9 get item 14 from queue and executing
1665105568.178478 -- INFO: starting 13, 12, /users/jamilm/files_to_Send/FILE2
1665105568.178535 -- INFO: starting 14, 13, /users/jamilm/files_to_Send/FILE1
1665105568.178606 -- INFO: starting 9, 14, /users/jamilm/files_to_Send/FILE0
1665105568.179813 -- INFO: Process 15 get item 15 from queue and executing
1665105568.180462 -- INFO: starting 15, 15, /users/jamilm/files_to_Send/FILE3
1665105569.157236 -- INFO: Throughput @1.1s:58.72Mbps, rtt :48.72ms cwnd: 62.0 lossRate: 0.00012445550715619165 CC:16 score:-43.0 
1665105570.158095 -- INFO: Throughput @2.1s:75.5Mbps, rtt :47.5ms cwnd: 61.6 lossRate: 0 CC:16 score:-55.0 
1665105571.158923 -- INFO: Throughput @3.1s:125.83Mbps, rtt :47.75ms cwnd: 60.1 lossRate: 0.00020013342228152102 CC:16 score:-91.0 
1665105571.302191 -- INFO: Process 7 shutdown itself for socket error
1665105571.302460 -- ERROR: Process: 7, Error from socket: timed out
1665105571.309946 -- INFO: Process 14 shutdown itself for socket error
1665105571.310207 -- ERROR: Process: 14, Error from socket: timed out
1665105571.310530 -- INFO: Process 9 shutdown itself for socket error
1665105571.310759 -- ERROR: Process: 9, Error from socket: timed out
1665105571.314149 -- INFO: Process 15 shutdown itself for socket error
1665105571.314329 -- ERROR: Process: 15, Error from socket: timed out
1665105571.326485 -- INFO: Iteration 1 Ends, Took 3.22 Seconds. Best Params: [16] and Score: -63.0.
1665105571.327714 -- INFO: Iteration 2 Starts ...
1665105571.330503 -- INFO: Changing concurrency to 4 ******
1665105571.334953 -- INFO: Process Status Bits from change concurrency are: 1 1 1 1 0 0 0 0 0 0 0 0 0 0 0 0 0 0 0 0 0 0 0 0 0 0 0 0 0 0 0 0
1665105571.339819 -- INFO: Active CC: 4
1665105571.474749 -- INFO: Process 12 shutdown itself for socket error
1665105571.474997 -- ERROR: Process: 12, Error from socket: timed out
1665105571.482806 -- INFO: Process 13 shutdown itself for socket error
1665105571.483030 -- ERROR: Process: 13, Error from socket: timed out
1665105572.163438 -- INFO: Throughput @4.1s:92.27Mbps, rtt :45.41ms cwnd: 56.5 lossRate: 0.00028127417199915616 CC:4 score:-85.0 
1665105573.162622 -- INFO: Throughput @5.1s:41.94Mbps, rtt :44.1ms cwnd: 60.9 lossRate: 8.433125316242199e-05 CC:4 score:-39.0 
1665105574.165026 -- INFO: Throughput @6.1s:41.94Mbps, rtt :44.06ms cwnd: 59.6 lossRate: 0.00022805883918050856 CC:4 score:-39.0 
1665105574.542320 -- INFO: Iteration 2 Ends, Took 3.21 Seconds. Best Params: [16] and Score: -63.0.
1665105574.542632 -- INFO: Iteration 3 Starts ...
1665105574.543510 -- INFO: Changing concurrency to 1 ******
1665105574.548692 -- INFO: Process Status Bits from change concurrency are: 1 0 0 0 0 0 0 0 0 0 0 0 0 0 0 0 0 0 0 0 0 0 0 0 0 0 0 0 0 0 0 0
1665105574.554170 -- INFO: Active CC: 1
1665105575.166772 -- INFO: Throughput @7.1s:50.33Mbps, rtt :43.66ms cwnd: 60.5 lossRate: 9.452689290103034e-05 CC:1 score:-49.0 
1665105576.165890 -- INFO: Throughput @8.1s:16.78Mbps, rtt :43.9ms cwnd: 60.7 lossRate: 0.0005794302269435056 CC:1 score:-16.0 
1665105577.167021 -- INFO: Throughput @9.1s:8.39Mbps, rtt :44.11ms cwnd: 60.9 lossRate: 8.417154160178443e-05 CC:1 score:-8.0 
1665105578.171273 -- INFO: Iteration 3 Ends, Took 3.63 Seconds. Best Params: [16] and Score: -63.0.
1665105578.171548 -- INFO: Iteration 4 Starts ...
1665105578.173058 -- INFO: Changing concurrency to 16 ******
1665105578.179224 -- INFO: Process Status Bits from change concurrency are: 1 1 1 1 1 1 1 1 1 1 1 1 1 1 1 1 0 0 0 0 0 0 0 0 0 0 0 0 0 0 0 0
1665105578.179284 -- INFO: Start Process :: 8
1665105578.179343 -- INFO: Start Process :: 10
1665105578.179498 -- INFO: Start Process :: 11
1665105578.179685 -- INFO: Active CC: 16
1665105578.180649 -- INFO: Start Process :: 3
1665105578.181218 -- INFO: Start Process :: 2
1665105578.181528 -- INFO: Start Process :: 5
1665105578.181855 -- INFO: Start Process :: 7
1665105578.183035 -- INFO: Start Process :: 1
1665105578.183444 -- INFO: Start Process :: 13
1665105578.183885 -- INFO: Start Process :: 9
1665105578.184216 -- INFO: Start Process :: 15
1665105578.184520 -- INFO: Start Process :: 14
1665105578.184906 -- INFO: Start Process :: 12
1665105578.185301 -- INFO: Start Process :: 4
1665105578.206482 -- INFO: Start Process :: 6
1665105578.222936 -- INFO: Process 8 get item 16 from queue and executing
1665105578.223139 -- INFO: Process 10 get item 17 from queue and executing
1665105578.223272 -- INFO: Process 11 get item 18 from queue and executing
1665105578.223488 -- INFO: starting 8, 16, /users/jamilm/files_to_Send/FILE2
1665105578.223538 -- INFO: starting 10, 17, /users/jamilm/files_to_Send/FILE1
1665105578.223773 -- INFO: starting 11, 18, /users/jamilm/files_to_Send/FILE0
1665105578.224378 -- INFO: Process 3 get item 19 from queue and executing
1665105578.224507 -- INFO: Process 5 get item 20 from queue and executing
1665105578.224767 -- INFO: starting 3, 19, /users/jamilm/files_to_Send/FILE3
1665105578.224896 -- INFO: starting 5, 20, /users/jamilm/files_to_Send/FILE2
1665105578.224885 -- INFO: Process 2 get item 21 from queue and executing
1665105578.225409 -- INFO: starting 2, 21, /users/jamilm/files_to_Send/FILE1
1665105578.226569 -- INFO: Process 1 get item 22 from queue and executing
1665105578.226912 -- INFO: Process 13 get item 23 from queue and executing
1665105578.227206 -- INFO: starting 1, 22, /users/jamilm/files_to_Send/FILE0
1665105578.227320 -- INFO: starting 13, 23, /users/jamilm/files_to_Send/FILE3
1665105578.227450 -- INFO: Process 7 get item 24 from queue and executing
1665105578.227727 -- INFO: Process 9 get item 25 from queue and executing
1665105578.227933 -- INFO: starting 7, 24, /users/jamilm/files_to_Send/FILE2
1665105578.228034 -- INFO: Process 14 get item 26 from queue and executing
1665105578.228178 -- INFO: starting 9, 25, /users/jamilm/files_to_Send/FILE1
1665105578.228447 -- INFO: starting 14, 26, /users/jamilm/files_to_Send/FILE0
1665105578.228832 -- INFO: Process 15 get item 27 from queue and executing
1665105578.228976 -- INFO: Process 12 get item 28 from queue and executing
1665105578.229147 -- INFO: Process 4 get item 29 from queue and executing
1665105578.229217 -- INFO: starting 15, 27, /users/jamilm/files_to_Send/FILE3
1665105578.229359 -- INFO: starting 12, 28, /users/jamilm/files_to_Send/FILE2
1665105578.229576 -- INFO: starting 4, 29, /users/jamilm/files_to_Send/FILE1
1665105578.233964 -- INFO: Throughput @10.1s:8.39Mbps, rtt :43.88ms cwnd: 53.3 lossRate: 8.023106546854942e-05 CC:1 score:-8.0 
1665105578.249911 -- INFO: Process 6 get item 30 from queue and executing
1665105578.250323 -- INFO: starting 6, 30, /users/jamilm/files_to_Send/FILE0
1665105579.167526 -- INFO: Throughput @11.1s:83.89Mbps, rtt :46.52ms cwnd: 53.6 lossRate: 0 CC:16 score:-61.0 
1665105580.165946 -- INFO: Throughput @12.1s:109.05Mbps, rtt :46.03ms cwnd: 53.6 lossRate: 0 CC:16 score:-79.0 
1665105581.170302 -- INFO: Throughput @13.1s:134.22Mbps, rtt :46.21ms cwnd: 53.8 lossRate: 0.00013439053890606102 CC:16 score:-98.0 
1665105581.362696 -- INFO: Process 12 shutdown itself for socket error
1665105581.362931 -- ERROR: Process: 12, Error from socket: timed out
1665105581.365523 -- INFO: Process 7 shutdown itself for socket error
1665105581.365721 -- ERROR: Process: 7, Error from socket: timed out
1665105581.382518 -- INFO: Process 6 shutdown itself for socket error
1665105581.382728 -- ERROR: Process: 6, Error from socket: timed out
1665105581.978530 -- INFO: Iteration 4 Ends, Took 3.81 Seconds. Best Params: [16] and Score: -79.33333333333333.
1665105581.978701 -- INFO: Iteration 5 Starts ...
1665105581.978872 -- INFO: Changing concurrency to 15 ******
1665105581.979930 -- INFO: Start Process :: 6
1665105581.980018 -- INFO: Start Process :: 7
1665105581.980574 -- INFO: Start Process :: 12
1665105581.981764 -- INFO: Process Status Bits from change concurrency are: 1 1 1 1 1 1 1 1 1 1 1 1 1 1 1 0 0 0 0 0 0 0 0 0 0 0 0 0 0 0 0 0
1665105581.984576 -- INFO: Active CC: 15
1665105582.023928 -- INFO: Process 7 get item 31 from queue and executing
1665105582.024430 -- INFO: Process 12 get item 32 from queue and executing
1665105582.024495 -- INFO: starting 7, 31, /users/jamilm/files_to_Send/FILE3
1665105582.024909 -- INFO: starting 12, 32, /users/jamilm/files_to_Send/FILE2
1665105582.025367 -- INFO: Process 6 get item 33 from queue and executing
1665105582.025767 -- INFO: starting 6, 33, /users/jamilm/files_to_Send/FILE1
1665105582.170312 -- INFO: Throughput @14.1s:150.99Mbps, rtt :46.87ms cwnd: 51.9 lossRate: 6.743315688323949e-05 CC:15 score:-112.0 
1665105583.169846 -- INFO: Throughput @15.1s:142.61Mbps, rtt :47.39ms cwnd: 51.7 lossRate: 7.866273352999017e-05 CC:15 score:-106.0 
1665105584.173436 -- INFO: Throughput @16.1s:109.05Mbps, rtt :46.13ms cwnd: 52.3 lossRate: 0.00013842746400885935 CC:15 score:-81.0 
1665105585.155576 -- INFO: Process 7 shutdown itself for socket error
1665105585.155847 -- ERROR: Process: 7, Error from socket: timed out
1665105585.158449 -- INFO: Process 12 shutdown itself for socket error
1665105585.158652 -- ERROR: Process: 12, Error from socket: timed out
1665105585.161726 -- INFO: Process 6 shutdown itself for socket error
1665105585.162025 -- ERROR: Process: 6, Error from socket: timed out
1665105585.173701 -- INFO: Throughput @17.1s:125.83Mbps, rtt :46.15ms cwnd: 52.4 lossRate: 6.893223960846487e-05 CC:14 score:-95.0 
1665105585.811736 -- INFO: Iteration 5 Ends, Took 3.83 Seconds. Best Params: [15] and Score: -94.0.
1665105585.811903 -- INFO: Iteration 6 Starts ...
1665105585.812092 -- INFO: Changing concurrency to 12 ******
1665105585.814325 -- INFO: Start Process :: 7
1665105585.814484 -- INFO: Start Process :: 6
1665105585.817093 -- INFO: Process Status Bits from change concurrency are: 1 1 1 1 1 1 1 1 1 1 1 1 0 0 0 0 0 0 0 0 0 0 0 0 0 0 0 0 0 0 0 0
1665105585.820750 -- INFO: Active CC: 12
1665105585.858120 -- INFO: Process 7 get item 34 from queue and executing
1665105585.858572 -- INFO: starting 7, 34, /users/jamilm/files_to_Send/FILE0
1665105585.858596 -- INFO: Process 6 get item 35 from queue and executing
1665105585.858978 -- INFO: starting 6, 35, /users/jamilm/files_to_Send/FILE3
1665105586.175164 -- INFO: Throughput @18.1s:117.44Mbps, rtt :44.98ms cwnd: 53.7 lossRate: 0 CC:12 score:-93.0 
1665105587.177582 -- INFO: Throughput @19.1s:150.99Mbps, rtt :43.92ms cwnd: 58.1 lossRate: 9.587268107952639e-05 CC:12 score:-119.0 
1665105588.178145 -- INFO: Throughput @20.1s:117.44Mbps, rtt :44.62ms cwnd: 58.7 lossRate: 0.0001448907885681168 CC:12 score:-92.0 
1665105589.189075 -- INFO: Throughput @21.1s:100.66Mbps, rtt :44.33ms cwnd: 57.6 lossRate: 0 CC:12 score:-79.0 
1665105589.638286 -- INFO: Iteration 6 Ends, Took 3.83 Seconds. Best Params: [12] and Score: -101.33333333333333.
1665105589.638454 -- INFO: Iteration 7 Starts ...
1665105589.638633 -- INFO: Changing concurrency to 10 ******
1665105589.646039 -- INFO: Process Status Bits from change concurrency are: 1 1 1 1 1 1 1 1 1 1 0 0 0 0 0 0 0 0 0 0 0 0 0 0 0 0 0 0 0 0 0 0
1665105589.652544 -- INFO: Active CC: 10
1665105590.183468 -- INFO: Throughput @22.1s:142.61Mbps, rtt :44.3ms cwnd: 58.5 lossRate: 0 CC:10 score:-117.0 
1665105591.183017 -- INFO: Throughput @23.1s:117.44Mbps, rtt :44.19ms cwnd: 57.7 lossRate: 0.0 CC:10 score:-96.0 
1665105592.181974 -- INFO: Throughput @24.1s:100.66Mbps, rtt :44.22ms cwnd: 57.2 lossRate: 0.0 CC:10 score:-83.0 
1665105593.220512 -- INFO: Throughput @25.1s:100.66Mbps, rtt :43.88ms cwnd: 58.1 lossRate: 0.00023407326493192368 CC:10 score:-82.0 
1665105593.272355 -- INFO: Iteration 7 Ends, Took 3.63 Seconds. Best Params: [12] and Score: -101.33333333333333.
1665105593.272554 -- INFO: Iteration 8 Starts ...
1665105593.272788 -- INFO: Changing concurrency to 32 ******
1665105593.274632 -- INFO: Start Process :: 10
1665105593.274940 -- INFO: Start Process :: 11
1665105593.275858 -- INFO: Start Process :: 15
1665105593.275825 -- INFO: Start Process :: 13
1665105593.276107 -- INFO: Start Process :: 14
1665105593.276194 -- INFO: Start Process :: 12
1665105593.277021 -- INFO: Process Status Bits from change concurrency are: 1 1 1 1 1 1 1 1 1 1 1 1 1 1 1 1 1 1 1 1 1 1 1 1 1 1 1 1 1 1 1 1
1665105593.277664 -- INFO: Active CC: 32
1665105593.285958 -- INFO: Start Process :: 16
1665105593.287502 -- INFO: Start Process :: 18
1665105593.288123 -- INFO: Start Process :: 17
1665105593.287883 -- INFO: Start Process :: 21
1665105593.290446 -- INFO: Start Process :: 23
1665105593.291588 -- INFO: Start Process :: 31
1665105593.292341 -- INFO: Start Process :: 30
1665105593.292964 -- INFO: Start Process :: 27
1665105593.293125 -- INFO: Start Process :: 25
1665105593.293782 -- INFO: Start Process :: 19
1665105593.294309 -- INFO: Start Process :: 29
1665105593.296028 -- INFO: Start Process :: 26
1665105593.295959 -- INFO: Start Process :: 28
1665105593.296500 -- INFO: Start Process :: 20
1665105593.296947 -- INFO: Start Process :: 24
1665105593.297176 -- INFO: Start Process :: 22
1665105593.318283 -- INFO: Process 11 get item 36 from queue and executing
1665105593.318635 -- INFO: starting 11, 36, /users/jamilm/files_to_Send/FILE2
1665105593.318626 -- INFO: Process 10 get item 37 from queue and executing
1665105593.318938 -- INFO: starting 10, 37, /users/jamilm/files_to_Send/FILE1
1665105593.320773 -- INFO: Process 15 get item 38 from queue and executing
1665105593.320857 -- INFO: Process 14 get item 39 from queue and executing
1665105593.320958 -- INFO: Process 13 get item 40 from queue and executing
1665105593.321197 -- INFO: starting 15, 38, /users/jamilm/files_to_Send/FILE0
1665105593.321291 -- INFO: starting 14, 39, /users/jamilm/files_to_Send/FILE3
1665105593.321347 -- INFO: starting 13, 40, /users/jamilm/files_to_Send/FILE2
1665105593.321476 -- INFO: Process 12 get item 41 from queue and executing
1665105593.321888 -- INFO: starting 12, 41, /users/jamilm/files_to_Send/FILE1
1665105593.329723 -- INFO: Process 16 get item 42 from queue and executing
1665105593.330112 -- INFO: starting 16, 42, /users/jamilm/files_to_Send/FILE0
1665105593.331485 -- INFO: Process 18 get item 43 from queue and executing
1665105593.331848 -- INFO: starting 18, 43, /users/jamilm/files_to_Send/FILE3
1665105593.332536 -- INFO: Process 17 get item 44 from queue and executing
1665105593.332677 -- INFO: Process 21 get item 45 from queue and executing
1665105593.332930 -- INFO: starting 17, 44, /users/jamilm/files_to_Send/FILE2
1665105593.332983 -- INFO: starting 21, 45, /users/jamilm/files_to_Send/FILE1
1665105593.336000 -- INFO: Process 23 get item 46 from queue and executing
1665105593.336090 -- INFO: Process 31 get item 47 from queue and executing
1665105593.336365 -- INFO: starting 23, 46, /users/jamilm/files_to_Send/FILE0
1665105593.336398 -- INFO: starting 31, 47, /users/jamilm/files_to_Send/FILE3
1665105593.336875 -- INFO: Process 30 get item 48 from queue and executing
1665105593.337245 -- INFO: starting 30, 48, /users/jamilm/files_to_Send/FILE2
1665105593.337492 -- INFO: Process 27 get item 49 from queue and executing
1665105593.337883 -- INFO: starting 27, 49, /users/jamilm/files_to_Send/FILE1
1665105593.338002 -- INFO: Process 19 get item 50 from queue and executing
1665105593.338280 -- INFO: Process 25 get item 51 from queue and executing
1665105593.338423 -- INFO: starting 19, 50, /users/jamilm/files_to_Send/FILE0
1665105593.338447 -- INFO: Process 29 get item 52 from queue and executing
1665105593.338829 -- INFO: starting 29, 52, /users/jamilm/files_to_Send/FILE2
1665105593.338812 -- INFO: starting 25, 51, /users/jamilm/files_to_Send/FILE3
1665105593.340116 -- INFO: Process 28 get item 53 from queue and executing
1665105593.340427 -- INFO: starting 28, 53, /users/jamilm/files_to_Send/FILE1
1665105593.340413 -- INFO: Process 26 get item 54 from queue and executing
1665105593.340697 -- INFO: starting 26, 54, /users/jamilm/files_to_Send/FILE0
1665105593.341049 -- INFO: Process 20 get item 55 from queue and executing
1665105593.342221 -- INFO: Process 22 get item 56 from queue and executing
1665105593.341436 -- INFO: starting 20, 55, /users/jamilm/files_to_Send/FILE3
1665105593.342507 -- INFO: starting 22, 56, /users/jamilm/files_to_Send/FILE2
1665105593.343162 -- INFO: Process 24 get item 57 from queue and executing
1665105593.343505 -- INFO: starting 24, 57, /users/jamilm/files_to_Send/FILE1
1665105594.181567 -- INFO: Throughput @26.1s:150.99Mbps, rtt :51.76ms cwnd: 50.8 lossRate: 0.0 CC:32 score:-80.0 
1665105595.182182 -- INFO: Throughput @27.1s:142.61Mbps, rtt :51.23ms cwnd: 51.5 lossRate: 0.00014443040259974724 CC:32 score:-75.0 
1665105596.182158 -- INFO: Throughput @28.1s:167.77Mbps, rtt :51.33ms cwnd: 50.8 lossRate: 0.00013060371567571096 CC:32 score:-89.0 
1665105596.461746 -- INFO: Process 16 shutdown itself for socket error
1665105596.461965 -- ERROR: Process: 16, Error from socket: timed out
1665105596.462532 -- INFO: Process 21 shutdown itself for socket error
1665105596.462742 -- ERROR: Process: 21, Error from socket: timed out
1665105596.463291 -- INFO: Process 18 shutdown itself for socket error
1665105596.463495 -- ERROR: Process: 18, Error from socket: timed out
1665105596.465776 -- INFO: Process 17 shutdown itself for socket error
1665105596.466016 -- ERROR: Process: 17, Error from socket: timed out
1665105596.469744 -- INFO: Process 31 shutdown itself for socket error
1665105596.470030 -- ERROR: Process: 31, Error from socket: timed out
1665105596.470192 -- INFO: Process 23 shutdown itself for socket error
1665105596.470434 -- ERROR: Process: 23, Error from socket: timed out
1665105596.470744 -- INFO: Process 30 shutdown itself for socket error
1665105596.470831 -- INFO: Process 27 shutdown itself for socket error
1665105596.471034 -- ERROR: Process: 30, Error from socket: timed out
1665105596.471061 -- ERROR: Process: 27, Error from socket: timed out
1665105596.471244 -- INFO: Process 29 shutdown itself for socket error
1665105596.471312 -- INFO: Process 19 shutdown itself for socket error
1665105596.471587 -- ERROR: Process: 29, Error from socket: timed out
1665105596.471564 -- INFO: Process 25 shutdown itself for socket error
1665105596.471671 -- ERROR: Process: 19, Error from socket: timed out
1665105596.471781 -- ERROR: Process: 25, Error from socket: timed out
1665105596.474527 -- INFO: Process 26 shutdown itself for socket error
1665105596.474606 -- INFO: Process 20 shutdown itself for socket error
1665105596.474728 -- ERROR: Process: 26, Error from socket: timed out
1665105596.474859 -- ERROR: Process: 20, Error from socket: timed out
1665105596.475002 -- INFO: Process 28 shutdown itself for socket error
1665105596.475199 -- ERROR: Process: 28, Error from socket: timed out
1665105596.478196 -- INFO: Process 24 shutdown itself for socket error
1665105596.478402 -- ERROR: Process: 24, Error from socket: timed out
1665105596.478674 -- INFO: Process 22 shutdown itself for socket error
1665105596.478986 -- ERROR: Process: 22, Error from socket: timed out
1665105597.076751 -- INFO: Iteration 8 Ends, Took 3.8 Seconds. Best Params: [12] and Score: -101.33333333333333.
1665105597.076940 -- INFO: Iteration 9 Starts ...
1665105597.077227 -- INFO: Changing concurrency to 12 ******
1665105597.081904 -- INFO: Process Status Bits from change concurrency are: 1 1 1 1 1 1 1 1 1 1 1 1 0 0 0 0 0 0 0 0 0 0 0 0 0 0 0 0 0 0 0 0
1665105597.085667 -- INFO: Active CC: 12
1665105597.187724 -- INFO: Throughput @29.1s:176.16Mbps, rtt :51.37ms cwnd: 51.1 lossRate: 0.0 CC:12 score:-139.0 
1665105598.189041 -- INFO: Throughput @30.1s:150.99Mbps, rtt :47.3ms cwnd: 54.1 lossRate: 0.00013618412093149938 CC:12 score:-119.0 
1665105599.190942 -- INFO: Throughput @31.1s:134.22Mbps, rtt :43.71ms cwnd: 62.5 lossRate: 0 CC:12 score:-106.0 
1665105600.190875 -- INFO: Throughput @32.1s:125.83Mbps, rtt :43.7ms cwnd: 62.8 lossRate: 0.0 CC:12 score:-99.0 
1665105600.957085 -- INFO: Iteration 9 Ends, Took 3.88 Seconds. Best Params: [12] and Score: -108.0.
1665105600.957280 -- INFO: Iteration 10 Starts ...
1665105600.957566 -- INFO: Changing concurrency to 12 ******
1665105600.962315 -- INFO: Process Status Bits from change concurrency are: 1 1 1 1 1 1 1 1 1 1 1 1 0 0 0 0 0 0 0 0 0 0 0 0 0 0 0 0 0 0 0 0
1665105600.965872 -- INFO: Active CC: 12
1665105601.191213 -- INFO: Throughput @33.1s:142.61Mbps, rtt :43.85ms cwnd: 62.1 lossRate: 0.0 CC:12 score:-112.0 
1665105602.193166 -- INFO: Throughput @34.1s:142.61Mbps, rtt :44.0ms cwnd: 60.4 lossRate: 0.00022632114971144054 CC:12 score:-112.0 
1665105603.194962 -- INFO: Throughput @35.1s:109.05Mbps, rtt :44.27ms cwnd: 59.8 lossRate: 0.0001581152660289351 CC:12 score:-86.0 
1665105604.192877 -- INFO: Throughput @36.1s:150.99Mbps, rtt :43.88ms cwnd: 61.4 lossRate: 0.0 CC:12 score:-119.0 
1665105604.746086 -- INFO: Iteration 10 Ends, Took 3.79 Seconds. Best Params: [12] and Score: -108.0.
1665105604.746253 -- INFO: Iteration 11 Starts ...
1665105604.746562 -- INFO: Changing concurrency to 12 ******
1665105604.752211 -- INFO: Process Status Bits from change concurrency are: 1 1 1 1 1 1 1 1 1 1 1 1 0 0 0 0 0 0 0 0 0 0 0 0 0 0 0 0 0 0 0 0
1665105604.757770 -- INFO: Active CC: 12
1665105605.197140 -- INFO: Throughput @37.1s:134.22Mbps, rtt :43.81ms cwnd: 61.6 lossRate: 8.962982880702697e-05 CC:12 score:-106.0 
1665105606.197487 -- INFO: Throughput @38.1s:125.83Mbps, rtt :43.71ms cwnd: 60.7 lossRate: 0 CC:12 score:-99.0 
1665105607.198302 -- INFO: Throughput @39.1s:134.22Mbps, rtt :43.55ms cwnd: 60.4 lossRate: 7.967492630069317e-05 CC:12 score:-106.0 
1665105608.218902 -- INFO: Throughput @40.1s:142.61Mbps, rtt :43.3ms cwnd: 59.6 lossRate: 7.462129691814044e-05 CC:12 score:-112.0 
1665105608.340739 -- INFO: Iteration 11 Ends, Took 3.59 Seconds. Best Params: [12] and Score: -108.0.
1665105608.341188 -- INFO: Iteration 12 Starts ...
1665105608.341726 -- INFO: Changing concurrency to 26 ******
1665105608.346041 -- INFO: Process Status Bits from change concurrency are: 1 1 1 1 1 1 1 1 1 1 1 1 1 1 1 1 1 1 1 1 1 1 1 1 1 1 0 0 0 0 0 0
1665105608.346529 -- INFO: Start Process :: 19
1665105608.346936 -- INFO: Start Process :: 21
1665105608.347022 -- INFO: Active CC: 26
1665105608.347030 -- INFO: Start Process :: 17
1665105608.347223 -- INFO: Start Process :: 16
1665105608.347379 -- INFO: Start Process :: 15
1665105608.347136 -- INFO: Start Process :: 20
1665105608.347801 -- INFO: Start Process :: 22
1665105608.347384 -- INFO: Start Process :: 18
1665105608.348090 -- INFO: Start Process :: 24
1665105608.347557 -- INFO: Start Process :: 25
1665105608.348597 -- INFO: Start Process :: 14
1665105608.350065 -- INFO: Start Process :: 12
1665105608.348587 -- INFO: Start Process :: 23
1665105608.358649 -- INFO: Start Process :: 13
1665105608.390827 -- INFO: Process 16 get item 59 from queue and executing
1665105608.390799 -- INFO: Process 19 get item 58 from queue and executing
1665105608.391224 -- INFO: starting 16, 59, /users/jamilm/files_to_Send/FILE3
1665105608.391298 -- INFO: Process 18 get item 60 from queue and executing
1665105608.391319 -- INFO: starting 19, 58, /users/jamilm/files_to_Send/FILE0
1665105608.391590 -- INFO: Process 22 get item 62 from queue and executing
1665105608.391593 -- INFO: Process 15 get item 61 from queue and executing
1665105608.391714 -- INFO: starting 18, 60, /users/jamilm/files_to_Send/FILE2
1665105608.391927 -- INFO: starting 15, 61, /users/jamilm/files_to_Send/FILE1
1665105608.392004 -- INFO: starting 22, 62, /users/jamilm/files_to_Send/FILE0
1665105608.392533 -- INFO: Process 20 get item 63 from queue and executing
1665105608.392730 -- INFO: Process 17 get item 64 from queue and executing
1665105608.392881 -- INFO: Process 25 get item 65 from queue and executing
1665105608.393026 -- INFO: starting 20, 63, /users/jamilm/files_to_Send/FILE3
1665105608.392976 -- INFO: Process 21 get item 66 from queue and executing
1665105608.393137 -- INFO: Process 24 get item 67 from queue and executing
1665105608.393214 -- INFO: starting 17, 64, /users/jamilm/files_to_Send/FILE2
1665105608.393243 -- INFO: Process 14 get item 68 from queue and executing
1665105608.393315 -- INFO: starting 25, 65, /users/jamilm/files_to_Send/FILE1
1665105608.393544 -- INFO: starting 24, 67, /users/jamilm/files_to_Send/FILE3
1665105608.393595 -- INFO: Process 12 get item 69 from queue and executing
1665105608.393625 -- INFO: starting 21, 66, /users/jamilm/files_to_Send/FILE0
1665105608.393919 -- INFO: starting 12, 69, /users/jamilm/files_to_Send/FILE1
1665105608.393899 -- INFO: starting 14, 68, /users/jamilm/files_to_Send/FILE2
1665105608.394871 -- INFO: Process 23 get item 70 from queue and executing
1665105608.395332 -- INFO: starting 23, 70, /users/jamilm/files_to_Send/FILE0
1665105608.401957 -- INFO: Process 13 get item 71 from queue and executing
1665105608.402264 -- INFO: starting 13, 71, /users/jamilm/files_to_Send/FILE3
1665105609.197338 -- INFO: Throughput @41.1s:184.55Mbps, rtt :48.32ms cwnd: 54.1 lossRate: 0.0 CC:26 score:-110.0 
1665105610.198584 -- INFO: Throughput @42.1s:167.77Mbps, rtt :47.97ms cwnd: 53.8 lossRate: 0.00012936192231816565 CC:26 score:-100.0 
1665105611.197792 -- INFO: Throughput @43.1s:184.55Mbps, rtt :48.01ms cwnd: 53.5 lossRate: 0.0001255847540108631 CC:26 score:-110.0 
1665105611.525817 -- INFO: Process 25 shutdown itself for socket error
1665105611.526064 -- ERROR: Process: 25, Error from socket: timed out
1665105611.526459 -- INFO: Process 24 shutdown itself for socket error
1665105611.526569 -- INFO: Process 23 shutdown itself for socket error
1665105611.526561 -- INFO: Process 21 shutdown itself for socket error
1665105611.526641 -- ERROR: Process: 24, Error from socket: timed out
1665105611.526738 -- ERROR: Process: 23, Error from socket: timed out
1665105611.526656 -- INFO: Process 14 shutdown itself for socket error
1665105611.526762 -- ERROR: Process: 21, Error from socket: timed out
1665105611.526906 -- ERROR: Process: 14, Error from socket: timed out
1665105611.526560 -- INFO: Process 12 shutdown itself for socket error
1665105611.527134 -- ERROR: Process: 12, Error from socket: timed out
1665105611.534367 -- INFO: Process 13 shutdown itself for socket error
1665105611.534600 -- ERROR: Process: 13, Error from socket: timed out
1665105612.102133 -- INFO: Iteration 12 Ends, Took 3.76 Seconds. Best Params: [12] and Score: -108.0.
1665105612.102329 -- INFO: Iteration 13 Starts ...
1665105612.102647 -- INFO: Changing concurrency to 27 ******
1665105612.105355 -- INFO: Start Process :: 13
1665105612.105427 -- INFO: Start Process :: 14
1665105612.105661 -- INFO: Start Process :: 12
1665105612.105891 -- INFO: Start Process :: 21
1665105612.106053 -- INFO: Start Process :: 23
1665105612.106106 -- INFO: Process Status Bits from change concurrency are: 1 1 1 1 1 1 1 1 1 1 1 1 1 1 1 1 1 1 1 1 1 1 1 1 1 1 1 0 0 0 0 0
1665105612.106186 -- INFO: Start Process :: 26
1665105612.106311 -- INFO: Start Process :: 25
1665105612.106528 -- INFO: Start Process :: 24
1665105612.107224 -- INFO: Active CC: 27
1665105612.148597 -- INFO: Process 12 get item 72 from queue and executing
1665105612.148843 -- INFO: starting 12, 72, /users/jamilm/files_to_Send/FILE2
1665105612.148868 -- INFO: Process 23 get item 73 from queue and executing
1665105612.149085 -- INFO: Process 14 get item 74 from queue and executing
1665105612.149154 -- INFO: Process 21 get item 75 from queue and executing
1665105612.149206 -- INFO: starting 23, 73, /users/jamilm/files_to_Send/FILE1
1665105612.149446 -- INFO: starting 21, 75, /users/jamilm/files_to_Send/FILE3
1665105612.149447 -- INFO: Process 13 get item 76 from queue and executing
1665105612.149508 -- INFO: starting 14, 74, /users/jamilm/files_to_Send/FILE0
1665105612.149770 -- INFO: Process 26 get item 77 from queue and executing
1665105612.149761 -- INFO: starting 13, 76, /users/jamilm/files_to_Send/FILE2
1665105612.149952 -- INFO: Process 24 get item 78 from queue and executing
1665105612.150116 -- INFO: starting 26, 77, /users/jamilm/files_to_Send/FILE1
1665105612.150228 -- INFO: starting 24, 78, /users/jamilm/files_to_Send/FILE0
1665105612.150434 -- INFO: Process 25 get item 79 from queue and executing
1665105612.150646 -- INFO: starting 25, 79, /users/jamilm/files_to_Send/FILE3
1665105612.198084 -- INFO: Throughput @44.1s:268.44Mbps, rtt :46.57ms cwnd: 46.9 lossRate: 0.00020125448629792372 CC:27 score:-157.0 
1665105613.201344 -- INFO: Throughput @45.1s:192.94Mbps, rtt :50.41ms cwnd: 52.2 lossRate: 0.00011895203259285693 CC:27 score:-113.0 
1665105614.200458 -- INFO: Throughput @46.1s:243.27Mbps, rtt :50.43ms cwnd: 52.2 lossRate: 6.0043831997358074e-05 CC:27 score:-142.0 
1665105615.202690 -- INFO: Throughput @47.1s:226.49Mbps, rtt :48.89ms cwnd: 55.2 lossRate: 0 CC:27 score:-133.0 
1665105615.278501 -- INFO: Process 23 shutdown itself for socket error
1665105615.278545 -- INFO: Process 12 shutdown itself for socket error
1665105615.278539 -- INFO: Process 21 shutdown itself for socket error
1665105615.278711 -- ERROR: Process: 12, Error from socket: timed out
1665105615.278710 -- ERROR: Process: 23, Error from socket: timed out
1665105615.278752 -- ERROR: Process: 21, Error from socket: timed out
1665105615.279008 -- INFO: Process 24 shutdown itself for socket error
1665105615.279152 -- ERROR: Process: 24, Error from socket: timed out
1665105615.282318 -- INFO: Process 26 shutdown itself for socket error
1665105615.282500 -- INFO: Process 25 shutdown itself for socket error
1665105615.282559 -- ERROR: Process: 26, Error from socket: timed out
1665105615.282546 -- INFO: Process 13 shutdown itself for socket error
1665105615.282698 -- ERROR: Process: 25, Error from socket: timed out
1665105615.282804 -- ERROR: Process: 13, Error from socket: timed out
1665105615.366267 -- INFO: Process 14 shutdown itself for socket error
1665105615.366532 -- ERROR: Process: 14, Error from socket: timed out
1665105616.145339 -- INFO: Iteration 13 Ends, Took 4.04 Seconds. Best Params: [27] and Score: -129.33333333333334.
1665105616.145498 -- INFO: Iteration 14 Starts ...
1665105616.145723 -- INFO: Changing concurrency to 28 ******
1665105616.147465 -- INFO: Start Process :: 13
1665105616.147582 -- INFO: Start Process :: 12
1665105616.147695 -- INFO: Start Process :: 14
1665105616.148234 -- INFO: Start Process :: 21
1665105616.148365 -- INFO: Start Process :: 23
1665105616.148437 -- INFO: Process Status Bits from change concurrency are: 1 1 1 1 1 1 1 1 1 1 1 1 1 1 1 1 1 1 1 1 1 1 1 1 1 1 1 1 0 0 0 0
1665105616.148511 -- INFO: Start Process :: 24
1665105616.148558 -- INFO: Start Process :: 25
1665105616.148726 -- INFO: Start Process :: 26
1665105616.148834 -- INFO: Start Process :: 27
1665105616.149463 -- INFO: Active CC: 28
1665105616.190434 -- INFO: Process 12 get item 80 from queue and executing
1665105616.190747 -- INFO: starting 12, 80, /users/jamilm/files_to_Send/FILE2
1665105616.190853 -- INFO: Process 13 get item 81 from queue and executing
1665105616.191155 -- INFO: starting 13, 81, /users/jamilm/files_to_Send/FILE1
1665105616.191188 -- INFO: Process 14 get item 82 from queue and executing
1665105616.191448 -- INFO: starting 14, 82, /users/jamilm/files_to_Send/FILE0
1665105616.191629 -- INFO: Process 23 get item 83 from queue and executing
1665105616.191788 -- INFO: Process 21 get item 84 from queue and executing
1665105616.191961 -- INFO: starting 23, 83, /users/jamilm/files_to_Send/FILE3
1665105616.192083 -- INFO: starting 21, 84, /users/jamilm/files_to_Send/FILE2
1665105616.192128 -- INFO: Process 25 get item 85 from queue and executing
1665105616.192223 -- INFO: Process 24 get item 86 from queue and executing
1665105616.192307 -- INFO: Process 26 get item 87 from queue and executing
1665105616.192528 -- INFO: starting 26, 87, /users/jamilm/files_to_Send/FILE3
1665105616.192546 -- INFO: starting 25, 85, /users/jamilm/files_to_Send/FILE1
1665105616.192561 -- INFO: starting 24, 86, /users/jamilm/files_to_Send/FILE0
1665105616.192567 -- INFO: Process 27 get item 88 from queue and executing
1665105616.193007 -- INFO: starting 27, 88, /users/jamilm/files_to_Send/FILE2
1665105616.204160 -- INFO: Throughput @48.1s:226.49Mbps, rtt :45.46ms cwnd: 49.6 lossRate: 3.125879153511925e-05 CC:28 score:-130.0 
1665105617.205108 -- INFO: Throughput @49.1s:234.88Mbps, rtt :47.35ms cwnd: 57.8 lossRate: 0.0001900899759219364 CC:28 score:-134.0 
1665105618.203555 -- INFO: Throughput @50.1s:251.66Mbps, rtt :45.87ms cwnd: 58.2 lossRate: 0 CC:28 score:-145.0 
1665105619.206817 -- INFO: Throughput @51.1s:243.27Mbps, rtt :47.02ms cwnd: 56.7 lossRate: 0.00021007667798746542 CC:28 score:-139.0 
1665105619.322514 -- INFO: Process 25 shutdown itself for socket error
1665105619.322535 -- INFO: Process 27 shutdown itself for socket error
1665105619.322517 -- INFO: Process 21 shutdown itself for socket error
1665105619.322751 -- ERROR: Process: 25, Error from socket: timed out
1665105619.322759 -- ERROR: Process: 21, Error from socket: timed out
1665105619.322759 -- ERROR: Process: 27, Error from socket: timed out
1665105619.322937 -- INFO: Process 24 shutdown itself for socket error
1665105619.323121 -- ERROR: Process: 24, Error from socket: timed out
1665105620.037937 -- INFO: Iteration 14 Ends, Took 3.89 Seconds. Best Params: [28] and Score: -139.33333333333334.
1665105620.038150 -- INFO: Iteration 15 Starts ...
1665105620.038498 -- INFO: Changing concurrency to 28 ******
1665105620.039958 -- INFO: Start Process :: 21
1665105620.039996 -- INFO: Process Status Bits from change concurrency are: 1 1 1 1 1 1 1 1 1 1 1 1 1 1 1 1 1 1 1 1 1 1 1 1 1 1 1 1 0 0 0 0
1665105620.040059 -- INFO: Start Process :: 24
1665105620.040184 -- INFO: Start Process :: 25
1665105620.040256 -- INFO: Start Process :: 27
1665105620.040896 -- INFO: Active CC: 28
1665105620.083893 -- INFO: Process 21 get item 89 from queue and executing
1665105620.083990 -- INFO: Process 25 get item 90 from queue and executing
1665105620.084169 -- INFO: starting 21, 89, /users/jamilm/files_to_Send/FILE1
1665105620.084222 -- INFO: Process 27 get item 91 from queue and executing
1665105620.084257 -- INFO: starting 25, 90, /users/jamilm/files_to_Send/FILE0
1665105620.084481 -- INFO: starting 27, 91, /users/jamilm/files_to_Send/FILE3
1665105620.084694 -- INFO: Process 24 get item 92 from queue and executing
1665105620.084922 -- INFO: starting 24, 92, /users/jamilm/files_to_Send/FILE2
1665105620.207704 -- INFO: Throughput @52.1s:276.82Mbps, rtt :46.45ms cwnd: 53.2 lossRate: 7.032843378577959e-05 CC:28 score:-159.0 
1665105621.208982 -- INFO: Throughput @53.1s:218.1Mbps, rtt :49.34ms cwnd: 54.1 lossRate: 0.00014064697609001407 CC:28 score:-125.0 
1665105622.210671 -- INFO: Throughput @54.1s:234.88Mbps, rtt :49.16ms cwnd: 54.4 lossRate: 0.0 CC:28 score:-135.0 
1665105623.212425 -- INFO: Throughput @55.1s:268.44Mbps, rtt :49.16ms cwnd: 54.4 lossRate: 0.0 CC:28 score:-154.0 
1665105623.214501 -- INFO: Process 27 shutdown itself for socket error
1665105623.214683 -- ERROR: Process: 27, Error from socket: timed out
1665105623.217800 -- INFO: Process 21 shutdown itself for socket error
1665105623.217981 -- ERROR: Process: 21, Error from socket: timed out
1665105623.217979 -- INFO: Process 25 shutdown itself for socket error
1665105623.218181 -- ERROR: Process: 25, Error from socket: timed out
1665105623.218651 -- INFO: Process 24 shutdown itself for socket error
1665105623.218858 -- ERROR: Process: 24, Error from socket: timed out
1665105624.019881 -- INFO: Iteration 15 Ends, Took 3.98 Seconds. Best Params: [28] and Score: -139.33333333333334.
1665105624.020134 -- INFO: Iteration 16 Starts ...
1665105624.020677 -- INFO: Changing concurrency to 28 ******
1665105624.022497 -- INFO: Process Status Bits from change concurrency are: 1 1 1 1 1 1 1 1 1 1 1 1 1 1 1 1 1 1 1 1 1 1 1 1 1 1 1 1 0 0 0 0
1665105624.022493 -- INFO: Start Process :: 27
1665105624.022670 -- INFO: Start Process :: 25
1665105624.022758 -- INFO: Start Process :: 24
1665105624.023051 -- INFO: Start Process :: 21
1665105624.023209 -- INFO: Active CC: 28
1665105624.066694 -- INFO: Process 27 get item 93 from queue and executing
1665105624.066917 -- INFO: Process 24 get item 94 from queue and executing
1665105624.067006 -- INFO: Process 25 get item 95 from queue and executing
1665105624.067099 -- INFO: starting 27, 93, /users/jamilm/files_to_Send/FILE1
1665105624.067236 -- INFO: starting 24, 94, /users/jamilm/files_to_Send/FILE0
1665105624.067304 -- INFO: starting 25, 95, /users/jamilm/files_to_Send/FILE3
1665105624.067446 -- INFO: Process 21 get item 96 from queue and executing
1665105624.067740 -- INFO: starting 21, 96, /users/jamilm/files_to_Send/FILE2
1665105624.212194 -- INFO: Throughput @56.1s:218.1Mbps, rtt :49.02ms cwnd: 52.8 lossRate: 7.0298769771529e-05 CC:28 score:-125.0 
1665105625.211685 -- INFO: Throughput @57.1s:268.44Mbps, rtt :50.06ms cwnd: 51.4 lossRate: 0 CC:28 score:-154.0 
1665105626.212908 -- INFO: Throughput @58.1s:226.49Mbps, rtt :47.69ms cwnd: 52.9 lossRate: 0.0 CC:28 score:-130.0 
1665105627.198557 -- INFO: Process 21 shutdown itself for socket error
1665105627.198817 -- ERROR: Process: 21, Error from socket: timed out
1665105627.199092 -- INFO: Process 25 shutdown itself for socket error
1665105627.199252 -- ERROR: Process: 25, Error from socket: timed out
1665105627.214487 -- INFO: Throughput @59.1s:243.27Mbps, rtt :46.25ms cwnd: 53.9 lossRate: 7.393715341959335e-05 CC:26 score:-145.0 
1665105627.910143 -- INFO: Iteration 16 Ends, Took 3.89 Seconds. Best Params: [28] and Score: -143.0.
1665105627.910346 -- INFO: Iteration 17 Starts ...
1665105627.910728 -- INFO: Changing concurrency to 28 ******
1665105627.911654 -- INFO: Process Status Bits from change concurrency are: 1 1 1 1 1 1 1 1 1 1 1 1 1 1 1 1 1 1 1 1 1 1 1 1 1 1 1 1 0 0 0 0
1665105627.911764 -- INFO: Start Process :: 21
1665105627.911950 -- INFO: Start Process :: 25
1665105627.912191 -- INFO: Active CC: 28
1665105627.955635 -- INFO: Process 25 get item 97 from queue and executing
1665105627.955748 -- INFO: Process 21 get item 98 from queue and executing
1665105627.955906 -- INFO: starting 25, 97, /users/jamilm/files_to_Send/FILE1
1665105627.956037 -- INFO: starting 21, 98, /users/jamilm/files_to_Send/FILE0
1665105628.215348 -- INFO: Throughput @60.1s:234.88Mbps, rtt :47.01ms cwnd: 52.8 lossRate: 0.0001458310547231033 CC:28 score:-135.0 
1665105629.216014 -- INFO: Throughput @61.1s:251.66Mbps, rtt :47.48ms cwnd: 52.6 lossRate: 0.00014716703458425313 CC:28 score:-144.0 
1665105630.216500 -- INFO: Throughput @62.1s:276.82Mbps, rtt :47.14ms cwnd: 53.3 lossRate: 7.28146503076419e-05 CC:28 score:-159.0 
1665105631.086555 -- INFO: Process 25 shutdown itself for socket error
1665105631.086517 -- INFO: Process 21 shutdown itself for socket error
1665105631.086742 -- ERROR: Process: 25, Error from socket: timed out
1665105631.086803 -- ERROR: Process: 21, Error from socket: timed out
1665105631.218959 -- INFO: Throughput @63.1s:268.44Mbps, rtt :47.17ms cwnd: 52.8 lossRate: 6.945409084595083e-05 CC:26 score:-160.0 
1665105631.887133 -- INFO: Iteration 17 Ends, Took 3.98 Seconds. Best Params: [28] and Score: -146.0.
1665105631.887338 -- INFO: Iteration 18 Starts ...
1665105631.887607 -- INFO: Changing concurrency to 29 ******
1665105631.889094 -- INFO: Process Status Bits from change concurrency are: 1 1 1 1 1 1 1 1 1 1 1 1 1 1 1 1 1 1 1 1 1 1 1 1 1 1 1 1 1 0 0 0
1665105631.889089 -- INFO: Start Process :: 21
1665105631.889313 -- INFO: Start Process :: 25
1665105631.889641 -- INFO: Start Process :: 28
1665105631.889818 -- INFO: Active CC: 29
1665105631.932560 -- INFO: Process 21 get item 99 from queue and executing
1665105631.932821 -- INFO: starting 21, 99, /users/jamilm/files_to_Send/FILE3
1665105631.933468 -- INFO: Process 25 get item 100 from queue and executing
1665105631.933742 -- INFO: starting 25, 100, /users/jamilm/files_to_Send/FILE2
1665105631.934252 -- INFO: Process 28 get item 101 from queue and executing
1665105631.934690 -- INFO: starting 28, 101, /users/jamilm/files_to_Send/FILE1
1665105632.218776 -- INFO: Throughput @64.1s:268.44Mbps, rtt :46.68ms cwnd: 52.9 lossRate: 0 CC:29 score:-151.0 
1665105633.219181 -- INFO: Throughput @65.1s:268.44Mbps, rtt :45.85ms cwnd: 55.9 lossRate: 0.00027688367424635727 CC:29 score:-150.0 
1665105634.221615 -- INFO: Throughput @66.1s:285.21Mbps, rtt :46.07ms cwnd: 56.3 lossRate: 0.0 CC:29 score:-161.0 
1665105635.066568 -- INFO: Process 28 shutdown itself for socket error
1665105635.066761 -- ERROR: Process: 28, Error from socket: timed out
1665105635.221299 -- INFO: Throughput @67.1s:285.21Mbps, rtt :45.42ms cwnd: 56.1 lossRate: 0 CC:28 score:-164.0 
1665105635.887389 -- INFO: Iteration 18 Ends, Took 4.0 Seconds. Best Params: [29] and Score: -154.0.
1665105635.887578 -- INFO: Iteration 19 Starts ...
1665105635.887898 -- INFO: Changing concurrency to 29 ******
1665105635.888651 -- INFO: Process Status Bits from change concurrency are: 1 1 1 1 1 1 1 1 1 1 1 1 1 1 1 1 1 1 1 1 1 1 1 1 1 1 1 1 1 0 0 0
1665105635.888883 -- INFO: Start Process :: 28
1665105635.889384 -- INFO: Active CC: 29
1665105635.932930 -- INFO: Process 28 get item 102 from queue and executing
1665105635.933195 -- INFO: starting 28, 102, /users/jamilm/files_to_Send/FILE0
1665105636.223185 -- INFO: Throughput @68.1s:285.21Mbps, rtt :45.6ms cwnd: 54.4 lossRate: 0.00025134649910233395 CC:29 score:-160.0 
1665105637.222294 -- INFO: Throughput @69.1s:251.66Mbps, rtt :45.25ms cwnd: 51.7 lossRate: 0 CC:29 score:-142.0 
1665105638.225618 -- INFO: Throughput @70.1s:301.99Mbps, rtt :45.4ms cwnd: 51.6 lossRate: 0.0001450536698578474 CC:29 score:-170.0 
1665105639.225437 -- INFO: Throughput @71.1s:301.99Mbps, rtt :45.21ms cwnd: 52.0 lossRate: 0.0 CC:29 score:-170.0 
1665105639.853245 -- INFO: Iteration 19 Ends, Took 3.97 Seconds. Best Params: [29] and Score: -157.33333333333334.
1665105639.853418 -- INFO: Iteration 20 Starts ...
1665105639.853720 -- INFO: Changing concurrency to 29 ******
1665105639.854254 -- INFO: Process Status Bits from change concurrency are: 1 1 1 1 1 1 1 1 1 1 1 1 1 1 1 1 1 1 1 1 1 1 1 1 1 1 1 1 1 0 0 0
1665105639.855037 -- INFO: Active CC: 29
1665105640.227262 -- INFO: Throughput @72.1s:285.21Mbps, rtt :45.1ms cwnd: 52.1 lossRate: 0.0 CC:29 score:-161.0 
1665105641.227115 -- INFO: Throughput @73.1s:268.44Mbps, rtt :44.41ms cwnd: 52.8 lossRate: 0 CC:29 score:-151.0 
1665105642.228793 -- INFO: Throughput @74.1s:318.77Mbps, rtt :44.5ms cwnd: 52.8 lossRate: 0.0 CC:29 score:-180.0 
1665105643.230256 -- INFO: Throughput @75.1s:301.99Mbps, rtt :44.42ms cwnd: 52.7 lossRate: 0.0 CC:29 score:-170.0 
1665105643.889741 -- INFO: Iteration 20 Ends, Took 4.04 Seconds. Best Params: [29] and Score: -164.0.
1665105643.889967 -- INFO: Iteration 21 Starts ...
1665105643.890330 -- INFO: Changing concurrency to 30 ******
1665105643.890980 -- INFO: Process Status Bits from change concurrency are: 1 1 1 1 1 1 1 1 1 1 1 1 1 1 1 1 1 1 1 1 1 1 1 1 1 1 1 1 1 1 0 0
1665105643.891545 -- INFO: Active CC: 30
1665105643.891676 -- INFO: Start Process :: 29
1665105643.935767 -- INFO: Process 29 get item 103 from queue and executing
1665105643.936262 -- INFO: starting 29, 103, /users/jamilm/files_to_Send/FILE3
1665105644.231915 -- INFO: Throughput @76.1s:268.44Mbps, rtt :44.94ms cwnd: 52.4 lossRate: 0.0 CC:30 score:-148.0 
1665105645.234449 -- INFO: Throughput @77.1s:285.21Mbps, rtt :45.43ms cwnd: 51.3 lossRate: 0.00022054769343870612 CC:30 score:-157.0 
1665105646.234175 -- INFO: Throughput @78.1s:301.99Mbps, rtt :45.4ms cwnd: 50.8 lossRate: 7.418122473202032e-05 CC:30 score:-166.0 
1665105647.066584 -- INFO: Process 29 shutdown itself for socket error
1665105647.066876 -- ERROR: Process: 29, Error from socket: timed out
1665105647.236254 -- INFO: Throughput @79.1s:276.82Mbps, rtt :45.47ms cwnd: 50.0 lossRate: 0.00022284950230277818 CC:29 score:-155.0 
1665105647.919372 -- INFO: Iteration 21 Ends, Took 4.03 Seconds. Best Params: [29] and Score: -164.0.
1665105647.919589 -- INFO: Iteration 22 Starts ...
1665105647.919980 -- INFO: Changing concurrency to 22 ******
1665105647.920615 -- INFO: Process Status Bits from change concurrency are: 1 1 1 1 1 1 1 1 1 1 1 1 1 1 1 1 1 1 1 1 1 1 0 0 0 0 0 0 0 0 0 0
1665105647.921161 -- INFO: Active CC: 22
1665105648.237303 -- INFO: Throughput @80.1s:276.82Mbps, rtt :45.56ms cwnd: 49.7 lossRate: 0.00014831843969001447 CC:22 score:-179.0 
1665105649.237242 -- INFO: Throughput @81.1s:268.44Mbps, rtt :44.14ms cwnd: 52.9 lossRate: 0 CC:22 score:-174.0 
1665105650.239659 -- INFO: Throughput @82.1s:251.66Mbps, rtt :44.14ms cwnd: 53.0 lossRate: 0.00011307740148131396 CC:22 score:-162.0 
1665105651.240932 -- INFO: Throughput @83.1s:209.72Mbps, rtt :43.82ms cwnd: 53.5 lossRate: 0.00017895490336435218 CC:22 score:-135.0 
1665105651.909980 -- INFO: Iteration 22 Ends, Took 3.99 Seconds. Best Params: [22] and Score: -171.66666666666666.
1665105651.910171 -- INFO: Iteration 23 Starts ...
1665105651.910578 -- INFO: Changing concurrency to 22 ******
1665105651.912897 -- INFO: Process Status Bits from change concurrency are: 1 1 1 1 1 1 1 1 1 1 1 1 1 1 1 1 1 1 1 1 1 1 0 0 0 0 0 0 0 0 0 0
1665105651.914832 -- INFO: Active CC: 22
1665105652.241125 -- INFO: Throughput @84.1s:276.82Mbps, rtt :43.95ms cwnd: 52.0 lossRate: 0.0002655924925855429 CC:22 score:-178.0 
1665105653.242264 -- INFO: Throughput @85.1s:218.1Mbps, rtt :43.96ms cwnd: 51.2 lossRate: 8.674155354122393e-05 CC:22 score:-141.0 
1665105654.244295 -- INFO: Throughput @86.1s:218.1Mbps, rtt :44.1ms cwnd: 52.4 lossRate: 8.615119534783545e-05 CC:22 score:-141.0 
1665105655.242937 -- INFO: Throughput @87.1s:260.05Mbps, rtt :44.13ms cwnd: 52.2 lossRate: 8.628127696289905e-05 CC:22 score:-168.0 
1665105655.937114 -- INFO: Iteration 23 Ends, Took 4.03 Seconds. Best Params: [22] and Score: -171.66666666666666.
1665105655.937325 -- INFO: Iteration 24 Starts ...
1665105655.938849 -- INFO: Changing concurrency to 21 ******
1665105655.940521 -- INFO: Process Status Bits from change concurrency are: 1 1 1 1 1 1 1 1 1 1 1 1 1 1 1 1 1 1 1 1 1 0 0 0 0 0 0 0 0 0 0 0
1665105655.942770 -- INFO: Active CC: 21
1665105656.243999 -- INFO: Throughput @88.1s:226.49Mbps, rtt :44.07ms cwnd: 50.9 lossRate: 0.000251994960100798 CC:21 score:-149.0 
1665105657.244572 -- INFO: Throughput @89.1s:209.72Mbps, rtt :43.87ms cwnd: 51.9 lossRate: 0.0 CC:21 score:-138.0 
1665105658.245617 -- INFO: Throughput @90.1s:268.44Mbps, rtt :43.49ms cwnd: 57.7 lossRate: 0.00015156682202265923 CC:21 score:-177.0 
1665105659.246760 -- INFO: Throughput @91.1s:243.27Mbps, rtt :43.69ms cwnd: 55.8 lossRate: 0.00013970382788488405 CC:21 score:-160.0 
1665105659.965840 -- INFO: Iteration 24 Ends, Took 4.03 Seconds. Best Params: [22] and Score: -171.66666666666666.
1665105659.966040 -- INFO: Iteration 25 Starts ...
1665105659.966410 -- INFO: Changing concurrency to 23 ******
1665105659.969079 -- INFO: Start Process :: 21
1665105659.969259 -- INFO: Start Process :: 22
1665105659.969373 -- INFO: Process Status Bits from change concurrency are: 1 1 1 1 1 1 1 1 1 1 1 1 1 1 1 1 1 1 1 1 1 1 1 0 0 0 0 0 0 0 0 0
1665105659.971066 -- INFO: Active CC: 23
1665105660.012683 -- INFO: Process 21 get item 104 from queue and executing
1665105660.012944 -- INFO: starting 21, 104, /users/jamilm/files_to_Send/FILE2
1665105660.013127 -- INFO: Process 22 get item 105 from queue and executing
1665105660.013525 -- INFO: starting 22, 105, /users/jamilm/files_to_Send/FILE1
1665105660.247392 -- INFO: Throughput @92.1s:234.88Mbps, rtt :44.65ms cwnd: 55.0 lossRate: 9.6e-05 CC:23 score:-149.0 
1665105661.248939 -- INFO: Throughput @93.1s:251.66Mbps, rtt :45.22ms cwnd: 54.7 lossRate: 6.270182148791423e-05 CC:23 score:-159.0 
1665105662.250727 -- INFO: Throughput @94.1s:218.1Mbps, rtt :44.94ms cwnd: 49.3 lossRate: 0.00012218217362086872 CC:23 score:-138.0 
1665105663.142592 -- INFO: Process 21 shutdown itself for socket error
1665105663.142795 -- ERROR: Process: 21, Error from socket: timed out
1665105663.146029 -- INFO: Process 22 shutdown itself for socket error
1665105663.146254 -- ERROR: Process: 22, Error from socket: timed out
1665105663.251994 -- INFO: Throughput @95.1s:260.05Mbps, rtt :50.05ms cwnd: 51.4 lossRate: 0.00012081307197438763 CC:21 score:-171.0 
1665105663.952965 -- INFO: Iteration 25 Ends, Took 3.99 Seconds. Best Params: [22] and Score: -171.66666666666666.
1665105663.953145 -- INFO: Iteration 26 Starts ...
1665105663.953473 -- INFO: Changing concurrency to 20 ******
1665105663.956630 -- INFO: Process Status Bits from change concurrency are: 1 1 1 1 1 1 1 1 1 1 1 1 1 1 1 1 1 1 1 1 0 0 0 0 0 0 0 0 0 0 0 0
1665105663.958854 -- INFO: Active CC: 20
1665105664.253262 -- INFO: Throughput @96.1s:243.27Mbps, rtt :50.05ms cwnd: 50.2 lossRate: 0 CC:20 score:-164.0 
1665105665.253435 -- INFO: Throughput @97.1s:251.66Mbps, rtt :48.4ms cwnd: 51.6 lossRate: 0.00012398871702675056 CC:20 score:-169.0 
1665105666.258330 -- INFO: Throughput @98.1s:243.27Mbps, rtt :42.68ms cwnd: 64.2 lossRate: 0 CC:20 score:-164.0 
1665105667.256698 -- INFO: Throughput @99.2s:259.28Mbps, rtt :42.65ms cwnd: 67.8 lossRate: 0 CC:20 score:-174.0 
1665105667.956710 -- INFO: Iteration 26 Ends, Took 4.0 Seconds. Best Params: [22] and Score: -171.66666666666666.
1665105667.956890 -- INFO: Iteration 27 Starts ...
1665105667.957241 -- INFO: Changing concurrency to 20 ******
1665105667.959837 -- INFO: Process Status Bits from change concurrency are: 1 1 1 1 1 1 1 1 1 1 1 1 1 1 1 1 1 1 1 1 0 0 0 0 0 0 0 0 0 0 0 0
1665105667.962481 -- INFO: Active CC: 20
1665105668.255341 -- INFO: Throughput @100.2s:318.77Mbps, rtt :42.52ms cwnd: 69.0 lossRate: 0.00011546899657441977 CC:20 score:-214.0 
1665105669.256552 -- INFO: Throughput @101.2s:251.66Mbps, rtt :43.39ms cwnd: 68.9 lossRate: 0.0 CC:20 score:-169.0 
1665105670.258838 -- INFO: Throughput @102.2s:226.49Mbps, rtt :43.56ms cwnd: 65.8 lossRate: 0.000294652065019889 CC:20 score:-152.0 
1665105671.259647 -- INFO: Throughput @103.2s:226.49Mbps, rtt :43.7ms cwnd: 66.3 lossRate: 0.0 CC:20 score:-152.0 
1665105671.944312 -- INFO: Iteration 27 Ends, Took 3.99 Seconds. Best Params: [20] and Score: -178.33333333333334.
1665105671.944612 -- INFO: Iteration 28 Starts ...
1665105671.944937 -- INFO: Changing concurrency to 19 ******
1665105671.947696 -- INFO: Process Status Bits from change concurrency are: 1 1 1 1 1 1 1 1 1 1 1 1 1 1 1 1 1 1 1 0 0 0 0 0 0 0 0 0 0 0 0 0
1665105671.950810 -- INFO: Active CC: 19
1665105672.260970 -- INFO: Throughput @104.2s:234.88Mbps, rtt :43.66ms cwnd: 66.4 lossRate: 0.0 CC:19 score:-161.0 
1665105673.263021 -- INFO: Throughput @105.2s:234.88Mbps, rtt :43.54ms cwnd: 66.6 lossRate: 0 CC:19 score:-161.0 
1665105674.264329 -- INFO: Throughput @106.2s:226.49Mbps, rtt :43.32ms cwnd: 65.5 lossRate: 0.00010260093366849639 CC:19 score:-155.0 
1665105675.264631 -- INFO: Throughput @107.2s:234.88Mbps, rtt :43.52ms cwnd: 65.8 lossRate: 0.00010045203415369161 CC:19 score:-161.0 
1665105675.939862 -- INFO: Iteration 28 Ends, Took 4.0 Seconds. Best Params: [20] and Score: -178.33333333333334.
1665105675.940033 -- INFO: Iteration 29 Starts ...
1665105675.940366 -- INFO: Changing concurrency to 6 ******
1665105675.944901 -- INFO: Process Status Bits from change concurrency are: 1 1 1 1 1 1 0 0 0 0 0 0 0 0 0 0 0 0 0 0 0 0 0 0 0 0 0 0 0 0 0 0
1665105675.948663 -- INFO: Active CC: 6
1665105676.266440 -- INFO: Throughput @108.2s:226.49Mbps, rtt :43.68ms cwnd: 64.2 lossRate: 0 CC:6 score:-201.0 
1665105677.271090 -- INFO: Throughput @109.2s:159.38Mbps, rtt :42.85ms cwnd: 67.8 lossRate: 0 CC:6 score:-142.0 
1665105678.309873 -- INFO: Throughput @110.2s:75.5Mbps, rtt :42.49ms cwnd: 70.0 lossRate: 0.0 CC:6 score:-67.0 
1665105679.269129 -- INFO: Throughput @111.2s:142.61Mbps, rtt :41.69ms cwnd: 118.8 lossRate: 0.0 CC:6 score:-127.0 
1665105679.804537 -- INFO: Iteration 29 Ends, Took 3.86 Seconds. Best Params: [20] and Score: -178.33333333333334.
1665105679.804707 -- INFO: Iteration 30 Starts ...
1665105679.805027 -- INFO: Changing concurrency to 2 ******
1665105679.814640 -- INFO: Process Status Bits from change concurrency are: 1 1 0 0 0 0 0 0 0 0 0 0 0 0 0 0 0 0 0 0 0 0 0 0 0 0 0 0 0 0 0 0
1665105679.821499 -- INFO: Active CC: 2
1665105680.286147 -- INFO: Throughput @112.2s:150.99Mbps, rtt :41.63ms cwnd: 75.0 lossRate: 0 CC:2 score:-145.0 
1665105681.272824 -- INFO: Throughput @113.2s:41.94Mbps, rtt :42.02ms cwnd: 79.0 lossRate: 0 CC:2 score:-40.0 
1665105682.275131 -- INFO: Throughput @114.2s:33.55Mbps, rtt :42.06ms cwnd: 79.0 lossRate: 0.0 CC:2 score:-32.0 
1665105683.298725 -- INFO: Throughput @115.2s:33.55Mbps, rtt :42.67ms cwnd: 79.0 lossRate: 0.0 CC:2 score:-32.0 
1665105683.862564 -- INFO: Iteration 30 Ends, Took 4.06 Seconds. Best Params: [20] and Score: -178.33333333333334.
1665105683.862778 -- INFO: Iteration 31 Starts ...
1665105683.863254 -- INFO: Changing concurrency to 20 ******
1665105683.864505 -- INFO: Start Process :: 2
1665105683.864704 -- INFO: Start Process :: 3
1665105683.865432 -- INFO: Start Process :: 4
1665105683.867086 -- INFO: Start Process :: 5
1665105683.867364 -- INFO: Start Process :: 8
1665105683.867456 -- INFO: Start Process :: 7
1665105683.867392 -- INFO: Start Process :: 6
1665105683.867623 -- INFO: Start Process :: 10
1665105683.867964 -- INFO: Start Process :: 11
1665105683.868163 -- INFO: Start Process :: 17
1665105683.868516 -- INFO: Start Process :: 9
1665105683.868705 -- INFO: Start Process :: 14
1665105683.868897 -- INFO: Start Process :: 15
1665105683.868959 -- INFO: Start Process :: 16
1665105683.869011 -- INFO: Start Process :: 12
1665105683.869220 -- INFO: Start Process :: 13
1665105683.869258 -- INFO: Start Process :: 18
1665105683.869545 -- INFO: Process Status Bits from change concurrency are: 1 1 1 1 1 1 1 1 1 1 1 1 1 1 1 1 1 1 1 1 0 0 0 0 0 0 0 0 0 0 0 0
1665105683.869406 -- INFO: Start Process :: 19
1665105683.872090 -- INFO: Active CC: 20
1665105683.907239 -- INFO: Process 3 get item 106 from queue and executing
1665105683.907705 -- INFO: starting 3, 106, /users/jamilm/files_to_Send/FILE0
1665105683.908117 -- INFO: Process 2 get item 107 from queue and executing
1665105683.908551 -- INFO: starting 2, 107, /users/jamilm/files_to_Send/FILE3
1665105683.908834 -- INFO: Process 4 get item 108 from queue and executing
1665105683.909165 -- INFO: starting 4, 108, /users/jamilm/files_to_Send/FILE2
1665105683.909542 -- INFO: Process 5 get item 109 from queue and executing
1665105683.909790 -- INFO: starting 5, 109, /users/jamilm/files_to_Send/FILE1
1665105683.910038 -- INFO: Process 6 get item 110 from queue and executing
1665105683.910354 -- INFO: Process 8 get item 111 from queue and executing
1665105683.910418 -- INFO: starting 6, 110, /users/jamilm/files_to_Send/FILE0
1665105683.910628 -- INFO: Process 11 get item 112 from queue and executing
1665105683.910813 -- INFO: starting 8, 111, /users/jamilm/files_to_Send/FILE3
1665105683.911066 -- INFO: starting 11, 112, /users/jamilm/files_to_Send/FILE2
1665105683.911230 -- INFO: Process 10 get item 113 from queue and executing
1665105683.911506 -- INFO: starting 10, 113, /users/jamilm/files_to_Send/FILE1
1665105683.911545 -- INFO: Process 9 get item 114 from queue and executing
1665105683.911660 -- INFO: Process 7 get item 115 from queue and executing
1665105683.911712 -- INFO: Process 17 get item 116 from queue and executing
1665105683.911984 -- INFO: starting 9, 114, /users/jamilm/files_to_Send/FILE0
1665105683.912002 -- INFO: Process 15 get item 117 from queue and executing
1665105683.912067 -- INFO: starting 17, 116, /users/jamilm/files_to_Send/FILE2
1665105683.912161 -- INFO: starting 7, 115, /users/jamilm/files_to_Send/FILE3
1665105683.912289 -- INFO: Process 14 get item 118 from queue and executing
1665105683.912350 -- INFO: starting 15, 117, /users/jamilm/files_to_Send/FILE1
1665105683.912422 -- INFO: Process 12 get item 119 from queue and executing
1665105683.912571 -- INFO: starting 14, 118, /users/jamilm/files_to_Send/FILE0
1665105683.912859 -- INFO: Process 13 get item 120 from queue and executing
1665105683.912881 -- INFO: starting 12, 119, /users/jamilm/files_to_Send/FILE3
1665105683.913194 -- INFO: Process 16 get item 121 from queue and executing
1665105683.913312 -- INFO: starting 13, 120, /users/jamilm/files_to_Send/FILE2
1665105683.913313 -- INFO: Process 19 get item 122 from queue and executing
1665105683.913467 -- INFO: starting 16, 121, /users/jamilm/files_to_Send/FILE1
1665105683.913555 -- INFO: Process 18 get item 123 from queue and executing
1665105683.913757 -- INFO: starting 19, 122, /users/jamilm/files_to_Send/FILE0
1665105683.913850 -- INFO: starting 18, 123, /users/jamilm/files_to_Send/FILE3
1665105684.272561 -- INFO: Throughput @116.2s:16.78Mbps, rtt :43.93ms cwnd: 50.2 lossRate: 0.0 CC:20 score:-11.0 
1665105685.273150 -- INFO: Throughput @117.2s:192.94Mbps, rtt :43.93ms cwnd: 50.4 lossRate: 0.0 CC:20 score:-130.0 
1665105686.274376 -- INFO: Throughput @118.2s:268.44Mbps, rtt :43.67ms cwnd: 50.1 lossRate: 0.00020874647740319382 CC:20 score:-180.0 
1665105687.290173 -- INFO: Throughput @119.2s:167.77Mbps, rtt :43.94ms cwnd: 51.2 lossRate: 0.0 CC:20 score:-113.0 
1665105687.775699 -- INFO: Iteration 31 Ends, Took 3.91 Seconds. Best Params: [20] and Score: -178.33333333333334.
1665105687.775871 -- INFO: Iteration 32 Starts ...
1665105687.776201 -- INFO: Changing concurrency to 17 ******
1665105687.778894 -- INFO: Process Status Bits from change concurrency are: 1 1 1 1 1 1 1 1 1 1 1 1 1 1 1 1 1 0 0 0 0 0 0 0 0 0 0 0 0 0 0 0
1665105687.781411 -- INFO: Active CC: 17
1665105688.276695 -- INFO: Throughput @120.2s:285.21Mbps, rtt :44.1ms cwnd: 51.3 lossRate: 0.0 CC:17 score:-204.0 
1665105689.279109 -- INFO: Throughput @121.2s:176.16Mbps, rtt :43.87ms cwnd: 52.1 lossRate: 0.0 CC:17 score:-126.0 
1665105690.279471 -- INFO: Throughput @122.2s:176.16Mbps, rtt :44.4ms cwnd: 51.5 lossRate: 0.00012708095056551024 CC:17 score:-126.0 
1665105691.292321 -- INFO: Throughput @123.2s:201.33Mbps, rtt :44.02ms cwnd: 50.2 lossRate: 0.0003887521057405728 CC:17 score:-143.0 
1665105691.704038 -- INFO: Iteration 32 Ends, Took 3.93 Seconds. Best Params: [20] and Score: -178.33333333333334.
1665105691.704212 -- INFO: Iteration 33 Starts ...
1665105691.704493 -- INFO: Changing concurrency to 15 ******
1665105691.708952 -- INFO: Process Status Bits from change concurrency are: 1 1 1 1 1 1 1 1 1 1 1 1 1 1 1 0 0 0 0 0 0 0 0 0 0 0 0 0 0 0 0 0
1665105691.711983 -- INFO: Active CC: 15
1665105692.290412 -- INFO: Throughput @124.2s:142.61Mbps, rtt :44.09ms cwnd: 51.5 lossRate: 0 CC:15 score:-106.0 
1665105693.292223 -- INFO: Throughput @125.2s:150.99Mbps, rtt :44.08ms cwnd: 51.1 lossRate: 0.00036596523330283625 CC:15 score:-112.0 
1665105694.283340 -- INFO: Throughput @126.2s:201.33Mbps, rtt :43.66ms cwnd: 63.5 lossRate: 0.0 CC:15 score:-150.0 
1665105695.299097 -- INFO: Throughput @127.2s:201.33Mbps, rtt :43.31ms cwnd: 63.3 lossRate: 0.00012078753472641623 CC:15 score:-149.0 
1665105695.686050 -- INFO: Iteration 33 Ends, Took 3.98 Seconds. Best Params: [20] and Score: -178.33333333333334.
1665105695.686218 -- INFO: Iteration 34 Starts ...
1665105695.686549 -- INFO: Changing concurrency to 8 ******
1665105695.691113 -- INFO: Process Status Bits from change concurrency are: 1 1 1 1 1 1 1 1 0 0 0 0 0 0 0 0 0 0 0 0 0 0 0 0 0 0 0 0 0 0 0 0
1665105695.694896 -- INFO: Active CC: 8
1665105696.352275 -- INFO: Throughput @128.2s:159.38Mbps, rtt :42.78ms cwnd: 65.5 lossRate: 0 CC:8 score:-136.0 
1665105697.298972 -- INFO: Throughput @129.2s:125.83Mbps, rtt :42.97ms cwnd: 65.2 lossRate: 0.00022082367229767032 CC:8 score:-107.0 
1665105698.287496 -- INFO: Throughput @130.2s:92.27Mbps, rtt :44.17ms cwnd: 66.5 lossRate: 0.0 CC:8 score:-79.0 
1665105699.298182 -- INFO: Throughput @131.2s:75.5Mbps, rtt :43.56ms cwnd: 66.8 lossRate: 0.0 CC:8 score:-64.0 
1665105699.546737 -- INFO: Iteration 34 Ends, Took 3.86 Seconds. Best Params: [20] and Score: -178.33333333333334.
1665105699.546891 -- INFO: Iteration 35 Starts ...
1665105699.547178 -- INFO: Changing concurrency to 32 ******
1665105699.549076 -- INFO: Start Process :: 8
1665105699.549447 -- INFO: Start Process :: 11
1665105699.549715 -- INFO: Start Process :: 9
1665105699.549780 -- INFO: Start Process :: 10
1665105699.550219 -- INFO: Start Process :: 12
1665105699.550827 -- INFO: Start Process :: 13
1665105699.551042 -- INFO: Start Process :: 16
1665105699.551179 -- INFO: Start Process :: 14
1665105699.551300 -- INFO: Start Process :: 19
1665105699.551506 -- INFO: Start Process :: 17
1665105699.551629 -- INFO: Start Process :: 15
1665105699.551744 -- INFO: Process Status Bits from change concurrency are: 1 1 1 1 1 1 1 1 1 1 1 1 1 1 1 1 1 1 1 1 1 1 1 1 1 1 1 1 1 1 1 1
1665105699.551746 -- INFO: Start Process :: 20
1665105699.551841 -- INFO: Start Process :: 18
1665105699.552067 -- INFO: Active CC: 32
1665105699.552394 -- INFO: Start Process :: 24
1665105699.552677 -- INFO: Start Process :: 27
1665105699.552539 -- INFO: Start Process :: 21
1665105699.552956 -- INFO: Start Process :: 28
1665105699.552983 -- INFO: Start Process :: 31
1665105699.552846 -- INFO: Start Process :: 30
1665105699.553302 -- INFO: Start Process :: 29
1665105699.553186 -- INFO: Start Process :: 23
1665105699.553485 -- INFO: Start Process :: 26
1665105699.553427 -- INFO: Start Process :: 25
1665105699.553742 -- INFO: Start Process :: 22
1665105699.593290 -- INFO: Process 8 get item 124 from queue and executing
1665105699.593458 -- INFO: Process 10 get item 125 from queue and executing
1665105699.593609 -- INFO: starting 8, 124, /users/jamilm/files_to_Send/FILE2
1665105699.593631 -- INFO: Process 11 get item 126 from queue and executing
1665105699.593804 -- INFO: Process 12 get item 127 from queue and executing
1665105699.593875 -- INFO: starting 10, 125, /users/jamilm/files_to_Send/FILE1
1665105699.593960 -- INFO: starting 11, 126, /users/jamilm/files_to_Send/FILE0
1665105699.594153 -- INFO: starting 12, 127, /users/jamilm/files_to_Send/FILE3
1665105699.594420 -- INFO: Process 9 get item 128 from queue and executing
1665105699.594613 -- INFO: Process 16 get item 129 from queue and executing
1665105699.594715 -- INFO: starting 9, 128, /users/jamilm/files_to_Send/FILE2
1665105699.594930 -- INFO: starting 16, 129, /users/jamilm/files_to_Send/FILE1
1665105699.595370 -- INFO: Process 17 get item 130 from queue and executing
1665105699.595726 -- INFO: starting 17, 130, /users/jamilm/files_to_Send/FILE0
1665105699.596006 -- INFO: Process 13 get item 131 from queue and executing
1665105699.596310 -- INFO: starting 13, 131, /users/jamilm/files_to_Send/FILE3
1665105699.596534 -- INFO: Process 19 get item 132 from queue and executing
1665105699.596637 -- INFO: Process 14 get item 133 from queue and executing
1665105699.596863 -- INFO: starting 19, 132, /users/jamilm/files_to_Send/FILE2
1665105699.596940 -- INFO: starting 14, 133, /users/jamilm/files_to_Send/FILE1
1665105699.597019 -- INFO: Process 24 get item 134 from queue and executing
1665105699.597316 -- INFO: Process 18 get item 136 from queue and executing
1665105699.597384 -- INFO: starting 24, 134, /users/jamilm/files_to_Send/FILE0
1665105699.597573 -- INFO: starting 18, 136, /users/jamilm/files_to_Send/FILE2
1665105699.597572 -- INFO: Process 29 get item 137 from queue and executing
1665105699.597695 -- INFO: Process 31 get item 138 from queue and executing
1665105699.597821 -- INFO: Process 20 get item 135 from queue and executing
1665105699.597816 -- INFO: Process 28 get item 139 from queue and executing
1665105699.597908 -- INFO: Process 15 get item 140 from queue and executing
1665105699.598029 -- INFO: starting 29, 137, /users/jamilm/files_to_Send/FILE1
1665105699.598201 -- INFO: starting 28, 139, /users/jamilm/files_to_Send/FILE3
1665105699.598193 -- INFO: starting 31, 138, /users/jamilm/files_to_Send/FILE0
1665105699.598244 -- INFO: starting 15, 140, /users/jamilm/files_to_Send/FILE2
1665105699.598296 -- INFO: starting 20, 135, /users/jamilm/files_to_Send/FILE3
1665105699.598414 -- INFO: Process 27 get item 141 from queue and executing
1665105699.598567 -- INFO: Process 21 get item 142 from queue and executing
1665105699.598752 -- INFO: starting 27, 141, /users/jamilm/files_to_Send/FILE1
1665105699.598884 -- INFO: starting 21, 142, /users/jamilm/files_to_Send/FILE0
1665105699.599043 -- INFO: Process 22 get item 143 from queue and executing
1665105699.599162 -- INFO: Process 26 get item 144 from queue and executing
1665105699.599250 -- INFO: Process 25 get item 145 from queue and executing
1665105699.599360 -- INFO: Process 30 get item 146 from queue and executing
1665105699.599560 -- INFO: starting 22, 143, /users/jamilm/files_to_Send/FILE3
1665105699.599501 -- INFO: Process 23 get item 147 from queue and executing
1665105699.599585 -- INFO: starting 26, 144, /users/jamilm/files_to_Send/FILE2
1665105699.599619 -- INFO: starting 25, 145, /users/jamilm/files_to_Send/FILE1
1665105699.599863 -- INFO: starting 30, 146, /users/jamilm/files_to_Send/FILE0
1665105699.599905 -- INFO: starting 23, 147, /users/jamilm/files_to_Send/FILE3
1665105700.289565 -- INFO: Throughput @132.2s:83.89Mbps, rtt :44.75ms cwnd: 49.5 lossRate: 0.00010574177857671566 CC:32 score:-44.0 
1665105701.291533 -- INFO: Throughput @133.2s:327.16Mbps, rtt :45.01ms cwnd: 48.8 lossRate: 0.00015960418162955868 CC:32 score:-173.0 
1665105702.290379 -- INFO: Throughput @134.2s:369.1Mbps, rtt :44.93ms cwnd: 48.9 lossRate: 7.897334649555775e-05 CC:32 score:-196.0 
1665105703.322609 -- INFO: Throughput @135.2s:285.21Mbps, rtt :45.12ms cwnd: 48.4 lossRate: 0.00015545451012397498 CC:32 score:-151.0 
1665105703.414227 -- INFO: Iteration 35 Ends, Took 3.87 Seconds. Best Params: [20] and Score: -178.33333333333334.
1665105703.414452 -- INFO: Iteration 36 Starts ...
1665105703.414772 -- INFO: Changing concurrency to 18 ******
1665105703.414964 -- INFO: Process Status Bits from change concurrency are: 1 1 1 1 1 1 1 1 1 1 1 1 1 1 1 1 1 1 0 0 0 0 0 0 0 0 0 0 0 0 0 0
1665105703.415189 -- INFO: Active CC: 18
1665105704.300032 -- INFO: Throughput @136.2s:276.82Mbps, rtt :44.11ms cwnd: 53.4 lossRate: 0 CC:18 score:-194.0 
1665105705.294045 -- INFO: Throughput @137.2s:192.94Mbps, rtt :44.63ms cwnd: 55.1 lossRate: 0.0 CC:18 score:-135.0 
1665105706.295542 -- INFO: Throughput @138.2s:192.94Mbps, rtt :44.2ms cwnd: 54.6 lossRate: 6.357279084551812e-05 CC:18 score:-135.0 
1665105707.310937 -- INFO: Throughput @139.2s:192.94Mbps, rtt :44.33ms cwnd: 54.1 lossRate: 0.00012521913348359628 CC:18 score:-135.0 
1665105707.382073 -- INFO: Iteration 36 Ends, Took 3.97 Seconds. Best Params: [20] and Score: -178.33333333333334.
1665105707.382310 -- INFO: Iteration 37 Starts ...
1665105707.382621 -- INFO: Changing concurrency to 31 ******
1665105707.384299 -- INFO: Start Process :: 21
1665105707.384398 -- INFO: Process Status Bits from change concurrency are: 1 1 1 1 1 1 1 1 1 1 1 1 1 1 1 1 1 1 1 1 1 1 1 1 1 1 1 1 1 1 1 0
1665105707.384517 -- INFO: Start Process :: 20
1665105707.384547 -- INFO: Start Process :: 23
1665105707.384834 -- INFO: Start Process :: 18
1665105707.385076 -- INFO: Start Process :: 24
1665105707.385159 -- INFO: Active CC: 31
1665105707.385048 -- INFO: Start Process :: 25
1665105707.385293 -- INFO: Start Process :: 27
1665105707.385352 -- INFO: Start Process :: 19
1665105707.385515 -- INFO: Start Process :: 22
1665105707.385657 -- INFO: Start Process :: 30
1665105707.385588 -- INFO: Start Process :: 29
1665105707.385754 -- INFO: Start Process :: 28
1665105707.386190 -- INFO: Start Process :: 26
1665105707.428066 -- INFO: Process 21 get item 148 from queue and executing
1665105707.428139 -- INFO: Process 20 get item 149 from queue and executing
1665105707.428406 -- INFO: starting 20, 149, /users/jamilm/files_to_Send/FILE1
1665105707.428403 -- INFO: starting 21, 148, /users/jamilm/files_to_Send/FILE2
1665105707.428441 -- INFO: Process 18 get item 150 from queue and executing
1665105707.428534 -- INFO: Process 24 get item 151 from queue and executing
1665105707.428686 -- INFO: starting 18, 150, /users/jamilm/files_to_Send/FILE0
1665105707.428795 -- INFO: starting 24, 151, /users/jamilm/files_to_Send/FILE3
1665105707.428933 -- INFO: Process 25 get item 152 from queue and executing
1665105707.429034 -- INFO: Process 23 get item 153 from queue and executing
1665105707.429166 -- INFO: starting 25, 152, /users/jamilm/files_to_Send/FILE2
1665105707.429287 -- INFO: starting 23, 153, /users/jamilm/files_to_Send/FILE1
1665105707.429363 -- INFO: Process 27 get item 154 from queue and executing
1665105707.429739 -- INFO: Process 28 get item 155 from queue and executing
1665105707.429729 -- INFO: starting 27, 154, /users/jamilm/files_to_Send/FILE0
1665105707.429873 -- INFO: Process 30 get item 156 from queue and executing
1665105707.429994 -- INFO: starting 28, 155, /users/jamilm/files_to_Send/FILE3
1665105707.430364 -- INFO: starting 30, 156, /users/jamilm/files_to_Send/FILE2
1665105707.430374 -- INFO: Process 26 get item 157 from queue and executing
1665105707.430469 -- INFO: Process 19 get item 158 from queue and executing
1665105707.430678 -- INFO: Process 29 get item 159 from queue and executing
1665105707.430802 -- INFO: Process 22 get item 160 from queue and executing
1665105707.430826 -- INFO: starting 26, 157, /users/jamilm/files_to_Send/FILE1
1665105707.430863 -- INFO: starting 19, 158, /users/jamilm/files_to_Send/FILE0
1665105707.430942 -- INFO: starting 29, 159, /users/jamilm/files_to_Send/FILE3
1665105707.431095 -- INFO: starting 22, 160, /users/jamilm/files_to_Send/FILE2
1665105708.308195 -- INFO: Throughput @140.2s:176.16Mbps, rtt :44.98ms cwnd: 41.0 lossRate: 0.00010530195335123467 CC:31 score:-95.0 
1665105709.294112 -- INFO: Throughput @141.2s:268.44Mbps, rtt :45.03ms cwnd: 48.2 lossRate: 0.0001688761293591151 CC:31 score:-145.0 
1665105710.298618 -- INFO: Throughput @142.2s:293.6Mbps, rtt :44.92ms cwnd: 48.8 lossRate: 8.034387177118065e-05 CC:31 score:-159.0 
1665105711.111803 -- INFO: Iteration 37 Ends, Took 3.73 Seconds. Best Params: [20] and Score: -178.33333333333334.
1665105711.113915 -- INFO: Iteration 38 Starts ...
1665105711.118553 -- INFO: Changing concurrency to 12 ******
1665105711.119470 -- INFO: Process Status Bits from change concurrency are: 1 1 1 1 1 1 1 1 1 1 1 1 0 0 0 0 0 0 0 0 0 0 0 0 0 0 0 0 0 0 0 0
1665105711.120255 -- INFO: Active CC: 12
1665105711.300016 -- INFO: Throughput @143.2s:268.44Mbps, rtt :45.04ms cwnd: 47.5 lossRate: 0.00024224806201550387 CC:12 score:-211.0 
1665105712.301907 -- INFO: Throughput @144.2s:243.27Mbps, rtt :44.18ms cwnd: 60.4 lossRate: 0 CC:12 score:-192.0 
1665105713.305174 -- INFO: Throughput @145.2s:142.61Mbps, rtt :43.71ms cwnd: 63.2 lossRate: 0.0 CC:12 score:-112.0 
1665105714.304983 -- INFO: Throughput @146.2s:109.05Mbps, rtt :44.04ms cwnd: 63.2 lossRate: 0.0 CC:12 score:-86.0 
1665105714.986763 -- INFO: Iteration 38 Ends, Took 3.87 Seconds. Best Params: [20] and Score: -178.33333333333334.
1665105714.987189 -- INFO: Iteration 39 Starts ...
1665105714.987852 -- INFO: Changing concurrency to 32 ******
1665105714.990718 -- INFO: Start Process :: 13
1665105714.991022 -- INFO: Start Process :: 14
1665105714.991275 -- INFO: Start Process :: 16
1665105714.991408 -- INFO: Start Process :: 12
1665105714.991094 -- INFO: Start Process :: 19
1665105714.991520 -- INFO: Start Process :: 15
1665105714.991551 -- INFO: Process Status Bits from change concurrency are: 1 1 1 1 1 1 1 1 1 1 1 1 1 1 1 1 1 1 1 1 1 1 1 1 1 1 1 1 1 1 1 1
1665105714.992006 -- INFO: Start Process :: 23
1665105714.992080 -- INFO: Start Process :: 29
1665105714.991695 -- INFO: Start Process :: 18
1665105714.992280 -- INFO: Active CC: 32
1665105714.992262 -- INFO: Start Process :: 24
1665105714.992340 -- INFO: Start Process :: 22
1665105714.991966 -- INFO: Start Process :: 17
1665105714.992696 -- INFO: Start Process :: 21
1665105714.993064 -- INFO: Start Process :: 30
1665105714.993071 -- INFO: Start Process :: 27
1665105714.993065 -- INFO: Start Process :: 25
1665105714.993305 -- INFO: Start Process :: 20
1665105714.993979 -- INFO: Start Process :: 31
1665105714.994330 -- INFO: Start Process :: 26
1665105714.995816 -- INFO: Start Process :: 28
1665105715.034087 -- INFO: Process 13 get item 161 from queue and executing
1665105715.034287 -- INFO: Process 16 get item 162 from queue and executing
1665105715.034430 -- INFO: starting 13, 161, /users/jamilm/files_to_Send/FILE1
1665105715.034519 -- INFO: starting 16, 162, /users/jamilm/files_to_Send/FILE0
1665105715.034671 -- INFO: Process 12 get item 163 from queue and executing
1665105715.035121 -- INFO: Process 23 get item 164 from queue and executing
1665105715.035164 -- INFO: starting 12, 163, /users/jamilm/files_to_Send/FILE3
1665105715.035355 -- INFO: starting 23, 164, /users/jamilm/files_to_Send/FILE2
1665105715.036167 -- INFO: Process 22 get item 165 from queue and executing
1665105715.036395 -- INFO: starting 22, 165, /users/jamilm/files_to_Send/FILE1
1665105715.036712 -- INFO: Process 15 get item 166 from queue and executing
1665105715.037017 -- INFO: starting 15, 166, /users/jamilm/files_to_Send/FILE0
1665105715.037520 -- INFO: Process 21 get item 169 from queue and executing
1665105715.037161 -- INFO: Process 18 get item 167 from queue and executing
1665105715.037934 -- INFO: Process 17 get item 172 from queue and executing
1665105715.037161 -- INFO: Process 29 get item 168 from queue and executing
1665105715.037477 -- INFO: Process 24 get item 170 from queue and executing
1665105715.038216 -- INFO: Process 30 get item 173 from queue and executing
1665105715.038227 -- INFO: starting 18, 167, /users/jamilm/files_to_Send/FILE3
1665105715.038289 -- INFO: Process 20 get item 174 from queue and executing
1665105715.038449 -- INFO: starting 30, 173, /users/jamilm/files_to_Send/FILE1
1665105715.037840 -- INFO: starting 21, 169, /users/jamilm/files_to_Send/FILE1
1665105715.037797 -- INFO: Process 19 get item 171 from queue and executing
1665105715.038531 -- INFO: starting 29, 168, /users/jamilm/files_to_Send/FILE2
1665105715.038881 -- INFO: Process 27 get item 175 from queue and executing
1665105715.038329 -- INFO: starting 17, 172, /users/jamilm/files_to_Send/FILE2
1665105715.039082 -- INFO: Process 14 get item 177 from queue and executing
1665105715.039154 -- INFO: starting 24, 170, /users/jamilm/files_to_Send/FILE0
1665105715.039216 -- INFO: starting 27, 175, /users/jamilm/files_to_Send/FILE3
1665105715.039179 -- INFO: Process 31 get item 178 from queue and executing
1665105715.039212 -- INFO: Process 25 get item 176 from queue and executing
1665105715.039388 -- INFO: starting 14, 177, /users/jamilm/files_to_Send/FILE1
1665105715.038895 -- INFO: starting 20, 174, /users/jamilm/files_to_Send/FILE0
1665105715.038887 -- INFO: starting 19, 171, /users/jamilm/files_to_Send/FILE3
1665105715.039774 -- INFO: starting 31, 178, /users/jamilm/files_to_Send/FILE0
1665105715.041528 -- INFO: Process 28 get item 180 from queue and executing
1665105715.041857 -- INFO: starting 28, 180, /users/jamilm/files_to_Send/FILE2
1665105715.039838 -- INFO: Process 26 get item 179 from queue and executing
1665105715.040019 -- INFO: starting 25, 176, /users/jamilm/files_to_Send/FILE2
1665105715.042561 -- INFO: starting 26, 179, /users/jamilm/files_to_Send/FILE3
1665105715.301866 -- INFO: Throughput @147.2s:150.99Mbps, rtt :43.99ms cwnd: 51.5 lossRate: 0.0 CC:32 score:-80.0 
1665105716.303245 -- INFO: Throughput @148.2s:268.44Mbps, rtt :43.75ms cwnd: 54.3 lossRate: 7.045974986788797e-05 CC:32 score:-142.0 
1665105717.304279 -- INFO: Throughput @149.2s:436.21Mbps, rtt :43.86ms cwnd: 54.0 lossRate: 0.0002253339771446966 CC:32 score:-230.0 
1665105718.326103 -- INFO: Throughput @150.2s:310.38Mbps, rtt :43.75ms cwnd: 54.2 lossRate: 0.00018614463438091397 CC:32 score:-164.0 
1665105718.545369 -- INFO: Iteration 39 Ends, Took 3.56 Seconds. Best Params: [20] and Score: -178.33333333333334.
1665105718.545837 -- INFO: Iteration 40 Starts ...
1665105718.546935 -- INFO: Changing concurrency to 32 ******
1665105718.547555 -- INFO: Process Status Bits from change concurrency are: 1 1 1 1 1 1 1 1 1 1 1 1 1 1 1 1 1 1 1 1 1 1 1 1 1 1 1 1 1 1 1 1
1665105718.547985 -- INFO: Active CC: 32
1665105719.308050 -- INFO: Throughput @151.2s:411.04Mbps, rtt :43.53ms cwnd: 54.8 lossRate: 0.0 CC:32 score:-218.0 
1665105720.308621 -- INFO: Throughput @152.2s:335.54Mbps, rtt :43.81ms cwnd: 54.8 lossRate: 0.0 CC:32 score:-178.0 
1665105721.311704 -- INFO: Throughput @153.2s:335.54Mbps, rtt :44.14ms cwnd: 54.2 lossRate: 0.00013050996769878298 CC:32 score:-178.0 
1665105722.012617 -- INFO: Iteration 40 Ends, Took 3.47 Seconds. Best Params: [32] and Score: -191.33333333333334.
1665105722.012929 -- INFO: Iteration 41 Starts ...
1665105722.013381 -- INFO: Changing concurrency to 32 ******
1665105722.013679 -- INFO: Process Status Bits from change concurrency are: 1 1 1 1 1 1 1 1 1 1 1 1 1 1 1 1 1 1 1 1 1 1 1 1 1 1 1 1 1 1 1 1
1665105722.013976 -- INFO: Active CC: 32
1665105722.310837 -- INFO: Throughput @154.2s:411.04Mbps, rtt :43.85ms cwnd: 53.4 lossRate: 0.00019801326688888155 CC:32 score:-217.0 
1665105723.313295 -- INFO: Throughput @155.2s:285.21Mbps, rtt :43.86ms cwnd: 53.8 lossRate: 0.0 CC:32 score:-151.0 
1665105724.313098 -- INFO: Throughput @156.2s:436.21Mbps, rtt :43.59ms cwnd: 52.9 lossRate: 0.00013261720045089847 CC:32 score:-231.0 
1665105725.314822 -- INFO: Throughput @157.2s:293.6Mbps, rtt :43.66ms cwnd: 54.6 lossRate: 0.0 CC:32 score:-156.0 
1665105725.580177 -- INFO: Iteration 41 Ends, Took 3.57 Seconds. Best Params: [32] and Score: -199.66666666666666.
1665105725.580574 -- INFO: Iteration 42 Starts ...
1665105725.581382 -- INFO: Changing concurrency to 32 ******
1665105725.581809 -- INFO: Process Status Bits from change concurrency are: 1 1 1 1 1 1 1 1 1 1 1 1 1 1 1 1 1 1 1 1 1 1 1 1 1 1 1 1 1 1 1 1
1665105725.582294 -- INFO: Active CC: 32
1665105726.313290 -- INFO: Throughput @158.2s:419.43Mbps, rtt :43.69ms cwnd: 52.5 lossRate: 0.00044212853308068844 CC:32 score:-221.0 
1665105727.317198 -- INFO: Throughput @159.2s:318.77Mbps, rtt :43.73ms cwnd: 53.1 lossRate: 0.0 CC:32 score:-169.0 
1665105728.319612 -- INFO: Throughput @160.2s:343.93Mbps, rtt :44.2ms cwnd: 53.2 lossRate: 0.0 CC:32 score:-183.0 
1665105729.066971 -- INFO: Iteration 42 Ends, Took 3.49 Seconds. Best Params: [32] and Score: -199.66666666666666.
1665105729.067489 -- INFO: Iteration 43 Starts ...
1665105729.068207 -- INFO: Changing concurrency to 32 ******
1665105729.068588 -- INFO: Process Status Bits from change concurrency are: 1 1 1 1 1 1 1 1 1 1 1 1 1 1 1 1 1 1 1 1 1 1 1 1 1 1 1 1 1 1 1 1
1665105729.068990 -- INFO: Active CC: 32
1665105729.319606 -- INFO: Throughput @161.2s:360.71Mbps, rtt :44.16ms cwnd: 52.2 lossRate: 0.00013758470058129537 CC:32 score:-191.0 
1665105730.321270 -- INFO: Throughput @162.2s:293.6Mbps, rtt :44.03ms cwnd: 51.5 lossRate: 0.00024151255865304997 CC:32 score:-155.0 
1665105731.319180 -- INFO: Throughput @163.2s:343.93Mbps, rtt :44.18ms cwnd: 51.2 lossRate: 0.00013775053378331842 CC:32 score:-182.0 
1665105732.321802 -- INFO: Throughput @164.2s:369.1Mbps, rtt :44.07ms cwnd: 51.6 lossRate: 0.0 CC:32 score:-196.0 
1665105732.631525 -- INFO: Iteration 43 Ends, Took 3.56 Seconds. Best Params: [32] and Score: -199.66666666666666.
1665105732.632044 -- INFO: Iteration 44 Starts ...
1665105732.632933 -- INFO: Changing concurrency to 32 ******
1665105732.633523 -- INFO: Process Status Bits from change concurrency are: 1 1 1 1 1 1 1 1 1 1 1 1 1 1 1 1 1 1 1 1 1 1 1 1 1 1 1 1 1 1 1 1
1665105732.634332 -- INFO: Active CC: 32
1665105733.323847 -- INFO: Throughput @165.2s:301.99Mbps, rtt :44.25ms cwnd: 51.5 lossRate: 6.918021445866483e-05 CC:32 score:-160.0 
1665105734.323179 -- INFO: Throughput @166.2s:327.16Mbps, rtt :44.31ms cwnd: 51.6 lossRate: 0.0 CC:32 score:-174.0 
1665105735.321837 -- INFO: Throughput @167.2s:360.71Mbps, rtt :44.36ms cwnd: 50.9 lossRate: 0.00014079053887578754 CC:32 score:-191.0 
1665105736.328380 -- INFO: Throughput @168.2s:318.77Mbps, rtt :44.35ms cwnd: 51.1 lossRate: 0.00013856172925038105 CC:32 score:-169.0 
1665105736.431580 -- INFO: Iteration 44 Ends, Took 3.8 Seconds. Best Params: [32] and Score: -199.66666666666666.
1665105736.433814 -- INFO: Iteration 45 Starts ...
1665105736.434582 -- INFO: Changing concurrency to 32 ******
1665105736.434822 -- INFO: Process Status Bits from change concurrency are: 1 1 1 1 1 1 1 1 1 1 1 1 1 1 1 1 1 1 1 1 1 1 1 1 1 1 1 1 1 1 1 1
1665105736.435004 -- INFO: Active CC: 32
1665105737.325255 -- INFO: Throughput @169.2s:318.77Mbps, rtt :44.28ms cwnd: 51.2 lossRate: 0.0 CC:32 score:-169.0 
1665105738.326623 -- INFO: Throughput @170.2s:360.71Mbps, rtt :44.27ms cwnd: 50.5 lossRate: 0.0002094533268170076 CC:32 score:-191.0 
1665105739.326427 -- INFO: Throughput @171.2s:318.77Mbps, rtt :44.31ms cwnd: 50.3 lossRate: 0.00014024753690263314 CC:32 score:-169.0 
1665105739.937999 -- INFO: Iteration 45 Ends, Took 3.5 Seconds. Best Params: [32] and Score: -199.66666666666666.
1665105739.938543 -- INFO: Iteration 46 Starts ...
1665105739.939146 -- INFO: Changing concurrency to 32 ******
1665105739.939482 -- INFO: Process Status Bits from change concurrency are: 1 1 1 1 1 1 1 1 1 1 1 1 1 1 1 1 1 1 1 1 1 1 1 1 1 1 1 1 1 1 1 1
1665105739.939786 -- INFO: Active CC: 32
1665105740.326863 -- INFO: Throughput @172.2s:310.38Mbps, rtt :44.23ms cwnd: 49.6 lossRate: 0.00021009138975454323 CC:32 score:-164.0 
1665105741.330866 -- INFO: Throughput @173.2s:360.71Mbps, rtt :44.14ms cwnd: 49.9 lossRate: 6.94082942911678e-05 CC:32 score:-191.0 
