1664827339.522699 -- INFO: Changing concurrency to 1 ******
1664827339.525702 -- INFO: Start Process :: 0
1664827339.534069 -- INFO: Process Status Bits from change concurrency are: 1 0 0 0 0 0 0 0 0 0 0 0 0 0 0 0 0 0 0 0 0 0 0 0 0 0 0 0 0 0 0 0
1664827339.541579 -- INFO: Active CC: 1
1664827339.565358 -- INFO: Process 0 get item 0 from queue and executing
1664827339.566042 -- INFO: starting 0, 0, /users/jamilm/files_to_Send/FILE2
1664827339.599262 -- INFO: Throughput @0.1s:0.0Mbps, rtt :38.57ms cwnd: 10.0 lossRate: 0.0 CC:1 score:-0.0 
1664827340.592046 -- INFO: Throughput @1.1s:201.33Mbps, rtt :38.89ms cwnd: 1233.0 lossRate: 0.0 CC:1 score:-197.0 
1664827341.593205 -- INFO: Throughput @2.1s:511.71Mbps, rtt :40.0ms cwnd: 2182.0 lossRate: 0.0 CC:1 score:-502.0 
1664827342.588855 -- INFO: Throughput @3.1s:595.59Mbps, rtt :40.03ms cwnd: 2182.0 lossRate: 0.0 CC:1 score:-584.0 
1664827342.748376 -- INFO: Changing concurrency to 3 ******
1664827342.751968 -- INFO: Start Process :: 1
1664827342.752429 -- INFO: Start Process :: 2
1664827342.758177 -- INFO: Process Status Bits from change concurrency are: 1 1 1 0 0 0 0 0 0 0 0 0 0 0 0 0 0 0 0 0 0 0 0 0 0 0 0 0 0 0 0 0
1664827342.766262 -- INFO: Active CC: 3
1664827342.792528 -- INFO: Process 1 get item 1 from queue and executing
1664827342.793005 -- INFO: starting 1, 1, /users/jamilm/files_to_Send/FILE1
1664827342.793311 -- INFO: Process 2 get item 2 from queue and executing
1664827342.793689 -- INFO: starting 2, 2, /users/jamilm/files_to_Send/FILE0
1664827343.589861 -- INFO: Throughput @4.1s:805.31Mbps, rtt :40.28ms cwnd: 1333.0 lossRate: 0.0 CC:3 score:-759.0 
1664827344.590802 -- INFO: Throughput @5.1s:939.52Mbps, rtt :41.04ms cwnd: 1496.3 lossRate: 0.0 CC:3 score:-885.0 
1664827345.595224 -- INFO: Throughput @6.1s:947.91Mbps, rtt :41.06ms cwnd: 1496.3 lossRate: 0.0 CC:3 score:-893.0 
1664827345.967614 -- INFO: Gradient: -208.99999999999997, Gredient Change: 0.4886983632112236, Theta: 1, Previous CC: 2, Choosen CC: 3
1664827345.967748 -- INFO: Changing concurrency to 2 ******
1664827345.972869 -- INFO: Process Status Bits from change concurrency are: 1 1 0 0 0 0 0 0 0 0 0 0 0 0 0 0 0 0 0 0 0 0 0 0 0 0 0 0 0 0 0 0
1664827345.980550 -- INFO: Active CC: 2
1664827346.594204 -- INFO: Throughput @7.1s:922.75Mbps, rtt :41.57ms cwnd: 2023.5 lossRate: 0.0 CC:2 score:-887.0 
1664827347.594907 -- INFO: Throughput @8.1s:947.91Mbps, rtt :41.56ms cwnd: 2023.5 lossRate: 0.0 CC:2 score:-911.0 
1664827348.592667 -- INFO: Throughput @9.1s:939.52Mbps, rtt :41.65ms cwnd: 2023.5 lossRate: 0.0 CC:2 score:-903.0 
1664827349.181782 -- INFO: Changing concurrency to 4 ******
1664827349.182803 -- INFO: Start Process :: 2
1664827349.184389 -- INFO: Start Process :: 3
1664827349.188649 -- INFO: Process Status Bits from change concurrency are: 1 1 1 1 0 0 0 0 0 0 0 0 0 0 0 0 0 0 0 0 0 0 0 0 0 0 0 0 0 0 0 0
1664827349.194947 -- INFO: Active CC: 4
1664827349.224097 -- INFO: Process 2 get item 3 from queue and executing
1664827349.224468 -- INFO: starting 2, 3, /users/jamilm/files_to_Send/FILE3
1664827349.225026 -- INFO: Process 3 get item 4 from queue and executing
1664827349.225430 -- INFO: starting 3, 4, /users/jamilm/files_to_Send/FILE2
1664827349.600224 -- INFO: Throughput @10.1s:973.08Mbps, rtt :41.61ms cwnd: 1286.0 lossRate: 0.0 CC:4 score:-899.0 
1664827350.600444 -- INFO: Throughput @11.1s:947.91Mbps, rtt :42.37ms cwnd: 1430.5 lossRate: 0.0 CC:4 score:-876.0 
1664827351.594633 -- INFO: Throughput @12.1s:947.91Mbps, rtt :41.93ms cwnd: 1438.8 lossRate: 0.0 CC:4 score:-876.0 
1664827352.396128 -- INFO: Gradient: 8.333333333333371, Gredient Change: 0.009255831173639435, Theta: -1, Previous CC: 3, Choosen CC: 2
1664827352.396276 -- INFO: Changing concurrency to 1 ******
1664827352.407173 -- INFO: Process Status Bits from change concurrency are: 1 0 0 0 0 0 0 0 0 0 0 0 0 0 0 0 0 0 0 0 0 0 0 0 0 0 0 0 0 0 0 0
1664827352.414078 -- INFO: Active CC: 1
1664827352.598241 -- INFO: Throughput @13.1s:864.03Mbps, rtt :40.04ms cwnd: 2182.0 lossRate: 0 CC:1 score:-847.0 
1664827353.601362 -- INFO: Throughput @14.1s:595.59Mbps, rtt :39.55ms cwnd: 2182.0 lossRate: 0.0 CC:1 score:-584.0 
1664827354.601506 -- INFO: Throughput @15.1s:587.2Mbps, rtt :39.58ms cwnd: 2182.0 lossRate: 0.0 CC:1 score:-576.0 
1664827355.598791 -- INFO: Throughput @16.1s:595.59Mbps, rtt :39.95ms cwnd: 2182.0 lossRate: 0.0 CC:1 score:-584.0 
1664827355.615218 -- INFO: Changing concurrency to 3 ******
1664827355.616384 -- INFO: Start Process :: 2
1664827355.617196 -- INFO: Start Process :: 1
1664827355.622809 -- INFO: Process Status Bits from change concurrency are: 1 1 1 0 0 0 0 0 0 0 0 0 0 0 0 0 0 0 0 0 0 0 0 0 0 0 0 0 0 0 0 0
1664827355.629513 -- INFO: Active CC: 3
1664827355.655749 -- INFO: Process 2 get item 5 from queue and executing
1664827355.656123 -- INFO: starting 2, 5, /users/jamilm/files_to_Send/FILE1
1664827355.657082 -- INFO: Process 1 get item 6 from queue and executing
1664827355.657562 -- INFO: starting 1, 6, /users/jamilm/files_to_Send/FILE0
1664827356.602639 -- INFO: Throughput @17.1s:864.03Mbps, rtt :41.71ms cwnd: 1460.3 lossRate: 0.0 CC:3 score:-814.0 
1664827357.115333 -- INFO: Process 0 finished on working on file 0 
1664827357.116875 -- INFO: Process 0 get item 7 from queue and executing
1664827357.117333 -- INFO: starting 0, 7, /users/jamilm/files_to_Send/FILE3
1664827357.604014 -- INFO: Throughput @18.1s:936.79Mbps, rtt :41.31ms cwnd: 1524.0 lossRate: 0.0 CC:3 score:-883.0 
1664827358.606136 -- INFO: Throughput @19.1s:947.91Mbps, rtt :41.1ms cwnd: 1524.0 lossRate: 0.0 CC:3 score:-893.0 
1664827358.830687 -- INFO: Gradient: -141.0, Gredient Change: 0.242545871559633, Theta: 1, Previous CC: 2, Choosen CC: 3
1664827358.830838 -- INFO: Changing concurrency to 2 ******
1664827358.837029 -- INFO: Process Status Bits from change concurrency are: 1 1 0 0 0 0 0 0 0 0 0 0 0 0 0 0 0 0 0 0 0 0 0 0 0 0 0 0 0 0 0 0
1664827358.846372 -- INFO: Active CC: 2
1664827359.607466 -- INFO: Throughput @20.1s:922.75Mbps, rtt :41.67ms cwnd: 1984.5 lossRate: 0.0 CC:2 score:-887.0 
1664827360.608716 -- INFO: Throughput @21.1s:939.52Mbps, rtt :41.54ms cwnd: 2028.0 lossRate: 0.0 CC:2 score:-903.0 
1664827361.613073 -- INFO: Throughput @22.1s:939.52Mbps, rtt :41.59ms cwnd: 2028.0 lossRate: 0.0 CC:2 score:-903.0 
1664827362.047479 -- INFO: Changing concurrency to 4 ******
1664827362.048685 -- INFO: Start Process :: 2
1664827362.048808 -- INFO: Start Process :: 3
1664827362.053742 -- INFO: Process Status Bits from change concurrency are: 1 1 1 1 0 0 0 0 0 0 0 0 0 0 0 0 0 0 0 0 0 0 0 0 0 0 0 0 0 0 0 0
1664827362.060124 -- INFO: Active CC: 4
1664827362.088798 -- INFO: Process 3 get item 8 from queue and executing
1664827362.089562 -- INFO: Process 2 get item 9 from queue and executing
1664827362.089628 -- INFO: starting 3, 8, /users/jamilm/files_to_Send/FILE2
1664827362.090261 -- INFO: starting 2, 9, /users/jamilm/files_to_Send/FILE1
1664827362.610928 -- INFO: Throughput @23.1s:973.08Mbps, rtt :41.67ms cwnd: 1401.0 lossRate: 0.0 CC:4 score:-899.0 
1664827363.610294 -- INFO: Throughput @24.1s:956.3Mbps, rtt :42.6ms cwnd: 1477.5 lossRate: 0.0 CC:4 score:-883.0 
1664827364.611778 -- INFO: Throughput @25.1s:939.52Mbps, rtt :42.74ms cwnd: 1477.5 lossRate: 0.0 CC:4 score:-868.0 
1664827365.261233 -- INFO: Gradient: 7.166666666666629, Gredient Change: 0.007983661344225729, Theta: -1, Previous CC: 3, Choosen CC: 2
1664827365.261363 -- INFO: Changing concurrency to 1 ******
1664827365.267578 -- INFO: Process Status Bits from change concurrency are: 1 0 0 0 0 0 0 0 0 0 0 0 0 0 0 0 0 0 0 0 0 0 0 0 0 0 0 0 0 0 0 0
1664827365.274778 -- INFO: Active CC: 1
1664827365.612891 -- INFO: Throughput @26.1s:813.69Mbps, rtt :39.9ms cwnd: 2182.0 lossRate: 0 CC:1 score:-798.0 
1664827366.612691 -- INFO: Throughput @27.1s:595.59Mbps, rtt :39.77ms cwnd: 2182.0 lossRate: 0.0 CC:1 score:-584.0 
1664827367.611177 -- INFO: Throughput @28.1s:587.2Mbps, rtt :39.95ms cwnd: 2182.0 lossRate: 0.0 CC:1 score:-576.0 
1664827368.475945 -- INFO: Changing concurrency to 3 ******
1664827368.477422 -- INFO: Start Process :: 2
1664827368.479547 -- INFO: Start Process :: 1
1664827368.484414 -- INFO: Process Status Bits from change concurrency are: 1 1 1 0 0 0 0 0 0 0 0 0 0 0 0 0 0 0 0 0 0 0 0 0 0 0 0 0 0 0 0 0
1664827368.490468 -- INFO: Active CC: 3
1664827368.517182 -- INFO: Process 2 get item 10 from queue and executing
1664827368.517569 -- INFO: starting 2, 10, /users/jamilm/files_to_Send/FILE0
1664827368.520537 -- INFO: Process 1 get item 11 from queue and executing
1664827368.521140 -- INFO: starting 1, 11, /users/jamilm/files_to_Send/FILE3
1664827368.615495 -- INFO: Throughput @29.1s:595.59Mbps, rtt :39.05ms cwnd: 754.0 lossRate: 0.0 CC:3 score:-561.0 
1664827369.618404 -- INFO: Throughput @30.1s:922.75Mbps, rtt :40.9ms cwnd: 1521.7 lossRate: 0.0 CC:3 score:-870.0 
1664827370.615827 -- INFO: Throughput @31.1s:939.52Mbps, rtt :41.01ms cwnd: 1524.0 lossRate: 0.0 CC:3 score:-885.0 
1664827371.620740 -- INFO: Throughput @32.1s:939.52Mbps, rtt :41.11ms cwnd: 1552.3 lossRate: 0.0 CC:3 score:-885.0 
1664827371.691608 -- INFO: Gradient: -113.66666666666669, Gredient Change: 0.17415730337078655, Theta: 1, Previous CC: 2, Choosen CC: 3
1664827371.691744 -- INFO: Changing concurrency to 2 ******
1664827371.698380 -- INFO: Process Status Bits from change concurrency are: 1 1 0 0 0 0 0 0 0 0 0 0 0 0 0 0 0 0 0 0 0 0 0 0 0 0 0 0 0 0 0 0
1664827371.706174 -- INFO: Active CC: 2
1664827372.619277 -- INFO: Throughput @33.1s:931.14Mbps, rtt :41.64ms cwnd: 2008.5 lossRate: 0.0 CC:2 score:-895.0 
1664827373.621413 -- INFO: Throughput @34.1s:939.52Mbps, rtt :41.61ms cwnd: 2008.5 lossRate: 0.0 CC:2 score:-903.0 
1664827374.621557 -- INFO: Throughput @35.1s:939.52Mbps, rtt :41.6ms cwnd: 2008.5 lossRate: 0.0 CC:2 score:-903.0 
1664827374.907418 -- INFO: Changing concurrency to 4 ******
1664827374.909940 -- INFO: Start Process :: 3
1664827374.911354 -- INFO: Start Process :: 2
1664827374.917440 -- INFO: Process Status Bits from change concurrency are: 1 1 1 1 0 0 0 0 0 0 0 0 0 0 0 0 0 0 0 0 0 0 0 0 0 0 0 0 0 0 0 0
1664827374.927571 -- INFO: Active CC: 4
1664827374.950010 -- INFO: Process 3 get item 12 from queue and executing
1664827374.950513 -- INFO: starting 3, 12, /users/jamilm/files_to_Send/FILE2
1664827374.952366 -- INFO: Process 2 get item 13 from queue and executing
1664827374.953466 -- INFO: starting 2, 13, /users/jamilm/files_to_Send/FILE1
1664827375.620135 -- INFO: Throughput @36.1s:973.08Mbps, rtt :41.55ms cwnd: 1472.8 lossRate: 0.0 CC:4 score:-899.0 
1664827376.624471 -- INFO: Throughput @37.1s:939.52Mbps, rtt :42.08ms cwnd: 1472.8 lossRate: 0.0 CC:4 score:-868.0 
1664827376.811049 -- INFO: Process 0 finished on working on file 7 
1664827376.811820 -- INFO: Process 0 get item 14 from queue and executing
1664827376.812511 -- INFO: starting 0, 14, /users/jamilm/files_to_Send/FILE0
1664827377.627142 -- INFO: Throughput @38.1s:953.57Mbps, rtt :42.14ms cwnd: 1472.8 lossRate: 0.0 CC:4 score:-881.0 
1664827378.128797 -- INFO: Gradient: 8.833333333333371, Gredient Change: 0.009811181044057798, Theta: -1, Previous CC: 3, Choosen CC: 2
1664827378.128934 -- INFO: Changing concurrency to 1 ******
1664827378.135067 -- INFO: Process Status Bits from change concurrency are: 1 0 0 0 0 0 0 0 0 0 0 0 0 0 0 0 0 0 0 0 0 0 0 0 0 0 0 0 0 0 0 0
1664827378.140957 -- INFO: Active CC: 1
1664827378.624069 -- INFO: Throughput @39.1s:763.36Mbps, rtt :39.62ms cwnd: 2182.0 lossRate: 0 CC:1 score:-748.0 
1664827379.623220 -- INFO: Throughput @40.1s:587.2Mbps, rtt :40.01ms cwnd: 2182.0 lossRate: 0.0 CC:1 score:-576.0 
1664827380.629184 -- INFO: Throughput @41.1s:595.59Mbps, rtt :39.7ms cwnd: 2182.0 lossRate: 0.0 CC:1 score:-584.0 
1664827381.341980 -- INFO: Changing concurrency to 3 ******
1664827381.343051 -- INFO: Start Process :: 1
1664827381.343539 -- INFO: Start Process :: 2
1664827381.348003 -- INFO: Process Status Bits from change concurrency are: 1 1 1 0 0 0 0 0 0 0 0 0 0 0 0 0 0 0 0 0 0 0 0 0 0 0 0 0 0 0 0 0
1664827381.356607 -- INFO: Active CC: 3
1664827381.382479 -- INFO: Process 1 get item 15 from queue and executing
1664827381.382857 -- INFO: starting 1, 15, /users/jamilm/files_to_Send/FILE3
1664827381.382845 -- INFO: Process 2 get item 16 from queue and executing
1664827381.383258 -- INFO: starting 2, 16, /users/jamilm/files_to_Send/FILE2
1664827381.625524 -- INFO: Throughput @42.1s:620.76Mbps, rtt :40.04ms cwnd: 1002.3 lossRate: 0.0 CC:3 score:-585.0 
1664827382.625335 -- INFO: Throughput @43.1s:947.91Mbps, rtt :41.54ms cwnd: 1541.3 lossRate: 0.0 CC:3 score:-893.0 
1664827383.629853 -- INFO: Throughput @44.1s:939.52Mbps, rtt :41.72ms cwnd: 1541.3 lossRate: 0.0 CC:3 score:-885.0 
1664827384.557894 -- INFO: Gradient: -75.83333333333331, Gredient Change: 0.11923480083857439, Theta: 1, Previous CC: 2, Choosen CC: 3
1664827384.558058 -- INFO: Changing concurrency to 2 ******
1664827384.565486 -- INFO: Process Status Bits from change concurrency are: 1 1 0 0 0 0 0 0 0 0 0 0 0 0 0 0 0 0 0 0 0 0 0 0 0 0 0 0 0 0 0 0
1664827384.571384 -- INFO: Active CC: 2
1664827384.630460 -- INFO: Throughput @45.1s:931.14Mbps, rtt :41.78ms cwnd: 1547.3 lossRate: 0.0 CC:2 score:-895.0 
1664827385.631735 -- INFO: Throughput @46.1s:931.14Mbps, rtt :41.62ms cwnd: 1982.0 lossRate: 0.0 CC:2 score:-895.0 
1664827386.631571 -- INFO: Throughput @47.1s:947.91Mbps, rtt :41.73ms cwnd: 1982.0 lossRate: 0.0 CC:2 score:-911.0 
1664827387.635370 -- INFO: Throughput @48.1s:939.52Mbps, rtt :41.6ms cwnd: 2025.5 lossRate: 0.0 CC:2 score:-903.0 
1664827387.772876 -- INFO: Changing concurrency to 4 ******
1664827387.773700 -- INFO: Start Process :: 2
1664827387.774851 -- INFO: Start Process :: 3
1664827387.779780 -- INFO: Process Status Bits from change concurrency are: 1 1 1 1 0 0 0 0 0 0 0 0 0 0 0 0 0 0 0 0 0 0 0 0 0 0 0 0 0 0 0 0
1664827387.785186 -- INFO: Active CC: 4
1664827387.813191 -- INFO: Process 2 get item 17 from queue and executing
1664827387.813452 -- INFO: starting 2, 17, /users/jamilm/files_to_Send/FILE1
1664827387.815063 -- INFO: Process 3 get item 18 from queue and executing
1664827387.815542 -- INFO: starting 3, 18, /users/jamilm/files_to_Send/FILE0
1664827388.634922 -- INFO: Throughput @49.1s:981.47Mbps, rtt :42.69ms cwnd: 1481.2 lossRate: 0.0 CC:4 score:-907.0 
1664827389.636634 -- INFO: Throughput @50.1s:947.91Mbps, rtt :42.08ms cwnd: 1481.2 lossRate: 0.0 CC:4 score:-876.0 
1664827390.637013 -- INFO: Throughput @51.1s:939.52Mbps, rtt :42.49ms cwnd: 1481.2 lossRate: 0.0 CC:4 score:-868.0 
1664827390.986353 -- INFO: Gradient: 9.666666666666686, Gredient Change: 0.010705057216685144, Theta: -1, Previous CC: 3, Choosen CC: 2
1664827390.986503 -- INFO: Changing concurrency to 1 ******
1664827390.996564 -- INFO: Process Status Bits from change concurrency are: 1 0 0 0 0 0 0 0 0 0 0 0 0 0 0 0 0 0 0 0 0 0 0 0 0 0 0 0 0 0 0 0
1664827391.005821 -- INFO: Active CC: 1
1664827391.639040 -- INFO: Throughput @52.1s:704.64Mbps, rtt :39.93ms cwnd: 2182.0 lossRate: 0 CC:1 score:-691.0 
1664827392.641132 -- INFO: Throughput @53.1s:587.2Mbps, rtt :39.62ms cwnd: 2182.0 lossRate: 0.0 CC:1 score:-576.0 
1664827393.644974 -- INFO: Throughput @54.1s:595.59Mbps, rtt :40.03ms cwnd: 2182.0 lossRate: 0.0 CC:1 score:-584.0 
1664827394.207054 -- INFO: Changing concurrency to 3 ******
1664827394.208101 -- INFO: Start Process :: 1
1664827394.209806 -- INFO: Start Process :: 2
1664827394.216414 -- INFO: Process Status Bits from change concurrency are: 1 1 1 0 0 0 0 0 0 0 0 0 0 0 0 0 0 0 0 0 0 0 0 0 0 0 0 0 0 0 0 0
1664827394.221833 -- INFO: Active CC: 3
1664827394.247690 -- INFO: Process 1 get item 19 from queue and executing
1664827394.248058 -- INFO: starting 1, 19, /users/jamilm/files_to_Send/FILE3
1664827394.250064 -- INFO: Process 2 get item 20 from queue and executing
1664827394.250563 -- INFO: starting 2, 20, /users/jamilm/files_to_Send/FILE2
1664827394.640726 -- INFO: Throughput @55.1s:671.09Mbps, rtt :42.04ms cwnd: 1410.0 lossRate: 0.0 CC:3 score:-632.0 
1664827395.313293 -- INFO: Process 0 finished on working on file 14 
1664827395.315584 -- INFO: Process 0 get item 21 from queue and executing
1664827395.316213 -- INFO: starting 0, 21, /users/jamilm/files_to_Send/FILE1
1664827395.643248 -- INFO: Throughput @56.1s:945.18Mbps, rtt :41.39ms cwnd: 1540.3 lossRate: 0.0 CC:3 score:-891.0 
1664827396.645217 -- INFO: Throughput @57.1s:939.52Mbps, rtt :41.73ms cwnd: 1540.3 lossRate: 0.0 CC:3 score:-885.0 
1664827397.423052 -- INFO: Gradient: -92.83333333333331, Gredient Change: 0.15045921123716907, Theta: 1, Previous CC: 2, Choosen CC: 3
1664827397.423197 -- INFO: Changing concurrency to 2 ******
1664827397.429410 -- INFO: Process Status Bits from change concurrency are: 1 1 0 0 0 0 0 0 0 0 0 0 0 0 0 0 0 0 0 0 0 0 0 0 0 0 0 0 0 0 0 0
1664827397.434791 -- INFO: Active CC: 2
1664827397.644392 -- INFO: Throughput @58.1s:922.75Mbps, rtt :40.24ms cwnd: 1813.5 lossRate: 0.0 CC:2 score:-887.0 
1664827398.644875 -- INFO: Throughput @59.1s:947.91Mbps, rtt :41.64ms cwnd: 1985.5 lossRate: 0.0 CC:2 score:-911.0 
1664827399.642769 -- INFO: Throughput @60.1s:947.91Mbps, rtt :41.65ms cwnd: 2029.0 lossRate: 0.0 CC:2 score:-911.0 
1664827400.635939 -- INFO: Changing concurrency to 4 ******
1664827400.639742 -- INFO: Start Process :: 3
1664827400.640939 -- INFO: Start Process :: 2
1664827400.645844 -- INFO: Process Status Bits from change concurrency are: 1 1 1 1 0 0 0 0 0 0 0 0 0 0 0 0 0 0 0 0 0 0 0 0 0 0 0 0 0 0 0 0
1664827400.647945 -- INFO: Throughput @61.1s:939.52Mbps, rtt :41.61ms cwnd: 1019.5 lossRate: 0.0 CC:2 score:-903.0 
1664827400.653359 -- INFO: Active CC: 4
1664827400.679733 -- INFO: Process 3 get item 22 from queue and executing
1664827400.680372 -- INFO: starting 3, 22, /users/jamilm/files_to_Send/FILE0
1664827400.680494 -- INFO: Process 2 get item 23 from queue and executing
1664827400.680892 -- INFO: starting 2, 23, /users/jamilm/files_to_Send/FILE3
1664827401.649406 -- INFO: Throughput @62.1s:981.47Mbps, rtt :42.08ms cwnd: 1483.0 lossRate: 0.0 CC:4 score:-907.0 
1664827402.647881 -- INFO: Throughput @63.1s:939.52Mbps, rtt :42.06ms cwnd: 1483.0 lossRate: 0.0 CC:4 score:-868.0 
1664827403.653649 -- INFO: Throughput @64.1s:947.91Mbps, rtt :41.93ms cwnd: 1483.0 lossRate: 0.0 CC:4 score:-876.0 
1664827403.854519 -- INFO: Gradient: 9.666666666666686, Gredient Change: 0.010705057216685144, Theta: -1, Previous CC: 3, Choosen CC: 2
1664827403.854655 -- INFO: Changing concurrency to 1 ******
1664827403.860287 -- INFO: Process Status Bits from change concurrency are: 1 0 0 0 0 0 0 0 0 0 0 0 0 0 0 0 0 0 0 0 0 0 0 0 0 0 0 0 0 0 0 0
1664827403.866755 -- INFO: Active CC: 1
1664827404.653762 -- INFO: Throughput @65.1s:654.31Mbps, rtt :39.37ms cwnd: 2182.0 lossRate: 0 CC:1 score:-641.0 
1664827405.653351 -- INFO: Throughput @66.1s:587.2Mbps, rtt :39.96ms cwnd: 2182.0 lossRate: 0.0 CC:1 score:-576.0 
1664827406.656264 -- INFO: Throughput @67.1s:595.59Mbps, rtt :39.33ms cwnd: 2182.0 lossRate: 0.0 CC:1 score:-584.0 
1664827407.067788 -- INFO: Changing concurrency to 3 ******
1664827407.068677 -- INFO: Start Process :: 1
1664827407.068922 -- INFO: Start Process :: 2
1664827407.074911 -- INFO: Process Status Bits from change concurrency are: 1 1 1 0 0 0 0 0 0 0 0 0 0 0 0 0 0 0 0 0 0 0 0 0 0 0 0 0 0 0 0 0
1664827407.082994 -- INFO: Active CC: 3
1664827407.108304 -- INFO: Process 1 get item 24 from queue and executing
1664827407.108657 -- INFO: starting 1, 24, /users/jamilm/files_to_Send/FILE2
1664827407.108945 -- INFO: Process 2 get item 25 from queue and executing
1664827407.109351 -- INFO: starting 2, 25, /users/jamilm/files_to_Send/FILE1
1664827407.656437 -- INFO: Throughput @68.1s:713.03Mbps, rtt :41.16ms cwnd: 1499.3 lossRate: 0.0 CC:3 score:-672.0 
1664827408.655241 -- INFO: Throughput @69.1s:956.3Mbps, rtt :40.98ms cwnd: 1525.3 lossRate: 0.0 CC:3 score:-901.0 
1664827409.657407 -- INFO: Throughput @70.1s:931.14Mbps, rtt :41.82ms cwnd: 1525.3 lossRate: 0.0 CC:3 score:-877.0 
1664827410.284209 -- INFO: Gradient: -108.16666666666663, Gredient Change: 0.18017767906718482, Theta: 1, Previous CC: 2, Choosen CC: 3
1664827410.284374 -- INFO: Changing concurrency to 2 ******
1664827410.290270 -- INFO: Process Status Bits from change concurrency are: 1 1 0 0 0 0 0 0 0 0 0 0 0 0 0 0 0 0 0 0 0 0 0 0 0 0 0 0 0 0 0 0
1664827410.300738 -- INFO: Active CC: 2
1664827410.659575 -- INFO: Throughput @71.1s:931.14Mbps, rtt :40.95ms cwnd: 1874.0 lossRate: 0.0 CC:2 score:-895.0 
1664827411.660367 -- INFO: Throughput @72.1s:947.91Mbps, rtt :41.58ms cwnd: 1990.5 lossRate: 0.0 CC:2 score:-911.0 
1664827412.663456 -- INFO: Throughput @73.1s:939.52Mbps, rtt :41.65ms cwnd: 1990.5 lossRate: 0.0 CC:2 score:-903.0 
1664827413.501818 -- INFO: Changing concurrency to 4 ******
1664827413.502616 -- INFO: Start Process :: 2
1664827413.503378 -- INFO: Start Process :: 3
1664827413.508620 -- INFO: Process Status Bits from change concurrency are: 1 1 1 1 0 0 0 0 0 0 0 0 0 0 0 0 0 0 0 0 0 0 0 0 0 0 0 0 0 0 0 0
1664827413.512933 -- INFO: Active CC: 4
1664827413.542164 -- INFO: Process 2 get item 26 from queue and executing
1664827413.543019 -- INFO: starting 2, 26, /users/jamilm/files_to_Send/FILE0
1664827413.543482 -- INFO: Process 3 get item 27 from queue and executing
1664827413.543868 -- INFO: starting 3, 27, /users/jamilm/files_to_Send/FILE3
1664827413.663542 -- INFO: Throughput @74.1s:939.52Mbps, rtt :40.31ms cwnd: 1014.8 lossRate: 0.0 CC:4 score:-868.0 
1664827414.661665 -- INFO: Throughput @75.1s:973.08Mbps, rtt :42.46ms cwnd: 1464.2 lossRate: 0.0 CC:4 score:-899.0 
1664827414.993086 -- INFO: Process 0 finished on working on file 21 
1664827414.993872 -- INFO: Process 0 get item 28 from queue and executing
1664827414.994218 -- INFO: starting 0, 28, /users/jamilm/files_to_Send/FILE2
1664827415.663084 -- INFO: Throughput @76.1s:945.18Mbps, rtt :42.36ms cwnd: 1464.2 lossRate: 0.0 CC:4 score:-873.0 
1664827416.665100 -- INFO: Throughput @77.1s:947.91Mbps, rtt :42.4ms cwnd: 1464.2 lossRate: 0.0 CC:4 score:-876.0 
1664827416.714047 -- INFO: Gradient: 10.166666666666686, Gredient Change: 0.011258767072720582, Theta: -1, Previous CC: 3, Choosen CC: 2
1664827416.714174 -- INFO: Changing concurrency to 1 ******
1664827416.719311 -- INFO: Process Status Bits from change concurrency are: 1 0 0 0 0 0 0 0 0 0 0 0 0 0 0 0 0 0 0 0 0 0 0 0 0 0 0 0 0 0 0 0
1664827416.724108 -- INFO: Active CC: 1
1664827417.662807 -- INFO: Throughput @78.1s:603.98Mbps, rtt :40.02ms cwnd: 2182.0 lossRate: 0 CC:1 score:-592.0 
1664827418.663502 -- INFO: Throughput @79.1s:595.59Mbps, rtt :39.68ms cwnd: 2182.0 lossRate: 0.0 CC:1 score:-584.0 
1664827419.662738 -- INFO: Throughput @80.1s:587.2Mbps, rtt :39.5ms cwnd: 2182.0 lossRate: 0.0 CC:1 score:-576.0 
1664827419.925227 -- INFO: Changing concurrency to 3 ******
1664827419.925990 -- INFO: Start Process :: 1
1664827419.926537 -- INFO: Start Process :: 2
1664827419.933660 -- INFO: Process Status Bits from change concurrency are: 1 1 1 0 0 0 0 0 0 0 0 0 0 0 0 0 0 0 0 0 0 0 0 0 0 0 0 0 0 0 0 0
1664827419.937704 -- INFO: Active CC: 3
1664827419.965781 -- INFO: Process 1 get item 29 from queue and executing
1664827419.966143 -- INFO: Process 2 get item 30 from queue and executing
1664827419.966362 -- INFO: starting 1, 29, /users/jamilm/files_to_Send/FILE1
1664827419.966527 -- INFO: starting 2, 30, /users/jamilm/files_to_Send/FILE0
1664827420.670110 -- INFO: Throughput @81.1s:780.14Mbps, rtt :41.68ms cwnd: 1532.0 lossRate: 0.0 CC:3 score:-735.0 
1664827421.669257 -- INFO: Throughput @82.1s:947.91Mbps, rtt :41.42ms cwnd: 1532.0 lossRate: 0.0 CC:3 score:-893.0 
1664827422.670038 -- INFO: Throughput @83.1s:939.52Mbps, rtt :41.47ms cwnd: 1532.0 lossRate: 0.0 CC:3 score:-885.0 
1664827423.138832 -- INFO: Gradient: -126.83333333333331, Gredient Change: 0.21718036529680362, Theta: 1, Previous CC: 2, Choosen CC: 3
1664827423.138966 -- INFO: Changing concurrency to 2 ******
1664827423.147116 -- INFO: Process Status Bits from change concurrency are: 1 1 0 0 0 0 0 0 0 0 0 0 0 0 0 0 0 0 0 0 0 0 0 0 0 0 0 0 0 0 0 0
1664827423.154252 -- INFO: Active CC: 2
1664827423.667814 -- INFO: Throughput @84.1s:922.75Mbps, rtt :40.52ms cwnd: 1945.5 lossRate: 0.0 CC:2 score:-887.0 
1664827424.671947 -- INFO: Throughput @85.1s:939.52Mbps, rtt :40.9ms cwnd: 1987.5 lossRate: 0.0 CC:2 score:-903.0 
1664827425.675706 -- INFO: Throughput @86.1s:939.52Mbps, rtt :41.7ms cwnd: 1987.5 lossRate: 0.0 CC:2 score:-903.0 
1664827426.355319 -- INFO: Changing concurrency to 4 ******
1664827426.356798 -- INFO: Start Process :: 2
1664827426.357327 -- INFO: Start Process :: 3
1664827426.364045 -- INFO: Process Status Bits from change concurrency are: 1 1 1 1 0 0 0 0 0 0 0 0 0 0 0 0 0 0 0 0 0 0 0 0 0 0 0 0 0 0 0 0
1664827426.370378 -- INFO: Active CC: 4
1664827426.396472 -- INFO: Process 2 get item 31 from queue and executing
1664827426.396841 -- INFO: starting 2, 31, /users/jamilm/files_to_Send/FILE3
1664827426.397267 -- INFO: Process 3 get item 2 from queue and executing
1664827426.398116 -- INFO: starting 3, 2, /users/jamilm/files_to_Send/FILE0
1664827426.675284 -- INFO: Throughput @87.1s:989.86Mbps, rtt :40.89ms cwnd: 1298.0 lossRate: 0.0 CC:4 score:-914.0 
1664827427.673308 -- INFO: Throughput @88.1s:922.75Mbps, rtt :42.6ms cwnd: 1474.5 lossRate: 0.0 CC:4 score:-852.0 
1664827428.675729 -- INFO: Throughput @89.1s:947.91Mbps, rtt :42.88ms cwnd: 1474.5 lossRate: 0.0 CC:4 score:-876.0 
1664827429.571707 -- INFO: Gradient: 8.5, Gredient Change: 0.009468993687337543, Theta: -1, Previous CC: 3, Choosen CC: 2
1664827429.571848 -- INFO: Changing concurrency to 1 ******
1664827429.578345 -- INFO: Process Status Bits from change concurrency are: 1 0 0 0 0 0 0 0 0 0 0 0 0 0 0 0 0 0 0 0 0 0 0 0 0 0 0 0 0 0 0 0
1664827429.584687 -- INFO: Active CC: 1
1664827429.680922 -- INFO: Throughput @90.1s:914.36Mbps, rtt :42.42ms cwnd: 1474.5 lossRate: 0.0 CC:1 score:-896.0 
1664827430.678038 -- INFO: Throughput @91.1s:578.81Mbps, rtt :39.97ms cwnd: 2182.0 lossRate: 0 CC:1 score:-567.0 
1664827431.681477 -- INFO: Throughput @92.1s:603.98Mbps, rtt :39.34ms cwnd: 2182.0 lossRate: 0.0 CC:1 score:-592.0 
1664827432.678293 -- INFO: Throughput @93.1s:587.2Mbps, rtt :39.99ms cwnd: 2182.0 lossRate: 0.0 CC:1 score:-576.0 
1664827432.785686 -- INFO: Changing concurrency to 3 ******
1664827432.786554 -- INFO: Start Process :: 2
1664827432.786893 -- INFO: Start Process :: 1
1664827432.792130 -- INFO: Process Status Bits from change concurrency are: 1 1 1 0 0 0 0 0 0 0 0 0 0 0 0 0 0 0 0 0 0 0 0 0 0 0 0 0 0 0 0 0
1664827432.796653 -- INFO: Active CC: 3
1664827432.825897 -- INFO: Process 2 get item 3 from queue and executing
1664827432.826251 -- INFO: Process 1 get item 4 from queue and executing
1664827432.826523 -- INFO: starting 2, 3, /users/jamilm/files_to_Send/FILE3
1664827432.826619 -- INFO: starting 1, 4, /users/jamilm/files_to_Send/FILE2
1664827433.596776 -- INFO: Process 0 finished on working on file 28 
1664827433.597535 -- INFO: Process 0 get item 1 from queue and executing
1664827433.597843 -- INFO: starting 0, 1, /users/jamilm/files_to_Send/FILE1
1664827433.680170 -- INFO: Throughput @94.1s:836.13Mbps, rtt :41.49ms cwnd: 1506.0 lossRate: 0.0 CC:3 score:-788.0 
1664827434.679161 -- INFO: Throughput @95.1s:947.91Mbps, rtt :41.56ms cwnd: 1525.3 lossRate: 0.0 CC:3 score:-893.0 
1664827435.681733 -- INFO: Throughput @96.1s:939.52Mbps, rtt :41.11ms cwnd: 1525.3 lossRate: 0.0 CC:3 score:-885.0 
1664827435.997772 -- INFO: Gradient: -138.5, Gredient Change: 0.23948126801152736, Theta: 1, Previous CC: 2, Choosen CC: 3
1664827435.997910 -- INFO: Changing concurrency to 2 ******
1664827436.004936 -- INFO: Process Status Bits from change concurrency are: 1 1 0 0 0 0 0 0 0 0 0 0 0 0 0 0 0 0 0 0 0 0 0 0 0 0 0 0 0 0 0 0
1664827436.012379 -- INFO: Active CC: 2
1664827436.683418 -- INFO: Throughput @97.1s:922.75Mbps, rtt :41.84ms cwnd: 2019.5 lossRate: 0.0 CC:2 score:-887.0 
1664827437.685612 -- INFO: Throughput @98.1s:939.52Mbps, rtt :41.66ms cwnd: 2019.5 lossRate: 0.0 CC:2 score:-903.0 
1664827438.685737 -- INFO: Throughput @99.1s:939.52Mbps, rtt :41.54ms cwnd: 2019.5 lossRate: 0.0 CC:2 score:-903.0 
1664827439.213456 -- INFO: Changing concurrency to 4 ******
1664827439.214812 -- INFO: Start Process :: 2
1664827439.215263 -- INFO: Start Process :: 3
1664827439.223994 -- INFO: Process Status Bits from change concurrency are: 1 1 1 1 0 0 0 0 0 0 0 0 0 0 0 0 0 0 0 0 0 0 0 0 0 0 0 0 0 0 0 0
1664827439.231665 -- INFO: Active CC: 4
1664827439.254673 -- INFO: Process 2 get item 5 from queue and executing
1664827439.255053 -- INFO: starting 2, 5, /users/jamilm/files_to_Send/FILE1
1664827439.255394 -- INFO: Process 3 get item 8 from queue and executing
1664827439.255798 -- INFO: starting 3, 8, /users/jamilm/files_to_Send/FILE2
1664827439.685590 -- INFO: Throughput @100.1s:989.86Mbps, rtt :41.95ms cwnd: 1478.8 lossRate: 0.0 CC:4 score:-914.0 
1664827440.685740 -- INFO: Throughput @101.2s:854.11Mbps, rtt :42.21ms cwnd: 1478.8 lossRate: 0.0 CC:4 score:-789.0 
1664827441.689939 -- INFO: Throughput @102.2s:939.52Mbps, rtt :42.1ms cwnd: 1478.8 lossRate: 0.0 CC:4 score:-868.0 
1664827442.432743 -- INFO: Gradient: 20.333333333333314, Gredient Change: 0.02265131823245449, Theta: -1, Previous CC: 3, Choosen CC: 2
1664827442.432874 -- INFO: Changing concurrency to 1 ******
1664827442.439044 -- INFO: Process Status Bits from change concurrency are: 1 0 0 0 0 0 0 0 0 0 0 0 0 0 0 0 0 0 0 0 0 0 0 0 0 0 0 0 0 0 0 0
1664827442.444024 -- INFO: Active CC: 1
1664827442.686462 -- INFO: Throughput @103.2s:838.86Mbps, rtt :40.05ms cwnd: 2182.0 lossRate: 0 CC:1 score:-822.0 
1664827443.686589 -- INFO: Throughput @104.2s:595.59Mbps, rtt :39.54ms cwnd: 2182.0 lossRate: 0.0 CC:1 score:-584.0 
1664827444.696589 -- INFO: Throughput @105.2s:595.59Mbps, rtt :39.94ms cwnd: 2182.0 lossRate: 0.0 CC:1 score:-584.0 
1664827444.871482 -- INFO: Process 0 finished on working on file 1 
1664827444.872617 -- INFO: Process 0 get item 9 from queue and executing
1664827444.872936 -- INFO: starting 0, 9, /users/jamilm/files_to_Send/FILE1
1664827445.645225 -- INFO: Changing concurrency to 3 ******
1664827445.646212 -- INFO: Start Process :: 2
1664827445.646843 -- INFO: Start Process :: 1
1664827445.649183 -- INFO: Process Status Bits from change concurrency are: 1 1 1 0 0 0 0 0 0 0 0 0 0 0 0 0 0 0 0 0 0 0 0 0 0 0 0 0 0 0 0 0
1664827445.655968 -- INFO: Active CC: 3
1664827445.685831 -- INFO: Process 2 get item 6 from queue and executing
1664827445.686412 -- INFO: starting 2, 6, /users/jamilm/files_to_Send/FILE0
1664827445.687306 -- INFO: Process 1 get item 10 from queue and executing
1664827445.687767 -- INFO: starting 1, 10, /users/jamilm/files_to_Send/FILE0
1664827445.692591 -- INFO: Throughput @106.2s:584.47Mbps, rtt :39.83ms cwnd: 734.0 lossRate: 0.0 CC:3 score:-551.0 
1664827446.696740 -- INFO: Throughput @107.2s:897.58Mbps, rtt :41.26ms cwnd: 1530.0 lossRate: 0.0 CC:3 score:-846.0 
1664827447.693338 -- INFO: Throughput @108.2s:939.52Mbps, rtt :41.3ms cwnd: 1549.7 lossRate: 0.0 CC:3 score:-885.0 
1664827448.696369 -- INFO: Throughput @109.2s:947.91Mbps, rtt :41.08ms cwnd: 1549.7 lossRate: 0.0 CC:3 score:-893.0 
1664827448.857030 -- INFO: Gradient: -105.66666666666663, Gredient Change: 0.15929648241206024, Theta: 1, Previous CC: 2, Choosen CC: 3
1664827448.857163 -- INFO: Changing concurrency to 2 ******
1664827448.867385 -- INFO: Process Status Bits from change concurrency are: 1 1 0 0 0 0 0 0 0 0 0 0 0 0 0 0 0 0 0 0 0 0 0 0 0 0 0 0 0 0 0 0
1664827448.874841 -- INFO: Active CC: 2
1664827449.694611 -- INFO: Throughput @110.2s:922.75Mbps, rtt :41.58ms cwnd: 1988.0 lossRate: 0.0 CC:2 score:-887.0 
1664827450.700113 -- INFO: Throughput @111.2s:939.52Mbps, rtt :41.46ms cwnd: 1988.0 lossRate: 0.0 CC:2 score:-903.0 
1664827451.698954 -- INFO: Throughput @112.2s:939.52Mbps, rtt :41.62ms cwnd: 1988.0 lossRate: 0.0 CC:2 score:-903.0 
1664827452.075909 -- INFO: Changing concurrency to 4 ******
1664827452.076827 -- INFO: Start Process :: 2
1664827452.077759 -- INFO: Start Process :: 3
1664827452.082314 -- INFO: Process Status Bits from change concurrency are: 1 1 1 1 0 0 0 0 0 0 0 0 0 0 0 0 0 0 0 0 0 0 0 0 0 0 0 0 0 0 0 0
1664827452.090212 -- INFO: Active CC: 4
1664827452.117223 -- INFO: Process 2 get item 12 from queue and executing
1664827452.117675 -- INFO: Process 3 get item 13 from queue and executing
1664827452.118196 -- INFO: starting 2, 12, /users/jamilm/files_to_Send/FILE2
1664827452.118501 -- INFO: starting 3, 13, /users/jamilm/files_to_Send/FILE1
1664827452.696243 -- INFO: Throughput @113.2s:981.47Mbps, rtt :42.43ms cwnd: 1463.0 lossRate: 0.0 CC:4 score:-907.0 
1664827453.701166 -- INFO: Throughput @114.2s:939.52Mbps, rtt :42.69ms cwnd: 1463.0 lossRate: 0.0 CC:4 score:-868.0 
1664827454.699839 -- INFO: Throughput @115.2s:947.91Mbps, rtt :42.62ms cwnd: 1463.0 lossRate: 0.0 CC:4 score:-876.0 
1664827455.291028 -- INFO: Gradient: 7.0, Gredient Change: 0.0077979948013368, Theta: -1, Previous CC: 3, Choosen CC: 2
1664827455.291170 -- INFO: Changing concurrency to 1 ******
1664827455.297786 -- INFO: Process Status Bits from change concurrency are: 1 0 0 0 0 0 0 0 0 0 0 0 0 0 0 0 0 0 0 0 0 0 0 0 0 0 0 0 0 0 0 0
1664827455.303721 -- INFO: Active CC: 1
1664827455.704501 -- INFO: Throughput @116.2s:796.92Mbps, rtt :39.06ms cwnd: 2182.0 lossRate: 0 CC:1 score:-781.0 
1664827456.702826 -- INFO: Throughput @117.2s:578.81Mbps, rtt :39.81ms cwnd: 2182.0 lossRate: 0.0 CC:1 score:-567.0 
1664827457.705344 -- INFO: Throughput @118.2s:603.98Mbps, rtt :39.49ms cwnd: 2182.0 lossRate: 0.0 CC:1 score:-592.0 
1664827458.504720 -- INFO: Changing concurrency to 3 ******
1664827458.505810 -- INFO: Start Process :: 1
1664827458.506153 -- INFO: Start Process :: 2
1664827458.511043 -- INFO: Process Status Bits from change concurrency are: 1 1 1 0 0 0 0 0 0 0 0 0 0 0 0 0 0 0 0 0 0 0 0 0 0 0 0 0 0 0 0 0
1664827458.516160 -- INFO: Active CC: 3
1664827458.545342 -- INFO: Process 1 get item 11 from queue and executing
1664827458.545777 -- INFO: starting 1, 11, /users/jamilm/files_to_Send/FILE3
1664827458.545960 -- INFO: Process 2 get item 16 from queue and executing
1664827458.546436 -- INFO: starting 2, 16, /users/jamilm/files_to_Send/FILE2
1664827458.705856 -- INFO: Throughput @119.2s:578.81Mbps, rtt :39.2ms cwnd: 779.7 lossRate: 0.0 CC:3 score:-545.0 
1664827459.709041 -- INFO: Throughput @120.2s:939.52Mbps, rtt :41.36ms cwnd: 1395.0 lossRate: 0.0 CC:3 score:-885.0 
1664827460.704051 -- INFO: Throughput @121.2s:947.91Mbps, rtt :41.33ms cwnd: 1395.0 lossRate: 0.0 CC:3 score:-893.0 
1664827461.534595 -- INFO: Process 0 finished on working on file 9 
1664827461.535406 -- INFO: Process 0 get item 15 from queue and executing
1664827461.535821 -- INFO: starting 0, 15, /users/jamilm/files_to_Send/FILE3
1664827461.709048 -- INFO: Throughput @122.2s:945.18Mbps, rtt :41.35ms cwnd: 1395.0 lossRate: 0.0 CC:3 score:-891.0 
1664827461.717190 -- INFO: Gradient: -121.5, Gredient Change: 0.18788659793814433, Theta: 1, Previous CC: 2, Choosen CC: 3
1664827461.717324 -- INFO: Changing concurrency to 2 ******
1664827461.722849 -- INFO: Process Status Bits from change concurrency are: 1 1 0 0 0 0 0 0 0 0 0 0 0 0 0 0 0 0 0 0 0 0 0 0 0 0 0 0 0 0 0 0
1664827461.733151 -- INFO: Active CC: 2
1664827462.706326 -- INFO: Throughput @123.2s:914.36Mbps, rtt :41.63ms cwnd: 1992.0 lossRate: 0.0 CC:2 score:-879.0 
1664827463.709662 -- INFO: Throughput @124.2s:939.52Mbps, rtt :41.76ms cwnd: 1992.0 lossRate: 0.0 CC:2 score:-903.0 
1664827464.713215 -- INFO: Throughput @125.2s:939.52Mbps, rtt :41.73ms cwnd: 1992.0 lossRate: 0.0 CC:2 score:-903.0 
1664827464.934130 -- INFO: Changing concurrency to 4 ******
1664827464.937166 -- INFO: Start Process :: 2
1664827464.938941 -- INFO: Start Process :: 3
1664827464.941804 -- INFO: Process Status Bits from change concurrency are: 1 1 1 1 0 0 0 0 0 0 0 0 0 0 0 0 0 0 0 0 0 0 0 0 0 0 0 0 0 0 0 0
1664827464.949402 -- INFO: Active CC: 4
1664827464.976995 -- INFO: Process 2 get item 17 from queue and executing
1664827464.977369 -- INFO: starting 2, 17, /users/jamilm/files_to_Send/FILE1
1664827464.978909 -- INFO: Process 3 get item 18 from queue and executing
1664827464.979654 -- INFO: starting 3, 18, /users/jamilm/files_to_Send/FILE0
1664827465.712590 -- INFO: Throughput @126.2s:973.08Mbps, rtt :42.23ms cwnd: 1465.0 lossRate: 0.0 CC:4 score:-899.0 
1664827466.710933 -- INFO: Throughput @127.2s:956.3Mbps, rtt :42.08ms cwnd: 1465.0 lossRate: 0.0 CC:4 score:-883.0 
1664827467.710637 -- INFO: Throughput @128.2s:939.52Mbps, rtt :42.1ms cwnd: 1465.0 lossRate: 0.0 CC:4 score:-868.0 
1664827468.150462 -- INFO: Gradient: 5.833333333333314, Gredient Change: 0.006517690875232754, Theta: -1, Previous CC: 3, Choosen CC: 2
1664827468.150600 -- INFO: Changing concurrency to 1 ******
1664827468.155183 -- INFO: Process Status Bits from change concurrency are: 1 0 0 0 0 0 0 0 0 0 0 0 0 0 0 0 0 0 0 0 0 0 0 0 0 0 0 0 0 0 0 0
1664827468.162587 -- INFO: Active CC: 1
1664827468.715909 -- INFO: Throughput @129.2s:738.2Mbps, rtt :40.08ms cwnd: 2182.0 lossRate: 0 CC:1 score:-724.0 
1664827469.717667 -- INFO: Throughput @130.2s:587.2Mbps, rtt :39.57ms cwnd: 2182.0 lossRate: 0.0 CC:1 score:-576.0 
1664827470.717775 -- INFO: Throughput @131.2s:587.2Mbps, rtt :40.0ms cwnd: 2182.0 lossRate: 0.0 CC:1 score:-576.0 
1664827471.363661 -- INFO: Changing concurrency to 3 ******
1664827471.364545 -- INFO: Start Process :: 1
1664827471.365605 -- INFO: Start Process :: 2
1664827471.370399 -- INFO: Process Status Bits from change concurrency are: 1 1 1 0 0 0 0 0 0 0 0 0 0 0 0 0 0 0 0 0 0 0 0 0 0 0 0 0 0 0 0 0
1664827471.379198 -- INFO: Active CC: 3
1664827471.403821 -- INFO: Process 1 get item 20 from queue and executing
1664827471.404234 -- INFO: starting 1, 20, /users/jamilm/files_to_Send/FILE2
1664827471.405624 -- INFO: Process 2 get item 23 from queue and executing
1664827471.406527 -- INFO: starting 2, 23, /users/jamilm/files_to_Send/FILE3
1664827471.719898 -- INFO: Throughput @132.2s:654.31Mbps, rtt :39.68ms cwnd: 1352.7 lossRate: 0.0 CC:3 score:-617.0 
1664827472.380140 -- INFO: Process 0 finished on working on file 15 
1664827472.381272 -- INFO: Process 0 get item 22 from queue and executing
1664827472.381612 -- INFO: starting 0, 22, /users/jamilm/files_to_Send/FILE0
1664827472.721042 -- INFO: Throughput @133.2s:936.79Mbps, rtt :41.74ms cwnd: 1639.3 lossRate: 0.0 CC:3 score:-883.0 
1664827473.717536 -- INFO: Throughput @134.2s:947.91Mbps, rtt :41.97ms cwnd: 1639.3 lossRate: 0.0 CC:3 score:-893.0 
1664827474.580241 -- INFO: Gradient: -86.16666666666663, Gredient Change: 0.13779317697228138, Theta: 1, Previous CC: 2, Choosen CC: 3
1664827474.580377 -- INFO: Changing concurrency to 2 ******
1664827474.584714 -- INFO: Process Status Bits from change concurrency are: 1 1 0 0 0 0 0 0 0 0 0 0 0 0 0 0 0 0 0 0 0 0 0 0 0 0 0 0 0 0 0 0
1664827474.590352 -- INFO: Active CC: 2
1664827474.718255 -- INFO: Throughput @135.2s:914.36Mbps, rtt :40.15ms cwnd: 1611.0 lossRate: 0 CC:2 score:-879.0 
1664827475.724595 -- INFO: Throughput @136.2s:939.52Mbps, rtt :40.11ms cwnd: 1823.5 lossRate: 0.0 CC:2 score:-903.0 
1664827476.724643 -- INFO: Throughput @137.2s:939.52Mbps, rtt :40.07ms cwnd: 1823.5 lossRate: 0.0 CC:2 score:-903.0 
1664827477.726686 -- INFO: Throughput @138.2s:939.52Mbps, rtt :40.24ms cwnd: 1823.5 lossRate: 0.0 CC:2 score:-903.0 
1664827477.791345 -- INFO: Changing concurrency to 4 ******
1664827477.792847 -- INFO: Start Process :: 3
1664827477.793531 -- INFO: Start Process :: 2
1664827477.798821 -- INFO: Process Status Bits from change concurrency are: 1 1 1 1 0 0 0 0 0 0 0 0 0 0 0 0 0 0 0 0 0 0 0 0 0 0 0 0 0 0 0 0
1664827477.803892 -- INFO: Active CC: 4
1664827477.832396 -- INFO: Process 3 get item 19 from queue and executing
1664827477.833164 -- INFO: starting 3, 19, /users/jamilm/files_to_Send/FILE3
1664827477.834287 -- INFO: Process 2 get item 25 from queue and executing
1664827477.835068 -- INFO: starting 2, 25, /users/jamilm/files_to_Send/FILE1
1664827478.727933 -- INFO: Throughput @139.2s:973.08Mbps, rtt :41.71ms cwnd: 1511.2 lossRate: 0.0 CC:4 score:-899.0 
1664827479.728446 -- INFO: Throughput @140.2s:947.91Mbps, rtt :41.61ms cwnd: 1511.2 lossRate: 0.0 CC:4 score:-876.0 
1664827480.728589 -- INFO: Throughput @141.2s:939.52Mbps, rtt :41.89ms cwnd: 1511.2 lossRate: 0.0 CC:4 score:-868.0 
1664827481.004912 -- INFO: Gradient: 11.0, Gredient Change: 0.012181616832779624, Theta: -1, Previous CC: 3, Choosen CC: 2
1664827481.005051 -- INFO: Changing concurrency to 1 ******
1664827481.009743 -- INFO: Process Status Bits from change concurrency are: 1 0 0 0 0 0 0 0 0 0 0 0 0 0 0 0 0 0 0 0 0 0 0 0 0 0 0 0 0 0 0 0
1664827481.016212 -- INFO: Active CC: 1
1664827481.730812 -- INFO: Throughput @142.2s:687.87Mbps, rtt :39.65ms cwnd: 2182.0 lossRate: 0 CC:1 score:-674.0 
1664827482.729767 -- INFO: Throughput @143.2s:587.2Mbps, rtt :39.28ms cwnd: 2182.0 lossRate: 0.0 CC:1 score:-576.0 
1664827483.727941 -- INFO: Throughput @144.2s:595.59Mbps, rtt :40.14ms cwnd: 2182.0 lossRate: 0.0 CC:1 score:-584.0 
1664827484.217201 -- INFO: Changing concurrency to 3 ******
1664827484.218205 -- INFO: Start Process :: 2
1664827484.218414 -- INFO: Start Process :: 1
1664827484.225299 -- INFO: Process Status Bits from change concurrency are: 1 1 1 0 0 0 0 0 0 0 0 0 0 0 0 0 0 0 0 0 0 0 0 0 0 0 0 0 0 0 0 0
1664827484.230964 -- INFO: Active CC: 3
1664827484.257795 -- INFO: Process 2 get item 26 from queue and executing
1664827484.257915 -- INFO: Process 1 get item 27 from queue and executing
1664827484.258274 -- INFO: starting 1, 27, /users/jamilm/files_to_Send/FILE3
1664827484.258425 -- INFO: starting 2, 26, /users/jamilm/files_to_Send/FILE0
1664827484.732850 -- INFO: Throughput @145.2s:704.64Mbps, rtt :42.22ms cwnd: 1470.7 lossRate: 0.0 CC:3 score:-664.0 
1664827485.733772 -- INFO: Throughput @146.2s:939.52Mbps, rtt :41.35ms cwnd: 1539.3 lossRate: 0.0 CC:3 score:-885.0 
1664827486.734065 -- INFO: Throughput @147.2s:939.52Mbps, rtt :41.36ms cwnd: 1568.0 lossRate: 0.0 CC:3 score:-885.0 
1664827487.432079 -- INFO: Gradient: -100.0, Gredient Change: 0.16357688113413305, Theta: 1, Previous CC: 2, Choosen CC: 3
1664827487.432217 -- INFO: Changing concurrency to 2 ******
1664827487.438397 -- INFO: Process Status Bits from change concurrency are: 1 1 0 0 0 0 0 0 0 0 0 0 0 0 0 0 0 0 0 0 0 0 0 0 0 0 0 0 0 0 0 0
1664827487.445153 -- INFO: Active CC: 2
1664827487.736457 -- INFO: Throughput @148.2s:931.14Mbps, rtt :40.64ms cwnd: 1847.5 lossRate: 0.0 CC:2 score:-895.0 
1664827488.735618 -- INFO: Throughput @149.2s:931.14Mbps, rtt :41.63ms cwnd: 1987.0 lossRate: 0.0 CC:2 score:-895.0 
1664827489.371529 -- INFO: Process 0 finished on working on file 22 
1664827489.372677 -- INFO: Process 0 get item 24 from queue and executing
1664827489.373039 -- INFO: starting 0, 24, /users/jamilm/files_to_Send/FILE2
1664827489.736644 -- INFO: Throughput @150.2s:945.18Mbps, rtt :41.58ms cwnd: 1987.0 lossRate: 0.0 CC:2 score:-908.0 
1664827490.646223 -- INFO: Changing concurrency to 4 ******
1664827490.647446 -- INFO: Start Process :: 3
1664827490.647954 -- INFO: Start Process :: 2
1664827490.651628 -- INFO: Process Status Bits from change concurrency are: 1 1 1 1 0 0 0 0 0 0 0 0 0 0 0 0 0 0 0 0 0 0 0 0 0 0 0 0 0 0 0 0
1664827490.659196 -- INFO: Active CC: 4
1664827490.687098 -- INFO: Process 3 get item 30 from queue and executing
1664827490.687461 -- INFO: starting 3, 30, /users/jamilm/files_to_Send/FILE0
1664827490.688094 -- INFO: Process 2 get item 29 from queue and executing
1664827490.688551 -- INFO: starting 2, 29, /users/jamilm/files_to_Send/FILE1
1664827490.734517 -- INFO: Throughput @151.2s:947.91Mbps, rtt :40.15ms cwnd: 1003.5 lossRate: 0.0 CC:4 score:-876.0 
1664827491.741494 -- INFO: Throughput @152.2s:973.08Mbps, rtt :42.78ms cwnd: 1442.0 lossRate: 0.0 CC:4 score:-899.0 
1664827492.741971 -- INFO: Throughput @153.2s:947.91Mbps, rtt :42.51ms cwnd: 1442.0 lossRate: 0.0 CC:4 score:-876.0 
1664827493.743066 -- INFO: Throughput @154.2s:947.91Mbps, rtt :42.51ms cwnd: 1442.0 lossRate: 0.0 CC:4 score:-876.0 
1664827493.860297 -- INFO: Gradient: 7.833333333333371, Gredient Change: 0.00871015567086735, Theta: -1, Previous CC: 3, Choosen CC: 2
1664827493.860440 -- INFO: Changing concurrency to 1 ******
1664827493.865448 -- INFO: Process Status Bits from change concurrency are: 1 0 0 0 0 0 0 0 0 0 0 0 0 0 0 0 0 0 0 0 0 0 0 0 0 0 0 0 0 0 0 0
1664827493.875402 -- INFO: Active CC: 1
1664827494.739112 -- INFO: Throughput @155.2s:629.15Mbps, rtt :39.97ms cwnd: 2182.0 lossRate: 0 CC:1 score:-617.0 
1664827495.740112 -- INFO: Throughput @156.2s:587.2Mbps, rtt :39.95ms cwnd: 2182.0 lossRate: 0.0 CC:1 score:-576.0 
1664827496.744262 -- INFO: Throughput @157.2s:587.2Mbps, rtt :39.88ms cwnd: 2182.0 lossRate: 0.0 CC:1 score:-576.0 
1664827497.076468 -- INFO: Changing concurrency to 3 ******
1664827497.077497 -- INFO: Start Process :: 2
1664827497.077847 -- INFO: Start Process :: 1
1664827497.082409 -- INFO: Process Status Bits from change concurrency are: 1 1 1 0 0 0 0 0 0 0 0 0 0 0 0 0 0 0 0 0 0 0 0 0 0 0 0 0 0 0 0 0
1664827497.093048 -- INFO: Active CC: 3
1664827497.116992 -- INFO: Process 2 get item 2 from queue and executing
1664827497.117363 -- INFO: Process 1 get item 31 from queue and executing
1664827497.117733 -- INFO: starting 2, 2, /users/jamilm/files_to_Send/FILE0
1664827497.117800 -- INFO: starting 1, 31, /users/jamilm/files_to_Send/FILE3
1664827497.743897 -- INFO: Throughput @158.2s:754.97Mbps, rtt :41.62ms cwnd: 1532.7 lossRate: 0.0 CC:3 score:-711.0 
1664827498.742743 -- INFO: Throughput @159.2s:947.91Mbps, rtt :41.51ms cwnd: 1545.3 lossRate: 0.0 CC:3 score:-893.0 
1664827499.742560 -- INFO: Throughput @160.2s:939.52Mbps, rtt :41.97ms cwnd: 1545.3 lossRate: 0.0 CC:3 score:-885.0 
1664827500.294163 -- INFO: Gradient: -120.0, Gredient Change: 0.20350480497456191, Theta: 1, Previous CC: 2, Choosen CC: 3
1664827500.294299 -- INFO: Changing concurrency to 2 ******
1664827500.299728 -- INFO: Process Status Bits from change concurrency are: 1 1 0 0 0 0 0 0 0 0 0 0 0 0 0 0 0 0 0 0 0 0 0 0 0 0 0 0 0 0 0 0
1664827500.306152 -- INFO: Active CC: 2
1664827500.519678 -- INFO: Process 0 finished on working on file 24 
1664827500.520611 -- INFO: Process 0 get item 3 from queue and executing
1664827500.521464 -- INFO: starting 0, 3, /users/jamilm/files_to_Send/FILE3
1664827500.748247 -- INFO: Throughput @161.2s:928.4Mbps, rtt :41.03ms cwnd: 1950.0 lossRate: 0 CC:2 score:-892.0 
1664827501.751278 -- INFO: Throughput @162.2s:947.91Mbps, rtt :41.37ms cwnd: 2016.5 lossRate: 0.0 CC:2 score:-911.0 
1664827502.750593 -- INFO: Throughput @163.2s:939.52Mbps, rtt :41.57ms cwnd: 2016.5 lossRate: 0.0 CC:2 score:-903.0 
1664827503.507155 -- INFO: Changing concurrency to 4 ******
1664827503.507838 -- INFO: Start Process :: 2
1664827503.508730 -- INFO: Start Process :: 3
1664827503.515323 -- INFO: Process Status Bits from change concurrency are: 1 1 1 1 0 0 0 0 0 0 0 0 0 0 0 0 0 0 0 0 0 0 0 0 0 0 0 0 0 0 0 0
1664827503.519474 -- INFO: Active CC: 4
1664827503.547417 -- INFO: Process 2 get item 4 from queue and executing
1664827503.548043 -- INFO: starting 2, 4, /users/jamilm/files_to_Send/FILE2
1664827503.548774 -- INFO: Process 3 get item 8 from queue and executing
1664827503.549264 -- INFO: starting 3, 8, /users/jamilm/files_to_Send/FILE2
1664827503.747940 -- INFO: Throughput @164.2s:947.91Mbps, rtt :41.55ms cwnd: 1087.2 lossRate: 0.0 CC:4 score:-876.0 
1664827504.751618 -- INFO: Throughput @165.2s:964.69Mbps, rtt :42.57ms cwnd: 1477.2 lossRate: 0.0 CC:4 score:-891.0 
1664827505.754187 -- INFO: Throughput @166.2s:939.52Mbps, rtt :42.47ms cwnd: 1477.2 lossRate: 0.0 CC:4 score:-868.0 
1664827506.720654 -- INFO: Gradient: 11.833333333333314, Gredient Change: 0.013118994826311878, Theta: -1, Previous CC: 3, Choosen CC: 2
1664827506.720802 -- INFO: Changing concurrency to 1 ******
1664827506.728167 -- INFO: Process Status Bits from change concurrency are: 1 0 0 0 0 0 0 0 0 0 0 0 0 0 0 0 0 0 0 0 0 0 0 0 0 0 0 0 0 0 0 0
1664827506.734623 -- INFO: Active CC: 1
1664827506.753257 -- INFO: Throughput @167.2s:947.91Mbps, rtt :42.54ms cwnd: 1477.2 lossRate: 0.0 CC:1 score:-929.0 
1664827507.753558 -- INFO: Throughput @168.2s:578.81Mbps, rtt :39.9ms cwnd: 2182.0 lossRate: 0 CC:1 score:-567.0 
1664827508.754061 -- INFO: Throughput @169.2s:595.59Mbps, rtt :39.62ms cwnd: 2182.0 lossRate: 0.0 CC:1 score:-584.0 
1664827509.755615 -- INFO: Throughput @170.2s:587.2Mbps, rtt :40.09ms cwnd: 2182.0 lossRate: 0.0 CC:1 score:-576.0 
1664827509.935606 -- INFO: Changing concurrency to 3 ******
1664827509.936516 -- INFO: Start Process :: 2
1664827509.936888 -- INFO: Start Process :: 1
1664827509.941854 -- INFO: Process Status Bits from change concurrency are: 1 1 1 0 0 0 0 0 0 0 0 0 0 0 0 0 0 0 0 0 0 0 0 0 0 0 0 0 0 0 0 0
1664827509.949603 -- INFO: Active CC: 3
1664827509.976127 -- INFO: Process 2 get item 5 from queue and executing
1664827509.976327 -- INFO: Process 1 get item 6 from queue and executing
1664827509.976585 -- INFO: starting 2, 5, /users/jamilm/files_to_Send/FILE1
1664827509.976698 -- INFO: starting 1, 6, /users/jamilm/files_to_Send/FILE0
1664827510.757470 -- INFO: Throughput @171.2s:813.69Mbps, rtt :41.45ms cwnd: 1503.3 lossRate: 0.0 CC:3 score:-767.0 
1664827511.756755 -- INFO: Throughput @172.2s:939.52Mbps, rtt :41.21ms cwnd: 1522.3 lossRate: 0.0 CC:3 score:-885.0 
1664827512.756731 -- INFO: Throughput @173.2s:947.91Mbps, rtt :41.33ms cwnd: 1522.3 lossRate: 0.0 CC:3 score:-893.0 
1664827513.150672 -- INFO: Gradient: -136.33333333333337, Gredient Change: 0.23682686740011588, Theta: 1, Previous CC: 2, Choosen CC: 3
1664827513.150807 -- INFO: Changing concurrency to 2 ******
1664827513.156741 -- INFO: Process Status Bits from change concurrency are: 1 1 0 0 0 0 0 0 0 0 0 0 0 0 0 0 0 0 0 0 0 0 0 0 0 0 0 0 0 0 0 0
1664827513.162508 -- INFO: Active CC: 2
1664827513.762718 -- INFO: Throughput @174.2s:922.75Mbps, rtt :41.54ms cwnd: 1988.0 lossRate: 0.0 CC:2 score:-887.0 
1664827514.762413 -- INFO: Throughput @175.2s:939.52Mbps, rtt :41.46ms cwnd: 1988.0 lossRate: 0.0 CC:2 score:-903.0 
1664827515.760318 -- INFO: Throughput @176.2s:947.91Mbps, rtt :41.69ms cwnd: 1988.0 lossRate: 0.0 CC:2 score:-911.0 
1664827516.363555 -- INFO: Changing concurrency to 4 ******
1664827516.364744 -- INFO: Start Process :: 2
1664827516.366551 -- INFO: Start Process :: 3
1664827516.370542 -- INFO: Process Status Bits from change concurrency are: 1 1 1 1 0 0 0 0 0 0 0 0 0 0 0 0 0 0 0 0 0 0 0 0 0 0 0 0 0 0 0 0
1664827516.376248 -- INFO: Active CC: 4
1664827516.404464 -- INFO: Process 2 get item 13 from queue and executing
1664827516.404984 -- INFO: starting 2, 13, /users/jamilm/files_to_Send/FILE1
1664827516.406629 -- INFO: Process 3 get item 12 from queue and executing
1664827516.407101 -- INFO: starting 3, 12, /users/jamilm/files_to_Send/FILE2
1664827516.539244 -- INFO: Process 0 finished on working on file 3 
1664827516.540002 -- INFO: Process 0 get item 10 from queue and executing
1664827516.540718 -- INFO: starting 0, 10, /users/jamilm/files_to_Send/FILE0
1664827516.763528 -- INFO: Throughput @177.2s:987.12Mbps, rtt :41.79ms cwnd: 1463.0 lossRate: 0.0 CC:4 score:-912.0 
1664827517.767931 -- INFO: Throughput @178.2s:939.52Mbps, rtt :41.9ms cwnd: 1463.0 lossRate: 0.0 CC:4 score:-868.0 
1664827518.765816 -- INFO: Throughput @179.2s:939.52Mbps, rtt :41.9ms cwnd: 1463.0 lossRate: 0.0 CC:4 score:-868.0 
1664827519.577417 -- INFO: Gradient: 8.833333333333371, Gredient Change: 0.009811181044057798, Theta: -1, Previous CC: 3, Choosen CC: 2
1664827519.577558 -- INFO: Changing concurrency to 1 ******
1664827519.582997 -- INFO: Process Status Bits from change concurrency are: 1 0 0 0 0 0 0 0 0 0 0 0 0 0 0 0 0 0 0 0 0 0 0 0 0 0 0 0 0 0 0 0
1664827519.590810 -- INFO: Active CC: 1
1664827519.766302 -- INFO: Throughput @180.2s:864.03Mbps, rtt :38.99ms cwnd: 2182.0 lossRate: 0 CC:1 score:-847.0 
1664827520.766339 -- INFO: Throughput @181.2s:587.2Mbps, rtt :39.98ms cwnd: 2182.0 lossRate: 0.0 CC:1 score:-576.0 
1664827521.769370 -- INFO: Throughput @182.2s:595.59Mbps, rtt :40.12ms cwnd: 2182.0 lossRate: 0.0 CC:1 score:-584.0 
1664827522.771752 -- INFO: Throughput @183.2s:587.2Mbps, rtt :40.06ms cwnd: 2182.0 lossRate: 0.0 CC:1 score:-576.0 
1664827522.791623 -- INFO: Changing concurrency to 3 ******
1664827522.793684 -- INFO: Start Process :: 1
1664827522.793986 -- INFO: Start Process :: 2
1664827522.797606 -- INFO: Process Status Bits from change concurrency are: 1 1 1 0 0 0 0 0 0 0 0 0 0 0 0 0 0 0 0 0 0 0 0 0 0 0 0 0 0 0 0 0
1664827522.804441 -- INFO: Active CC: 3
1664827522.833261 -- INFO: Process 2 get item 16 from queue and executing
1664827522.833596 -- INFO: starting 2, 16, /users/jamilm/files_to_Send/FILE2
1664827522.833891 -- INFO: Process 1 get item 11 from queue and executing
1664827522.834829 -- INFO: starting 1, 11, /users/jamilm/files_to_Send/FILE3
1664827523.769495 -- INFO: Throughput @184.2s:864.03Mbps, rtt :41.43ms cwnd: 1556.3 lossRate: 0.0 CC:3 score:-814.0 
1664827524.773375 -- INFO: Throughput @185.2s:939.52Mbps, rtt :41.3ms cwnd: 1556.3 lossRate: 0.0 CC:3 score:-885.0 
1664827525.775028 -- INFO: Throughput @186.2s:947.91Mbps, rtt :41.37ms cwnd: 1556.3 lossRate: 0.0 CC:3 score:-893.0 
1664827526.005548 -- INFO: Gradient: -142.66666666666669, Gredient Change: 0.24654377880184336, Theta: 1, Previous CC: 2, Choosen CC: 3
1664827526.005691 -- INFO: Changing concurrency to 2 ******
1664827526.013155 -- INFO: Process Status Bits from change concurrency are: 1 1 0 0 0 0 0 0 0 0 0 0 0 0 0 0 0 0 0 0 0 0 0 0 0 0 0 0 0 0 0 0
1664827526.019901 -- INFO: Active CC: 2
1664827526.255931 -- INFO: Process 0 finished on working on file 10 
1664827526.256655 -- INFO: Process 0 get item 17 from queue and executing
1664827526.256963 -- INFO: starting 0, 17, /users/jamilm/files_to_Send/FILE1
1664827526.771565 -- INFO: Throughput @187.2s:920.01Mbps, rtt :41.55ms cwnd: 1991.0 lossRate: 0.0 CC:2 score:-884.0 
1664827527.777189 -- INFO: Throughput @188.2s:947.91Mbps, rtt :41.65ms cwnd: 1991.0 lossRate: 0.0 CC:2 score:-911.0 
1664827527.941791 -- INFO: Process 1 finished on working on file 11 
1664827527.943589 -- INFO: Process 1 get item 18 from queue and executing
1664827527.943940 -- INFO: starting 1, 18, /users/jamilm/files_to_Send/FILE0
1664827528.777037 -- INFO: Throughput @189.2s:945.18Mbps, rtt :41.74ms cwnd: 1991.0 lossRate: 0.0 CC:2 score:-908.0 
1664827529.220846 -- INFO: Changing concurrency to 4 ******
1664827529.221600 -- INFO: Start Process :: 2
1664827529.222173 -- INFO: Start Process :: 3
1664827529.226335 -- INFO: Process Status Bits from change concurrency are: 1 1 1 1 0 0 0 0 0 0 0 0 0 0 0 0 0 0 0 0 0 0 0 0 0 0 0 0 0 0 0 0
1664827529.233214 -- INFO: Active CC: 4
1664827529.261889 -- INFO: Process 3 get item 23 from queue and executing
1664827529.262867 -- INFO: starting 3, 23, /users/jamilm/files_to_Send/FILE3
1664827529.263119 -- INFO: Process 2 get item 25 from queue and executing
1664827529.263649 -- INFO: starting 2, 25, /users/jamilm/files_to_Send/FILE1
1664827529.778049 -- INFO: Throughput @190.2s:981.47Mbps, rtt :42.14ms cwnd: 1415.5 lossRate: 0.0 CC:4 score:-907.0 
1664827530.783221 -- INFO: Throughput @191.2s:939.52Mbps, rtt :42.1ms cwnd: 1415.5 lossRate: 0.0 CC:4 score:-868.0 
1664827531.780314 -- INFO: Throughput @192.2s:947.91Mbps, rtt :42.05ms cwnd: 1415.5 lossRate: 0.0 CC:4 score:-876.0 
1664827532.434310 -- INFO: Gradient: 8.666666666666686, Gredient Change: 0.009618941916389219, Theta: -1, Previous CC: 3, Choosen CC: 2
1664827532.434461 -- INFO: Changing concurrency to 1 ******
1664827532.438572 -- INFO: Process Status Bits from change concurrency are: 1 0 0 0 0 0 0 0 0 0 0 0 0 0 0 0 0 0 0 0 0 0 0 0 0 0 0 0 0 0 0 0
1664827532.443957 -- INFO: Active CC: 1
1664827532.782875 -- INFO: Throughput @193.2s:822.08Mbps, rtt :39.43ms cwnd: 2182.0 lossRate: 0 CC:1 score:-806.0 
1664827533.780031 -- INFO: Throughput @194.2s:587.2Mbps, rtt :39.9ms cwnd: 2182.0 lossRate: 0.0 CC:1 score:-576.0 
1664827534.781999 -- INFO: Throughput @195.2s:595.59Mbps, rtt :39.41ms cwnd: 2182.0 lossRate: 0.0 CC:1 score:-584.0 
1664827535.645017 -- INFO: Changing concurrency to 3 ******
1664827535.645518 -- INFO: Start Process :: 1
1664827535.646502 -- INFO: Start Process :: 2
1664827535.651674 -- INFO: Process Status Bits from change concurrency are: 1 1 1 0 0 0 0 0 0 0 0 0 0 0 0 0 0 0 0 0 0 0 0 0 0 0 0 0 0 0 0 0
1664827535.657713 -- INFO: Active CC: 3
1664827535.685163 -- INFO: Process 1 get item 19 from queue and executing
1664827535.685789 -- INFO: starting 1, 19, /users/jamilm/files_to_Send/FILE3
1664827535.686676 -- INFO: Process 2 get item 20 from queue and executing
1664827535.687038 -- INFO: starting 2, 20, /users/jamilm/files_to_Send/FILE2
1664827535.784547 -- INFO: Throughput @196.2s:587.2Mbps, rtt :39.01ms cwnd: 754.0 lossRate: 0.0 CC:3 score:-553.0 
1664827536.781355 -- INFO: Throughput @197.2s:922.75Mbps, rtt :41.24ms cwnd: 1360.0 lossRate: 0.0 CC:3 score:-870.0 
1664827537.784379 -- INFO: Throughput @198.2s:947.91Mbps, rtt :41.33ms cwnd: 1360.0 lossRate: 0.0 CC:3 score:-893.0 
1664827538.785789 -- INFO: Throughput @199.2s:939.52Mbps, rtt :41.24ms cwnd: 1360.0 lossRate: 0.0 CC:3 score:-885.0 
1664827538.858821 -- INFO: Gradient: -113.66666666666663, Gredient Change: 0.17344862665310268, Theta: 1, Previous CC: 2, Choosen CC: 3
1664827538.858983 -- INFO: Changing concurrency to 2 ******
1664827538.866213 -- INFO: Process Status Bits from change concurrency are: 1 1 0 0 0 0 0 0 0 0 0 0 0 0 0 0 0 0 0 0 0 0 0 0 0 0 0 0 0 0 0 0
1664827538.871682 -- INFO: Active CC: 2
1664827539.767508 -- INFO: episode expires
1664827539.767565 -- INFO: Process 3 shutdown itself from outest loop
1664827539.768255 -- INFO: Process 2 shutdown itself from outest loop
1664827539.768233 -- INFO: Process 15 shutdown itself from outest loop
1664827539.768933 -- INFO: Process Status Bits are: 1 1 0 0 0 0 0 0 0 0 0 0 0 0 0 0 0 0 0 0 0 0 0 0 0 0 0 0 0 0 0 0
1664827539.768223 -- INFO: Process 16 shutdown itself from outest loop
1664827539.768277 -- INFO: Process 13 shutdown itself from outest loop
1664827539.768352 -- INFO: Process 4 shutdown itself from outest loop
1664827539.768400 -- INFO: Process 11 shutdown itself from outest loop
1664827539.769343 -- INFO: Process Status Bits are: 1 1 0 0 0 0 0 0 0 0 0 0 0 0 0 0 0 0 0 0 0 0 0 0 0 0 0 0 0 0 0 0
1664827539.768562 -- INFO: Process 30 shutdown itself from outest loop
1664827539.768602 -- INFO: Process 9 shutdown itself from outest loop
1664827539.768728 -- INFO: Process 22 shutdown itself from outest loop
1664827539.769634 -- INFO: Process Status Bits are: 1 1 0 0 0 0 0 0 0 0 0 0 0 0 0 0 0 0 0 0 0 0 0 0 0 0 0 0 0 0 0 0
1664827539.768792 -- INFO: Process 17 shutdown itself from outest loop
1664827539.769695 -- INFO: Process Status Bits are: 1 1 0 0 0 0 0 0 0 0 0 0 0 0 0 0 0 0 0 0 0 0 0 0 0 0 0 0 0 0 0 0
1664827539.768945 -- INFO: Process 21 shutdown itself from outest loop
1664827539.769800 -- INFO: Process Status Bits are: 1 1 0 0 0 0 0 0 0 0 0 0 0 0 0 0 0 0 0 0 0 0 0 0 0 0 0 0 0 0 0 0
1664827539.769057 -- INFO: Process 6 shutdown itself from outest loop
1664827539.769109 -- INFO: Process 12 shutdown itself from outest loop
1664827539.770022 -- INFO: Process Status Bits are: 1 1 0 0 0 0 0 0 0 0 0 0 0 0 0 0 0 0 0 0 0 0 0 0 0 0 0 0 0 0 0 0
1664827539.770054 -- INFO: Process Status Bits are: 1 1 0 0 0 0 0 0 0 0 0 0 0 0 0 0 0 0 0 0 0 0 0 0 0 0 0 0 0 0 0 0
1664827539.770085 -- INFO: Process Status Bits are: 1 1 0 0 0 0 0 0 0 0 0 0 0 0 0 0 0 0 0 0 0 0 0 0 0 0 0 0 0 0 0 0
1664827539.769425 -- INFO: Process 27 shutdown itself from outest loop
1664827539.770143 -- INFO: Process Status Bits are: 1 1 0 0 0 0 0 0 0 0 0 0 0 0 0 0 0 0 0 0 0 0 0 0 0 0 0 0 0 0 0 0
1664827539.770181 -- INFO: Process Status Bits are: 1 1 0 0 0 0 0 0 0 0 0 0 0 0 0 0 0 0 0 0 0 0 0 0 0 0 0 0 0 0 0 0
1664827539.770251 -- INFO: Process Status Bits are: 1 1 0 0 0 0 0 0 0 0 0 0 0 0 0 0 0 0 0 0 0 0 0 0 0 0 0 0 0 0 0 0
1664827539.770381 -- INFO: Process Status Bits are: 1 1 0 0 0 0 0 0 0 0 0 0 0 0 0 0 0 0 0 0 0 0 0 0 0 0 0 0 0 0 0 0
1664827539.770503 -- INFO: Process Status Bits are: 1 1 0 0 0 0 0 0 0 0 0 0 0 0 0 0 0 0 0 0 0 0 0 0 0 0 0 0 0 0 0 0
1664827539.768890 -- INFO: Process 24 shutdown itself from outest loop
1664827539.770641 -- INFO: Process Status Bits are: 1 1 0 0 0 0 0 0 0 0 0 0 0 0 0 0 0 0 0 0 0 0 0 0 0 0 0 0 0 0 0 0
1664827539.769962 -- INFO: Process 28 shutdown itself from outest loop
1664827539.769970 -- INFO: Process 19 shutdown itself from outest loop
1664827539.769116 -- INFO: Process Status Bits are: 1 1 0 0 0 0 0 0 0 0 0 0 0 0 0 0 0 0 0 0 0 0 0 0 0 0 0 0 0 0 0 0
1664827539.771084 -- INFO: Process Status Bits are: 1 1 0 0 0 0 0 0 0 0 0 0 0 0 0 0 0 0 0 0 0 0 0 0 0 0 0 0 0 0 0 0
1664827539.771105 -- INFO: Process Status Bits are: 1 1 0 0 0 0 0 0 0 0 0 0 0 0 0 0 0 0 0 0 0 0 0 0 0 0 0 0 0 0 0 0
1664827539.771201 -- INFO: Process Status Bits are: 1 1 0 0 0 0 0 0 0 0 0 0 0 0 0 0 0 0 0 0 0 0 0 0 0 0 0 0 0 0 0 0
1664827539.770478 -- INFO: Process 8 shutdown itself from outest loop
1664827539.771362 -- INFO: Process 18 shutdown itself from outest loop
1664827539.771226 -- INFO: Process 14 shutdown itself from outest loop
1664827539.770497 -- INFO: Process 20 shutdown itself from outest loop
1664827539.772337 -- INFO: Process Status Bits are: 1 1 0 0 0 0 0 0 0 0 0 0 0 0 0 0 0 0 0 0 0 0 0 0 0 0 0 0 0 0 0 0
1664827539.771068 -- INFO: Process 31 shutdown itself from outest loop
1664827539.772405 -- INFO: Process Status Bits are: 1 1 0 0 0 0 0 0 0 0 0 0 0 0 0 0 0 0 0 0 0 0 0 0 0 0 0 0 0 0 0 0
1664827539.771807 -- INFO: Process 5 shutdown itself from outest loop
1664827539.772106 -- INFO: Process 10 shutdown itself from outest loop
1664827539.772627 -- INFO: Process Status Bits are: 1 1 0 0 0 0 0 0 0 0 0 0 0 0 0 0 0 0 0 0 0 0 0 0 0 0 0 0 0 0 0 0
1664827539.771209 -- INFO: Process 23 shutdown itself from outest loop
1664827539.772962 -- INFO: Process Status Bits are: 1 1 0 0 0 0 0 0 0 0 0 0 0 0 0 0 0 0 0 0 0 0 0 0 0 0 0 0 0 0 0 0
1664827539.773016 -- INFO: Process Status Bits are: 1 1 0 0 0 0 0 0 0 0 0 0 0 0 0 0 0 0 0 0 0 0 0 0 0 0 0 0 0 0 0 0
1664827539.772944 -- INFO: Process Status Bits are: 1 1 0 0 0 0 0 0 0 0 0 0 0 0 0 0 0 0 0 0 0 0 0 0 0 0 0 0 0 0 0 0
1664827539.773024 -- INFO: Process Status Bits are: 1 1 0 0 0 0 0 0 0 0 0 0 0 0 0 0 0 0 0 0 0 0 0 0 0 0 0 0 0 0 0 0
1664827539.771721 -- INFO: Process 29 shutdown itself from outest loop
1664827539.773411 -- INFO: Process Status Bits are: 1 1 0 0 0 0 0 0 0 0 0 0 0 0 0 0 0 0 0 0 0 0 0 0 0 0 0 0 0 0 0 0
1664827539.771935 -- INFO: Process 7 shutdown itself from outest loop
1664827539.771143 -- INFO: Process 26 shutdown itself from outest loop
1664827539.770968 -- INFO: Process 25 shutdown itself from outest loop
1664827539.774054 -- INFO: Process Status Bits are: 1 1 0 0 0 0 0 0 0 0 0 0 0 0 0 0 0 0 0 0 0 0 0 0 0 0 0 0 0 0 0 0
1664827539.774373 -- INFO: Process Status Bits are: 1 1 0 0 0 0 0 0 0 0 0 0 0 0 0 0 0 0 0 0 0 0 0 0 0 0 0 0 0 0 0 0
1664827539.774351 -- INFO: Process Status Bits are: 1 1 0 0 0 0 0 0 0 0 0 0 0 0 0 0 0 0 0 0 0 0 0 0 0 0 0 0 0 0 0 0
1664827539.774511 -- INFO: Process Status Bits are: 1 1 0 0 0 0 0 0 0 0 0 0 0 0 0 0 0 0 0 0 0 0 0 0 0 0 0 0 0 0 0 0
1664827540.031904 -- INFO: Process 0 finished on working on file 17 
1664827540.032633 -- INFO: Process 0 get item 26 from queue and executing
1664827540.032892 -- INFO: starting 0, 26, /users/jamilm/files_to_Send/FILE0
1664827542.072698 -- INFO: episode expires
1664827542.083739 -- INFO: GD Optimizer Exits ...
1664827542.348440 -- INFO: Throughput @0.1s:0.0Mbps, rtt :0.0ms cwnd: 0.0 lossRate: 0 CC:0 score:-0.0 
