1664822384.255571 -- INFO: Changing concurrency to 1 ******
1664822384.257987 -- INFO: Start Process :: 0
1664822384.269038 -- INFO: Process Status Bits from change concurrency are: 1 0 0 0 0 0 0 0 0 0 0 0 0 0 0 0 0 0 0 0 0 0 0 0 0 0 0 0 0 0 0 0
1664822384.275584 -- INFO: Active CC: 1
1664822384.297855 -- INFO: Process 0 get item 0 from queue and executing
1664822384.298214 -- INFO: starting 0, 0, /users/jamilm/files_to_Send/FILE2
1664822384.333699 -- INFO: Throughput @0.1s:0.0Mbps, rtt :38.57ms cwnd: 10.0 lossRate: 0.0 CC:1 score:-0.0 
1664822385.325723 -- INFO: Throughput @1.1s:436.21Mbps, rtt :38.92ms cwnd: 4355.0 lossRate: 0.0 CC:1 score:-428.0 
1664822386.324580 -- INFO: Throughput @2.1s:587.2Mbps, rtt :40.32ms cwnd: 4355.0 lossRate: 0.0 CC:1 score:-576.0 
1664822387.329519 -- INFO: Throughput @3.1s:595.59Mbps, rtt :39.08ms cwnd: 4355.0 lossRate: 0.0 CC:1 score:-584.0 
1664822387.478300 -- INFO: Changing concurrency to 3 ******
1664822387.481696 -- INFO: Start Process :: 1
1664822387.482092 -- INFO: Start Process :: 2
1664822387.486099 -- INFO: Process Status Bits from change concurrency are: 1 1 1 0 0 0 0 0 0 0 0 0 0 0 0 0 0 0 0 0 0 0 0 0 0 0 0 0 0 0 0 0
1664822387.492386 -- INFO: Active CC: 3
1664822387.521780 -- INFO: Process 1 get item 1 from queue and executing
1664822387.521952 -- INFO: Process 2 get item 2 from queue and executing
1664822387.522250 -- INFO: starting 1, 1, /users/jamilm/files_to_Send/FILE1
1664822387.522627 -- INFO: starting 2, 2, /users/jamilm/files_to_Send/FILE0
1664822388.322585 -- INFO: Throughput @4.1s:813.69Mbps, rtt :42.8ms cwnd: 2794.3 lossRate: 0.0 CC:3 score:-767.0 
1664822389.324599 -- INFO: Throughput @5.1s:947.91Mbps, rtt :43.04ms cwnd: 2794.3 lossRate: 0.0 CC:3 score:-893.0 
1664822390.328648 -- INFO: Throughput @6.1s:939.52Mbps, rtt :42.87ms cwnd: 2794.3 lossRate: 0.0 CC:3 score:-885.0 
1664822390.693501 -- INFO: Gradient: -159.5, Gredient Change: 0.3013224181360201, Theta: 1, Previous CC: 2, Choosen CC: 3
1664822390.693599 -- INFO: Changing concurrency to 2 ******
1664822390.703059 -- INFO: Process Status Bits from change concurrency are: 1 1 0 0 0 0 0 0 0 0 0 0 0 0 0 0 0 0 0 0 0 0 0 0 0 0 0 0 0 0 0 0
1664822390.710603 -- INFO: Active CC: 2
1664822391.326289 -- INFO: Throughput @7.1s:922.75Mbps, rtt :42.23ms cwnd: 3250.5 lossRate: 0.0 CC:2 score:-887.0 
1664822392.329423 -- INFO: Throughput @8.1s:939.52Mbps, rtt :42.54ms cwnd: 3250.5 lossRate: 0.0 CC:2 score:-903.0 
1664822393.328578 -- INFO: Throughput @9.1s:947.91Mbps, rtt :42.14ms cwnd: 3250.5 lossRate: 0.0 CC:2 score:-911.0 
1664822393.911695 -- INFO: Changing concurrency to 4 ******
1664822393.913010 -- INFO: Start Process :: 2
1664822393.914660 -- INFO: Start Process :: 3
1664822393.917238 -- INFO: Process Status Bits from change concurrency are: 1 1 1 1 0 0 0 0 0 0 0 0 0 0 0 0 0 0 0 0 0 0 0 0 0 0 0 0 0 0 0 0
1664822393.922034 -- INFO: Active CC: 4
1664822393.953097 -- INFO: Process 2 get item 3 from queue and executing
1664822393.953600 -- INFO: starting 2, 3, /users/jamilm/files_to_Send/FILE3
1664822393.954763 -- INFO: Process 3 get item 4 from queue and executing
1664822393.955213 -- INFO: starting 3, 4, /users/jamilm/files_to_Send/FILE2
1664822394.330896 -- INFO: Throughput @10.1s:973.08Mbps, rtt :42.65ms cwnd: 2172.8 lossRate: 0.0 CC:4 score:-899.0 
1664822395.334230 -- INFO: Throughput @11.1s:947.91Mbps, rtt :42.8ms cwnd: 2172.8 lossRate: 0.0 CC:4 score:-876.0 
1664822396.335244 -- INFO: Throughput @12.1s:939.52Mbps, rtt :42.53ms cwnd: 2172.8 lossRate: 0.0 CC:4 score:-868.0 
1664822397.123099 -- INFO: Gradient: 9.666666666666686, Gredient Change: 0.010736764161421716, Theta: -1, Previous CC: 3, Choosen CC: 2
1664822397.123194 -- INFO: Changing concurrency to 1 ******
1664822397.129601 -- INFO: Process Status Bits from change concurrency are: 1 0 0 0 0 0 0 0 0 0 0 0 0 0 0 0 0 0 0 0 0 0 0 0 0 0 0 0 0 0 0 0
1664822397.137340 -- INFO: Active CC: 1
1664822397.336773 -- INFO: Throughput @13.1s:864.03Mbps, rtt :40.04ms cwnd: 4355.0 lossRate: 0 CC:1 score:-847.0 
1664822398.331375 -- INFO: Throughput @14.1s:595.59Mbps, rtt :40.02ms cwnd: 4355.0 lossRate: 0.0 CC:1 score:-584.0 
1664822399.335958 -- INFO: Throughput @15.1s:587.2Mbps, rtt :40.37ms cwnd: 4355.0 lossRate: 0.0 CC:1 score:-576.0 
1664822400.338323 -- INFO: Changing concurrency to 3 ******
1664822400.338433 -- INFO: Throughput @16.1s:587.2Mbps, rtt :40.48ms cwnd: 4355.0 lossRate: 0.0 CC:1 score:-576.0 
1664822400.339367 -- INFO: Start Process :: 1
1664822400.339491 -- INFO: Start Process :: 2
1664822400.349594 -- INFO: Process Status Bits from change concurrency are: 1 1 1 0 0 0 0 0 0 0 0 0 0 0 0 0 0 0 0 0 0 0 0 0 0 0 0 0 0 0 0 0
1664822400.355388 -- INFO: Active CC: 3
1664822400.379019 -- INFO: Process 1 get item 5 from queue and executing
1664822400.379439 -- INFO: Process 2 get item 6 from queue and executing
1664822400.379787 -- INFO: starting 1, 5, /users/jamilm/files_to_Send/FILE1
1664822400.380784 -- INFO: starting 2, 6, /users/jamilm/files_to_Send/FILE0
1664822401.337498 -- INFO: Throughput @17.1s:880.8Mbps, rtt :41.54ms cwnd: 2221.7 lossRate: 0.0 CC:3 score:-830.0 
1664822402.337179 -- INFO: Throughput @18.1s:931.14Mbps, rtt :41.77ms cwnd: 2266.0 lossRate: 0.0 CC:3 score:-877.0 
1664822402.969845 -- INFO: Process 0 finished on working on file 0 
1664822402.970775 -- INFO: Process 0 get item 7 from queue and executing
1664822402.971304 -- INFO: starting 0, 7, /users/jamilm/files_to_Send/FILE3
1664822403.339061 -- INFO: Throughput @19.1s:945.18Mbps, rtt :41.71ms cwnd: 2266.0 lossRate: 0.0 CC:3 score:-891.0 
1664822403.556493 -- INFO: Gradient: -98.5, Gredient Change: 0.14723467862481315, Theta: 1, Previous CC: 2, Choosen CC: 3
1664822403.556628 -- INFO: Changing concurrency to 2 ******
1664822403.562456 -- INFO: Process Status Bits from change concurrency are: 1 1 0 0 0 0 0 0 0 0 0 0 0 0 0 0 0 0 0 0 0 0 0 0 0 0 0 0 0 0 0 0
1664822403.567849 -- INFO: Active CC: 2
1664822404.341029 -- INFO: Throughput @20.1s:922.75Mbps, rtt :42.21ms cwnd: 3071.5 lossRate: 0.0 CC:2 score:-887.0 
1664822405.341269 -- INFO: Throughput @21.1s:947.91Mbps, rtt :42.22ms cwnd: 3115.0 lossRate: 0.0 CC:2 score:-911.0 
1664822406.341748 -- INFO: Throughput @22.1s:939.52Mbps, rtt :42.19ms cwnd: 3115.0 lossRate: 0.0 CC:2 score:-903.0 
1664822406.768817 -- INFO: Changing concurrency to 4 ******
1664822406.770473 -- INFO: Start Process :: 2
1664822406.770471 -- INFO: Start Process :: 3
1664822406.775072 -- INFO: Process Status Bits from change concurrency are: 1 1 1 1 0 0 0 0 0 0 0 0 0 0 0 0 0 0 0 0 0 0 0 0 0 0 0 0 0 0 0 0
1664822406.783868 -- INFO: Active CC: 4
1664822406.810315 -- INFO: Process 3 get item 8 from queue and executing
1664822406.811307 -- INFO: starting 3, 8, /users/jamilm/files_to_Send/FILE2
1664822406.812182 -- INFO: Process 2 get item 9 from queue and executing
1664822406.812774 -- INFO: starting 2, 9, /users/jamilm/files_to_Send/FILE1
1664822407.342721 -- INFO: Throughput @23.1s:964.69Mbps, rtt :42.33ms cwnd: 1879.0 lossRate: 0.0 CC:4 score:-891.0 
1664822408.344286 -- INFO: Throughput @24.1s:939.52Mbps, rtt :42.2ms cwnd: 1879.0 lossRate: 0.0 CC:4 score:-868.0 
1664822409.348962 -- INFO: Throughput @25.1s:939.52Mbps, rtt :42.42ms cwnd: 1898.0 lossRate: 0.0 CC:4 score:-868.0 
1664822409.984833 -- INFO: Gradient: 12.333333333333371, Gredient Change: 0.013698630136986342, Theta: -1, Previous CC: 3, Choosen CC: 2
1664822409.984930 -- INFO: Changing concurrency to 1 ******
1664822409.989949 -- INFO: Process Status Bits from change concurrency are: 1 0 0 0 0 0 0 0 0 0 0 0 0 0 0 0 0 0 0 0 0 0 0 0 0 0 0 0 0 0 0 0
1664822409.997688 -- INFO: Active CC: 1
1664822410.346198 -- INFO: Throughput @26.1s:830.47Mbps, rtt :40.34ms cwnd: 4355.0 lossRate: 0 CC:1 score:-814.0 
1664822411.350646 -- INFO: Throughput @27.1s:595.59Mbps, rtt :40.46ms cwnd: 4355.0 lossRate: 0.0 CC:1 score:-584.0 
1664822412.349336 -- INFO: Throughput @28.1s:587.2Mbps, rtt :40.02ms cwnd: 4355.0 lossRate: 0.0 CC:1 score:-576.0 
1664822413.198887 -- INFO: Changing concurrency to 3 ******
1664822413.200261 -- INFO: Start Process :: 2
1664822413.200222 -- INFO: Start Process :: 1
1664822413.206544 -- INFO: Process Status Bits from change concurrency are: 1 1 1 0 0 0 0 0 0 0 0 0 0 0 0 0 0 0 0 0 0 0 0 0 0 0 0 0 0 0 0 0
1664822413.215780 -- INFO: Active CC: 3
1664822413.240007 -- INFO: Process 2 get item 10 from queue and executing
1664822413.240275 -- INFO: Process 1 get item 11 from queue and executing
1664822413.240394 -- INFO: starting 2, 10, /users/jamilm/files_to_Send/FILE0
1664822413.240782 -- INFO: starting 1, 11, /users/jamilm/files_to_Send/FILE3
1664822413.350105 -- INFO: Throughput @29.1s:587.2Mbps, rtt :39.19ms cwnd: 1478.3 lossRate: 0.0 CC:3 score:-553.0 
1664822414.352381 -- INFO: Throughput @30.1s:754.97Mbps, rtt :40.08ms cwnd: 1751.3 lossRate: 0.0 CC:3 score:-711.0 
1664822415.352403 -- INFO: Throughput @31.1s:931.14Mbps, rtt :42.05ms cwnd: 2256.3 lossRate: 0.0 CC:3 score:-877.0 
1664822416.352119 -- INFO: Throughput @32.1s:939.52Mbps, rtt :41.98ms cwnd: 2256.3 lossRate: 0.0 CC:3 score:-885.0 
1664822416.416806 -- INFO: Gradient: -83.16666666666669, Gredient Change: 0.12639311043566365, Theta: 1, Previous CC: 2, Choosen CC: 3
1664822416.416909 -- INFO: Changing concurrency to 2 ******
1664822416.422014 -- INFO: Process Status Bits from change concurrency are: 1 1 0 0 0 0 0 0 0 0 0 0 0 0 0 0 0 0 0 0 0 0 0 0 0 0 0 0 0 0 0 0
1664822416.429607 -- INFO: Active CC: 2
1664822417.352371 -- INFO: Throughput @33.1s:922.75Mbps, rtt :42.12ms cwnd: 3109.0 lossRate: 0.0 CC:2 score:-887.0 
1664822418.354127 -- INFO: Throughput @34.1s:947.91Mbps, rtt :42.23ms cwnd: 3109.0 lossRate: 0.0 CC:2 score:-911.0 
1664822419.354295 -- INFO: Throughput @35.1s:939.52Mbps, rtt :42.09ms cwnd: 3109.0 lossRate: 0.0 CC:2 score:-903.0 
1664822419.631007 -- INFO: Changing concurrency to 4 ******
1664822419.632580 -- INFO: Start Process :: 3
1664822419.634566 -- INFO: Start Process :: 2
1664822419.639770 -- INFO: Process Status Bits from change concurrency are: 1 1 1 1 0 0 0 0 0 0 0 0 0 0 0 0 0 0 0 0 0 0 0 0 0 0 0 0 0 0 0 0
1664822419.645626 -- INFO: Active CC: 4
1664822419.672373 -- INFO: Process 3 get item 12 from queue and executing
1664822419.672830 -- INFO: starting 3, 12, /users/jamilm/files_to_Send/FILE2
1664822419.675231 -- INFO: Process 2 get item 13 from queue and executing
1664822419.675855 -- INFO: starting 2, 13, /users/jamilm/files_to_Send/FILE1
1664822420.355921 -- INFO: Throughput @36.1s:973.08Mbps, rtt :42.7ms cwnd: 2004.0 lossRate: 0.0 CC:4 score:-899.0 
1664822420.681797 -- INFO: Process 0 finished on working on file 7 
1664822420.683144 -- INFO: Process 0 get item 14 from queue and executing
1664822420.683481 -- INFO: starting 0, 14, /users/jamilm/files_to_Send/FILE0
1664822421.358132 -- INFO: Throughput @37.1s:945.18Mbps, rtt :42.67ms cwnd: 2004.0 lossRate: 0.0 CC:4 score:-873.0 
1664822422.358669 -- INFO: Throughput @38.1s:939.52Mbps, rtt :42.61ms cwnd: 2004.0 lossRate: 0.0 CC:4 score:-868.0 
1664822422.846755 -- INFO: Gradient: 10.166666666666686, Gredient Change: 0.01129211403184008, Theta: -1, Previous CC: 3, Choosen CC: 2
1664822422.846867 -- INFO: Changing concurrency to 1 ******
1664822422.853627 -- INFO: Process Status Bits from change concurrency are: 1 0 0 0 0 0 0 0 0 0 0 0 0 0 0 0 0 0 0 0 0 0 0 0 0 0 0 0 0 0 0 0
1664822422.861643 -- INFO: Active CC: 1
1664822423.363715 -- INFO: Throughput @39.1s:763.36Mbps, rtt :39.5ms cwnd: 4355.0 lossRate: 0 CC:1 score:-748.0 
1664822424.358339 -- INFO: Throughput @40.1s:595.59Mbps, rtt :40.11ms cwnd: 4355.0 lossRate: 0.0 CC:1 score:-584.0 
1664822425.361210 -- INFO: Throughput @41.1s:587.2Mbps, rtt :40.36ms cwnd: 4355.0 lossRate: 0.0 CC:1 score:-576.0 
1664822426.062634 -- INFO: Changing concurrency to 3 ******
1664822426.063916 -- INFO: Start Process :: 1
1664822426.064877 -- INFO: Start Process :: 2
1664822426.072492 -- INFO: Process Status Bits from change concurrency are: 1 1 1 0 0 0 0 0 0 0 0 0 0 0 0 0 0 0 0 0 0 0 0 0 0 0 0 0 0 0 0 0
1664822426.079556 -- INFO: Active CC: 3
1664822426.103815 -- INFO: Process 1 get item 15 from queue and executing
1664822426.104422 -- INFO: Process 2 get item 16 from queue and executing
1664822426.104455 -- INFO: starting 1, 15, /users/jamilm/files_to_Send/FILE3
1664822426.104785 -- INFO: starting 2, 16, /users/jamilm/files_to_Send/FILE2
1664822426.361985 -- INFO: Throughput @42.1s:629.15Mbps, rtt :40.15ms cwnd: 1864.7 lossRate: 0.0 CC:3 score:-593.0 
1664822427.364022 -- INFO: Throughput @43.1s:939.52Mbps, rtt :41.32ms cwnd: 2236.3 lossRate: 0.0 CC:3 score:-885.0 
1664822428.363012 -- INFO: Throughput @44.1s:939.52Mbps, rtt :41.43ms cwnd: 2236.3 lossRate: 0.0 CC:3 score:-885.0 
1664822429.280594 -- INFO: Gradient: -75.83333333333331, Gredient Change: 0.11923480083857439, Theta: 1, Previous CC: 2, Choosen CC: 3
1664822429.280704 -- INFO: Changing concurrency to 2 ******
1664822429.288678 -- INFO: Process Status Bits from change concurrency are: 1 1 0 0 0 0 0 0 0 0 0 0 0 0 0 0 0 0 0 0 0 0 0 0 0 0 0 0 0 0 0 0
1664822429.295871 -- INFO: Active CC: 2
1664822429.369619 -- INFO: Throughput @45.1s:931.14Mbps, rtt :41.39ms cwnd: 2249.0 lossRate: 0.0 CC:2 score:-895.0 
1664822430.367786 -- INFO: Throughput @46.1s:939.52Mbps, rtt :41.74ms cwnd: 3064.0 lossRate: 0.0 CC:2 score:-903.0 
1664822431.368517 -- INFO: Throughput @47.1s:939.52Mbps, rtt :41.69ms cwnd: 3064.0 lossRate: 0.0 CC:2 score:-903.0 
1664822432.369574 -- INFO: Throughput @48.1s:939.52Mbps, rtt :41.69ms cwnd: 3064.0 lossRate: 0.0 CC:2 score:-903.0 
1664822432.496864 -- INFO: Changing concurrency to 4 ******
1664822432.498788 -- INFO: Start Process :: 2
1664822432.500458 -- INFO: Start Process :: 3
1664822432.502134 -- INFO: Process Status Bits from change concurrency are: 1 1 1 1 0 0 0 0 0 0 0 0 0 0 0 0 0 0 0 0 0 0 0 0 0 0 0 0 0 0 0 0
1664822432.509633 -- INFO: Active CC: 4
1664822432.541576 -- INFO: Process 2 get item 17 from queue and executing
1664822432.542140 -- INFO: starting 2, 17, /users/jamilm/files_to_Send/FILE1
1664822432.543288 -- INFO: Process 3 get item 18 from queue and executing
1664822432.543744 -- INFO: starting 3, 18, /users/jamilm/files_to_Send/FILE0
1664822433.371952 -- INFO: Throughput @49.1s:981.47Mbps, rtt :42.85ms cwnd: 1997.5 lossRate: 0.0 CC:4 score:-907.0 
1664822434.372752 -- INFO: Throughput @50.1s:939.52Mbps, rtt :42.91ms cwnd: 1997.5 lossRate: 0.0 CC:4 score:-868.0 
1664822435.374980 -- INFO: Throughput @51.1s:939.52Mbps, rtt :42.88ms cwnd: 1997.5 lossRate: 0.0 CC:4 score:-868.0 
1664822435.710582 -- INFO: Gradient: 11.0, Gredient Change: 0.012181616832779624, Theta: -1, Previous CC: 3, Choosen CC: 2
1664822435.710689 -- INFO: Changing concurrency to 1 ******
1664822435.716719 -- INFO: Process Status Bits from change concurrency are: 1 0 0 0 0 0 0 0 0 0 0 0 0 0 0 0 0 0 0 0 0 0 0 0 0 0 0 0 0 0 0 0
1664822435.725347 -- INFO: Active CC: 1
1664822436.372218 -- INFO: Throughput @52.1s:721.42Mbps, rtt :40.42ms cwnd: 4355.0 lossRate: 0 CC:1 score:-707.0 
1664822437.375349 -- INFO: Throughput @53.1s:595.59Mbps, rtt :40.46ms cwnd: 4355.0 lossRate: 0.0 CC:1 score:-584.0 
1664822438.378519 -- INFO: Throughput @54.1s:587.2Mbps, rtt :40.24ms cwnd: 4355.0 lossRate: 0.0 CC:1 score:-576.0 
1664822438.711075 -- INFO: Process 0 finished on working on file 14 
1664822438.712883 -- INFO: Process 0 get item 19 from queue and executing
1664822438.714159 -- INFO: starting 0, 19, /users/jamilm/files_to_Send/FILE3
1664822438.926340 -- INFO: Changing concurrency to 3 ******
1664822438.927343 -- INFO: Start Process :: 2
1664822438.928756 -- INFO: Start Process :: 1
1664822438.933787 -- INFO: Process Status Bits from change concurrency are: 1 1 1 0 0 0 0 0 0 0 0 0 0 0 0 0 0 0 0 0 0 0 0 0 0 0 0 0 0 0 0 0
1664822438.942698 -- INFO: Active CC: 3
1664822438.967147 -- INFO: Process 2 get item 20 from queue and executing
1664822438.967510 -- INFO: starting 2, 20, /users/jamilm/files_to_Send/FILE2
1664822438.968954 -- INFO: Process 1 get item 21 from queue and executing
1664822438.969517 -- INFO: starting 1, 21, /users/jamilm/files_to_Send/FILE1
1664822439.377998 -- INFO: Throughput @55.1s:676.75Mbps, rtt :41.33ms cwnd: 2135.7 lossRate: 0.0 CC:3 score:-638.0 
1664822440.377477 -- INFO: Throughput @56.1s:947.91Mbps, rtt :41.71ms cwnd: 2241.3 lossRate: 0.0 CC:3 score:-893.0 
1664822441.376978 -- INFO: Throughput @57.1s:939.52Mbps, rtt :41.96ms cwnd: 2256.3 lossRate: 0.0 CC:3 score:-885.0 
1664822442.144133 -- INFO: Gradient: -91.5, Gredient Change: 0.14702731655061596, Theta: 1, Previous CC: 2, Choosen CC: 3
1664822442.144355 -- INFO: Changing concurrency to 2 ******
1664822442.151163 -- INFO: Process Status Bits from change concurrency are: 1 1 0 0 0 0 0 0 0 0 0 0 0 0 0 0 0 0 0 0 0 0 0 0 0 0 0 0 0 0 0 0
1664822442.157415 -- INFO: Active CC: 2
1664822442.379222 -- INFO: Throughput @58.1s:931.14Mbps, rtt :40.75ms cwnd: 2892.5 lossRate: 0.0 CC:2 score:-895.0 
1664822443.378333 -- INFO: Throughput @59.1s:939.52Mbps, rtt :42.26ms cwnd: 3076.5 lossRate: 0.0 CC:2 score:-903.0 
1664822444.381344 -- INFO: Throughput @60.1s:939.52Mbps, rtt :42.18ms cwnd: 3076.5 lossRate: 0.0 CC:2 score:-903.0 
1664822445.358421 -- INFO: Changing concurrency to 4 ******
1664822445.359554 -- INFO: Start Process :: 2
1664822445.360697 -- INFO: Start Process :: 3
1664822445.366091 -- INFO: Process Status Bits from change concurrency are: 1 1 1 1 0 0 0 0 0 0 0 0 0 0 0 0 0 0 0 0 0 0 0 0 0 0 0 0 0 0 0 0
1664822445.373639 -- INFO: Active CC: 4
1664822445.384199 -- INFO: Throughput @61.1s:947.91Mbps, rtt :42.07ms cwnd: 1543.2 lossRate: 0.0 CC:4 score:-876.0 
1664822445.399079 -- INFO: Process 2 get item 22 from queue and executing
1664822445.399459 -- INFO: starting 2, 22, /users/jamilm/files_to_Send/FILE0
1664822445.402430 -- INFO: Process 3 get item 23 from queue and executing
1664822445.402931 -- INFO: starting 3, 23, /users/jamilm/files_to_Send/FILE3
1664822446.386484 -- INFO: Throughput @62.1s:973.08Mbps, rtt :43.95ms cwnd: 2016.2 lossRate: 0.0 CC:4 score:-899.0 
1664822447.385186 -- INFO: Throughput @63.1s:939.52Mbps, rtt :44.09ms cwnd: 2016.2 lossRate: 0.0 CC:4 score:-868.0 
1664822448.384026 -- INFO: Throughput @64.1s:939.52Mbps, rtt :43.63ms cwnd: 2016.2 lossRate: 0.0 CC:4 score:-868.0 
1664822448.574681 -- INFO: Gradient: 11.0, Gredient Change: 0.012217697149203998, Theta: -1, Previous CC: 3, Choosen CC: 2
1664822448.574790 -- INFO: Changing concurrency to 1 ******
1664822448.585539 -- INFO: Process Status Bits from change concurrency are: 1 0 0 0 0 0 0 0 0 0 0 0 0 0 0 0 0 0 0 0 0 0 0 0 0 0 0 0 0 0 0 0
1664822448.594117 -- INFO: Active CC: 1
1664822449.395052 -- INFO: Throughput @65.1s:654.31Mbps, rtt :40.7ms cwnd: 4355.0 lossRate: 0 CC:1 score:-641.0 
1664822450.387924 -- INFO: Throughput @66.1s:595.59Mbps, rtt :40.72ms cwnd: 4355.0 lossRate: 0.0 CC:1 score:-584.0 
1664822451.386516 -- INFO: Throughput @67.1s:587.2Mbps, rtt :40.0ms cwnd: 4355.0 lossRate: 0.0 CC:1 score:-576.0 
1664822451.795206 -- INFO: Changing concurrency to 3 ******
1664822451.796098 -- INFO: Start Process :: 2
1664822451.796222 -- INFO: Start Process :: 1
1664822451.801694 -- INFO: Process Status Bits from change concurrency are: 1 1 1 0 0 0 0 0 0 0 0 0 0 0 0 0 0 0 0 0 0 0 0 0 0 0 0 0 0 0 0 0
1664822451.808979 -- INFO: Active CC: 3
1664822451.835587 -- INFO: Process 2 get item 24 from queue and executing
1664822451.835735 -- INFO: Process 1 get item 25 from queue and executing
1664822451.835960 -- INFO: starting 2, 24, /users/jamilm/files_to_Send/FILE2
1664822451.836154 -- INFO: starting 1, 25, /users/jamilm/files_to_Send/FILE1
1664822452.386431 -- INFO: Throughput @68.1s:738.2Mbps, rtt :41.3ms cwnd: 2231.7 lossRate: 0.0 CC:3 score:-696.0 
1664822453.389164 -- INFO: Throughput @69.1s:931.14Mbps, rtt :41.65ms cwnd: 2273.3 lossRate: 0.0 CC:3 score:-877.0 
1664822454.390482 -- INFO: Throughput @70.1s:947.91Mbps, rtt :41.84ms cwnd: 2273.3 lossRate: 0.0 CC:3 score:-893.0 
1664822455.009850 -- INFO: Gradient: -110.83333333333331, Gredient Change: 0.18461965574680728, Theta: 1, Previous CC: 2, Choosen CC: 3
1664822455.009956 -- INFO: Changing concurrency to 2 ******
1664822455.016543 -- INFO: Process Status Bits from change concurrency are: 1 1 0 0 0 0 0 0 0 0 0 0 0 0 0 0 0 0 0 0 0 0 0 0 0 0 0 0 0 0 0 0
1664822455.022708 -- INFO: Active CC: 2
1664822455.393442 -- INFO: Throughput @71.1s:922.75Mbps, rtt :41.38ms cwnd: 2972.0 lossRate: 0.0 CC:2 score:-887.0 
1664822456.393441 -- INFO: Throughput @72.1s:947.91Mbps, rtt :42.24ms cwnd: 3115.5 lossRate: 0.0 CC:2 score:-911.0 
1664822457.393149 -- INFO: Throughput @73.1s:939.52Mbps, rtt :42.09ms cwnd: 3115.5 lossRate: 0.0 CC:2 score:-903.0 
1664822457.844738 -- INFO: Process 0 finished on working on file 19 
1664822457.845780 -- INFO: Process 0 get item 26 from queue and executing
1664822457.846107 -- INFO: starting 0, 26, /users/jamilm/files_to_Send/FILE0
1664822458.223804 -- INFO: Changing concurrency to 4 ******
1664822458.224785 -- INFO: Start Process :: 2
1664822458.226328 -- INFO: Start Process :: 3
1664822458.229259 -- INFO: Process Status Bits from change concurrency are: 1 1 1 1 0 0 0 0 0 0 0 0 0 0 0 0 0 0 0 0 0 0 0 0 0 0 0 0 0 0 0 0
1664822458.234953 -- INFO: Active CC: 4
1664822458.264519 -- INFO: Process 2 get item 27 from queue and executing
1664822458.264910 -- INFO: starting 2, 27, /users/jamilm/files_to_Send/FILE3
1664822458.265950 -- INFO: Process 3 get item 28 from queue and executing
1664822458.266776 -- INFO: starting 3, 28, /users/jamilm/files_to_Send/FILE2
1664822458.396180 -- INFO: Throughput @74.1s:945.18Mbps, rtt :40.7ms cwnd: 1597.0 lossRate: 0.0 CC:4 score:-873.0 
1664822459.398069 -- INFO: Throughput @75.1s:973.08Mbps, rtt :43.45ms cwnd: 2041.8 lossRate: 0.0 CC:4 score:-899.0 
1664822460.398553 -- INFO: Throughput @76.1s:947.91Mbps, rtt :43.11ms cwnd: 2041.8 lossRate: 0.0 CC:4 score:-876.0 
1664822461.399698 -- INFO: Throughput @77.1s:939.52Mbps, rtt :43.39ms cwnd: 2041.8 lossRate: 0.0 CC:4 score:-868.0 
1664822461.435992 -- INFO: Gradient: 9.666666666666686, Gredient Change: 0.010736764161421716, Theta: -1, Previous CC: 3, Choosen CC: 2
1664822461.436101 -- INFO: Changing concurrency to 1 ******
1664822461.441157 -- INFO: Process Status Bits from change concurrency are: 1 0 0 0 0 0 0 0 0 0 0 0 0 0 0 0 0 0 0 0 0 0 0 0 0 0 0 0 0 0 0 0
1664822461.448807 -- INFO: Active CC: 1
1664822462.403415 -- INFO: Throughput @78.1s:603.98Mbps, rtt :40.15ms cwnd: 4355.0 lossRate: 0 CC:1 score:-592.0 
1664822463.398547 -- INFO: Throughput @79.1s:587.2Mbps, rtt :40.48ms cwnd: 4355.0 lossRate: 0.0 CC:1 score:-576.0 
1664822464.405639 -- INFO: Throughput @80.1s:595.59Mbps, rtt :39.16ms cwnd: 4355.0 lossRate: 0.0 CC:1 score:-584.0 
1664822464.649751 -- INFO: Changing concurrency to 3 ******
1664822464.650918 -- INFO: Start Process :: 2
1664822464.651158 -- INFO: Start Process :: 1
1664822464.656785 -- INFO: Process Status Bits from change concurrency are: 1 1 1 0 0 0 0 0 0 0 0 0 0 0 0 0 0 0 0 0 0 0 0 0 0 0 0 0 0 0 0 0
1664822464.663507 -- INFO: Active CC: 3
1664822464.690846 -- INFO: Process 2 get item 29 from queue and executing
1664822464.691166 -- INFO: Process 1 get item 30 from queue and executing
1664822464.691213 -- INFO: starting 2, 29, /users/jamilm/files_to_Send/FILE1
1664822464.691929 -- INFO: starting 1, 30, /users/jamilm/files_to_Send/FILE0
1664822465.402151 -- INFO: Throughput @81.1s:788.53Mbps, rtt :41.73ms cwnd: 2218.7 lossRate: 0.0 CC:3 score:-743.0 
1664822466.405603 -- INFO: Throughput @82.1s:931.14Mbps, rtt :41.53ms cwnd: 2218.7 lossRate: 0.0 CC:3 score:-877.0 
1664822467.402232 -- INFO: Throughput @83.1s:947.91Mbps, rtt :41.46ms cwnd: 2218.7 lossRate: 0.0 CC:3 score:-893.0 
1664822467.864430 -- INFO: Gradient: -126.83333333333331, Gredient Change: 0.21718036529680362, Theta: 1, Previous CC: 2, Choosen CC: 3
1664822467.864542 -- INFO: Changing concurrency to 2 ******
1664822467.873310 -- INFO: Process Status Bits from change concurrency are: 1 1 0 0 0 0 0 0 0 0 0 0 0 0 0 0 0 0 0 0 0 0 0 0 0 0 0 0 0 0 0 0
1664822467.880954 -- INFO: Active CC: 2
1664822468.406458 -- INFO: Throughput @84.1s:914.36Mbps, rtt :40.96ms cwnd: 2918.0 lossRate: 0 CC:2 score:-879.0 
1664822469.405291 -- INFO: Throughput @85.1s:939.52Mbps, rtt :41.04ms cwnd: 2927.5 lossRate: 0.0 CC:2 score:-903.0 
1664822470.407087 -- INFO: Throughput @86.1s:939.52Mbps, rtt :40.62ms cwnd: 2927.5 lossRate: 0.0 CC:2 score:-903.0 
1664822471.081848 -- INFO: Changing concurrency to 4 ******
1664822471.082994 -- INFO: Start Process :: 2
1664822471.085814 -- INFO: Start Process :: 3
1664822471.091018 -- INFO: Process Status Bits from change concurrency are: 1 1 1 1 0 0 0 0 0 0 0 0 0 0 0 0 0 0 0 0 0 0 0 0 0 0 0 0 0 0 0 0
1664822471.095422 -- INFO: Active CC: 4
1664822471.123362 -- INFO: Process 2 get item 31 from queue and executing
1664822471.123765 -- INFO: starting 2, 31, /users/jamilm/files_to_Send/FILE3
1664822471.126959 -- INFO: Process 3 get item 2 from queue and executing
1664822471.127827 -- INFO: starting 3, 2, /users/jamilm/files_to_Send/FILE0
1664822471.405756 -- INFO: Throughput @87.1s:981.47Mbps, rtt :40.9ms cwnd: 1828.0 lossRate: 0.0 CC:4 score:-907.0 
1664822472.409674 -- INFO: Throughput @88.1s:939.52Mbps, rtt :42.39ms cwnd: 2077.8 lossRate: 0.0 CC:4 score:-868.0 
1664822473.412866 -- INFO: Throughput @89.1s:947.91Mbps, rtt :42.01ms cwnd: 2077.8 lossRate: 0.0 CC:4 score:-876.0 
1664822474.296691 -- INFO: Gradient: 5.666666666666686, Gredient Change: 0.006331471135940431, Theta: -1, Previous CC: 3, Choosen CC: 2
1664822474.296852 -- INFO: Changing concurrency to 1 ******
1664822474.307103 -- INFO: Process Status Bits from change concurrency are: 1 0 0 0 0 0 0 0 0 0 0 0 0 0 0 0 0 0 0 0 0 0 0 0 0 0 0 0 0 0 0 0
1664822474.315498 -- INFO: Active CC: 1
1664822474.413372 -- INFO: Throughput @90.1s:905.97Mbps, rtt :42.16ms cwnd: 2077.8 lossRate: 0.0 CC:1 score:-888.0 
1664822475.413626 -- INFO: Throughput @91.1s:587.2Mbps, rtt :39.72ms cwnd: 4355.0 lossRate: 0 CC:1 score:-576.0 
1664822475.529994 -- INFO: Process 0 finished on working on file 26 
1664822475.530851 -- INFO: Process 0 get item 3 from queue and executing
1664822475.531212 -- INFO: starting 0, 3, /users/jamilm/files_to_Send/FILE3
1664822476.413379 -- INFO: Throughput @92.1s:584.47Mbps, rtt :39.72ms cwnd: 4355.0 lossRate: 0.0 CC:1 score:-573.0 
1664822477.419835 -- INFO: Throughput @93.1s:587.2Mbps, rtt :40.16ms cwnd: 4355.0 lossRate: 0.0 CC:1 score:-576.0 
1664822477.516495 -- INFO: Changing concurrency to 3 ******
1664822477.517067 -- INFO: Start Process :: 1
1664822477.518761 -- INFO: Start Process :: 2
1664822477.524516 -- INFO: Process Status Bits from change concurrency are: 1 1 1 0 0 0 0 0 0 0 0 0 0 0 0 0 0 0 0 0 0 0 0 0 0 0 0 0 0 0 0 0
1664822477.534146 -- INFO: Active CC: 3
1664822477.556570 -- INFO: Process 1 get item 1 from queue and executing
1664822477.556939 -- INFO: starting 1, 1, /users/jamilm/files_to_Send/FILE1
1664822477.559541 -- INFO: Process 2 get item 4 from queue and executing
1664822477.560195 -- INFO: starting 2, 4, /users/jamilm/files_to_Send/FILE2
1664822478.412189 -- INFO: Throughput @94.1s:847.25Mbps, rtt :41.55ms cwnd: 2199.3 lossRate: 0.0 CC:3 score:-798.0 
1664822479.416864 -- INFO: Throughput @95.1s:931.14Mbps, rtt :41.63ms cwnd: 2255.0 lossRate: 0.0 CC:3 score:-877.0 
1664822480.417961 -- INFO: Throughput @96.1s:947.91Mbps, rtt :41.74ms cwnd: 2255.0 lossRate: 0.0 CC:3 score:-893.0 
1664822480.735101 -- INFO: Gradient: -140.5, Gredient Change: 0.24434782608695652, Theta: 1, Previous CC: 2, Choosen CC: 3
1664822480.735200 -- INFO: Changing concurrency to 2 ******
1664822480.741482 -- INFO: Process Status Bits from change concurrency are: 1 1 0 0 0 0 0 0 0 0 0 0 0 0 0 0 0 0 0 0 0 0 0 0 0 0 0 0 0 0 0 0
1664822480.751997 -- INFO: Active CC: 2
1664822481.420236 -- INFO: Throughput @97.1s:922.75Mbps, rtt :42.47ms cwnd: 3072.5 lossRate: 0.0 CC:2 score:-887.0 
1664822482.420018 -- INFO: Throughput @98.1s:939.52Mbps, rtt :42.51ms cwnd: 3072.5 lossRate: 0.0 CC:2 score:-903.0 
1664822483.417303 -- INFO: Throughput @99.1s:947.91Mbps, rtt :42.12ms cwnd: 3072.5 lossRate: 0.0 CC:2 score:-911.0 
1664822483.952955 -- INFO: Changing concurrency to 4 ******
1664822483.954995 -- INFO: Start Process :: 3
1664822483.955887 -- INFO: Start Process :: 2
1664822483.957835 -- INFO: Process Status Bits from change concurrency are: 1 1 1 1 0 0 0 0 0 0 0 0 0 0 0 0 0 0 0 0 0 0 0 0 0 0 0 0 0 0 0 0
1664822483.964178 -- INFO: Active CC: 4
1664822483.995419 -- INFO: Process 3 get item 6 from queue and executing
1664822483.995584 -- INFO: Process 2 get item 8 from queue and executing
1664822483.995933 -- INFO: starting 2, 8, /users/jamilm/files_to_Send/FILE2
1664822483.996160 -- INFO: starting 3, 6, /users/jamilm/files_to_Send/FILE0
1664822484.421064 -- INFO: Throughput @100.1s:964.69Mbps, rtt :42.56ms cwnd: 2005.2 lossRate: 0.0 CC:4 score:-891.0 
1664822485.421787 -- INFO: Throughput @101.2s:876.99Mbps, rtt :42.77ms cwnd: 2005.2 lossRate: 0.0 CC:4 score:-810.0 
1664822486.424497 -- INFO: Throughput @102.2s:939.52Mbps, rtt :42.72ms cwnd: 2005.2 lossRate: 0.0 CC:4 score:-868.0 
1664822487.165091 -- INFO: Gradient: 22.0, Gredient Change: 0.024435394298407995, Theta: -1, Previous CC: 3, Choosen CC: 2
1664822487.165194 -- INFO: Changing concurrency to 1 ******
1664822487.171428 -- INFO: Process Status Bits from change concurrency are: 1 0 0 0 0 0 0 0 0 0 0 0 0 0 0 0 0 0 0 0 0 0 0 0 0 0 0 0 0 0 0 0
1664822487.177015 -- INFO: Active CC: 1
1664822487.429219 -- INFO: Throughput @103.2s:830.47Mbps, rtt :40.59ms cwnd: 4355.0 lossRate: 0 CC:1 score:-814.0 
1664822488.424720 -- INFO: Throughput @104.2s:603.98Mbps, rtt :40.04ms cwnd: 4355.0 lossRate: 0.0 CC:1 score:-592.0 
1664822489.427072 -- INFO: Throughput @105.2s:578.81Mbps, rtt :40.35ms cwnd: 4355.0 lossRate: 0.0 CC:1 score:-567.0 
1664822490.377909 -- INFO: Changing concurrency to 3 ******
1664822490.378640 -- INFO: Start Process :: 2
1664822490.380052 -- INFO: Start Process :: 1
1664822490.386959 -- INFO: Process Status Bits from change concurrency are: 1 1 1 0 0 0 0 0 0 0 0 0 0 0 0 0 0 0 0 0 0 0 0 0 0 0 0 0 0 0 0 0
1664822490.394236 -- INFO: Active CC: 3
1664822490.417989 -- INFO: Process 2 get item 5 from queue and executing
1664822490.418377 -- INFO: starting 2, 5, /users/jamilm/files_to_Send/FILE1
1664822490.419729 -- INFO: Process 1 get item 9 from queue and executing
1664822490.420201 -- INFO: starting 1, 9, /users/jamilm/files_to_Send/FILE1
1664822490.428032 -- INFO: Throughput @106.2s:595.59Mbps, rtt :39.53ms cwnd: 1458.3 lossRate: 0.0 CC:3 score:-561.0 
1664822491.182673 -- INFO: Process 0 finished on working on file 3 
1664822491.184047 -- INFO: Process 0 get item 10 from queue and executing
1664822491.184382 -- INFO: starting 0, 10, /users/jamilm/files_to_Send/FILE0
1664822491.425718 -- INFO: Throughput @107.2s:886.46Mbps, rtt :41.54ms cwnd: 2241.0 lossRate: 0.0 CC:3 score:-835.0 
1664822492.429330 -- INFO: Throughput @108.2s:947.91Mbps, rtt :41.87ms cwnd: 2241.0 lossRate: 0.0 CC:3 score:-893.0 
1664822493.429017 -- INFO: Throughput @109.2s:939.52Mbps, rtt :41.58ms cwnd: 2241.0 lossRate: 0.0 CC:3 score:-885.0 
1664822493.595325 -- INFO: Gradient: -106.66666666666669, Gredient Change: 0.1621895590471364, Theta: 1, Previous CC: 2, Choosen CC: 3
1664822493.595441 -- INFO: Changing concurrency to 2 ******
1664822493.602839 -- INFO: Process Status Bits from change concurrency are: 1 1 0 0 0 0 0 0 0 0 0 0 0 0 0 0 0 0 0 0 0 0 0 0 0 0 0 0 0 0 0 0
1664822493.611780 -- INFO: Active CC: 2
1664822494.433040 -- INFO: Throughput @110.2s:931.14Mbps, rtt :42.55ms cwnd: 3091.5 lossRate: 0.0 CC:2 score:-895.0 
1664822495.433543 -- INFO: Throughput @111.2s:939.52Mbps, rtt :42.37ms cwnd: 3091.5 lossRate: 0.0 CC:2 score:-903.0 
1664822496.433017 -- INFO: Throughput @112.2s:939.52Mbps, rtt :42.16ms cwnd: 3091.5 lossRate: 0.0 CC:2 score:-903.0 
1664822496.812735 -- INFO: Changing concurrency to 4 ******
1664822496.814481 -- INFO: Start Process :: 2
1664822496.815194 -- INFO: Start Process :: 3
1664822496.821496 -- INFO: Process Status Bits from change concurrency are: 1 1 1 1 0 0 0 0 0 0 0 0 0 0 0 0 0 0 0 0 0 0 0 0 0 0 0 0 0 0 0 0
1664822496.827265 -- INFO: Active CC: 4
1664822496.854089 -- INFO: Process 2 get item 12 from queue and executing
1664822496.854662 -- INFO: starting 2, 12, /users/jamilm/files_to_Send/FILE2
1664822496.855417 -- INFO: Process 3 get item 13 from queue and executing
1664822496.856208 -- INFO: starting 3, 13, /users/jamilm/files_to_Send/FILE1
1664822497.434714 -- INFO: Throughput @113.2s:981.47Mbps, rtt :42.46ms cwnd: 2014.8 lossRate: 0.0 CC:4 score:-907.0 
1664822498.432968 -- INFO: Throughput @114.2s:939.52Mbps, rtt :42.31ms cwnd: 2014.8 lossRate: 0.0 CC:4 score:-868.0 
1664822499.435721 -- INFO: Throughput @115.2s:947.91Mbps, rtt :42.29ms cwnd: 2014.8 lossRate: 0.0 CC:4 score:-876.0 
1664822500.028245 -- INFO: Gradient: 8.333333333333371, Gredient Change: 0.009255831173639435, Theta: -1, Previous CC: 3, Choosen CC: 2
1664822500.028352 -- INFO: Changing concurrency to 1 ******
1664822500.033988 -- INFO: Process Status Bits from change concurrency are: 1 0 0 0 0 0 0 0 0 0 0 0 0 0 0 0 0 0 0 0 0 0 0 0 0 0 0 0 0 0 0 0
1664822500.042749 -- INFO: Active CC: 1
1664822500.440636 -- INFO: Throughput @116.2s:796.92Mbps, rtt :39.96ms cwnd: 4355.0 lossRate: 0 CC:1 score:-781.0 
1664822501.442044 -- INFO: Throughput @117.2s:578.81Mbps, rtt :40.46ms cwnd: 4355.0 lossRate: 0.0 CC:1 score:-567.0 
1664822502.436231 -- INFO: Throughput @118.2s:595.59Mbps, rtt :40.68ms cwnd: 4355.0 lossRate: 0.0 CC:1 score:-584.0 
1664822503.243692 -- INFO: Changing concurrency to 3 ******
1664822503.244964 -- INFO: Start Process :: 1
1664822503.245575 -- INFO: Start Process :: 2
1664822503.252193 -- INFO: Process Status Bits from change concurrency are: 1 1 1 0 0 0 0 0 0 0 0 0 0 0 0 0 0 0 0 0 0 0 0 0 0 0 0 0 0 0 0 0
1664822503.258523 -- INFO: Active CC: 3
1664822503.284430 -- INFO: Process 1 get item 11 from queue and executing
1664822503.284824 -- INFO: starting 1, 11, /users/jamilm/files_to_Send/FILE3
1664822503.285224 -- INFO: Process 2 get item 16 from queue and executing
1664822503.285770 -- INFO: starting 2, 16, /users/jamilm/files_to_Send/FILE2
1664822503.438105 -- INFO: Throughput @119.2s:587.2Mbps, rtt :39.28ms cwnd: 1505.0 lossRate: 0.0 CC:3 score:-553.0 
1664822504.438915 -- INFO: Throughput @120.2s:939.52Mbps, rtt :41.74ms cwnd: 2234.0 lossRate: 0.0 CC:3 score:-885.0 
1664822505.441008 -- INFO: Throughput @121.2s:939.52Mbps, rtt :41.94ms cwnd: 2255.0 lossRate: 0.0 CC:3 score:-885.0 
1664822506.444669 -- INFO: Throughput @122.2s:939.52Mbps, rtt :42.04ms cwnd: 2255.0 lossRate: 0.0 CC:3 score:-885.0 
1664822506.459444 -- INFO: Gradient: -120.5, Gredient Change: 0.18711180124223603, Theta: 1, Previous CC: 2, Choosen CC: 3
1664822506.459562 -- INFO: Changing concurrency to 2 ******
1664822506.468616 -- INFO: Process Status Bits from change concurrency are: 1 1 0 0 0 0 0 0 0 0 0 0 0 0 0 0 0 0 0 0 0 0 0 0 0 0 0 0 0 0 0 0
1664822506.475137 -- INFO: Active CC: 2
1664822507.444535 -- INFO: Throughput @123.2s:931.14Mbps, rtt :42.26ms cwnd: 3073.5 lossRate: 0.0 CC:2 score:-895.0 
1664822508.444027 -- INFO: Throughput @124.2s:947.91Mbps, rtt :42.11ms cwnd: 3073.5 lossRate: 0.0 CC:2 score:-911.0 
1664822508.907386 -- INFO: Process 0 finished on working on file 10 
1664822508.908436 -- INFO: Process 0 get item 15 from queue and executing
1664822508.908772 -- INFO: starting 0, 15, /users/jamilm/files_to_Send/FILE3
1664822509.444475 -- INFO: Throughput @125.2s:945.18Mbps, rtt :42.16ms cwnd: 3073.5 lossRate: 0.0 CC:2 score:-908.0 
1664822509.676047 -- INFO: Changing concurrency to 4 ******
1664822509.677817 -- INFO: Start Process :: 2
1664822509.678781 -- INFO: Start Process :: 3
1664822509.686802 -- INFO: Process Status Bits from change concurrency are: 1 1 1 1 0 0 0 0 0 0 0 0 0 0 0 0 0 0 0 0 0 0 0 0 0 0 0 0 0 0 0 0
1664822509.693207 -- INFO: Active CC: 4
1664822509.717475 -- INFO: Process 2 get item 17 from queue and executing
1664822509.718141 -- INFO: starting 2, 17, /users/jamilm/files_to_Send/FILE1
1664822509.720466 -- INFO: Process 3 get item 18 from queue and executing
1664822509.721179 -- INFO: starting 3, 18, /users/jamilm/files_to_Send/FILE0
1664822510.450330 -- INFO: Throughput @126.2s:964.69Mbps, rtt :43.45ms cwnd: 2060.2 lossRate: 0.0 CC:4 score:-891.0 
1664822511.448525 -- INFO: Throughput @127.2s:947.91Mbps, rtt :43.31ms cwnd: 2060.2 lossRate: 0.0 CC:4 score:-876.0 
1664822512.449913 -- INFO: Throughput @128.2s:947.91Mbps, rtt :43.68ms cwnd: 2060.2 lossRate: 0.0 CC:4 score:-876.0 
1664822512.894419 -- INFO: Gradient: 11.833333333333314, Gredient Change: 0.013080324244657313, Theta: -1, Previous CC: 3, Choosen CC: 2
1664822512.894578 -- INFO: Changing concurrency to 1 ******
1664822512.901490 -- INFO: Process Status Bits from change concurrency are: 1 0 0 0 0 0 0 0 0 0 0 0 0 0 0 0 0 0 0 0 0 0 0 0 0 0 0 0 0 0 0 0
1664822512.909325 -- INFO: Active CC: 1
1664822513.453561 -- INFO: Throughput @129.2s:746.59Mbps, rtt :40.17ms cwnd: 4355.0 lossRate: 0 CC:1 score:-732.0 
1664822514.452985 -- INFO: Throughput @130.2s:587.2Mbps, rtt :40.43ms cwnd: 4355.0 lossRate: 0.0 CC:1 score:-576.0 
1664822515.450661 -- INFO: Throughput @131.2s:595.59Mbps, rtt :38.97ms cwnd: 4355.0 lossRate: 0.0 CC:1 score:-584.0 
1664822516.110297 -- INFO: Changing concurrency to 3 ******
1664822516.111379 -- INFO: Start Process :: 2
1664822516.112222 -- INFO: Start Process :: 1
1664822516.120962 -- INFO: Process Status Bits from change concurrency are: 1 1 1 0 0 0 0 0 0 0 0 0 0 0 0 0 0 0 0 0 0 0 0 0 0 0 0 0 0 0 0 0
1664822516.127733 -- INFO: Active CC: 3
1664822516.151164 -- INFO: Process 2 get item 20 from queue and executing
1664822516.151552 -- INFO: starting 2, 20, /users/jamilm/files_to_Send/FILE2
1664822516.152283 -- INFO: Process 1 get item 21 from queue and executing
1664822516.152694 -- INFO: starting 1, 21, /users/jamilm/files_to_Send/FILE1
1664822516.452033 -- INFO: Throughput @132.2s:629.15Mbps, rtt :41.08ms cwnd: 2077.0 lossRate: 0.0 CC:3 score:-593.0 
1664822517.457033 -- INFO: Throughput @133.2s:956.3Mbps, rtt :41.82ms cwnd: 2221.3 lossRate: 0.0 CC:3 score:-901.0 
1664822518.455744 -- INFO: Throughput @134.2s:939.52Mbps, rtt :41.78ms cwnd: 2221.3 lossRate: 0.0 CC:3 score:-885.0 
1664822519.328679 -- INFO: Gradient: -81.16666666666669, Gredient Change: 0.12869978858350956, Theta: 1, Previous CC: 2, Choosen CC: 3
1664822519.328797 -- INFO: Changing concurrency to 2 ******
1664822519.336478 -- INFO: Process Status Bits from change concurrency are: 1 1 0 0 0 0 0 0 0 0 0 0 0 0 0 0 0 0 0 0 0 0 0 0 0 0 0 0 0 0 0 0
1664822519.345382 -- INFO: Active CC: 2
1664822519.410090 -- INFO: Process 0 finished on working on file 15 
1664822519.411110 -- INFO: Process 0 get item 22 from queue and executing
1664822519.411455 -- INFO: starting 0, 22, /users/jamilm/files_to_Send/FILE0
1664822519.460086 -- INFO: Throughput @135.2s:920.01Mbps, rtt :40.68ms cwnd: 2813.5 lossRate: 0.0 CC:2 score:-884.0 
1664822520.458627 -- INFO: Throughput @136.2s:947.91Mbps, rtt :42.1ms cwnd: 3069.0 lossRate: 0.0 CC:2 score:-911.0 
1664822521.459463 -- INFO: Throughput @137.2s:939.52Mbps, rtt :42.16ms cwnd: 3069.0 lossRate: 0.0 CC:2 score:-903.0 
1664822522.458772 -- INFO: Throughput @138.2s:939.52Mbps, rtt :42.16ms cwnd: 3069.0 lossRate: 0.0 CC:2 score:-903.0 
1664822522.546348 -- INFO: Changing concurrency to 4 ******
1664822522.547683 -- INFO: Start Process :: 3
1664822522.547822 -- INFO: Start Process :: 2
1664822522.552483 -- INFO: Process Status Bits from change concurrency are: 1 1 1 1 0 0 0 0 0 0 0 0 0 0 0 0 0 0 0 0 0 0 0 0 0 0 0 0 0 0 0 0
1664822522.559753 -- INFO: Active CC: 4
1664822522.587530 -- INFO: Process 3 get item 23 from queue and executing
1664822522.587806 -- INFO: Process 2 get item 24 from queue and executing
1664822522.588181 -- INFO: starting 2, 24, /users/jamilm/files_to_Send/FILE2
1664822522.588198 -- INFO: starting 3, 23, /users/jamilm/files_to_Send/FILE3
1664822523.461803 -- INFO: Throughput @139.2s:973.08Mbps, rtt :42.8ms cwnd: 2003.5 lossRate: 0.0 CC:4 score:-899.0 
1664822524.464181 -- INFO: Throughput @140.2s:947.91Mbps, rtt :42.88ms cwnd: 2003.5 lossRate: 0.0 CC:4 score:-876.0 
1664822525.466621 -- INFO: Throughput @141.2s:947.91Mbps, rtt :42.72ms cwnd: 2003.5 lossRate: 0.0 CC:4 score:-876.0 
1664822525.760651 -- INFO: Gradient: 11.0, Gredient Change: 0.012145748987854251, Theta: -1, Previous CC: 3, Choosen CC: 2
1664822525.760748 -- INFO: Changing concurrency to 1 ******
1664822525.768209 -- INFO: Process Status Bits from change concurrency are: 1 0 0 0 0 0 0 0 0 0 0 0 0 0 0 0 0 0 0 0 0 0 0 0 0 0 0 0 0 0 0 0
1664822525.775359 -- INFO: Active CC: 1
1664822526.461773 -- INFO: Throughput @142.2s:687.87Mbps, rtt :39.42ms cwnd: 4355.0 lossRate: 0 CC:1 score:-674.0 
1664822527.465811 -- INFO: Throughput @143.2s:587.2Mbps, rtt :39.96ms cwnd: 4355.0 lossRate: 0.0 CC:1 score:-576.0 
1664822528.464146 -- INFO: Throughput @144.2s:595.59Mbps, rtt :39.97ms cwnd: 4355.0 lossRate: 0.0 CC:1 score:-584.0 
1664822528.976495 -- INFO: Changing concurrency to 3 ******
1664822528.977321 -- INFO: Start Process :: 1
1664822528.977494 -- INFO: Start Process :: 2
1664822528.987727 -- INFO: Process Status Bits from change concurrency are: 1 1 1 0 0 0 0 0 0 0 0 0 0 0 0 0 0 0 0 0 0 0 0 0 0 0 0 0 0 0 0 0
1664822528.993336 -- INFO: Active CC: 3
1664822529.017021 -- INFO: Process 1 get item 28 from queue and executing
1664822529.017412 -- INFO: starting 1, 28, /users/jamilm/files_to_Send/FILE2
1664822529.017476 -- INFO: Process 2 get item 27 from queue and executing
1664822529.017926 -- INFO: starting 2, 27, /users/jamilm/files_to_Send/FILE3
1664822529.468349 -- INFO: Throughput @145.2s:687.87Mbps, rtt :41.71ms cwnd: 2095.3 lossRate: 0.0 CC:3 score:-648.0 
1664822530.467437 -- INFO: Throughput @146.2s:939.52Mbps, rtt :41.63ms cwnd: 2095.3 lossRate: 0.0 CC:3 score:-885.0 
1664822531.468337 -- INFO: Throughput @147.2s:939.52Mbps, rtt :41.78ms cwnd: 2095.3 lossRate: 0.0 CC:3 score:-885.0 
1664822532.194341 -- INFO: Gradient: -97.33333333333331, Gredient Change: 0.1592148309705561, Theta: 1, Previous CC: 2, Choosen CC: 3
1664822532.194468 -- INFO: Changing concurrency to 2 ******
1664822532.198877 -- INFO: Process Status Bits from change concurrency are: 1 1 0 0 0 0 0 0 0 0 0 0 0 0 0 0 0 0 0 0 0 0 0 0 0 0 0 0 0 0 0 0
1664822532.207253 -- INFO: Active CC: 2
1664822532.469779 -- INFO: Throughput @148.2s:922.75Mbps, rtt :40.67ms cwnd: 2806.5 lossRate: 0.0 CC:2 score:-887.0 
1664822533.470408 -- INFO: Throughput @149.2s:939.52Mbps, rtt :42.12ms cwnd: 3077.5 lossRate: 0.0 CC:2 score:-903.0 
1664822534.474901 -- INFO: Throughput @150.2s:939.52Mbps, rtt :42.08ms cwnd: 3077.5 lossRate: 0.0 CC:2 score:-903.0 
1664822535.392965 -- INFO: Process 0 finished on working on file 22 
1664822535.394780 -- INFO: Process 0 get item 25 from queue and executing
1664822535.395183 -- INFO: starting 0, 25, /users/jamilm/files_to_Send/FILE1
1664822535.408237 -- INFO: Changing concurrency to 4 ******
1664822535.410502 -- INFO: Start Process :: 2
1664822535.411172 -- INFO: Start Process :: 3
1664822535.416257 -- INFO: Process Status Bits from change concurrency are: 1 1 1 1 0 0 0 0 0 0 0 0 0 0 0 0 0 0 0 0 0 0 0 0 0 0 0 0 0 0 0 0
1664822535.422700 -- INFO: Active CC: 4
1664822535.451135 -- INFO: Process 3 get item 29 from queue and executing
1664822535.451602 -- INFO: starting 3, 29, /users/jamilm/files_to_Send/FILE1
1664822535.452698 -- INFO: Process 2 get item 2 from queue and executing
1664822535.453159 -- INFO: starting 2, 2, /users/jamilm/files_to_Send/FILE0
1664822535.472546 -- INFO: Throughput @151.2s:945.18Mbps, rtt :40.88ms cwnd: 1543.8 lossRate: 0.0 CC:4 score:-873.0 
1664822536.476454 -- INFO: Throughput @152.2s:989.86Mbps, rtt :42.93ms cwnd: 2046.8 lossRate: 0.0 CC:4 score:-914.0 
1664822537.471698 -- INFO: Throughput @153.2s:939.52Mbps, rtt :43.02ms cwnd: 2046.8 lossRate: 0.0 CC:4 score:-868.0 
1664822538.473613 -- INFO: Throughput @154.2s:939.52Mbps, rtt :42.88ms cwnd: 2046.8 lossRate: 0.0 CC:4 score:-868.0 
1664822538.623804 -- INFO: Gradient: 7.166666666666629, Gredient Change: 0.007983661344225729, Theta: -1, Previous CC: 3, Choosen CC: 2
1664822538.623922 -- INFO: Changing concurrency to 1 ******
1664822538.630202 -- INFO: Process Status Bits from change concurrency are: 1 0 0 0 0 0 0 0 0 0 0 0 0 0 0 0 0 0 0 0 0 0 0 0 0 0 0 0 0 0 0 0
1664822538.636866 -- INFO: Active CC: 1
1664822539.477548 -- INFO: Throughput @155.2s:645.92Mbps, rtt :39.82ms cwnd: 4355.0 lossRate: 0 CC:1 score:-633.0 
1664822540.477640 -- INFO: Throughput @156.2s:587.2Mbps, rtt :40.59ms cwnd: 4355.0 lossRate: 0.0 CC:1 score:-576.0 
1664822541.478858 -- INFO: Throughput @157.2s:595.59Mbps, rtt :39.99ms cwnd: 4355.0 lossRate: 0.0 CC:1 score:-584.0 
1664822541.838014 -- INFO: Changing concurrency to 3 ******
1664822541.839596 -- INFO: Start Process :: 1
1664822541.840221 -- INFO: Start Process :: 2
1664822541.844108 -- INFO: Process Status Bits from change concurrency are: 1 1 1 0 0 0 0 0 0 0 0 0 0 0 0 0 0 0 0 0 0 0 0 0 0 0 0 0 0 0 0 0
1664822541.852163 -- INFO: Active CC: 3
1664822541.879468 -- INFO: Process 1 get item 31 from queue and executing
1664822541.879643 -- INFO: Process 2 get item 30 from queue and executing
1664822541.879987 -- INFO: starting 1, 31, /users/jamilm/files_to_Send/FILE3
1664822541.880000 -- INFO: starting 2, 30, /users/jamilm/files_to_Send/FILE0
1664822542.476976 -- INFO: Throughput @158.2s:738.2Mbps, rtt :41.89ms cwnd: 2214.3 lossRate: 0.0 CC:3 score:-696.0 
1664822543.479550 -- INFO: Throughput @159.2s:947.91Mbps, rtt :41.78ms cwnd: 2242.0 lossRate: 0.0 CC:3 score:-893.0 
1664822544.480529 -- INFO: Throughput @160.2s:939.52Mbps, rtt :41.98ms cwnd: 2261.3 lossRate: 0.0 CC:3 score:-885.0 
1664822545.053135 -- INFO: Gradient: -113.5, Gredient Change: 0.1899051868377022, Theta: 1, Previous CC: 2, Choosen CC: 3
1664822545.053246 -- INFO: Changing concurrency to 2 ******
1664822545.061021 -- INFO: Process Status Bits from change concurrency are: 1 1 0 0 0 0 0 0 0 0 0 0 0 0 0 0 0 0 0 0 0 0 0 0 0 0 0 0 0 0 0 0
1664822545.069662 -- INFO: Active CC: 2
1664822545.481781 -- INFO: Throughput @161.2s:922.75Mbps, rtt :41.83ms cwnd: 3025.0 lossRate: 0.0 CC:2 score:-887.0 
1664822546.317153 -- INFO: Process 0 finished on working on file 25 
1664822546.317950 -- INFO: Process 0 get item 4 from queue and executing
1664822546.318281 -- INFO: starting 0, 4, /users/jamilm/files_to_Send/FILE2
1664822546.483952 -- INFO: Throughput @162.2s:945.18Mbps, rtt :42.11ms cwnd: 3072.5 lossRate: 0.0 CC:2 score:-908.0 
1664822547.482586 -- INFO: Throughput @163.2s:939.52Mbps, rtt :42.18ms cwnd: 3072.5 lossRate: 0.0 CC:2 score:-903.0 
1664822548.270691 -- INFO: Changing concurrency to 4 ******
1664822548.272281 -- INFO: Start Process :: 2
1664822548.272833 -- INFO: Start Process :: 3
1664822548.276417 -- INFO: Process Status Bits from change concurrency are: 1 1 1 1 0 0 0 0 0 0 0 0 0 0 0 0 0 0 0 0 0 0 0 0 0 0 0 0 0 0 0 0
1664822548.284387 -- INFO: Active CC: 4
1664822548.312046 -- INFO: Process 2 get item 8 from queue and executing
1664822548.312609 -- INFO: starting 2, 8, /users/jamilm/files_to_Send/FILE2
1664822548.313166 -- INFO: Process 3 get item 1 from queue and executing
1664822548.313659 -- INFO: starting 3, 1, /users/jamilm/files_to_Send/FILE1
1664822548.485524 -- INFO: Throughput @164.2s:939.52Mbps, rtt :40.88ms cwnd: 1613.2 lossRate: 0.0 CC:4 score:-868.0 
1664822549.489381 -- INFO: Throughput @165.2s:973.08Mbps, rtt :42.85ms cwnd: 2005.2 lossRate: 0.0 CC:4 score:-899.0 
1664822550.490078 -- INFO: Throughput @166.2s:947.91Mbps, rtt :42.61ms cwnd: 2005.2 lossRate: 0.0 CC:4 score:-876.0 
1664822551.485298 -- INFO: Gradient: 9.166666666666686, Gredient Change: 0.010192735359525595, Theta: -1, Previous CC: 3, Choosen CC: 2
1664822551.485397 -- INFO: Changing concurrency to 1 ******
1664822551.487155 -- INFO: Throughput @167.2s:947.91Mbps, rtt :42.47ms cwnd: 2005.2 lossRate: 0.0 CC:4 score:-876.0 
1664822551.493492 -- INFO: Process Status Bits from change concurrency are: 1 0 0 0 0 0 0 0 0 0 0 0 0 0 0 0 0 0 0 0 0 0 0 0 0 0 0 0 0 0 0 0
1664822551.499406 -- INFO: Active CC: 1
1664822552.490724 -- INFO: Throughput @168.2s:587.2Mbps, rtt :40.1ms cwnd: 4355.0 lossRate: 0 CC:1 score:-576.0 
1664822553.491578 -- INFO: Throughput @169.2s:587.2Mbps, rtt :40.7ms cwnd: 4355.0 lossRate: 0.0 CC:1 score:-576.0 
1664822554.492544 -- INFO: Throughput @170.2s:595.59Mbps, rtt :39.76ms cwnd: 4355.0 lossRate: 0.0 CC:1 score:-584.0 
1664822554.700395 -- INFO: Changing concurrency to 3 ******
1664822554.702308 -- INFO: Start Process :: 1
1664822554.702343 -- INFO: Start Process :: 2
1664822554.708057 -- INFO: Process Status Bits from change concurrency are: 1 1 1 0 0 0 0 0 0 0 0 0 0 0 0 0 0 0 0 0 0 0 0 0 0 0 0 0 0 0 0 0
1664822554.714075 -- INFO: Active CC: 3
1664822554.742769 -- INFO: Process 2 get item 6 from queue and executing
1664822554.743240 -- INFO: starting 2, 6, /users/jamilm/files_to_Send/FILE0
1664822554.743708 -- INFO: Process 1 get item 5 from queue and executing
1664822554.744123 -- INFO: starting 1, 5, /users/jamilm/files_to_Send/FILE1
1664822555.494514 -- INFO: Throughput @171.2s:796.92Mbps, rtt :41.55ms cwnd: 2144.3 lossRate: 0.0 CC:3 score:-751.0 
1664822556.493126 -- INFO: Throughput @172.2s:939.52Mbps, rtt :41.53ms cwnd: 2144.3 lossRate: 0.0 CC:3 score:-885.0 
1664822557.494211 -- INFO: Throughput @173.2s:947.91Mbps, rtt :41.6ms cwnd: 2199.3 lossRate: 0.0 CC:3 score:-893.0 
1664822557.915099 -- INFO: Gradient: -132.16666666666669, Gredient Change: 0.2283986175115208, Theta: 1, Previous CC: 2, Choosen CC: 3
1664822557.915208 -- INFO: Changing concurrency to 2 ******
1664822557.922580 -- INFO: Process Status Bits from change concurrency are: 1 1 0 0 0 0 0 0 0 0 0 0 0 0 0 0 0 0 0 0 0 0 0 0 0 0 0 0 0 0 0 0
1664822557.933288 -- INFO: Active CC: 2
1664822558.495245 -- INFO: Throughput @174.2s:905.97Mbps, rtt :40.73ms cwnd: 2905.0 lossRate: 0 CC:2 score:-871.0 
1664822559.497257 -- INFO: Throughput @175.2s:947.91Mbps, rtt :39.94ms cwnd: 2941.5 lossRate: 0.0 CC:2 score:-911.0 
1664822560.497224 -- INFO: Throughput @176.2s:931.14Mbps, rtt :40.78ms cwnd: 2941.5 lossRate: 0.0 CC:2 score:-895.0 
1664822560.848694 -- INFO: Process 0 finished on working on file 4 
1664822560.849673 -- INFO: Process 0 get item 12 from queue and executing
1664822560.850851 -- INFO: starting 0, 12, /users/jamilm/files_to_Send/FILE2
1664822561.134207 -- INFO: Changing concurrency to 4 ******
1664822561.136469 -- INFO: Start Process :: 2
1664822561.136975 -- INFO: Start Process :: 3
1664822561.140227 -- INFO: Process Status Bits from change concurrency are: 1 1 1 1 0 0 0 0 0 0 0 0 0 0 0 0 0 0 0 0 0 0 0 0 0 0 0 0 0 0 0 0
1664822561.148468 -- INFO: Active CC: 4
1664822561.177252 -- INFO: Process 2 get item 13 from queue and executing
1664822561.177872 -- INFO: starting 2, 13, /users/jamilm/files_to_Send/FILE1
1664822561.179637 -- INFO: Process 3 get item 9 from queue and executing
1664822561.180095 -- INFO: starting 3, 9, /users/jamilm/files_to_Send/FILE1
1664822561.499733 -- INFO: Throughput @177.2s:987.12Mbps, rtt :42.22ms cwnd: 1933.0 lossRate: 0.0 CC:4 score:-912.0 
1664822562.497669 -- INFO: Throughput @178.2s:947.91Mbps, rtt :42.47ms cwnd: 2018.0 lossRate: 0.0 CC:4 score:-876.0 
1664822563.501299 -- INFO: Throughput @179.2s:931.14Mbps, rtt :42.51ms cwnd: 2018.0 lossRate: 0.0 CC:4 score:-860.0 
1664822564.349645 -- INFO: Gradient: 4.833333333333371, Gredient Change: 0.005416511019798324, Theta: -1, Previous CC: 3, Choosen CC: 2
1664822564.349803 -- INFO: Changing concurrency to 1 ******
1664822564.358096 -- INFO: Process Status Bits from change concurrency are: 1 0 0 0 0 0 0 0 0 0 0 0 0 0 0 0 0 0 0 0 0 0 0 0 0 0 0 0 0 0 0 0
1664822564.363768 -- INFO: Active CC: 1
1664822564.501590 -- INFO: Throughput @180.2s:897.58Mbps, rtt :41.38ms cwnd: 2657.5 lossRate: 0 CC:1 score:-880.0 
1664822565.503428 -- INFO: Throughput @181.2s:595.59Mbps, rtt :39.36ms cwnd: 4355.0 lossRate: 0.0 CC:1 score:-584.0 
1664822566.504629 -- INFO: Throughput @182.2s:587.2Mbps, rtt :40.57ms cwnd: 4355.0 lossRate: 0.0 CC:1 score:-576.0 
1664822567.500949 -- INFO: Throughput @183.2s:595.59Mbps, rtt :40.05ms cwnd: 4355.0 lossRate: 0.0 CC:1 score:-584.0 
1664822567.564703 -- INFO: Changing concurrency to 3 ******
1664822567.565217 -- INFO: Start Process :: 1
1664822567.566146 -- INFO: Start Process :: 2
1664822567.574358 -- INFO: Process Status Bits from change concurrency are: 1 1 1 0 0 0 0 0 0 0 0 0 0 0 0 0 0 0 0 0 0 0 0 0 0 0 0 0 0 0 0 0
1664822567.580221 -- INFO: Active CC: 3
1664822567.605200 -- INFO: Process 1 get item 16 from queue and executing
1664822567.605601 -- INFO: Process 2 get item 18 from queue and executing
1664822567.605888 -- INFO: starting 1, 16, /users/jamilm/files_to_Send/FILE2
1664822567.605936 -- INFO: starting 2, 18, /users/jamilm/files_to_Send/FILE0
1664822568.503312 -- INFO: Throughput @184.2s:847.25Mbps, rtt :41.97ms cwnd: 2253.7 lossRate: 0.0 CC:3 score:-798.0 
1664822569.507694 -- INFO: Throughput @185.2s:939.52Mbps, rtt :41.88ms cwnd: 2253.7 lossRate: 0.0 CC:3 score:-885.0 
1664822570.506094 -- INFO: Throughput @186.2s:939.52Mbps, rtt :41.52ms cwnd: 2253.7 lossRate: 0.0 CC:3 score:-885.0 
1664822570.781241 -- INFO: Gradient: -137.33333333333331, Gredient Change: 0.2362385321100917, Theta: 1, Previous CC: 2, Choosen CC: 3
1664822570.781361 -- INFO: Changing concurrency to 2 ******
1664822570.792408 -- INFO: Process Status Bits from change concurrency are: 1 1 0 0 0 0 0 0 0 0 0 0 0 0 0 0 0 0 0 0 0 0 0 0 0 0 0 0 0 0 0 0
1664822570.796916 -- INFO: Active CC: 2
1664822571.512088 -- INFO: Throughput @187.2s:931.14Mbps, rtt :42.09ms cwnd: 3102.0 lossRate: 0.0 CC:2 score:-895.0 
1664822572.510335 -- INFO: Throughput @188.2s:939.52Mbps, rtt :42.2ms cwnd: 3102.0 lossRate: 0.0 CC:2 score:-903.0 
1664822573.510218 -- INFO: Throughput @189.2s:939.52Mbps, rtt :42.05ms cwnd: 3102.0 lossRate: 0.0 CC:2 score:-903.0 
1664822573.997944 -- INFO: Changing concurrency to 4 ******
1664822574.001458 -- INFO: Start Process :: 3
1664822574.002455 -- INFO: Start Process :: 2
1664822574.009943 -- INFO: Process Status Bits from change concurrency are: 1 1 1 1 0 0 0 0 0 0 0 0 0 0 0 0 0 0 0 0 0 0 0 0 0 0 0 0 0 0 0 0
1664822574.017503 -- INFO: Active CC: 4
1664822574.041006 -- INFO: Process 3 get item 11 from queue and executing
1664822574.041405 -- INFO: starting 3, 11, /users/jamilm/files_to_Send/FILE3
1664822574.042700 -- INFO: Process 2 get item 17 from queue and executing
1664822574.043200 -- INFO: starting 2, 17, /users/jamilm/files_to_Send/FILE1
1664822574.511358 -- INFO: Throughput @190.2s:989.86Mbps, rtt :42.31ms cwnd: 2020.0 lossRate: 0.0 CC:4 score:-914.0 
1664822575.511952 -- INFO: Throughput @191.2s:939.52Mbps, rtt :42.3ms cwnd: 2020.0 lossRate: 0.0 CC:4 score:-868.0 
1664822576.416647 -- INFO: Process 0 finished on working on file 12 
1664822576.417421 -- INFO: Process 0 get item 20 from queue and executing
1664822576.418244 -- INFO: starting 0, 20, /users/jamilm/files_to_Send/FILE2
1664822576.513911 -- INFO: Throughput @192.2s:945.18Mbps, rtt :42.17ms cwnd: 2020.0 lossRate: 0.0 CC:4 score:-873.0 
1664822577.218444 -- INFO: Gradient: 7.666666666666686, Gredient Change: 0.008515364679748262, Theta: -1, Previous CC: 3, Choosen CC: 2
1664822577.218543 -- INFO: Changing concurrency to 1 ******
1664822577.225763 -- INFO: Process Status Bits from change concurrency are: 1 0 0 0 0 0 0 0 0 0 0 0 0 0 0 0 0 0 0 0 0 0 0 0 0 0 0 0 0 0 0 0
1664822577.233514 -- INFO: Active CC: 1
1664822577.513781 -- INFO: Throughput @193.2s:822.08Mbps, rtt :40.4ms cwnd: 4355.0 lossRate: 0 CC:1 score:-806.0 
1664822578.512997 -- INFO: Throughput @194.2s:595.59Mbps, rtt :40.37ms cwnd: 4355.0 lossRate: 0.0 CC:1 score:-584.0 
1664822579.517420 -- INFO: Throughput @195.2s:587.2Mbps, rtt :40.66ms cwnd: 4355.0 lossRate: 0.0 CC:1 score:-576.0 
1664822580.434575 -- INFO: Changing concurrency to 3 ******
1664822580.436846 -- INFO: Start Process :: 2
1664822580.436766 -- INFO: Start Process :: 1
1664822580.442979 -- INFO: Process Status Bits from change concurrency are: 1 1 1 0 0 0 0 0 0 0 0 0 0 0 0 0 0 0 0 0 0 0 0 0 0 0 0 0 0 0 0 0
1664822580.449724 -- INFO: Active CC: 3
1664822580.476292 -- INFO: Process 2 get item 21 from queue and executing
1664822580.476662 -- INFO: starting 2, 21, /users/jamilm/files_to_Send/FILE1
1664822580.477413 -- INFO: Process 1 get item 24 from queue and executing
1664822580.478102 -- INFO: starting 1, 24, /users/jamilm/files_to_Send/FILE2
1664822580.514572 -- INFO: Throughput @196.2s:595.59Mbps, rtt :39.07ms cwnd: 1458.3 lossRate: 0.0 CC:3 score:-561.0 
1664822581.518889 -- INFO: Throughput @197.2s:897.58Mbps, rtt :41.58ms cwnd: 2243.0 lossRate: 0.0 CC:3 score:-846.0 
1664822582.520590 -- INFO: Throughput @198.2s:947.91Mbps, rtt :41.63ms cwnd: 2243.0 lossRate: 0.0 CC:3 score:-893.0 
1664822583.523900 -- INFO: Throughput @199.2s:931.14Mbps, rtt :41.58ms cwnd: 2243.0 lossRate: 0.0 CC:3 score:-877.0 
1664822583.650895 -- INFO: Gradient: -108.33333333333331, Gredient Change: 0.16531027466937942, Theta: 1, Previous CC: 2, Choosen CC: 3
1664822583.651040 -- INFO: Changing concurrency to 2 ******
1664822583.657432 -- INFO: Process Status Bits from change concurrency are: 1 1 0 0 0 0 0 0 0 0 0 0 0 0 0 0 0 0 0 0 0 0 0 0 0 0 0 0 0 0 0 0
1664822583.668390 -- INFO: Active CC: 2
1664822584.500519 -- INFO: episode expires
1664822584.502510 -- INFO: Process 19 shutdown itself from outest loop
1664822584.502568 -- INFO: Process 18 shutdown itself from outest loop
1664822584.502665 -- INFO: Process 15 shutdown itself from outest loop
1664822584.503570 -- INFO: Process Status Bits are: 1 1 0 0 0 0 0 0 0 0 0 0 0 0 0 0 0 0 0 0 0 0 0 0 0 0 0 0 0 0 0 0
1664822584.503661 -- INFO: Process Status Bits are: 1 1 0 0 0 0 0 0 0 0 0 0 0 0 0 0 0 0 0 0 0 0 0 0 0 0 0 0 0 0 0 0
1664822584.503644 -- INFO: Process 3 shutdown itself from outest loop
1664822584.504030 -- INFO: Process Status Bits are: 1 1 0 0 0 0 0 0 0 0 0 0 0 0 0 0 0 0 0 0 0 0 0 0 0 0 0 0 0 0 0 0
1664822584.502594 -- INFO: Process 20 shutdown itself from outest loop
1664822584.502408 -- INFO: Process 17 shutdown itself from outest loop
1664822584.502435 -- INFO: Process 14 shutdown itself from outest loop
1664822584.502423 -- INFO: Process 29 shutdown itself from outest loop
1664822584.502549 -- INFO: Process 13 shutdown itself from outest loop
1664822584.504447 -- INFO: Process Status Bits are: 1 1 0 0 0 0 0 0 0 0 0 0 0 0 0 0 0 0 0 0 0 0 0 0 0 0 0 0 0 0 0 0
1664822584.502748 -- INFO: Process 23 shutdown itself from outest loop
1664822584.503136 -- INFO: Process 4 shutdown itself from outest loop
1664822584.502996 -- INFO: Process 30 shutdown itself from outest loop
1664822584.503190 -- INFO: Process 8 shutdown itself from outest loop
1664822584.504087 -- INFO: Process Status Bits are: 1 1 0 0 0 0 0 0 0 0 0 0 0 0 0 0 0 0 0 0 0 0 0 0 0 0 0 0 0 0 0 0
1664822584.503354 -- INFO: Process 9 shutdown itself from outest loop
1664822584.503401 -- INFO: Process 11 shutdown itself from outest loop
1664822584.504448 -- INFO: Process 21 shutdown itself from outest loop
1664822584.503492 -- INFO: Process 31 shutdown itself from outest loop
1664822584.505044 -- INFO: Process Status Bits are: 1 1 0 0 0 0 0 0 0 0 0 0 0 0 0 0 0 0 0 0 0 0 0 0 0 0 0 0 0 0 0 0
1664822584.505069 -- INFO: Process Status Bits are: 1 1 0 0 0 0 0 0 0 0 0 0 0 0 0 0 0 0 0 0 0 0 0 0 0 0 0 0 0 0 0 0
1664822584.504467 -- INFO: Process 22 shutdown itself from outest loop
1664822584.505176 -- INFO: Process Status Bits are: 1 1 0 0 0 0 0 0 0 0 0 0 0 0 0 0 0 0 0 0 0 0 0 0 0 0 0 0 0 0 0 0
1664822584.505264 -- INFO: Process Status Bits are: 1 1 0 0 0 0 0 0 0 0 0 0 0 0 0 0 0 0 0 0 0 0 0 0 0 0 0 0 0 0 0 0
1664822584.505385 -- INFO: Process Status Bits are: 1 1 0 0 0 0 0 0 0 0 0 0 0 0 0 0 0 0 0 0 0 0 0 0 0 0 0 0 0 0 0 0
1664822584.505447 -- INFO: Process Status Bits are: 1 1 0 0 0 0 0 0 0 0 0 0 0 0 0 0 0 0 0 0 0 0 0 0 0 0 0 0 0 0 0 0
1664822584.505463 -- INFO: Process 2 shutdown itself from outest loop
1664822584.505553 -- INFO: Process Status Bits are: 1 1 0 0 0 0 0 0 0 0 0 0 0 0 0 0 0 0 0 0 0 0 0 0 0 0 0 0 0 0 0 0
1664822584.505625 -- INFO: Process Status Bits are: 1 1 0 0 0 0 0 0 0 0 0 0 0 0 0 0 0 0 0 0 0 0 0 0 0 0 0 0 0 0 0 0
1664822584.505845 -- INFO: Process Status Bits are: 1 1 0 0 0 0 0 0 0 0 0 0 0 0 0 0 0 0 0 0 0 0 0 0 0 0 0 0 0 0 0 0
1664822584.505793 -- INFO: Process Status Bits are: 1 1 0 0 0 0 0 0 0 0 0 0 0 0 0 0 0 0 0 0 0 0 0 0 0 0 0 0 0 0 0 0
1664822584.505854 -- INFO: Process Status Bits are: 1 1 0 0 0 0 0 0 0 0 0 0 0 0 0 0 0 0 0 0 0 0 0 0 0 0 0 0 0 0 0 0
1664822584.502746 -- INFO: Process 26 shutdown itself from outest loop
1664822584.503031 -- INFO: Process 25 shutdown itself from outest loop
1664822584.505226 -- INFO: Process 12 shutdown itself from outest loop
1664822584.506081 -- INFO: Process 16 shutdown itself from outest loop
1664822584.506962 -- INFO: Process Status Bits are: 1 1 0 0 0 0 0 0 0 0 0 0 0 0 0 0 0 0 0 0 0 0 0 0 0 0 0 0 0 0 0 0
1664822584.507022 -- INFO: Process Status Bits are: 1 1 0 0 0 0 0 0 0 0 0 0 0 0 0 0 0 0 0 0 0 0 0 0 0 0 0 0 0 0 0 0
1664822584.507149 -- INFO: Process Status Bits are: 1 1 0 0 0 0 0 0 0 0 0 0 0 0 0 0 0 0 0 0 0 0 0 0 0 0 0 0 0 0 0 0
1664822584.505777 -- INFO: Process 28 shutdown itself from outest loop
1664822584.507252 -- INFO: Process Status Bits are: 1 1 0 0 0 0 0 0 0 0 0 0 0 0 0 0 0 0 0 0 0 0 0 0 0 0 0 0 0 0 0 0
1664822584.505590 -- INFO: Process 10 shutdown itself from outest loop
1664822584.507313 -- INFO: Process Status Bits are: 1 1 0 0 0 0 0 0 0 0 0 0 0 0 0 0 0 0 0 0 0 0 0 0 0 0 0 0 0 0 0 0
1664822584.507447 -- INFO: Process Status Bits are: 1 1 0 0 0 0 0 0 0 0 0 0 0 0 0 0 0 0 0 0 0 0 0 0 0 0 0 0 0 0 0 0
1664822584.507527 -- INFO: Process Status Bits are: 1 1 0 0 0 0 0 0 0 0 0 0 0 0 0 0 0 0 0 0 0 0 0 0 0 0 0 0 0 0 0 0
1664822584.507118 -- INFO: Process 5 shutdown itself from outest loop
1664822584.506634 -- INFO: Process 7 shutdown itself from outest loop
1664822584.507786 -- INFO: Process Status Bits are: 1 1 0 0 0 0 0 0 0 0 0 0 0 0 0 0 0 0 0 0 0 0 0 0 0 0 0 0 0 0 0 0
1664822584.508071 -- INFO: Process Status Bits are: 1 1 0 0 0 0 0 0 0 0 0 0 0 0 0 0 0 0 0 0 0 0 0 0 0 0 0 0 0 0 0 0
1664822584.508063 -- INFO: Process Status Bits are: 1 1 0 0 0 0 0 0 0 0 0 0 0 0 0 0 0 0 0 0 0 0 0 0 0 0 0 0 0 0 0 0
1664822584.508369 -- INFO: Process Status Bits are: 1 1 0 0 0 0 0 0 0 0 0 0 0 0 0 0 0 0 0 0 0 0 0 0 0 0 0 0 0 0 0 0
1664822584.508382 -- INFO: Process 6 shutdown itself from outest loop
1664822584.508566 -- INFO: Process 27 shutdown itself from outest loop
1664822584.509821 -- INFO: Process Status Bits are: 1 1 0 0 0 0 0 0 0 0 0 0 0 0 0 0 0 0 0 0 0 0 0 0 0 0 0 0 0 0 0 0
1664822584.510247 -- INFO: Process Status Bits are: 1 1 0 0 0 0 0 0 0 0 0 0 0 0 0 0 0 0 0 0 0 0 0 0 0 0 0 0 0 0 0 0
1664822584.508620 -- INFO: Process 24 shutdown itself from outest loop
1664822584.511214 -- INFO: Process Status Bits are: 1 1 0 0 0 0 0 0 0 0 0 0 0 0 0 0 0 0 0 0 0 0 0 0 0 0 0 0 0 0 0 0
1664822586.869472 -- INFO: episode expires
1664822586.882734 -- INFO: GD Optimizer Exits ...
