1664822798.728801 -- INFO: Iteration 1 Starts ...
1664822798.730177 -- INFO: Changing concurrency to 5 ******
1664822798.733657 -- INFO: Start Process :: 2
1664822798.734573 -- INFO: Start Process :: 1
1664822798.734855 -- INFO: Start Process :: 0
1664822798.735387 -- INFO: Start Process :: 3
1664822798.735681 -- INFO: Start Process :: 4
1664822798.738507 -- INFO: Process Status Bits from change concurrency are: 1 1 1 1 1 0 0 0 0 0 0 0 0 0 0 0 0 0 0 0 0 0 0 0 0 0 0 0 0 0 0 0
1664822798.744509 -- INFO: Active CC: 5
1664822798.773697 -- INFO: Process 2 get item 0 from queue and executing
1664822798.774125 -- INFO: starting 2, 0, /users/jamilm/files_to_Send/FILE2
1664822798.774621 -- INFO: Process 1 get item 1 from queue and executing
1664822798.774790 -- INFO: Process 0 get item 2 from queue and executing
1664822798.775192 -- INFO: starting 0, 2, /users/jamilm/files_to_Send/FILE0
1664822798.775305 -- INFO: starting 1, 1, /users/jamilm/files_to_Send/FILE1
1664822798.775318 -- INFO: Process 3 get item 3 from queue and executing
1664822798.776039 -- INFO: starting 3, 3, /users/jamilm/files_to_Send/FILE3
1664822798.776151 -- INFO: Process 4 get item 4 from queue and executing
1664822798.776754 -- INFO: starting 4, 4, /users/jamilm/files_to_Send/FILE2
1664822798.788386 -- INFO: Throughput @0.1s:0.0Mbps, rtt :38.51ms cwnd: 10.0 lossRate: 0.0 CC:5 score:-0.0 
1664822799.788335 -- INFO: Throughput @1.1s:796.92Mbps, rtt :41.81ms cwnd: 829.8 lossRate: 0.0 CC:5 score:-722.0 
1664822800.788408 -- INFO: Throughput @2.1s:947.91Mbps, rtt :42.47ms cwnd: 868.4 lossRate: 0.0 CC:5 score:-859.0 
1664822801.787414 -- INFO: Throughput @3.1s:947.91Mbps, rtt :42.16ms cwnd: 877.6 lossRate: 0.0 CC:5 score:-859.0 
1664822801.948029 -- INFO: Iteration 1 Ends, Took 3.22 Seconds. Best Params: [5] and Score: -813.3333333333334.
1664822801.948508 -- INFO: Iteration 2 Starts ...
1664822801.949048 -- INFO: Changing concurrency to 29 ******
1664822801.952305 -- INFO: Process Status Bits from change concurrency are: 1 1 1 1 1 1 1 1 1 1 1 1 1 1 1 1 1 1 1 1 1 1 1 1 1 1 1 1 1 0 0 0
1664822801.952795 -- INFO: Active CC: 29
1664822801.955116 -- INFO: Start Process :: 6
1664822801.955051 -- INFO: Start Process :: 9
1664822801.956356 -- INFO: Start Process :: 5
1664822801.957369 -- INFO: Start Process :: 8
1664822801.957647 -- INFO: Start Process :: 7
1664822801.960770 -- INFO: Start Process :: 12
1664822801.961082 -- INFO: Start Process :: 11
1664822801.961455 -- INFO: Start Process :: 15
1664822801.962400 -- INFO: Start Process :: 16
1664822801.962633 -- INFO: Start Process :: 14
1664822801.962820 -- INFO: Start Process :: 10
1664822801.963216 -- INFO: Start Process :: 13
1664822801.964670 -- INFO: Start Process :: 22
1664822801.966833 -- INFO: Start Process :: 21
1664822801.967333 -- INFO: Start Process :: 25
1664822801.968166 -- INFO: Start Process :: 20
1664822801.968628 -- INFO: Start Process :: 19
1664822801.968993 -- INFO: Start Process :: 17
1664822801.969802 -- INFO: Start Process :: 23
1664822801.969984 -- INFO: Start Process :: 24
1664822801.970486 -- INFO: Start Process :: 18
1664822801.971118 -- INFO: Start Process :: 28
1664822801.971111 -- INFO: Start Process :: 27
1664822801.971081 -- INFO: Start Process :: 26
1664822801.996755 -- INFO: Process 5 get item 5 from queue and executing
1664822801.997034 -- INFO: starting 5, 5, /users/jamilm/files_to_Send/FILE1
1664822801.996988 -- INFO: Process 6 get item 6 from queue and executing
1664822801.997010 -- INFO: Process 9 get item 7 from queue and executing
1664822801.997347 -- INFO: starting 9, 7, /users/jamilm/files_to_Send/FILE3
1664822801.997414 -- INFO: starting 6, 6, /users/jamilm/files_to_Send/FILE0
1664822801.999060 -- INFO: Process 8 get item 8 from queue and executing
1664822801.999148 -- INFO: Process 7 get item 9 from queue and executing
1664822801.999356 -- INFO: starting 7, 9, /users/jamilm/files_to_Send/FILE1
1664822801.999436 -- INFO: starting 8, 8, /users/jamilm/files_to_Send/FILE2
1664822802.001044 -- INFO: Process 12 get item 10 from queue and executing
1664822802.001343 -- INFO: starting 12, 10, /users/jamilm/files_to_Send/FILE0
1664822802.003541 -- INFO: Process 16 get item 11 from queue and executing
1664822802.003808 -- INFO: Process 14 get item 12 from queue and executing
1664822802.003889 -- INFO: starting 16, 11, /users/jamilm/files_to_Send/FILE3
1664822802.004242 -- INFO: Process 13 get item 13 from queue and executing
1664822802.004267 -- INFO: starting 14, 12, /users/jamilm/files_to_Send/FILE2
1664822802.004290 -- INFO: Process 15 get item 14 from queue and executing
1664822802.004451 -- INFO: Process 11 get item 15 from queue and executing
1664822802.004600 -- INFO: starting 13, 13, /users/jamilm/files_to_Send/FILE1
1664822802.004618 -- INFO: starting 15, 14, /users/jamilm/files_to_Send/FILE0
1664822802.004924 -- INFO: starting 11, 15, /users/jamilm/files_to_Send/FILE3
1664822802.005642 -- INFO: Process 10 get item 16 from queue and executing
1664822802.005951 -- INFO: starting 10, 16, /users/jamilm/files_to_Send/FILE2
1664822802.007655 -- INFO: Process 22 get item 17 from queue and executing
1664822802.008016 -- INFO: starting 22, 17, /users/jamilm/files_to_Send/FILE1
1664822802.010080 -- INFO: Process 19 get item 18 from queue and executing
1664822802.010231 -- INFO: Process 25 get item 19 from queue and executing
1664822802.010360 -- INFO: Process 21 get item 20 from queue and executing
1664822802.010443 -- INFO: starting 19, 18, /users/jamilm/files_to_Send/FILE0
1664822802.010558 -- INFO: starting 25, 19, /users/jamilm/files_to_Send/FILE3
1664822802.010682 -- INFO: Process 20 get item 21 from queue and executing
1664822802.010723 -- INFO: starting 21, 20, /users/jamilm/files_to_Send/FILE2
1664822802.010788 -- INFO: Process 17 get item 22 from queue and executing
1664822802.011137 -- INFO: starting 20, 21, /users/jamilm/files_to_Send/FILE1
1664822802.011160 -- INFO: starting 17, 22, /users/jamilm/files_to_Send/FILE0
1664822802.012584 -- INFO: Process 28 get item 23 from queue and executing
1664822802.012664 -- INFO: Process 23 get item 24 from queue and executing
1664822802.012940 -- INFO: starting 23, 24, /users/jamilm/files_to_Send/FILE2
1664822802.012949 -- INFO: starting 28, 23, /users/jamilm/files_to_Send/FILE3
1664822802.012951 -- INFO: Process 27 get item 25 from queue and executing
1664822802.013106 -- INFO: Process 26 get item 26 from queue and executing
1664822802.013424 -- INFO: starting 27, 25, /users/jamilm/files_to_Send/FILE1
1664822802.013562 -- INFO: starting 26, 26, /users/jamilm/files_to_Send/FILE0
1664822802.014070 -- INFO: Process 24 get item 27 from queue and executing
1664822802.014182 -- INFO: Process 18 get item 28 from queue and executing
1664822802.014348 -- INFO: starting 24, 27, /users/jamilm/files_to_Send/FILE3
1664822802.014552 -- INFO: starting 18, 28, /users/jamilm/files_to_Send/FILE2
1664822802.789039 -- INFO: Throughput @4.1s:1082.13Mbps, rtt :45.57ms cwnd: 350.6 lossRate: 0.0 CC:29 score:-609.0 
1664822803.789030 -- INFO: Throughput @5.1s:956.3Mbps, rtt :45.49ms cwnd: 350.6 lossRate: 0.0 CC:29 score:-539.0 
1664822804.790307 -- INFO: Throughput @6.1s:956.3Mbps, rtt :45.46ms cwnd: 350.6 lossRate: 0.0 CC:29 score:-539.0 
1664822805.154009 -- INFO: Iteration 2 Ends, Took 3.21 Seconds. Best Params: [5] and Score: -813.3333333333334.
1664822805.154131 -- INFO: Iteration 3 Starts ...
1664822805.154675 -- INFO: Changing concurrency to 27 ******
1664822805.154989 -- INFO: Process Status Bits from change concurrency are: 1 1 1 1 1 1 1 1 1 1 1 1 1 1 1 1 1 1 1 1 1 1 1 1 1 1 1 0 0 0 0 0
1664822805.155273 -- INFO: Active CC: 27
1664822805.791564 -- INFO: Throughput @7.1s:931.14Mbps, rtt :45.39ms cwnd: 350.6 lossRate: 0.0 CC:27 score:-546.0 
1664822806.792650 -- INFO: Throughput @8.1s:914.36Mbps, rtt :45.01ms cwnd: 358.2 lossRate: 0.0 CC:27 score:-536.0 
1664822807.793504 -- INFO: Throughput @9.1s:956.3Mbps, rtt :45.14ms cwnd: 358.2 lossRate: 0.0 CC:27 score:-560.0 
1664822808.789464 -- INFO: Throughput @10.1s:931.14Mbps, rtt :45.15ms cwnd: 358.2 lossRate: 0.0 CC:27 score:-546.0 
1664822808.805967 -- INFO: Iteration 3 Ends, Took 3.65 Seconds. Best Params: [5] and Score: -813.3333333333334.
1664822808.806121 -- INFO: Iteration 4 Starts ...
1664822808.806295 -- INFO: Changing concurrency to 1 ******
1664822808.806925 -- INFO: Process Status Bits from change concurrency are: 1 0 0 0 0 0 0 0 0 0 0 0 0 0 0 0 0 0 0 0 0 0 0 0 0 0 0 0 0 0 0 0
1664822808.807379 -- INFO: Active CC: 1
1664822809.798495 -- INFO: Throughput @11.1s:486.54Mbps, rtt :38.88ms cwnd: 1882.0 lossRate: 0 CC:1 score:-477.0 
1664822810.797854 -- INFO: Throughput @12.1s:587.2Mbps, rtt :39.58ms cwnd: 2203.0 lossRate: 0.0 CC:1 score:-576.0 
1664822811.804512 -- INFO: Throughput @13.1s:587.2Mbps, rtt :40.1ms cwnd: 2203.0 lossRate: 0.0 CC:1 score:-576.0 
1664822812.616123 -- INFO: Iteration 4 Ends, Took 3.81 Seconds. Best Params: [5] and Score: -813.3333333333334.
1664822812.616328 -- INFO: Iteration 5 Starts ...
1664822812.617121 -- INFO: Changing concurrency to 5 ******
1664822812.618771 -- INFO: Start Process :: 2
1664822812.618886 -- INFO: Start Process :: 3
1664822812.619022 -- INFO: Start Process :: 1
1664822812.619191 -- INFO: Start Process :: 4
1664822812.622302 -- INFO: Process Status Bits from change concurrency are: 1 1 1 1 1 0 0 0 0 0 0 0 0 0 0 0 0 0 0 0 0 0 0 0 0 0 0 0 0 0 0 0
1664822812.626545 -- INFO: Active CC: 5
1664822812.658458 -- INFO: Process 2 get item 29 from queue and executing
1664822812.658917 -- INFO: starting 2, 29, /users/jamilm/files_to_Send/FILE1
1664822812.658899 -- INFO: Process 4 get item 30 from queue and executing
1664822812.659350 -- INFO: Process 1 get item 31 from queue and executing
1664822812.659425 -- INFO: starting 4, 30, /users/jamilm/files_to_Send/FILE0
1664822812.659727 -- INFO: Process 3 get item 23 from queue and executing
1664822812.659930 -- INFO: starting 1, 31, /users/jamilm/files_to_Send/FILE3
1664822812.660325 -- INFO: starting 3, 23, /users/jamilm/files_to_Send/FILE3
1664822812.801183 -- INFO: Throughput @14.1s:595.59Mbps, rtt :39.4ms cwnd: 504.0 lossRate: 0.0 CC:5 score:-539.0 
1664822813.800592 -- INFO: Throughput @15.1s:780.14Mbps, rtt :40.01ms cwnd: 658.4 lossRate: 0.0 CC:5 score:-707.0 
1664822814.799281 -- INFO: Throughput @16.1s:964.69Mbps, rtt :41.17ms cwnd: 990.0 lossRate: 0.0 CC:5 score:-874.0 
1664822815.802882 -- INFO: Throughput @17.1s:947.91Mbps, rtt :42.12ms cwnd: 1119.2 lossRate: 0.0 CC:5 score:-859.0 
1664822816.295175 -- INFO: Iteration 5 Ends, Took 3.68 Seconds. Best Params: [5] and Score: -813.3333333333334.
1664822816.295334 -- INFO: Iteration 6 Starts ...
1664822816.295586 -- INFO: Changing concurrency to 5 ******
1664822816.302052 -- INFO: Process Status Bits from change concurrency are: 1 1 1 1 1 0 0 0 0 0 0 0 0 0 0 0 0 0 0 0 0 0 0 0 0 0 0 0 0 0 0 0
1664822816.305982 -- INFO: Active CC: 5
1664822816.803492 -- INFO: Throughput @18.1s:956.3Mbps, rtt :41.81ms cwnd: 1119.2 lossRate: 0.0 CC:5 score:-866.0 
1664822817.805672 -- INFO: Throughput @19.1s:939.52Mbps, rtt :41.77ms cwnd: 1119.2 lossRate: 0.0 CC:5 score:-851.0 
1664822818.804320 -- INFO: Throughput @20.1s:947.91Mbps, rtt :41.96ms cwnd: 1119.2 lossRate: 0.0 CC:5 score:-859.0 
1664822819.809885 -- INFO: Throughput @21.1s:922.75Mbps, rtt :42.07ms cwnd: 1119.2 lossRate: 0.0 CC:5 score:-836.0 
1664822819.858511 -- INFO: Iteration 6 Ends, Took 3.56 Seconds. Best Params: [5] and Score: -858.6666666666666.
1664822819.859222 -- INFO: Iteration 7 Starts ...
1664822819.859800 -- INFO: Changing concurrency to 6 ******
1664822819.861170 -- INFO: Process Status Bits from change concurrency are: 1 1 1 1 1 1 0 0 0 0 0 0 0 0 0 0 0 0 0 0 0 0 0 0 0 0 0 0 0 0 0 0
1664822819.862681 -- INFO: Start Process :: 5
1664822819.864614 -- INFO: Active CC: 6
1664822819.904420 -- INFO: Process 5 get item 25 from queue and executing
1664822819.904911 -- INFO: starting 5, 25, /users/jamilm/files_to_Send/FILE1
1664822820.811454 -- INFO: Throughput @22.1s:956.3Mbps, rtt :41.91ms cwnd: 960.7 lossRate: 0.0 CC:6 score:-849.0 
1664822821.811187 -- INFO: Throughput @23.1s:956.3Mbps, rtt :42.09ms cwnd: 1013.0 lossRate: 0.0 CC:6 score:-849.0 
1664822822.810250 -- INFO: Throughput @24.1s:947.91Mbps, rtt :42.07ms cwnd: 1013.0 lossRate: 0.0 CC:6 score:-842.0 
1664822823.388123 -- INFO: Iteration 7 Ends, Took 3.53 Seconds. Best Params: [5] and Score: -858.6666666666666.
1664822823.388352 -- INFO: Iteration 8 Starts ...
1664822823.388966 -- INFO: Changing concurrency to 7 ******
1664822823.391563 -- INFO: Start Process :: 6
1664822823.397172 -- INFO: Process Status Bits from change concurrency are: 1 1 1 1 1 1 1 0 0 0 0 0 0 0 0 0 0 0 0 0 0 0 0 0 0 0 0 0 0 0 0 0
1664822823.401004 -- INFO: Active CC: 7
1664822823.432465 -- INFO: Process 6 get item 6 from queue and executing
1664822823.433218 -- INFO: starting 6, 6, /users/jamilm/files_to_Send/FILE0
1664822823.812799 -- INFO: Throughput @25.1s:947.91Mbps, rtt :41.75ms cwnd: 883.4 lossRate: 0.0 CC:7 score:-825.0 
1664822824.811408 -- INFO: Throughput @26.1s:939.52Mbps, rtt :42.16ms cwnd: 918.4 lossRate: 0.0 CC:7 score:-818.0 
1664822825.816403 -- INFO: Throughput @27.1s:947.91Mbps, rtt :42.96ms cwnd: 983.3 lossRate: 0.0 CC:7 score:-825.0 
1664822826.812948 -- INFO: Throughput @28.1s:956.3Mbps, rtt :43.07ms cwnd: 991.9 lossRate: 0.0 CC:7 score:-833.0 
1664822826.859319 -- INFO: Iteration 8 Ends, Took 3.47 Seconds. Best Params: [5] and Score: -858.6666666666666.
1664822826.859514 -- INFO: Iteration 9 Starts ...
1664822826.859810 -- INFO: Changing concurrency to 13 ******
1664822826.862785 -- INFO: Start Process :: 7
1664822826.863509 -- INFO: Start Process :: 10
1664822826.864006 -- INFO: Start Process :: 12
1664822826.864029 -- INFO: Start Process :: 9
1664822826.864338 -- INFO: Start Process :: 11
1664822826.864947 -- INFO: Process Status Bits from change concurrency are: 1 1 1 1 1 1 1 1 1 1 1 1 1 0 0 0 0 0 0 0 0 0 0 0 0 0 0 0 0 0 0 0
1664822826.864658 -- INFO: Start Process :: 8
1664822826.868489 -- INFO: Active CC: 13
1664822826.905204 -- INFO: Process 7 get item 4 from queue and executing
1664822826.905778 -- INFO: starting 7, 4, /users/jamilm/files_to_Send/FILE2
1664822826.906521 -- INFO: Process 9 get item 0 from queue and executing
1664822826.906636 -- INFO: Process 11 get item 14 from queue and executing
1664822826.906758 -- INFO: Process 12 get item 26 from queue and executing
1664822826.907331 -- INFO: starting 12, 26, /users/jamilm/files_to_Send/FILE0
1664822826.907349 -- INFO: starting 9, 0, /users/jamilm/files_to_Send/FILE2
1664822826.907413 -- INFO: starting 11, 14, /users/jamilm/files_to_Send/FILE0
1664822826.908146 -- INFO: Process 8 get item 7 from queue and executing
1664822826.909523 -- INFO: Process 10 get item 9 from queue and executing
1664822826.910070 -- INFO: starting 8, 7, /users/jamilm/files_to_Send/FILE3
1664822826.910528 -- INFO: starting 10, 9, /users/jamilm/files_to_Send/FILE1
1664822827.814520 -- INFO: Throughput @29.1s:922.75Mbps, rtt :42.87ms cwnd: 591.8 lossRate: 0.0 CC:13 score:-713.0 
1664822828.817250 -- INFO: Throughput @30.1s:973.08Mbps, rtt :43.16ms cwnd: 603.8 lossRate: 0.0 CC:13 score:-752.0 
1664822829.815057 -- INFO: Throughput @31.1s:931.14Mbps, rtt :43.18ms cwnd: 608.1 lossRate: 0.0 CC:13 score:-720.0 
1664822830.551797 -- INFO: Iteration 9 Ends, Took 3.69 Seconds. Best Params: [5] and Score: -858.6666666666666.
1664822830.552093 -- INFO: Iteration 10 Starts ...
1664822830.552597 -- INFO: Changing concurrency to 6 ******
1664822830.558053 -- INFO: Process Status Bits from change concurrency are: 1 1 1 1 1 1 0 0 0 0 0 0 0 0 0 0 0 0 0 0 0 0 0 0 0 0 0 0 0 0 0 0
1664822830.561862 -- INFO: Active CC: 6
1664822830.816164 -- INFO: Throughput @32.1s:914.36Mbps, rtt :42.3ms cwnd: 617.3 lossRate: 0 CC:6 score:-812.0 
1664822831.567846 -- INFO: Process 0 finished on working on file 2 
1664822831.568816 -- INFO: Process 0 get item 11 from queue and executing
1664822831.569515 -- INFO: starting 0, 11, /users/jamilm/files_to_Send/FILE3
1664822831.817545 -- INFO: Throughput @33.1s:936.79Mbps, rtt :42.16ms cwnd: 1013.0 lossRate: 0.0 CC:6 score:-832.0 
1664822832.819486 -- INFO: Throughput @34.1s:956.3Mbps, rtt :42.1ms cwnd: 1013.0 lossRate: 0.0 CC:6 score:-849.0 
1664822833.819227 -- INFO: Throughput @35.1s:931.14Mbps, rtt :42.16ms cwnd: 1013.0 lossRate: 0.0 CC:6 score:-827.0 
1664822834.073954 -- INFO: Iteration 10 Ends, Took 3.52 Seconds. Best Params: [5] and Score: -858.6666666666666.
1664822834.074305 -- INFO: Iteration 11 Starts ...
1664822834.074704 -- INFO: Changing concurrency to 18 ******
1664822834.076583 -- INFO: Start Process :: 6
1664822834.077791 -- INFO: Process Status Bits from change concurrency are: 1 1 1 1 1 1 1 1 1 1 1 1 1 1 1 1 1 1 0 0 0 0 0 0 0 0 0 0 0 0 0 0
1664822834.077628 -- INFO: Start Process :: 9
1664822834.078217 -- INFO: Start Process :: 15
1664822834.078264 -- INFO: Start Process :: 12
1664822834.078803 -- INFO: Start Process :: 11
1664822834.079271 -- INFO: Active CC: 18
1664822834.078204 -- INFO: Start Process :: 8
1664822834.079366 -- INFO: Start Process :: 10
1664822834.080068 -- INFO: Start Process :: 16
1664822834.080580 -- INFO: Start Process :: 7
1664822834.080451 -- INFO: Start Process :: 14
1664822834.081181 -- INFO: Start Process :: 13
1664822834.083817 -- INFO: Start Process :: 17
1664822834.118670 -- INFO: Process 9 get item 15 from queue and executing
1664822834.118774 -- INFO: Process 15 get item 3 from queue and executing
1664822834.119102 -- INFO: starting 9, 15, /users/jamilm/files_to_Send/FILE3
1664822834.119272 -- INFO: starting 15, 3, /users/jamilm/files_to_Send/FILE3
1664822834.120085 -- INFO: Process 8 get item 24 from queue and executing
1664822834.120085 -- INFO: Process 6 get item 8 from queue and executing
1664822834.120230 -- INFO: Process 11 get item 1 from queue and executing
1664822834.120444 -- INFO: starting 6, 8, /users/jamilm/files_to_Send/FILE2
1664822834.120560 -- INFO: Process 16 get item 21 from queue and executing
1664822834.120858 -- INFO: starting 8, 24, /users/jamilm/files_to_Send/FILE2
1664822834.120913 -- INFO: starting 11, 1, /users/jamilm/files_to_Send/FILE1
1664822834.121141 -- INFO: starting 16, 21, /users/jamilm/files_to_Send/FILE1
1664822834.121922 -- INFO: Process 14 get item 28 from queue and executing
1664822834.122063 -- INFO: Process 10 get item 22 from queue and executing
1664822834.122438 -- INFO: Process 7 get item 18 from queue and executing
1664822834.122616 -- INFO: starting 10, 22, /users/jamilm/files_to_Send/FILE0
1664822834.122637 -- INFO: starting 14, 28, /users/jamilm/files_to_Send/FILE2
1664822834.122835 -- INFO: starting 7, 18, /users/jamilm/files_to_Send/FILE0
1664822834.123357 -- INFO: Process 13 get item 12 from queue and executing
1664822834.123688 -- INFO: Process 12 get item 13 from queue and executing
1664822834.124080 -- INFO: starting 12, 13, /users/jamilm/files_to_Send/FILE1
1664822834.124130 -- INFO: starting 13, 12, /users/jamilm/files_to_Send/FILE2
1664822834.124442 -- INFO: Process 17 get item 5 from queue and executing
1664822834.124897 -- INFO: starting 17, 5, /users/jamilm/files_to_Send/FILE1
1664822834.820853 -- INFO: Throughput @36.1s:956.3Mbps, rtt :42.39ms cwnd: 415.2 lossRate: 0.0 CC:18 score:-670.0 
1664822835.821197 -- INFO: Throughput @37.1s:956.3Mbps, rtt :42.88ms cwnd: 434.7 lossRate: 0.0 CC:18 score:-670.0 
1664822836.818707 -- INFO: Throughput @38.1s:956.3Mbps, rtt :42.72ms cwnd: 435.2 lossRate: 0.0 CC:18 score:-670.0 
1664822837.584624 -- INFO: Iteration 11 Ends, Took 3.51 Seconds. Best Params: [5] and Score: -858.6666666666666.
1664822837.585259 -- INFO: Iteration 12 Starts ...
1664822837.585813 -- INFO: Changing concurrency to 9 ******
1664822837.588852 -- INFO: Process Status Bits from change concurrency are: 1 1 1 1 1 1 1 1 1 0 0 0 0 0 0 0 0 0 0 0 0 0 0 0 0 0 0 0 0 0 0 0
1664822837.591864 -- INFO: Active CC: 9
1664822837.823561 -- INFO: Throughput @39.1s:914.36Mbps, rtt :43.24ms cwnd: 457.6 lossRate: 0.0 CC:9 score:-765.0 
1664822838.824115 -- INFO: Throughput @40.1s:956.3Mbps, rtt :42.65ms cwnd: 769.9 lossRate: 0.0 CC:9 score:-800.0 
1664822839.824597 -- INFO: Throughput @41.1s:956.3Mbps, rtt :43.33ms cwnd: 825.6 lossRate: 0.0 CC:9 score:-800.0 
1664822840.830774 -- INFO: Throughput @42.1s:939.52Mbps, rtt :43.62ms cwnd: 836.7 lossRate: 0.0 CC:9 score:-786.0 
1664822841.144276 -- INFO: Iteration 12 Ends, Took 3.56 Seconds. Best Params: [5] and Score: -858.6666666666666.
1664822841.144882 -- INFO: Iteration 13 Starts ...
1664822841.145873 -- INFO: Changing concurrency to 6 ******
1664822841.150397 -- INFO: Process Status Bits from change concurrency are: 1 1 1 1 1 1 0 0 0 0 0 0 0 0 0 0 0 0 0 0 0 0 0 0 0 0 0 0 0 0 0 0
1664822841.155373 -- INFO: Active CC: 6
1664822841.828854 -- INFO: Throughput @43.1s:914.36Mbps, rtt :42.09ms cwnd: 1013.0 lossRate: 0 CC:6 score:-812.0 
1664822842.826270 -- INFO: Throughput @44.1s:947.91Mbps, rtt :42.27ms cwnd: 1013.0 lossRate: 0.0 CC:6 score:-842.0 
1664822843.829595 -- INFO: Throughput @45.1s:931.14Mbps, rtt :41.86ms cwnd: 1013.0 lossRate: 0.0 CC:6 score:-827.0 
1664822844.750125 -- INFO: Iteration 13 Ends, Took 3.6 Seconds. Best Params: [5] and Score: -858.6666666666666.
1664822844.750561 -- INFO: Iteration 14 Starts ...
1664822844.751179 -- INFO: Changing concurrency to 22 ******
1664822844.753762 -- INFO: Start Process :: 7
1664822844.754132 -- INFO: Process Status Bits from change concurrency are: 1 1 1 1 1 1 1 1 1 1 1 1 1 1 1 1 1 1 1 1 1 1 0 0 0 0 0 0 0 0 0 0
1664822844.754346 -- INFO: Start Process :: 14
1664822844.754565 -- INFO: Start Process :: 13
1664822844.754750 -- INFO: Start Process :: 15
1664822844.755582 -- INFO: Active CC: 22
1664822844.755451 -- INFO: Start Process :: 17
1664822844.754057 -- INFO: Start Process :: 11
1664822844.754098 -- INFO: Start Process :: 12
1664822844.755966 -- INFO: Start Process :: 6
1664822844.756661 -- INFO: Start Process :: 18
1664822844.755540 -- INFO: Start Process :: 19
1664822844.755366 -- INFO: Start Process :: 9
1664822844.756924 -- INFO: Start Process :: 20
1664822844.757085 -- INFO: Start Process :: 21
1664822844.758918 -- INFO: Start Process :: 8
1664822844.759395 -- INFO: Start Process :: 10
1664822844.759360 -- INFO: Start Process :: 16
1664822844.793339 -- INFO: Process 7 get item 16 from queue and executing
1664822844.793623 -- INFO: starting 7, 16, /users/jamilm/files_to_Send/FILE2
1664822844.794899 -- INFO: Process 13 get item 19 from queue and executing
1664822844.795277 -- INFO: starting 13, 19, /users/jamilm/files_to_Send/FILE3
1664822844.795365 -- INFO: Process 15 get item 20 from queue and executing
1664822844.795450 -- INFO: Process 14 get item 10 from queue and executing
1664822844.795784 -- INFO: starting 14, 10, /users/jamilm/files_to_Send/FILE0
1664822844.796069 -- INFO: starting 15, 20, /users/jamilm/files_to_Send/FILE2
1664822844.796567 -- INFO: Process 11 get item 17 from queue and executing
1664822844.796689 -- INFO: Process 18 get item 27 from queue and executing
1664822844.796723 -- INFO: Process 12 get item 26 from queue and executing
1664822844.796801 -- INFO: starting 11, 17, /users/jamilm/files_to_Send/FILE1
1664822844.796931 -- INFO: starting 12, 26, /users/jamilm/files_to_Send/FILE0
1664822844.796968 -- INFO: Process 17 get item 6 from queue and executing
1664822844.797031 -- INFO: starting 18, 27, /users/jamilm/files_to_Send/FILE3
1664822844.797220 -- INFO: starting 17, 6, /users/jamilm/files_to_Send/FILE0
1664822844.797596 -- INFO: Process 20 get item 14 from queue and executing
1664822844.797734 -- INFO: Process 9 get item 4 from queue and executing
1664822844.797936 -- INFO: Process 6 get item 7 from queue and executing
1664822844.797974 -- INFO: starting 9, 4, /users/jamilm/files_to_Send/FILE2
1664822844.798023 -- INFO: starting 20, 14, /users/jamilm/files_to_Send/FILE0
1664822844.798041 -- INFO: Process 21 get item 9 from queue and executing
1664822844.798122 -- INFO: starting 6, 7, /users/jamilm/files_to_Send/FILE3
1664822844.798438 -- INFO: starting 21, 9, /users/jamilm/files_to_Send/FILE1
1664822844.800310 -- INFO: Process 8 get item 0 from queue and executing
1664822844.800378 -- INFO: Process 16 get item 1 from queue and executing
1664822844.800483 -- INFO: Process 10 get item 12 from queue and executing
1664822844.800536 -- INFO: starting 8, 0, /users/jamilm/files_to_Send/FILE2
1664822844.800617 -- INFO: starting 16, 1, /users/jamilm/files_to_Send/FILE1
1664822844.800751 -- INFO: starting 10, 12, /users/jamilm/files_to_Send/FILE2
1664822844.800908 -- INFO: Process 19 get item 22 from queue and executing
1664822844.801273 -- INFO: starting 19, 22, /users/jamilm/files_to_Send/FILE0
1664822844.824594 -- INFO: Throughput @46.1s:939.52Mbps, rtt :40.49ms cwnd: 283.5 lossRate: 0.0 CC:22 score:-608.0 
1664822845.831122 -- INFO: Throughput @47.1s:914.36Mbps, rtt :42.39ms cwnd: 342.4 lossRate: 0.0 CC:22 score:-591.0 
1664822846.832516 -- INFO: Throughput @48.1s:956.3Mbps, rtt :42.57ms cwnd: 352.6 lossRate: 0.0 CC:22 score:-619.0 
1664822847.833220 -- INFO: Throughput @49.1s:973.08Mbps, rtt :42.38ms cwnd: 352.9 lossRate: 0.0 CC:22 score:-629.0 
1664822848.281311 -- INFO: Iteration 14 Ends, Took 3.53 Seconds. Best Params: [5] and Score: -858.6666666666666.
1664822848.281966 -- INFO: Iteration 15 Starts ...
1664822848.283020 -- INFO: Changing concurrency to 6 ******
1664822848.285027 -- INFO: Process Status Bits from change concurrency are: 1 1 1 1 1 1 0 0 0 0 0 0 0 0 0 0 0 0 0 0 0 0 0 0 0 0 0 0 0 0 0 0
1664822848.287727 -- INFO: Active CC: 6
1664822848.838954 -- INFO: Throughput @50.1s:939.52Mbps, rtt :42.27ms cwnd: 590.7 lossRate: 0 CC:6 score:-834.0 
1664822849.840069 -- INFO: Throughput @51.1s:931.14Mbps, rtt :42.08ms cwnd: 1013.0 lossRate: 0.0 CC:6 score:-827.0 
1664822850.840351 -- INFO: Throughput @52.1s:939.52Mbps, rtt :42.05ms cwnd: 1013.0 lossRate: 0.0 CC:6 score:-834.0 
1664822851.449933 -- INFO: Process 4 finished on working on file 30 
1664822851.450986 -- INFO: Process 4 get item 28 from queue and executing
1664822851.451954 -- INFO: starting 4, 28, /users/jamilm/files_to_Send/FILE2
1664822851.758887 -- INFO: Iteration 15 Ends, Took 3.48 Seconds. Best Params: [5] and Score: -858.6666666666666.
1664822851.759560 -- INFO: Iteration 16 Starts ...
1664822851.760183 -- INFO: Changing concurrency to 32 ******
1664822851.762074 -- INFO: Start Process :: 6
1664822851.762742 -- INFO: Start Process :: 8
1664822851.762882 -- INFO: Start Process :: 7
1664822851.763065 -- INFO: Start Process :: 10
1664822851.763651 -- INFO: Start Process :: 9
1664822851.764125 -- INFO: Process Status Bits from change concurrency are: 1 1 1 1 1 1 1 1 1 1 1 1 1 1 1 1 1 1 1 1 1 1 1 1 1 1 1 1 1 1 1 1
1664822851.764609 -- INFO: Active CC: 32
1664822851.764669 -- INFO: Start Process :: 14
1664822851.764842 -- INFO: Start Process :: 18
1664822851.765269 -- INFO: Start Process :: 17
1664822851.765471 -- INFO: Start Process :: 21
1664822851.765582 -- INFO: Start Process :: 16
1664822851.765470 -- INFO: Start Process :: 20
1664822851.765626 -- INFO: Start Process :: 15
1664822851.765574 -- INFO: Start Process :: 13
1664822851.765602 -- INFO: Start Process :: 27
1664822851.766234 -- INFO: Start Process :: 11
1664822851.766391 -- INFO: Start Process :: 19
1664822851.766856 -- INFO: Start Process :: 25
1664822851.767173 -- INFO: Start Process :: 23
1664822851.767025 -- INFO: Start Process :: 26
1664822851.767032 -- INFO: Start Process :: 24
1664822851.768010 -- INFO: Start Process :: 28
1664822851.767360 -- INFO: Start Process :: 12
1664822851.768517 -- INFO: Start Process :: 22
1664822851.772217 -- INFO: Start Process :: 31
1664822851.773238 -- INFO: Start Process :: 29
1664822851.781561 -- INFO: Start Process :: 30
1664822851.802710 -- INFO: Process 6 get item 21 from queue and executing
1664822851.803071 -- INFO: starting 6, 21, /users/jamilm/files_to_Send/FILE1
1664822851.803486 -- INFO: Process 10 get item 3 from queue and executing
1664822851.804043 -- INFO: starting 10, 3, /users/jamilm/files_to_Send/FILE3
1664822851.806110 -- INFO: Process 7 get item 5 from queue and executing
1664822851.806586 -- INFO: Process 8 get item 15 from queue and executing
1664822851.806624 -- INFO: starting 7, 5, /users/jamilm/files_to_Send/FILE1
1664822851.807155 -- INFO: starting 8, 15, /users/jamilm/files_to_Send/FILE3
1664822851.807623 -- INFO: Process 13 get item 13 from queue and executing
1664822851.807980 -- INFO: starting 13, 13, /users/jamilm/files_to_Send/FILE1
1664822851.808427 -- INFO: Process 17 get item 18 from queue and executing
1664822851.808771 -- INFO: starting 17, 18, /users/jamilm/files_to_Send/FILE0
1664822851.809179 -- INFO: Process 18 get item 8 from queue and executing
1664822851.809327 -- INFO: Process 11 get item 24 from queue and executing
1664822851.809344 -- INFO: Process 14 get item 14 from queue and executing
1664822851.809424 -- INFO: Process 20 get item 12 from queue and executing
1664822851.809735 -- INFO: starting 11, 24, /users/jamilm/files_to_Send/FILE2
1664822851.809729 -- INFO: Process 27 get item 27 from queue and executing
1664822851.809811 -- INFO: starting 18, 8, /users/jamilm/files_to_Send/FILE2
1664822851.809937 -- INFO: Process 28 get item 20 from queue and executing
1664822851.810066 -- INFO: starting 14, 14, /users/jamilm/files_to_Send/FILE0
1664822851.809958 -- INFO: Process 22 get item 0 from queue and executing
1664822851.809973 -- INFO: starting 20, 12, /users/jamilm/files_to_Send/FILE2
1664822851.810435 -- INFO: Process 21 get item 9 from queue and executing
1664822851.810542 -- INFO: starting 28, 20, /users/jamilm/files_to_Send/FILE2
1664822851.810747 -- INFO: starting 27, 27, /users/jamilm/files_to_Send/FILE3
1664822851.810971 -- INFO: Process 19 get item 26 from queue and executing
1664822851.811043 -- INFO: starting 21, 9, /users/jamilm/files_to_Send/FILE1
1664822851.811057 -- INFO: Process 15 get item 19 from queue and executing
1664822851.810612 -- INFO: Process 16 get item 16 from queue and executing
1664822851.811267 -- INFO: starting 19, 26, /users/jamilm/files_to_Send/FILE0
1664822851.811356 -- INFO: Process 26 get item 17 from queue and executing
1664822851.811422 -- INFO: starting 16, 16, /users/jamilm/files_to_Send/FILE2
1664822851.811427 -- INFO: starting 15, 19, /users/jamilm/files_to_Send/FILE3
1664822851.811818 -- INFO: starting 22, 0, /users/jamilm/files_to_Send/FILE2
1664822851.812030 -- INFO: starting 26, 17, /users/jamilm/files_to_Send/FILE1
1664822851.812704 -- INFO: Process 12 get item 1 from queue and executing
1664822851.813354 -- INFO: starting 12, 1, /users/jamilm/files_to_Send/FILE1
1664822851.813626 -- INFO: Process 24 get item 6 from queue and executing
1664822851.813830 -- INFO: Process 9 get item 4 from queue and executing
1664822851.813905 -- INFO: Process 31 get item 7 from queue and executing
1664822851.813344 -- INFO: Process 23 get item 10 from queue and executing
1664822851.814246 -- INFO: starting 9, 4, /users/jamilm/files_to_Send/FILE2
1664822851.814251 -- INFO: starting 31, 7, /users/jamilm/files_to_Send/FILE3
1664822851.814282 -- INFO: starting 24, 6, /users/jamilm/files_to_Send/FILE0
1664822851.814499 -- INFO: Process 25 get item 22 from queue and executing
1664822851.815193 -- INFO: starting 25, 22, /users/jamilm/files_to_Send/FILE0
1664822851.815456 -- INFO: starting 23, 10, /users/jamilm/files_to_Send/FILE0
1664822851.849767 -- INFO: Throughput @53.1s:936.79Mbps, rtt :40.34ms cwnd: 198.5 lossRate: 0.0 CC:32 score:-497.0 
1664822852.840261 -- INFO: Throughput @54.1s:947.91Mbps, rtt :42.83ms cwnd: 267.6 lossRate: 0.0 CC:32 score:-503.0 
1664822853.839945 -- INFO: Throughput @55.1s:947.91Mbps, rtt :43.12ms cwnd: 268.5 lossRate: 0.0 CC:32 score:-503.0 
1664822854.839041 -- INFO: Throughput @56.1s:905.97Mbps, rtt :42.99ms cwnd: 270.5 lossRate: 0.0 CC:32 score:-481.0 
1664822855.289237 -- INFO: Iteration 16 Ends, Took 3.53 Seconds. Best Params: [5] and Score: -858.6666666666666.
1664822855.289727 -- INFO: Iteration 17 Starts ...
1664822855.290793 -- INFO: Changing concurrency to 7 ******
1664822855.291386 -- INFO: Process Status Bits from change concurrency are: 1 1 1 1 1 1 1 0 0 0 0 0 0 0 0 0 0 0 0 0 0 0 0 0 0 0 0 0 0 0 0 0
1664822855.292165 -- INFO: Active CC: 7
1664822855.845429 -- INFO: Throughput @57.1s:973.08Mbps, rtt :42.49ms cwnd: 511.7 lossRate: 0 CC:7 score:-847.0 
1664822856.109493 -- INFO: Process 2 finished on working on file 29 
1664822856.110868 -- INFO: Process 2 get item 3 from queue and executing
1664822856.111368 -- INFO: starting 2, 3, /users/jamilm/files_to_Send/FILE3
1664822856.847497 -- INFO: Throughput @58.1s:936.79Mbps, rtt :41.71ms cwnd: 882.9 lossRate: 0.0 CC:7 score:-816.0 
1664822857.849121 -- INFO: Throughput @59.1s:973.08Mbps, rtt :42.05ms cwnd: 904.7 lossRate: 0.0 CC:7 score:-847.0 
1664822858.860897 -- INFO: Iteration 17 Ends, Took 3.57 Seconds. Best Params: [5] and Score: -858.6666666666666.
1664822858.861597 -- INFO: Iteration 18 Starts ...
1664822858.862762 -- INFO: Changing concurrency to 7 ******
1664822858.865577 -- INFO: Throughput @60.1s:939.52Mbps, rtt :42.12ms cwnd: 917.0 lossRate: 0.0 CC:7 score:-818.0 
1664822858.868935 -- INFO: Process Status Bits from change concurrency are: 1 1 1 1 1 1 1 0 0 0 0 0 0 0 0 0 0 0 0 0 0 0 0 0 0 0 0 0 0 0 0 0
1664822858.877342 -- INFO: Active CC: 7
1664822859.847755 -- INFO: Throughput @61.1s:939.52Mbps, rtt :42.1ms cwnd: 917.0 lossRate: 0.0 CC:7 score:-818.0 
1664822860.848199 -- INFO: Throughput @62.1s:939.52Mbps, rtt :42.09ms cwnd: 917.0 lossRate: 0.0 CC:7 score:-818.0 
1664822861.848314 -- INFO: Throughput @63.1s:939.52Mbps, rtt :42.11ms cwnd: 917.0 lossRate: 0.0 CC:7 score:-818.0 
1664822862.392222 -- INFO: Iteration 18 Ends, Took 3.53 Seconds. Best Params: [5] and Score: -858.6666666666666.
1664822862.392580 -- INFO: Iteration 19 Starts ...
1664822862.393150 -- INFO: Changing concurrency to 6 ******
1664822862.398937 -- INFO: Process Status Bits from change concurrency are: 1 1 1 1 1 1 0 0 0 0 0 0 0 0 0 0 0 0 0 0 0 0 0 0 0 0 0 0 0 0 0 0
1664822862.405018 -- INFO: Active CC: 6
1664822862.853002 -- INFO: Throughput @64.1s:931.14Mbps, rtt :42.17ms cwnd: 1013.0 lossRate: 0.0 CC:6 score:-827.0 
1664822863.851320 -- INFO: Throughput @65.1s:939.52Mbps, rtt :42.34ms cwnd: 1013.0 lossRate: 0.0 CC:6 score:-834.0 
1664822864.854732 -- INFO: Throughput @66.1s:939.52Mbps, rtt :42.16ms cwnd: 1013.0 lossRate: 0.0 CC:6 score:-834.0 
1664822865.858434 -- INFO: Throughput @67.1s:947.91Mbps, rtt :42.06ms cwnd: 1013.0 lossRate: 0.0 CC:6 score:-842.0 
1664822866.054586 -- INFO: Iteration 19 Ends, Took 3.66 Seconds. Best Params: [5] and Score: -858.6666666666666.
1664822866.054843 -- INFO: Iteration 20 Starts ...
1664822866.055379 -- INFO: Changing concurrency to 6 ******
1664822866.061523 -- INFO: Process Status Bits from change concurrency are: 1 1 1 1 1 1 0 0 0 0 0 0 0 0 0 0 0 0 0 0 0 0 0 0 0 0 0 0 0 0 0 0
1664822866.065797 -- INFO: Active CC: 6
1664822866.856694 -- INFO: Throughput @68.1s:947.91Mbps, rtt :41.9ms cwnd: 1013.0 lossRate: 0.0 CC:6 score:-842.0 
1664822867.856956 -- INFO: Throughput @69.1s:931.14Mbps, rtt :41.96ms cwnd: 1013.0 lossRate: 0.0 CC:6 score:-827.0 
1664822868.858501 -- INFO: Throughput @70.1s:939.52Mbps, rtt :41.89ms cwnd: 1013.0 lossRate: 0.0 CC:6 score:-834.0 
1664822869.694028 -- INFO: Iteration 20 Ends, Took 3.64 Seconds. Best Params: [5] and Score: -858.6666666666666.
1664822869.694752 -- INFO: Iteration 21 Starts ...
1664822869.695543 -- INFO: Changing concurrency to 11 ******
1664822869.698252 -- INFO: Process Status Bits from change concurrency are: 1 1 1 1 1 1 1 1 1 1 1 0 0 0 0 0 0 0 0 0 0 0 0 0 0 0 0 0 0 0 0 0
1664822869.698372 -- INFO: Start Process :: 6
1664822869.698460 -- INFO: Start Process :: 8
1664822869.698659 -- INFO: Start Process :: 7
1664822869.700424 -- INFO: Start Process :: 9
1664822869.700776 -- INFO: Start Process :: 10
1664822869.702233 -- INFO: Active CC: 11
1664822869.740325 -- INFO: Process 8 get item 26 from queue and executing
1664822869.740650 -- INFO: Process 6 get item 12 from queue and executing
1664822869.740747 -- INFO: starting 8, 26, /users/jamilm/files_to_Send/FILE0
1664822869.741022 -- INFO: starting 6, 12, /users/jamilm/files_to_Send/FILE2
1664822869.741804 -- INFO: Process 7 get item 16 from queue and executing
1664822869.742141 -- INFO: starting 7, 16, /users/jamilm/files_to_Send/FILE2
1664822869.742132 -- INFO: Process 10 get item 13 from queue and executing
1664822869.742406 -- INFO: Process 9 get item 24 from queue and executing
1664822869.742466 -- INFO: starting 10, 13, /users/jamilm/files_to_Send/FILE1
1664822869.742696 -- INFO: starting 9, 24, /users/jamilm/files_to_Send/FILE2
1664822869.826081 -- INFO: Process 0 finished on working on file 11 
1664822869.826897 -- INFO: Process 0 get item 7 from queue and executing
1664822869.827592 -- INFO: starting 0, 7, /users/jamilm/files_to_Send/FILE3
1664822869.858958 -- INFO: Throughput @71.1s:945.18Mbps, rtt :41.8ms cwnd: 570.7 lossRate: 0.0 CC:11 score:-760.0 
1664822870.861723 -- INFO: Throughput @72.1s:998.24Mbps, rtt :42.9ms cwnd: 690.5 lossRate: 0.0 CC:11 score:-803.0 
1664822871.865676 -- INFO: Throughput @73.1s:956.3Mbps, rtt :43.53ms cwnd: 696.5 lossRate: 0.0 CC:11 score:-769.0 
1664822872.861306 -- INFO: Throughput @74.1s:947.91Mbps, rtt :43.15ms cwnd: 712.8 lossRate: 0.0 CC:11 score:-762.0 
1664822873.265228 -- INFO: Iteration 21 Ends, Took 3.57 Seconds. Best Params: [5] and Score: -858.6666666666666.
1664822873.265654 -- INFO: Iteration 22 Starts ...
1664822873.266680 -- INFO: Changing concurrency to 6 ******
1664822873.271651 -- INFO: Process Status Bits from change concurrency are: 1 1 1 1 1 1 0 0 0 0 0 0 0 0 0 0 0 0 0 0 0 0 0 0 0 0 0 0 0 0 0 0
1664822873.277412 -- INFO: Active CC: 6
1664822873.866149 -- INFO: Throughput @75.1s:872.42Mbps, rtt :42.47ms cwnd: 888.1 lossRate: 0 CC:6 score:-775.0 
1664822874.865489 -- INFO: Throughput @76.1s:939.52Mbps, rtt :42.03ms cwnd: 1013.0 lossRate: 0.0 CC:6 score:-834.0 
1664822875.866349 -- INFO: Throughput @77.1s:939.52Mbps, rtt :42.24ms cwnd: 1013.0 lossRate: 0.0 CC:6 score:-834.0 
1664822876.877547 -- INFO: Throughput @78.1s:947.91Mbps, rtt :42.22ms cwnd: 1013.0 lossRate: 0.0 CC:6 score:-842.0 
1664822876.883838 -- INFO: Iteration 22 Ends, Took 3.62 Seconds. Best Params: [5] and Score: -858.6666666666666.
1664822876.884472 -- INFO: Iteration 23 Starts ...
1664822876.885605 -- INFO: Changing concurrency to 6 ******
1664822876.890407 -- INFO: Process Status Bits from change concurrency are: 1 1 1 1 1 1 0 0 0 0 0 0 0 0 0 0 0 0 0 0 0 0 0 0 0 0 0 0 0 0 0 0
1664822876.896100 -- INFO: Active CC: 6
1664822877.866700 -- INFO: Throughput @79.1s:947.91Mbps, rtt :42.16ms cwnd: 1013.0 lossRate: 0.0 CC:6 score:-842.0 
1664822878.868067 -- INFO: Throughput @80.1s:939.52Mbps, rtt :42.07ms cwnd: 1013.0 lossRate: 0.0 CC:6 score:-834.0 
1664822879.870138 -- INFO: Throughput @81.1s:939.52Mbps, rtt :42.21ms cwnd: 1013.0 lossRate: 0.0 CC:6 score:-834.0 
1664822880.458486 -- INFO: Iteration 23 Ends, Took 3.57 Seconds. Best Params: [5] and Score: -858.6666666666666.
1664822880.459175 -- INFO: Iteration 24 Starts ...
1664822880.460352 -- INFO: Changing concurrency to 6 ******
1664822880.465339 -- INFO: Process Status Bits from change concurrency are: 1 1 1 1 1 1 0 0 0 0 0 0 0 0 0 0 0 0 0 0 0 0 0 0 0 0 0 0 0 0 0 0
1664822880.470944 -- INFO: Active CC: 6
1664822880.872963 -- INFO: Throughput @82.1s:939.52Mbps, rtt :42.22ms cwnd: 1013.0 lossRate: 0.0 CC:6 score:-834.0 
1664822881.874740 -- INFO: Throughput @83.1s:939.52Mbps, rtt :42.43ms cwnd: 1013.0 lossRate: 0.0 CC:6 score:-834.0 
1664822882.876307 -- INFO: Throughput @84.1s:947.91Mbps, rtt :42.14ms cwnd: 1013.0 lossRate: 0.0 CC:6 score:-842.0 
1664822883.875957 -- INFO: Throughput @85.1s:947.91Mbps, rtt :42.11ms cwnd: 1013.0 lossRate: 0.0 CC:6 score:-842.0 
1664822884.028822 -- INFO: Iteration 24 Ends, Took 3.57 Seconds. Best Params: [5] and Score: -858.6666666666666.
1664822884.029501 -- INFO: Iteration 25 Starts ...
1664822884.030310 -- INFO: Changing concurrency to 6 ******
1664822884.038079 -- INFO: Process Status Bits from change concurrency are: 1 1 1 1 1 1 0 0 0 0 0 0 0 0 0 0 0 0 0 0 0 0 0 0 0 0 0 0 0 0 0 0
1664822884.042863 -- INFO: Active CC: 6
1664822884.874017 -- INFO: Throughput @86.1s:931.14Mbps, rtt :42.18ms cwnd: 1013.0 lossRate: 0.0 CC:6 score:-827.0 
1664822885.572860 -- INFO: Process 4 finished on working on file 28 
1664822885.575548 -- INFO: Process 4 get item 22 from queue and executing
1664822885.576454 -- INFO: starting 4, 22, /users/jamilm/files_to_Send/FILE0
1664822885.873761 -- INFO: Throughput @87.1s:945.18Mbps, rtt :42.23ms cwnd: 1013.0 lossRate: 0.0 CC:6 score:-839.0 
1664822886.875579 -- INFO: Throughput @88.1s:956.3Mbps, rtt :41.95ms cwnd: 1013.0 lossRate: 0.0 CC:6 score:-849.0 
1664822887.621737 -- INFO: Iteration 25 Ends, Took 3.59 Seconds. Best Params: [5] and Score: -858.6666666666666.
1664822887.621907 -- INFO: Iteration 26 Starts ...
1664822887.622265 -- INFO: Changing concurrency to 6 ******
1664822887.629693 -- INFO: Process Status Bits from change concurrency are: 1 1 1 1 1 1 0 0 0 0 0 0 0 0 0 0 0 0 0 0 0 0 0 0 0 0 0 0 0 0 0 0
1664822887.636656 -- INFO: Active CC: 6
1664822887.874680 -- INFO: Throughput @89.1s:939.52Mbps, rtt :41.84ms cwnd: 1013.0 lossRate: 0.0 CC:6 score:-834.0 
1664822888.231372 -- INFO: Process 2 finished on working on file 3 
1664822888.233684 -- INFO: Process 2 get item 27 from queue and executing
1664822888.234297 -- INFO: starting 2, 27, /users/jamilm/files_to_Send/FILE3
1664822888.878126 -- INFO: Throughput @90.1s:945.18Mbps, rtt :42.05ms cwnd: 1013.0 lossRate: 0.0 CC:6 score:-839.0 
1664822889.879759 -- INFO: Throughput @91.1s:939.52Mbps, rtt :42.09ms cwnd: 1013.0 lossRate: 0.0 CC:6 score:-834.0 
1664822890.877756 -- INFO: Throughput @92.1s:939.52Mbps, rtt :42.2ms cwnd: 1013.0 lossRate: 0.0 CC:6 score:-834.0 
1664822891.210454 -- INFO: Iteration 26 Ends, Took 3.59 Seconds. Best Params: [5] and Score: -858.6666666666666.
1664822891.210900 -- INFO: Iteration 27 Starts ...
1664822891.211991 -- INFO: Changing concurrency to 6 ******
1664822891.220182 -- INFO: Process Status Bits from change concurrency are: 1 1 1 1 1 1 0 0 0 0 0 0 0 0 0 0 0 0 0 0 0 0 0 0 0 0 0 0 0 0 0 0
1664822891.224547 -- INFO: Active CC: 6
1664822891.882368 -- INFO: Throughput @93.1s:947.91Mbps, rtt :42.02ms cwnd: 1013.0 lossRate: 0.0 CC:6 score:-842.0 
1664822892.884139 -- INFO: Throughput @94.1s:939.52Mbps, rtt :42.24ms cwnd: 1013.0 lossRate: 0.0 CC:6 score:-834.0 
1664822893.885281 -- INFO: Throughput @95.1s:939.52Mbps, rtt :42.43ms cwnd: 1013.0 lossRate: 0.0 CC:6 score:-834.0 
1664822894.909105 -- INFO: Iteration 27 Ends, Took 3.7 Seconds. Best Params: [5] and Score: -858.6666666666666.
1664822894.909848 -- INFO: Iteration 28 Starts ...
1664822894.911133 -- INFO: Changing concurrency to 5 ******
1664822894.911177 -- INFO: Throughput @96.1s:939.52Mbps, rtt :42.06ms cwnd: 1013.0 lossRate: 0.0 CC:6 score:-834.0 
1664822894.920088 -- INFO: Process Status Bits from change concurrency are: 1 1 1 1 1 0 0 0 0 0 0 0 0 0 0 0 0 0 0 0 0 0 0 0 0 0 0 0 0 0 0 0
1664822894.922633 -- INFO: Active CC: 5
1664822895.885308 -- INFO: Throughput @97.1s:922.75Mbps, rtt :42.12ms cwnd: 1119.2 lossRate: 0 CC:5 score:-836.0 
1664822896.885775 -- INFO: Throughput @98.1s:947.91Mbps, rtt :41.95ms cwnd: 1119.2 lossRate: 0.0 CC:5 score:-859.0 
1664822897.884087 -- INFO: Throughput @99.1s:939.52Mbps, rtt :42.08ms cwnd: 1119.2 lossRate: 0.0 CC:5 score:-851.0 
1664822898.696257 -- INFO: Iteration 28 Ends, Took 3.79 Seconds. Best Params: [5] and Score: -858.6666666666666.
1664822898.696675 -- INFO: Iteration 29 Starts ...
1664822898.697880 -- INFO: Changing concurrency to 5 ******
1664822898.704095 -- INFO: Process Status Bits from change concurrency are: 1 1 1 1 1 0 0 0 0 0 0 0 0 0 0 0 0 0 0 0 0 0 0 0 0 0 0 0 0 0 0 0
1664822898.709557 -- INFO: Active CC: 5
1664822898.885595 -- INFO: Throughput @100.2s:861.74Mbps, rtt :42.16ms cwnd: 1119.2 lossRate: 0.0 CC:5 score:-781.0 
1664822899.888470 -- INFO: Throughput @101.2s:931.14Mbps, rtt :42.09ms cwnd: 1119.2 lossRate: 0.0 CC:5 score:-843.0 
1664822900.888425 -- INFO: Throughput @102.2s:956.3Mbps, rtt :42.58ms cwnd: 1250.2 lossRate: 0.0 CC:5 score:-866.0 
1664822901.889120 -- INFO: Throughput @103.2s:931.14Mbps, rtt :42.44ms cwnd: 1250.2 lossRate: 0.0 CC:5 score:-843.0 
1664822902.272892 -- INFO: Iteration 29 Ends, Took 3.58 Seconds. Best Params: [5] and Score: -858.6666666666666.
1664822902.273154 -- INFO: Iteration 30 Starts ...
1664822902.273585 -- INFO: Changing concurrency to 5 ******
1664822902.279480 -- INFO: Process Status Bits from change concurrency are: 1 1 1 1 1 0 0 0 0 0 0 0 0 0 0 0 0 0 0 0 0 0 0 0 0 0 0 0 0 0 0 0
1664822902.284824 -- INFO: Active CC: 5
1664822902.805844 -- INFO: Process 0 finished on working on file 7 
1664822902.808253 -- INFO: Process 0 get item 8 from queue and executing
1664822902.808849 -- INFO: starting 0, 8, /users/jamilm/files_to_Send/FILE2
1664822902.892114 -- INFO: Throughput @104.2s:936.79Mbps, rtt :42.59ms cwnd: 1250.2 lossRate: 0.0 CC:5 score:-848.0 
1664822903.892764 -- INFO: Throughput @105.2s:947.91Mbps, rtt :42.52ms cwnd: 1250.2 lossRate: 0.0 CC:5 score:-859.0 
1664822904.892170 -- INFO: Throughput @106.2s:947.91Mbps, rtt :42.64ms cwnd: 1250.2 lossRate: 0.0 CC:5 score:-859.0 
1664822905.770135 -- INFO: Iteration 30 Ends, Took 3.5 Seconds. Best Params: [5] and Score: -858.6666666666666.
1664822905.770397 -- INFO: Iteration 31 Starts ...
1664822905.770730 -- INFO: Changing concurrency to 1 ******
1664822905.776783 -- INFO: Process Status Bits from change concurrency are: 1 0 0 0 0 0 0 0 0 0 0 0 0 0 0 0 0 0 0 0 0 0 0 0 0 0 0 0 0 0 0 0
1664822905.781616 -- INFO: Active CC: 1
1664822905.896373 -- INFO: Throughput @107.2s:905.97Mbps, rtt :40.37ms cwnd: 1157.0 lossRate: 0 CC:1 score:-888.0 
1664822906.894595 -- INFO: Throughput @108.2s:587.2Mbps, rtt :39.69ms cwnd: 2203.0 lossRate: 0 CC:1 score:-576.0 
1664822907.897211 -- INFO: Throughput @109.2s:595.59Mbps, rtt :39.71ms cwnd: 2203.0 lossRate: 0.0 CC:1 score:-584.0 
1664822908.896099 -- INFO: Throughput @110.2s:587.2Mbps, rtt :39.69ms cwnd: 2203.0 lossRate: 0.0 CC:1 score:-576.0 
1664822909.463391 -- INFO: Iteration 31 Ends, Took 3.69 Seconds. Best Params: [5] and Score: -858.6666666666666.
1664822909.463644 -- INFO: Iteration 32 Starts ...
1664822909.464012 -- INFO: Changing concurrency to 4 ******
1664822909.464805 -- INFO: Start Process :: 2
1664822909.464765 -- INFO: Start Process :: 1
1664822909.464988 -- INFO: Start Process :: 3
1664822909.469210 -- INFO: Process Status Bits from change concurrency are: 1 1 1 1 0 0 0 0 0 0 0 0 0 0 0 0 0 0 0 0 0 0 0 0 0 0 0 0 0 0 0 0
1664822909.474925 -- INFO: Active CC: 4
1664822909.504163 -- INFO: Process 2 get item 20 from queue and executing
1664822909.504395 -- INFO: Process 1 get item 1 from queue and executing
1664822909.504468 -- INFO: Process 3 get item 18 from queue and executing
1664822909.504512 -- INFO: starting 2, 20, /users/jamilm/files_to_Send/FILE2
1664822909.504771 -- INFO: starting 3, 18, /users/jamilm/files_to_Send/FILE0
1664822909.505207 -- INFO: starting 1, 1, /users/jamilm/files_to_Send/FILE1
1664822909.900348 -- INFO: Throughput @111.2s:704.64Mbps, rtt :39.68ms cwnd: 933.5 lossRate: 0.0 CC:4 score:-651.0 
1664822910.896246 -- INFO: Throughput @112.2s:939.52Mbps, rtt :42.05ms cwnd: 1269.8 lossRate: 0.0 CC:4 score:-868.0 
1664822911.902966 -- INFO: Throughput @113.2s:939.52Mbps, rtt :42.02ms cwnd: 1269.8 lossRate: 0.0 CC:4 score:-868.0 
1664822912.900930 -- INFO: Throughput @114.2s:947.91Mbps, rtt :42.14ms cwnd: 1269.8 lossRate: 0.0 CC:4 score:-876.0 
1664822913.079437 -- INFO: Iteration 32 Ends, Took 3.62 Seconds. Best Params: [5] and Score: -855.3333333333334.
1664822913.079710 -- INFO: Iteration 33 Starts ...
1664822913.080112 -- INFO: Changing concurrency to 27 ******
1664822913.082287 -- INFO: Start Process :: 4
1664822913.083143 -- INFO: Start Process :: 5
1664822913.084247 -- INFO: Start Process :: 7
1664822913.084664 -- INFO: Start Process :: 10
1664822913.085098 -- INFO: Process Status Bits from change concurrency are: 1 1 1 1 1 1 1 1 1 1 1 1 1 1 1 1 1 1 1 1 1 1 1 1 1 1 1 0 0 0 0 0
1664822913.085253 -- INFO: Start Process :: 15
1664822913.085577 -- INFO: Start Process :: 11
1664822913.085685 -- INFO: Start Process :: 9
1664822913.084410 -- INFO: Start Process :: 13
1664822913.085294 -- INFO: Start Process :: 8
1664822913.085858 -- INFO: Start Process :: 17
1664822913.086243 -- INFO: Start Process :: 24
1664822913.086298 -- INFO: Start Process :: 14
1664822913.084821 -- INFO: Start Process :: 12
1664822913.086709 -- INFO: Start Process :: 20
1664822913.085775 -- INFO: Start Process :: 19
1664822913.087138 -- INFO: Active CC: 27
1664822913.087015 -- INFO: Start Process :: 25
1664822913.087101 -- INFO: Start Process :: 26
1664822913.086757 -- INFO: Start Process :: 18
1664822913.087305 -- INFO: Start Process :: 22
1664822913.087268 -- INFO: Start Process :: 6
1664822913.088149 -- INFO: Start Process :: 23
1664822913.089019 -- INFO: Start Process :: 21
1664822913.090129 -- INFO: Start Process :: 16
1664822913.124814 -- INFO: Process 4 get item 14 from queue and executing
1664822913.125134 -- INFO: starting 4, 14, /users/jamilm/files_to_Send/FILE0
1664822913.126552 -- INFO: Process 12 get item 17 from queue and executing
1664822913.126807 -- INFO: Process 17 get item 0 from queue and executing
1664822913.126982 -- INFO: starting 12, 17, /users/jamilm/files_to_Send/FILE1
1664822913.127022 -- INFO: Process 5 get item 9 from queue and executing
1664822913.127198 -- INFO: starting 17, 0, /users/jamilm/files_to_Send/FILE2
1664822913.127208 -- INFO: Process 7 get item 19 from queue and executing
1664822913.127429 -- INFO: Process 8 get item 4 from queue and executing
1664822913.127527 -- INFO: starting 5, 9, /users/jamilm/files_to_Send/FILE1
1664822913.127515 -- INFO: Process 20 get item 10 from queue and executing
1664822913.127736 -- INFO: starting 7, 19, /users/jamilm/files_to_Send/FILE3
1664822913.127793 -- INFO: Process 10 get item 15 from queue and executing
1664822913.127854 -- INFO: starting 8, 4, /users/jamilm/files_to_Send/FILE2
1664822913.127847 -- INFO: starting 20, 10, /users/jamilm/files_to_Send/FILE0
1664822913.127867 -- INFO: Process 11 get item 5 from queue and executing
1664822913.128135 -- INFO: starting 10, 15, /users/jamilm/files_to_Send/FILE3
1664822913.128221 -- INFO: starting 11, 5, /users/jamilm/files_to_Send/FILE1
1664822913.128458 -- INFO: Process 15 get item 6 from queue and executing
1664822913.128878 -- INFO: starting 15, 6, /users/jamilm/files_to_Send/FILE0
1664822913.129014 -- INFO: Process 25 get item 21 from queue and executing
1664822913.129137 -- INFO: Process 18 get item 24 from queue and executing
1664822913.129417 -- INFO: starting 25, 21, /users/jamilm/files_to_Send/FILE1
1664822913.129603 -- INFO: Process 19 get item 26 from queue and executing
1664822913.129643 -- INFO: starting 18, 24, /users/jamilm/files_to_Send/FILE2
1664822913.129699 -- INFO: Process 14 get item 13 from queue and executing
1664822913.129940 -- INFO: Process 13 get item 12 from queue and executing
1664822913.130028 -- INFO: starting 19, 26, /users/jamilm/files_to_Send/FILE0
1664822913.130031 -- INFO: Process 9 get item 16 from queue and executing
1664822913.130174 -- INFO: starting 14, 13, /users/jamilm/files_to_Send/FILE1
1664822913.130294 -- INFO: Process 24 get item 25 from queue and executing
1664822913.130418 -- INFO: starting 13, 12, /users/jamilm/files_to_Send/FILE2
1664822913.130501 -- INFO: starting 9, 16, /users/jamilm/files_to_Send/FILE2
1664822913.130612 -- INFO: Process 21 get item 27 from queue and executing
1664822913.130714 -- INFO: starting 24, 25, /users/jamilm/files_to_Send/FILE1
1664822913.130687 -- INFO: Process 26 get item 22 from queue and executing
1664822913.130824 -- INFO: Process 6 get item 31 from queue and executing
1664822913.130991 -- INFO: starting 21, 27, /users/jamilm/files_to_Send/FILE3
1664822913.131141 -- INFO: starting 26, 22, /users/jamilm/files_to_Send/FILE0
1664822913.131341 -- INFO: Process 22 get item 23 from queue and executing
1664822913.131588 -- INFO: starting 6, 31, /users/jamilm/files_to_Send/FILE3
1664822913.131662 -- INFO: starting 22, 23, /users/jamilm/files_to_Send/FILE3
1664822913.896365 -- INFO: Throughput @115.2s:1115.68Mbps, rtt :45.34ms cwnd: 394.7 lossRate: 0.0 CC:27 score:-654.0 
1664822914.898738 -- INFO: Throughput @116.2s:897.58Mbps, rtt :45.51ms cwnd: 394.7 lossRate: 0.0 CC:27 score:-526.0 
1664822915.895758 -- INFO: Throughput @117.2s:939.52Mbps, rtt :45.33ms cwnd: 394.7 lossRate: 0.0 CC:27 score:-550.0 
1664822916.731360 -- INFO: Iteration 33 Ends, Took 3.65 Seconds. Best Params: [5] and Score: -855.3333333333334.
1664822916.731589 -- INFO: Iteration 34 Starts ...
1664822916.731934 -- INFO: Changing concurrency to 5 ******
1664822916.732245 -- INFO: Start Process :: 16
1664822916.732568 -- INFO: Process Status Bits from change concurrency are: 1 1 1 1 1 0 0 0 0 0 0 0 0 0 0 0 0 0 0 0 0 0 0 0 0 0 0 0 0 0 0 0
1664822916.733040 -- INFO: Active CC: 5
1664822916.736776 -- INFO: Process 23 get item 13 from queue and executing
1664822916.901500 -- INFO: Throughput @118.2s:981.47Mbps, rtt :45.64ms cwnd: 410.1 lossRate: 0.0 CC:5 score:-889.0 
1664822917.907513 -- INFO: Throughput @119.2s:780.14Mbps, rtt :42.33ms cwnd: 1032.6 lossRate: 0 CC:5 score:-707.0 
1664822918.907986 -- INFO: Throughput @120.2s:931.14Mbps, rtt :42.5ms cwnd: 1032.6 lossRate: 0.0 CC:5 score:-843.0 
1664822919.907388 -- INFO: Throughput @121.2s:947.91Mbps, rtt :42.61ms cwnd: 1032.6 lossRate: 0.0 CC:5 score:-859.0 
1664822920.411723 -- INFO: Iteration 34 Ends, Took 3.68 Seconds. Best Params: [5] and Score: -855.3333333333334.
1664822920.412250 -- INFO: Iteration 35 Starts ...
1664822920.413493 -- INFO: Changing concurrency to 5 ******
1664822920.419660 -- INFO: Process Status Bits from change concurrency are: 1 1 1 1 1 0 0 0 0 0 0 0 0 0 0 0 0 0 0 0 0 0 0 0 0 0 0 0 0 0 0 0
1664822920.425127 -- INFO: Active CC: 5
1664822920.909008 -- INFO: Throughput @122.2s:939.52Mbps, rtt :42.88ms cwnd: 1032.6 lossRate: 0.0 CC:5 score:-851.0 
1664822921.911001 -- INFO: Throughput @123.2s:947.91Mbps, rtt :42.54ms cwnd: 1032.6 lossRate: 0.0 CC:5 score:-859.0 
1664822922.909901 -- INFO: Throughput @124.2s:947.91Mbps, rtt :42.19ms cwnd: 1032.6 lossRate: 0.0 CC:5 score:-859.0 
1664822923.914391 -- INFO: Throughput @125.2s:931.14Mbps, rtt :42.59ms cwnd: 1032.6 lossRate: 0.0 CC:5 score:-843.0 
1664822923.975335 -- INFO: Iteration 35 Ends, Took 3.56 Seconds. Best Params: [5] and Score: -856.3333333333334.
1664822923.975578 -- INFO: Iteration 36 Starts ...
1664822923.975888 -- INFO: Changing concurrency to 14 ******
1664822923.977410 -- INFO: Start Process :: 5
1664822923.977600 -- INFO: Start Process :: 7
1664822923.978121 -- INFO: Start Process :: 11
1664822923.978047 -- INFO: Start Process :: 6
1664822923.978652 -- INFO: Start Process :: 10
1664822923.978506 -- INFO: Start Process :: 9
1664822923.979154 -- INFO: Start Process :: 13
1664822923.979865 -- INFO: Process Status Bits from change concurrency are: 1 1 1 1 1 1 1 1 1 1 1 1 1 1 0 0 0 0 0 0 0 0 0 0 0 0 0 0 0 0 0 0
1664822923.980090 -- INFO: Start Process :: 12
1664822923.981022 -- INFO: Start Process :: 8
1664822923.983145 -- INFO: Active CC: 14
1664822924.017013 -- INFO: Process 5 get item 13 from queue and executing
1664822924.017660 -- INFO: starting 5, 13, /users/jamilm/files_to_Send/FILE1
1664822924.018205 -- INFO: Process 6 get item 16 from queue and executing
1664822924.018597 -- INFO: starting 6, 16, /users/jamilm/files_to_Send/FILE2
1664822924.018808 -- INFO: Process 9 get item 12 from queue and executing
1664822924.019601 -- INFO: starting 9, 12, /users/jamilm/files_to_Send/FILE2
1664822924.020499 -- INFO: Process 10 get item 6 from queue and executing
1664822924.020611 -- INFO: Process 11 get item 22 from queue and executing
1664822924.020908 -- INFO: starting 10, 6, /users/jamilm/files_to_Send/FILE0
1664822924.021098 -- INFO: starting 11, 22, /users/jamilm/files_to_Send/FILE0
1664822924.021247 -- INFO: Process 7 get item 0 from queue and executing
1664822924.022049 -- INFO: starting 7, 0, /users/jamilm/files_to_Send/FILE2
1664822924.022664 -- INFO: Process 13 get item 17 from queue and executing
1664822924.023112 -- INFO: starting 13, 17, /users/jamilm/files_to_Send/FILE1
1664822924.023618 -- INFO: Process 12 get item 27 from queue and executing
1664822924.023990 -- INFO: Process 8 get item 5 from queue and executing
1664822924.024052 -- INFO: starting 12, 27, /users/jamilm/files_to_Send/FILE3
1664822924.024489 -- INFO: starting 8, 5, /users/jamilm/files_to_Send/FILE1
1664822924.913444 -- INFO: Throughput @126.2s:1006.63Mbps, rtt :43.35ms cwnd: 539.0 lossRate: 0.0 CC:14 score:-763.0 
1664822925.914985 -- INFO: Throughput @127.2s:947.91Mbps, rtt :43.42ms cwnd: 544.0 lossRate: 0.0 CC:14 score:-718.0 
1664822926.912394 -- INFO: Throughput @128.2s:939.52Mbps, rtt :43.46ms cwnd: 544.0 lossRate: 0.0 CC:14 score:-712.0 
1664822927.635118 -- INFO: Iteration 36 Ends, Took 3.66 Seconds. Best Params: [5] and Score: -856.3333333333334.
1664822927.635573 -- INFO: Iteration 37 Starts ...
1664822927.636296 -- INFO: Changing concurrency to 5 ******
1664822927.639843 -- INFO: Process Status Bits from change concurrency are: 1 1 1 1 1 0 0 0 0 0 0 0 0 0 0 0 0 0 0 0 0 0 0 0 0 0 0 0 0 0 0 0
1664822927.645109 -- INFO: Active CC: 5
1664822927.916923 -- INFO: Throughput @129.2s:914.36Mbps, rtt :42.97ms cwnd: 592.6 lossRate: 0 CC:5 score:-828.0 
1664822928.915454 -- INFO: Throughput @130.2s:914.36Mbps, rtt :42.38ms cwnd: 1032.6 lossRate: 0.0 CC:5 score:-828.0 
1664822929.918176 -- INFO: Throughput @131.2s:939.52Mbps, rtt :42.25ms cwnd: 1032.6 lossRate: 0.0 CC:5 score:-851.0 
1664822930.917468 -- INFO: Throughput @132.2s:947.91Mbps, rtt :42.09ms cwnd: 1032.6 lossRate: 0.0 CC:5 score:-859.0 
1664822931.246879 -- INFO: Iteration 37 Ends, Took 3.61 Seconds. Best Params: [5] and Score: -856.3333333333334.
1664822931.247060 -- INFO: Iteration 38 Starts ...
1664822931.247420 -- INFO: Changing concurrency to 5 ******
1664822931.254715 -- INFO: Process Status Bits from change concurrency are: 1 1 1 1 1 0 0 0 0 0 0 0 0 0 0 0 0 0 0 0 0 0 0 0 0 0 0 0 0 0 0 0
1664822931.261497 -- INFO: Active CC: 5
1664822931.920422 -- INFO: Throughput @133.2s:939.52Mbps, rtt :42.26ms cwnd: 1032.6 lossRate: 0.0 CC:5 score:-851.0 
1664822932.286422 -- INFO: Process 0 finished on working on file 8 
1664822932.287245 -- INFO: Process 0 get item 15 from queue and executing
1664822932.287866 -- INFO: starting 0, 15, /users/jamilm/files_to_Send/FILE3
1664822932.917560 -- INFO: Throughput @134.2s:936.79Mbps, rtt :42.3ms cwnd: 1032.6 lossRate: 0.0 CC:5 score:-848.0 
1664822933.921632 -- INFO: Throughput @135.2s:939.52Mbps, rtt :42.39ms cwnd: 1032.6 lossRate: 0.0 CC:5 score:-851.0 
1664822934.907490 -- INFO: Iteration 38 Ends, Took 3.66 Seconds. Best Params: [5] and Score: -856.3333333333334.
1664822934.907690 -- INFO: Iteration 39 Starts ...
1664822934.908029 -- INFO: Changing concurrency to 9 ******
1664822934.910535 -- INFO: Start Process :: 5
1664822934.910728 -- INFO: Start Process :: 7
1664822934.911095 -- INFO: Start Process :: 6
1664822934.911435 -- INFO: Start Process :: 8
1664822934.915144 -- INFO: Process Status Bits from change concurrency are: 1 1 1 1 1 1 1 1 1 0 0 0 0 0 0 0 0 0 0 0 0 0 0 0 0 0 0 0 0 0 0 0
1664822934.921379 -- INFO: Throughput @136.2s:947.91Mbps, rtt :42.28ms cwnd: 578.1 lossRate: 0.0 CC:5 score:-859.0 
1664822934.921499 -- INFO: Active CC: 9
1664822934.951022 -- INFO: Process 6 get item 10 from queue and executing
1664822934.951521 -- INFO: starting 6, 10, /users/jamilm/files_to_Send/FILE0
1664822934.952005 -- INFO: Process 7 get item 21 from queue and executing
1664822934.952160 -- INFO: Process 5 get item 4 from queue and executing
1664822934.952542 -- INFO: starting 5, 4, /users/jamilm/files_to_Send/FILE2
1664822934.952671 -- INFO: Process 8 get item 31 from queue and executing
1664822934.952854 -- INFO: starting 7, 21, /users/jamilm/files_to_Send/FILE1
1664822934.953490 -- INFO: starting 8, 31, /users/jamilm/files_to_Send/FILE3
1664822935.926950 -- INFO: Throughput @137.2s:998.24Mbps, rtt :42.8ms cwnd: 735.0 lossRate: 0.0 CC:9 score:-835.0 
1664822936.922983 -- INFO: Throughput @138.2s:947.91Mbps, rtt :42.89ms cwnd: 749.2 lossRate: 0.0 CC:9 score:-793.0 
1664822937.927663 -- INFO: Throughput @139.2s:905.97Mbps, rtt :42.63ms cwnd: 749.2 lossRate: 0.0 CC:9 score:-758.0 
1664822938.602543 -- INFO: Iteration 39 Ends, Took 3.69 Seconds. Best Params: [5] and Score: -856.3333333333334.
1664822938.603288 -- INFO: Iteration 40 Starts ...
1664822938.604523 -- INFO: Changing concurrency to 5 ******
1664822938.608947 -- INFO: Process Status Bits from change concurrency are: 1 1 1 1 1 0 0 0 0 0 0 0 0 0 0 0 0 0 0 0 0 0 0 0 0 0 0 0 0 0 0 0
1664822938.613721 -- INFO: Active CC: 5
1664822938.929740 -- INFO: Throughput @140.2s:922.75Mbps, rtt :42.51ms cwnd: 1032.6 lossRate: 0 CC:5 score:-836.0 
1664822939.931687 -- INFO: Throughput @141.2s:931.14Mbps, rtt :42.32ms cwnd: 1032.6 lossRate: 0.0 CC:5 score:-843.0 
1664822940.933973 -- INFO: Throughput @142.2s:939.52Mbps, rtt :42.29ms cwnd: 1032.6 lossRate: 0.0 CC:5 score:-851.0 
1664822941.931136 -- INFO: Throughput @143.2s:947.91Mbps, rtt :42.57ms cwnd: 1032.6 lossRate: 0.0 CC:5 score:-859.0 
1664822942.239608 -- INFO: Iteration 40 Ends, Took 3.64 Seconds. Best Params: [5] and Score: -856.3333333333334.
1664822942.239966 -- INFO: Iteration 41 Starts ...
1664822942.240591 -- INFO: Changing concurrency to 20 ******
1664822942.242471 -- INFO: Start Process :: 10
1664822942.242805 -- INFO: Start Process :: 5
1664822942.243018 -- INFO: Process Status Bits from change concurrency are: 1 1 1 1 1 1 1 1 1 1 1 1 1 1 1 1 1 1 1 1 0 0 0 0 0 0 0 0 0 0 0 0
1664822942.242931 -- INFO: Start Process :: 8
1664822942.243675 -- INFO: Active CC: 20
1664822942.244051 -- INFO: Start Process :: 7
1664822942.244735 -- INFO: Start Process :: 16
1664822942.244510 -- INFO: Start Process :: 12
1664822942.245301 -- INFO: Start Process :: 19
1664822942.245493 -- INFO: Start Process :: 17
1664822942.246132 -- INFO: Start Process :: 9
1664822942.246009 -- INFO: Start Process :: 6
1664822942.246409 -- INFO: Start Process :: 14
1664822942.246589 -- INFO: Start Process :: 18
1664822942.247986 -- INFO: Start Process :: 15
1664822942.245511 -- INFO: Start Process :: 13
1664822942.249089 -- INFO: Start Process :: 11
1664822942.284186 -- INFO: Process 10 get item 24 from queue and executing
1664822942.284552 -- INFO: starting 10, 24, /users/jamilm/files_to_Send/FILE2
1664822942.286310 -- INFO: Process 8 get item 19 from queue and executing
1664822942.286527 -- INFO: starting 8, 19, /users/jamilm/files_to_Send/FILE3
1664822942.289194 -- INFO: Process 16 get item 26 from queue and executing
1664822942.289457 -- INFO: starting 16, 26, /users/jamilm/files_to_Send/FILE0
1664822942.289460 -- INFO: Process 17 get item 25 from queue and executing
1664822942.289714 -- INFO: starting 17, 25, /users/jamilm/files_to_Send/FILE1
1664822942.290097 -- INFO: Process 7 get item 9 from queue and executing
1664822942.290166 -- INFO: Process 5 get item 23 from queue and executing
1664822942.290418 -- INFO: starting 7, 9, /users/jamilm/files_to_Send/FILE1
1664822942.290474 -- INFO: starting 5, 23, /users/jamilm/files_to_Send/FILE3
1664822942.290778 -- INFO: Process 12 get item 12 from queue and executing
1664822942.290857 -- INFO: Process 14 get item 16 from queue and executing
1664822942.290995 -- INFO: Process 6 get item 5 from queue and executing
1664822942.291148 -- INFO: starting 14, 16, /users/jamilm/files_to_Send/FILE2
1664822942.291163 -- INFO: Process 9 get item 13 from queue and executing
1664822942.291206 -- INFO: starting 6, 5, /users/jamilm/files_to_Send/FILE1
1664822942.291309 -- INFO: starting 12, 12, /users/jamilm/files_to_Send/FILE2
1664822942.291361 -- INFO: Process 19 get item 22 from queue and executing
1664822942.291426 -- INFO: Process 13 get item 17 from queue and executing
1664822942.291461 -- INFO: starting 9, 13, /users/jamilm/files_to_Send/FILE1
1664822942.291533 -- INFO: Process 18 get item 27 from queue and executing
1664822942.291637 -- INFO: starting 19, 22, /users/jamilm/files_to_Send/FILE0
1664822942.291668 -- INFO: starting 13, 17, /users/jamilm/files_to_Send/FILE1
1664822942.291880 -- INFO: starting 18, 27, /users/jamilm/files_to_Send/FILE3
1664822942.292993 -- INFO: Process 11 get item 6 from queue and executing
1664822942.293092 -- INFO: Process 15 get item 0 from queue and executing
1664822942.293267 -- INFO: starting 11, 6, /users/jamilm/files_to_Send/FILE0
1664822942.293497 -- INFO: starting 15, 0, /users/jamilm/files_to_Send/FILE2
1664822942.929379 -- INFO: Throughput @144.2s:1006.63Mbps, rtt :43.98ms cwnd: 389.4 lossRate: 0.0 CC:20 score:-677.0 
1664822943.930109 -- INFO: Throughput @145.2s:931.14Mbps, rtt :44.04ms cwnd: 389.7 lossRate: 0.0 CC:20 score:-627.0 
1664822944.929799 -- INFO: Throughput @146.2s:939.52Mbps, rtt :43.89ms cwnd: 389.7 lossRate: 0.0 CC:20 score:-632.0 
1664822945.619569 -- INFO: Process 1 finished on working on file 1 
1664822945.620459 -- INFO: Process 1 get item 10 from queue and executing
1664822945.620737 -- INFO: starting 1, 10, /users/jamilm/files_to_Send/FILE0
1664822945.871482 -- INFO: Iteration 41 Ends, Took 3.63 Seconds. Best Params: [5] and Score: -856.3333333333334.
1664822945.872140 -- INFO: Iteration 42 Starts ...
1664822945.873224 -- INFO: Changing concurrency to 5 ******
1664822945.875730 -- INFO: Process Status Bits from change concurrency are: 1 1 1 1 1 0 0 0 0 0 0 0 0 0 0 0 0 0 0 0 0 0 0 0 0 0 0 0 0 0 0 0
1664822945.878016 -- INFO: Active CC: 5
1664822945.925228 -- INFO: Throughput @147.2s:945.18Mbps, rtt :43.95ms cwnd: 389.7 lossRate: 0.0 CC:5 score:-856.0 
1664822946.936787 -- INFO: Throughput @148.2s:897.58Mbps, rtt :42.74ms cwnd: 1032.6 lossRate: 0 CC:5 score:-813.0 
1664822947.933532 -- INFO: Throughput @149.2s:931.14Mbps, rtt :42.56ms cwnd: 1032.6 lossRate: 0.0 CC:5 score:-843.0 
1664822948.407729 -- INFO: Process 3 finished on working on file 18 
1664822948.409048 -- INFO: Process 3 get item 21 from queue and executing
1664822948.409385 -- INFO: starting 3, 21, /users/jamilm/files_to_Send/FILE1
1664822948.939161 -- INFO: Throughput @150.2s:945.18Mbps, rtt :42.52ms cwnd: 1032.6 lossRate: 0.0 CC:5 score:-856.0 
1664822949.407043 -- INFO: Iteration 42 Ends, Took 3.53 Seconds. Best Params: [5] and Score: -856.3333333333334.
1664822949.407408 -- INFO: Iteration 43 Starts ...
1664822949.407952 -- INFO: Changing concurrency to 32 ******
1664822949.410372 -- INFO: Start Process :: 5
1664822949.410819 -- INFO: Start Process :: 9
1664822949.410862 -- INFO: Start Process :: 7
1664822949.411170 -- INFO: Start Process :: 8
1664822949.411163 -- INFO: Start Process :: 11
1664822949.411302 -- INFO: Start Process :: 12
1664822949.411468 -- INFO: Start Process :: 10
1664822949.411445 -- INFO: Start Process :: 13
1664822949.411480 -- INFO: Start Process :: 15
1664822949.411873 -- INFO: Process Status Bits from change concurrency are: 1 1 1 1 1 1 1 1 1 1 1 1 1 1 1 1 1 1 1 1 1 1 1 1 1 1 1 1 1 1 1 1
1664822949.412023 -- INFO: Start Process :: 22
1664822949.411925 -- INFO: Start Process :: 18
1664822949.412369 -- INFO: Active CC: 32
1664822949.411425 -- INFO: Start Process :: 6
1664822949.412763 -- INFO: Start Process :: 26
1664822949.412597 -- INFO: Start Process :: 31
1664822949.412976 -- INFO: Start Process :: 20
1664822949.413561 -- INFO: Start Process :: 14
1664822949.413672 -- INFO: Start Process :: 27
1664822949.413710 -- INFO: Start Process :: 24
1664822949.414423 -- INFO: Start Process :: 19
1664822949.414516 -- INFO: Start Process :: 17
1664822949.415044 -- INFO: Start Process :: 25
1664822949.415115 -- INFO: Start Process :: 21
1664822949.415205 -- INFO: Start Process :: 28
1664822949.415366 -- INFO: Start Process :: 29
1664822949.415584 -- INFO: Start Process :: 16
1664822949.415854 -- INFO: Start Process :: 23
1664822949.416202 -- INFO: Start Process :: 30
1664822949.451186 -- INFO: Process 13 get item 4 from queue and executing
1664822949.451814 -- INFO: starting 13, 4, /users/jamilm/files_to_Send/FILE2
1664822949.452112 -- INFO: Process 7 get item 31 from queue and executing
1664822949.452533 -- INFO: starting 7, 31, /users/jamilm/files_to_Send/FILE3
1664822949.454418 -- INFO: Process 8 get item 26 from queue and executing
1664822949.454765 -- INFO: Process 5 get item 0 from queue and executing
1664822949.454817 -- INFO: starting 8, 26, /users/jamilm/files_to_Send/FILE0
1664822949.455041 -- INFO: Process 9 get item 19 from queue and executing
1664822949.455184 -- INFO: Process 15 get item 27 from queue and executing
1664822949.455348 -- INFO: starting 9, 19, /users/jamilm/files_to_Send/FILE3
1664822949.455497 -- INFO: Process 11 get item 16 from queue and executing
1664822949.455565 -- INFO: starting 15, 27, /users/jamilm/files_to_Send/FILE3
1664822949.455542 -- INFO: starting 5, 0, /users/jamilm/files_to_Send/FILE2
1664822949.455713 -- INFO: Process 26 get item 25 from queue and executing
1664822949.455871 -- INFO: Process 12 get item 17 from queue and executing
1664822949.455898 -- INFO: starting 11, 16, /users/jamilm/files_to_Send/FILE2
1664822949.456077 -- INFO: Process 31 get item 24 from queue and executing
1664822949.456154 -- INFO: starting 26, 25, /users/jamilm/files_to_Send/FILE1
1664822949.456165 -- INFO: starting 12, 17, /users/jamilm/files_to_Send/FILE1
1664822949.456259 -- INFO: Process 18 get item 12 from queue and executing
1664822949.456632 -- INFO: starting 31, 24, /users/jamilm/files_to_Send/FILE2
1664822949.456672 -- INFO: starting 18, 12, /users/jamilm/files_to_Send/FILE2
1664822949.456996 -- INFO: Process 20 get item 6 from queue and executing
1664822949.457393 -- INFO: starting 20, 6, /users/jamilm/files_to_Send/FILE0
1664822949.457421 -- INFO: Process 22 get item 9 from queue and executing
1664822949.457776 -- INFO: starting 22, 9, /users/jamilm/files_to_Send/FILE1
1664822949.458199 -- INFO: Process 10 get item 13 from queue and executing
1664822949.458581 -- INFO: starting 10, 13, /users/jamilm/files_to_Send/FILE1
1664822949.458995 -- INFO: Process 27 get item 22 from queue and executing
1664822949.459232 -- INFO: Process 25 get item 5 from queue and executing
1664822949.459345 -- INFO: Process 14 get item 23 from queue and executing
1664822949.459454 -- INFO: starting 27, 22, /users/jamilm/files_to_Send/FILE0
1664822949.459626 -- INFO: starting 25, 5, /users/jamilm/files_to_Send/FILE1
1664822949.459820 -- INFO: starting 14, 23, /users/jamilm/files_to_Send/FILE3
1664822949.931751 -- INFO: Throughput @151.2s:998.24Mbps, rtt :43.32ms cwnd: 281.2 lossRate: 0.0 CC:32 score:-530.0 
1664822950.936328 -- INFO: Throughput @152.2s:947.91Mbps, rtt :43.48ms cwnd: 281.2 lossRate: 0.0 CC:32 score:-503.0 
1664822951.938292 -- INFO: Throughput @153.2s:964.69Mbps, rtt :43.09ms cwnd: 281.2 lossRate: 0.0 CC:32 score:-512.0 
1664822952.656564 -- INFO: Process 2 finished on working on file 20 
1664822952.942151 -- INFO: Throughput @154.2s:911.63Mbps, rtt :43.02ms cwnd: 261.2 lossRate: 0 CC:32 score:-484.0 
1664822953.012158 -- INFO: Iteration 43 Ends, Took 3.6 Seconds. Best Params: [5] and Score: -856.3333333333334.
1664822953.012837 -- INFO: Iteration 44 Starts ...
1664822953.013857 -- INFO: Changing concurrency to 5 ******
1664822953.014606 -- INFO: Process Status Bits from change concurrency are: 1 1 1 1 1 0 0 0 0 0 0 0 0 0 0 0 0 0 0 0 0 0 0 0 0 0 0 0 0 0 0 0
1664822953.017938 -- INFO: Active CC: 5
1664822953.022696 -- INFO: Process 6 get item 17 from queue and executing
1664822953.023586 -- INFO: Process 28 get item 17 from queue and executing
1664822953.030769 -- INFO: Start Process :: 2
1664822953.030903 -- INFO: Process 24 get item 27 from queue and executing
1664822953.031338 -- INFO: Process 23 get item 17 from queue and executing
1664822953.031778 -- INFO: Process 29 get item 27 from queue and executing
1664822953.032593 -- INFO: Process 16 get item 17 from queue and executing
1664822953.032824 -- INFO: Process 21 get item 27 from queue and executing
1664822953.033298 -- INFO: Process 17 get item 17 from queue and executing
1664822953.072990 -- INFO: Process 2 get item 27 from queue and executing
1664822953.073265 -- INFO: starting 2, 27, /users/jamilm/files_to_Send/FILE3
1664822953.941871 -- INFO: Throughput @155.2s:880.8Mbps, rtt :42.14ms cwnd: 1023.2 lossRate: 0 CC:5 score:-798.0 
1664822954.942495 -- INFO: Throughput @156.2s:956.3Mbps, rtt :42.18ms cwnd: 1023.2 lossRate: 0.0 CC:5 score:-866.0 
1664822955.946023 -- INFO: Throughput @157.2s:947.91Mbps, rtt :42.14ms cwnd: 1023.4 lossRate: 0.0 CC:5 score:-859.0 
1664822956.726140 -- INFO: Iteration 44 Ends, Took 3.71 Seconds. Best Params: [5] and Score: -856.3333333333334.
1664822956.726481 -- INFO: Iteration 45 Starts ...
1664822956.727259 -- INFO: Changing concurrency to 5 ******
1664822956.736107 -- INFO: Process Status Bits from change concurrency are: 1 1 1 1 1 0 0 0 0 0 0 0 0 0 0 0 0 0 0 0 0 0 0 0 0 0 0 0 0 0 0 0
1664822956.748113 -- INFO: Active CC: 5
1664822956.945007 -- INFO: Throughput @158.2s:931.14Mbps, rtt :42.68ms cwnd: 1052.0 lossRate: 0.0 CC:5 score:-843.0 
1664822957.946568 -- INFO: Throughput @159.2s:956.3Mbps, rtt :42.63ms cwnd: 1052.0 lossRate: 0.0 CC:5 score:-866.0 
1664822958.948590 -- INFO: Throughput @160.2s:931.14Mbps, rtt :42.51ms cwnd: 1052.0 lossRate: 0.0 CC:5 score:-843.0 
1664822959.950422 -- INFO: Throughput @161.2s:939.52Mbps, rtt :42.85ms cwnd: 1052.0 lossRate: 0.0 CC:5 score:-851.0 
1664822960.456737 -- INFO: Iteration 45 Ends, Took 3.73 Seconds. Best Params: [5] and Score: -856.3333333333334.
1664822960.457188 -- INFO: Iteration 46 Starts ...
1664822960.458194 -- INFO: Changing concurrency to 5 ******
1664822960.462972 -- INFO: Process Status Bits from change concurrency are: 1 1 1 1 1 0 0 0 0 0 0 0 0 0 0 0 0 0 0 0 0 0 0 0 0 0 0 0 0 0 0 0
1664822960.468596 -- INFO: Active CC: 5
1664822960.952171 -- INFO: Throughput @162.2s:939.52Mbps, rtt :42.67ms cwnd: 1052.0 lossRate: 0.0 CC:5 score:-851.0 
1664822961.948805 -- INFO: Throughput @163.2s:947.91Mbps, rtt :42.49ms cwnd: 1052.0 lossRate: 0.0 CC:5 score:-859.0 
1664822962.950991 -- INFO: Throughput @164.2s:947.91Mbps, rtt :42.47ms cwnd: 1052.0 lossRate: 0.0 CC:5 score:-859.0 
1664822963.954872 -- INFO: Throughput @165.2s:931.14Mbps, rtt :42.64ms cwnd: 1052.0 lossRate: 0.0 CC:5 score:-843.0 
1664822964.168881 -- INFO: Iteration 46 Ends, Took 3.71 Seconds. Best Params: [5] and Score: -856.3333333333334.
1664822964.169257 -- INFO: Iteration 47 Starts ...
1664822964.170089 -- INFO: Changing concurrency to 5 ******
1664822964.175807 -- INFO: Process Status Bits from change concurrency are: 1 1 1 1 1 0 0 0 0 0 0 0 0 0 0 0 0 0 0 0 0 0 0 0 0 0 0 0 0 0 0 0
1664822964.185228 -- INFO: Active CC: 5
1664822964.302233 -- INFO: Process 2 finished on working on file 27 
1664822964.303071 -- INFO: Process 2 get item 17 from queue and executing
1664822964.303749 -- INFO: starting 2, 17, /users/jamilm/files_to_Send/FILE1
1664822964.954696 -- INFO: Throughput @166.2s:945.18Mbps, rtt :42.85ms cwnd: 1052.0 lossRate: 0.0 CC:5 score:-856.0 
1664822965.954256 -- INFO: Throughput @167.2s:956.3Mbps, rtt :42.26ms cwnd: 1052.0 lossRate: 0.0 CC:5 score:-866.0 
1664822966.956426 -- INFO: Throughput @168.2s:939.52Mbps, rtt :42.7ms cwnd: 1052.0 lossRate: 0.0 CC:5 score:-851.0 
1664822967.979704 -- INFO: Throughput @169.2s:922.75Mbps, rtt :42.26ms cwnd: 1052.0 lossRate: 0.0 CC:5 score:-836.0 
1664822967.983489 -- INFO: Iteration 47 Ends, Took 3.81 Seconds. Best Params: [5] and Score: -857.6666666666666.
1664822967.983625 -- INFO: Iteration 48 Starts ...
1664822967.983923 -- INFO: Changing concurrency to 11 ******
1664822967.984901 -- INFO: Start Process :: 5
1664822967.985672 -- INFO: Start Process :: 7
1664822967.985771 -- INFO: Start Process :: 9
1664822967.985838 -- INFO: Start Process :: 8
1664822967.985911 -- INFO: Start Process :: 10
1664822967.985632 -- INFO: Start Process :: 6
1664822967.986788 -- INFO: Process Status Bits from change concurrency are: 1 1 1 1 1 1 1 1 1 1 1 0 0 0 0 0 0 0 0 0 0 0 0 0 0 0 0 0 0 0 0 0
1664822967.988332 -- INFO: Active CC: 11
1664822968.025266 -- INFO: Process 7 get item 24 from queue and executing
1664822968.026021 -- INFO: starting 7, 24, /users/jamilm/files_to_Send/FILE2
1664822968.026827 -- INFO: Process 5 get item 25 from queue and executing
1664822968.026967 -- INFO: Process 6 get item 22 from queue and executing
1664822968.027078 -- INFO: Process 9 get item 4 from queue and executing
1664822968.027179 -- INFO: starting 5, 25, /users/jamilm/files_to_Send/FILE1
1664822968.027388 -- INFO: starting 9, 4, /users/jamilm/files_to_Send/FILE2
1664822968.027700 -- INFO: starting 6, 22, /users/jamilm/files_to_Send/FILE0
1664822968.028697 -- INFO: Process 8 get item 0 from queue and executing
1664822968.029109 -- INFO: starting 8, 0, /users/jamilm/files_to_Send/FILE2
1664822968.029136 -- INFO: Process 10 get item 31 from queue and executing
1664822968.029620 -- INFO: starting 10, 31, /users/jamilm/files_to_Send/FILE3
1664822968.953888 -- INFO: Throughput @170.2s:981.47Mbps, rtt :42.7ms cwnd: 556.4 lossRate: 0.0 CC:11 score:-789.0 
1664822968.960299 -- INFO: Process 0 finished on working on file 15 
1664822968.961269 -- INFO: Process 0 get item 16 from queue and executing
1664822968.961738 -- INFO: starting 0, 16, /users/jamilm/files_to_Send/FILE2
1664822969.957421 -- INFO: Throughput @171.2s:961.96Mbps, rtt :43.76ms cwnd: 629.5 lossRate: 0.0 CC:11 score:-774.0 
1664822970.954820 -- INFO: Throughput @172.2s:947.91Mbps, rtt :43.48ms cwnd: 629.5 lossRate: 0.0 CC:11 score:-762.0 
1664822971.722946 -- INFO: Iteration 48 Ends, Took 3.74 Seconds. Best Params: [5] and Score: -857.6666666666666.
1664822971.723111 -- INFO: Iteration 49 Starts ...
1664822971.723464 -- INFO: Changing concurrency to 5 ******
1664822971.725681 -- INFO: Process Status Bits from change concurrency are: 1 1 1 1 1 0 0 0 0 0 0 0 0 0 0 0 0 0 0 0 0 0 0 0 0 0 0 0 0 0 0 0
1664822971.727975 -- INFO: Active CC: 5
1664822971.957337 -- INFO: Throughput @173.2s:889.19Mbps, rtt :43.42ms cwnd: 644.4 lossRate: 0.0 CC:5 score:-805.0 
1664822972.961566 -- INFO: Throughput @174.2s:939.52Mbps, rtt :42.02ms cwnd: 1052.0 lossRate: 0.0 CC:5 score:-851.0 
1664822973.959543 -- INFO: Throughput @175.2s:947.91Mbps, rtt :42.02ms cwnd: 1052.0 lossRate: 0.0 CC:5 score:-859.0 
1664822974.964702 -- INFO: Throughput @176.2s:939.52Mbps, rtt :42.04ms cwnd: 1052.0 lossRate: 0.0 CC:5 score:-851.0 
1664822975.451679 -- INFO: Iteration 49 Ends, Took 3.73 Seconds. Best Params: [5] and Score: -857.6666666666666.
1664822975.451840 -- INFO: Iteration 50 Starts ...
1664822975.452138 -- INFO: Changing concurrency to 6 ******
1664822975.453402 -- INFO: Start Process :: 5
1664822975.454458 -- INFO: Process Status Bits from change concurrency are: 1 1 1 1 1 1 0 0 0 0 0 0 0 0 0 0 0 0 0 0 0 0 0 0 0 0 0 0 0 0 0 0
1664822975.457727 -- INFO: Active CC: 6
1664822975.492812 -- INFO: Process 5 get item 13 from queue and executing
1664822975.493321 -- INFO: starting 5, 13, /users/jamilm/files_to_Send/FILE1
1664822975.961793 -- INFO: Throughput @177.2s:956.3Mbps, rtt :41.54ms cwnd: 897.0 lossRate: 0.0 CC:6 score:-849.0 
1664822976.963163 -- INFO: Throughput @178.2s:947.91Mbps, rtt :42.23ms cwnd: 944.0 lossRate: 0.0 CC:6 score:-842.0 
1664822977.964064 -- INFO: Throughput @179.2s:956.3Mbps, rtt :42.68ms cwnd: 992.2 lossRate: 0.0 CC:6 score:-849.0 
1664822978.962756 -- INFO: Throughput @180.2s:931.14Mbps, rtt :42.42ms cwnd: 992.2 lossRate: 0.0 CC:6 score:-827.0 
1664822979.205219 -- INFO: Iteration 50 Ends, Took 3.75 Seconds. Best Params: [5] and Score: -857.6666666666666.
1664822979.205385 -- INFO: Iteration 51 Starts ...
1664822979.205718 -- INFO: Changing concurrency to 6 ******
1664822979.207697 -- INFO: Process Status Bits from change concurrency are: 1 1 1 1 1 1 0 0 0 0 0 0 0 0 0 0 0 0 0 0 0 0 0 0 0 0 0 0 0 0 0 0
1664822979.209689 -- INFO: Active CC: 6
1664822979.685504 -- INFO: Process 1 finished on working on file 10 
1664822979.686282 -- INFO: Process 1 get item 6 from queue and executing
1664822979.686631 -- INFO: starting 1, 6, /users/jamilm/files_to_Send/FILE0
1664822979.969545 -- INFO: Throughput @181.2s:928.4Mbps, rtt :42.79ms cwnd: 992.2 lossRate: 0.0 CC:6 score:-824.0 
1664822980.970656 -- INFO: Throughput @182.2s:947.91Mbps, rtt :42.8ms cwnd: 992.2 lossRate: 0.0 CC:6 score:-842.0 
1664822981.657768 -- INFO: Process 3 finished on working on file 21 
1664822981.658571 -- INFO: Process 3 get item 9 from queue and executing
1664822981.658897 -- INFO: starting 3, 9, /users/jamilm/files_to_Send/FILE1
1664822981.969688 -- INFO: Throughput @183.2s:953.57Mbps, rtt :42.69ms cwnd: 992.2 lossRate: 0.0 CC:6 score:-847.0 
1664822982.813595 -- INFO: Iteration 51 Ends, Took 3.61 Seconds. Best Params: [5] and Score: -857.6666666666666.
1664822982.813900 -- INFO: Iteration 52 Starts ...
1664822982.814324 -- INFO: Changing concurrency to 6 ******
1664822982.819624 -- INFO: Process Status Bits from change concurrency are: 1 1 1 1 1 1 0 0 0 0 0 0 0 0 0 0 0 0 0 0 0 0 0 0 0 0 0 0 0 0 0 0
1664822982.824303 -- INFO: Active CC: 6
1664822982.972907 -- INFO: Throughput @184.2s:939.52Mbps, rtt :42.8ms cwnd: 992.2 lossRate: 0.0 CC:6 score:-834.0 
1664822983.971322 -- INFO: Throughput @185.2s:947.91Mbps, rtt :42.69ms cwnd: 992.2 lossRate: 0.0 CC:6 score:-842.0 
1664822984.974793 -- INFO: Throughput @186.2s:931.14Mbps, rtt :42.63ms cwnd: 992.2 lossRate: 0.0 CC:6 score:-827.0 
1664822985.974358 -- INFO: Throughput @187.2s:939.52Mbps, rtt :42.77ms cwnd: 992.2 lossRate: 0.0 CC:6 score:-834.0 
1664822986.456776 -- INFO: Iteration 52 Ends, Took 3.64 Seconds. Best Params: [5] and Score: -857.6666666666666.
1664822986.457095 -- INFO: Iteration 53 Starts ...
1664822986.457719 -- INFO: Changing concurrency to 6 ******
1664822986.462573 -- INFO: Process Status Bits from change concurrency are: 1 1 1 1 1 1 0 0 0 0 0 0 0 0 0 0 0 0 0 0 0 0 0 0 0 0 0 0 0 0 0 0
1664822986.465652 -- INFO: Active CC: 6
1664822986.975412 -- INFO: Throughput @188.2s:947.91Mbps, rtt :42.74ms cwnd: 992.2 lossRate: 0.0 CC:6 score:-842.0 
1664822987.976945 -- INFO: Throughput @189.2s:939.52Mbps, rtt :43.28ms cwnd: 992.2 lossRate: 0.0 CC:6 score:-834.0 
1664822988.978060 -- INFO: Throughput @190.2s:947.91Mbps, rtt :42.63ms cwnd: 992.2 lossRate: 0.0 CC:6 score:-842.0 
1664822990.005946 -- INFO: Throughput @191.2s:931.14Mbps, rtt :42.5ms cwnd: 993.8 lossRate: 0.0 CC:6 score:-827.0 
1664822990.165897 -- INFO: Iteration 53 Ends, Took 3.71 Seconds. Best Params: [5] and Score: -857.6666666666666.
1664822990.166051 -- INFO: Iteration 54 Starts ...
1664822990.166350 -- INFO: Changing concurrency to 6 ******
1664822990.171222 -- INFO: Process Status Bits from change concurrency are: 1 1 1 1 1 1 0 0 0 0 0 0 0 0 0 0 0 0 0 0 0 0 0 0 0 0 0 0 0 0 0 0
1664822990.175367 -- INFO: Active CC: 6
1664822990.977091 -- INFO: Throughput @192.2s:939.52Mbps, rtt :42.85ms cwnd: 993.8 lossRate: 0.0 CC:6 score:-834.0 
1664822991.980083 -- INFO: Throughput @193.2s:947.91Mbps, rtt :42.77ms cwnd: 993.8 lossRate: 0.0 CC:6 score:-842.0 
1664822992.980320 -- INFO: Throughput @194.2s:956.3Mbps, rtt :43.01ms cwnd: 993.8 lossRate: 0.0 CC:6 score:-849.0 
1664822993.801415 -- INFO: Iteration 54 Ends, Took 3.64 Seconds. Best Params: [5] and Score: -857.6666666666666.
1664822993.801853 -- INFO: Iteration 55 Starts ...
1664822993.802560 -- INFO: Changing concurrency to 6 ******
1664822993.808190 -- INFO: Process Status Bits from change concurrency are: 1 1 1 1 1 1 0 0 0 0 0 0 0 0 0 0 0 0 0 0 0 0 0 0 0 0 0 0 0 0 0 0
1664822993.811964 -- INFO: Active CC: 6
1664822993.983289 -- INFO: Throughput @195.2s:922.75Mbps, rtt :43.23ms cwnd: 993.8 lossRate: 0.0 CC:6 score:-819.0 
1664822994.981379 -- INFO: Throughput @196.2s:956.3Mbps, rtt :42.72ms cwnd: 993.8 lossRate: 0.0 CC:6 score:-849.0 
1664822995.983841 -- INFO: Throughput @197.2s:939.52Mbps, rtt :42.74ms cwnd: 993.8 lossRate: 0.0 CC:6 score:-834.0 
1664822996.986741 -- INFO: Throughput @198.2s:956.3Mbps, rtt :42.71ms cwnd: 993.8 lossRate: 0.0 CC:6 score:-849.0 
1664822997.446526 -- INFO: Iteration 55 Ends, Took 3.64 Seconds. Best Params: [5] and Score: -857.6666666666666.
1664822997.447183 -- INFO: Iteration 56 Starts ...
1664822997.448212 -- INFO: Changing concurrency to 6 ******
1664822997.457300 -- INFO: Process Status Bits from change concurrency are: 1 1 1 1 1 1 0 0 0 0 0 0 0 0 0 0 0 0 0 0 0 0 0 0 0 0 0 0 0 0 0 0
1664822997.463023 -- INFO: Active CC: 6
1664822997.987277 -- INFO: Throughput @199.2s:939.52Mbps, rtt :42.6ms cwnd: 993.8 lossRate: 0.0 CC:6 score:-834.0 
1664822998.967497 -- INFO: episode expires
1664822998.967628 -- INFO: Process 19 shutdown itself from outest loop
1664822998.967972 -- INFO: Process Status Bits are: 1 1 1 1 1 1 0 0 0 0 0 0 0 0 0 0 0 0 0 0 0 0 0 0 0 0 0 0 0 0 0 0
1664822998.967884 -- INFO: Process 18 shutdown itself from outest loop
1664822998.967826 -- INFO: Process 25 shutdown itself from outest loop
1664822998.967923 -- INFO: Process 22 shutdown itself from outest loop
1664822998.968041 -- INFO: Process 8 shutdown itself from outest loop
1664822998.968000 -- INFO: Process 12 shutdown itself from outest loop
1664822998.967999 -- INFO: Process 13 shutdown itself from outest loop
1664822998.968568 -- INFO: Process Status Bits are: 1 1 1 1 1 1 0 0 0 0 0 0 0 0 0 0 0 0 0 0 0 0 0 0 0 0 0 0 0 0 0 0
1664822998.968129 -- INFO: Process 28 shutdown itself from outest loop
1664822998.968737 -- INFO: Process Status Bits are: 1 1 1 1 1 1 0 0 0 0 0 0 0 0 0 0 0 0 0 0 0 0 0 0 0 0 0 0 0 0 0 0
1664822998.968246 -- INFO: Process 6 shutdown itself from outest loop
1664822998.968434 -- INFO: Process 16 shutdown itself from outest loop
1664822998.968423 -- INFO: Process 9 shutdown itself from outest loop
1664822998.968885 -- INFO: Process Status Bits are: 1 1 1 1 1 1 0 0 0 0 0 0 0 0 0 0 0 0 0 0 0 0 0 0 0 0 0 0 0 0 0 0
1664822998.968668 -- INFO: Process 15 shutdown itself from outest loop
1664822998.968967 -- INFO: Process Status Bits are: 1 1 1 1 1 1 0 0 0 0 0 0 0 0 0 0 0 0 0 0 0 0 0 0 0 0 0 0 0 0 0 0
1664822998.969024 -- INFO: Process Status Bits are: 1 1 1 1 1 1 0 0 0 0 0 0 0 0 0 0 0 0 0 0 0 0 0 0 0 0 0 0 0 0 0 0
1664822998.969059 -- INFO: Process Status Bits are: 1 1 1 1 1 1 0 0 0 0 0 0 0 0 0 0 0 0 0 0 0 0 0 0 0 0 0 0 0 0 0 0
1664822998.968679 -- INFO: Process 14 shutdown itself from outest loop
1664822998.969158 -- INFO: Process Status Bits are: 1 1 1 1 1 1 0 0 0 0 0 0 0 0 0 0 0 0 0 0 0 0 0 0 0 0 0 0 0 0 0 0
1664822998.968756 -- INFO: Process 30 shutdown itself from outest loop
1664822998.968839 -- INFO: Process 10 shutdown itself from outest loop
1664822998.969296 -- INFO: Process Status Bits are: 1 1 1 1 1 1 0 0 0 0 0 0 0 0 0 0 0 0 0 0 0 0 0 0 0 0 0 0 0 0 0 0
1664822998.968845 -- INFO: Process 29 shutdown itself from outest loop
1664822998.969162 -- INFO: Process Status Bits are: 1 1 1 1 1 1 0 0 0 0 0 0 0 0 0 0 0 0 0 0 0 0 0 0 0 0 0 0 0 0 0 0
1664822998.969344 -- INFO: Process Status Bits are: 1 1 1 1 1 1 0 0 0 0 0 0 0 0 0 0 0 0 0 0 0 0 0 0 0 0 0 0 0 0 0 0
1664822998.969458 -- INFO: Process Status Bits are: 1 1 1 1 1 1 0 0 0 0 0 0 0 0 0 0 0 0 0 0 0 0 0 0 0 0 0 0 0 0 0 0
1664822998.969026 -- INFO: Process 11 shutdown itself from outest loop
1664822998.969007 -- INFO: Process 24 shutdown itself from outest loop
1664822998.969107 -- INFO: Process 26 shutdown itself from outest loop
1664822998.969203 -- INFO: Process 23 shutdown itself from outest loop
1664822998.969579 -- INFO: Process Status Bits are: 1 1 1 1 1 1 0 0 0 0 0 0 0 0 0 0 0 0 0 0 0 0 0 0 0 0 0 0 0 0 0 0
1664822998.969712 -- INFO: Process Status Bits are: 1 1 1 1 1 1 0 0 0 0 0 0 0 0 0 0 0 0 0 0 0 0 0 0 0 0 0 0 0 0 0 0
1664822998.969333 -- INFO: Process 7 shutdown itself from outest loop
1664822998.969706 -- INFO: Process Status Bits are: 1 1 1 1 1 1 0 0 0 0 0 0 0 0 0 0 0 0 0 0 0 0 0 0 0 0 0 0 0 0 0 0
1664822998.969836 -- INFO: Process Status Bits are: 1 1 1 1 1 1 0 0 0 0 0 0 0 0 0 0 0 0 0 0 0 0 0 0 0 0 0 0 0 0 0 0
1664822998.969226 -- INFO: Process 17 shutdown itself from outest loop
1664822998.969920 -- INFO: Process Status Bits are: 1 1 1 1 1 1 0 0 0 0 0 0 0 0 0 0 0 0 0 0 0 0 0 0 0 0 0 0 0 0 0 0
1664822998.969492 -- INFO: Process 21 shutdown itself from outest loop
1664822998.969858 -- INFO: Process Status Bits are: 1 1 1 1 1 1 0 0 0 0 0 0 0 0 0 0 0 0 0 0 0 0 0 0 0 0 0 0 0 0 0 0
1664822998.969543 -- INFO: Process 27 shutdown itself from outest loop
1664822998.969982 -- INFO: Process Status Bits are: 1 1 1 1 1 1 0 0 0 0 0 0 0 0 0 0 0 0 0 0 0 0 0 0 0 0 0 0 0 0 0 0
1664822998.970048 -- INFO: Process Status Bits are: 1 1 1 1 1 1 0 0 0 0 0 0 0 0 0 0 0 0 0 0 0 0 0 0 0 0 0 0 0 0 0 0
1664822998.970179 -- INFO: Process Status Bits are: 1 1 1 1 1 1 0 0 0 0 0 0 0 0 0 0 0 0 0 0 0 0 0 0 0 0 0 0 0 0 0 0
1664822998.969859 -- INFO: Process 20 shutdown itself from outest loop
1664822998.970331 -- INFO: Process Status Bits are: 1 1 1 1 1 1 0 0 0 0 0 0 0 0 0 0 0 0 0 0 0 0 0 0 0 0 0 0 0 0 0 0
1664822998.970441 -- INFO: Process Status Bits are: 1 1 1 1 1 1 0 0 0 0 0 0 0 0 0 0 0 0 0 0 0 0 0 0 0 0 0 0 0 0 0 0
1664822998.970311 -- INFO: Process Status Bits are: 1 1 1 1 1 1 0 0 0 0 0 0 0 0 0 0 0 0 0 0 0 0 0 0 0 0 0 0 0 0 0 0
1664822998.969222 -- INFO: Process 31 shutdown itself from outest loop
1664822998.970767 -- INFO: Process Status Bits are: 1 1 1 1 1 1 0 0 0 0 0 0 0 0 0 0 0 0 0 0 0 0 0 0 0 0 0 0 0 0 0 0
1664822998.970981 -- INFO: Process Status Bits are: 1 1 1 1 1 1 0 0 0 0 0 0 0 0 0 0 0 0 0 0 0 0 0 0 0 0 0 0 0 0 0 0
1664823000.267969 -- INFO: Process 2 finished on working on file 17 
1664823000.268745 -- INFO: Process 2 get item 5 from queue and executing
1664823000.269080 -- INFO: starting 2, 5, /users/jamilm/files_to_Send/FILE1
1664823001.074663 -- INFO: Iteration 56 Ends, Took 3.63 Seconds. Best Params: [5] and Score: -857.6666666666666.
1664823001.075066 -- INFO: Iteration 57 Starts ...
1664823001.075729 -- INFO: episode expires
1664823001.488762 -- INFO: Iteration 57 Ends, Took 0.41 Seconds. Best Params: [5] and Score: -857.6666666666666.
1664823001.489182 -- INFO: Bayseian Optimizer Exits ...
1664823001.785456 -- INFO: Throughput @0.1s:0.0Mbps, rtt :0.0ms cwnd: 0.0 lossRate: 0 CC:0 score:-0.0 
