1664847211.446282 -- INFO: Changing concurrency to 1 ******
1664847211.449781 -- INFO: Start Process :: 0
1664847211.457202 -- INFO: Process Status Bits from change concurrency are: 1 0 0 0 0 0 0 0 0 0 0 0 0 0 0 0 0 0 0 0 0 0 0 0 0 0 0 0 0 0 0 0
1664847211.463443 -- INFO: Active CC: 1
1664847211.489309 -- INFO: Process 0 get item 0 from queue and executing
1664847211.489706 -- INFO: starting 0, 0, /users/jamilm/files_to_Send/FILE2
1664847211.518272 -- INFO: Throughput @0.1s:8.34Mbps, rtt :38.57ms cwnd: 10.0 lossRate: 0.0 CC:1 score:-8.0 
1664847212.512502 -- INFO: Throughput @1.1s:9.17Mbps, rtt :38.52ms cwnd: 33.0 lossRate: 0.0026246719160104987 CC:1 score:-9.0 
1664847213.514290 -- INFO: Throughput @2.1s:8.01Mbps, rtt :43.52ms cwnd: 16.0 lossRate: 0.009077155824508321 CC:1 score:-7.0 
1664847214.513510 -- INFO: Throughput @3.1s:4.17Mbps, rtt :39.08ms cwnd: 10.0 lossRate: 0.013927576601671309 CC:1 score:-4.0 
1664847214.666447 -- INFO: Changing concurrency to 3 ******
1664847214.669428 -- INFO: Start Process :: 2
1664847214.669783 -- INFO: Start Process :: 1
1664847214.675745 -- INFO: Process Status Bits from change concurrency are: 1 1 1 0 0 0 0 0 0 0 0 0 0 0 0 0 0 0 0 0 0 0 0 0 0 0 0 0 0 0 0 0
1664847214.681909 -- INFO: Active CC: 3
1664847214.709172 -- INFO: Process 2 get item 1 from queue and executing
1664847214.710220 -- INFO: starting 2, 1, /users/jamilm/files_to_Send/FILE1
1664847214.710193 -- INFO: Process 1 get item 2 from queue and executing
1664847214.710864 -- INFO: starting 1, 2, /users/jamilm/files_to_Send/FILE0
1664847215.515163 -- INFO: Throughput @4.1s:15.71Mbps, rtt :40.5ms cwnd: 19.3 lossRate: 0.011433597185576077 CC:3 score:-13.0 
1664847216.515205 -- INFO: Throughput @5.1s:18.65Mbps, rtt :39.6ms cwnd: 18.7 lossRate: 0.0067613252197430695 CC:3 score:-16.0 
1664847217.515768 -- INFO: Throughput @6.1s:18.67Mbps, rtt :39.77ms cwnd: 25.3 lossRate: 0.0023952095808383233 CC:3 score:-17.0 
1664847217.882964 -- INFO: Gradient: -4.333333333333334, Gredient Change: 0.65, Theta: 1, Previous CC: 2, Choosen CC: 4
1664847217.883060 -- INFO: Changing concurrency to 3 ******
1664847217.889568 -- INFO: Process Status Bits from change concurrency are: 1 1 1 0 0 0 0 0 0 0 0 0 0 0 0 0 0 0 0 0 0 0 0 0 0 0 0 0 0 0 0 0
1664847217.898423 -- INFO: Active CC: 3
1664847218.515390 -- INFO: Throughput @7.1s:17.72Mbps, rtt :39.24ms cwnd: 16.0 lossRate: 0.012137559002022926 CC:3 score:-15.0 
1664847219.517556 -- INFO: Throughput @8.1s:14.6Mbps, rtt :40.35ms cwnd: 17.0 lossRate: 0.007389162561576354 CC:3 score:-13.0 
1664847220.520985 -- INFO: Throughput @9.1s:15.83Mbps, rtt :39.5ms cwnd: 18.3 lossRate: 0.004707464694014795 CC:3 score:-14.0 
1664847221.099464 -- INFO: Changing concurrency to 5 ******
1664847221.103056 -- INFO: Start Process :: 4
1664847221.105825 -- INFO: Start Process :: 3
1664847221.107507 -- INFO: Process Status Bits from change concurrency are: 1 1 1 1 1 0 0 0 0 0 0 0 0 0 0 0 0 0 0 0 0 0 0 0 0 0 0 0 0 0 0 0
1664847221.113338 -- INFO: Active CC: 5
1664847221.142867 -- INFO: Process 4 get item 3 from queue and executing
1664847221.143471 -- INFO: starting 4, 3, /users/jamilm/files_to_Send/FILE3
1664847221.145932 -- INFO: Process 3 get item 4 from queue and executing
1664847221.146468 -- INFO: starting 3, 4, /users/jamilm/files_to_Send/FILE2
1664847221.521413 -- INFO: Throughput @10.1s:30.54Mbps, rtt :38.88ms cwnd: 32.8 lossRate: 0.0 CC:5 score:-28.0 
1664847222.521368 -- INFO: Throughput @11.1s:44.72Mbps, rtt :39.09ms cwnd: 25.4 lossRate: 0.005657327586206897 CC:5 score:-38.0 
1664847223.521286 -- INFO: Throughput @12.1s:41.81Mbps, rtt :38.75ms cwnd: 24.2 lossRate: 0.003601108033240997 CC:5 score:-36.0 
1664847224.314448 -- INFO: Gradient: -10.0, Gredient Change: 0.7142857142857143, Theta: 2, Previous CC: 4, Choosen CC: 10
1664847224.314545 -- INFO: Changing concurrency to 9 ******
1664847224.317216 -- INFO: Start Process :: 6
1664847224.318288 -- INFO: Start Process :: 8
1664847224.318857 -- INFO: Process Status Bits from change concurrency are: 1 1 1 1 1 1 1 1 1 0 0 0 0 0 0 0 0 0 0 0 0 0 0 0 0 0 0 0 0 0 0 0
1664847224.320143 -- INFO: Start Process :: 5
1664847224.320338 -- INFO: Start Process :: 7
1664847224.323083 -- INFO: Active CC: 9
1664847224.356977 -- INFO: Process 6 get item 5 from queue and executing
1664847224.357497 -- INFO: starting 6, 5, /users/jamilm/files_to_Send/FILE1
1664847224.358253 -- INFO: Process 8 get item 6 from queue and executing
1664847224.358694 -- INFO: starting 8, 6, /users/jamilm/files_to_Send/FILE0
1664847224.360524 -- INFO: Process 7 get item 7 from queue and executing
1664847224.360881 -- INFO: Process 5 get item 8 from queue and executing
1664847224.361009 -- INFO: starting 7, 7, /users/jamilm/files_to_Send/FILE3
1664847224.361533 -- INFO: starting 5, 8, /users/jamilm/files_to_Send/FILE2
1664847224.522852 -- INFO: Throughput @13.1s:38.54Mbps, rtt :39.18ms cwnd: 20.7 lossRate: 0.008342022940563087 CC:9 score:-29.0 
1664847225.525262 -- INFO: Throughput @14.1s:64.17Mbps, rtt :39.13ms cwnd: 21.2 lossRate: 0.006455399061032864 CC:9 score:-50.0 
1664847226.525155 -- INFO: Throughput @15.1s:56.47Mbps, rtt :39.14ms cwnd: 23.4 lossRate: 0.004420333534257585 CC:9 score:-45.0 
1664847227.524158 -- INFO: Changing concurrency to 11 ******
1664847227.525531 -- INFO: Throughput @16.1s:57.42Mbps, rtt :40.14ms cwnd: 20.1 lossRate: 0.006630265210608425 CC:9 score:-44.0 
1664847227.528072 -- INFO: Process Status Bits from change concurrency are: 1 1 1 1 1 1 1 1 1 1 1 0 0 0 0 0 0 0 0 0 0 0 0 0 0 0 0 0 0 0 0 0
1664847227.527658 -- INFO: Start Process :: 9
1664847227.530171 -- INFO: Start Process :: 10
1664847227.532916 -- INFO: Active CC: 11
1664847227.567466 -- INFO: Process 9 get item 9 from queue and executing
1664847227.567954 -- INFO: starting 9, 9, /users/jamilm/files_to_Send/FILE1
1664847227.570499 -- INFO: Process 10 get item 10 from queue and executing
1664847227.570942 -- INFO: starting 10, 10, /users/jamilm/files_to_Send/FILE0
1664847228.527801 -- INFO: Throughput @17.1s:79.71Mbps, rtt :39.46ms cwnd: 23.3 lossRate: 0.005708995525381885 CC:11 score:-60.0 
1664847229.529394 -- INFO: Throughput @18.1s:70.03Mbps, rtt :39.48ms cwnd: 19.0 lossRate: 0.007682030728122912 CC:11 score:-51.0 
1664847230.529687 -- INFO: Throughput @19.1s:68.78Mbps, rtt :39.77ms cwnd: 22.6 lossRate: 0.003912895542701599 CC:11 score:-53.0 
1664847230.733918 -- INFO: Gradient: -6.666666666666664, Gredient Change: 0.1612903225806451, Theta: 3, Previous CC: 10, Choosen CC: 16
1664847230.734022 -- INFO: Changing concurrency to 15 ******
1664847230.737188 -- INFO: Process Status Bits from change concurrency are: 1 1 1 1 1 1 1 1 1 1 1 1 1 1 1 0 0 0 0 0 0 0 0 0 0 0 0 0 0 0 0 0
1664847230.737810 -- INFO: Start Process :: 11
1664847230.738163 -- INFO: Start Process :: 12
1664847230.740046 -- INFO: Active CC: 15
1664847230.740129 -- INFO: Start Process :: 13
1664847230.741042 -- INFO: Start Process :: 14
1664847230.777872 -- INFO: Process 11 get item 11 from queue and executing
1664847230.778020 -- INFO: Process 12 get item 12 from queue and executing
1664847230.778333 -- INFO: starting 11, 11, /users/jamilm/files_to_Send/FILE3
1664847230.778615 -- INFO: starting 12, 12, /users/jamilm/files_to_Send/FILE2
1664847230.780329 -- INFO: Process 13 get item 13 from queue and executing
1664847230.780701 -- INFO: starting 13, 13, /users/jamilm/files_to_Send/FILE1
1664847231.526620 -- INFO: Throughput @20.1s:96.04Mbps, rtt :39.32ms cwnd: 23.6 lossRate: 0.005021971123666039 CC:15 score:-67.0 
1664847231.789820 -- INFO: Process 14 get item 14 from queue and executing
1664847231.790406 -- INFO: starting 14, 14, /users/jamilm/files_to_Send/FILE0
1664847232.529130 -- INFO: Throughput @21.1s:121.66Mbps, rtt :39.7ms cwnd: 26.0 lossRate: 0.004441869447663191 CC:15 score:-85.0 
1664847233.530220 -- INFO: Throughput @22.1s:108.52Mbps, rtt :39.33ms cwnd: 22.9 lossRate: 0.00539053905390539 CC:15 score:-75.0 
1664847233.941044 -- INFO: Changing concurrency to 17 ******
1664847233.943821 -- INFO: Process Status Bits from change concurrency are: 1 1 1 1 1 1 1 1 1 1 1 1 1 1 1 1 1 0 0 0 0 0 0 0 0 0 0 0 0 0 0 0
1664847233.946535 -- INFO: Active CC: 17
1664847233.947710 -- INFO: Start Process :: 16
1664847233.948101 -- INFO: Start Process :: 15
1664847233.987838 -- INFO: Process 16 get item 15 from queue and executing
1664847233.988287 -- INFO: starting 16, 15, /users/jamilm/files_to_Send/FILE3
1664847233.988608 -- INFO: Process 15 get item 16 from queue and executing
1664847233.989099 -- INFO: starting 15, 16, /users/jamilm/files_to_Send/FILE2
1664847234.531577 -- INFO: Throughput @23.1s:115.6Mbps, rtt :39.41ms cwnd: 25.1 lossRate: 0.004644442150892765 CC:17 score:-77.0 
1664847235.532283 -- INFO: Throughput @24.1s:119.16Mbps, rtt :39.13ms cwnd: 23.4 lossRate: 0.005595523581135092 CC:17 score:-78.0 
1664847236.534484 -- INFO: Throughput @25.1s:101.39Mbps, rtt :39.61ms cwnd: 22.4 lossRate: 0.0069767441860465115 CC:17 score:-65.0 
1664847237.147485 -- INFO: Gradient: 1.1666666666666714, Gredient Change: 0.015418502202643233, Theta: -1, Previous CC: 16, Choosen CC: 15
1664847237.147608 -- INFO: Changing concurrency to 14 ******
1664847237.148829 -- INFO: Process Status Bits from change concurrency are: 1 1 1 1 1 1 1 1 1 1 1 1 1 1 0 0 0 0 0 0 0 0 0 0 0 0 0 0 0 0 0 0
1664847237.149915 -- INFO: Active CC: 14
1664847237.534526 -- INFO: Throughput @26.1s:109.26Mbps, rtt :39.71ms cwnd: 24.0 lossRate: 0.0038791343405471623 CC:14 score:-79.0 
1664847238.539037 -- INFO: Throughput @27.1s:89.02Mbps, rtt :39.71ms cwnd: 21.5 lossRate: 0 CC:14 score:-67.0 
1664847239.539237 -- INFO: Throughput @28.1s:85.94Mbps, rtt :40.1ms cwnd: 17.9 lossRate: 0.008555539711963496 CC:14 score:-58.0 
1664847240.350986 -- INFO: Changing concurrency to 16 ******
1664847240.353395 -- INFO: Process Status Bits from change concurrency are: 1 1 1 1 1 1 1 1 1 1 1 1 1 1 1 1 0 0 0 0 0 0 0 0 0 0 0 0 0 0 0 0
1664847240.353445 -- INFO: Start Process :: 14
1664847240.354906 -- INFO: Start Process :: 15
1664847240.357040 -- INFO: Active CC: 16
1664847240.393176 -- INFO: Process 14 get item 17 from queue and executing
1664847240.393870 -- INFO: starting 14, 17, /users/jamilm/files_to_Send/FILE1
1664847240.395279 -- INFO: Process 15 get item 18 from queue and executing
1664847240.396029 -- INFO: starting 15, 18, /users/jamilm/files_to_Send/FILE0
1664847240.537704 -- INFO: Throughput @29.1s:81.25Mbps, rtt :40.06ms cwnd: 19.0 lossRate: 0.005850456621004566 CC:16 score:-54.0 
1664847241.538709 -- INFO: Throughput @30.1s:98.51Mbps, rtt :39.61ms cwnd: 21.8 lossRate: 0.00599647266313933 CC:16 score:-66.0 
1664847242.540359 -- INFO: Throughput @31.1s:103.84Mbps, rtt :39.32ms cwnd: 21.6 lossRate: 0.005465725347301298 CC:16 score:-70.0 
1664847243.540231 -- INFO: Throughput @32.1s:101.71Mbps, rtt :39.61ms cwnd: 21.8 lossRate: 0.005431707593074573 CC:16 score:-69.0 
1664847243.558075 -- INFO: Gradient: -0.1666666666666643, Gredient Change: 0.002450980392156828, Theta: 1, Previous CC: 15, Choosen CC: 16
1664847243.558199 -- INFO: Changing concurrency to 15 ******
1664847243.560652 -- INFO: Process Status Bits from change concurrency are: 1 1 1 1 1 1 1 1 1 1 1 1 1 1 1 0 0 0 0 0 0 0 0 0 0 0 0 0 0 0 0 0
1664847243.562919 -- INFO: Active CC: 15
1664847244.539718 -- INFO: Throughput @33.1s:92.49Mbps, rtt :40.05ms cwnd: 19.7 lossRate: 0.007828144911705807 CC:15 score:-61.0 
1664847245.543536 -- INFO: Throughput @34.1s:91.23Mbps, rtt :39.44ms cwnd: 22.2 lossRate: 0.004274578828262509 CC:15 score:-64.0 
1664847246.544175 -- INFO: Throughput @35.1s:95.65Mbps, rtt :39.93ms cwnd: 22.0 lossRate: 0.006480259210368415 CC:15 score:-65.0 
1664847246.764005 -- INFO: Changing concurrency to 17 ******
1664847246.765561 -- INFO: Start Process :: 15
1664847246.765956 -- INFO: Process Status Bits from change concurrency are: 1 1 1 1 1 1 1 1 1 1 1 1 1 1 1 1 1 0 0 0 0 0 0 0 0 0 0 0 0 0 0 0
1664847246.766139 -- INFO: Start Process :: 16
1664847246.767950 -- INFO: Active CC: 17
1664847246.805052 -- INFO: Process 15 get item 19 from queue and executing
1664847246.805384 -- INFO: starting 15, 19, /users/jamilm/files_to_Send/FILE3
1664847246.805910 -- INFO: Process 16 get item 20 from queue and executing
1664847246.806647 -- INFO: starting 16, 20, /users/jamilm/files_to_Send/FILE2
1664847247.545333 -- INFO: Throughput @36.1s:112.38Mbps, rtt :39.54ms cwnd: 23.5 lossRate: 0.005197836002970192 CC:17 score:-74.0 
1664847248.545608 -- INFO: Throughput @37.1s:112.82Mbps, rtt :39.55ms cwnd: 21.1 lossRate: 0.005849174848548151 CC:17 score:-74.0 
1664847249.547152 -- INFO: Throughput @38.1s:111.61Mbps, rtt :39.73ms cwnd: 22.9 lossRate: 0.004559113045280282 CC:17 score:-75.0 
1664847249.968782 -- INFO: Gradient: -5.4999999999999964, Gredient Change: 0.08684210526315783, Theta: 2, Previous CC: 16, Choosen CC: 20
1664847249.968885 -- INFO: Changing concurrency to 19 ******
1664847249.970654 -- INFO: Process Status Bits from change concurrency are: 1 1 1 1 1 1 1 1 1 1 1 1 1 1 1 1 1 1 1 0 0 0 0 0 0 0 0 0 0 0 0 0
1664847249.972239 -- INFO: Active CC: 19
1664847249.972218 -- INFO: Start Process :: 18
1664847249.974467 -- INFO: Start Process :: 17
1664847250.011941 -- INFO: Process 18 get item 21 from queue and executing
1664847250.012258 -- INFO: starting 18, 21, /users/jamilm/files_to_Send/FILE1
1664847250.014692 -- INFO: Process 17 get item 22 from queue and executing
1664847250.015275 -- INFO: starting 17, 22, /users/jamilm/files_to_Send/FILE0
1664847250.545402 -- INFO: Throughput @39.1s:122.04Mbps, rtt :39.37ms cwnd: 22.5 lossRate: 0.005774689243417833 CC:19 score:-77.0 
1664847251.545968 -- INFO: Throughput @40.1s:132.18Mbps, rtt :39.4ms cwnd: 24.9 lossRate: 0.00438219625365183 CC:19 score:-85.0 
1664847252.546883 -- INFO: Throughput @41.1s:141.8Mbps, rtt :39.49ms cwnd: 25.2 lossRate: 0.004355329114964253 CC:19 score:-91.0 
1664847253.173452 -- INFO: Changing concurrency to 21 ******
1664847253.174311 -- INFO: Process Status Bits from change concurrency are: 1 1 1 1 1 1 1 1 1 1 1 1 1 1 1 1 1 1 1 1 1 0 0 0 0 0 0 0 0 0 0 0
1664847253.175058 -- INFO: Active CC: 21
1664847253.177981 -- INFO: Start Process :: 19
1664847253.177968 -- INFO: Start Process :: 20
1664847253.217754 -- INFO: Process 19 get item 23 from queue and executing
1664847253.217855 -- INFO: Process 20 get item 24 from queue and executing
1664847253.218113 -- INFO: starting 19, 23, /users/jamilm/files_to_Send/FILE3
1664847253.218378 -- INFO: starting 20, 24, /users/jamilm/files_to_Send/FILE2
1664847253.550245 -- INFO: Throughput @42.1s:147.6Mbps, rtt :39.48ms cwnd: 23.7 lossRate: 0.004966213465765692 CC:21 score:-90.0 
1664847254.549103 -- INFO: Throughput @43.1s:137.08Mbps, rtt :39.35ms cwnd: 22.2 lossRate: 0.005790533736153071 CC:21 score:-83.0 
1664847255.548133 -- INFO: Throughput @44.1s:130.19Mbps, rtt :39.97ms cwnd: 21.0 lossRate: 0.006072172102706454 CC:21 score:-78.0 
1664847256.376017 -- INFO: Gradient: 0.3333333333333286, Gredient Change: 0.0039525691699604185, Theta: -1, Previous CC: 20, Choosen CC: 19
1664847256.376141 -- INFO: Changing concurrency to 18 ******
1664847256.377009 -- INFO: Process Status Bits from change concurrency are: 1 1 1 1 1 1 1 1 1 1 1 1 1 1 1 1 1 1 0 0 0 0 0 0 0 0 0 0 0 0 0 0
1664847256.377843 -- INFO: Active CC: 18
1664847256.553066 -- INFO: Throughput @45.1s:128.87Mbps, rtt :39.3ms cwnd: 21.4 lossRate: 0.006021930612978609 CC:18 score:-82.0 
1664847257.553192 -- INFO: Throughput @46.1s:108.32Mbps, rtt :39.39ms cwnd: 22.7 lossRate: 0.009107468123861567 CC:18 score:-66.0 
1664847258.554307 -- INFO: Throughput @47.1s:114.0Mbps, rtt :39.79ms cwnd: 20.0 lossRate: 0.0067887265994651304 CC:18 score:-72.0 
1664847259.557108 -- INFO: Throughput @48.1s:120.09Mbps, rtt :39.48ms cwnd: 24.2 lossRate: 0.003847236558130806 CC:18 score:-79.0 
1664847259.578699 -- INFO: Changing concurrency to 20 ******
1664847259.580050 -- INFO: Start Process :: 19
1664847259.580140 -- INFO: Process Status Bits from change concurrency are: 1 1 1 1 1 1 1 1 1 1 1 1 1 1 1 1 1 1 1 1 0 0 0 0 0 0 0 0 0 0 0 0
1664847259.580485 -- INFO: Start Process :: 18
1664847259.581401 -- INFO: Active CC: 20
1664847259.619349 -- INFO: Process 19 get item 25 from queue and executing
1664847259.619912 -- INFO: starting 19, 25, /users/jamilm/files_to_Send/FILE1
1664847259.620173 -- INFO: Process 18 get item 26 from queue and executing
1664847259.620727 -- INFO: starting 18, 26, /users/jamilm/files_to_Send/FILE0
1664847260.558253 -- INFO: Throughput @49.1s:130.68Mbps, rtt :39.87ms cwnd: 21.4 lossRate: 0.005965099715099715 CC:20 score:-80.0 
1664847261.554320 -- INFO: Throughput @50.1s:131.54Mbps, rtt :39.84ms cwnd: 23.2 lossRate: 0.0046825754164790635 CC:20 score:-82.0 
1664847262.555119 -- INFO: Throughput @51.1s:141.14Mbps, rtt :39.06ms cwnd: 22.2 lossRate: 0.005347139704634188 CC:20 score:-87.0 
1664847262.782290 -- INFO: Gradient: -5.333333333333336, Gredient Change: 0.07373271889400926, Theta: 1, Previous CC: 19, Choosen CC: 21
1664847262.782398 -- INFO: Changing concurrency to 20 ******
1664847262.783269 -- INFO: Process Status Bits from change concurrency are: 1 1 1 1 1 1 1 1 1 1 1 1 1 1 1 1 1 1 1 1 0 0 0 0 0 0 0 0 0 0 0 0
1664847262.784189 -- INFO: Active CC: 20
1664847263.557230 -- INFO: Throughput @52.1s:122.44Mbps, rtt :39.66ms cwnd: 20.8 lossRate: 0.0057592101654630225 CC:20 score:-75.0 
1664847264.559913 -- INFO: Throughput @53.1s:134.54Mbps, rtt :39.26ms cwnd: 23.6 lossRate: 0.004585537918871252 CC:20 score:-84.0 
1664847265.560820 -- INFO: Throughput @54.1s:140.65Mbps, rtt :40.09ms cwnd: 25.0 lossRate: 0.0046823282473560995 CC:20 score:-88.0 
1664847265.985085 -- INFO: Changing concurrency to 22 ******
1664847265.986025 -- INFO: Process Status Bits from change concurrency are: 1 1 1 1 1 1 1 1 1 1 1 1 1 1 1 1 1 1 1 1 1 1 0 0 0 0 0 0 0 0 0 0
1664847265.986824 -- INFO: Active CC: 22
1664847265.986737 -- INFO: Start Process :: 20
1664847265.987860 -- INFO: Start Process :: 21
1664847266.026215 -- INFO: Process 20 get item 27 from queue and executing
1664847266.026675 -- INFO: starting 20, 27, /users/jamilm/files_to_Send/FILE3
1664847266.027417 -- INFO: Process 21 get item 28 from queue and executing
1664847266.027743 -- INFO: starting 21, 28, /users/jamilm/files_to_Send/FILE2
1664847266.562829 -- INFO: Throughput @55.1s:142.66Mbps, rtt :39.86ms cwnd: 21.8 lossRate: 0.005653005237343088 CC:22 score:-84.0 
1664847267.563708 -- INFO: Throughput @56.1s:146.72Mbps, rtt :39.31ms cwnd: 23.9 lossRate: 0.0042884990253411305 CC:22 score:-89.0 
1664847268.562479 -- INFO: Throughput @57.1s:148.8Mbps, rtt :39.43ms cwnd: 22.6 lossRate: 0.005299375148303409 CC:22 score:-88.0 
1664847269.187752 -- INFO: Gradient: -2.3333333333333357, Gredient Change: 0.02834008097165995, Theta: 2, Previous CC: 21, Choosen CC: 23
1664847269.187872 -- INFO: Changing concurrency to 22 ******
1664847269.188611 -- INFO: Process Status Bits from change concurrency are: 1 1 1 1 1 1 1 1 1 1 1 1 1 1 1 1 1 1 1 1 1 1 0 0 0 0 0 0 0 0 0 0
1664847269.189328 -- INFO: Active CC: 22
1664847269.561100 -- INFO: Throughput @58.1s:150.21Mbps, rtt :39.53ms cwnd: 22.8 lossRate: 0.005318316909119349 CC:22 score:-89.0 
1664847270.564508 -- INFO: Throughput @59.1s:142.78Mbps, rtt :39.37ms cwnd: 21.9 lossRate: 0.005276005984723207 CC:22 score:-85.0 
1664847271.565447 -- INFO: Throughput @60.1s:136.85Mbps, rtt :39.44ms cwnd: 21.5 lossRate: 0.006118002011397922 CC:22 score:-80.0 
1664847272.390070 -- INFO: Changing concurrency to 24 ******
1664847272.390746 -- INFO: Process Status Bits from change concurrency are: 1 1 1 1 1 1 1 1 1 1 1 1 1 1 1 1 1 1 1 1 1 1 1 1 0 0 0 0 0 0 0 0
1664847272.391439 -- INFO: Active CC: 24
1664847272.394033 -- INFO: Start Process :: 22
1664847272.394500 -- INFO: Start Process :: 23
1664847272.433717 -- INFO: Process 22 get item 29 from queue and executing
1664847272.434111 -- INFO: starting 22, 29, /users/jamilm/files_to_Send/FILE1
1664847272.434931 -- INFO: Process 23 get item 30 from queue and executing
1664847272.435250 -- INFO: starting 23, 30, /users/jamilm/files_to_Send/FILE0
1664847272.563759 -- INFO: Throughput @61.1s:145.41Mbps, rtt :39.39ms cwnd: 21.0 lossRate: 0.005079768235574252 CC:24 score:-83.0 
1664847273.568810 -- INFO: Throughput @62.1s:161.61Mbps, rtt :39.45ms cwnd: 23.5 lossRate: 0.004675628287551139 CC:24 score:-93.0 
1664847274.572158 -- INFO: Throughput @63.1s:169.93Mbps, rtt :39.67ms cwnd: 25.8 lossRate: 0.00413250683196694 CC:24 score:-99.0 
1664847275.570796 -- INFO: Throughput @64.1s:176.39Mbps, rtt :39.57ms cwnd: 25.2 lossRate: 0.004471734632583595 CC:24 score:-102.0 
1664847275.592315 -- INFO: Gradient: -6.666666666666664, Gredient Change: 0.07874015748031493, Theta: 3, Previous CC: 23, Choosen CC: 29
1664847275.592437 -- INFO: Changing concurrency to 28 ******
1664847275.592956 -- INFO: Process Status Bits from change concurrency are: 1 1 1 1 1 1 1 1 1 1 1 1 1 1 1 1 1 1 1 1 1 1 1 1 1 1 1 1 0 0 0 0
1664847275.593354 -- INFO: Active CC: 28
1664847275.594518 -- INFO: Start Process :: 24
1664847275.596419 -- INFO: Start Process :: 26
1664847275.598126 -- INFO: Start Process :: 27
1664847275.597872 -- INFO: Start Process :: 25
1664847275.634239 -- INFO: Process 24 get item 31 from queue and executing
1664847275.634554 -- INFO: starting 24, 31, /users/jamilm/files_to_Send/FILE3
1664847275.636789 -- INFO: Process 26 get item 14 from queue and executing
1664847275.637140 -- INFO: starting 26, 14, /users/jamilm/files_to_Send/FILE0
1664847275.637859 -- INFO: Process 27 get item 15 from queue and executing
1664847275.638197 -- INFO: starting 27, 15, /users/jamilm/files_to_Send/FILE3
1664847275.638967 -- INFO: Process 25 get item 16 from queue and executing
1664847275.639407 -- INFO: starting 25, 16, /users/jamilm/files_to_Send/FILE2
1664847276.573845 -- INFO: Throughput @65.1s:193.04Mbps, rtt :39.52ms cwnd: 22.1 lossRate: 0.0061724622624213165 CC:28 score:-99.0 
1664847277.574919 -- INFO: Throughput @66.1s:192.46Mbps, rtt :39.56ms cwnd: 23.8 lossRate: 0.004294441420189923 CC:28 score:-102.0 
1664847278.575842 -- INFO: Throughput @67.1s:185.45Mbps, rtt :39.67ms cwnd: 21.9 lossRate: 0.00676776538413335 CC:28 score:-94.0 
1664847278.794163 -- INFO: Changing concurrency to 30 ******
1664847278.794598 -- INFO: Process Status Bits from change concurrency are: 1 1 1 1 1 1 1 1 1 1 1 1 1 1 1 1 1 1 1 1 1 1 1 1 1 1 1 1 1 1 0 0
1664847278.794889 -- INFO: Active CC: 30
1664847278.796248 -- INFO: Start Process :: 29
1664847278.798371 -- INFO: Start Process :: 28
1664847278.835697 -- INFO: Process 29 get item 18 from queue and executing
1664847278.836001 -- INFO: starting 29, 18, /users/jamilm/files_to_Send/FILE0
1664847278.838072 -- INFO: Process 28 get item 21 from queue and executing
1664847278.838327 -- INFO: starting 28, 21, /users/jamilm/files_to_Send/FILE1
1664847279.576972 -- INFO: Throughput @68.1s:193.41Mbps, rtt :39.49ms cwnd: 21.6 lossRate: 0.0055012980590925945 CC:30 score:-96.0 
1664847280.578550 -- INFO: Throughput @69.1s:181.33Mbps, rtt :39.36ms cwnd: 21.6 lossRate: 0.005786460925833748 CC:30 score:-90.0 
1664847281.576877 -- INFO: Throughput @70.1s:191.7Mbps, rtt :39.58ms cwnd: 22.1 lossRate: 0.0057373046875 CC:30 score:-95.0 
1664847281.995739 -- INFO: Gradient: 2.3333333333333286, Gredient Change: 0.023728813559321986, Theta: -1, Previous CC: 29, Choosen CC: 28
1664847281.995862 -- INFO: Changing concurrency to 27 ******
1664847281.996104 -- INFO: Process Status Bits from change concurrency are: 1 1 1 1 1 1 1 1 1 1 1 1 1 1 1 1 1 1 1 1 1 1 1 1 1 1 1 0 0 0 0 0
1664847281.996323 -- INFO: Active CC: 27
1664847282.580827 -- INFO: Throughput @71.1s:185.96Mbps, rtt :39.62ms cwnd: 20.6 lossRate: 0.005748628168278025 CC:27 score:-98.0 
1664847283.582120 -- INFO: Throughput @72.1s:164.59Mbps, rtt :39.67ms cwnd: 22.0 lossRate: 0.005119037945884456 CC:27 score:-88.0 
1664847284.582823 -- INFO: Throughput @73.1s:166.54Mbps, rtt :39.26ms cwnd: 20.5 lossRate: 0.005675526024363234 CC:27 score:-88.0 
1664847285.197215 -- INFO: Changing concurrency to 29 ******
1664847285.197651 -- INFO: Process Status Bits from change concurrency are: 1 1 1 1 1 1 1 1 1 1 1 1 1 1 1 1 1 1 1 1 1 1 1 1 1 1 1 1 1 0 0 0
1664847285.197949 -- INFO: Active CC: 29
1664847285.197936 -- INFO: Start Process :: 28
1664847285.198027 -- INFO: Start Process :: 27
1664847285.237068 -- INFO: Process 28 get item 24 from queue and executing
1664847285.237391 -- INFO: Process 27 get item 23 from queue and executing
1664847285.237429 -- INFO: starting 28, 24, /users/jamilm/files_to_Send/FILE2
1664847285.237740 -- INFO: starting 27, 23, /users/jamilm/files_to_Send/FILE3
1664847285.584123 -- INFO: Throughput @74.1s:180.22Mbps, rtt :39.49ms cwnd: 21.8 lossRate: 0.004976410521553674 CC:29 score:-93.0 
1664847286.585245 -- INFO: Throughput @75.1s:205.43Mbps, rtt :39.33ms cwnd: 24.4 lossRate: 0.003979533826037522 CC:29 score:-108.0 
1664847287.586504 -- INFO: Throughput @76.1s:206.03Mbps, rtt :39.33ms cwnd: 24.8 lossRate: 0.004577046957111375 CC:29 score:-107.0 
1664847288.398953 -- INFO: Gradient: -5.666666666666671, Gredient Change: 0.06204379562043801, Theta: 1, Previous CC: 28, Choosen CC: 30
1664847288.399066 -- INFO: Changing concurrency to 29 ******
1664847288.399297 -- INFO: Process Status Bits from change concurrency are: 1 1 1 1 1 1 1 1 1 1 1 1 1 1 1 1 1 1 1 1 1 1 1 1 1 1 1 1 1 0 0 0
1664847288.399544 -- INFO: Active CC: 29
1664847288.587501 -- INFO: Throughput @77.1s:207.68Mbps, rtt :39.95ms cwnd: 21.4 lossRate: 0.006041262965918158 CC:29 score:-104.0 
1664847289.588743 -- INFO: Throughput @78.1s:184.19Mbps, rtt :39.72ms cwnd: 22.7 lossRate: 0.005396140172676486 CC:29 score:-94.0 
1664847290.589449 -- INFO: Throughput @79.1s:197.03Mbps, rtt :39.32ms cwnd: 25.0 lossRate: 0.0039447731755424065 CC:29 score:-103.0 
1664847291.590859 -- INFO: Throughput @80.1s:205.98Mbps, rtt :39.56ms cwnd: 23.0 lossRate: 0.0055298499040740325 CC:29 score:-105.0 
1664847291.600423 -- INFO: Changing concurrency to 31 ******
1664847291.600746 -- INFO: Process Status Bits from change concurrency are: 1 1 1 1 1 1 1 1 1 1 1 1 1 1 1 1 1 1 1 1 1 1 1 1 1 1 1 1 1 1 1 0
1664847291.600923 -- INFO: Active CC: 31
1664847291.601755 -- INFO: Start Process :: 29
1664847291.602412 -- INFO: Start Process :: 30
1664847291.641317 -- INFO: Process 29 get item 15 from queue and executing
1664847291.641703 -- INFO: starting 29, 15, /users/jamilm/files_to_Send/FILE3
1664847291.641775 -- INFO: Process 30 get item 21 from queue and executing
1664847291.642077 -- INFO: starting 30, 21, /users/jamilm/files_to_Send/FILE1
1664847292.591573 -- INFO: Throughput @81.1s:207.43Mbps, rtt :39.5ms cwnd: 22.7 lossRate: 0.005261390350386208 CC:31 score:-101.0 
1664847293.592569 -- INFO: Throughput @82.1s:206.36Mbps, rtt :39.98ms cwnd: 21.9 lossRate: 0.005544554455445544 CC:31 score:-100.0 
1664847294.593794 -- INFO: Throughput @83.1s:208.59Mbps, rtt :39.39ms cwnd: 23.2 lossRate: 0.004545706524751926 CC:31 score:-103.0 
1664847294.801784 -- INFO: Gradient: -0.3333333333333286, Gredient Change: 0.003311258278145648, Theta: 2, Previous CC: 30, Choosen CC: 31
1664847294.801905 -- INFO: Changing concurrency to 30 ******
1664847294.802119 -- INFO: Process Status Bits from change concurrency are: 1 1 1 1 1 1 1 1 1 1 1 1 1 1 1 1 1 1 1 1 1 1 1 1 1 1 1 1 1 1 0 0
1664847294.802309 -- INFO: Active CC: 30
1664847295.595350 -- INFO: Throughput @84.1s:199.0Mbps, rtt :39.43ms cwnd: 21.8 lossRate: 0.0055823872545944925 CC:30 score:-99.0 
1664847296.596471 -- INFO: Throughput @85.1s:196.13Mbps, rtt :39.82ms cwnd: 22.7 lossRate: 0.005134090359990336 CC:30 score:-98.0 
1664847297.597336 -- INFO: Throughput @86.1s:184.37Mbps, rtt :39.42ms cwnd: 21.9 lossRate: 0.006119576525304449 CC:30 score:-91.0 
1664847298.003216 -- INFO: Changing concurrency to 32 ******
1664847298.003505 -- INFO: Process Status Bits from change concurrency are: 1 1 1 1 1 1 1 1 1 1 1 1 1 1 1 1 1 1 1 1 1 1 1 1 1 1 1 1 1 1 1 1
1664847298.003672 -- INFO: Active CC: 32
1664847298.003729 -- INFO: Start Process :: 30
1664847298.009995 -- INFO: Start Process :: 31
1664847298.042846 -- INFO: Process 30 get item 18 from queue and executing
1664847298.043173 -- INFO: starting 30, 18, /users/jamilm/files_to_Send/FILE0
1664847298.049790 -- INFO: Process 31 get item 21 from queue and executing
1664847298.050085 -- INFO: starting 31, 21, /users/jamilm/files_to_Send/FILE1
1664847298.598038 -- INFO: Throughput @87.1s:202.95Mbps, rtt :39.52ms cwnd: 23.2 lossRate: 0.004663749424228466 CC:32 score:-98.0 
1664847299.599098 -- INFO: Throughput @88.1s:227.43Mbps, rtt :39.4ms cwnd: 25.1 lossRate: 0.0038296800201562107 CC:32 score:-112.0 
1664847300.599973 -- INFO: Throughput @89.1s:218.96Mbps, rtt :39.79ms cwnd: 23.3 lossRate: 0.005650010366991499 CC:32 score:-104.0 
1664847301.204560 -- INFO: Gradient: -4.333333333333336, Gredient Change: 0.045138888888888916, Theta: 3, Previous CC: 31, Choosen CC: 31
1664847301.204653 -- INFO: Changing concurrency to 30 ******
1664847301.204777 -- INFO: Process Status Bits from change concurrency are: 1 1 1 1 1 1 1 1 1 1 1 1 1 1 1 1 1 1 1 1 1 1 1 1 1 1 1 1 1 1 0 0
1664847301.204914 -- INFO: Active CC: 30
1664847301.601742 -- INFO: Throughput @90.1s:227.47Mbps, rtt :39.81ms cwnd: 23.4 lossRate: 0.004585078682214423 CC:30 score:-115.0 
1664847302.602664 -- INFO: Throughput @91.1s:197.22Mbps, rtt :39.39ms cwnd: 20.8 lossRate: 0.005888753760481342 CC:30 score:-97.0 
1664847303.603655 -- INFO: Throughput @92.1s:190.33Mbps, rtt :39.63ms cwnd: 21.8 lossRate: 0.004847396768402155 CC:30 score:-96.0 
1664847304.405720 -- INFO: Changing concurrency to 32 ******
1664847304.405967 -- INFO: Process Status Bits from change concurrency are: 1 1 1 1 1 1 1 1 1 1 1 1 1 1 1 1 1 1 1 1 1 1 1 1 1 1 1 1 1 1 1 1
1664847304.406126 -- INFO: Active CC: 32
1664847304.406181 -- INFO: Start Process :: 30
1664847304.406453 -- INFO: Start Process :: 31
1664847304.445272 -- INFO: Process 30 get item 21 from queue and executing
1664847304.445480 -- INFO: starting 30, 21, /users/jamilm/files_to_Send/FILE1
1664847304.445902 -- INFO: Process 31 get item 18 from queue and executing
1664847304.446273 -- INFO: starting 31, 18, /users/jamilm/files_to_Send/FILE0
1664847304.604722 -- INFO: Throughput @93.1s:198.66Mbps, rtt :39.56ms cwnd: 21.4 lossRate: 0.005552274069698759 CC:32 score:-94.0 
1664847305.604434 -- INFO: Throughput @94.1s:209.72Mbps, rtt :39.63ms cwnd: 22.4 lossRate: 0.005002990918483876 CC:32 score:-101.0 
1664847306.606776 -- INFO: Throughput @95.1s:202.56Mbps, rtt :39.59ms cwnd: 22.7 lossRate: 0.005269718948322756 CC:32 score:-97.0 
1664847307.607054 -- INFO: Gradient: 2.6666666666666714, Gredient Change: 0.025974025974026017, Theta: -1, Previous CC: 31, Choosen CC: 30
1664847307.607146 -- INFO: Changing concurrency to 29 ******
1664847307.607274 -- INFO: Process Status Bits from change concurrency are: 1 1 1 1 1 1 1 1 1 1 1 1 1 1 1 1 1 1 1 1 1 1 1 1 1 1 1 1 1 0 0 0
1664847307.607409 -- INFO: Active CC: 29
1664847307.607720 -- INFO: Throughput @96.1s:222.02Mbps, rtt :39.9ms cwnd: 22.3 lossRate: 0.005416312659303314 CC:32 score:-106.0 
1664847308.609756 -- INFO: Throughput @97.1s:193.53Mbps, rtt :39.46ms cwnd: 22.6 lossRate: 0.005860415556739478 CC:29 score:-98.0 
1664847309.610144 -- INFO: Throughput @98.2s:170.91Mbps, rtt :39.46ms cwnd: 22.1 lossRate: 0.005523505584877869 CC:29 score:-87.0 
1664847310.611784 -- INFO: Throughput @99.2s:190.64Mbps, rtt :39.47ms cwnd: 23.8 lossRate: 0.004281891168599465 CC:29 score:-99.0 
1664847310.808002 -- INFO: Changing concurrency to 31 ******
1664847310.808368 -- INFO: Process Status Bits from change concurrency are: 1 1 1 1 1 1 1 1 1 1 1 1 1 1 1 1 1 1 1 1 1 1 1 1 1 1 1 1 1 1 1 0
1664847310.808591 -- INFO: Active CC: 31
1664847310.808645 -- INFO: Start Process :: 29
1664847310.809247 -- INFO: Start Process :: 30
1664847310.847826 -- INFO: Process 29 get item 21 from queue and executing
1664847310.848180 -- INFO: starting 29, 21, /users/jamilm/files_to_Send/FILE1
1664847310.848770 -- INFO: Process 30 get item 18 from queue and executing
1664847310.849170 -- INFO: starting 30, 18, /users/jamilm/files_to_Send/FILE0
1664847311.612326 -- INFO: Throughput @100.2s:205.33Mbps, rtt :39.54ms cwnd: 23.7 lossRate: 0.005050794926246915 CC:31 score:-101.0 
1664847312.613415 -- INFO: Throughput @101.2s:199.0Mbps, rtt :39.43ms cwnd: 23.3 lossRate: 0.005414434652381775 CC:31 score:-97.0 
1664847313.614786 -- INFO: Throughput @102.2s:203.54Mbps, rtt :39.95ms cwnd: 21.7 lossRate: 0.006216094032549729 CC:31 score:-98.0 
1664847314.009397 -- INFO: Gradient: -2.0, Gredient Change: 0.02112676056338028, Theta: 1, Previous CC: 30, Choosen CC: 31
1664847314.009502 -- INFO: Changing concurrency to 30 ******
1664847314.009713 -- INFO: Process Status Bits from change concurrency are: 1 1 1 1 1 1 1 1 1 1 1 1 1 1 1 1 1 1 1 1 1 1 1 1 1 1 1 1 1 1 0 0
1664847314.009937 -- INFO: Active CC: 30
1664847314.615839 -- INFO: Throughput @103.2s:199.0Mbps, rtt :39.94ms cwnd: 22.8 lossRate: 0.0047163798597833016 CC:30 score:-100.0 
1664847315.616781 -- INFO: Throughput @104.2s:203.62Mbps, rtt :39.59ms cwnd: 23.3 lossRate: 0.004692446856625961 CC:30 score:-103.0 
1664847316.618466 -- INFO: Throughput @105.2s:213.7Mbps, rtt :39.34ms cwnd: 25.1 lossRate: 0.0038303984678406127 CC:30 score:-110.0 
1664847317.210888 -- INFO: Changing concurrency to 32 ******
1664847317.211152 -- INFO: Process Status Bits from change concurrency are: 1 1 1 1 1 1 1 1 1 1 1 1 1 1 1 1 1 1 1 1 1 1 1 1 1 1 1 1 1 1 1 1
1664847317.211316 -- INFO: Active CC: 32
1664847317.211432 -- INFO: Start Process :: 30
1664847317.211621 -- INFO: Start Process :: 31
1664847317.250601 -- INFO: Process 30 get item 15 from queue and executing
1664847317.250864 -- INFO: starting 30, 15, /users/jamilm/files_to_Send/FILE3
1664847317.250963 -- INFO: Process 31 get item 18 from queue and executing
1664847317.251194 -- INFO: starting 31, 18, /users/jamilm/files_to_Send/FILE0
1664847317.619186 -- INFO: Throughput @106.2s:216.91Mbps, rtt :39.15ms cwnd: 24.3 lossRate: 0.00429117169919933 CC:32 score:-106.0 
1664847318.620319 -- INFO: Throughput @107.2s:244.32Mbps, rtt :39.24ms cwnd: 24.7 lossRate: 0.004074619538537065 CC:32 score:-120.0 
1664847319.621320 -- INFO: Throughput @108.2s:223.42Mbps, rtt :39.42ms cwnd: 23.1 lossRate: 0.00560526586444513 CC:32 score:-106.0 
1664847320.412321 -- INFO: Gradient: -3.1666666666666714, Gredient Change: 0.03035143769968056, Theta: 2, Previous CC: 31, Choosen CC: 31
1664847320.412455 -- INFO: Changing concurrency to 30 ******
1664847320.412591 -- INFO: Process Status Bits from change concurrency are: 1 1 1 1 1 1 1 1 1 1 1 1 1 1 1 1 1 1 1 1 1 1 1 1 1 1 1 1 1 1 0 0
1664847320.412730 -- INFO: Active CC: 30
1664847320.622618 -- INFO: Throughput @109.2s:216.33Mbps, rtt :39.27ms cwnd: 24.6 lossRate: 0.004693102720944948 CC:30 score:-109.0 
1664847321.623870 -- INFO: Throughput @110.2s:222.91Mbps, rtt :39.45ms cwnd: 24.8 lossRate: 0.004324971721338745 CC:30 score:-113.0 
1664847322.624546 -- INFO: Throughput @111.2s:208.87Mbps, rtt :39.55ms cwnd: 22.9 lossRate: 0.005773542600896861 CC:30 score:-103.0 
1664847323.613550 -- INFO: Changing concurrency to 32 ******
1664847323.613808 -- INFO: Process Status Bits from change concurrency are: 1 1 1 1 1 1 1 1 1 1 1 1 1 1 1 1 1 1 1 1 1 1 1 1 1 1 1 1 1 1 1 1
1664847323.613968 -- INFO: Active CC: 32
1664847323.614041 -- INFO: Start Process :: 30
1664847323.614288 -- INFO: Start Process :: 31
1664847323.625767 -- INFO: Throughput @112.2s:214.45Mbps, rtt :39.15ms cwnd: 25.1 lossRate: 0.0034402455806076004 CC:30 score:-111.0 
1664847323.653124 -- INFO: Process 30 get item 15 from queue and executing
1664847323.653327 -- INFO: starting 30, 15, /users/jamilm/files_to_Send/FILE3
1664847323.653523 -- INFO: Process 31 get item 18 from queue and executing
1664847323.653703 -- INFO: starting 31, 18, /users/jamilm/files_to_Send/FILE0
1664847324.626945 -- INFO: Throughput @113.2s:219.97Mbps, rtt :39.44ms cwnd: 22.5 lossRate: 0.0055963254316034 CC:32 score:-104.0 
1664847325.628130 -- INFO: Throughput @114.2s:208.48Mbps, rtt :39.25ms cwnd: 20.7 lossRate: 0.006477969069156697 CC:32 score:-97.0 
1664847326.628247 -- INFO: Throughput @115.2s:197.56Mbps, rtt :39.61ms cwnd: 22.0 lossRate: 0.00497456189937818 CC:32 score:-95.0 
1664847326.814819 -- INFO: Gradient: 4.833333333333329, Gredient Change: 0.04461538461538457, Theta: -1, Previous CC: 31, Choosen CC: 29
1664847326.814916 -- INFO: Changing concurrency to 28 ******
1664847326.815049 -- INFO: Process Status Bits from change concurrency are: 1 1 1 1 1 1 1 1 1 1 1 1 1 1 1 1 1 1 1 1 1 1 1 1 1 1 1 1 0 0 0 0
1664847326.815183 -- INFO: Active CC: 28
1664847327.630270 -- INFO: Throughput @116.2s:187.84Mbps, rtt :39.66ms cwnd: 22.2 lossRate: 0 CC:28 score:-108.0 
1664847328.630819 -- INFO: Throughput @117.2s:189.76Mbps, rtt :39.22ms cwnd: 23.9 lossRate: 0.0015142690739662202 CC:28 score:-106.0 
1664847329.631934 -- INFO: Throughput @118.2s:194.44Mbps, rtt :39.34ms cwnd: 23.9 lossRate: 0.004815505929091675 CC:28 score:-102.0 
1664847330.016125 -- INFO: Changing concurrency to 30 ******
1664847330.016534 -- INFO: Process Status Bits from change concurrency are: 1 1 1 1 1 1 1 1 1 1 1 1 1 1 1 1 1 1 1 1 1 1 1 1 1 1 1 1 1 1 0 0
1664847330.016821 -- INFO: Active CC: 30
1664847330.016809 -- INFO: Start Process :: 29
1664847330.016978 -- INFO: Start Process :: 28
1664847330.055859 -- INFO: Process 29 get item 24 from queue and executing
1664847330.056083 -- INFO: starting 29, 24, /users/jamilm/files_to_Send/FILE2
1664847330.056133 -- INFO: Process 28 get item 18 from queue and executing
1664847330.056355 -- INFO: starting 28, 18, /users/jamilm/files_to_Send/FILE0
1664847330.632817 -- INFO: Throughput @119.2s:209.46Mbps, rtt :39.38ms cwnd: 25.3 lossRate: 0.003873431533006001 CC:30 score:-108.0 
1664847331.634278 -- INFO: Throughput @120.2s:230.3Mbps, rtt :39.57ms cwnd: 24.3 lossRate: 0.004974374434730178 CC:30 score:-116.0 
1664847332.634887 -- INFO: Throughput @121.2s:200.81Mbps, rtt :39.69ms cwnd: 21.9 lossRate: 0.005735354362965997 CC:30 score:-99.0 
1664847333.217745 -- INFO: Gradient: -1.1666666666666714, Gredient Change: 0.011075949367088653, Theta: 1, Previous CC: 29, Choosen CC: 30
1664847333.217832 -- INFO: Changing concurrency to 29 ******
1664847333.218118 -- INFO: Process Status Bits from change concurrency are: 1 1 1 1 1 1 1 1 1 1 1 1 1 1 1 1 1 1 1 1 1 1 1 1 1 1 1 1 1 0 0 0
1664847333.218418 -- INFO: Active CC: 29
1664847333.636244 -- INFO: Throughput @122.2s:186.44Mbps, rtt :39.56ms cwnd: 22.2 lossRate: 0.0052746453255729355 CC:29 score:-95.0 
1664847334.637499 -- INFO: Throughput @123.2s:207.95Mbps, rtt :39.55ms cwnd: 23.3 lossRate: 0.0040650406504065045 CC:29 score:-109.0 
1664847335.637949 -- INFO: Throughput @124.2s:205.03Mbps, rtt :39.1ms cwnd: 23.8 lossRate: 0.004062808828373779 CC:29 score:-107.0 
1664847336.419307 -- INFO: Changing concurrency to 31 ******
1664847336.419549 -- INFO: Process Status Bits from change concurrency are: 1 1 1 1 1 1 1 1 1 1 1 1 1 1 1 1 1 1 1 1 1 1 1 1 1 1 1 1 1 1 1 0
1664847336.419767 -- INFO: Active CC: 31
1664847336.419758 -- INFO: Start Process :: 29
1664847336.420039 -- INFO: Start Process :: 30
1664847336.458851 -- INFO: Process 29 get item 15 from queue and executing
1664847336.459075 -- INFO: starting 29, 15, /users/jamilm/files_to_Send/FILE3
1664847336.459320 -- INFO: Process 30 get item 21 from queue and executing
1664847336.459644 -- INFO: starting 30, 21, /users/jamilm/files_to_Send/FILE1
1664847336.635709 -- INFO: Throughput @125.2s:210.75Mbps, rtt :39.39ms cwnd: 24.1 lossRate: 0.004386445882223928 CC:31 score:-105.0 
1664847337.640869 -- INFO: Throughput @126.2s:218.39Mbps, rtt :39.37ms cwnd: 24.7 lossRate: 0.005495678156013232 CC:31 score:-106.0 
1664847338.641223 -- INFO: Throughput @127.2s:221.94Mbps, rtt :39.71ms cwnd: 23.9 lossRate: 0.004956760177177811 CC:31 score:-109.0 
1664847339.620619 -- INFO: Gradient: -1.5, Gredient Change: 0.014469453376205787, Theta: 2, Previous CC: 30, Choosen CC: 31
1664847339.620704 -- INFO: Changing concurrency to 30 ******
1664847339.620882 -- INFO: Process Status Bits from change concurrency are: 1 1 1 1 1 1 1 1 1 1 1 1 1 1 1 1 1 1 1 1 1 1 1 1 1 1 1 1 1 1 0 0
1664847339.621105 -- INFO: Active CC: 30
1664847339.643015 -- INFO: Throughput @128.2s:212.33Mbps, rtt :39.39ms cwnd: 23.7 lossRate: 0.0055959106806564435 CC:30 score:-105.0 
1664847340.643622 -- INFO: Throughput @129.2s:213.7Mbps, rtt :39.4ms cwnd: 23.6 lossRate: 0.004286164513079105 CC:30 score:-109.0 
1664847341.644684 -- INFO: Throughput @130.2s:215.23Mbps, rtt :39.18ms cwnd: 24.5 lossRate: 0.004191870954048604 CC:30 score:-110.0 
1664847342.645754 -- INFO: Throughput @131.2s:219.63Mbps, rtt :39.23ms cwnd: 26.3 lossRate: 0.003798126951092612 CC:30 score:-113.0 
1664847342.821892 -- INFO: Changing concurrency to 32 ******
1664847342.822160 -- INFO: Process Status Bits from change concurrency are: 1 1 1 1 1 1 1 1 1 1 1 1 1 1 1 1 1 1 1 1 1 1 1 1 1 1 1 1 1 1 1 1
1664847342.822322 -- INFO: Active CC: 32
1664847342.822593 -- INFO: Start Process :: 31
1664847342.822758 -- INFO: Start Process :: 30
1664847342.862061 -- INFO: Process 31 get item 24 from queue and executing
1664847342.862168 -- INFO: Process 30 get item 21 from queue and executing
1664847342.862293 -- INFO: starting 31, 24, /users/jamilm/files_to_Send/FILE2
1664847342.862364 -- INFO: starting 30, 21, /users/jamilm/files_to_Send/FILE1
1664847343.646554 -- INFO: Throughput @132.2s:232.56Mbps, rtt :39.67ms cwnd: 24.9 lossRate: 0.0044341429003325605 CC:32 score:-113.0 
1664847344.648080 -- INFO: Throughput @133.2s:237.46Mbps, rtt :39.41ms cwnd: 26.4 lossRate: 0.004319547192294325 CC:32 score:-116.0 
1664847345.648228 -- INFO: Throughput @134.2s:225.44Mbps, rtt :39.5ms cwnd: 23.6 lossRate: 0.00539613697110293 CC:32 score:-107.0 
1664847346.023186 -- INFO: Gradient: -0.6666666666666643, Gredient Change: 0.006024096385542147, Theta: 3, Previous CC: 31, Choosen CC: 31
1664847346.023285 -- INFO: Changing concurrency to 30 ******
1664847346.023419 -- INFO: Process Status Bits from change concurrency are: 1 1 1 1 1 1 1 1 1 1 1 1 1 1 1 1 1 1 1 1 1 1 1 1 1 1 1 1 1 1 0 0
1664847346.023551 -- INFO: Active CC: 30
1664847346.650084 -- INFO: Throughput @135.2s:211.82Mbps, rtt :39.52ms cwnd: 22.6 lossRate: 0.005447835510514908 CC:30 score:-105.0 
1664847347.651055 -- INFO: Throughput @136.2s:201.74Mbps, rtt :39.44ms cwnd: 23.1 lossRate: 0.004960250050961473 CC:30 score:-101.0 
1664847348.652101 -- INFO: Throughput @137.2s:203.15Mbps, rtt :39.5ms cwnd: 23.5 lossRate: 0.004672358098754038 CC:30 score:-103.0 
1664847349.224360 -- INFO: Changing concurrency to 32 ******
1664847349.224637 -- INFO: Process Status Bits from change concurrency are: 1 1 1 1 1 1 1 1 1 1 1 1 1 1 1 1 1 1 1 1 1 1 1 1 1 1 1 1 1 1 1 1
1664847349.224777 -- INFO: Active CC: 32
1664847349.224967 -- INFO: Start Process :: 31
1664847349.225944 -- INFO: Start Process :: 30
1664847349.264203 -- INFO: Process 31 get item 24 from queue and executing
1664847349.264414 -- INFO: starting 31, 24, /users/jamilm/files_to_Send/FILE2
1664847349.265634 -- INFO: Process 30 get item 21 from queue and executing
1664847349.265959 -- INFO: starting 30, 21, /users/jamilm/files_to_Send/FILE1
1664847349.652375 -- INFO: Throughput @138.2s:217.83Mbps, rtt :39.67ms cwnd: 23.9 lossRate: 0.004531477585369801 CC:32 score:-106.0 
1664847350.653003 -- INFO: Throughput @139.2s:228.01Mbps, rtt :39.68ms cwnd: 22.0 lossRate: 0.005212903225806451 CC:32 score:-109.0 
1664847351.652275 -- INFO: Throughput @140.2s:192.62Mbps, rtt :39.59ms cwnd: 21.8 lossRate: 0.006158851897042589 CC:32 score:-90.0 
1664847352.425632 -- INFO: Gradient: 0.6666666666666643, Gredient Change: 0.00647249190938509, Theta: -1, Previous CC: 31, Choosen CC: 30
1664847352.425744 -- INFO: Changing concurrency to 29 ******
1664847352.425868 -- INFO: Process Status Bits from change concurrency are: 1 1 1 1 1 1 1 1 1 1 1 1 1 1 1 1 1 1 1 1 1 1 1 1 1 1 1 1 1 0 0 0
1664847352.426001 -- INFO: Active CC: 29
1664847352.655770 -- INFO: Throughput @141.2s:199.83Mbps, rtt :39.8ms cwnd: 21.0 lossRate: 0.006053654495634997 CC:29 score:-100.0 
1664847353.657028 -- INFO: Throughput @142.2s:178.06Mbps, rtt :39.69ms cwnd: 21.2 lossRate: 0.020531400966183576 CC:29 score:-64.0 
1664847354.658511 -- INFO: Throughput @143.2s:191.47Mbps, rtt :39.48ms cwnd: 21.9 lossRate: 0.005215363848324948 CC:29 score:-98.0 
1664847355.626901 -- INFO: Changing concurrency to 31 ******
1664847355.627245 -- INFO: Process Status Bits from change concurrency are: 1 1 1 1 1 1 1 1 1 1 1 1 1 1 1 1 1 1 1 1 1 1 1 1 1 1 1 1 1 1 1 0
1664847355.627477 -- INFO: Active CC: 31
1664847355.627753 -- INFO: Start Process :: 30
1664847355.627701 -- INFO: Start Process :: 29
1664847355.658763 -- INFO: Throughput @144.2s:183.7Mbps, rtt :39.74ms cwnd: 19.8 lossRate: 0.006287350597609561 CC:31 score:-88.0 
1664847355.667062 -- INFO: Process 30 get item 24 from queue and executing
1664847355.667229 -- INFO: Process 29 get item 21 from queue and executing
1664847355.667348 -- INFO: starting 30, 24, /users/jamilm/files_to_Send/FILE2
1664847355.667460 -- INFO: starting 29, 21, /users/jamilm/files_to_Send/FILE1
1664847356.660055 -- INFO: Throughput @145.2s:211.78Mbps, rtt :39.52ms cwnd: 21.6 lossRate: 0.005210103069430287 CC:31 score:-104.0 
1664847357.660860 -- INFO: Throughput @146.2s:199.94Mbps, rtt :39.5ms cwnd: 24.4 lossRate: 0.004091240262287732 CC:31 score:-100.0 
1664847358.662283 -- INFO: Throughput @147.2s:221.78Mbps, rtt :39.36ms cwnd: 24.3 lossRate: 0.004393075675958371 CC:31 score:-110.0 
1664847358.828338 -- INFO: Gradient: -8.666666666666671, Gredient Change: 0.0992366412213741, Theta: 1, Previous CC: 30, Choosen CC: 31
1664847358.828435 -- INFO: Changing concurrency to 30 ******
1664847358.828642 -- INFO: Process Status Bits from change concurrency are: 1 1 1 1 1 1 1 1 1 1 1 1 1 1 1 1 1 1 1 1 1 1 1 1 1 1 1 1 1 1 0 0
1664847358.828840 -- INFO: Active CC: 30
1664847359.663231 -- INFO: Throughput @148.2s:222.45Mbps, rtt :39.25ms cwnd: 25.0 lossRate: 0.004082089134932618 CC:30 score:-114.0 
1664847360.664263 -- INFO: Throughput @149.2s:200.03Mbps, rtt :39.55ms cwnd: 22.5 lossRate: 0.005825908156271419 CC:30 score:-99.0 
1664847361.665462 -- INFO: Throughput @150.2s:196.97Mbps, rtt :39.83ms cwnd: 22.2 lossRate: 0.005355146236685694 CC:30 score:-98.0 
1664847362.029660 -- INFO: Changing concurrency to 32 ******
1664847362.029931 -- INFO: Process Status Bits from change concurrency are: 1 1 1 1 1 1 1 1 1 1 1 1 1 1 1 1 1 1 1 1 1 1 1 1 1 1 1 1 1 1 1 1
1664847362.030075 -- INFO: Active CC: 32
1664847362.030306 -- INFO: Start Process :: 30
1664847362.030421 -- INFO: Start Process :: 31
1664847362.069829 -- INFO: Process 30 get item 15 from queue and executing
1664847362.069984 -- INFO: Process 31 get item 24 from queue and executing
1664847362.070135 -- INFO: starting 30, 15, /users/jamilm/files_to_Send/FILE3
1664847362.070171 -- INFO: starting 31, 24, /users/jamilm/files_to_Send/FILE2
1664847362.664111 -- INFO: Throughput @151.2s:212.98Mbps, rtt :39.67ms cwnd: 24.5 lossRate: 0.004034236493485254 CC:32 score:-104.0 
1664847363.667211 -- INFO: Throughput @152.2s:225.82Mbps, rtt :39.49ms cwnd: 23.2 lossRate: 0.005294300840859545 CC:32 score:-108.0 
1664847364.668480 -- INFO: Throughput @153.2s:213.56Mbps, rtt :39.73ms cwnd: 23.6 lossRate: 0.004906236371565635 CC:32 score:-103.0 
1664847365.230955 -- INFO: Gradient: -0.6666666666666643, Gredient Change: 0.006430868167202549, Theta: 2, Previous CC: 31, Choosen CC: 31
1664847365.231053 -- INFO: Changing concurrency to 30 ******
1664847365.231188 -- INFO: Process Status Bits from change concurrency are: 1 1 1 1 1 1 1 1 1 1 1 1 1 1 1 1 1 1 1 1 1 1 1 1 1 1 1 1 1 1 0 0
1664847365.231321 -- INFO: Active CC: 30
1664847365.670007 -- INFO: Throughput @154.2s:214.79Mbps, rtt :39.67ms cwnd: 22.8 lossRate: 0.005564628319119337 CC:30 score:-107.0 
1664847366.670950 -- INFO: Throughput @155.2s:193.16Mbps, rtt :39.51ms cwnd: 21.9 lossRate: 0.00524645378586696 CC:30 score:-97.0 
1664847367.672002 -- INFO: Throughput @156.2s:195.61Mbps, rtt :39.34ms cwnd: 22.9 lossRate: 0.00456783532063831 CC:30 score:-99.0 
1664847368.432141 -- INFO: Changing concurrency to 32 ******
1664847368.432434 -- INFO: Process Status Bits from change concurrency are: 1 1 1 1 1 1 1 1 1 1 1 1 1 1 1 1 1 1 1 1 1 1 1 1 1 1 1 1 1 1 1 1
1664847368.432577 -- INFO: Active CC: 32
1664847368.432733 -- INFO: Start Process :: 30
1664847368.432839 -- INFO: Start Process :: 31
1664847368.472050 -- INFO: Process 30 get item 24 from queue and executing
1664847368.472166 -- INFO: Process 31 get item 15 from queue and executing
1664847368.472261 -- INFO: starting 30, 24, /users/jamilm/files_to_Send/FILE2
1664847368.472370 -- INFO: starting 31, 15, /users/jamilm/files_to_Send/FILE3
1664847368.672621 -- INFO: Throughput @157.2s:205.09Mbps, rtt :39.61ms cwnd: 22.1 lossRate: 0.005639638602750762 CC:32 score:-97.0 
1664847369.674046 -- INFO: Throughput @158.2s:207.44Mbps, rtt :39.68ms cwnd: 21.3 lossRate: 0.0058930440050669166 CC:32 score:-98.0 
1664847370.675015 -- INFO: Throughput @159.2s:204.38Mbps, rtt :39.56ms cwnd: 21.2 lossRate: 0.006077054693492241 CC:32 score:-96.0 
1664847371.633448 -- INFO: Gradient: 2.0, Gredient Change: 0.019801980198019802, Theta: -1, Previous CC: 31, Choosen CC: 30
1664847371.633558 -- INFO: Changing concurrency to 29 ******
1664847371.633681 -- INFO: Process Status Bits from change concurrency are: 1 1 1 1 1 1 1 1 1 1 1 1 1 1 1 1 1 1 1 1 1 1 1 1 1 1 1 1 1 0 0 0
1664847371.633815 -- INFO: Active CC: 29
1664847371.675697 -- INFO: Throughput @160.2s:191.44Mbps, rtt :39.39ms cwnd: 21.0 lossRate: 0.005689816987329892 CC:29 score:-97.0 
1664847372.677254 -- INFO: Throughput @161.2s:198.34Mbps, rtt :39.29ms cwnd: 24.2 lossRate: 0 CC:29 score:-112.0 
1664847373.678238 -- INFO: Throughput @162.2s:198.18Mbps, rtt :39.2ms cwnd: 22.0 lossRate: 0.005733538243291169 CC:29 score:-100.0 
1664847374.678778 -- INFO: Throughput @163.2s:188.39Mbps, rtt :39.36ms cwnd: 22.7 lossRate: 0.004826254826254826 CC:29 score:-97.0 
1664847374.834798 -- INFO: Changing concurrency to 31 ******
1664847374.835155 -- INFO: Process Status Bits from change concurrency are: 1 1 1 1 1 1 1 1 1 1 1 1 1 1 1 1 1 1 1 1 1 1 1 1 1 1 1 1 1 1 1 0
1664847374.835339 -- INFO: Active CC: 31
1664847374.835598 -- INFO: Start Process :: 29
1664847374.836245 -- INFO: Start Process :: 30
1664847374.874891 -- INFO: Process 29 get item 21 from queue and executing
1664847374.875134 -- INFO: starting 29, 21, /users/jamilm/files_to_Send/FILE1
1664847374.875778 -- INFO: Process 30 get item 15 from queue and executing
1664847374.876218 -- INFO: starting 30, 15, /users/jamilm/files_to_Send/FILE3
1664847375.680588 -- INFO: Throughput @164.2s:195.7Mbps, rtt :39.77ms cwnd: 22.0 lossRate: 0.0057580434524516205 CC:31 score:-95.0 
1664847376.681545 -- INFO: Throughput @165.2s:204.48Mbps, rtt :39.56ms cwnd: 21.7 lossRate: 0.005468295520651542 CC:31 score:-99.0 
1664847377.682592 -- INFO: Throughput @166.2s:207.39Mbps, rtt :39.5ms cwnd: 22.5 lossRate: 0.004803710452211363 CC:31 score:-102.0 
1664847378.036182 -- INFO: Gradient: 2.1666666666666643, Gredient Change: 0.021035598705501594, Theta: -2, Previous CC: 30, Choosen CC: 28
1664847378.036294 -- INFO: Changing concurrency to 27 ******
1664847378.036470 -- INFO: Process Status Bits from change concurrency are: 1 1 1 1 1 1 1 1 1 1 1 1 1 1 1 1 1 1 1 1 1 1 1 1 1 1 1 0 0 0 0 0
1664847378.036661 -- INFO: Active CC: 27
1664847378.682282 -- INFO: Throughput @167.2s:184.63Mbps, rtt :39.41ms cwnd: 22.2 lossRate: 0.005484042958336507 CC:27 score:-98.0 
1664847379.684114 -- INFO: Throughput @168.2s:185.91Mbps, rtt :39.61ms cwnd: 24.1 lossRate: 0 CC:27 score:-109.0 
1664847380.685027 -- INFO: Throughput @169.2s:190.34Mbps, rtt :39.39ms cwnd: 24.3 lossRate: 0.004575163398692811 CC:27 score:-103.0 
1664847381.237566 -- INFO: Changing concurrency to 29 ******
1664847381.238018 -- INFO: Process Status Bits from change concurrency are: 1 1 1 1 1 1 1 1 1 1 1 1 1 1 1 1 1 1 1 1 1 1 1 1 1 1 1 1 1 0 0 0
1664847381.238360 -- INFO: Start Process :: 28
1664847381.238451 -- INFO: Active CC: 29
1664847381.238499 -- INFO: Start Process :: 27
1664847381.277638 -- INFO: Process 28 get item 24 from queue and executing
1664847381.277742 -- INFO: Process 27 get item 18 from queue and executing
1664847381.277902 -- INFO: starting 28, 24, /users/jamilm/files_to_Send/FILE2
1664847381.277927 -- INFO: starting 27, 18, /users/jamilm/files_to_Send/FILE0
1664847381.685971 -- INFO: Throughput @170.2s:190.74Mbps, rtt :39.2ms cwnd: 21.8 lossRate: 0.005880551301684533 CC:29 score:-96.0 
1664847382.687889 -- INFO: Throughput @171.2s:197.14Mbps, rtt :39.15ms cwnd: 22.6 lossRate: 0.0045920169551395265 CC:29 score:-102.0 
1664847383.688950 -- INFO: Throughput @172.2s:197.14Mbps, rtt :39.52ms cwnd: 23.1 lossRate: 0.005021897810218978 CC:29 score:-101.0 
1664847384.439397 -- INFO: Gradient: 1.8333333333333286, Gredient Change: 0.017741935483870923, Theta: -3, Previous CC: 28, Choosen CC: 25
1664847384.439528 -- INFO: Changing concurrency to 24 ******
1664847384.439812 -- INFO: Process Status Bits from change concurrency are: 1 1 1 1 1 1 1 1 1 1 1 1 1 1 1 1 1 1 1 1 1 1 1 1 0 0 0 0 0 0 0 0
1664847384.440194 -- INFO: Active CC: 24
1664847384.690100 -- INFO: Throughput @173.2s:192.14Mbps, rtt :39.67ms cwnd: 21.8 lossRate: 0.005503379793025064 CC:24 score:-109.0 
1664847385.688303 -- INFO: Throughput @174.2s:149.5Mbps, rtt :39.68ms cwnd: 22.1 lossRate: 0 CC:24 score:-93.0 
1664847386.687340 -- INFO: Throughput @175.2s:160.69Mbps, rtt :39.47ms cwnd: 21.4 lossRate: 0.005966239813736903 CC:24 score:-90.0 
1664847387.641117 -- INFO: Changing concurrency to 26 ******
1664847387.641795 -- INFO: Process Status Bits from change concurrency are: 1 1 1 1 1 1 1 1 1 1 1 1 1 1 1 1 1 1 1 1 1 1 1 1 1 1 0 0 0 0 0 0
1664847387.642034 -- INFO: Start Process :: 24
1664847387.642182 -- INFO: Start Process :: 25
1664847387.642280 -- INFO: Active CC: 26
1664847387.681320 -- INFO: Process 24 get item 21 from queue and executing
1664847387.681526 -- INFO: Process 25 get item 23 from queue and executing
1664847387.681677 -- INFO: starting 24, 21, /users/jamilm/files_to_Send/FILE1
1664847387.681949 -- INFO: starting 25, 23, /users/jamilm/files_to_Send/FILE3
1664847387.690342 -- INFO: Throughput @176.2s:156.96Mbps, rtt :39.2ms cwnd: 22.7 lossRate: 0.004215041041189085 CC:26 score:-87.0 
1664847388.692582 -- INFO: Throughput @177.2s:194.14Mbps, rtt :39.32ms cwnd: 25.3 lossRate: 0.003797994184321405 CC:26 score:-109.0 
1664847389.694660 -- INFO: Throughput @178.2s:189.69Mbps, rtt :39.47ms cwnd: 25.2 lossRate: 0.004311130001821604 CC:26 score:-105.0 
1664847390.695696 -- INFO: Throughput @179.2s:179.21Mbps, rtt :39.78ms cwnd: 24.0 lossRate: 0.004922551850879496 CC:26 score:-98.0 
1664847390.843197 -- INFO: Gradient: -3.3333333333333357, Gredient Change: 0.03424657534246578, Theta: 1, Previous CC: 25, Choosen CC: 26
1664847390.843337 -- INFO: Changing concurrency to 25 ******
1664847390.843828 -- INFO: Process Status Bits from change concurrency are: 1 1 1 1 1 1 1 1 1 1 1 1 1 1 1 1 1 1 1 1 1 1 1 1 1 0 0 0 0 0 0 0
1664847390.844365 -- INFO: Active CC: 25
1664847391.696119 -- INFO: Throughput @180.2s:183.82Mbps, rtt :39.27ms cwnd: 26.1 lossRate: 0.003927380511300481 CC:25 score:-105.0 
1664847392.698221 -- INFO: Throughput @181.2s:194.17Mbps, rtt :39.31ms cwnd: 27.4 lossRate: 0.004025201260063003 CC:25 score:-111.0 
1664847393.698479 -- INFO: Throughput @182.2s:197.13Mbps, rtt :39.39ms cwnd: 26.4 lossRate: 0.004204870641826783 CC:25 score:-112.0 
1664847394.045232 -- INFO: Changing concurrency to 27 ******
1664847394.045880 -- INFO: Process Status Bits from change concurrency are: 1 1 1 1 1 1 1 1 1 1 1 1 1 1 1 1 1 1 1 1 1 1 1 1 1 1 1 0 0 0 0 0
1664847394.046137 -- INFO: Start Process :: 25
1664847394.046235 -- INFO: Active CC: 27
1664847394.046526 -- INFO: Start Process :: 26
1664847394.085288 -- INFO: Process 25 get item 15 from queue and executing
1664847394.085563 -- INFO: starting 25, 15, /users/jamilm/files_to_Send/FILE3
1664847394.085936 -- INFO: Process 26 get item 24 from queue and executing
1664847394.086320 -- INFO: starting 26, 24, /users/jamilm/files_to_Send/FILE2
1664847394.699064 -- INFO: Throughput @183.2s:186.3Mbps, rtt :39.23ms cwnd: 23.0 lossRate: 0.006289308176100629 CC:27 score:-97.0 
1664847395.701736 -- INFO: Throughput @184.2s:191.95Mbps, rtt :39.43ms cwnd: 23.7 lossRate: 0.0047262460103118095 CC:27 score:-103.0 
1664847396.702791 -- INFO: Throughput @185.2s:186.81Mbps, rtt :39.88ms cwnd: 22.0 lossRate: 0.005374683387903874 CC:27 score:-99.0 
1664847397.247194 -- INFO: Gradient: 4.833333333333329, Gredient Change: 0.04420731707317069, Theta: -1, Previous CC: 26, Choosen CC: 24
1664847397.247322 -- INFO: Changing concurrency to 23 ******
1664847397.247651 -- INFO: Process Status Bits from change concurrency are: 1 1 1 1 1 1 1 1 1 1 1 1 1 1 1 1 1 1 1 1 1 1 1 0 0 0 0 0 0 0 0 0
1664847397.247977 -- INFO: Active CC: 23
1664847397.703222 -- INFO: Throughput @186.2s:171.94Mbps, rtt :39.35ms cwnd: 23.1 lossRate: 0.004668595476065229 CC:23 score:-101.0 
1664847398.704144 -- INFO: Throughput @187.2s:154.37Mbps, rtt :39.71ms cwnd: 23.7 lossRate: 0 CC:23 score:-98.0 
1664847399.702822 -- INFO: Throughput @188.2s:155.14Mbps, rtt :39.23ms cwnd: 22.2 lossRate: 0.0054446460980036296 CC:23 score:-90.0 
1664847400.448544 -- INFO: Changing concurrency to 25 ******
1664847400.449222 -- INFO: Process Status Bits from change concurrency are: 1 1 1 1 1 1 1 1 1 1 1 1 1 1 1 1 1 1 1 1 1 1 1 1 1 0 0 0 0 0 0 0
1664847400.449402 -- INFO: Start Process :: 23
1664847400.449462 -- INFO: Start Process :: 24
1664847400.449735 -- INFO: Active CC: 25
1664847400.488698 -- INFO: Process 23 get item 16 from queue and executing
1664847400.488805 -- INFO: Process 24 get item 14 from queue and executing
1664847400.489128 -- INFO: starting 24, 14, /users/jamilm/files_to_Send/FILE0
1664847400.489146 -- INFO: starting 23, 16, /users/jamilm/files_to_Send/FILE2
1664847400.703807 -- INFO: Throughput @189.2s:165.07Mbps, rtt :39.67ms cwnd: 23.3 lossRate: 0.0043580767307280135 CC:25 score:-93.0 
1664847401.705575 -- INFO: Throughput @190.2s:166.91Mbps, rtt :39.5ms cwnd: 21.6 lossRate: 0.006265923018660057 CC:25 score:-91.0 
1664847402.706572 -- INFO: Throughput @191.2s:168.36Mbps, rtt :39.14ms cwnd: 22.8 lossRate: 0.004470733888162872 CC:25 score:-95.0 
1664847403.650477 -- INFO: Gradient: 1.6666666666666643, Gredient Change: 0.017301038062283714, Theta: -2, Previous CC: 24, Choosen CC: 22
1664847403.650597 -- INFO: Changing concurrency to 21 ******
1664847403.651049 -- INFO: Process Status Bits from change concurrency are: 1 1 1 1 1 1 1 1 1 1 1 1 1 1 1 1 1 1 1 1 1 0 0 0 0 0 0 0 0 0 0 0
1664847403.651499 -- INFO: Active CC: 21
1664847403.704199 -- INFO: Throughput @192.3s:154.0Mbps, rtt :39.44ms cwnd: 22.6 lossRate: 0.005151494611265506 CC:21 score:-94.0 
1664847404.705214 -- INFO: Throughput @193.3s:143.93Mbps, rtt :39.42ms cwnd: 23.4 lossRate: 0 CC:21 score:-95.0 
1664847405.710566 -- INFO: Throughput @194.3s:139.55Mbps, rtt :39.57ms cwnd: 21.0 lossRate: 0.006161682550115018 CC:21 score:-83.0 
1664847406.710674 -- INFO: Throughput @195.3s:136.24Mbps, rtt :39.5ms cwnd: 21.8 lossRate: 0.004991823736982528 CC:21 score:-83.0 
1664847406.852150 -- INFO: Changing concurrency to 23 ******
1664847406.853004 -- INFO: Process Status Bits from change concurrency are: 1 1 1 1 1 1 1 1 1 1 1 1 1 1 1 1 1 1 1 1 1 1 1 0 0 0 0 0 0 0 0 0
1664847406.853348 -- INFO: Start Process :: 21
1664847406.853608 -- INFO: Active CC: 23
1664847406.854892 -- INFO: Start Process :: 22
1664847406.892731 -- INFO: Process 21 get item 18 from queue and executing
1664847406.893210 -- INFO: starting 21, 18, /users/jamilm/files_to_Send/FILE0
1664847406.894317 -- INFO: Process 22 get item 31 from queue and executing
1664847406.894733 -- INFO: starting 22, 31, /users/jamilm/files_to_Send/FILE3
1664847407.714198 -- INFO: Throughput @196.3s:146.9Mbps, rtt :39.46ms cwnd: 23.2 lossRate: 0.004656488549618321 CC:23 score:-86.0 
1664847408.714436 -- INFO: Throughput @197.3s:165.22Mbps, rtt :39.18ms cwnd: 25.0 lossRate: 0.004012174875484228 CC:23 score:-98.0 
1664847409.715438 -- INFO: Throughput @198.3s:157.36Mbps, rtt :39.58ms cwnd: 23.7 lossRate: 0.0052225082751011405 CC:23 score:-92.0 
1664847410.054498 -- INFO: Gradient: -2.5, Gredient Change: 0.028735632183908046, Theta: 1, Previous CC: 22, Choosen CC: 23
1664847410.054622 -- INFO: Changing concurrency to 22 ******
1664847410.055147 -- INFO: Process Status Bits from change concurrency are: 1 1 1 1 1 1 1 1 1 1 1 1 1 1 1 1 1 1 1 1 1 1 0 0 0 0 0 0 0 0 0 0
1664847410.055814 -- INFO: Active CC: 22
1664847410.713438 -- INFO: Throughput @199.3s:164.27Mbps, rtt :39.33ms cwnd: 25.1 lossRate: 0.0035830618892508143 CC:22 score:-100.0 
1664847411.700603 -- INFO: episode expires
1664847411.700642 -- INFO: Process 31 shutdown itself from outest loop
1664847411.700719 -- INFO: Process 24 shutdown itself from outest loop
1664847411.700861 -- INFO: Process Status Bits are: 1 1 1 1 1 1 1 1 1 1 1 1 1 1 1 1 1 1 1 1 1 1 0 0 0 0 0 0 0 0 0 0
1664847411.700825 -- INFO: Process Status Bits are: 1 1 1 1 1 1 1 1 1 1 1 1 1 1 1 1 1 1 1 1 1 1 0 0 0 0 0 0 0 0 0 0
1664847411.700792 -- INFO: Process 22 shutdown itself from outest loop
1664847411.700821 -- INFO: Process 29 shutdown itself from outest loop
1664847411.700828 -- INFO: Process 26 shutdown itself from outest loop
1664847411.700797 -- INFO: Process 30 shutdown itself from outest loop
1664847411.700859 -- INFO: Process 25 shutdown itself from outest loop
1664847411.700843 -- INFO: Process 27 shutdown itself from outest loop
1664847411.701049 -- INFO: Process Status Bits are: 1 1 1 1 1 1 1 1 1 1 1 1 1 1 1 1 1 1 1 1 1 1 0 0 0 0 0 0 0 0 0 0
1664847411.700913 -- INFO: Process 23 shutdown itself from outest loop
1664847411.701180 -- INFO: Process Status Bits are: 1 1 1 1 1 1 1 1 1 1 1 1 1 1 1 1 1 1 1 1 1 1 0 0 0 0 0 0 0 0 0 0
1664847411.701196 -- INFO: Process Status Bits are: 1 1 1 1 1 1 1 1 1 1 1 1 1 1 1 1 1 1 1 1 1 1 0 0 0 0 0 0 0 0 0 0
1664847411.701229 -- INFO: Process Status Bits are: 1 1 1 1 1 1 1 1 1 1 1 1 1 1 1 1 1 1 1 1 1 1 0 0 0 0 0 0 0 0 0 0
1664847411.701247 -- INFO: Process Status Bits are: 1 1 1 1 1 1 1 1 1 1 1 1 1 1 1 1 1 1 1 1 1 1 0 0 0 0 0 0 0 0 0 0
1664847411.700926 -- INFO: Process 28 shutdown itself from outest loop
1664847411.701330 -- INFO: Process Status Bits are: 1 1 1 1 1 1 1 1 1 1 1 1 1 1 1 1 1 1 1 1 1 1 0 0 0 0 0 0 0 0 0 0
1664847411.701326 -- INFO: Process Status Bits are: 1 1 1 1 1 1 1 1 1 1 1 1 1 1 1 1 1 1 1 1 1 1 0 0 0 0 0 0 0 0 0 0
1664847411.701462 -- INFO: Process Status Bits are: 1 1 1 1 1 1 1 1 1 1 1 1 1 1 1 1 1 1 1 1 1 1 0 0 0 0 0 0 0 0 0 0
1664847413.256633 -- INFO: episode expires
1664847413.412426 -- INFO: GD Optimizer Exits ...
1664847413.707094 -- INFO: Throughput @0.1s:0.0Mbps, rtt :39.37ms cwnd: 20.8 lossRate: 0.005148234749355578 CC:0 score:-0.0 
