1664882260.721390 -- INFO: Changing concurrency to 1 ******
1664882260.723839 -- INFO: Start Process :: 0
1664882260.728779 -- INFO: Process Status Bits from change concurrency are: 1 0 0 0 0 0 0 0 0 0 0 0 0 0 0 0 0 0 0 0 0 0 0 0 0 0 0 0 0 0 0 0
1664882260.739436 -- INFO: Active CC: 1
1664882260.763712 -- INFO: Process 0 get item 0 from queue and executing
1664882260.764547 -- INFO: starting 0, 0, /users/jamilm/files_to_Send/FILE2
1664882260.787376 -- INFO: Throughput @0.1s:8.34Mbps, rtt :38.62ms cwnd: 10.0 lossRate: 0.0 CC:1 score:-8.0 
1664882261.792760 -- INFO: Throughput @1.1s:21.73Mbps, rtt :38.52ms cwnd: 72.0 lossRate: 0.0012033694344163659 CC:1 score:-21.0 
1664882262.796001 -- INFO: Throughput @2.1s:25.02Mbps, rtt :38.51ms cwnd: 86.0 lossRate: 0.0 CC:1 score:-25.0 
1664882263.790198 -- INFO: Throughput @3.1s:19.81Mbps, rtt :38.58ms cwnd: 71.0 lossRate: 0.0011695906432748538 CC:1 score:-19.0 
1664882263.946255 -- INFO: Changing concurrency to 2 ******
1664882263.949482 -- INFO: Start Process :: 1
1664882263.952015 -- INFO: Process Status Bits from change concurrency are: 1 1 0 0 0 0 0 0 0 0 0 0 0 0 0 0 0 0 0 0 0 0 0 0 0 0 0 0 0 0 0 0
1664882263.957950 -- INFO: Active CC: 2
1664882263.989389 -- INFO: Process 1 get item 1 from queue and executing
1664882263.989777 -- INFO: starting 1, 1, /users/jamilm/files_to_Send/FILE1
1664882264.789389 -- INFO: Throughput @4.1s:42.32Mbps, rtt :38.61ms cwnd: 91.0 lossRate: 0.0 CC:2 score:-41.0 
1664882265.791841 -- INFO: Throughput @5.1s:77.72Mbps, rtt :38.63ms cwnd: 208.5 lossRate: 0.0 CC:2 score:-75.0 
1664882266.791359 -- INFO: Throughput @6.1s:82.56Mbps, rtt :38.79ms cwnd: 273.0 lossRate: 0.0 CC:2 score:-79.0 
1664882267.159112 -- INFO: Gradient_Fast: -43.33333333333333, Gredient_Fast Change: 1.9999999999999998, Theta: 1, Previous CC: 2, Choosen CC: 6
1664882267.159238 -- INFO: Changing concurrency to 6 ******
1664882267.164605 -- INFO: Process Status Bits from change concurrency are: 1 1 1 1 1 1 0 0 0 0 0 0 0 0 0 0 0 0 0 0 0 0 0 0 0 0 0 0 0 0 0 0
1664882267.164227 -- INFO: Start Process :: 2
1664882267.164343 -- INFO: Start Process :: 4
1664882267.164856 -- INFO: Start Process :: 3
1664882267.164964 -- INFO: Start Process :: 5
1664882267.169953 -- INFO: Active CC: 6
1664882267.204278 -- INFO: Process 2 get item 2 from queue and executing
1664882267.204415 -- INFO: Process 4 get item 3 from queue and executing
1664882267.204854 -- INFO: starting 2, 2, /users/jamilm/files_to_Send/FILE0
1664882267.205069 -- INFO: starting 4, 3, /users/jamilm/files_to_Send/FILE3
1664882267.205854 -- INFO: Process 5 get item 4 from queue and executing
1664882267.206261 -- INFO: starting 5, 4, /users/jamilm/files_to_Send/FILE2
1664882267.207593 -- INFO: Process 3 get item 5 from queue and executing
1664882267.208200 -- INFO: starting 3, 5, /users/jamilm/files_to_Send/FILE1
1664882267.793867 -- INFO: Throughput @7.1s:128.41Mbps, rtt :38.78ms cwnd: 131.8 lossRate: 0.0003960788196851173 CC:6 score:-114.0 
1664882268.791083 -- INFO: Throughput @8.1s:155.94Mbps, rtt :38.76ms cwnd: 129.8 lossRate: 0.0008361204013377926 CC:6 score:-137.0 
1664882269.792203 -- INFO: Throughput @9.1s:156.42Mbps, rtt :38.73ms cwnd: 135.3 lossRate: 0.00022060445621001543 CC:6 score:-139.0 
1664882270.371414 -- INFO: Gradient_Fast: -16.25, Gredient_Fast Change: 0.25, Theta: 2, Previous CC: 6, Choosen CC: 10
1664882270.371584 -- INFO: Changing concurrency to 10 ******
1664882270.376630 -- INFO: Start Process :: 7
1664882270.376584 -- INFO: Start Process :: 6
1664882270.377014 -- INFO: Start Process :: 8
1664882270.378662 -- INFO: Start Process :: 9
1664882270.379534 -- INFO: Process Status Bits from change concurrency are: 1 1 1 1 1 1 1 1 1 1 0 0 0 0 0 0 0 0 0 0 0 0 0 0 0 0 0 0 0 0 0 0
1664882270.382366 -- INFO: Active CC: 10
1664882270.416762 -- INFO: Process 7 get item 6 from queue and executing
1664882270.416908 -- INFO: Process 6 get item 7 from queue and executing
1664882270.417042 -- INFO: Process 8 get item 8 from queue and executing
1664882270.417336 -- INFO: starting 7, 6, /users/jamilm/files_to_Send/FILE0
1664882270.417327 -- INFO: starting 6, 7, /users/jamilm/files_to_Send/FILE3
1664882270.417486 -- INFO: starting 8, 8, /users/jamilm/files_to_Send/FILE2
1664882270.419226 -- INFO: Process 9 get item 9 from queue and executing
1664882270.420282 -- INFO: starting 9, 9, /users/jamilm/files_to_Send/FILE1
1664882270.795665 -- INFO: Throughput @10.1s:199.05Mbps, rtt :38.73ms cwnd: 106.9 lossRate: 0.00018232648596086057 CC:10 score:-163.0 
1664882271.793545 -- INFO: Throughput @11.1s:327.23Mbps, rtt :38.81ms cwnd: 148.5 lossRate: 0.0007740508661997789 CC:10 score:-266.0 
1664882272.796247 -- INFO: Throughput @12.1s:367.87Mbps, rtt :39.09ms cwnd: 206.4 lossRate: 0.0005413696652530903 CC:10 score:-300.0 
1664882273.583771 -- INFO: Gradient_Fast: -28.25, Gredient_Fast Change: 0.2173076923076923, Theta: 3, Previous CC: 10, Choosen CC: 19
1664882273.583928 -- INFO: Changing concurrency to 19 ******
1664882273.586951 -- INFO: Process Status Bits from change concurrency are: 1 1 1 1 1 1 1 1 1 1 1 1 1 1 1 1 1 1 1 0 0 0 0 0 0 0 0 0 0 0 0 0
1664882273.587590 -- INFO: Start Process :: 12
1664882273.589562 -- INFO: Active CC: 19
1664882273.589455 -- INFO: Start Process :: 10
1664882273.591431 -- INFO: Start Process :: 11
1664882273.591791 -- INFO: Start Process :: 16
1664882273.592281 -- INFO: Start Process :: 14
1664882273.593276 -- INFO: Start Process :: 17
1664882273.593463 -- INFO: Start Process :: 18
1664882273.594167 -- INFO: Start Process :: 13
1664882273.594237 -- INFO: Start Process :: 15
1664882273.627878 -- INFO: Process 12 get item 10 from queue and executing
1664882273.628245 -- INFO: starting 12, 10, /users/jamilm/files_to_Send/FILE0
1664882273.629139 -- INFO: Process 10 get item 11 from queue and executing
1664882273.629426 -- INFO: starting 10, 11, /users/jamilm/files_to_Send/FILE3
1664882273.631868 -- INFO: Process 16 get item 12 from queue and executing
1664882273.631944 -- INFO: Process 14 get item 13 from queue and executing
1664882273.632222 -- INFO: starting 14, 13, /users/jamilm/files_to_Send/FILE1
1664882273.632267 -- INFO: starting 16, 12, /users/jamilm/files_to_Send/FILE2
1664882273.632500 -- INFO: Process 11 get item 14 from queue and executing
1664882273.632804 -- INFO: starting 11, 14, /users/jamilm/files_to_Send/FILE0
1664882273.633090 -- INFO: Process 17 get item 15 from queue and executing
1664882273.633249 -- INFO: Process 18 get item 16 from queue and executing
1664882273.633468 -- INFO: starting 17, 15, /users/jamilm/files_to_Send/FILE3
1664882273.633493 -- INFO: starting 18, 16, /users/jamilm/files_to_Send/FILE2
1664882273.634345 -- INFO: Process 13 get item 17 from queue and executing
1664882273.634727 -- INFO: Process 15 get item 18 from queue and executing
1664882273.634773 -- INFO: starting 13, 17, /users/jamilm/files_to_Send/FILE1
1664882273.635216 -- INFO: starting 15, 18, /users/jamilm/files_to_Send/FILE0
1664882273.795664 -- INFO: Throughput @13.1s:392.71Mbps, rtt :38.88ms cwnd: 132.2 lossRate: 0.00022020195665167197 CC:19 score:-269.0 
1664882274.796138 -- INFO: Throughput @14.1s:641.6Mbps, rtt :39.05ms cwnd: 184.3 lossRate: 0.00011556462951905854 CC:19 score:-440.0 
1664882275.796393 -- INFO: Throughput @15.1s:799.29Mbps, rtt :39.79ms cwnd: 262.4 lossRate: 0.00024782465029188236 CC:19 score:-547.0 
1664882276.790768 -- INFO: Gradient_Fast: -19.51851851851852, Gredient_Fast Change: 0.08032312147538485, Theta: 4, Previous CC: 19, Choosen CC: 27
1664882276.790934 -- INFO: Changing concurrency to 27 ******
1664882276.792315 -- INFO: Process Status Bits from change concurrency are: 1 1 1 1 1 1 1 1 1 1 1 1 1 1 1 1 1 1 1 1 1 1 1 1 1 1 1 0 0 0 0 0
1664882276.793149 -- INFO: Active CC: 27
1664882276.794209 -- INFO: Start Process :: 19
1664882276.794360 -- INFO: Start Process :: 23
1664882276.796449 -- INFO: Throughput @16.1s:806.81Mbps, rtt :40.0ms cwnd: 276.3 lossRate: 0.00020218066286374468 CC:19 score:-552.0 
1664882276.796760 -- INFO: Start Process :: 20
1664882276.798062 -- INFO: Start Process :: 22
1664882276.797935 -- INFO: Start Process :: 24
1664882276.798581 -- INFO: Start Process :: 21
1664882276.798801 -- INFO: Start Process :: 26
1664882276.798911 -- INFO: Start Process :: 25
1664882276.834521 -- INFO: Process 23 get item 19 from queue and executing
1664882276.834610 -- INFO: Process 19 get item 20 from queue and executing
1664882276.834813 -- INFO: starting 23, 19, /users/jamilm/files_to_Send/FILE3
1664882276.834893 -- INFO: starting 19, 20, /users/jamilm/files_to_Send/FILE2
1664882276.838095 -- INFO: Process 20 get item 21 from queue and executing
1664882276.838428 -- INFO: starting 20, 21, /users/jamilm/files_to_Send/FILE1
1664882276.839249 -- INFO: Process 22 get item 22 from queue and executing
1664882276.839611 -- INFO: starting 22, 22, /users/jamilm/files_to_Send/FILE0
1664882276.840610 -- INFO: Process 26 get item 23 from queue and executing
1664882276.840692 -- INFO: Process 24 get item 24 from queue and executing
1664882276.840890 -- INFO: starting 26, 23, /users/jamilm/files_to_Send/FILE3
1664882276.840929 -- INFO: starting 24, 24, /users/jamilm/files_to_Send/FILE2
1664882276.841436 -- INFO: Process 25 get item 25 from queue and executing
1664882276.841565 -- INFO: Process 21 get item 26 from queue and executing
1664882276.841737 -- INFO: starting 25, 25, /users/jamilm/files_to_Send/FILE1
1664882276.841933 -- INFO: starting 21, 26, /users/jamilm/files_to_Send/FILE0
1664882277.796665 -- INFO: Throughput @17.1s:938.02Mbps, rtt :41.33ms cwnd: 197.5 lossRate: 0.000471403636178318 CC:27 score:-545.0 
1664882278.797483 -- INFO: Throughput @18.1s:992.68Mbps, rtt :42.06ms cwnd: 210.3 lossRate: 0.0003437945091105545 CC:27 score:-578.0 
1664882279.799253 -- INFO: Throughput @19.1s:932.46Mbps, rtt :42.26ms cwnd: 208.8 lossRate: 0.00034368057345558544 CC:27 score:-543.0 
1664882279.994454 -- INFO: Gradient_Fast: -17.083333333333336, Gredient_Fast Change: 0.04080414012738854, Theta: 5, Previous CC: 27, Choosen CC: 32
1664882279.994625 -- INFO: Changing concurrency to 32 ******
1664882279.995172 -- INFO: Process Status Bits from change concurrency are: 1 1 1 1 1 1 1 1 1 1 1 1 1 1 1 1 1 1 1 1 1 1 1 1 1 1 1 1 1 1 1 1
1664882279.995361 -- INFO: Active CC: 32
1664882279.997899 -- INFO: Start Process :: 31
1664882279.998048 -- INFO: Start Process :: 29
1664882279.998713 -- INFO: Start Process :: 27
1664882279.999122 -- INFO: Start Process :: 28
1664882279.999205 -- INFO: Start Process :: 30
1664882280.038908 -- INFO: Process 31 get item 27 from queue and executing
1664882280.039121 -- INFO: starting 31, 27, /users/jamilm/files_to_Send/FILE3
1664882280.039730 -- INFO: Process 29 get item 28 from queue and executing
1664882280.040020 -- INFO: starting 29, 28, /users/jamilm/files_to_Send/FILE2
1664882280.040031 -- INFO: Process 27 get item 29 from queue and executing
1664882280.040282 -- INFO: starting 27, 29, /users/jamilm/files_to_Send/FILE1
1664882280.041046 -- INFO: Process 28 get item 30 from queue and executing
1664882280.041352 -- INFO: starting 28, 30, /users/jamilm/files_to_Send/FILE0
1664882280.042372 -- INFO: Process 30 get item 31 from queue and executing
1664882280.042684 -- INFO: starting 30, 31, /users/jamilm/files_to_Send/FILE3
1664882280.799399 -- INFO: Throughput @20.1s:975.6Mbps, rtt :42.51ms cwnd: 174.1 lossRate: 0.00033178500331785003 CC:32 score:-514.0 
1664882281.801506 -- INFO: Throughput @21.1s:947.84Mbps, rtt :42.38ms cwnd: 172.8 lossRate: 0.00014734954996991614 CC:32 score:-502.0 
1664882282.803398 -- INFO: Throughput @22.1s:959.5Mbps, rtt :42.19ms cwnd: 161.0 lossRate: 0.00047890367896262097 CC:32 score:-505.0 
1664882283.196742 -- INFO: Gradient_Fast: 9.666666666666675, Gredient_Fast Change: 0.01740696278511406, Theta: -1, Previous CC: 32, Choosen CC: 31
1664882283.196912 -- INFO: Changing concurrency to 31 ******
1664882283.197069 -- INFO: Process Status Bits from change concurrency are: 1 1 1 1 1 1 1 1 1 1 1 1 1 1 1 1 1 1 1 1 1 1 1 1 1 1 1 1 1 1 1 0
1664882283.197255 -- INFO: Active CC: 31
1664882283.807152 -- INFO: Throughput @23.1s:924.85Mbps, rtt :42.37ms cwnd: 172.3 lossRate: 0.00011846781624325391 CC:31 score:-499.0 
1664882284.809026 -- INFO: Throughput @24.1s:946.71Mbps, rtt :42.37ms cwnd: 175.7 lossRate: 0.00011050266434201802 CC:31 score:-511.0 
1664882285.809227 -- INFO: Throughput @25.1s:937.77Mbps, rtt :42.41ms cwnd: 177.8 lossRate: 0.00011060587440088484 CC:31 score:-507.0 
1664882286.398466 -- INFO: Gradient_Fast: -1.3333333333333144, Gredient_Fast Change: 0.0026298487836949004, Theta: 1, Previous CC: 31, Choosen CC: 32
1664882286.398652 -- INFO: Changing concurrency to 32 ******
1664882286.398864 -- INFO: Process Status Bits from change concurrency are: 1 1 1 1 1 1 1 1 1 1 1 1 1 1 1 1 1 1 1 1 1 1 1 1 1 1 1 1 1 1 1 1
1664882286.399047 -- INFO: Active CC: 32
1664882286.399123 -- INFO: Start Process :: 31
1664882286.442029 -- INFO: Process 31 get item 27 from queue and executing
1664882286.442436 -- INFO: starting 31, 27, /users/jamilm/files_to_Send/FILE3
1664882286.808974 -- INFO: Throughput @26.1s:960.24Mbps, rtt :42.59ms cwnd: 175.5 lossRate: 7.37526581687215e-05 CC:32 score:-509.0 
1664882287.808529 -- INFO: Throughput @27.1s:932.41Mbps, rtt :42.38ms cwnd: 170.9 lossRate: 0.00029509043292225595 CC:32 score:-492.0 
1664882288.812124 -- INFO: Throughput @28.1s:940.96Mbps, rtt :42.51ms cwnd: 174.6 lossRate: 0.00011048231669142289 CC:32 score:-498.0 
1664882289.600296 -- INFO: Gradient_Fast: 6.0, Gredient_Fast Change: 0.011865524060646011, Theta: -1, Previous CC: 32, Choosen CC: 31
1664882289.600469 -- INFO: Changing concurrency to 31 ******
1664882289.600637 -- INFO: Process Status Bits from change concurrency are: 1 1 1 1 1 1 1 1 1 1 1 1 1 1 1 1 1 1 1 1 1 1 1 1 1 1 1 1 1 1 1 0
1664882289.600827 -- INFO: Active CC: 31
1664882289.809495 -- INFO: Throughput @29.1s:939.2Mbps, rtt :42.52ms cwnd: 173.0 lossRate: 0.0002828297733672729 CC:31 score:-506.0 
1664882290.810060 -- INFO: Throughput @30.1s:939.02Mbps, rtt :42.72ms cwnd: 185.4 lossRate: 0.0002868505117673903 CC:31 score:-506.0 
1664882291.811233 -- INFO: Throughput @31.1s:944.41Mbps, rtt :42.49ms cwnd: 187.1 lossRate: 0.00017193525409574337 CC:31 score:-510.0 
1664882292.802096 -- INFO: Gradient_Fast: 7.666666666666629, Gredient_Fast Change: 0.015343562374916535, Theta: -2, Previous CC: 31, Choosen CC: 29
1664882292.802271 -- INFO: Changing concurrency to 29 ******
1664882292.802536 -- INFO: Process Status Bits from change concurrency are: 1 1 1 1 1 1 1 1 1 1 1 1 1 1 1 1 1 1 1 1 1 1 1 1 1 1 1 1 1 0 0 0
1664882292.802782 -- INFO: Active CC: 29
1664882292.818249 -- INFO: Throughput @32.1s:939.46Mbps, rtt :42.54ms cwnd: 186.7 lossRate: 0.00014717425431711145 CC:31 score:-507.0 
1664882293.812382 -- INFO: Throughput @33.1s:926.12Mbps, rtt :42.41ms cwnd: 196.7 lossRate: 0.00013198996876237406 CC:29 score:-520.0 
1664882294.813200 -- INFO: Throughput @34.1s:947.31Mbps, rtt :42.4ms cwnd: 189.7 lossRate: 0.0004052560481395063 CC:29 score:-530.0 
1664882295.813672 -- INFO: Throughput @35.1s:956.51Mbps, rtt :42.35ms cwnd: 189.4 lossRate: 0.00015980528340852376 CC:29 score:-537.0 
1664882296.003946 -- INFO: Gradient_Fast: 10.833333333333343, Gredient_Fast Change: 0.02135348226018399, Theta: -3, Previous CC: 29, Choosen CC: 26
1664882296.004127 -- INFO: Changing concurrency to 26 ******
1664882296.004533 -- INFO: Process Status Bits from change concurrency are: 1 1 1 1 1 1 1 1 1 1 1 1 1 1 1 1 1 1 1 1 1 1 1 1 1 1 0 0 0 0 0 0
1664882296.004888 -- INFO: Active CC: 26
1664882296.815276 -- INFO: Throughput @36.1s:925.51Mbps, rtt :41.94ms cwnd: 189.6 lossRate: 0 CC:26 score:-553.0 
1664882297.816479 -- INFO: Throughput @37.1s:942.21Mbps, rtt :41.81ms cwnd: 204.3 lossRate: 0.00011052980620440645 CC:26 score:-562.0 
1664882298.817785 -- INFO: Throughput @38.1s:937.73Mbps, rtt :41.95ms cwnd: 203.9 lossRate: 0.0001474219585007187 CC:26 score:-559.0 
1664882299.206052 -- INFO: Gradient_Fast: 9.666666666666666, Gredient_Fast Change: 0.018273471959672338, Theta: -4, Previous CC: 26, Choosen CC: 22
1664882299.206220 -- INFO: Changing concurrency to 22 ******
1664882299.206837 -- INFO: Process Status Bits from change concurrency are: 1 1 1 1 1 1 1 1 1 1 1 1 1 1 1 1 1 1 1 1 1 1 0 0 0 0 0 0 0 0 0 0
1664882299.207704 -- INFO: Active CC: 22
1664882299.818498 -- INFO: Throughput @39.1s:913.6Mbps, rtt :41.49ms cwnd: 208.5 lossRate: 0 CC:22 score:-591.0 
1664882300.820139 -- INFO: Throughput @40.1s:933.14Mbps, rtt :41.03ms cwnd: 236.5 lossRate: 0 CC:22 score:-604.0 
1664882301.821159 -- INFO: Throughput @41.1s:940.64Mbps, rtt :41.41ms cwnd: 248.4 lossRate: 2.455705217145734e-05 CC:22 score:-608.0 
1664882302.408808 -- INFO: Gradient_Fast: 10.75, Gredient_Fast Change: 0.019265232974910396, Theta: -5, Previous CC: 22, Choosen CC: 17
1664882302.408986 -- INFO: Changing concurrency to 17 ******
1664882302.410011 -- INFO: Process Status Bits from change concurrency are: 1 1 1 1 1 1 1 1 1 1 1 1 1 1 1 1 1 0 0 0 0 0 0 0 0 0 0 0 0 0 0 0
1664882302.411170 -- INFO: Active CC: 17
1664882302.823545 -- INFO: Throughput @42.1s:873.6Mbps, rtt :39.12ms cwnd: 250.7 lossRate: 0 CC:17 score:-624.0 
1664882303.823860 -- INFO: Throughput @43.1s:746.61Mbps, rtt :39.4ms cwnd: 256.8 lossRate: 0.00021058648335614688 CC:17 score:-532.0 
1664882304.823637 -- INFO: Throughput @44.1s:767.56Mbps, rtt :39.3ms cwnd: 254.5 lossRate: 0.000376437993133771 CC:17 score:-545.0 
1664882305.612303 -- INFO: Gradient_Fast: -6.8, Gredient_Fast Change: 0.011314475873544092, Theta: 1, Previous CC: 17, Choosen CC: 18
1664882305.612499 -- INFO: Changing concurrency to 18 ******
1664882305.614713 -- INFO: Process Status Bits from change concurrency are: 1 1 1 1 1 1 1 1 1 1 1 1 1 1 1 1 1 1 0 0 0 0 0 0 0 0 0 0 0 0 0 0
1664882305.614612 -- INFO: Start Process :: 17
1664882305.616436 -- INFO: Active CC: 18
1664882305.654326 -- INFO: Process 17 get item 27 from queue and executing
1664882305.654829 -- INFO: starting 17, 27, /users/jamilm/files_to_Send/FILE3
1664882305.824440 -- INFO: Throughput @45.1s:778.17Mbps, rtt :39.21ms cwnd: 252.4 lossRate: 0.0001182662172550411 CC:18 score:-544.0 
1664882306.825747 -- INFO: Throughput @46.1s:819.07Mbps, rtt :39.35ms cwnd: 269.4 lossRate: 7.040072090338205e-05 CC:18 score:-573.0 
1664882307.826703 -- INFO: Throughput @47.1s:841.77Mbps, rtt :39.67ms cwnd: 291.1 lossRate: 4.095227694659823e-05 CC:18 score:-589.0 
1664882308.817771 -- INFO: Gradient_Fast: -1.6666666666666288, Gredient_Fast Change: 0.0029394473838917617, Theta: 2, Previous CC: 18, Choosen CC: 20
1664882308.817990 -- INFO: Changing concurrency to 20 ******
1664882308.819335 -- INFO: Process Status Bits from change concurrency are: 1 1 1 1 1 1 1 1 1 1 1 1 1 1 1 1 1 1 1 1 0 0 0 0 0 0 0 0 0 0 0 0
1664882308.819217 -- INFO: Start Process :: 18
1664882308.819913 -- INFO: Start Process :: 19
1664882308.820867 -- INFO: Active CC: 20
1664882308.825681 -- INFO: Throughput @48.1s:844.39Mbps, rtt :39.62ms cwnd: 281.0 lossRate: 0.0006232686980609418 CC:18 score:-586.0 
1664882308.858753 -- INFO: Process 18 get item 28 from queue and executing
1664882308.859156 -- INFO: starting 18, 28, /users/jamilm/files_to_Send/FILE2
1664882308.860127 -- INFO: Process 19 get item 31 from queue and executing
1664882308.860612 -- INFO: starting 19, 31, /users/jamilm/files_to_Send/FILE3
1664882309.828633 -- INFO: Throughput @49.1s:899.57Mbps, rtt :39.76ms cwnd: 261.6 lossRate: 0.00045019551348013994 CC:20 score:-601.0 
1664882310.829268 -- INFO: Throughput @50.1s:937.58Mbps, rtt :41.27ms cwnd: 282.2 lossRate: 0.00022199474612434172 CC:20 score:-629.0 
1664882311.831177 -- INFO: Throughput @51.1s:938.46Mbps, rtt :40.64ms cwnd: 288.2 lossRate: 0.00024557353699565336 CC:20 score:-629.0 
1664882312.022158 -- INFO: Gradient_Fast: -25.5, Gredient_Fast Change: 0.04484173505275499, Theta: 3, Previous CC: 20, Choosen CC: 23
1664882312.022429 -- INFO: Changing concurrency to 23 ******
1664882312.023533 -- INFO: Process Status Bits from change concurrency are: 1 1 1 1 1 1 1 1 1 1 1 1 1 1 1 1 1 1 1 1 1 1 1 0 0 0 0 0 0 0 0 0
1664882312.024010 -- INFO: Start Process :: 21
1664882312.024423 -- INFO: Active CC: 23
1664882312.024774 -- INFO: Start Process :: 20
1664882312.025100 -- INFO: Start Process :: 22
1664882312.063912 -- INFO: Process 21 get item 29 from queue and executing
1664882312.064401 -- INFO: starting 21, 29, /users/jamilm/files_to_Send/FILE1
1664882312.064645 -- INFO: Process 22 get item 30 from queue and executing
1664882312.064764 -- INFO: Process 20 get item 23 from queue and executing
1664882312.064985 -- INFO: starting 22, 30, /users/jamilm/files_to_Send/FILE0
1664882312.065255 -- INFO: starting 20, 23, /users/jamilm/files_to_Send/FILE3
1664882312.830820 -- INFO: Throughput @52.1s:977.8Mbps, rtt :41.58ms cwnd: 254.2 lossRate: 0.00029519205933360395 CC:23 score:-617.0 
1664882313.831503 -- INFO: Throughput @53.1s:951.52Mbps, rtt :41.73ms cwnd: 249.5 lossRate: 0.0003562172188033558 CC:23 score:-600.0 
1664882314.832945 -- INFO: Throughput @54.1s:951.22Mbps, rtt :41.65ms cwnd: 248.4 lossRate: 0.00025784904780030206 CC:23 score:-601.0 
1664882315.225589 -- INFO: Gradient_Fast: 4.555555555555543, Gredient_Fast Change: 0.007351622736238101, Theta: -1, Previous CC: 23, Choosen CC: 22
1664882315.225775 -- INFO: Changing concurrency to 22 ******
1664882315.226757 -- INFO: Process Status Bits from change concurrency are: 1 1 1 1 1 1 1 1 1 1 1 1 1 1 1 1 1 1 1 1 1 1 0 0 0 0 0 0 0 0 0 0
1664882315.227516 -- INFO: Active CC: 22
1664882315.834193 -- INFO: Throughput @55.1s:943.95Mbps, rtt :41.57ms cwnd: 257.1 lossRate: 0.00021219596297180447 CC:22 score:-609.0 
1664882316.835150 -- INFO: Throughput @56.1s:939.43Mbps, rtt :41.44ms cwnd: 261.5 lossRate: 9.828734304739907e-05 CC:22 score:-607.0 
1664882317.835832 -- INFO: Throughput @57.1s:952.18Mbps, rtt :41.69ms cwnd: 260.7 lossRate: 0.00020872981766836515 CC:22 score:-614.0 
1664882318.428863 -- INFO: Gradient_Fast: 4.0, Gredient_Fast Change: 0.006600660066006601, Theta: -2, Previous CC: 22, Choosen CC: 20
1664882318.429107 -- INFO: Changing concurrency to 20 ******
1664882318.430636 -- INFO: Process Status Bits from change concurrency are: 1 1 1 1 1 1 1 1 1 1 1 1 1 1 1 1 1 1 1 1 0 0 0 0 0 0 0 0 0 0 0 0
1664882318.431641 -- INFO: Active CC: 20
1664882318.839776 -- INFO: Throughput @58.1s:923.57Mbps, rtt :41.19ms cwnd: 268.2 lossRate: 0.000234450420631637 CC:20 score:-619.0 
1664882319.838661 -- INFO: Throughput @59.1s:905.47Mbps, rtt :40.96ms cwnd: 278.9 lossRate: 0.00011511453896627144 CC:20 score:-608.0 
1664882320.838985 -- INFO: Throughput @60.1s:899.94Mbps, rtt :41.18ms cwnd: 281.6 lossRate: 0.00016763162306095343 CC:20 score:-604.0 
1664882321.632715 -- INFO: Gradient_Fast: 0.16666666666668561, Gredient_Fast Change: 0.00027322404371587806, Theta: -3, Previous CC: 20, Choosen CC: 17
1664882321.632892 -- INFO: Changing concurrency to 17 ******
1664882321.634018 -- INFO: Process Status Bits from change concurrency are: 1 1 1 1 1 1 1 1 1 1 1 1 1 1 1 1 1 0 0 0 0 0 0 0 0 0 0 0 0 0 0 0
1664882321.635719 -- INFO: Active CC: 17
1664882321.844888 -- INFO: Throughput @61.1s:859.59Mbps, rtt :39.26ms cwnd: 272.2 lossRate: 0 CC:17 score:-614.0 
1664882322.844236 -- INFO: Throughput @62.1s:774.82Mbps, rtt :39.31ms cwnd: 265.5 lossRate: 0.00042334442092530994 CC:17 score:-550.0 
1664882323.843874 -- INFO: Throughput @63.1s:780.68Mbps, rtt :39.28ms cwnd: 266.8 lossRate: 0.0002245240091007065 CC:17 score:-556.0 
1664882324.836683 -- INFO: Gradient_Fast: -12.333333333333334, Gredient_Fast Change: 0.020207536865101038, Theta: 1, Previous CC: 17, Choosen CC: 18
1664882324.836861 -- INFO: Changing concurrency to 18 ******
1664882324.837776 -- INFO: Start Process :: 17
1664882324.838101 -- INFO: Process Status Bits from change concurrency are: 1 1 1 1 1 1 1 1 1 1 1 1 1 1 1 1 1 1 0 0 0 0 0 0 0 0 0 0 0 0 0 0
1664882324.839779 -- INFO: Active CC: 18
1664882324.846074 -- INFO: Throughput @64.1s:775.46Mbps, rtt :39.29ms cwnd: 255.7 lossRate: 0.00013339261894175188 CC:17 score:-553.0 
1664882324.879515 -- INFO: Process 17 get item 25 from queue and executing
1664882324.879793 -- INFO: starting 17, 25, /users/jamilm/files_to_Send/FILE1
1664882325.847819 -- INFO: Throughput @65.1s:840.13Mbps, rtt :39.31ms cwnd: 278.2 lossRate: 0.0001378929950358522 CC:18 score:-587.0 
1664882326.846361 -- INFO: Throughput @66.1s:839.0Mbps, rtt :39.33ms cwnd: 288.4 lossRate: 1.3744193078424365e-05 CC:18 score:-587.0 
1664882327.847255 -- INFO: Throughput @67.1s:845.74Mbps, rtt :39.4ms cwnd: 283.7 lossRate: 0.00029642404807459107 CC:18 score:-590.0 
1664882328.040723 -- INFO: Gradient_Fast: -14.666666666666629, Gredient_Fast Change: 0.025581395348837143, Theta: 2, Previous CC: 18, Choosen CC: 20
1664882328.040897 -- INFO: Changing concurrency to 20 ******
1664882328.042073 -- INFO: Process Status Bits from change concurrency are: 1 1 1 1 1 1 1 1 1 1 1 1 1 1 1 1 1 1 1 1 0 0 0 0 0 0 0 0 0 0 0 0
1664882328.042358 -- INFO: Start Process :: 19
1664882328.042448 -- INFO: Start Process :: 18
1664882328.043213 -- INFO: Active CC: 20
1664882328.082140 -- INFO: Process 19 get item 24 from queue and executing
1664882328.082239 -- INFO: Process 18 get item 22 from queue and executing
1664882328.082568 -- INFO: starting 19, 24, /users/jamilm/files_to_Send/FILE2
1664882328.082885 -- INFO: starting 18, 22, /users/jamilm/files_to_Send/FILE0
1664882328.848094 -- INFO: Throughput @68.1s:914.68Mbps, rtt :40.22ms cwnd: 286.0 lossRate: 0.00010292698616918624 CC:20 score:-615.0 
1664882329.848325 -- INFO: Throughput @69.1s:939.73Mbps, rtt :39.83ms cwnd: 285.2 lossRate: 0.000282784567339612 CC:20 score:-630.0 
1664882330.849283 -- INFO: Throughput @70.1s:930.47Mbps, rtt :39.52ms cwnd: 269.5 lossRate: 0.0006127680860376415 CC:20 score:-620.0 
1664882331.244267 -- INFO: Gradient_Fast: -16.833333333333314, Gredient_Fast Change: 0.028628117913832168, Theta: 3, Previous CC: 20, Choosen CC: 23
1664882331.244433 -- INFO: Changing concurrency to 23 ******
1664882331.245658 -- INFO: Process Status Bits from change concurrency are: 1 1 1 1 1 1 1 1 1 1 1 1 1 1 1 1 1 1 1 1 1 1 1 0 0 0 0 0 0 0 0 0
1664882331.245857 -- INFO: Start Process :: 21
1664882331.246621 -- INFO: Active CC: 23
1664882331.248757 -- INFO: Start Process :: 22
1664882331.248834 -- INFO: Start Process :: 20
1664882331.285934 -- INFO: Process 21 get item 19 from queue and executing
1664882331.286307 -- INFO: starting 21, 19, /users/jamilm/files_to_Send/FILE3
1664882331.288380 -- INFO: Process 22 get item 26 from queue and executing
1664882331.288695 -- INFO: starting 22, 26, /users/jamilm/files_to_Send/FILE0
1664882331.288849 -- INFO: Process 20 get item 15 from queue and executing
1664882331.289318 -- INFO: starting 20, 15, /users/jamilm/files_to_Send/FILE3
1664882331.850953 -- INFO: Throughput @71.1s:954.54Mbps, rtt :42.04ms cwnd: 258.6 lossRate: 0.0005190136209428326 CC:23 score:-600.0 
1664882332.851438 -- INFO: Throughput @72.1s:949.81Mbps, rtt :40.33ms cwnd: 252.0 lossRate: 0.00034371854361542803 CC:23 score:-599.0 
1664882333.851971 -- INFO: Throughput @73.1s:939.83Mbps, rtt :40.33ms cwnd: 251.3 lossRate: 0.00027039649959440524 CC:23 score:-593.0 
1664882334.447753 -- INFO: Gradient_Fast: 8.111111111111086, Gredient_Fast Change: 0.013047363717604964, Theta: -1, Previous CC: 23, Choosen CC: 22
1664882334.447920 -- INFO: Changing concurrency to 22 ******
1664882334.448307 -- INFO: Process Status Bits from change concurrency are: 1 1 1 1 1 1 1 1 1 1 1 1 1 1 1 1 1 1 1 1 1 1 0 0 0 0 0 0 0 0 0 0
1664882334.449172 -- INFO: Active CC: 22
1664882334.853797 -- INFO: Throughput @74.1s:924.77Mbps, rtt :39.93ms cwnd: 263.5 lossRate: 4.45751983596327e-05 CC:22 score:-598.0 
1664882335.853817 -- INFO: Throughput @75.1s:920.4Mbps, rtt :39.86ms cwnd: 260.4 lossRate: 0.0002881338945680497 CC:22 score:-593.0 
1664882336.854786 -- INFO: Throughput @76.1s:940.45Mbps, rtt :40.28ms cwnd: 249.8 lossRate: 0.0005041934135123835 CC:22 score:-604.0 
1664882337.650188 -- INFO: Gradient_Fast: 1.0, Gredient_Fast Change: 0.0016741071428571428, Theta: -2, Previous CC: 22, Choosen CC: 20
1664882337.650367 -- INFO: Changing concurrency to 20 ******
1664882337.651528 -- INFO: Process Status Bits from change concurrency are: 1 1 1 1 1 1 1 1 1 1 1 1 1 1 1 1 1 1 1 1 0 0 0 0 0 0 0 0 0 0 0 0
1664882337.652803 -- INFO: Active CC: 20
1664882337.856527 -- INFO: Throughput @77.1s:934.53Mbps, rtt :40.41ms cwnd: 241.0 lossRate: 0.0001861469443979077 CC:20 score:-627.0 
1664882338.857551 -- INFO: Throughput @78.1s:890.45Mbps, rtt :39.75ms cwnd: 254.0 lossRate: 6.323910706380825e-05 CC:20 score:-599.0 
1664882339.858471 -- INFO: Throughput @79.1s:889.07Mbps, rtt :39.74ms cwnd: 254.3 lossRate: 0.000248726910942675 CC:20 score:-596.0 
1664882340.853927 -- INFO: Gradient_Fast: 4.5, Gredient_Fast Change: 0.007520891364902507, Theta: -3, Previous CC: 20, Choosen CC: 17
1664882340.854125 -- INFO: Changing concurrency to 17 ******
1664882340.855435 -- INFO: Process Status Bits from change concurrency are: 1 1 1 1 1 1 1 1 1 1 1 1 1 1 1 1 1 0 0 0 0 0 0 0 0 0 0 0 0 0 0 0
1664882340.856839 -- INFO: Active CC: 17
1664882340.859174 -- INFO: Throughput @80.1s:891.08Mbps, rtt :39.81ms cwnd: 263.7 lossRate: 0.0 CC:20 score:-600.0 
1664882341.861212 -- INFO: Throughput @81.1s:739.9Mbps, rtt :39.28ms cwnd: 247.7 lossRate: 0 CC:17 score:-528.0 
1664882342.861276 -- INFO: Throughput @82.1s:744.56Mbps, rtt :39.09ms cwnd: 256.4 lossRate: 6.279237700543154e-05 CC:17 score:-531.0 
1664882343.863242 -- INFO: Throughput @83.1s:740.67Mbps, rtt :39.25ms cwnd: 251.7 lossRate: 0.0003318898757783608 CC:17 score:-527.0 
1664882344.057959 -- INFO: Gradient_Fast: -26.222222222222246, Gredient_Fast Change: 0.0431759970728138, Theta: 1, Previous CC: 17, Choosen CC: 18
1664882344.058143 -- INFO: Changing concurrency to 18 ******
1664882344.059246 -- INFO: Start Process :: 17
1664882344.059972 -- INFO: Process Status Bits from change concurrency are: 1 1 1 1 1 1 1 1 1 1 1 1 1 1 1 1 1 1 0 0 0 0 0 0 0 0 0 0 0 0 0 0
1664882344.061275 -- INFO: Active CC: 18
1664882344.098657 -- INFO: Process 17 get item 16 from queue and executing
1664882344.098988 -- INFO: starting 17, 16, /users/jamilm/files_to_Send/FILE2
1664882344.864836 -- INFO: Throughput @84.1s:759.6Mbps, rtt :39.21ms cwnd: 243.6 lossRate: 0.0005883354750808961 CC:18 score:-527.0 
1664882345.864888 -- INFO: Throughput @85.1s:775.72Mbps, rtt :39.15ms cwnd: 253.9 lossRate: 0.0001784811256209656 CC:18 score:-542.0 
1664882346.867337 -- INFO: Throughput @86.1s:789.14Mbps, rtt :39.26ms cwnd: 250.9 lossRate: 0.0003785397102715294 CC:18 score:-550.0 
1664882347.262444 -- INFO: Gradient_Fast: -11.0, Gredient_Fast Change: 0.02080706179066835, Theta: 2, Previous CC: 18, Choosen CC: 20
1664882347.262637 -- INFO: Changing concurrency to 20 ******
1664882347.263891 -- INFO: Process Status Bits from change concurrency are: 1 1 1 1 1 1 1 1 1 1 1 1 1 1 1 1 1 1 1 1 0 0 0 0 0 0 0 0 0 0 0 0
1664882347.263870 -- INFO: Start Process :: 18
1664882347.264491 -- INFO: Start Process :: 19
1664882347.265105 -- INFO: Active CC: 20
1664882347.304863 -- INFO: Process 18 get item 20 from queue and executing
1664882347.305167 -- INFO: Process 19 get item 21 from queue and executing
1664882347.305295 -- INFO: starting 18, 20, /users/jamilm/files_to_Send/FILE2
1664882347.305511 -- INFO: starting 19, 21, /users/jamilm/files_to_Send/FILE1
1664882347.867349 -- INFO: Throughput @87.1s:859.99Mbps, rtt :39.96ms cwnd: 247.7 lossRate: 0.00035789010020922805 CC:20 score:-576.0 
1664882348.866607 -- INFO: Throughput @88.1s:890.2Mbps, rtt :39.81ms cwnd: 253.6 lossRate: 0.00019365583485030403 CC:20 score:-597.0 
1664882349.867676 -- INFO: Throughput @89.1s:900.42Mbps, rtt :39.95ms cwnd: 260.6 lossRate: 3.844970778222086e-05 CC:20 score:-606.0 
1664882350.466180 -- INFO: Gradient_Fast: -26.666666666666686, Gredient_Fast Change: 0.04941321803582462, Theta: 3, Previous CC: 20, Choosen CC: 23
1664882350.466375 -- INFO: Changing concurrency to 23 ******
1664882350.467479 -- INFO: Process Status Bits from change concurrency are: 1 1 1 1 1 1 1 1 1 1 1 1 1 1 1 1 1 1 1 1 1 1 1 0 0 0 0 0 0 0 0 0
1664882350.467875 -- INFO: Start Process :: 21
1664882350.468091 -- INFO: Start Process :: 22
1664882350.468453 -- INFO: Active CC: 23
1664882350.468691 -- INFO: Start Process :: 20
1664882350.509233 -- INFO: Process 22 get item 30 from queue and executing
1664882350.509584 -- INFO: starting 22, 30, /users/jamilm/files_to_Send/FILE0
1664882350.510797 -- INFO: Process 20 get item 23 from queue and executing
1664882350.511087 -- INFO: Process 21 get item 29 from queue and executing
1664882350.511101 -- INFO: starting 20, 23, /users/jamilm/files_to_Send/FILE3
1664882350.511509 -- INFO: starting 21, 29, /users/jamilm/files_to_Send/FILE1
1664882350.867290 -- INFO: Throughput @90.1s:950.15Mbps, rtt :41.44ms cwnd: 252.0 lossRate: 0.0002272842062730441 CC:23 score:-600.0 
1664882351.870659 -- INFO: Throughput @91.1s:968.32Mbps, rtt :41.7ms cwnd: 218.2 lossRate: 0.0006507778637295711 CC:23 score:-608.0 
1664882352.871596 -- INFO: Throughput @92.1s:940.43Mbps, rtt :41.49ms cwnd: 213.9 lossRate: 0.00033167903297135273 CC:23 score:-593.0 
1664882353.669696 -- INFO: Gradient_Fast: -2.444444444444457, Gredient_Fast Change: 0.00412216601086755, Theta: 4, Previous CC: 23, Choosen CC: 27
1664882353.669891 -- INFO: Changing concurrency to 27 ******
1664882353.670467 -- INFO: Process Status Bits from change concurrency are: 1 1 1 1 1 1 1 1 1 1 1 1 1 1 1 1 1 1 1 1 1 1 1 1 1 1 1 0 0 0 0 0
1664882353.671088 -- INFO: Active CC: 27
1664882353.671125 -- INFO: Start Process :: 25
1664882353.671340 -- INFO: Start Process :: 24
1664882353.671425 -- INFO: Start Process :: 26
1664882353.671449 -- INFO: Start Process :: 23
1664882353.712498 -- INFO: Process 26 get item 27 from queue and executing
1664882353.712563 -- INFO: Process 25 get item 28 from queue and executing
1664882353.712675 -- INFO: Process 24 get item 31 from queue and executing
1664882353.712920 -- INFO: starting 26, 27, /users/jamilm/files_to_Send/FILE3
1664882353.712965 -- INFO: starting 25, 28, /users/jamilm/files_to_Send/FILE2
1664882353.713091 -- INFO: starting 24, 31, /users/jamilm/files_to_Send/FILE3
1664882353.715529 -- INFO: Process 23 get item 26 from queue and executing
1664882353.716002 -- INFO: starting 23, 26, /users/jamilm/files_to_Send/FILE0
1664882353.871641 -- INFO: Throughput @93.1s:959.4Mbps, rtt :41.19ms cwnd: 179.0 lossRate: 0.0004058092204773792 CC:27 score:-558.0 
1664882354.877030 -- INFO: Throughput @94.1s:991.39Mbps, rtt :41.77ms cwnd: 189.4 lossRate: 8.580955182896931e-05 CC:27 score:-580.0 
1664882355.875243 -- INFO: Throughput @95.1s:930.61Mbps, rtt :41.75ms cwnd: 184.9 lossRate: 0.00025826763906482516 CC:27 score:-543.0 
1664882356.872143 -- INFO: Gradient_Fast: 10.0, Gredient_Fast Change: 0.01665741254858412, Theta: -1, Previous CC: 27, Choosen CC: 26
1664882356.872318 -- INFO: Changing concurrency to 26 ******
1664882356.872721 -- INFO: Process Status Bits from change concurrency are: 1 1 1 1 1 1 1 1 1 1 1 1 1 1 1 1 1 1 1 1 1 1 1 1 1 1 0 0 0 0 0 0
1664882356.873142 -- INFO: Active CC: 26
1664882356.875385 -- INFO: Throughput @96.1s:940.85Mbps, rtt :41.6ms cwnd: 180.9 lossRate: 0.0002457304337142155 CC:27 score:-549.0 
1664882357.876470 -- INFO: Throughput @97.1s:940.35Mbps, rtt :41.66ms cwnd: 182.9 lossRate: 0.0004363124560168895 CC:26 score:-558.0 
1664882358.877271 -- INFO: Throughput @98.1s:950.63Mbps, rtt :40.44ms cwnd: 180.2 lossRate: 0.00044220611718462106 CC:26 score:-564.0 
1664882359.878474 -- INFO: Throughput @99.1s:944.96Mbps, rtt :40.7ms cwnd: 186.2 lossRate: 0.00015964828255289886 CC:26 score:-563.0 
1664882360.074413 -- INFO: Gradient_Fast: 1.3333333333332575, Gredient_Fast Change: 0.0023795359904817204, Theta: -2, Previous CC: 26, Choosen CC: 24
1664882360.074649 -- INFO: Changing concurrency to 24 ******
1664882360.075475 -- INFO: Process Status Bits from change concurrency are: 1 1 1 1 1 1 1 1 1 1 1 1 1 1 1 1 1 1 1 1 1 1 1 1 0 0 0 0 0 0 0 0
1664882360.076319 -- INFO: Active CC: 24
1664882360.879503 -- INFO: Throughput @100.2s:846.38Mbps, rtt :40.72ms cwnd: 190.0 lossRate: 0 CC:24 score:-526.0 
1664882361.880234 -- INFO: Throughput @101.2s:940.66Mbps, rtt :40.41ms cwnd: 187.9 lossRate: 0.0004054402712763997 CC:24 score:-581.0 
1664882362.881574 -- INFO: Throughput @102.2s:949.29Mbps, rtt :40.34ms cwnd: 189.0 lossRate: 0.0003070611788692779 CC:24 score:-587.0 
1664882363.277574 -- INFO: Gradient_Fast: 1.5, Gredient_Fast Change: 0.0026706231454005935, Theta: -3, Previous CC: 24, Choosen CC: 21
1664882363.277772 -- INFO: Changing concurrency to 21 ******
1664882363.278295 -- INFO: Process Status Bits from change concurrency are: 1 1 1 1 1 1 1 1 1 1 1 1 1 1 1 1 1 1 1 1 1 0 0 0 0 0 0 0 0 0 0 0
1664882363.279175 -- INFO: Active CC: 21
1664882363.882476 -- INFO: Throughput @103.2s:875.89Mbps, rtt :39.28ms cwnd: 191.2 lossRate: 0 CC:21 score:-578.0 
1664882364.883476 -- INFO: Throughput @104.2s:834.85Mbps, rtt :39.36ms cwnd: 195.6 lossRate: 0.0004860014232898825 CC:21 score:-547.0 
1664882365.887000 -- INFO: Throughput @105.2s:854.86Mbps, rtt :39.38ms cwnd: 196.5 lossRate: 0.00028236812736147154 CC:21 score:-562.0 
1664882366.480513 -- INFO: Gradient_Fast: -0.7777777777777525, Gredient_Fast Change: 0.0013774104683195146, Theta: 1, Previous CC: 21, Choosen CC: 22
1664882366.480721 -- INFO: Changing concurrency to 22 ******
1664882366.482111 -- INFO: Process Status Bits from change concurrency are: 1 1 1 1 1 1 1 1 1 1 1 1 1 1 1 1 1 1 1 1 1 1 0 0 0 0 0 0 0 0 0 0
1664882366.482494 -- INFO: Start Process :: 21
1664882366.483582 -- INFO: Active CC: 22
1664882366.522016 -- INFO: Process 21 get item 15 from queue and executing
1664882366.522320 -- INFO: starting 21, 15, /users/jamilm/files_to_Send/FILE3
1664882366.885764 -- INFO: Throughput @106.2s:832.32Mbps, rtt :39.3ms cwnd: 185.6 lossRate: 0.0004772130756382725 CC:22 score:-534.0 
1664882367.886329 -- INFO: Throughput @107.2s:862.5Mbps, rtt :39.4ms cwnd: 184.4 lossRate: 0.0005293159609120521 CC:22 score:-553.0 
1664882368.887107 -- INFO: Throughput @108.2s:865.8Mbps, rtt :39.5ms cwnd: 198.9 lossRate: 0.00013440679560758592 CC:22 score:-559.0 
1664882369.684698 -- INFO: Gradient_Fast: 13.666666666666742, Gredient_Fast Change: 0.024303497332543108, Theta: -1, Previous CC: 22, Choosen CC: 21
1664882369.684914 -- INFO: Changing concurrency to 21 ******
1664882369.685771 -- INFO: Process Status Bits from change concurrency are: 1 1 1 1 1 1 1 1 1 1 1 1 1 1 1 1 1 1 1 1 1 0 0 0 0 0 0 0 0 0 0 0
1664882369.686741 -- INFO: Active CC: 21
1664882369.888907 -- INFO: Throughput @109.2s:874.46Mbps, rtt :39.24ms cwnd: 193.0 lossRate: 0.00014097081904045864 CC:21 score:-576.0 
1664882370.891015 -- INFO: Throughput @110.2s:850.9Mbps, rtt :39.2ms cwnd: 186.9 lossRate: 0.0002999850007499625 CC:21 score:-559.0 
1664882371.891622 -- INFO: Throughput @111.2s:854.12Mbps, rtt :39.33ms cwnd: 189.0 lossRate: 0.00030062037112951273 CC:21 score:-561.0 
1664882372.887782 -- INFO: Gradient_Fast: 16.666666666666742, Gredient_Fast Change: 0.03037667071688957, Theta: -2, Previous CC: 21, Choosen CC: 19
1664882372.887966 -- INFO: Changing concurrency to 19 ******
1664882372.888813 -- INFO: Process Status Bits from change concurrency are: 1 1 1 1 1 1 1 1 1 1 1 1 1 1 1 1 1 1 1 0 0 0 0 0 0 0 0 0 0 0 0 0
1664882372.889933 -- INFO: Active CC: 19
1664882372.892392 -- INFO: Throughput @112.2s:870.72Mbps, rtt :39.36ms cwnd: 194.8 lossRate: 0.00018510193828172514 CC:21 score:-573.0 
1664882373.893523 -- INFO: Throughput @113.2s:804.81Mbps, rtt :39.04ms cwnd: 199.2 lossRate: 0 CC:19 score:-552.0 
1664882374.895341 -- INFO: Throughput @114.2s:825.6Mbps, rtt :39.16ms cwnd: 195.0 lossRate: 0.0004122363109114687 CC:19 score:-563.0 
1664882375.896645 -- INFO: Throughput @115.2s:849.84Mbps, rtt :39.24ms cwnd: 202.1 lossRate: 0.00010912116541404662 CC:19 score:-582.0 
1664882376.091030 -- INFO: Gradient_Fast: 0.16666666666662877, Gredient_Fast Change: 0.0002948113207546499, Theta: -3, Previous CC: 19, Choosen CC: 16
1664882376.091227 -- INFO: Changing concurrency to 16 ******
1664882376.092569 -- INFO: Process Status Bits from change concurrency are: 1 1 1 1 1 1 1 1 1 1 1 1 1 1 1 1 0 0 0 0 0 0 0 0 0 0 0 0 0 0 0 0
1664882376.093978 -- INFO: Active CC: 16
1664882376.897820 -- INFO: Throughput @116.2s:759.68Mbps, rtt :39.11ms cwnd: 201.2 lossRate: 0 CC:16 score:-553.0 
1664882377.899918 -- INFO: Throughput @117.2s:739.41Mbps, rtt :39.29ms cwnd: 201.8 lossRate: 0.000343943468200863 CC:16 score:-536.0 
1664882378.898838 -- INFO: Throughput @118.2s:715.98Mbps, rtt :39.29ms cwnd: 204.6 lossRate: 0.00028522984771895354 CC:16 score:-520.0 
1664882379.295076 -- INFO: Gradient_Fast: -9.777777777777752, Gredient_Fast Change: 0.01728540561775678, Theta: 1, Previous CC: 16, Choosen CC: 17
1664882379.295248 -- INFO: Changing concurrency to 17 ******
1664882379.297045 -- INFO: Start Process :: 16
1664882379.297582 -- INFO: Process Status Bits from change concurrency are: 1 1 1 1 1 1 1 1 1 1 1 1 1 1 1 1 1 0 0 0 0 0 0 0 0 0 0 0 0 0 0 0
1664882379.299226 -- INFO: Active CC: 17
1664882379.336731 -- INFO: Process 16 get item 19 from queue and executing
1664882379.337187 -- INFO: starting 16, 19, /users/jamilm/files_to_Send/FILE3
1664882379.901605 -- INFO: Throughput @119.2s:763.64Mbps, rtt :39.3ms cwnd: 201.5 lossRate: 0.0003278790906819885 CC:17 score:-543.0 
1664882380.904379 -- INFO: Throughput @120.2s:760.5Mbps, rtt :39.27ms cwnd: 196.9 lossRate: 0.0006592649196146297 CC:17 score:-538.0 
1664882381.902817 -- INFO: Throughput @121.2s:770.46Mbps, rtt :39.24ms cwnd: 202.7 lossRate: 0.00019881627846513833 CC:17 score:-549.0 
1664882382.500323 -- INFO: Gradient_Fast: -7.0, Gredient_Fast Change: 0.013051584835301428, Theta: 2, Previous CC: 17, Choosen CC: 19
1664882382.500514 -- INFO: Changing concurrency to 19 ******
1664882382.501800 -- INFO: Start Process :: 18
1664882382.501795 -- INFO: Start Process :: 17
1664882382.502235 -- INFO: Process Status Bits from change concurrency are: 1 1 1 1 1 1 1 1 1 1 1 1 1 1 1 1 1 1 1 0 0 0 0 0 0 0 0 0 0 0 0 0
1664882382.504266 -- INFO: Active CC: 19
1664882382.541203 -- INFO: Process 18 get item 25 from queue and executing
1664882382.541441 -- INFO: Process 17 get item 24 from queue and executing
1664882382.541959 -- INFO: starting 18, 25, /users/jamilm/files_to_Send/FILE1
1664882382.542002 -- INFO: starting 17, 24, /users/jamilm/files_to_Send/FILE2
1664882382.902578 -- INFO: Throughput @122.2s:790.81Mbps, rtt :39.42ms cwnd: 190.8 lossRate: 0.0003845755617021906 CC:19 score:-540.0 
1664882383.907819 -- INFO: Throughput @123.2s:859.48Mbps, rtt :39.53ms cwnd: 207.5 lossRate: 0.0003196079475842966 CC:19 score:-587.0 
1664882384.904275 -- INFO: Throughput @124.2s:869.94Mbps, rtt :39.97ms cwnd: 217.2 lossRate: 0.0001734304543877905 CC:19 score:-596.0 
1664882385.705466 -- INFO: Gradient_Fast: -15.5, Gredient_Fast Change: 0.02852760736196319, Theta: 3, Previous CC: 19, Choosen CC: 22
1664882385.705668 -- INFO: Changing concurrency to 22 ******
1664882385.707024 -- INFO: Start Process :: 19
1664882385.707241 -- INFO: Process Status Bits from change concurrency are: 1 1 1 1 1 1 1 1 1 1 1 1 1 1 1 1 1 1 1 1 1 1 0 0 0 0 0 0 0 0 0 0
1664882385.707224 -- INFO: Start Process :: 21
1664882385.707596 -- INFO: Start Process :: 20
1664882385.708793 -- INFO: Active CC: 22
1664882385.746605 -- INFO: Process 19 get item 22 from queue and executing
1664882385.746932 -- INFO: starting 19, 22, /users/jamilm/files_to_Send/FILE0
1664882385.746964 -- INFO: Process 21 get item 27 from queue and executing
1664882385.747304 -- INFO: starting 21, 27, /users/jamilm/files_to_Send/FILE3
1664882385.747737 -- INFO: Process 20 get item 28 from queue and executing
1664882385.748232 -- INFO: starting 20, 28, /users/jamilm/files_to_Send/FILE2
1664882385.904666 -- INFO: Throughput @125.2s:879.82Mbps, rtt :40.06ms cwnd: 199.8 lossRate: 0.0001466940495559171 CC:22 score:-568.0 
1664882386.905144 -- INFO: Throughput @126.2s:973.92Mbps, rtt :41.33ms cwnd: 213.3 lossRate: 0.00033236496134718597 CC:22 score:-627.0 
1664882387.906083 -- INFO: Throughput @127.2s:945.86Mbps, rtt :41.08ms cwnd: 219.6 lossRate: 0.0001719162522257015 CC:22 score:-610.0 
1664882388.907573 -- INFO: Throughput @128.2s:929.85Mbps, rtt :40.79ms cwnd: 222.9 lossRate: 0.00030729896501708584 CC:22 score:-599.0 
1664882388.909712 -- INFO: Gradient_Fast: -12.555555555555543, Gredient_Fast Change: 0.02186109498935962, Theta: 4, Previous CC: 22, Choosen CC: 26
1664882388.909875 -- INFO: Changing concurrency to 26 ******
1664882388.910624 -- INFO: Process Status Bits from change concurrency are: 1 1 1 1 1 1 1 1 1 1 1 1 1 1 1 1 1 1 1 1 1 1 1 1 1 1 0 0 0 0 0 0
1664882388.911342 -- INFO: Active CC: 26
1664882388.911338 -- INFO: Start Process :: 25
1664882388.911559 -- INFO: Start Process :: 24
1664882388.911433 -- INFO: Start Process :: 22
1664882388.911695 -- INFO: Start Process :: 23
1664882388.951350 -- INFO: Process 25 get item 31 from queue and executing
1664882388.951892 -- INFO: starting 25, 31, /users/jamilm/files_to_Send/FILE3
1664882388.952386 -- INFO: Process 24 get item 30 from queue and executing
1664882388.952752 -- INFO: starting 24, 30, /users/jamilm/files_to_Send/FILE0
1664882388.953306 -- INFO: Process 22 get item 26 from queue and executing
1664882388.953419 -- INFO: Process 23 get item 29 from queue and executing
1664882388.953808 -- INFO: starting 23, 29, /users/jamilm/files_to_Send/FILE1
1664882388.953800 -- INFO: starting 22, 26, /users/jamilm/files_to_Send/FILE0
1664882389.909735 -- INFO: Throughput @129.2s:980.09Mbps, rtt :41.83ms cwnd: 207.9 lossRate: 0.0002452753829361916 CC:26 score:-583.0 
1664882390.908973 -- INFO: Throughput @130.2s:934.53Mbps, rtt :41.57ms cwnd: 197.3 lossRate: 0.00040611385955844346 CC:26 score:-555.0 
1664882391.910670 -- INFO: Throughput @131.2s:944.7Mbps, rtt :41.31ms cwnd: 194.7 lossRate: 0.0003191202101283845 CC:26 score:-562.0 
1664882392.112505 -- INFO: Gradient_Fast: 11.333333333333343, Gredient_Fast Change: 0.018518518518518535, Theta: -1, Previous CC: 26, Choosen CC: 25
1664882392.112687 -- INFO: Changing concurrency to 25 ******
1664882392.113369 -- INFO: Process Status Bits from change concurrency are: 1 1 1 1 1 1 1 1 1 1 1 1 1 1 1 1 1 1 1 1 1 1 1 1 1 0 0 0 0 0 0 0
1664882392.113811 -- INFO: Active CC: 25
1664882392.912225 -- INFO: Throughput @132.2s:939.78Mbps, rtt :41.07ms cwnd: 193.7 lossRate: 0.00031938677738741617 CC:25 score:-570.0 
1664882393.912199 -- INFO: Throughput @133.2s:950.18Mbps, rtt :41.03ms cwnd: 195.6 lossRate: 0.00028279152117247823 CC:25 score:-576.0 
1664882394.913483 -- INFO: Throughput @134.2s:945.27Mbps, rtt :41.09ms cwnd: 200.5 lossRate: 0.0001596678907871627 CC:25 score:-575.0 
1664882395.314749 -- INFO: Gradient_Fast: 7.0, Gredient_Fast Change: 0.012352941176470589, Theta: -2, Previous CC: 25, Choosen CC: 23
1664882395.314921 -- INFO: Changing concurrency to 23 ******
1664882395.315447 -- INFO: Process Status Bits from change concurrency are: 1 1 1 1 1 1 1 1 1 1 1 1 1 1 1 1 1 1 1 1 1 1 1 0 0 0 0 0 0 0 0 0
1664882395.315894 -- INFO: Active CC: 23
1664882395.914458 -- INFO: Throughput @135.2s:917.8Mbps, rtt :40.63ms cwnd: 200.7 lossRate: 0.0002828654267732126 CC:23 score:-579.0 
1664882396.915183 -- INFO: Throughput @136.2s:907.78Mbps, rtt :40.09ms cwnd: 198.0 lossRate: 0.0003136329992096448 CC:23 score:-573.0 
1664882397.915697 -- INFO: Throughput @137.2s:912.97Mbps, rtt :39.96ms cwnd: 200.0 lossRate: 0.00021446774152852422 CC:23 score:-577.0 
1664882398.517000 -- INFO: Gradient_Fast: 1.3333333333333712, Gredient_Fast Change: 0.0023242300987798455, Theta: -3, Previous CC: 23, Choosen CC: 20
1664882398.517240 -- INFO: Changing concurrency to 20 ******
1664882398.517974 -- INFO: Process Status Bits from change concurrency are: 1 1 1 1 1 1 1 1 1 1 1 1 1 1 1 1 1 1 1 1 0 0 0 0 0 0 0 0 0 0 0 0
1664882398.518707 -- INFO: Active CC: 20
1664882398.917628 -- INFO: Throughput @138.2s:864.7Mbps, rtt :39.51ms cwnd: 198.4 lossRate: 0 CC:20 score:-582.0 
1664882399.918929 -- INFO: Throughput @139.2s:799.59Mbps, rtt :39.48ms cwnd: 194.4 lossRate: 0.00038795333065118684 CC:20 score:-535.0 
1664882400.918520 -- INFO: Throughput @140.2s:824.7Mbps, rtt :39.65ms cwnd: 191.2 lossRate: 0.0002956996817708187 CC:20 score:-553.0 
1664882401.719862 -- INFO: Gradient_Fast: -6.555555555555581, Gredient_Fast Change: 0.011374590321958786, Theta: 1, Previous CC: 20, Choosen CC: 21
1664882401.720051 -- INFO: Changing concurrency to 21 ******
1664882401.721734 -- INFO: Start Process :: 20
1664882401.721960 -- INFO: Process Status Bits from change concurrency are: 1 1 1 1 1 1 1 1 1 1 1 1 1 1 1 1 1 1 1 1 1 0 0 0 0 0 0 0 0 0 0 0
1664882401.723349 -- INFO: Active CC: 21
1664882401.760989 -- INFO: Process 20 get item 15 from queue and executing
1664882401.761464 -- INFO: starting 20, 15, /users/jamilm/files_to_Send/FILE3
1664882401.922715 -- INFO: Throughput @141.2s:838.98Mbps, rtt :39.77ms cwnd: 188.0 lossRate: 0.00019580693436271836 CC:21 score:-552.0 
1664882402.920741 -- INFO: Throughput @142.2s:850.93Mbps, rtt :39.95ms cwnd: 183.1 lossRate: 0.0004799451491258142 CC:21 score:-557.0 
1664882403.921948 -- INFO: Throughput @143.2s:851.16Mbps, rtt :39.91ms cwnd: 196.3 lossRate: 0.00026965080221113657 CC:21 score:-559.0 
1664882404.923696 -- INFO: Throughput @144.2s:855.07Mbps, rtt :39.92ms cwnd: 198.0 lossRate: 0.00024167561761546724 CC:21 score:-562.0 
1664882404.924491 -- INFO: Gradient_Fast: -2.6666666666667425, Gredient_Fast Change: 0.004790419161676783, Theta: 2, Previous CC: 21, Choosen CC: 23
1664882404.924652 -- INFO: Changing concurrency to 23 ******
1664882404.925949 -- INFO: Process Status Bits from change concurrency are: 1 1 1 1 1 1 1 1 1 1 1 1 1 1 1 1 1 1 1 1 1 1 1 0 0 0 0 0 0 0 0 0
1664882404.926231 -- INFO: Start Process :: 22
1664882404.926375 -- INFO: Start Process :: 21
1664882404.926947 -- INFO: Active CC: 23
1664882404.966101 -- INFO: Process 22 get item 21 from queue and executing
1664882404.966220 -- INFO: Process 21 get item 23 from queue and executing
1664882404.966416 -- INFO: starting 22, 21, /users/jamilm/files_to_Send/FILE1
1664882404.966594 -- INFO: starting 21, 23, /users/jamilm/files_to_Send/FILE3
1664882405.924227 -- INFO: Throughput @145.2s:909.54Mbps, rtt :40.85ms cwnd: 189.0 lossRate: 0.0003105791006146878 CC:23 score:-574.0 
1664882406.925170 -- INFO: Throughput @146.2s:919.27Mbps, rtt :41.72ms cwnd: 215.8 lossRate: 7.474586406218856e-05 CC:23 score:-582.0 
1664882407.925580 -- INFO: Throughput @147.2s:935.63Mbps, rtt :41.32ms cwnd: 214.0 lossRate: 0.0003578170691080484 CC:23 score:-590.0 
1664882408.128513 -- INFO: Gradient_Fast: -11.333333333333314, Gredient_Fast Change: 0.02026221692491057, Theta: 3, Previous CC: 23, Choosen CC: 26
1664882408.128754 -- INFO: Changing concurrency to 26 ******
1664882408.129937 -- INFO: Process Status Bits from change concurrency are: 1 1 1 1 1 1 1 1 1 1 1 1 1 1 1 1 1 1 1 1 1 1 1 1 1 1 0 0 0 0 0 0
1664882408.130440 -- INFO: Start Process :: 24
1664882408.130482 -- INFO: Start Process :: 25
1664882408.131016 -- INFO: Active CC: 26
1664882408.130734 -- INFO: Start Process :: 23
1664882408.170078 -- INFO: Process 25 get item 12 from queue and executing
1664882408.170165 -- INFO: Process 24 get item 16 from queue and executing
1664882408.170423 -- INFO: starting 25, 12, /users/jamilm/files_to_Send/FILE2
1664882408.170556 -- INFO: starting 24, 16, /users/jamilm/files_to_Send/FILE2
1664882408.171882 -- INFO: Process 23 get item 20 from queue and executing
1664882408.172197 -- INFO: starting 23, 20, /users/jamilm/files_to_Send/FILE2
1664882408.930561 -- INFO: Throughput @148.2s:960.03Mbps, rtt :42.11ms cwnd: 204.4 lossRate: 0.00023524750513830077 CC:26 score:-571.0 
1664882409.927886 -- INFO: Throughput @149.2s:957.25Mbps, rtt :42.46ms cwnd: 213.5 lossRate: 0.0002212634140944795 CC:26 score:-570.0 
1664882410.929176 -- INFO: Throughput @150.2s:937.23Mbps, rtt :42.14ms cwnd: 215.7 lossRate: 0.00015975029799574817 CC:26 score:-559.0 
1664882411.332162 -- INFO: Gradient_Fast: 5.111111111111124, Gredient_Fast Change: 0.008781977854142824, Theta: -1, Previous CC: 26, Choosen CC: 25
1664882411.332363 -- INFO: Changing concurrency to 25 ******
1664882411.332829 -- INFO: Process Status Bits from change concurrency are: 1 1 1 1 1 1 1 1 1 1 1 1 1 1 1 1 1 1 1 1 1 1 1 1 1 0 0 0 0 0 0 0
1664882411.333387 -- INFO: Active CC: 25
1664882411.930330 -- INFO: Throughput @151.2s:941.14Mbps, rtt :42.33ms cwnd: 214.6 lossRate: 0.0003015642003959669 CC:25 score:-571.0 
1664882412.930789 -- INFO: Throughput @152.2s:952.21Mbps, rtt :42.33ms cwnd: 218.8 lossRate: 0.00018432273682399635 CC:25 score:-579.0 
1664882413.931825 -- INFO: Throughput @153.2s:932.25Mbps, rtt :42.15ms cwnd: 226.6 lossRate: 8.600248178590297e-05 CC:25 score:-567.0 
1664882414.534439 -- INFO: Gradient_Fast: 5.6666666666667425, Gredient_Fast Change: 0.010000000000000134, Theta: -2, Previous CC: 25, Choosen CC: 23
1664882414.534612 -- INFO: Changing concurrency to 23 ******
1664882414.535310 -- INFO: Process Status Bits from change concurrency are: 1 1 1 1 1 1 1 1 1 1 1 1 1 1 1 1 1 1 1 1 1 1 1 0 0 0 0 0 0 0 0 0
1664882414.535903 -- INFO: Active CC: 23
1664882414.933649 -- INFO: Throughput @154.2s:922.58Mbps, rtt :42.21ms cwnd: 222.0 lossRate: 0.0004326507066628209 CC:23 score:-581.0 
1664882415.934087 -- INFO: Throughput @155.2s:935.68Mbps, rtt :42.05ms cwnd: 235.7 lossRate: 0.00018128573420722355 CC:23 score:-592.0 
1664882416.936113 -- INFO: Throughput @156.2s:954.67Mbps, rtt :42.52ms cwnd: 243.9 lossRate: 2.4558861451183124e-05 CC:23 score:-605.0 
1664882417.737017 -- INFO: Gradient_Fast: 10.166666666666629, Gredient_Fast Change: 0.017763541059988286, Theta: -3, Previous CC: 23, Choosen CC: 20
1664882417.737185 -- INFO: Changing concurrency to 20 ******
1664882417.738109 -- INFO: Process Status Bits from change concurrency are: 1 1 1 1 1 1 1 1 1 1 1 1 1 1 1 1 1 1 1 1 0 0 0 0 0 0 0 0 0 0 0 0
1664882417.738982 -- INFO: Active CC: 20
1664882417.938443 -- INFO: Throughput @157.2s:924.4Mbps, rtt :41.48ms cwnd: 229.5 lossRate: 0 CC:20 score:-622.0 
1664882418.938810 -- INFO: Throughput @158.2s:885.29Mbps, rtt :40.93ms cwnd: 240.8 lossRate: 0 CC:20 score:-596.0 
1664882419.939317 -- INFO: Throughput @159.2s:874.82Mbps, rtt :41.13ms cwnd: 253.6 lossRate: 5.2339579189783314e-05 CC:20 score:-588.0 
1664882420.939579 -- INFO: Throughput @160.2s:890.65Mbps, rtt :41.33ms cwnd: 250.6 lossRate: 0.00043842116800557054 CC:20 score:-595.0 
1664882420.940121 -- INFO: Gradient_Fast: 0.11111111111112375, Gredient_Fast Change: 0.00018747656542934268, Theta: -4, Previous CC: 20, Choosen CC: 16
1664882420.940263 -- INFO: Changing concurrency to 16 ******
1664882420.941986 -- INFO: Process Status Bits from change concurrency are: 1 1 1 1 1 1 1 1 1 1 1 1 1 1 1 1 0 0 0 0 0 0 0 0 0 0 0 0 0 0 0 0
1664882420.943515 -- INFO: Active CC: 16
1664882421.940557 -- INFO: Throughput @161.2s:715.32Mbps, rtt :39.45ms cwnd: 257.2 lossRate: 0 CC:16 score:-521.0 
1664882422.945348 -- INFO: Throughput @162.2s:699.23Mbps, rtt :39.21ms cwnd: 244.9 lossRate: 0.0005582006238712855 CC:16 score:-505.0 
1664882423.944812 -- INFO: Throughput @163.2s:705.06Mbps, rtt :39.16ms cwnd: 254.7 lossRate: 3.2767010174156656e-05 CC:16 score:-513.0 
1664882424.144817 -- INFO: Gradient_Fast: -20.0, Gredient_Fast Change: 0.03372681281618887, Theta: 1, Previous CC: 16, Choosen CC: 17
1664882424.145106 -- INFO: Changing concurrency to 17 ******
1664882424.147439 -- INFO: Process Status Bits from change concurrency are: 1 1 1 1 1 1 1 1 1 1 1 1 1 1 1 1 1 0 0 0 0 0 0 0 0 0 0 0 0 0 0 0
1664882424.147328 -- INFO: Start Process :: 16
1664882424.149445 -- INFO: Active CC: 17
1664882424.187112 -- INFO: Process 16 get item 31 from queue and executing
1664882424.187578 -- INFO: starting 16, 31, /users/jamilm/files_to_Send/FILE3
1664882424.943963 -- INFO: Throughput @164.2s:760.78Mbps, rtt :39.71ms cwnd: 247.2 lossRate: 0.00027658266748617087 CC:17 score:-541.0 
1664882425.945923 -- INFO: Throughput @165.2s:764.56Mbps, rtt :39.43ms cwnd: 260.0 lossRate: 0.00019346677580177096 CC:17 score:-545.0 
1664882426.946231 -- INFO: Throughput @166.2s:769.76Mbps, rtt :39.28ms cwnd: 265.6 lossRate: 0.00013442265469807178 CC:17 score:-549.0 
1664882427.350654 -- INFO: Gradient_Fast: -32.0, Gredient_Fast Change: 0.06237816764132553, Theta: 2, Previous CC: 17, Choosen CC: 21
1664882427.350867 -- INFO: Changing concurrency to 21 ******
1664882427.353299 -- INFO: Process Status Bits from change concurrency are: 1 1 1 1 1 1 1 1 1 1 1 1 1 1 1 1 1 1 1 1 1 0 0 0 0 0 0 0 0 0 0 0
1664882427.353424 -- INFO: Start Process :: 20
1664882427.353336 -- INFO: Start Process :: 17
1664882427.353413 -- INFO: Start Process :: 18
1664882427.353909 -- INFO: Start Process :: 19
1664882427.354990 -- INFO: Active CC: 21
1664882427.392935 -- INFO: Process 18 get item 29 from queue and executing
1664882427.393255 -- INFO: starting 18, 29, /users/jamilm/files_to_Send/FILE1
1664882427.393673 -- INFO: Process 20 get item 30 from queue and executing
1664882427.393866 -- INFO: Process 17 get item 26 from queue and executing
1664882427.393964 -- INFO: Process 19 get item 27 from queue and executing
1664882427.394017 -- INFO: starting 20, 30, /users/jamilm/files_to_Send/FILE0
1664882427.394295 -- INFO: starting 17, 26, /users/jamilm/files_to_Send/FILE0
1664882427.394528 -- INFO: starting 19, 27, /users/jamilm/files_to_Send/FILE3
1664882427.947141 -- INFO: Throughput @167.2s:873.39Mbps, rtt :41.13ms cwnd: 252.8 lossRate: 0.00011142837244933491 CC:21 score:-575.0 
1664882428.947277 -- INFO: Throughput @168.2s:936.82Mbps, rtt :41.5ms cwnd: 273.1 lossRate: 0.00018433859312785725 CC:21 score:-616.0 
1664882429.948914 -- INFO: Throughput @169.2s:924.83Mbps, rtt :41.27ms cwnd: 283.1 lossRate: 2.4552831555299114e-05 CC:21 score:-610.0 
1664882430.556240 -- INFO: Gradient_Fast: -13.833333333333343, Gredient_Fast Change: 0.025382262996941914, Theta: 3, Previous CC: 21, Choosen CC: 24
1664882430.556453 -- INFO: Changing concurrency to 24 ******
1664882430.557328 -- INFO: Process Status Bits from change concurrency are: 1 1 1 1 1 1 1 1 1 1 1 1 1 1 1 1 1 1 1 1 1 1 1 1 0 0 0 0 0 0 0 0
1664882430.557875 -- INFO: Start Process :: 22
1664882430.557990 -- INFO: Start Process :: 23
1664882430.558105 -- INFO: Start Process :: 21
1664882430.558400 -- INFO: Active CC: 24
1664882430.598734 -- INFO: Process 22 get item 28 from queue and executing
1664882430.598994 -- INFO: Process 23 get item 12 from queue and executing
1664882430.599082 -- INFO: starting 22, 28, /users/jamilm/files_to_Send/FILE2
1664882430.599302 -- INFO: Process 21 get item 16 from queue and executing
1664882430.599336 -- INFO: starting 23, 12, /users/jamilm/files_to_Send/FILE2
1664882430.599639 -- INFO: starting 21, 16, /users/jamilm/files_to_Send/FILE2
1664882430.949188 -- INFO: Throughput @170.2s:970.13Mbps, rtt :42.1ms cwnd: 267.4 lossRate: 4.9153937844845595e-05 CC:24 score:-603.0 
1664882431.463494 -- INFO: Process 9 finished on working on file 9 
1664882431.464536 -- INFO: Process 9 get item 20 from queue and executing
1664882431.464931 -- INFO: starting 9, 20, /users/jamilm/files_to_Send/FILE2
1664882431.950904 -- INFO: Throughput @171.2s:959.89Mbps, rtt :42.11ms cwnd: 262.7 lossRate: 0.00013507705532019403 CC:24 score:-595.0 
1664882432.951283 -- INFO: Throughput @172.2s:955.72Mbps, rtt :42.02ms cwnd: 258.7 lossRate: 9.827768359499766e-05 CC:24 score:-593.0 
1664882433.759656 -- INFO: Gradient_Fast: 1.1111111111111238, Gredient_Fast Change: 0.0018508236165093678, Theta: -1, Previous CC: 24, Choosen CC: 23
1664882433.759872 -- INFO: Changing concurrency to 23 ******
1664882433.760716 -- INFO: Process Status Bits from change concurrency are: 1 1 1 1 1 1 1 1 1 1 1 1 1 1 1 1 1 1 1 1 1 1 1 0 0 0 0 0 0 0 0 0
1664882433.761741 -- INFO: Active CC: 23
1664882433.952094 -- INFO: Throughput @173.2s:941.52Mbps, rtt :41.81ms cwnd: 248.6 lossRate: 0.00039313005233543823 CC:23 score:-593.0 
1664882434.953633 -- INFO: Throughput @174.2s:911.39Mbps, rtt :41.48ms cwnd: 255.5 lossRate: 0.00013553624916984048 CC:23 score:-577.0 
1664882435.953777 -- INFO: Throughput @175.2s:953.54Mbps, rtt :41.08ms cwnd: 259.4 lossRate: 0.00023328913118216197 CC:23 score:-602.0 
1664882436.955433 -- INFO: Throughput @176.2s:934.76Mbps, rtt :41.11ms cwnd: 240.7 lossRate: 0.0006628043990573448 CC:23 score:-587.0 
1664882436.962680 -- INFO: Gradient_Fast: -8.333333333333371, Gredient_Fast Change: 0.013958682300390907, Theta: 1, Previous CC: 23, Choosen CC: 24
1664882436.962838 -- INFO: Changing concurrency to 24 ******
1664882436.963587 -- INFO: Process Status Bits from change concurrency are: 1 1 1 1 1 1 1 1 1 1 1 1 1 1 1 1 1 1 1 1 1 1 1 1 0 0 0 0 0 0 0 0
1664882436.964008 -- INFO: Start Process :: 23
1664882436.964400 -- INFO: Active CC: 24
1664882437.005014 -- INFO: Process 23 get item 21 from queue and executing
1664882437.005345 -- INFO: starting 23, 21, /users/jamilm/files_to_Send/FILE1
1664882437.956671 -- INFO: Throughput @177.2s:960.17Mbps, rtt :41.18ms cwnd: 234.8 lossRate: 0.00027007120058924626 CC:24 score:-594.0 
1664882438.957544 -- INFO: Throughput @178.2s:948.38Mbps, rtt :41.44ms cwnd: 230.8 lossRate: 0.0002212063117534287 CC:24 score:-588.0 
1664882439.958529 -- INFO: Throughput @179.2s:931.36Mbps, rtt :41.38ms cwnd: 210.2 lossRate: 0.0005772537460083518 CC:24 score:-574.0 
1664882440.165441 -- INFO: Gradient_Fast: 3.3333333333332575, Gredient_Fast Change: 0.005662514156285262, Theta: -1, Previous CC: 24, Choosen CC: 23
1664882440.165631 -- INFO: Changing concurrency to 23 ******
1664882440.166291 -- INFO: Process Status Bits from change concurrency are: 1 1 1 1 1 1 1 1 1 1 1 1 1 1 1 1 1 1 1 1 1 1 1 0 0 0 0 0 0 0 0 0
1664882440.166999 -- INFO: Active CC: 23
1664882440.958698 -- INFO: Throughput @180.2s:934.98Mbps, rtt :40.58ms cwnd: 231.1 lossRate: 4.3925794690835615e-05 CC:23 score:-593.0 
1664882441.960452 -- INFO: Throughput @181.2s:944.07Mbps, rtt :40.88ms cwnd: 233.7 lossRate: 0.0002332433095998036 CC:23 score:-596.0 
1664882442.961278 -- INFO: Throughput @182.2s:941.42Mbps, rtt :40.84ms cwnd: 232.7 lossRate: 0.00022097005855706552 CC:23 score:-595.0 
1664882443.368055 -- INFO: Gradient_Fast: 9.333333333333258, Gredient_Fast Change: 0.015945330296127432, Theta: -2, Previous CC: 23, Choosen CC: 21
1664882443.368223 -- INFO: Changing concurrency to 21 ******
1664882443.368974 -- INFO: Process Status Bits from change concurrency are: 1 1 1 1 1 1 1 1 1 1 1 1 1 1 1 1 1 1 1 1 1 0 0 0 0 0 0 0 0 0 0 0
1664882443.369664 -- INFO: Active CC: 21
1664882443.962244 -- INFO: Throughput @183.2s:924.96Mbps, rtt :39.6ms cwnd: 238.1 lossRate: 0.0005092575752064311 CC:21 score:-606.0 
1664882444.961192 -- INFO: Throughput @184.2s:894.58Mbps, rtt :39.65ms cwnd: 240.8 lossRate: 0.00015488067734482892 CC:21 score:-589.0 
1664882445.964988 -- INFO: Throughput @185.2s:910.46Mbps, rtt :39.85ms cwnd: 238.4 lossRate: 0.0003062200956937799 CC:21 score:-598.0 
1664882446.570787 -- INFO: Gradient_Fast: 1.5, Gredient_Fast Change: 0.0025224215246636775, Theta: -3, Previous CC: 21, Choosen CC: 18
1664882446.570995 -- INFO: Changing concurrency to 18 ******
1664882446.572222 -- INFO: Process Status Bits from change concurrency are: 1 1 1 1 1 1 1 1 1 1 1 1 1 1 1 1 1 1 0 0 0 0 0 0 0 0 0 0 0 0 0 0
1664882446.573168 -- INFO: Active CC: 18
1664882446.746984 -- INFO: Process 1 finished on working on file 1 
1664882446.749012 -- INFO: Process 1 get item 23 from queue and executing
1664882446.749485 -- INFO: starting 1, 23, /users/jamilm/files_to_Send/FILE3
1664882446.965994 -- INFO: Throughput @186.2s:849.89Mbps, rtt :39.34ms cwnd: 229.8 lossRate: 0 CC:18 score:-595.0 
1664882447.966994 -- INFO: Throughput @187.2s:755.02Mbps, rtt :39.41ms cwnd: 223.6 lossRate: 0 CC:18 score:-529.0 
1664882448.263544 -- INFO: Process 8 finished on working on file 8 
1664882448.264416 -- INFO: Process 8 get item 15 from queue and executing
1664882448.264750 -- INFO: starting 8, 15, /users/jamilm/files_to_Send/FILE3
1664882448.370285 -- INFO: Process 12 finished on working on file 10 
1664882448.372249 -- INFO: Process 12 get item 22 from queue and executing
1664882448.519298 -- INFO: starting 12, 22, /users/jamilm/files_to_Send/FILE0
1664882448.967644 -- INFO: Throughput @188.2s:755.02Mbps, rtt :39.4ms cwnd: 239.8 lossRate: 0.00010766414937631696 CC:18 score:-528.0 
1664882449.774254 -- INFO: Gradient_Fast: -15.666666666666666, Gredient_Fast Change: 0.026213050752928055, Theta: 1, Previous CC: 18, Choosen CC: 19
1664882449.774454 -- INFO: Changing concurrency to 19 ******
1664882449.776332 -- INFO: Start Process :: 18
1664882449.776469 -- INFO: Process Status Bits from change concurrency are: 1 1 1 1 1 1 1 1 1 1 1 1 1 1 1 1 1 1 1 0 0 0 0 0 0 0 0 0 0 0 0 0
1664882449.778258 -- INFO: Active CC: 19
1664882449.816898 -- INFO: Process 18 get item 25 from queue and executing
1664882449.817288 -- INFO: starting 18, 25, /users/jamilm/files_to_Send/FILE1
1664882449.968279 -- INFO: Throughput @189.2s:749.84Mbps, rtt :39.37ms cwnd: 224.0 lossRate: 0.00041967172345187766 CC:19 score:-512.0 
1664882450.969416 -- INFO: Throughput @190.2s:789.89Mbps, rtt :39.53ms cwnd: 238.4 lossRate: 0.00010234516638399906 CC:19 score:-541.0 
1664882451.970843 -- INFO: Throughput @191.2s:814.66Mbps, rtt :39.96ms cwnd: 254.6 lossRate: 5.666284192483674e-05 CC:19 score:-559.0 
1664882452.759442 -- INFO: Process 13 finished on working on file 17 
1664882452.760721 -- INFO: Process 13 get item 24 from queue and executing
1664882452.764445 -- INFO: starting 13, 24, /users/jamilm/files_to_Send/FILE2
1664882452.972324 -- INFO: Throughput @192.2s:824.85Mbps, rtt :39.91ms cwnd: 254.9 lossRate: 0.00022454879726050466 CC:19 score:-564.0 
1664882452.979226 -- INFO: Gradient_Fast: -4.0, Gredient_Fast Change: 0.007263922518159807, Theta: 2, Previous CC: 19, Choosen CC: 21
1664882452.979381 -- INFO: Changing concurrency to 21 ******
1664882452.980589 -- INFO: Process Status Bits from change concurrency are: 1 1 1 1 1 1 1 1 1 1 1 1 1 1 1 1 1 1 1 1 1 0 0 0 0 0 0 0 0 0 0 0
1664882452.980669 -- INFO: Start Process :: 19
1664882452.981038 -- INFO: Start Process :: 20
1664882452.981851 -- INFO: Active CC: 21
1664882453.021159 -- INFO: Process 20 get item 19 from queue and executing
1664882453.021517 -- INFO: starting 20, 19, /users/jamilm/files_to_Send/FILE3
1664882453.022152 -- INFO: Process 19 get item 12 from queue and executing
1664882453.022482 -- INFO: starting 19, 12, /users/jamilm/files_to_Send/FILE2
1664882453.888242 -- INFO: Process 5 finished on working on file 4 
1664882453.889540 -- INFO: Process 5 get item 21 from queue and executing
1664882453.921032 -- INFO: starting 5, 21, /users/jamilm/files_to_Send/FILE1
1664882453.973209 -- INFO: Throughput @193.2s:897.78Mbps, rtt :40.89ms cwnd: 240.4 lossRate: 0.0003821118929032598 CC:21 score:-589.0 
1664882454.973398 -- INFO: Throughput @194.2s:902.21Mbps, rtt :40.24ms cwnd: 248.3 lossRate: 0.0004385360413978023 CC:21 score:-591.0 
1664882455.974409 -- INFO: Throughput @195.2s:910.35Mbps, rtt :39.59ms cwnd: 243.7 lossRate: 0.0004751997123115255 CC:21 score:-596.0 
1664882456.182921 -- INFO: Gradient_Fast: -18.666666666666686, Gredient_Fast Change: 0.03365384615384619, Theta: 3, Previous CC: 21, Choosen CC: 24
1664882456.183094 -- INFO: Changing concurrency to 24 ******
1664882456.184148 -- INFO: Process Status Bits from change concurrency are: 1 1 1 1 1 1 1 1 1 1 1 1 1 1 1 1 1 1 1 1 1 1 1 1 0 0 0 0 0 0 0 0
1664882456.184654 -- INFO: Start Process :: 21
1664882456.184820 -- INFO: Start Process :: 22
1664882456.185074 -- INFO: Active CC: 24
1664882456.184949 -- INFO: Start Process :: 23
1664882456.224464 -- INFO: Process 22 get item 16 from queue and executing
1664882456.224604 -- INFO: Process 23 get item 28 from queue and executing
1664882456.224869 -- INFO: starting 22, 16, /users/jamilm/files_to_Send/FILE2
1664882456.224934 -- INFO: starting 23, 28, /users/jamilm/files_to_Send/FILE2
1664882456.224929 -- INFO: Process 21 get item 30 from queue and executing
1664882456.225266 -- INFO: starting 21, 30, /users/jamilm/files_to_Send/FILE0
1664882456.386267 -- INFO: Process 11 finished on working on file 14 
1664882456.388202 -- INFO: Process 11 get item 27 from queue and executing
1664882456.534019 -- INFO: starting 11, 27, /users/jamilm/files_to_Send/FILE3
1664882456.975263 -- INFO: Throughput @196.2s:942.58Mbps, rtt :40.92ms cwnd: 218.2 lossRate: 0.0003621514292493475 CC:24 score:-583.0 
1664882457.976224 -- INFO: Throughput @197.2s:964.44Mbps, rtt :41.33ms cwnd: 217.3 lossRate: 0.0004790036723614881 CC:24 score:-595.0 
1664882458.977778 -- INFO: Throughput @198.2s:934.65Mbps, rtt :41.38ms cwnd: 221.2 lossRate: 0.00034387473134786615 CC:24 score:-578.0 
1664882459.386086 -- INFO: Gradient_Fast: 2.2222222222222094, Gredient_Fast Change: 0.003753753753753732, Theta: -1, Previous CC: 24, Choosen CC: 23
1664882459.386248 -- INFO: Changing concurrency to 23 ******
1664882459.387104 -- INFO: Process Status Bits from change concurrency are: 1 1 1 1 1 1 1 1 1 1 1 1 1 1 1 1 1 1 1 1 1 1 1 0 0 0 0 0 0 0 0 0
1664882459.387894 -- INFO: Active CC: 23
1664882459.824944 -- INFO: Process 15 finished on working on file 18 
1664882459.826078 -- INFO: Process 15 get item 29 from queue and executing
1664882459.978686 -- INFO: Throughput @199.2s:941.88Mbps, rtt :40.78ms cwnd: 208.2 lossRate: 0.0006533618436683297 CC:23 score:-591.0 
1664882460.006441 -- INFO: starting 15, 29, /users/jamilm/files_to_Send/FILE1
1664882460.967017 -- INFO: episode expires
1664882460.967033 -- INFO: Process 23 shutdown itself from outest loop
1664882460.967189 -- INFO: Process 24 shutdown itself from outest loop
1664882460.967473 -- INFO: Process Status Bits are: 1 1 1 1 1 1 1 1 1 1 1 1 1 1 1 1 1 1 1 1 1 1 1 0 0 0 0 0 0 0 0 0
1664882460.967295 -- INFO: Process 28 shutdown itself from outest loop
1664882460.967284 -- INFO: Process 27 shutdown itself from outest loop
1664882460.967333 -- INFO: Process 31 shutdown itself from outest loop
1664882460.967352 -- INFO: Process 30 shutdown itself from outest loop
1664882460.967345 -- INFO: Process 25 shutdown itself from outest loop
1664882460.967694 -- INFO: Process Status Bits are: 1 1 1 1 1 1 1 1 1 1 1 1 1 1 1 1 1 1 1 1 1 1 1 0 0 0 0 0 0 0 0 0
1664882460.967823 -- INFO: Process Status Bits are: 1 1 1 1 1 1 1 1 1 1 1 1 1 1 1 1 1 1 1 1 1 1 1 0 0 0 0 0 0 0 0 0
1664882460.967863 -- INFO: Process Status Bits are: 1 1 1 1 1 1 1 1 1 1 1 1 1 1 1 1 1 1 1 1 1 1 1 0 0 0 0 0 0 0 0 0
1664882460.967870 -- INFO: Process Status Bits are: 1 1 1 1 1 1 1 1 1 1 1 1 1 1 1 1 1 1 1 1 1 1 1 0 0 0 0 0 0 0 0 0
1664882460.967405 -- INFO: Process 26 shutdown itself from outest loop
1664882460.967919 -- INFO: Process Status Bits are: 1 1 1 1 1 1 1 1 1 1 1 1 1 1 1 1 1 1 1 1 1 1 1 0 0 0 0 0 0 0 0 0
1664882460.967508 -- INFO: Process 29 shutdown itself from outest loop
1664882460.968002 -- INFO: Process Status Bits are: 1 1 1 1 1 1 1 1 1 1 1 1 1 1 1 1 1 1 1 1 1 1 1 0 0 0 0 0 0 0 0 0
1664882460.968216 -- INFO: Process Status Bits are: 1 1 1 1 1 1 1 1 1 1 1 1 1 1 1 1 1 1 1 1 1 1 1 0 0 0 0 0 0 0 0 0
1664882460.968292 -- INFO: Process Status Bits are: 1 1 1 1 1 1 1 1 1 1 1 1 1 1 1 1 1 1 1 1 1 1 1 0 0 0 0 0 0 0 0 0
1664882462.589029 -- INFO: Gradient_Fast: 2.6666666666666288, Gredient_Fast Change: 0.004555808656036381, Theta: -2, Previous CC: 23, Choosen CC: 21
1664882462.589255 -- INFO: episode expires
1664882462.713641 -- INFO: GD_Fast Optimizer Exits ...
1664882462.983009 -- INFO: Throughput @0.1s:0.0Mbps, rtt :38.74ms cwnd: 105.0 lossRate: 0.0002757318019724594 CC:0 score:-0.0 
