1668203623.958038 -- INFO: Changing concurrency to 1 ******
1668203623.958648 -- INFO: Start Process :: 0
1668203623.959250 -- INFO: Process 0 get item 0 from queue and executing
1668203623.959341 -- INFO: starting 0, 0, /home/jamilm/Documents/files_to_send/FILE2
1668203623.960621 -- INFO: Process Status Bits from change concurrency are: 1 0 0 0 0 0 0 0 0 0 0 0 0 0 0 0 0 0 0 0 0 0 0 0 0 0 0 0 0 0 0 0
1668203623.962041 -- INFO: Active CC: 1
1668203624.010234 -- INFO: Throughput @0.1s:503.32Mbps, rtt :2.19ms cwnd: 244.0 lossRate: 0.0 CC:1 score:-493.0 
1668203625.010725 -- INFO: Throughput @1.1s:939.52Mbps, rtt :1.37ms cwnd: 112.0 lossRate: 0.0003333497950516075 CC:1 score:-918.0 
1668203626.012084 -- INFO: Throughput @2.1s:939.52Mbps, rtt :0.84ms cwnd: 73.0 lossRate: 0.00033317291674379005 CC:1 score:-918.0 
1668203627.012922 -- INFO: Throughput @3.1s:939.52Mbps, rtt :1.63ms cwnd: 154.0 lossRate: 0.0002958506940164197 CC:1 score:-918.0 
1668203627.162630 -- INFO: Changing concurrency to 1 ******
1668203627.164247 -- INFO: Process Status Bits from change concurrency are: 1 0 0 0 0 0 0 0 0 0 0 0 0 0 0 0 0 0 0 0 0 0 0 0 0 0 0 0 0 0 0 0
1668203627.165229 -- INFO: Active CC: 1
1668203628.014360 -- INFO: Throughput @4.1s:939.52Mbps, rtt :0.84ms cwnd: 72.0 lossRate: 0.00035790980672870435 CC:1 score:-918.0 
1668203629.014628 -- INFO: Throughput @5.1s:939.52Mbps, rtt :1.57ms cwnd: 147.0 lossRate: 0.00032060767485449346 CC:1 score:-918.0 
1668203630.015883 -- INFO: Throughput @6.1s:931.14Mbps, rtt :1.68ms cwnd: 162.0 lossRate: 0.000320666987333654 CC:1 score:-910.0 
1668203630.365730 -- INFO: Gradient: 1.3333333333333144, Gredient Change: 0.001452432824981824, Theta: -1, Previous CC: 1, Choosen CC: 2
1668203630.365800 -- INFO: Changing concurrency to 1 ******
1668203630.367105 -- INFO: Process Status Bits from change concurrency are: 1 0 0 0 0 0 0 0 0 0 0 0 0 0 0 0 0 0 0 0 0 0 0 0 0 0 0 0 0 0 0 0
1668203630.368289 -- INFO: Active CC: 1
1668203631.016041 -- INFO: Throughput @7.1s:939.52Mbps, rtt :1.59ms cwnd: 154.0 lossRate: 0.000321177982014033 CC:1 score:-918.0 
1668203632.018348 -- INFO: Throughput @8.1s:939.52Mbps, rtt :0.84ms cwnd: 78.0 lossRate: 0.00032049701691238105 CC:1 score:-918.0 
1668203632.477821 -- INFO: Process 0 finished on working on file 0 
1668203632.519973 -- INFO: Process 0 get item 1 from queue and executing
1668203632.520130 -- INFO: starting 0, 1, /home/jamilm/Documents/files_to_send/FILE1
1668203633.018469 -- INFO: Throughput @9.1s:911.63Mbps, rtt :0.9ms cwnd: 79.0 lossRate: 0.0003053823641684693 CC:1 score:-891.0 
1668203633.568790 -- INFO: Changing concurrency to 1 ******
1668203633.569915 -- INFO: Process Status Bits from change concurrency are: 1 0 0 0 0 0 0 0 0 0 0 0 0 0 0 0 0 0 0 0 0 0 0 0 0 0 0 0 0 0 0 0
1668203633.571099 -- INFO: Active CC: 1
1668203634.019620 -- INFO: Throughput @10.1s:939.52Mbps, rtt :0.92ms cwnd: 79.0 lossRate: 0.0003206788524630603 CC:1 score:-918.0 
1668203635.020520 -- INFO: Throughput @11.1s:939.52Mbps, rtt :0.83ms cwnd: 101.0 lossRate: 0.00032077380511757596 CC:1 score:-918.0 
1668203636.021995 -- INFO: Throughput @12.1s:939.52Mbps, rtt :1.57ms cwnd: 146.0 lossRate: 0.0003326434062684802 CC:1 score:-918.0 
1668203636.771542 -- INFO: Gradient: -4.5, Gredient Change: 0.0049504950495049506, Theta: 1, Previous CC: 2, Choosen CC: 3
1668203636.771609 -- INFO: Changing concurrency to 1 ******
1668203636.772892 -- INFO: Process Status Bits from change concurrency are: 1 0 0 0 0 0 0 0 0 0 0 0 0 0 0 0 0 0 0 0 0 0 0 0 0 0 0 0 0 0 0 0
1668203636.774292 -- INFO: Active CC: 1
1668203637.022098 -- INFO: Throughput @13.1s:939.52Mbps, rtt :0.88ms cwnd: 78.0 lossRate: 0.00034605925028735276 CC:1 score:-918.0 
1668203638.023637 -- INFO: Throughput @14.1s:939.52Mbps, rtt :0.92ms cwnd: 82.0 lossRate: 0.00033281972265023115 CC:1 score:-918.0 
1668203639.024878 -- INFO: Throughput @15.1s:939.52Mbps, rtt :1.69ms cwnd: 156.0 lossRate: 0.00032049701691238105 CC:1 score:-918.0 
1668203639.974807 -- INFO: Changing concurrency to 1 ******
1668203639.976167 -- INFO: Process Status Bits from change concurrency are: 1 0 0 0 0 0 0 0 0 0 0 0 0 0 0 0 0 0 0 0 0 0 0 0 0 0 0 0 0 0 0 0
1668203639.977783 -- INFO: Active CC: 1
1668203640.026958 -- INFO: Throughput @16.1s:939.52Mbps, rtt :1.71ms cwnd: 161.0 lossRate: 0.00032049701691238105 CC:1 score:-918.0 
1668203641.027223 -- INFO: Throughput @17.1s:931.14Mbps, rtt :1.63ms cwnd: 162.0 lossRate: 0.00032083713813272784 CC:1 score:-910.0 
1668203641.038540 -- INFO: Process 0 finished on working on file 1 
1668203641.038791 -- INFO: Process 0 get item 2 from queue and executing
1668203641.038957 -- INFO: starting 0, 2, /home/jamilm/Documents/files_to_send/FILE0
1668203642.028254 -- INFO: Throughput @18.1s:945.18Mbps, rtt :0.79ms cwnd: 74.0 lossRate: 0.00034576865607132713 CC:1 score:-923.0 
1668203643.029462 -- INFO: Throughput @19.1s:931.14Mbps, rtt :1.2ms cwnd: 80.0 lossRate: 0.0003206353512806916 CC:1 score:-910.0 
1668203643.178262 -- INFO: Gradient: 1.8333333333333144, Gredient Change: 0.001997095134350016, Theta: -1, Previous CC: 3, Choosen CC: 2
1668203643.178352 -- INFO: Changing concurrency to 1 ******
1668203643.179497 -- INFO: Process Status Bits from change concurrency are: 1 0 0 0 0 0 0 0 0 0 0 0 0 0 0 0 0 0 0 0 0 0 0 0 0 0 0 0 0 0 0 0
1668203643.180667 -- INFO: Active CC: 1
1668203644.029069 -- INFO: Throughput @20.1s:939.52Mbps, rtt :0.89ms cwnd: 78.0 lossRate: 0.00032119385284380095 CC:1 score:-918.0 
1668203645.030079 -- INFO: Throughput @21.1s:939.52Mbps, rtt :1.8ms cwnd: 122.0 lossRate: 0.00033295105619473935 CC:1 score:-918.0 
1668203646.030706 -- INFO: Throughput @22.1s:939.52Mbps, rtt :0.87ms cwnd: 81.0 lossRate: 0.0003333415639892343 CC:1 score:-918.0 
1668203646.381166 -- INFO: Changing concurrency to 1 ******
1668203646.382303 -- INFO: Process Status Bits from change concurrency are: 1 0 0 0 0 0 0 0 0 0 0 0 0 0 0 0 0 0 0 0 0 0 0 0 0 0 0 0 0 0 0 0
1668203646.383677 -- INFO: Active CC: 1
1668203647.032040 -- INFO: Throughput @23.1s:939.52Mbps, rtt :0.81ms cwnd: 75.0 lossRate: 0.000320666987333654 CC:1 score:-918.0 
1668203648.033434 -- INFO: Throughput @24.1s:914.36Mbps, rtt :1.61ms cwnd: 155.0 lossRate: 0.00027936507936507935 CC:1 score:-894.0 
1668203649.034830 -- INFO: Throughput @25.1s:939.52Mbps, rtt :0.89ms cwnd: 79.0 lossRate: 0.0003207263217625145 CC:1 score:-918.0 
1668203649.584083 -- INFO: Gradient: 4.0, Gredient Change: 0.004357298474945534, Theta: -2, Previous CC: 2, Choosen CC: 2
1668203649.584151 -- INFO: Changing concurrency to 1 ******
1668203649.585312 -- INFO: Process Status Bits from change concurrency are: 1 0 0 0 0 0 0 0 0 0 0 0 0 0 0 0 0 0 0 0 0 0 0 0 0 0 0 0 0 0 0 0
1668203649.586401 -- INFO: Active CC: 1
1668203649.599761 -- INFO: Process 0 finished on working on file 2 
1668203649.600052 -- INFO: Process 0 get item 3 from queue and executing
1668203649.600253 -- INFO: starting 0, 3, /home/jamilm/Documents/files_to_send/FILE3
1668203650.036095 -- INFO: Throughput @26.1s:936.79Mbps, rtt :0.83ms cwnd: 72.0 lossRate: 0.0003454487132035433 CC:1 score:-915.0 
1668203651.036025 -- INFO: Throughput @27.1s:939.52Mbps, rtt :0.88ms cwnd: 79.0 lossRate: 0.0003210074695968887 CC:1 score:-918.0 
1668203652.037524 -- INFO: Throughput @28.1s:939.52Mbps, rtt :2.5ms cwnd: 226.0 lossRate: 0.0003078476523538032 CC:1 score:-918.0 
1668203652.786803 -- INFO: Changing concurrency to 1 ******
1668203652.788283 -- INFO: Process Status Bits from change concurrency are: 1 0 0 0 0 0 0 0 0 0 0 0 0 0 0 0 0 0 0 0 0 0 0 0 0 0 0 0 0 0 0 0
1668203652.789504 -- INFO: Active CC: 1
1668203653.038352 -- INFO: Throughput @29.1s:939.52Mbps, rtt :0.8ms cwnd: 74.0 lossRate: 0.00035830337175828114 CC:1 score:-918.0 
1668203654.039359 -- INFO: Throughput @30.1s:931.14Mbps, rtt :0.88ms cwnd: 78.0 lossRate: 0.00032076589024871696 CC:1 score:-910.0 
1668203655.041141 -- INFO: Throughput @31.1s:939.52Mbps, rtt :1.7ms cwnd: 143.0 lossRate: 0.0002833559196747567 CC:1 score:-918.0 
1668203655.989955 -- INFO: Gradient: 0.8333333333333144, Gredient Change: 0.0009087604507451629, Theta: -3, Previous CC: 2, Choosen CC: 2
1668203655.990020 -- INFO: Changing concurrency to 1 ******
1668203655.991563 -- INFO: Process Status Bits from change concurrency are: 1 0 0 0 0 0 0 0 0 0 0 0 0 0 0 0 0 0 0 0 0 0 0 0 0 0 0 0 0 0 0 0
1668203655.992686 -- INFO: Active CC: 1
1668203656.041411 -- INFO: Throughput @32.1s:939.52Mbps, rtt :0.78ms cwnd: 73.0 lossRate: 0.0003335515831346437 CC:1 score:-918.0 
1668203657.042562 -- INFO: Throughput @33.1s:939.52Mbps, rtt :0.9ms cwnd: 75.0 lossRate: 0.000320666987333654 CC:1 score:-918.0 
1668203658.043214 -- INFO: Throughput @34.1s:939.52Mbps, rtt :1.36ms cwnd: 151.0 lossRate: 0.00030833744449926 CC:1 score:-918.0 
1668203658.129966 -- INFO: Process 0 finished on working on file 3 
1668203658.130142 -- INFO: Process 0 get item 4 from queue and executing
1668203658.130292 -- INFO: starting 0, 4, /home/jamilm/Documents/files_to_send/FILE2
1668203659.044321 -- INFO: Throughput @35.1s:936.79Mbps, rtt :1.62ms cwnd: 148.0 lossRate: 0.0003206709422792304 CC:1 score:-915.0 
1668203659.193052 -- INFO: Changing concurrency to 1 ******
1668203659.194010 -- INFO: Process Status Bits from change concurrency are: 1 0 0 0 0 0 0 0 0 0 0 0 0 0 0 0 0 0 0 0 0 0 0 0 0 0 0 0 0 0 0 0
1668203659.195590 -- INFO: Active CC: 1
1668203660.045789 -- INFO: Throughput @36.1s:939.52Mbps, rtt :0.78ms cwnd: 73.0 lossRate: 0.00034569181574626223 CC:1 score:-918.0 
1668203661.046463 -- INFO: Throughput @37.1s:939.52Mbps, rtt :1.62ms cwnd: 161.0 lossRate: 0.00032049701691238105 CC:1 score:-918.0 
1668203662.047611 -- INFO: Throughput @38.1s:939.52Mbps, rtt :0.88ms cwnd: 82.0 lossRate: 0.00032089257503949446 CC:1 score:-918.0 
1668203662.396073 -- INFO: Gradient: -0.5, Gredient Change: 0.0005452562704471102, Theta: 1, Previous CC: 2, Choosen CC: 3
1668203662.396161 -- INFO: Changing concurrency to 1 ******
1668203662.397534 -- INFO: Process Status Bits from change concurrency are: 1 0 0 0 0 0 0 0 0 0 0 0 0 0 0 0 0 0 0 0 0 0 0 0 0 0 0 0 0 0 0 0
1668203662.399113 -- INFO: Active CC: 1
1668203663.048563 -- INFO: Throughput @39.1s:939.52Mbps, rtt :0.84ms cwnd: 75.0 lossRate: 0.0003208490158573456 CC:1 score:-918.0 
1668203664.050042 -- INFO: Throughput @40.1s:939.52Mbps, rtt :0.9ms cwnd: 81.0 lossRate: 0.00032076984763432237 CC:1 score:-918.0 
1668203665.050838 -- INFO: Throughput @41.1s:939.52Mbps, rtt :1.58ms cwnd: 148.0 lossRate: 0.0002960075975283366 CC:1 score:-918.0 
1668203665.599561 -- INFO: Changing concurrency to 1 ******
1668203665.601105 -- INFO: Process Status Bits from change concurrency are: 1 0 0 0 0 0 0 0 0 0 0 0 0 0 0 0 0 0 0 0 0 0 0 0 0 0 0 0 0 0 0 0
1668203665.602066 -- INFO: Active CC: 1
1668203666.051224 -- INFO: Throughput @42.1s:939.52Mbps, rtt :1.62ms cwnd: 154.0 lossRate: 0.00033299622604277153 CC:1 score:-918.0 
1668203666.661175 -- INFO: Process 0 finished on working on file 4 
1668203666.661545 -- INFO: Process 0 get item 5 from queue and executing
1668203666.661634 -- INFO: starting 0, 5, /home/jamilm/Documents/files_to_send/FILE1
1668203667.052671 -- INFO: Throughput @43.1s:936.79Mbps, rtt :0.78ms cwnd: 73.0 lossRate: 0.00032083713813272784 CC:1 score:-915.0 
1668203668.053375 -- INFO: Throughput @44.1s:939.52Mbps, rtt :0.77ms cwnd: 71.0 lossRate: 0.0003332428229369801 CC:1 score:-918.0 
1668203668.802469 -- INFO: Gradient: 0.5, Gredient Change: 0.0005446623093681918, Theta: -1, Previous CC: 3, Choosen CC: 2
1668203668.802539 -- INFO: Changing concurrency to 1 ******
1668203668.804021 -- INFO: Process Status Bits from change concurrency are: 1 0 0 0 0 0 0 0 0 0 0 0 0 0 0 0 0 0 0 0 0 0 0 0 0 0 0 0 0 0 0 0
1668203668.805313 -- INFO: Active CC: 1
1668203669.054432 -- INFO: Throughput @45.1s:939.52Mbps, rtt :0.85ms cwnd: 72.0 lossRate: 0.00034543592780389106 CC:1 score:-918.0 
1668203670.055402 -- INFO: Throughput @46.1s:939.52Mbps, rtt :0.85ms cwnd: 89.0 lossRate: 0.00030833744449926 CC:1 score:-918.0 
1668203671.057292 -- INFO: Throughput @47.1s:931.14Mbps, rtt :0.79ms cwnd: 74.0 lossRate: 0.00034521446448606196 CC:1 score:-910.0 
1668203672.005849 -- INFO: Changing concurrency to 1 ******
1668203672.007333 -- INFO: Process Status Bits from change concurrency are: 1 0 0 0 0 0 0 0 0 0 0 0 0 0 0 0 0 0 0 0 0 0 0 0 0 0 0 0 0 0 0 0
1668203672.008279 -- INFO: Active CC: 1
1668203672.057051 -- INFO: Throughput @48.1s:939.52Mbps, rtt :0.81ms cwnd: 72.0 lossRate: 0.00032111054848151763 CC:1 score:-918.0 
1668203673.058233 -- INFO: Throughput @49.1s:939.52Mbps, rtt :1.65ms cwnd: 160.0 lossRate: 0.00032049701691238105 CC:1 score:-918.0 
1668203674.059240 -- INFO: Throughput @50.1s:939.52Mbps, rtt :1.42ms cwnd: 155.0 lossRate: 0.00033299622604277153 CC:1 score:-918.0 
1668203675.060441 -- INFO: Throughput @51.1s:939.52Mbps, rtt :0.89ms cwnd: 79.0 lossRate: 0.00034569181574626223 CC:1 score:-918.0 
1668203675.192162 -- INFO: Process 0 finished on working on file 5 
1668203675.192439 -- INFO: Process 0 get item 6 from queue and executing
1668203675.192499 -- INFO: starting 0, 6, /home/jamilm/Documents/files_to_send/FILE0
1668203675.208800 -- INFO: Gradient: -1.3333333333333144, Gredient Change: 0.0014566642388929144, Theta: 1, Previous CC: 2, Choosen CC: 3
1668203675.208897 -- INFO: Changing concurrency to 1 ******
1668203675.209976 -- INFO: Process Status Bits from change concurrency are: 1 0 0 0 0 0 0 0 0 0 0 0 0 0 0 0 0 0 0 0 0 0 0 0 0 0 0 0 0 0 0 0
1668203675.211447 -- INFO: Active CC: 1
1668203676.061194 -- INFO: Throughput @52.1s:936.79Mbps, rtt :1.64ms cwnd: 158.0 lossRate: 0.00032050096766638315 CC:1 score:-915.0 
1668203677.062380 -- INFO: Throughput @53.1s:939.52Mbps, rtt :1.53ms cwnd: 147.0 lossRate: 0.0003453251606378649 CC:1 score:-918.0 
1668203678.063879 -- INFO: Throughput @54.1s:939.52Mbps, rtt :1.55ms cwnd: 175.0 lossRate: 0.00033299622604277153 CC:1 score:-918.0 
1668203678.411965 -- INFO: Changing concurrency to 1 ******
1668203678.413367 -- INFO: Process Status Bits from change concurrency are: 1 0 0 0 0 0 0 0 0 0 0 0 0 0 0 0 0 0 0 0 0 0 0 0 0 0 0 0 0 0 0 0
1668203678.414909 -- INFO: Active CC: 1
1668203679.064272 -- INFO: Throughput @55.1s:939.52Mbps, rtt :0.84ms cwnd: 71.0 lossRate: 0.00035841407949377104 CC:1 score:-918.0 
1668203680.065580 -- INFO: Throughput @56.1s:939.52Mbps, rtt :1.71ms cwnd: 160.0 lossRate: 0.0003203272265822317 CC:1 score:-918.0 
1668203681.066120 -- INFO: Throughput @57.1s:939.52Mbps, rtt :1.58ms cwnd: 158.0 lossRate: 0.00034550839091806513 CC:1 score:-918.0 
1668203681.615330 -- INFO: Gradient: -0.5, Gredient Change: 0.0005452562704471102, Theta: 2, Previous CC: 3, Choosen CC: 5
1668203681.615419 -- INFO: Changing concurrency to 1 ******
1668203681.616383 -- INFO: Process Status Bits from change concurrency are: 1 0 0 0 0 0 0 0 0 0 0 0 0 0 0 0 0 0 0 0 0 0 0 0 0 0 0 0 0 0 0 0
1668203681.617648 -- INFO: Active CC: 1
1668203682.067941 -- INFO: Throughput @58.1s:939.52Mbps, rtt :0.91ms cwnd: 80.0 lossRate: 0.0003207263217625145 CC:1 score:-918.0 
1668203683.067806 -- INFO: Throughput @59.1s:939.52Mbps, rtt :1.56ms cwnd: 147.0 lossRate: 0.0003209480311072707 CC:1 score:-918.0 
1668203683.723384 -- INFO: Process 0 finished on working on file 6 
1668203683.723795 -- INFO: Process 0 get item 7 from queue and executing
1668203683.724133 -- INFO: starting 0, 7, /home/jamilm/Documents/files_to_send/FILE3
1668203684.069192 -- INFO: Throughput @60.1s:936.79Mbps, rtt :0.8ms cwnd: 76.0 lossRate: 0.0002961683223298575 CC:1 score:-916.0 
1668203684.818093 -- INFO: Changing concurrency to 1 ******
1668203684.819517 -- INFO: Process Status Bits from change concurrency are: 1 0 0 0 0 0 0 0 0 0 0 0 0 0 0 0 0 0 0 0 0 0 0 0 0 0 0 0 0 0 0 0
1668203684.821560 -- INFO: Active CC: 1
1668203685.069937 -- INFO: Throughput @61.1s:939.52Mbps, rtt :1.61ms cwnd: 154.0 lossRate: 0.000320666987333654 CC:1 score:-918.0 
1668203686.071282 -- INFO: Throughput @62.1s:939.52Mbps, rtt :1.89ms cwnd: 176.0 lossRate: 0.00030817400737152226 CC:1 score:-918.0 
1668203687.072900 -- INFO: Throughput @63.1s:931.14Mbps, rtt :0.88ms cwnd: 78.0 lossRate: 0.00034569181574626223 CC:1 score:-910.0 
1668203688.022032 -- INFO: Gradient: 1.0, Gredient Change: 0.0010901162790697674, Theta: -1, Previous CC: 5, Choosen CC: 4
1668203688.022113 -- INFO: Changing concurrency to 1 ******
1668203688.023057 -- INFO: Process Status Bits from change concurrency are: 1 0 0 0 0 0 0 0 0 0 0 0 0 0 0 0 0 0 0 0 0 0 0 0 0 0 0 0 0 0 0 0
1668203688.024254 -- INFO: Active CC: 1
1668203688.073525 -- INFO: Throughput @64.1s:939.52Mbps, rtt :1.34ms cwnd: 92.0 lossRate: 0.0003206551230822357 CC:1 score:-918.0 
1668203689.074775 -- INFO: Throughput @65.1s:939.52Mbps, rtt :0.86ms cwnd: 78.0 lossRate: 0.00032091237857786444 CC:1 score:-918.0 
1668203690.075240 -- INFO: Throughput @66.1s:939.52Mbps, rtt :1.61ms cwnd: 159.0 lossRate: 0.0003206037214693515 CC:1 score:-918.0 
1668203691.076246 -- INFO: Throughput @67.1s:939.52Mbps, rtt :0.89ms cwnd: 105.0 lossRate: 0.00033317291674379005 CC:1 score:-918.0 
1668203691.224741 -- INFO: Changing concurrency to 1 ******
1668203691.226036 -- INFO: Process Status Bits from change concurrency are: 1 0 0 0 0 0 0 0 0 0 0 0 0 0 0 0 0 0 0 0 0 0 0 0 0 0 0 0 0 0 0 0
1668203691.227768 -- INFO: Active CC: 1
1668203692.077000 -- INFO: Throughput @68.1s:939.52Mbps, rtt :0.86ms cwnd: 79.0 lossRate: 0.00032089257503949446 CC:1 score:-918.0 
1668203692.254546 -- INFO: Process 0 finished on working on file 7 
1668203692.254865 -- INFO: Process 0 get item 8 from queue and executing
1668203692.254952 -- INFO: starting 0, 8, /home/jamilm/Documents/files_to_send/FILE2
1668203693.078534 -- INFO: Throughput @69.1s:936.79Mbps, rtt :1.6ms cwnd: 148.0 lossRate: 0.00033276229679931967 CC:1 score:-915.0 
1668203694.079121 -- INFO: Throughput @70.1s:939.52Mbps, rtt :0.93ms cwnd: 80.0 lossRate: 0.000345747308110244 CC:1 score:-918.0 
1668203694.428173 -- INFO: Gradient: 0.5, Gredient Change: 0.0005446623093681918, Theta: -2, Previous CC: 4, Choosen CC: 2
1668203694.428243 -- INFO: Changing concurrency to 1 ******
1668203694.429912 -- INFO: Process Status Bits from change concurrency are: 1 0 0 0 0 0 0 0 0 0 0 0 0 0 0 0 0 0 0 0 0 0 0 0 0 0 0 0 0 0 0 0
1668203694.431195 -- INFO: Active CC: 1
1668203695.080231 -- INFO: Throughput @71.1s:939.52Mbps, rtt :1.68ms cwnd: 159.0 lossRate: 0.0003081246302504437 CC:1 score:-918.0 
1668203696.081492 -- INFO: Throughput @72.1s:939.52Mbps, rtt :1.65ms cwnd: 155.0 lossRate: 0.0003453251606378649 CC:1 score:-918.0 
1668203697.082558 -- INFO: Throughput @73.1s:939.52Mbps, rtt :0.82ms cwnd: 75.0 lossRate: 0.0003210074695968887 CC:1 score:-918.0 
1668203697.631704 -- INFO: Changing concurrency to 1 ******
1668203697.632669 -- INFO: Process Status Bits from change concurrency are: 1 0 0 0 0 0 0 0 0 0 0 0 0 0 0 0 0 0 0 0 0 0 0 0 0 0 0 0 0 0 0 0
1668203697.633986 -- INFO: Active CC: 1
1668203698.083142 -- INFO: Throughput @74.1s:939.52Mbps, rtt :1.6ms cwnd: 155.0 lossRate: 0.000320666987333654 CC:1 score:-918.0 
1668203699.084851 -- INFO: Throughput @75.1s:939.52Mbps, rtt :1.56ms cwnd: 146.0 lossRate: 0.00032049701691238105 CC:1 score:-918.0 
1668203700.086303 -- INFO: Throughput @76.1s:931.14Mbps, rtt :1.65ms cwnd: 154.0 lossRate: 0.000320666987333654 CC:1 score:-910.0 
1668203700.785382 -- INFO: Process 0 finished on working on file 8 
1668203700.785954 -- INFO: Process 0 get item 9 from queue and executing
1668203700.786135 -- INFO: starting 0, 9, /home/jamilm/Documents/files_to_send/FILE1
1668203700.834466 -- INFO: Gradient: 1.3333333333333144, Gredient Change: 0.001452432824981824, Theta: -3, Previous CC: 2, Choosen CC: 2
1668203700.834525 -- INFO: Changing concurrency to 1 ******
1668203700.835431 -- INFO: Process Status Bits from change concurrency are: 1 0 0 0 0 0 0 0 0 0 0 0 0 0 0 0 0 0 0 0 0 0 0 0 0 0 0 0 0 0 0 0
1668203700.836402 -- INFO: Active CC: 1
1668203701.086406 -- INFO: Throughput @77.1s:945.18Mbps, rtt :0.9ms cwnd: 80.0 lossRate: 0.0003212454438747143 CC:1 score:-924.0 
